[2026-05-03T00:27:08.378+0000] {taskinstance.py:1979} INFO - Dependencies all met for dep_context=non-requeueable deps ti=<TaskInstance: marketing_pipeline.dbt_run_marts scheduled__2026-05-02T00:00:00+00:00 [queued]>
[2026-05-03T00:27:08.382+0000] {taskinstance.py:1979} INFO - Dependencies all met for dep_context=requeueable deps ti=<TaskInstance: marketing_pipeline.dbt_run_marts scheduled__2026-05-02T00:00:00+00:00 [queued]>
[2026-05-03T00:27:08.382+0000] {taskinstance.py:2193} INFO - Starting attempt 1 of 2
[2026-05-03T00:27:08.389+0000] {taskinstance.py:2217} INFO - Executing <Task(BashOperator): dbt_run_marts> on 2026-05-02 00:00:00+00:00
[2026-05-03T00:27:08.395+0000] {standard_task_runner.py:60} INFO - Started process 790 to run task
[2026-05-03T00:27:08.398+0000] {standard_task_runner.py:87} INFO - Running: ['***', 'tasks', 'run', 'marketing_pipeline', 'dbt_run_marts', 'scheduled__2026-05-02T00:00:00+00:00', '--job-id', '18', '--raw', '--subdir', 'DAGS_FOLDER/marketing_pipeline.py', '--cfg-path', '/tmp/tmpi7kzvx3m']
[2026-05-03T00:27:08.402+0000] {standard_task_runner.py:88} INFO - Job 18: Subtask dbt_run_marts
[2026-05-03T00:27:08.432+0000] {task_command.py:423} INFO - Running <TaskInstance: marketing_pipeline.dbt_run_marts scheduled__2026-05-02T00:00:00+00:00 [running]> on host ***-worker
[2026-05-03T00:27:08.479+0000] {taskinstance.py:2513} INFO - Exporting env vars: AIRFLOW_CTX_DAG_OWNER='ujwala' AIRFLOW_CTX_DAG_ID='marketing_pipeline' AIRFLOW_CTX_TASK_ID='dbt_run_marts' AIRFLOW_CTX_EXECUTION_DATE='2026-05-02T00:00:00+00:00' AIRFLOW_CTX_TRY_NUMBER='1' AIRFLOW_CTX_DAG_RUN_ID='scheduled__2026-05-02T00:00:00+00:00'
[2026-05-03T00:27:08.482+0000] {subprocess.py:63} INFO - Tmp dir root location: /tmp
[2026-05-03T00:27:08.483+0000] {subprocess.py:75} INFO - Running command: ['/usr/bin/bash', '-c', 'cd /opt/***/marketing_dbt && /home/***/.local/bin/dbt run --select marts']
[2026-05-03T00:27:08.491+0000] {subprocess.py:86} INFO - Output:
[2026-05-03T00:27:09.599+0000] {subprocess.py:93} INFO - [0m00:27:09  Running with dbt=1.8.7
[2026-05-03T00:27:10.253+0000] {subprocess.py:93} INFO - [0m00:27:10  Registered adapter: snowflake=1.8.4
[2026-05-03T00:27:10.556+0000] {subprocess.py:93} INFO - [0m00:27:10  Found 7 models, 16 data tests, 6 sources, 455 macros
[2026-05-03T00:27:10.558+0000] {subprocess.py:93} INFO - [0m00:27:10
[2026-05-03T00:27:12.695+0000] {subprocess.py:93} INFO - [0m00:27:12  Concurrency: 4 threads (target='dev')
[2026-05-03T00:27:12.697+0000] {subprocess.py:93} INFO - [0m00:27:12
[2026-05-03T00:27:12.709+0000] {subprocess.py:93} INFO - [0m00:27:12  1 of 1 START sql table model MARTS.mart_channel_performance .................... [RUN]
[2026-05-03T00:27:17.671+0000] {subprocess.py:93} INFO - [0m00:27:17  1 of 1 OK created sql table model MARTS.mart_channel_performance ............... [[32mSUCCESS 1[0m in 4.96s]
[2026-05-03T00:27:17.679+0000] {subprocess.py:93} INFO - [0m00:27:17
[2026-05-03T00:27:17.680+0000] {subprocess.py:93} INFO - [0m00:27:17  Finished running 1 table model in 0 hours 0 minutes and 7.12 seconds (7.12s).
[2026-05-03T00:27:17.721+0000] {subprocess.py:93} INFO - [0m00:27:17
[2026-05-03T00:27:17.721+0000] {subprocess.py:93} INFO - [0m00:27:17  [32mCompleted successfully[0m
[2026-05-03T00:27:17.722+0000] {subprocess.py:93} INFO - [0m00:27:17
[2026-05-03T00:27:17.722+0000] {subprocess.py:93} INFO - [0m00:27:17  Done. PASS=1 WARN=0 ERROR=0 SKIP=0 TOTAL=1
[2026-05-03T00:27:18.282+0000] {subprocess.py:97} INFO - Command exited with return code 0
[2026-05-03T00:27:18.301+0000] {taskinstance.py:1149} INFO - Marking task as SUCCESS. dag_id=marketing_pipeline, task_id=dbt_run_marts, execution_date=20260502T000000, start_date=20260503T002708, end_date=20260503T002718
[2026-05-03T00:27:18.337+0000] {local_task_job_runner.py:234} INFO - Task exited with return code 0
[2026-05-03T00:27:18.353+0000] {taskinstance.py:3312} INFO - 0 downstream tasks scheduled from follow-on schedule check
