[2026-05-02T21:25:47.886+0000] {processor.py:161} INFO - Started process (PID=127) to work on /home/airflow/.local/lib/python3.12/site-packages/airflow/example_dags/example_bash_decorator.py
[2026-05-02T21:25:47.891+0000] {processor.py:830} INFO - Processing file /home/airflow/.local/lib/python3.12/site-packages/airflow/example_dags/example_bash_decorator.py for tasks to queue
[2026-05-02T21:25:47.895+0000] {logging_mixin.py:188} INFO - [2026-05-02T21:25:47.895+0000] {dagbag.py:545} INFO - Filling up the DagBag from /home/airflow/.local/lib/python3.12/site-packages/airflow/example_dags/example_bash_decorator.py
[2026-05-02T21:25:47.906+0000] {processor.py:840} INFO - DAG(s) 'example_bash_decorator' retrieved from /home/airflow/.local/lib/python3.12/site-packages/airflow/example_dags/example_bash_decorator.py
[2026-05-02T21:25:48.012+0000] {logging_mixin.py:188} INFO - [2026-05-02T21:25:48.011+0000] {dag.py:3089} INFO - Sync 1 DAGs
[2026-05-02T21:25:48.023+0000] {logging_mixin.py:188} INFO - [2026-05-02T21:25:48.023+0000] {dag.py:3947} INFO - Setting next_dagrun for example_bash_decorator to None, run_after=None
[2026-05-02T21:25:48.044+0000] {processor.py:183} INFO - Processing /home/airflow/.local/lib/python3.12/site-packages/airflow/example_dags/example_bash_decorator.py took 0.163 seconds
[2026-05-02T21:26:18.444+0000] {processor.py:161} INFO - Started process (PID=186) to work on /home/airflow/.local/lib/python3.12/site-packages/airflow/example_dags/example_bash_decorator.py
[2026-05-02T21:26:18.445+0000] {processor.py:830} INFO - Processing file /home/airflow/.local/lib/python3.12/site-packages/airflow/example_dags/example_bash_decorator.py for tasks to queue
[2026-05-02T21:26:18.447+0000] {logging_mixin.py:188} INFO - [2026-05-02T21:26:18.447+0000] {dagbag.py:545} INFO - Filling up the DagBag from /home/airflow/.local/lib/python3.12/site-packages/airflow/example_dags/example_bash_decorator.py
[2026-05-02T21:26:18.457+0000] {processor.py:840} INFO - DAG(s) 'example_bash_decorator' retrieved from /home/airflow/.local/lib/python3.12/site-packages/airflow/example_dags/example_bash_decorator.py
[2026-05-02T21:26:18.475+0000] {logging_mixin.py:188} INFO - [2026-05-02T21:26:18.475+0000] {dag.py:3089} INFO - Sync 1 DAGs
[2026-05-02T21:26:18.485+0000] {logging_mixin.py:188} INFO - [2026-05-02T21:26:18.485+0000] {dag.py:3947} INFO - Setting next_dagrun for example_bash_decorator to None, run_after=None
[2026-05-02T21:26:18.497+0000] {processor.py:183} INFO - Processing /home/airflow/.local/lib/python3.12/site-packages/airflow/example_dags/example_bash_decorator.py took 0.060 seconds
[2026-05-02T21:26:49.053+0000] {processor.py:161} INFO - Started process (PID=244) to work on /home/airflow/.local/lib/python3.12/site-packages/airflow/example_dags/example_bash_decorator.py
[2026-05-02T21:26:49.054+0000] {processor.py:830} INFO - Processing file /home/airflow/.local/lib/python3.12/site-packages/airflow/example_dags/example_bash_decorator.py for tasks to queue
[2026-05-02T21:26:49.056+0000] {logging_mixin.py:188} INFO - [2026-05-02T21:26:49.056+0000] {dagbag.py:545} INFO - Filling up the DagBag from /home/airflow/.local/lib/python3.12/site-packages/airflow/example_dags/example_bash_decorator.py
[2026-05-02T21:26:49.068+0000] {processor.py:840} INFO - DAG(s) 'example_bash_decorator' retrieved from /home/airflow/.local/lib/python3.12/site-packages/airflow/example_dags/example_bash_decorator.py
[2026-05-02T21:26:49.101+0000] {logging_mixin.py:188} INFO - [2026-05-02T21:26:49.101+0000] {dag.py:3089} INFO - Sync 1 DAGs
[2026-05-02T21:26:49.116+0000] {logging_mixin.py:188} INFO - [2026-05-02T21:26:49.116+0000] {dag.py:3947} INFO - Setting next_dagrun for example_bash_decorator to None, run_after=None
[2026-05-02T21:26:49.138+0000] {processor.py:183} INFO - Processing /home/airflow/.local/lib/python3.12/site-packages/airflow/example_dags/example_bash_decorator.py took 0.091 seconds
[2026-05-02T21:27:20.056+0000] {processor.py:161} INFO - Started process (PID=303) to work on /home/airflow/.local/lib/python3.12/site-packages/airflow/example_dags/example_bash_decorator.py
[2026-05-02T21:27:20.063+0000] {processor.py:830} INFO - Processing file /home/airflow/.local/lib/python3.12/site-packages/airflow/example_dags/example_bash_decorator.py for tasks to queue
[2026-05-02T21:27:20.065+0000] {logging_mixin.py:188} INFO - [2026-05-02T21:27:20.064+0000] {dagbag.py:545} INFO - Filling up the DagBag from /home/airflow/.local/lib/python3.12/site-packages/airflow/example_dags/example_bash_decorator.py
[2026-05-02T21:27:20.097+0000] {processor.py:840} INFO - DAG(s) 'example_bash_decorator' retrieved from /home/airflow/.local/lib/python3.12/site-packages/airflow/example_dags/example_bash_decorator.py
[2026-05-02T21:27:20.121+0000] {logging_mixin.py:188} INFO - [2026-05-02T21:27:20.120+0000] {dag.py:3089} INFO - Sync 1 DAGs
[2026-05-02T21:27:20.138+0000] {logging_mixin.py:188} INFO - [2026-05-02T21:27:20.138+0000] {dag.py:3947} INFO - Setting next_dagrun for example_bash_decorator to None, run_after=None
[2026-05-02T21:27:20.157+0000] {processor.py:183} INFO - Processing /home/airflow/.local/lib/python3.12/site-packages/airflow/example_dags/example_bash_decorator.py took 0.112 seconds
[2026-05-02T21:27:51.123+0000] {processor.py:161} INFO - Started process (PID=362) to work on /home/airflow/.local/lib/python3.12/site-packages/airflow/example_dags/example_bash_decorator.py
[2026-05-02T21:27:51.124+0000] {processor.py:830} INFO - Processing file /home/airflow/.local/lib/python3.12/site-packages/airflow/example_dags/example_bash_decorator.py for tasks to queue
[2026-05-02T21:27:51.127+0000] {logging_mixin.py:188} INFO - [2026-05-02T21:27:51.126+0000] {dagbag.py:545} INFO - Filling up the DagBag from /home/airflow/.local/lib/python3.12/site-packages/airflow/example_dags/example_bash_decorator.py
[2026-05-02T21:27:51.138+0000] {processor.py:840} INFO - DAG(s) 'example_bash_decorator' retrieved from /home/airflow/.local/lib/python3.12/site-packages/airflow/example_dags/example_bash_decorator.py
[2026-05-02T21:27:51.161+0000] {logging_mixin.py:188} INFO - [2026-05-02T21:27:51.161+0000] {dag.py:3089} INFO - Sync 1 DAGs
[2026-05-02T21:27:51.178+0000] {logging_mixin.py:188} INFO - [2026-05-02T21:27:51.178+0000] {dag.py:3947} INFO - Setting next_dagrun for example_bash_decorator to None, run_after=None
[2026-05-02T21:27:51.199+0000] {processor.py:183} INFO - Processing /home/airflow/.local/lib/python3.12/site-packages/airflow/example_dags/example_bash_decorator.py took 0.081 seconds
[2026-05-02T21:28:21.654+0000] {processor.py:161} INFO - Started process (PID=421) to work on /home/airflow/.local/lib/python3.12/site-packages/airflow/example_dags/example_bash_decorator.py
[2026-05-02T21:28:21.657+0000] {processor.py:830} INFO - Processing file /home/airflow/.local/lib/python3.12/site-packages/airflow/example_dags/example_bash_decorator.py for tasks to queue
[2026-05-02T21:28:21.662+0000] {logging_mixin.py:188} INFO - [2026-05-02T21:28:21.662+0000] {dagbag.py:545} INFO - Filling up the DagBag from /home/airflow/.local/lib/python3.12/site-packages/airflow/example_dags/example_bash_decorator.py
[2026-05-02T21:28:21.674+0000] {processor.py:840} INFO - DAG(s) 'example_bash_decorator' retrieved from /home/airflow/.local/lib/python3.12/site-packages/airflow/example_dags/example_bash_decorator.py
[2026-05-02T21:28:21.694+0000] {logging_mixin.py:188} INFO - [2026-05-02T21:28:21.694+0000] {dag.py:3089} INFO - Sync 1 DAGs
[2026-05-02T21:28:21.711+0000] {logging_mixin.py:188} INFO - [2026-05-02T21:28:21.711+0000] {dag.py:3947} INFO - Setting next_dagrun for example_bash_decorator to None, run_after=None
[2026-05-02T21:28:21.729+0000] {processor.py:183} INFO - Processing /home/airflow/.local/lib/python3.12/site-packages/airflow/example_dags/example_bash_decorator.py took 0.080 seconds
[2026-05-02T21:28:52.197+0000] {processor.py:161} INFO - Started process (PID=480) to work on /home/airflow/.local/lib/python3.12/site-packages/airflow/example_dags/example_bash_decorator.py
[2026-05-02T21:28:52.200+0000] {processor.py:830} INFO - Processing file /home/airflow/.local/lib/python3.12/site-packages/airflow/example_dags/example_bash_decorator.py for tasks to queue
[2026-05-02T21:28:52.202+0000] {logging_mixin.py:188} INFO - [2026-05-02T21:28:52.201+0000] {dagbag.py:545} INFO - Filling up the DagBag from /home/airflow/.local/lib/python3.12/site-packages/airflow/example_dags/example_bash_decorator.py
[2026-05-02T21:28:52.210+0000] {processor.py:840} INFO - DAG(s) 'example_bash_decorator' retrieved from /home/airflow/.local/lib/python3.12/site-packages/airflow/example_dags/example_bash_decorator.py
[2026-05-02T21:28:52.226+0000] {logging_mixin.py:188} INFO - [2026-05-02T21:28:52.226+0000] {dag.py:3089} INFO - Sync 1 DAGs
[2026-05-02T21:28:52.234+0000] {logging_mixin.py:188} INFO - [2026-05-02T21:28:52.234+0000] {dag.py:3947} INFO - Setting next_dagrun for example_bash_decorator to None, run_after=None
[2026-05-02T21:28:52.245+0000] {processor.py:183} INFO - Processing /home/airflow/.local/lib/python3.12/site-packages/airflow/example_dags/example_bash_decorator.py took 0.052 seconds
[2026-05-02T21:29:23.441+0000] {processor.py:161} INFO - Started process (PID=539) to work on /home/airflow/.local/lib/python3.12/site-packages/airflow/example_dags/example_bash_decorator.py
[2026-05-02T21:29:23.442+0000] {processor.py:830} INFO - Processing file /home/airflow/.local/lib/python3.12/site-packages/airflow/example_dags/example_bash_decorator.py for tasks to queue
[2026-05-02T21:29:23.444+0000] {logging_mixin.py:188} INFO - [2026-05-02T21:29:23.443+0000] {dagbag.py:545} INFO - Filling up the DagBag from /home/airflow/.local/lib/python3.12/site-packages/airflow/example_dags/example_bash_decorator.py
[2026-05-02T21:29:23.453+0000] {processor.py:840} INFO - DAG(s) 'example_bash_decorator' retrieved from /home/airflow/.local/lib/python3.12/site-packages/airflow/example_dags/example_bash_decorator.py
[2026-05-02T21:29:23.479+0000] {logging_mixin.py:188} INFO - [2026-05-02T21:29:23.479+0000] {dag.py:3089} INFO - Sync 1 DAGs
[2026-05-02T21:29:23.496+0000] {logging_mixin.py:188} INFO - [2026-05-02T21:29:23.496+0000] {dag.py:3947} INFO - Setting next_dagrun for example_bash_decorator to None, run_after=None
[2026-05-02T21:29:23.524+0000] {processor.py:183} INFO - Processing /home/airflow/.local/lib/python3.12/site-packages/airflow/example_dags/example_bash_decorator.py took 0.088 seconds
[2026-05-02T21:29:54.054+0000] {processor.py:161} INFO - Started process (PID=598) to work on /home/airflow/.local/lib/python3.12/site-packages/airflow/example_dags/example_bash_decorator.py
[2026-05-02T21:29:54.056+0000] {processor.py:830} INFO - Processing file /home/airflow/.local/lib/python3.12/site-packages/airflow/example_dags/example_bash_decorator.py for tasks to queue
[2026-05-02T21:29:54.061+0000] {logging_mixin.py:188} INFO - [2026-05-02T21:29:54.061+0000] {dagbag.py:545} INFO - Filling up the DagBag from /home/airflow/.local/lib/python3.12/site-packages/airflow/example_dags/example_bash_decorator.py
[2026-05-02T21:29:54.073+0000] {processor.py:840} INFO - DAG(s) 'example_bash_decorator' retrieved from /home/airflow/.local/lib/python3.12/site-packages/airflow/example_dags/example_bash_decorator.py
[2026-05-02T21:29:54.108+0000] {logging_mixin.py:188} INFO - [2026-05-02T21:29:54.107+0000] {dag.py:3089} INFO - Sync 1 DAGs
[2026-05-02T21:29:54.119+0000] {logging_mixin.py:188} INFO - [2026-05-02T21:29:54.118+0000] {dag.py:3947} INFO - Setting next_dagrun for example_bash_decorator to None, run_after=None
[2026-05-02T21:29:54.138+0000] {processor.py:183} INFO - Processing /home/airflow/.local/lib/python3.12/site-packages/airflow/example_dags/example_bash_decorator.py took 0.089 seconds
[2026-05-02T21:30:24.429+0000] {processor.py:161} INFO - Started process (PID=657) to work on /home/airflow/.local/lib/python3.12/site-packages/airflow/example_dags/example_bash_decorator.py
[2026-05-02T21:30:24.429+0000] {processor.py:830} INFO - Processing file /home/airflow/.local/lib/python3.12/site-packages/airflow/example_dags/example_bash_decorator.py for tasks to queue
[2026-05-02T21:30:24.431+0000] {logging_mixin.py:188} INFO - [2026-05-02T21:30:24.431+0000] {dagbag.py:545} INFO - Filling up the DagBag from /home/airflow/.local/lib/python3.12/site-packages/airflow/example_dags/example_bash_decorator.py
[2026-05-02T21:30:24.440+0000] {processor.py:840} INFO - DAG(s) 'example_bash_decorator' retrieved from /home/airflow/.local/lib/python3.12/site-packages/airflow/example_dags/example_bash_decorator.py
[2026-05-02T21:30:24.464+0000] {logging_mixin.py:188} INFO - [2026-05-02T21:30:24.464+0000] {dag.py:3089} INFO - Sync 1 DAGs
[2026-05-02T21:30:24.476+0000] {logging_mixin.py:188} INFO - [2026-05-02T21:30:24.476+0000] {dag.py:3947} INFO - Setting next_dagrun for example_bash_decorator to None, run_after=None
[2026-05-02T21:30:24.489+0000] {processor.py:183} INFO - Processing /home/airflow/.local/lib/python3.12/site-packages/airflow/example_dags/example_bash_decorator.py took 0.066 seconds
[2026-05-02T21:30:55.393+0000] {processor.py:161} INFO - Started process (PID=716) to work on /home/airflow/.local/lib/python3.12/site-packages/airflow/example_dags/example_bash_decorator.py
[2026-05-02T21:30:55.395+0000] {processor.py:830} INFO - Processing file /home/airflow/.local/lib/python3.12/site-packages/airflow/example_dags/example_bash_decorator.py for tasks to queue
[2026-05-02T21:30:55.397+0000] {logging_mixin.py:188} INFO - [2026-05-02T21:30:55.397+0000] {dagbag.py:545} INFO - Filling up the DagBag from /home/airflow/.local/lib/python3.12/site-packages/airflow/example_dags/example_bash_decorator.py
[2026-05-02T21:30:55.405+0000] {processor.py:840} INFO - DAG(s) 'example_bash_decorator' retrieved from /home/airflow/.local/lib/python3.12/site-packages/airflow/example_dags/example_bash_decorator.py
[2026-05-02T21:30:55.422+0000] {logging_mixin.py:188} INFO - [2026-05-02T21:30:55.422+0000] {dag.py:3089} INFO - Sync 1 DAGs
[2026-05-02T21:30:55.430+0000] {logging_mixin.py:188} INFO - [2026-05-02T21:30:55.430+0000] {dag.py:3947} INFO - Setting next_dagrun for example_bash_decorator to None, run_after=None
[2026-05-02T21:30:55.440+0000] {processor.py:183} INFO - Processing /home/airflow/.local/lib/python3.12/site-packages/airflow/example_dags/example_bash_decorator.py took 0.051 seconds
[2026-05-02T21:31:26.106+0000] {processor.py:161} INFO - Started process (PID=775) to work on /home/airflow/.local/lib/python3.12/site-packages/airflow/example_dags/example_bash_decorator.py
[2026-05-02T21:31:26.107+0000] {processor.py:830} INFO - Processing file /home/airflow/.local/lib/python3.12/site-packages/airflow/example_dags/example_bash_decorator.py for tasks to queue
[2026-05-02T21:31:26.108+0000] {logging_mixin.py:188} INFO - [2026-05-02T21:31:26.108+0000] {dagbag.py:545} INFO - Filling up the DagBag from /home/airflow/.local/lib/python3.12/site-packages/airflow/example_dags/example_bash_decorator.py
[2026-05-02T21:31:26.118+0000] {processor.py:840} INFO - DAG(s) 'example_bash_decorator' retrieved from /home/airflow/.local/lib/python3.12/site-packages/airflow/example_dags/example_bash_decorator.py
[2026-05-02T21:31:26.137+0000] {logging_mixin.py:188} INFO - [2026-05-02T21:31:26.136+0000] {dag.py:3089} INFO - Sync 1 DAGs
[2026-05-02T21:31:26.145+0000] {logging_mixin.py:188} INFO - [2026-05-02T21:31:26.145+0000] {dag.py:3947} INFO - Setting next_dagrun for example_bash_decorator to None, run_after=None
[2026-05-02T21:31:26.159+0000] {processor.py:183} INFO - Processing /home/airflow/.local/lib/python3.12/site-packages/airflow/example_dags/example_bash_decorator.py took 0.058 seconds
[2026-05-02T21:31:56.544+0000] {processor.py:161} INFO - Started process (PID=834) to work on /home/airflow/.local/lib/python3.12/site-packages/airflow/example_dags/example_bash_decorator.py
[2026-05-02T21:31:56.549+0000] {processor.py:830} INFO - Processing file /home/airflow/.local/lib/python3.12/site-packages/airflow/example_dags/example_bash_decorator.py for tasks to queue
[2026-05-02T21:31:56.550+0000] {logging_mixin.py:188} INFO - [2026-05-02T21:31:56.550+0000] {dagbag.py:545} INFO - Filling up the DagBag from /home/airflow/.local/lib/python3.12/site-packages/airflow/example_dags/example_bash_decorator.py
[2026-05-02T21:31:56.560+0000] {processor.py:840} INFO - DAG(s) 'example_bash_decorator' retrieved from /home/airflow/.local/lib/python3.12/site-packages/airflow/example_dags/example_bash_decorator.py
[2026-05-02T21:31:56.579+0000] {logging_mixin.py:188} INFO - [2026-05-02T21:31:56.579+0000] {dag.py:3089} INFO - Sync 1 DAGs
[2026-05-02T21:31:56.587+0000] {logging_mixin.py:188} INFO - [2026-05-02T21:31:56.587+0000] {dag.py:3947} INFO - Setting next_dagrun for example_bash_decorator to None, run_after=None
[2026-05-02T21:31:56.601+0000] {processor.py:183} INFO - Processing /home/airflow/.local/lib/python3.12/site-packages/airflow/example_dags/example_bash_decorator.py took 0.064 seconds
[2026-05-02T21:32:26.874+0000] {processor.py:161} INFO - Started process (PID=893) to work on /home/airflow/.local/lib/python3.12/site-packages/airflow/example_dags/example_bash_decorator.py
[2026-05-02T21:32:26.875+0000] {processor.py:830} INFO - Processing file /home/airflow/.local/lib/python3.12/site-packages/airflow/example_dags/example_bash_decorator.py for tasks to queue
[2026-05-02T21:32:26.876+0000] {logging_mixin.py:188} INFO - [2026-05-02T21:32:26.876+0000] {dagbag.py:545} INFO - Filling up the DagBag from /home/airflow/.local/lib/python3.12/site-packages/airflow/example_dags/example_bash_decorator.py
[2026-05-02T21:32:26.887+0000] {processor.py:840} INFO - DAG(s) 'example_bash_decorator' retrieved from /home/airflow/.local/lib/python3.12/site-packages/airflow/example_dags/example_bash_decorator.py
[2026-05-02T21:32:26.909+0000] {logging_mixin.py:188} INFO - [2026-05-02T21:32:26.908+0000] {dag.py:3089} INFO - Sync 1 DAGs
[2026-05-02T21:32:26.920+0000] {logging_mixin.py:188} INFO - [2026-05-02T21:32:26.919+0000] {dag.py:3947} INFO - Setting next_dagrun for example_bash_decorator to None, run_after=None
[2026-05-02T21:32:26.935+0000] {processor.py:183} INFO - Processing /home/airflow/.local/lib/python3.12/site-packages/airflow/example_dags/example_bash_decorator.py took 0.067 seconds
[2026-05-02T21:32:57.262+0000] {processor.py:161} INFO - Started process (PID=952) to work on /home/airflow/.local/lib/python3.12/site-packages/airflow/example_dags/example_bash_decorator.py
[2026-05-02T21:32:57.265+0000] {processor.py:830} INFO - Processing file /home/airflow/.local/lib/python3.12/site-packages/airflow/example_dags/example_bash_decorator.py for tasks to queue
[2026-05-02T21:32:57.266+0000] {logging_mixin.py:188} INFO - [2026-05-02T21:32:57.266+0000] {dagbag.py:545} INFO - Filling up the DagBag from /home/airflow/.local/lib/python3.12/site-packages/airflow/example_dags/example_bash_decorator.py
[2026-05-02T21:32:57.277+0000] {processor.py:840} INFO - DAG(s) 'example_bash_decorator' retrieved from /home/airflow/.local/lib/python3.12/site-packages/airflow/example_dags/example_bash_decorator.py
[2026-05-02T21:32:57.301+0000] {logging_mixin.py:188} INFO - [2026-05-02T21:32:57.301+0000] {dag.py:3089} INFO - Sync 1 DAGs
[2026-05-02T21:32:57.310+0000] {logging_mixin.py:188} INFO - [2026-05-02T21:32:57.309+0000] {dag.py:3947} INFO - Setting next_dagrun for example_bash_decorator to None, run_after=None
[2026-05-02T21:32:57.336+0000] {processor.py:183} INFO - Processing /home/airflow/.local/lib/python3.12/site-packages/airflow/example_dags/example_bash_decorator.py took 0.079 seconds
[2026-05-02T21:33:28.273+0000] {processor.py:161} INFO - Started process (PID=1011) to work on /home/airflow/.local/lib/python3.12/site-packages/airflow/example_dags/example_bash_decorator.py
[2026-05-02T21:33:28.274+0000] {processor.py:830} INFO - Processing file /home/airflow/.local/lib/python3.12/site-packages/airflow/example_dags/example_bash_decorator.py for tasks to queue
[2026-05-02T21:33:28.276+0000] {logging_mixin.py:188} INFO - [2026-05-02T21:33:28.276+0000] {dagbag.py:545} INFO - Filling up the DagBag from /home/airflow/.local/lib/python3.12/site-packages/airflow/example_dags/example_bash_decorator.py
[2026-05-02T21:33:28.287+0000] {processor.py:840} INFO - DAG(s) 'example_bash_decorator' retrieved from /home/airflow/.local/lib/python3.12/site-packages/airflow/example_dags/example_bash_decorator.py
[2026-05-02T21:33:28.305+0000] {logging_mixin.py:188} INFO - [2026-05-02T21:33:28.305+0000] {dag.py:3089} INFO - Sync 1 DAGs
[2026-05-02T21:33:28.313+0000] {logging_mixin.py:188} INFO - [2026-05-02T21:33:28.313+0000] {dag.py:3947} INFO - Setting next_dagrun for example_bash_decorator to None, run_after=None
[2026-05-02T21:33:28.327+0000] {processor.py:183} INFO - Processing /home/airflow/.local/lib/python3.12/site-packages/airflow/example_dags/example_bash_decorator.py took 0.059 seconds
[2026-05-02T21:33:58.730+0000] {processor.py:161} INFO - Started process (PID=1070) to work on /home/airflow/.local/lib/python3.12/site-packages/airflow/example_dags/example_bash_decorator.py
[2026-05-02T21:33:58.731+0000] {processor.py:830} INFO - Processing file /home/airflow/.local/lib/python3.12/site-packages/airflow/example_dags/example_bash_decorator.py for tasks to queue
[2026-05-02T21:33:58.733+0000] {logging_mixin.py:188} INFO - [2026-05-02T21:33:58.733+0000] {dagbag.py:545} INFO - Filling up the DagBag from /home/airflow/.local/lib/python3.12/site-packages/airflow/example_dags/example_bash_decorator.py
[2026-05-02T21:33:58.742+0000] {processor.py:840} INFO - DAG(s) 'example_bash_decorator' retrieved from /home/airflow/.local/lib/python3.12/site-packages/airflow/example_dags/example_bash_decorator.py
[2026-05-02T21:33:58.764+0000] {logging_mixin.py:188} INFO - [2026-05-02T21:33:58.764+0000] {dag.py:3089} INFO - Sync 1 DAGs
[2026-05-02T21:33:58.777+0000] {logging_mixin.py:188} INFO - [2026-05-02T21:33:58.777+0000] {dag.py:3947} INFO - Setting next_dagrun for example_bash_decorator to None, run_after=None
[2026-05-02T21:33:58.797+0000] {processor.py:183} INFO - Processing /home/airflow/.local/lib/python3.12/site-packages/airflow/example_dags/example_bash_decorator.py took 0.073 seconds
[2026-05-02T21:34:29.002+0000] {processor.py:161} INFO - Started process (PID=1129) to work on /home/airflow/.local/lib/python3.12/site-packages/airflow/example_dags/example_bash_decorator.py
[2026-05-02T21:34:29.004+0000] {processor.py:830} INFO - Processing file /home/airflow/.local/lib/python3.12/site-packages/airflow/example_dags/example_bash_decorator.py for tasks to queue
[2026-05-02T21:34:29.005+0000] {logging_mixin.py:188} INFO - [2026-05-02T21:34:29.005+0000] {dagbag.py:545} INFO - Filling up the DagBag from /home/airflow/.local/lib/python3.12/site-packages/airflow/example_dags/example_bash_decorator.py
[2026-05-02T21:34:29.015+0000] {processor.py:840} INFO - DAG(s) 'example_bash_decorator' retrieved from /home/airflow/.local/lib/python3.12/site-packages/airflow/example_dags/example_bash_decorator.py
[2026-05-02T21:34:29.035+0000] {logging_mixin.py:188} INFO - [2026-05-02T21:34:29.035+0000] {dag.py:3089} INFO - Sync 1 DAGs
[2026-05-02T21:34:29.049+0000] {logging_mixin.py:188} INFO - [2026-05-02T21:34:29.049+0000] {dag.py:3947} INFO - Setting next_dagrun for example_bash_decorator to None, run_after=None
[2026-05-02T21:34:29.074+0000] {processor.py:183} INFO - Processing /home/airflow/.local/lib/python3.12/site-packages/airflow/example_dags/example_bash_decorator.py took 0.076 seconds
[2026-05-02T21:34:59.843+0000] {processor.py:161} INFO - Started process (PID=1188) to work on /home/airflow/.local/lib/python3.12/site-packages/airflow/example_dags/example_bash_decorator.py
[2026-05-02T21:34:59.846+0000] {processor.py:830} INFO - Processing file /home/airflow/.local/lib/python3.12/site-packages/airflow/example_dags/example_bash_decorator.py for tasks to queue
[2026-05-02T21:34:59.848+0000] {logging_mixin.py:188} INFO - [2026-05-02T21:34:59.848+0000] {dagbag.py:545} INFO - Filling up the DagBag from /home/airflow/.local/lib/python3.12/site-packages/airflow/example_dags/example_bash_decorator.py
[2026-05-02T21:34:59.857+0000] {processor.py:840} INFO - DAG(s) 'example_bash_decorator' retrieved from /home/airflow/.local/lib/python3.12/site-packages/airflow/example_dags/example_bash_decorator.py
[2026-05-02T21:34:59.876+0000] {logging_mixin.py:188} INFO - [2026-05-02T21:34:59.876+0000] {dag.py:3089} INFO - Sync 1 DAGs
[2026-05-02T21:34:59.886+0000] {logging_mixin.py:188} INFO - [2026-05-02T21:34:59.886+0000] {dag.py:3947} INFO - Setting next_dagrun for example_bash_decorator to None, run_after=None
[2026-05-02T21:34:59.898+0000] {processor.py:183} INFO - Processing /home/airflow/.local/lib/python3.12/site-packages/airflow/example_dags/example_bash_decorator.py took 0.059 seconds
[2026-05-02T21:35:30.295+0000] {processor.py:161} INFO - Started process (PID=1247) to work on /home/airflow/.local/lib/python3.12/site-packages/airflow/example_dags/example_bash_decorator.py
[2026-05-02T21:35:30.295+0000] {processor.py:830} INFO - Processing file /home/airflow/.local/lib/python3.12/site-packages/airflow/example_dags/example_bash_decorator.py for tasks to queue
[2026-05-02T21:35:30.297+0000] {logging_mixin.py:188} INFO - [2026-05-02T21:35:30.296+0000] {dagbag.py:545} INFO - Filling up the DagBag from /home/airflow/.local/lib/python3.12/site-packages/airflow/example_dags/example_bash_decorator.py
[2026-05-02T21:35:30.307+0000] {processor.py:840} INFO - DAG(s) 'example_bash_decorator' retrieved from /home/airflow/.local/lib/python3.12/site-packages/airflow/example_dags/example_bash_decorator.py
[2026-05-02T21:35:30.322+0000] {logging_mixin.py:188} INFO - [2026-05-02T21:35:30.322+0000] {dag.py:3089} INFO - Sync 1 DAGs
[2026-05-02T21:35:30.330+0000] {logging_mixin.py:188} INFO - [2026-05-02T21:35:30.329+0000] {dag.py:3947} INFO - Setting next_dagrun for example_bash_decorator to None, run_after=None
[2026-05-02T21:35:30.343+0000] {processor.py:183} INFO - Processing /home/airflow/.local/lib/python3.12/site-packages/airflow/example_dags/example_bash_decorator.py took 0.053 seconds
[2026-05-02T21:36:00.542+0000] {processor.py:161} INFO - Started process (PID=1306) to work on /home/airflow/.local/lib/python3.12/site-packages/airflow/example_dags/example_bash_decorator.py
[2026-05-02T21:36:00.546+0000] {processor.py:830} INFO - Processing file /home/airflow/.local/lib/python3.12/site-packages/airflow/example_dags/example_bash_decorator.py for tasks to queue
[2026-05-02T21:36:00.547+0000] {logging_mixin.py:188} INFO - [2026-05-02T21:36:00.547+0000] {dagbag.py:545} INFO - Filling up the DagBag from /home/airflow/.local/lib/python3.12/site-packages/airflow/example_dags/example_bash_decorator.py
[2026-05-02T21:36:00.556+0000] {processor.py:840} INFO - DAG(s) 'example_bash_decorator' retrieved from /home/airflow/.local/lib/python3.12/site-packages/airflow/example_dags/example_bash_decorator.py
[2026-05-02T21:36:00.586+0000] {logging_mixin.py:188} INFO - [2026-05-02T21:36:00.586+0000] {dag.py:3089} INFO - Sync 1 DAGs
[2026-05-02T21:36:00.596+0000] {logging_mixin.py:188} INFO - [2026-05-02T21:36:00.596+0000] {dag.py:3947} INFO - Setting next_dagrun for example_bash_decorator to None, run_after=None
[2026-05-02T21:36:00.618+0000] {processor.py:183} INFO - Processing /home/airflow/.local/lib/python3.12/site-packages/airflow/example_dags/example_bash_decorator.py took 0.080 seconds
[2026-05-02T21:36:31.169+0000] {processor.py:161} INFO - Started process (PID=1365) to work on /home/airflow/.local/lib/python3.12/site-packages/airflow/example_dags/example_bash_decorator.py
[2026-05-02T21:36:31.171+0000] {processor.py:830} INFO - Processing file /home/airflow/.local/lib/python3.12/site-packages/airflow/example_dags/example_bash_decorator.py for tasks to queue
[2026-05-02T21:36:31.173+0000] {logging_mixin.py:188} INFO - [2026-05-02T21:36:31.173+0000] {dagbag.py:545} INFO - Filling up the DagBag from /home/airflow/.local/lib/python3.12/site-packages/airflow/example_dags/example_bash_decorator.py
[2026-05-02T21:36:31.184+0000] {processor.py:840} INFO - DAG(s) 'example_bash_decorator' retrieved from /home/airflow/.local/lib/python3.12/site-packages/airflow/example_dags/example_bash_decorator.py
[2026-05-02T21:36:31.204+0000] {logging_mixin.py:188} INFO - [2026-05-02T21:36:31.204+0000] {dag.py:3089} INFO - Sync 1 DAGs
[2026-05-02T21:36:31.214+0000] {logging_mixin.py:188} INFO - [2026-05-02T21:36:31.213+0000] {dag.py:3947} INFO - Setting next_dagrun for example_bash_decorator to None, run_after=None
[2026-05-02T21:36:31.236+0000] {processor.py:183} INFO - Processing /home/airflow/.local/lib/python3.12/site-packages/airflow/example_dags/example_bash_decorator.py took 0.072 seconds
[2026-05-02T21:37:01.358+0000] {processor.py:161} INFO - Started process (PID=1424) to work on /home/airflow/.local/lib/python3.12/site-packages/airflow/example_dags/example_bash_decorator.py
[2026-05-02T21:37:01.359+0000] {processor.py:830} INFO - Processing file /home/airflow/.local/lib/python3.12/site-packages/airflow/example_dags/example_bash_decorator.py for tasks to queue
[2026-05-02T21:37:01.360+0000] {logging_mixin.py:188} INFO - [2026-05-02T21:37:01.360+0000] {dagbag.py:545} INFO - Filling up the DagBag from /home/airflow/.local/lib/python3.12/site-packages/airflow/example_dags/example_bash_decorator.py
[2026-05-02T21:37:01.370+0000] {processor.py:840} INFO - DAG(s) 'example_bash_decorator' retrieved from /home/airflow/.local/lib/python3.12/site-packages/airflow/example_dags/example_bash_decorator.py
[2026-05-02T21:37:01.390+0000] {logging_mixin.py:188} INFO - [2026-05-02T21:37:01.390+0000] {dag.py:3089} INFO - Sync 1 DAGs
[2026-05-02T21:37:01.399+0000] {logging_mixin.py:188} INFO - [2026-05-02T21:37:01.399+0000] {dag.py:3947} INFO - Setting next_dagrun for example_bash_decorator to None, run_after=None
[2026-05-02T21:37:01.414+0000] {processor.py:183} INFO - Processing /home/airflow/.local/lib/python3.12/site-packages/airflow/example_dags/example_bash_decorator.py took 0.061 seconds
[2026-05-02T21:37:31.966+0000] {processor.py:161} INFO - Started process (PID=1483) to work on /home/airflow/.local/lib/python3.12/site-packages/airflow/example_dags/example_bash_decorator.py
[2026-05-02T21:37:31.966+0000] {processor.py:830} INFO - Processing file /home/airflow/.local/lib/python3.12/site-packages/airflow/example_dags/example_bash_decorator.py for tasks to queue
[2026-05-02T21:37:31.970+0000] {logging_mixin.py:188} INFO - [2026-05-02T21:37:31.970+0000] {dagbag.py:545} INFO - Filling up the DagBag from /home/airflow/.local/lib/python3.12/site-packages/airflow/example_dags/example_bash_decorator.py
[2026-05-02T21:37:31.979+0000] {processor.py:840} INFO - DAG(s) 'example_bash_decorator' retrieved from /home/airflow/.local/lib/python3.12/site-packages/airflow/example_dags/example_bash_decorator.py
[2026-05-02T21:37:31.995+0000] {logging_mixin.py:188} INFO - [2026-05-02T21:37:31.995+0000] {dag.py:3089} INFO - Sync 1 DAGs
[2026-05-02T21:37:32.004+0000] {logging_mixin.py:188} INFO - [2026-05-02T21:37:32.004+0000] {dag.py:3947} INFO - Setting next_dagrun for example_bash_decorator to None, run_after=None
[2026-05-02T21:37:32.017+0000] {processor.py:183} INFO - Processing /home/airflow/.local/lib/python3.12/site-packages/airflow/example_dags/example_bash_decorator.py took 0.056 seconds
[2026-05-02T21:38:02.247+0000] {processor.py:161} INFO - Started process (PID=1542) to work on /home/airflow/.local/lib/python3.12/site-packages/airflow/example_dags/example_bash_decorator.py
[2026-05-02T21:38:02.247+0000] {processor.py:830} INFO - Processing file /home/airflow/.local/lib/python3.12/site-packages/airflow/example_dags/example_bash_decorator.py for tasks to queue
[2026-05-02T21:38:02.250+0000] {logging_mixin.py:188} INFO - [2026-05-02T21:38:02.250+0000] {dagbag.py:545} INFO - Filling up the DagBag from /home/airflow/.local/lib/python3.12/site-packages/airflow/example_dags/example_bash_decorator.py
[2026-05-02T21:38:02.262+0000] {processor.py:840} INFO - DAG(s) 'example_bash_decorator' retrieved from /home/airflow/.local/lib/python3.12/site-packages/airflow/example_dags/example_bash_decorator.py
[2026-05-02T21:38:02.281+0000] {logging_mixin.py:188} INFO - [2026-05-02T21:38:02.281+0000] {dag.py:3089} INFO - Sync 1 DAGs
[2026-05-02T21:38:02.289+0000] {logging_mixin.py:188} INFO - [2026-05-02T21:38:02.289+0000] {dag.py:3947} INFO - Setting next_dagrun for example_bash_decorator to None, run_after=None
[2026-05-02T21:38:02.307+0000] {processor.py:183} INFO - Processing /home/airflow/.local/lib/python3.12/site-packages/airflow/example_dags/example_bash_decorator.py took 0.064 seconds
[2026-05-02T21:38:32.390+0000] {processor.py:161} INFO - Started process (PID=1601) to work on /home/airflow/.local/lib/python3.12/site-packages/airflow/example_dags/example_bash_decorator.py
[2026-05-02T21:38:32.390+0000] {processor.py:830} INFO - Processing file /home/airflow/.local/lib/python3.12/site-packages/airflow/example_dags/example_bash_decorator.py for tasks to queue
[2026-05-02T21:38:32.391+0000] {logging_mixin.py:188} INFO - [2026-05-02T21:38:32.391+0000] {dagbag.py:545} INFO - Filling up the DagBag from /home/airflow/.local/lib/python3.12/site-packages/airflow/example_dags/example_bash_decorator.py
[2026-05-02T21:38:32.399+0000] {processor.py:840} INFO - DAG(s) 'example_bash_decorator' retrieved from /home/airflow/.local/lib/python3.12/site-packages/airflow/example_dags/example_bash_decorator.py
[2026-05-02T21:38:32.417+0000] {logging_mixin.py:188} INFO - [2026-05-02T21:38:32.416+0000] {dag.py:3089} INFO - Sync 1 DAGs
[2026-05-02T21:38:32.427+0000] {logging_mixin.py:188} INFO - [2026-05-02T21:38:32.427+0000] {dag.py:3947} INFO - Setting next_dagrun for example_bash_decorator to None, run_after=None
[2026-05-02T21:38:32.437+0000] {processor.py:183} INFO - Processing /home/airflow/.local/lib/python3.12/site-packages/airflow/example_dags/example_bash_decorator.py took 0.052 seconds
[2026-05-02T21:39:02.836+0000] {processor.py:161} INFO - Started process (PID=1660) to work on /home/airflow/.local/lib/python3.12/site-packages/airflow/example_dags/example_bash_decorator.py
[2026-05-02T21:39:02.836+0000] {processor.py:830} INFO - Processing file /home/airflow/.local/lib/python3.12/site-packages/airflow/example_dags/example_bash_decorator.py for tasks to queue
[2026-05-02T21:39:02.838+0000] {logging_mixin.py:188} INFO - [2026-05-02T21:39:02.837+0000] {dagbag.py:545} INFO - Filling up the DagBag from /home/airflow/.local/lib/python3.12/site-packages/airflow/example_dags/example_bash_decorator.py
[2026-05-02T21:39:02.849+0000] {processor.py:840} INFO - DAG(s) 'example_bash_decorator' retrieved from /home/airflow/.local/lib/python3.12/site-packages/airflow/example_dags/example_bash_decorator.py
[2026-05-02T21:39:02.864+0000] {logging_mixin.py:188} INFO - [2026-05-02T21:39:02.864+0000] {dag.py:3089} INFO - Sync 1 DAGs
[2026-05-02T21:39:02.871+0000] {logging_mixin.py:188} INFO - [2026-05-02T21:39:02.871+0000] {dag.py:3947} INFO - Setting next_dagrun for example_bash_decorator to None, run_after=None
[2026-05-02T21:39:02.881+0000] {processor.py:183} INFO - Processing /home/airflow/.local/lib/python3.12/site-packages/airflow/example_dags/example_bash_decorator.py took 0.049 seconds
[2026-05-02T21:39:33.285+0000] {processor.py:161} INFO - Started process (PID=1719) to work on /home/airflow/.local/lib/python3.12/site-packages/airflow/example_dags/example_bash_decorator.py
[2026-05-02T21:39:33.286+0000] {processor.py:830} INFO - Processing file /home/airflow/.local/lib/python3.12/site-packages/airflow/example_dags/example_bash_decorator.py for tasks to queue
[2026-05-02T21:39:33.287+0000] {logging_mixin.py:188} INFO - [2026-05-02T21:39:33.287+0000] {dagbag.py:545} INFO - Filling up the DagBag from /home/airflow/.local/lib/python3.12/site-packages/airflow/example_dags/example_bash_decorator.py
[2026-05-02T21:39:33.296+0000] {processor.py:840} INFO - DAG(s) 'example_bash_decorator' retrieved from /home/airflow/.local/lib/python3.12/site-packages/airflow/example_dags/example_bash_decorator.py
[2026-05-02T21:39:33.312+0000] {logging_mixin.py:188} INFO - [2026-05-02T21:39:33.311+0000] {dag.py:3089} INFO - Sync 1 DAGs
[2026-05-02T21:39:33.320+0000] {logging_mixin.py:188} INFO - [2026-05-02T21:39:33.320+0000] {dag.py:3947} INFO - Setting next_dagrun for example_bash_decorator to None, run_after=None
[2026-05-02T21:39:33.335+0000] {processor.py:183} INFO - Processing /home/airflow/.local/lib/python3.12/site-packages/airflow/example_dags/example_bash_decorator.py took 0.055 seconds
[2026-05-02T21:40:03.562+0000] {processor.py:161} INFO - Started process (PID=1778) to work on /home/airflow/.local/lib/python3.12/site-packages/airflow/example_dags/example_bash_decorator.py
[2026-05-02T21:40:03.565+0000] {processor.py:830} INFO - Processing file /home/airflow/.local/lib/python3.12/site-packages/airflow/example_dags/example_bash_decorator.py for tasks to queue
[2026-05-02T21:40:03.566+0000] {logging_mixin.py:188} INFO - [2026-05-02T21:40:03.566+0000] {dagbag.py:545} INFO - Filling up the DagBag from /home/airflow/.local/lib/python3.12/site-packages/airflow/example_dags/example_bash_decorator.py
[2026-05-02T21:40:03.575+0000] {processor.py:840} INFO - DAG(s) 'example_bash_decorator' retrieved from /home/airflow/.local/lib/python3.12/site-packages/airflow/example_dags/example_bash_decorator.py
[2026-05-02T21:40:03.591+0000] {logging_mixin.py:188} INFO - [2026-05-02T21:40:03.591+0000] {dag.py:3089} INFO - Sync 1 DAGs
[2026-05-02T21:40:03.604+0000] {logging_mixin.py:188} INFO - [2026-05-02T21:40:03.604+0000] {dag.py:3947} INFO - Setting next_dagrun for example_bash_decorator to None, run_after=None
[2026-05-02T21:40:03.616+0000] {processor.py:183} INFO - Processing /home/airflow/.local/lib/python3.12/site-packages/airflow/example_dags/example_bash_decorator.py took 0.058 seconds
[2026-05-02T21:40:34.281+0000] {processor.py:161} INFO - Started process (PID=1837) to work on /home/airflow/.local/lib/python3.12/site-packages/airflow/example_dags/example_bash_decorator.py
[2026-05-02T21:40:34.283+0000] {processor.py:830} INFO - Processing file /home/airflow/.local/lib/python3.12/site-packages/airflow/example_dags/example_bash_decorator.py for tasks to queue
[2026-05-02T21:40:34.286+0000] {logging_mixin.py:188} INFO - [2026-05-02T21:40:34.286+0000] {dagbag.py:545} INFO - Filling up the DagBag from /home/airflow/.local/lib/python3.12/site-packages/airflow/example_dags/example_bash_decorator.py
[2026-05-02T21:40:34.297+0000] {processor.py:840} INFO - DAG(s) 'example_bash_decorator' retrieved from /home/airflow/.local/lib/python3.12/site-packages/airflow/example_dags/example_bash_decorator.py
[2026-05-02T21:40:34.319+0000] {logging_mixin.py:188} INFO - [2026-05-02T21:40:34.319+0000] {dag.py:3089} INFO - Sync 1 DAGs
[2026-05-02T21:40:34.330+0000] {logging_mixin.py:188} INFO - [2026-05-02T21:40:34.330+0000] {dag.py:3947} INFO - Setting next_dagrun for example_bash_decorator to None, run_after=None
[2026-05-02T21:40:34.354+0000] {processor.py:183} INFO - Processing /home/airflow/.local/lib/python3.12/site-packages/airflow/example_dags/example_bash_decorator.py took 0.078 seconds
[2026-05-02T21:41:05.051+0000] {processor.py:161} INFO - Started process (PID=1896) to work on /home/airflow/.local/lib/python3.12/site-packages/airflow/example_dags/example_bash_decorator.py
[2026-05-02T21:41:05.052+0000] {processor.py:830} INFO - Processing file /home/airflow/.local/lib/python3.12/site-packages/airflow/example_dags/example_bash_decorator.py for tasks to queue
[2026-05-02T21:41:05.053+0000] {logging_mixin.py:188} INFO - [2026-05-02T21:41:05.053+0000] {dagbag.py:545} INFO - Filling up the DagBag from /home/airflow/.local/lib/python3.12/site-packages/airflow/example_dags/example_bash_decorator.py
[2026-05-02T21:41:05.062+0000] {processor.py:840} INFO - DAG(s) 'example_bash_decorator' retrieved from /home/airflow/.local/lib/python3.12/site-packages/airflow/example_dags/example_bash_decorator.py
[2026-05-02T21:41:05.079+0000] {logging_mixin.py:188} INFO - [2026-05-02T21:41:05.079+0000] {dag.py:3089} INFO - Sync 1 DAGs
[2026-05-02T21:41:05.087+0000] {logging_mixin.py:188} INFO - [2026-05-02T21:41:05.087+0000] {dag.py:3947} INFO - Setting next_dagrun for example_bash_decorator to None, run_after=None
[2026-05-02T21:41:05.101+0000] {processor.py:183} INFO - Processing /home/airflow/.local/lib/python3.12/site-packages/airflow/example_dags/example_bash_decorator.py took 0.054 seconds
[2026-05-02T21:41:35.885+0000] {processor.py:161} INFO - Started process (PID=1954) to work on /home/airflow/.local/lib/python3.12/site-packages/airflow/example_dags/example_bash_decorator.py
[2026-05-02T21:41:35.886+0000] {processor.py:830} INFO - Processing file /home/airflow/.local/lib/python3.12/site-packages/airflow/example_dags/example_bash_decorator.py for tasks to queue
[2026-05-02T21:41:35.888+0000] {logging_mixin.py:188} INFO - [2026-05-02T21:41:35.888+0000] {dagbag.py:545} INFO - Filling up the DagBag from /home/airflow/.local/lib/python3.12/site-packages/airflow/example_dags/example_bash_decorator.py
[2026-05-02T21:41:35.901+0000] {processor.py:840} INFO - DAG(s) 'example_bash_decorator' retrieved from /home/airflow/.local/lib/python3.12/site-packages/airflow/example_dags/example_bash_decorator.py
[2026-05-02T21:41:35.924+0000] {logging_mixin.py:188} INFO - [2026-05-02T21:41:35.924+0000] {dag.py:3089} INFO - Sync 1 DAGs
[2026-05-02T21:41:35.936+0000] {logging_mixin.py:188} INFO - [2026-05-02T21:41:35.935+0000] {dag.py:3947} INFO - Setting next_dagrun for example_bash_decorator to None, run_after=None
[2026-05-02T21:41:35.950+0000] {processor.py:183} INFO - Processing /home/airflow/.local/lib/python3.12/site-packages/airflow/example_dags/example_bash_decorator.py took 0.075 seconds
