[2026-05-02T21:25:44.505+0000] {processor.py:161} INFO - Started process (PID=90) to work on /home/airflow/.local/lib/python3.12/site-packages/airflow/example_dags/example_display_name.py
[2026-05-02T21:25:44.506+0000] {processor.py:830} INFO - Processing file /home/airflow/.local/lib/python3.12/site-packages/airflow/example_dags/example_display_name.py for tasks to queue
[2026-05-02T21:25:44.508+0000] {logging_mixin.py:188} INFO - [2026-05-02T21:25:44.508+0000] {dagbag.py:545} INFO - Filling up the DagBag from /home/airflow/.local/lib/python3.12/site-packages/airflow/example_dags/example_display_name.py
[2026-05-02T21:25:44.516+0000] {processor.py:840} INFO - DAG(s) 'example_display_name' retrieved from /home/airflow/.local/lib/python3.12/site-packages/airflow/example_dags/example_display_name.py
[2026-05-02T21:25:44.611+0000] {logging_mixin.py:188} INFO - [2026-05-02T21:25:44.610+0000] {dag.py:3089} INFO - Sync 1 DAGs
[2026-05-02T21:25:44.619+0000] {logging_mixin.py:188} INFO - [2026-05-02T21:25:44.618+0000] {dag.py:3947} INFO - Setting next_dagrun for example_display_name to None, run_after=None
[2026-05-02T21:25:44.637+0000] {processor.py:183} INFO - Processing /home/airflow/.local/lib/python3.12/site-packages/airflow/example_dags/example_display_name.py took 0.137 seconds
[2026-05-02T21:26:15.535+0000] {processor.py:161} INFO - Started process (PID=149) to work on /home/airflow/.local/lib/python3.12/site-packages/airflow/example_dags/example_display_name.py
[2026-05-02T21:26:15.537+0000] {processor.py:830} INFO - Processing file /home/airflow/.local/lib/python3.12/site-packages/airflow/example_dags/example_display_name.py for tasks to queue
[2026-05-02T21:26:15.539+0000] {logging_mixin.py:188} INFO - [2026-05-02T21:26:15.539+0000] {dagbag.py:545} INFO - Filling up the DagBag from /home/airflow/.local/lib/python3.12/site-packages/airflow/example_dags/example_display_name.py
[2026-05-02T21:26:15.544+0000] {processor.py:840} INFO - DAG(s) 'example_display_name' retrieved from /home/airflow/.local/lib/python3.12/site-packages/airflow/example_dags/example_display_name.py
[2026-05-02T21:26:15.568+0000] {logging_mixin.py:188} INFO - [2026-05-02T21:26:15.568+0000] {dag.py:3089} INFO - Sync 1 DAGs
[2026-05-02T21:26:15.579+0000] {logging_mixin.py:188} INFO - [2026-05-02T21:26:15.579+0000] {dag.py:3947} INFO - Setting next_dagrun for example_display_name to None, run_after=None
[2026-05-02T21:26:15.607+0000] {processor.py:183} INFO - Processing /home/airflow/.local/lib/python3.12/site-packages/airflow/example_dags/example_display_name.py took 0.078 seconds
[2026-05-02T21:26:45.700+0000] {processor.py:161} INFO - Started process (PID=207) to work on /home/airflow/.local/lib/python3.12/site-packages/airflow/example_dags/example_display_name.py
[2026-05-02T21:26:45.701+0000] {processor.py:830} INFO - Processing file /home/airflow/.local/lib/python3.12/site-packages/airflow/example_dags/example_display_name.py for tasks to queue
[2026-05-02T21:26:45.702+0000] {logging_mixin.py:188} INFO - [2026-05-02T21:26:45.702+0000] {dagbag.py:545} INFO - Filling up the DagBag from /home/airflow/.local/lib/python3.12/site-packages/airflow/example_dags/example_display_name.py
[2026-05-02T21:26:45.707+0000] {processor.py:840} INFO - DAG(s) 'example_display_name' retrieved from /home/airflow/.local/lib/python3.12/site-packages/airflow/example_dags/example_display_name.py
[2026-05-02T21:26:45.727+0000] {logging_mixin.py:188} INFO - [2026-05-02T21:26:45.727+0000] {dag.py:3089} INFO - Sync 1 DAGs
[2026-05-02T21:26:45.741+0000] {logging_mixin.py:188} INFO - [2026-05-02T21:26:45.741+0000] {dag.py:3947} INFO - Setting next_dagrun for example_display_name to None, run_after=None
[2026-05-02T21:26:45.759+0000] {processor.py:183} INFO - Processing /home/airflow/.local/lib/python3.12/site-packages/airflow/example_dags/example_display_name.py took 0.065 seconds
[2026-05-02T21:27:16.037+0000] {processor.py:161} INFO - Started process (PID=266) to work on /home/airflow/.local/lib/python3.12/site-packages/airflow/example_dags/example_display_name.py
[2026-05-02T21:27:16.040+0000] {processor.py:830} INFO - Processing file /home/airflow/.local/lib/python3.12/site-packages/airflow/example_dags/example_display_name.py for tasks to queue
[2026-05-02T21:27:16.042+0000] {logging_mixin.py:188} INFO - [2026-05-02T21:27:16.041+0000] {dagbag.py:545} INFO - Filling up the DagBag from /home/airflow/.local/lib/python3.12/site-packages/airflow/example_dags/example_display_name.py
[2026-05-02T21:27:16.046+0000] {processor.py:840} INFO - DAG(s) 'example_display_name' retrieved from /home/airflow/.local/lib/python3.12/site-packages/airflow/example_dags/example_display_name.py
[2026-05-02T21:27:16.063+0000] {logging_mixin.py:188} INFO - [2026-05-02T21:27:16.063+0000] {dag.py:3089} INFO - Sync 1 DAGs
[2026-05-02T21:27:16.072+0000] {logging_mixin.py:188} INFO - [2026-05-02T21:27:16.072+0000] {dag.py:3947} INFO - Setting next_dagrun for example_display_name to None, run_after=None
[2026-05-02T21:27:16.090+0000] {processor.py:183} INFO - Processing /home/airflow/.local/lib/python3.12/site-packages/airflow/example_dags/example_display_name.py took 0.057 seconds
[2026-05-02T21:27:47.243+0000] {processor.py:161} INFO - Started process (PID=325) to work on /home/airflow/.local/lib/python3.12/site-packages/airflow/example_dags/example_display_name.py
[2026-05-02T21:27:47.244+0000] {processor.py:830} INFO - Processing file /home/airflow/.local/lib/python3.12/site-packages/airflow/example_dags/example_display_name.py for tasks to queue
[2026-05-02T21:27:47.246+0000] {logging_mixin.py:188} INFO - [2026-05-02T21:27:47.245+0000] {dagbag.py:545} INFO - Filling up the DagBag from /home/airflow/.local/lib/python3.12/site-packages/airflow/example_dags/example_display_name.py
[2026-05-02T21:27:47.250+0000] {processor.py:840} INFO - DAG(s) 'example_display_name' retrieved from /home/airflow/.local/lib/python3.12/site-packages/airflow/example_dags/example_display_name.py
[2026-05-02T21:27:47.271+0000] {logging_mixin.py:188} INFO - [2026-05-02T21:27:47.270+0000] {dag.py:3089} INFO - Sync 1 DAGs
[2026-05-02T21:27:47.282+0000] {logging_mixin.py:188} INFO - [2026-05-02T21:27:47.281+0000] {dag.py:3947} INFO - Setting next_dagrun for example_display_name to None, run_after=None
[2026-05-02T21:27:47.298+0000] {processor.py:183} INFO - Processing /home/airflow/.local/lib/python3.12/site-packages/airflow/example_dags/example_display_name.py took 0.062 seconds
[2026-05-02T21:28:17.393+0000] {processor.py:161} INFO - Started process (PID=384) to work on /home/airflow/.local/lib/python3.12/site-packages/airflow/example_dags/example_display_name.py
[2026-05-02T21:28:17.394+0000] {processor.py:830} INFO - Processing file /home/airflow/.local/lib/python3.12/site-packages/airflow/example_dags/example_display_name.py for tasks to queue
[2026-05-02T21:28:17.396+0000] {logging_mixin.py:188} INFO - [2026-05-02T21:28:17.396+0000] {dagbag.py:545} INFO - Filling up the DagBag from /home/airflow/.local/lib/python3.12/site-packages/airflow/example_dags/example_display_name.py
[2026-05-02T21:28:17.400+0000] {processor.py:840} INFO - DAG(s) 'example_display_name' retrieved from /home/airflow/.local/lib/python3.12/site-packages/airflow/example_dags/example_display_name.py
[2026-05-02T21:28:17.418+0000] {logging_mixin.py:188} INFO - [2026-05-02T21:28:17.418+0000] {dag.py:3089} INFO - Sync 1 DAGs
[2026-05-02T21:28:17.426+0000] {logging_mixin.py:188} INFO - [2026-05-02T21:28:17.426+0000] {dag.py:3947} INFO - Setting next_dagrun for example_display_name to None, run_after=None
[2026-05-02T21:28:17.443+0000] {processor.py:183} INFO - Processing /home/airflow/.local/lib/python3.12/site-packages/airflow/example_dags/example_display_name.py took 0.055 seconds
[2026-05-02T21:28:47.809+0000] {processor.py:161} INFO - Started process (PID=443) to work on /home/airflow/.local/lib/python3.12/site-packages/airflow/example_dags/example_display_name.py
[2026-05-02T21:28:47.814+0000] {processor.py:830} INFO - Processing file /home/airflow/.local/lib/python3.12/site-packages/airflow/example_dags/example_display_name.py for tasks to queue
[2026-05-02T21:28:47.836+0000] {logging_mixin.py:188} INFO - [2026-05-02T21:28:47.835+0000] {dagbag.py:545} INFO - Filling up the DagBag from /home/airflow/.local/lib/python3.12/site-packages/airflow/example_dags/example_display_name.py
[2026-05-02T21:28:47.851+0000] {processor.py:840} INFO - DAG(s) 'example_display_name' retrieved from /home/airflow/.local/lib/python3.12/site-packages/airflow/example_dags/example_display_name.py
[2026-05-02T21:28:47.911+0000] {logging_mixin.py:188} INFO - [2026-05-02T21:28:47.911+0000] {dag.py:3089} INFO - Sync 1 DAGs
[2026-05-02T21:28:47.943+0000] {logging_mixin.py:188} INFO - [2026-05-02T21:28:47.943+0000] {dag.py:3947} INFO - Setting next_dagrun for example_display_name to None, run_after=None
[2026-05-02T21:28:47.986+0000] {processor.py:183} INFO - Processing /home/airflow/.local/lib/python3.12/site-packages/airflow/example_dags/example_display_name.py took 0.201 seconds
[2026-05-02T21:29:18.916+0000] {processor.py:161} INFO - Started process (PID=502) to work on /home/airflow/.local/lib/python3.12/site-packages/airflow/example_dags/example_display_name.py
[2026-05-02T21:29:18.917+0000] {processor.py:830} INFO - Processing file /home/airflow/.local/lib/python3.12/site-packages/airflow/example_dags/example_display_name.py for tasks to queue
[2026-05-02T21:29:18.919+0000] {logging_mixin.py:188} INFO - [2026-05-02T21:29:18.919+0000] {dagbag.py:545} INFO - Filling up the DagBag from /home/airflow/.local/lib/python3.12/site-packages/airflow/example_dags/example_display_name.py
[2026-05-02T21:29:18.924+0000] {processor.py:840} INFO - DAG(s) 'example_display_name' retrieved from /home/airflow/.local/lib/python3.12/site-packages/airflow/example_dags/example_display_name.py
[2026-05-02T21:29:18.944+0000] {logging_mixin.py:188} INFO - [2026-05-02T21:29:18.944+0000] {dag.py:3089} INFO - Sync 1 DAGs
[2026-05-02T21:29:18.957+0000] {logging_mixin.py:188} INFO - [2026-05-02T21:29:18.957+0000] {dag.py:3947} INFO - Setting next_dagrun for example_display_name to None, run_after=None
[2026-05-02T21:29:18.977+0000] {processor.py:183} INFO - Processing /home/airflow/.local/lib/python3.12/site-packages/airflow/example_dags/example_display_name.py took 0.066 seconds
[2026-05-02T21:29:49.255+0000] {processor.py:161} INFO - Started process (PID=561) to work on /home/airflow/.local/lib/python3.12/site-packages/airflow/example_dags/example_display_name.py
[2026-05-02T21:29:49.256+0000] {processor.py:830} INFO - Processing file /home/airflow/.local/lib/python3.12/site-packages/airflow/example_dags/example_display_name.py for tasks to queue
[2026-05-02T21:29:49.258+0000] {logging_mixin.py:188} INFO - [2026-05-02T21:29:49.258+0000] {dagbag.py:545} INFO - Filling up the DagBag from /home/airflow/.local/lib/python3.12/site-packages/airflow/example_dags/example_display_name.py
[2026-05-02T21:29:49.263+0000] {processor.py:840} INFO - DAG(s) 'example_display_name' retrieved from /home/airflow/.local/lib/python3.12/site-packages/airflow/example_dags/example_display_name.py
[2026-05-02T21:29:49.281+0000] {logging_mixin.py:188} INFO - [2026-05-02T21:29:49.281+0000] {dag.py:3089} INFO - Sync 1 DAGs
[2026-05-02T21:29:49.292+0000] {logging_mixin.py:188} INFO - [2026-05-02T21:29:49.292+0000] {dag.py:3947} INFO - Setting next_dagrun for example_display_name to None, run_after=None
[2026-05-02T21:29:49.309+0000] {processor.py:183} INFO - Processing /home/airflow/.local/lib/python3.12/site-packages/airflow/example_dags/example_display_name.py took 0.059 seconds
[2026-05-02T21:30:19.501+0000] {processor.py:161} INFO - Started process (PID=620) to work on /home/airflow/.local/lib/python3.12/site-packages/airflow/example_dags/example_display_name.py
[2026-05-02T21:30:19.502+0000] {processor.py:830} INFO - Processing file /home/airflow/.local/lib/python3.12/site-packages/airflow/example_dags/example_display_name.py for tasks to queue
[2026-05-02T21:30:19.504+0000] {logging_mixin.py:188} INFO - [2026-05-02T21:30:19.503+0000] {dagbag.py:545} INFO - Filling up the DagBag from /home/airflow/.local/lib/python3.12/site-packages/airflow/example_dags/example_display_name.py
[2026-05-02T21:30:19.510+0000] {processor.py:840} INFO - DAG(s) 'example_display_name' retrieved from /home/airflow/.local/lib/python3.12/site-packages/airflow/example_dags/example_display_name.py
[2026-05-02T21:30:19.547+0000] {logging_mixin.py:188} INFO - [2026-05-02T21:30:19.546+0000] {dag.py:3089} INFO - Sync 1 DAGs
[2026-05-02T21:30:19.571+0000] {logging_mixin.py:188} INFO - [2026-05-02T21:30:19.571+0000] {dag.py:3947} INFO - Setting next_dagrun for example_display_name to None, run_after=None
[2026-05-02T21:30:19.605+0000] {processor.py:183} INFO - Processing /home/airflow/.local/lib/python3.12/site-packages/airflow/example_dags/example_display_name.py took 0.110 seconds
[2026-05-02T21:30:50.124+0000] {processor.py:161} INFO - Started process (PID=679) to work on /home/airflow/.local/lib/python3.12/site-packages/airflow/example_dags/example_display_name.py
[2026-05-02T21:30:50.127+0000] {processor.py:830} INFO - Processing file /home/airflow/.local/lib/python3.12/site-packages/airflow/example_dags/example_display_name.py for tasks to queue
[2026-05-02T21:30:50.129+0000] {logging_mixin.py:188} INFO - [2026-05-02T21:30:50.129+0000] {dagbag.py:545} INFO - Filling up the DagBag from /home/airflow/.local/lib/python3.12/site-packages/airflow/example_dags/example_display_name.py
[2026-05-02T21:30:50.135+0000] {processor.py:840} INFO - DAG(s) 'example_display_name' retrieved from /home/airflow/.local/lib/python3.12/site-packages/airflow/example_dags/example_display_name.py
[2026-05-02T21:30:50.156+0000] {logging_mixin.py:188} INFO - [2026-05-02T21:30:50.156+0000] {dag.py:3089} INFO - Sync 1 DAGs
[2026-05-02T21:30:50.171+0000] {logging_mixin.py:188} INFO - [2026-05-02T21:30:50.171+0000] {dag.py:3947} INFO - Setting next_dagrun for example_display_name to None, run_after=None
[2026-05-02T21:30:50.189+0000] {processor.py:183} INFO - Processing /home/airflow/.local/lib/python3.12/site-packages/airflow/example_dags/example_display_name.py took 0.072 seconds
[2026-05-02T21:31:20.439+0000] {processor.py:161} INFO - Started process (PID=738) to work on /home/airflow/.local/lib/python3.12/site-packages/airflow/example_dags/example_display_name.py
[2026-05-02T21:31:20.441+0000] {processor.py:830} INFO - Processing file /home/airflow/.local/lib/python3.12/site-packages/airflow/example_dags/example_display_name.py for tasks to queue
[2026-05-02T21:31:20.444+0000] {logging_mixin.py:188} INFO - [2026-05-02T21:31:20.444+0000] {dagbag.py:545} INFO - Filling up the DagBag from /home/airflow/.local/lib/python3.12/site-packages/airflow/example_dags/example_display_name.py
[2026-05-02T21:31:20.454+0000] {processor.py:840} INFO - DAG(s) 'example_display_name' retrieved from /home/airflow/.local/lib/python3.12/site-packages/airflow/example_dags/example_display_name.py
[2026-05-02T21:31:20.472+0000] {logging_mixin.py:188} INFO - [2026-05-02T21:31:20.472+0000] {dag.py:3089} INFO - Sync 1 DAGs
[2026-05-02T21:31:20.482+0000] {logging_mixin.py:188} INFO - [2026-05-02T21:31:20.482+0000] {dag.py:3947} INFO - Setting next_dagrun for example_display_name to None, run_after=None
[2026-05-02T21:31:20.498+0000] {processor.py:183} INFO - Processing /home/airflow/.local/lib/python3.12/site-packages/airflow/example_dags/example_display_name.py took 0.065 seconds
[2026-05-02T21:31:50.883+0000] {processor.py:161} INFO - Started process (PID=797) to work on /home/airflow/.local/lib/python3.12/site-packages/airflow/example_dags/example_display_name.py
[2026-05-02T21:31:50.884+0000] {processor.py:830} INFO - Processing file /home/airflow/.local/lib/python3.12/site-packages/airflow/example_dags/example_display_name.py for tasks to queue
[2026-05-02T21:31:50.885+0000] {logging_mixin.py:188} INFO - [2026-05-02T21:31:50.885+0000] {dagbag.py:545} INFO - Filling up the DagBag from /home/airflow/.local/lib/python3.12/site-packages/airflow/example_dags/example_display_name.py
[2026-05-02T21:31:50.890+0000] {processor.py:840} INFO - DAG(s) 'example_display_name' retrieved from /home/airflow/.local/lib/python3.12/site-packages/airflow/example_dags/example_display_name.py
[2026-05-02T21:31:50.908+0000] {logging_mixin.py:188} INFO - [2026-05-02T21:31:50.907+0000] {dag.py:3089} INFO - Sync 1 DAGs
[2026-05-02T21:31:50.916+0000] {logging_mixin.py:188} INFO - [2026-05-02T21:31:50.916+0000] {dag.py:3947} INFO - Setting next_dagrun for example_display_name to None, run_after=None
[2026-05-02T21:31:50.935+0000] {processor.py:183} INFO - Processing /home/airflow/.local/lib/python3.12/site-packages/airflow/example_dags/example_display_name.py took 0.057 seconds
[2026-05-02T21:32:21.183+0000] {processor.py:161} INFO - Started process (PID=856) to work on /home/airflow/.local/lib/python3.12/site-packages/airflow/example_dags/example_display_name.py
[2026-05-02T21:32:21.184+0000] {processor.py:830} INFO - Processing file /home/airflow/.local/lib/python3.12/site-packages/airflow/example_dags/example_display_name.py for tasks to queue
[2026-05-02T21:32:21.186+0000] {logging_mixin.py:188} INFO - [2026-05-02T21:32:21.186+0000] {dagbag.py:545} INFO - Filling up the DagBag from /home/airflow/.local/lib/python3.12/site-packages/airflow/example_dags/example_display_name.py
[2026-05-02T21:32:21.192+0000] {processor.py:840} INFO - DAG(s) 'example_display_name' retrieved from /home/airflow/.local/lib/python3.12/site-packages/airflow/example_dags/example_display_name.py
[2026-05-02T21:32:21.217+0000] {logging_mixin.py:188} INFO - [2026-05-02T21:32:21.216+0000] {dag.py:3089} INFO - Sync 1 DAGs
[2026-05-02T21:32:21.228+0000] {logging_mixin.py:188} INFO - [2026-05-02T21:32:21.228+0000] {dag.py:3947} INFO - Setting next_dagrun for example_display_name to None, run_after=None
[2026-05-02T21:32:21.249+0000] {processor.py:183} INFO - Processing /home/airflow/.local/lib/python3.12/site-packages/airflow/example_dags/example_display_name.py took 0.072 seconds
[2026-05-02T21:32:51.507+0000] {processor.py:161} INFO - Started process (PID=915) to work on /home/airflow/.local/lib/python3.12/site-packages/airflow/example_dags/example_display_name.py
[2026-05-02T21:32:51.508+0000] {processor.py:830} INFO - Processing file /home/airflow/.local/lib/python3.12/site-packages/airflow/example_dags/example_display_name.py for tasks to queue
[2026-05-02T21:32:51.509+0000] {logging_mixin.py:188} INFO - [2026-05-02T21:32:51.509+0000] {dagbag.py:545} INFO - Filling up the DagBag from /home/airflow/.local/lib/python3.12/site-packages/airflow/example_dags/example_display_name.py
[2026-05-02T21:32:51.513+0000] {processor.py:840} INFO - DAG(s) 'example_display_name' retrieved from /home/airflow/.local/lib/python3.12/site-packages/airflow/example_dags/example_display_name.py
[2026-05-02T21:32:51.534+0000] {logging_mixin.py:188} INFO - [2026-05-02T21:32:51.534+0000] {dag.py:3089} INFO - Sync 1 DAGs
[2026-05-02T21:32:51.546+0000] {logging_mixin.py:188} INFO - [2026-05-02T21:32:51.546+0000] {dag.py:3947} INFO - Setting next_dagrun for example_display_name to None, run_after=None
[2026-05-02T21:32:51.562+0000] {processor.py:183} INFO - Processing /home/airflow/.local/lib/python3.12/site-packages/airflow/example_dags/example_display_name.py took 0.060 seconds
[2026-05-02T21:33:22.069+0000] {processor.py:161} INFO - Started process (PID=974) to work on /home/airflow/.local/lib/python3.12/site-packages/airflow/example_dags/example_display_name.py
[2026-05-02T21:33:22.071+0000] {processor.py:830} INFO - Processing file /home/airflow/.local/lib/python3.12/site-packages/airflow/example_dags/example_display_name.py for tasks to queue
[2026-05-02T21:33:22.073+0000] {logging_mixin.py:188} INFO - [2026-05-02T21:33:22.073+0000] {dagbag.py:545} INFO - Filling up the DagBag from /home/airflow/.local/lib/python3.12/site-packages/airflow/example_dags/example_display_name.py
[2026-05-02T21:33:22.077+0000] {processor.py:840} INFO - DAG(s) 'example_display_name' retrieved from /home/airflow/.local/lib/python3.12/site-packages/airflow/example_dags/example_display_name.py
[2026-05-02T21:33:22.099+0000] {logging_mixin.py:188} INFO - [2026-05-02T21:33:22.098+0000] {dag.py:3089} INFO - Sync 1 DAGs
[2026-05-02T21:33:22.115+0000] {logging_mixin.py:188} INFO - [2026-05-02T21:33:22.115+0000] {dag.py:3947} INFO - Setting next_dagrun for example_display_name to None, run_after=None
[2026-05-02T21:33:22.137+0000] {processor.py:183} INFO - Processing /home/airflow/.local/lib/python3.12/site-packages/airflow/example_dags/example_display_name.py took 0.075 seconds
[2026-05-02T21:33:52.487+0000] {processor.py:161} INFO - Started process (PID=1033) to work on /home/airflow/.local/lib/python3.12/site-packages/airflow/example_dags/example_display_name.py
[2026-05-02T21:33:52.488+0000] {processor.py:830} INFO - Processing file /home/airflow/.local/lib/python3.12/site-packages/airflow/example_dags/example_display_name.py for tasks to queue
[2026-05-02T21:33:52.490+0000] {logging_mixin.py:188} INFO - [2026-05-02T21:33:52.489+0000] {dagbag.py:545} INFO - Filling up the DagBag from /home/airflow/.local/lib/python3.12/site-packages/airflow/example_dags/example_display_name.py
[2026-05-02T21:33:52.494+0000] {processor.py:840} INFO - DAG(s) 'example_display_name' retrieved from /home/airflow/.local/lib/python3.12/site-packages/airflow/example_dags/example_display_name.py
[2026-05-02T21:33:52.516+0000] {logging_mixin.py:188} INFO - [2026-05-02T21:33:52.516+0000] {dag.py:3089} INFO - Sync 1 DAGs
[2026-05-02T21:33:52.525+0000] {logging_mixin.py:188} INFO - [2026-05-02T21:33:52.525+0000] {dag.py:3947} INFO - Setting next_dagrun for example_display_name to None, run_after=None
[2026-05-02T21:33:52.542+0000] {processor.py:183} INFO - Processing /home/airflow/.local/lib/python3.12/site-packages/airflow/example_dags/example_display_name.py took 0.061 seconds
[2026-05-02T21:34:22.813+0000] {processor.py:161} INFO - Started process (PID=1092) to work on /home/airflow/.local/lib/python3.12/site-packages/airflow/example_dags/example_display_name.py
[2026-05-02T21:34:22.814+0000] {processor.py:830} INFO - Processing file /home/airflow/.local/lib/python3.12/site-packages/airflow/example_dags/example_display_name.py for tasks to queue
[2026-05-02T21:34:22.817+0000] {logging_mixin.py:188} INFO - [2026-05-02T21:34:22.817+0000] {dagbag.py:545} INFO - Filling up the DagBag from /home/airflow/.local/lib/python3.12/site-packages/airflow/example_dags/example_display_name.py
[2026-05-02T21:34:22.828+0000] {processor.py:840} INFO - DAG(s) 'example_display_name' retrieved from /home/airflow/.local/lib/python3.12/site-packages/airflow/example_dags/example_display_name.py
[2026-05-02T21:34:22.890+0000] {logging_mixin.py:188} INFO - [2026-05-02T21:34:22.890+0000] {dag.py:3089} INFO - Sync 1 DAGs
[2026-05-02T21:34:22.905+0000] {logging_mixin.py:188} INFO - [2026-05-02T21:34:22.904+0000] {dag.py:3947} INFO - Setting next_dagrun for example_display_name to None, run_after=None
[2026-05-02T21:34:22.929+0000] {processor.py:183} INFO - Processing /home/airflow/.local/lib/python3.12/site-packages/airflow/example_dags/example_display_name.py took 0.123 seconds
[2026-05-02T21:34:53.039+0000] {processor.py:161} INFO - Started process (PID=1151) to work on /home/airflow/.local/lib/python3.12/site-packages/airflow/example_dags/example_display_name.py
[2026-05-02T21:34:53.040+0000] {processor.py:830} INFO - Processing file /home/airflow/.local/lib/python3.12/site-packages/airflow/example_dags/example_display_name.py for tasks to queue
[2026-05-02T21:34:53.042+0000] {logging_mixin.py:188} INFO - [2026-05-02T21:34:53.042+0000] {dagbag.py:545} INFO - Filling up the DagBag from /home/airflow/.local/lib/python3.12/site-packages/airflow/example_dags/example_display_name.py
[2026-05-02T21:34:53.047+0000] {processor.py:840} INFO - DAG(s) 'example_display_name' retrieved from /home/airflow/.local/lib/python3.12/site-packages/airflow/example_dags/example_display_name.py
[2026-05-02T21:34:53.070+0000] {logging_mixin.py:188} INFO - [2026-05-02T21:34:53.069+0000] {dag.py:3089} INFO - Sync 1 DAGs
[2026-05-02T21:34:53.083+0000] {logging_mixin.py:188} INFO - [2026-05-02T21:34:53.083+0000] {dag.py:3947} INFO - Setting next_dagrun for example_display_name to None, run_after=None
[2026-05-02T21:34:53.113+0000] {processor.py:183} INFO - Processing /home/airflow/.local/lib/python3.12/site-packages/airflow/example_dags/example_display_name.py took 0.079 seconds
[2026-05-02T21:35:23.496+0000] {processor.py:161} INFO - Started process (PID=1210) to work on /home/airflow/.local/lib/python3.12/site-packages/airflow/example_dags/example_display_name.py
[2026-05-02T21:35:23.498+0000] {processor.py:830} INFO - Processing file /home/airflow/.local/lib/python3.12/site-packages/airflow/example_dags/example_display_name.py for tasks to queue
[2026-05-02T21:35:23.499+0000] {logging_mixin.py:188} INFO - [2026-05-02T21:35:23.499+0000] {dagbag.py:545} INFO - Filling up the DagBag from /home/airflow/.local/lib/python3.12/site-packages/airflow/example_dags/example_display_name.py
[2026-05-02T21:35:23.503+0000] {processor.py:840} INFO - DAG(s) 'example_display_name' retrieved from /home/airflow/.local/lib/python3.12/site-packages/airflow/example_dags/example_display_name.py
[2026-05-02T21:35:23.519+0000] {logging_mixin.py:188} INFO - [2026-05-02T21:35:23.519+0000] {dag.py:3089} INFO - Sync 1 DAGs
[2026-05-02T21:35:23.529+0000] {logging_mixin.py:188} INFO - [2026-05-02T21:35:23.529+0000] {dag.py:3947} INFO - Setting next_dagrun for example_display_name to None, run_after=None
[2026-05-02T21:35:23.544+0000] {processor.py:183} INFO - Processing /home/airflow/.local/lib/python3.12/site-packages/airflow/example_dags/example_display_name.py took 0.053 seconds
[2026-05-02T21:35:53.813+0000] {processor.py:161} INFO - Started process (PID=1269) to work on /home/airflow/.local/lib/python3.12/site-packages/airflow/example_dags/example_display_name.py
[2026-05-02T21:35:53.814+0000] {processor.py:830} INFO - Processing file /home/airflow/.local/lib/python3.12/site-packages/airflow/example_dags/example_display_name.py for tasks to queue
[2026-05-02T21:35:53.815+0000] {logging_mixin.py:188} INFO - [2026-05-02T21:35:53.815+0000] {dagbag.py:545} INFO - Filling up the DagBag from /home/airflow/.local/lib/python3.12/site-packages/airflow/example_dags/example_display_name.py
[2026-05-02T21:35:53.819+0000] {processor.py:840} INFO - DAG(s) 'example_display_name' retrieved from /home/airflow/.local/lib/python3.12/site-packages/airflow/example_dags/example_display_name.py
[2026-05-02T21:35:53.836+0000] {logging_mixin.py:188} INFO - [2026-05-02T21:35:53.836+0000] {dag.py:3089} INFO - Sync 1 DAGs
[2026-05-02T21:35:53.845+0000] {logging_mixin.py:188} INFO - [2026-05-02T21:35:53.845+0000] {dag.py:3947} INFO - Setting next_dagrun for example_display_name to None, run_after=None
[2026-05-02T21:35:53.861+0000] {processor.py:183} INFO - Processing /home/airflow/.local/lib/python3.12/site-packages/airflow/example_dags/example_display_name.py took 0.052 seconds
[2026-05-02T21:36:24.228+0000] {processor.py:161} INFO - Started process (PID=1328) to work on /home/airflow/.local/lib/python3.12/site-packages/airflow/example_dags/example_display_name.py
[2026-05-02T21:36:24.232+0000] {processor.py:830} INFO - Processing file /home/airflow/.local/lib/python3.12/site-packages/airflow/example_dags/example_display_name.py for tasks to queue
[2026-05-02T21:36:24.235+0000] {logging_mixin.py:188} INFO - [2026-05-02T21:36:24.235+0000] {dagbag.py:545} INFO - Filling up the DagBag from /home/airflow/.local/lib/python3.12/site-packages/airflow/example_dags/example_display_name.py
[2026-05-02T21:36:24.242+0000] {processor.py:840} INFO - DAG(s) 'example_display_name' retrieved from /home/airflow/.local/lib/python3.12/site-packages/airflow/example_dags/example_display_name.py
[2026-05-02T21:36:24.264+0000] {logging_mixin.py:188} INFO - [2026-05-02T21:36:24.264+0000] {dag.py:3089} INFO - Sync 1 DAGs
[2026-05-02T21:36:24.279+0000] {logging_mixin.py:188} INFO - [2026-05-02T21:36:24.279+0000] {dag.py:3947} INFO - Setting next_dagrun for example_display_name to None, run_after=None
[2026-05-02T21:36:24.293+0000] {processor.py:183} INFO - Processing /home/airflow/.local/lib/python3.12/site-packages/airflow/example_dags/example_display_name.py took 0.074 seconds
[2026-05-02T21:36:54.870+0000] {processor.py:161} INFO - Started process (PID=1387) to work on /home/airflow/.local/lib/python3.12/site-packages/airflow/example_dags/example_display_name.py
[2026-05-02T21:36:54.871+0000] {processor.py:830} INFO - Processing file /home/airflow/.local/lib/python3.12/site-packages/airflow/example_dags/example_display_name.py for tasks to queue
[2026-05-02T21:36:54.872+0000] {logging_mixin.py:188} INFO - [2026-05-02T21:36:54.872+0000] {dagbag.py:545} INFO - Filling up the DagBag from /home/airflow/.local/lib/python3.12/site-packages/airflow/example_dags/example_display_name.py
[2026-05-02T21:36:54.876+0000] {processor.py:840} INFO - DAG(s) 'example_display_name' retrieved from /home/airflow/.local/lib/python3.12/site-packages/airflow/example_dags/example_display_name.py
[2026-05-02T21:36:54.891+0000] {logging_mixin.py:188} INFO - [2026-05-02T21:36:54.891+0000] {dag.py:3089} INFO - Sync 1 DAGs
[2026-05-02T21:36:54.899+0000] {logging_mixin.py:188} INFO - [2026-05-02T21:36:54.899+0000] {dag.py:3947} INFO - Setting next_dagrun for example_display_name to None, run_after=None
[2026-05-02T21:36:54.913+0000] {processor.py:183} INFO - Processing /home/airflow/.local/lib/python3.12/site-packages/airflow/example_dags/example_display_name.py took 0.047 seconds
[2026-05-02T21:37:25.299+0000] {processor.py:161} INFO - Started process (PID=1446) to work on /home/airflow/.local/lib/python3.12/site-packages/airflow/example_dags/example_display_name.py
[2026-05-02T21:37:25.300+0000] {processor.py:830} INFO - Processing file /home/airflow/.local/lib/python3.12/site-packages/airflow/example_dags/example_display_name.py for tasks to queue
[2026-05-02T21:37:25.301+0000] {logging_mixin.py:188} INFO - [2026-05-02T21:37:25.301+0000] {dagbag.py:545} INFO - Filling up the DagBag from /home/airflow/.local/lib/python3.12/site-packages/airflow/example_dags/example_display_name.py
[2026-05-02T21:37:25.307+0000] {processor.py:840} INFO - DAG(s) 'example_display_name' retrieved from /home/airflow/.local/lib/python3.12/site-packages/airflow/example_dags/example_display_name.py
[2026-05-02T21:37:25.326+0000] {logging_mixin.py:188} INFO - [2026-05-02T21:37:25.325+0000] {dag.py:3089} INFO - Sync 1 DAGs
[2026-05-02T21:37:25.334+0000] {logging_mixin.py:188} INFO - [2026-05-02T21:37:25.334+0000] {dag.py:3947} INFO - Setting next_dagrun for example_display_name to None, run_after=None
[2026-05-02T21:37:25.349+0000] {processor.py:183} INFO - Processing /home/airflow/.local/lib/python3.12/site-packages/airflow/example_dags/example_display_name.py took 0.056 seconds
[2026-05-02T21:37:55.539+0000] {processor.py:161} INFO - Started process (PID=1505) to work on /home/airflow/.local/lib/python3.12/site-packages/airflow/example_dags/example_display_name.py
[2026-05-02T21:37:55.543+0000] {processor.py:830} INFO - Processing file /home/airflow/.local/lib/python3.12/site-packages/airflow/example_dags/example_display_name.py for tasks to queue
[2026-05-02T21:37:55.545+0000] {logging_mixin.py:188} INFO - [2026-05-02T21:37:55.545+0000] {dagbag.py:545} INFO - Filling up the DagBag from /home/airflow/.local/lib/python3.12/site-packages/airflow/example_dags/example_display_name.py
[2026-05-02T21:37:55.550+0000] {processor.py:840} INFO - DAG(s) 'example_display_name' retrieved from /home/airflow/.local/lib/python3.12/site-packages/airflow/example_dags/example_display_name.py
[2026-05-02T21:37:55.566+0000] {logging_mixin.py:188} INFO - [2026-05-02T21:37:55.566+0000] {dag.py:3089} INFO - Sync 1 DAGs
[2026-05-02T21:37:55.575+0000] {logging_mixin.py:188} INFO - [2026-05-02T21:37:55.574+0000] {dag.py:3947} INFO - Setting next_dagrun for example_display_name to None, run_after=None
[2026-05-02T21:37:55.594+0000] {processor.py:183} INFO - Processing /home/airflow/.local/lib/python3.12/site-packages/airflow/example_dags/example_display_name.py took 0.059 seconds
[2026-05-02T21:38:25.692+0000] {processor.py:161} INFO - Started process (PID=1564) to work on /home/airflow/.local/lib/python3.12/site-packages/airflow/example_dags/example_display_name.py
[2026-05-02T21:38:25.692+0000] {processor.py:830} INFO - Processing file /home/airflow/.local/lib/python3.12/site-packages/airflow/example_dags/example_display_name.py for tasks to queue
[2026-05-02T21:38:25.694+0000] {logging_mixin.py:188} INFO - [2026-05-02T21:38:25.694+0000] {dagbag.py:545} INFO - Filling up the DagBag from /home/airflow/.local/lib/python3.12/site-packages/airflow/example_dags/example_display_name.py
[2026-05-02T21:38:25.698+0000] {processor.py:840} INFO - DAG(s) 'example_display_name' retrieved from /home/airflow/.local/lib/python3.12/site-packages/airflow/example_dags/example_display_name.py
[2026-05-02T21:38:25.712+0000] {logging_mixin.py:188} INFO - [2026-05-02T21:38:25.712+0000] {dag.py:3089} INFO - Sync 1 DAGs
[2026-05-02T21:38:25.722+0000] {logging_mixin.py:188} INFO - [2026-05-02T21:38:25.721+0000] {dag.py:3947} INFO - Setting next_dagrun for example_display_name to None, run_after=None
[2026-05-02T21:38:25.737+0000] {processor.py:183} INFO - Processing /home/airflow/.local/lib/python3.12/site-packages/airflow/example_dags/example_display_name.py took 0.050 seconds
[2026-05-02T21:38:56.018+0000] {processor.py:161} INFO - Started process (PID=1623) to work on /home/airflow/.local/lib/python3.12/site-packages/airflow/example_dags/example_display_name.py
[2026-05-02T21:38:56.019+0000] {processor.py:830} INFO - Processing file /home/airflow/.local/lib/python3.12/site-packages/airflow/example_dags/example_display_name.py for tasks to queue
[2026-05-02T21:38:56.020+0000] {logging_mixin.py:188} INFO - [2026-05-02T21:38:56.020+0000] {dagbag.py:545} INFO - Filling up the DagBag from /home/airflow/.local/lib/python3.12/site-packages/airflow/example_dags/example_display_name.py
[2026-05-02T21:38:56.025+0000] {processor.py:840} INFO - DAG(s) 'example_display_name' retrieved from /home/airflow/.local/lib/python3.12/site-packages/airflow/example_dags/example_display_name.py
[2026-05-02T21:38:56.046+0000] {logging_mixin.py:188} INFO - [2026-05-02T21:38:56.045+0000] {dag.py:3089} INFO - Sync 1 DAGs
[2026-05-02T21:38:56.055+0000] {logging_mixin.py:188} INFO - [2026-05-02T21:38:56.055+0000] {dag.py:3947} INFO - Setting next_dagrun for example_display_name to None, run_after=None
[2026-05-02T21:38:56.075+0000] {processor.py:183} INFO - Processing /home/airflow/.local/lib/python3.12/site-packages/airflow/example_dags/example_display_name.py took 0.062 seconds
[2026-05-02T21:39:26.469+0000] {processor.py:161} INFO - Started process (PID=1682) to work on /home/airflow/.local/lib/python3.12/site-packages/airflow/example_dags/example_display_name.py
[2026-05-02T21:39:26.471+0000] {processor.py:830} INFO - Processing file /home/airflow/.local/lib/python3.12/site-packages/airflow/example_dags/example_display_name.py for tasks to queue
[2026-05-02T21:39:26.472+0000] {logging_mixin.py:188} INFO - [2026-05-02T21:39:26.472+0000] {dagbag.py:545} INFO - Filling up the DagBag from /home/airflow/.local/lib/python3.12/site-packages/airflow/example_dags/example_display_name.py
[2026-05-02T21:39:26.476+0000] {processor.py:840} INFO - DAG(s) 'example_display_name' retrieved from /home/airflow/.local/lib/python3.12/site-packages/airflow/example_dags/example_display_name.py
[2026-05-02T21:39:26.494+0000] {logging_mixin.py:188} INFO - [2026-05-02T21:39:26.494+0000] {dag.py:3089} INFO - Sync 1 DAGs
[2026-05-02T21:39:26.503+0000] {logging_mixin.py:188} INFO - [2026-05-02T21:39:26.503+0000] {dag.py:3947} INFO - Setting next_dagrun for example_display_name to None, run_after=None
[2026-05-02T21:39:26.517+0000] {processor.py:183} INFO - Processing /home/airflow/.local/lib/python3.12/site-packages/airflow/example_dags/example_display_name.py took 0.052 seconds
[2026-05-02T21:39:56.837+0000] {processor.py:161} INFO - Started process (PID=1741) to work on /home/airflow/.local/lib/python3.12/site-packages/airflow/example_dags/example_display_name.py
[2026-05-02T21:39:56.838+0000] {processor.py:830} INFO - Processing file /home/airflow/.local/lib/python3.12/site-packages/airflow/example_dags/example_display_name.py for tasks to queue
[2026-05-02T21:39:56.839+0000] {logging_mixin.py:188} INFO - [2026-05-02T21:39:56.839+0000] {dagbag.py:545} INFO - Filling up the DagBag from /home/airflow/.local/lib/python3.12/site-packages/airflow/example_dags/example_display_name.py
[2026-05-02T21:39:56.845+0000] {processor.py:840} INFO - DAG(s) 'example_display_name' retrieved from /home/airflow/.local/lib/python3.12/site-packages/airflow/example_dags/example_display_name.py
[2026-05-02T21:39:56.865+0000] {logging_mixin.py:188} INFO - [2026-05-02T21:39:56.865+0000] {dag.py:3089} INFO - Sync 1 DAGs
[2026-05-02T21:39:56.873+0000] {logging_mixin.py:188} INFO - [2026-05-02T21:39:56.873+0000] {dag.py:3947} INFO - Setting next_dagrun for example_display_name to None, run_after=None
[2026-05-02T21:39:56.891+0000] {processor.py:183} INFO - Processing /home/airflow/.local/lib/python3.12/site-packages/airflow/example_dags/example_display_name.py took 0.058 seconds
[2026-05-02T21:40:27.216+0000] {processor.py:161} INFO - Started process (PID=1800) to work on /home/airflow/.local/lib/python3.12/site-packages/airflow/example_dags/example_display_name.py
[2026-05-02T21:40:27.217+0000] {processor.py:830} INFO - Processing file /home/airflow/.local/lib/python3.12/site-packages/airflow/example_dags/example_display_name.py for tasks to queue
[2026-05-02T21:40:27.218+0000] {logging_mixin.py:188} INFO - [2026-05-02T21:40:27.218+0000] {dagbag.py:545} INFO - Filling up the DagBag from /home/airflow/.local/lib/python3.12/site-packages/airflow/example_dags/example_display_name.py
[2026-05-02T21:40:27.224+0000] {processor.py:840} INFO - DAG(s) 'example_display_name' retrieved from /home/airflow/.local/lib/python3.12/site-packages/airflow/example_dags/example_display_name.py
[2026-05-02T21:40:27.244+0000] {logging_mixin.py:188} INFO - [2026-05-02T21:40:27.244+0000] {dag.py:3089} INFO - Sync 1 DAGs
[2026-05-02T21:40:27.253+0000] {logging_mixin.py:188} INFO - [2026-05-02T21:40:27.253+0000] {dag.py:3947} INFO - Setting next_dagrun for example_display_name to None, run_after=None
[2026-05-02T21:40:27.266+0000] {processor.py:183} INFO - Processing /home/airflow/.local/lib/python3.12/site-packages/airflow/example_dags/example_display_name.py took 0.055 seconds
[2026-05-02T21:40:57.342+0000] {processor.py:161} INFO - Started process (PID=1859) to work on /home/airflow/.local/lib/python3.12/site-packages/airflow/example_dags/example_display_name.py
[2026-05-02T21:40:57.342+0000] {processor.py:830} INFO - Processing file /home/airflow/.local/lib/python3.12/site-packages/airflow/example_dags/example_display_name.py for tasks to queue
[2026-05-02T21:40:57.344+0000] {logging_mixin.py:188} INFO - [2026-05-02T21:40:57.344+0000] {dagbag.py:545} INFO - Filling up the DagBag from /home/airflow/.local/lib/python3.12/site-packages/airflow/example_dags/example_display_name.py
[2026-05-02T21:40:57.348+0000] {processor.py:840} INFO - DAG(s) 'example_display_name' retrieved from /home/airflow/.local/lib/python3.12/site-packages/airflow/example_dags/example_display_name.py
[2026-05-02T21:40:57.366+0000] {logging_mixin.py:188} INFO - [2026-05-02T21:40:57.365+0000] {dag.py:3089} INFO - Sync 1 DAGs
[2026-05-02T21:40:57.375+0000] {logging_mixin.py:188} INFO - [2026-05-02T21:40:57.375+0000] {dag.py:3947} INFO - Setting next_dagrun for example_display_name to None, run_after=None
[2026-05-02T21:40:57.388+0000] {processor.py:183} INFO - Processing /home/airflow/.local/lib/python3.12/site-packages/airflow/example_dags/example_display_name.py took 0.051 seconds
[2026-05-02T21:41:28.072+0000] {processor.py:161} INFO - Started process (PID=1917) to work on /home/airflow/.local/lib/python3.12/site-packages/airflow/example_dags/example_display_name.py
[2026-05-02T21:41:28.076+0000] {processor.py:830} INFO - Processing file /home/airflow/.local/lib/python3.12/site-packages/airflow/example_dags/example_display_name.py for tasks to queue
[2026-05-02T21:41:28.081+0000] {logging_mixin.py:188} INFO - [2026-05-02T21:41:28.081+0000] {dagbag.py:545} INFO - Filling up the DagBag from /home/airflow/.local/lib/python3.12/site-packages/airflow/example_dags/example_display_name.py
[2026-05-02T21:41:28.090+0000] {processor.py:840} INFO - DAG(s) 'example_display_name' retrieved from /home/airflow/.local/lib/python3.12/site-packages/airflow/example_dags/example_display_name.py
[2026-05-02T21:41:28.112+0000] {logging_mixin.py:188} INFO - [2026-05-02T21:41:28.111+0000] {dag.py:3089} INFO - Sync 1 DAGs
[2026-05-02T21:41:28.124+0000] {logging_mixin.py:188} INFO - [2026-05-02T21:41:28.124+0000] {dag.py:3947} INFO - Setting next_dagrun for example_display_name to None, run_after=None
[2026-05-02T21:41:28.318+0000] {processor.py:183} INFO - Processing /home/airflow/.local/lib/python3.12/site-packages/airflow/example_dags/example_display_name.py took 0.254 seconds
