[2026-05-03T00:26:53.284+0000] {taskinstance.py:1979} INFO - Dependencies all met for dep_context=non-requeueable deps ti=<TaskInstance: marketing_pipeline.dbt_run_staging scheduled__2026-05-02T00:00:00+00:00 [queued]>
[2026-05-03T00:26:53.301+0000] {taskinstance.py:1979} INFO - Dependencies all met for dep_context=requeueable deps ti=<TaskInstance: marketing_pipeline.dbt_run_staging scheduled__2026-05-02T00:00:00+00:00 [queued]>
[2026-05-03T00:26:53.302+0000] {taskinstance.py:2193} INFO - Starting attempt 2 of 2
[2026-05-03T00:26:53.322+0000] {taskinstance.py:2217} INFO - Executing <Task(BashOperator): dbt_run_staging> on 2026-05-02 00:00:00+00:00
[2026-05-03T00:26:53.333+0000] {standard_task_runner.py:60} INFO - Started process 766 to run task
[2026-05-03T00:26:53.340+0000] {standard_task_runner.py:87} INFO - Running: ['***', 'tasks', 'run', 'marketing_pipeline', 'dbt_run_staging', 'scheduled__2026-05-02T00:00:00+00:00', '--job-id', '17', '--raw', '--subdir', 'DAGS_FOLDER/marketing_pipeline.py', '--cfg-path', '/tmp/tmpy9bysdd8']
[2026-05-03T00:26:53.346+0000] {standard_task_runner.py:88} INFO - Job 17: Subtask dbt_run_staging
[2026-05-03T00:26:53.430+0000] {task_command.py:423} INFO - Running <TaskInstance: marketing_pipeline.dbt_run_staging scheduled__2026-05-02T00:00:00+00:00 [running]> on host ***-worker
[2026-05-03T00:26:53.537+0000] {taskinstance.py:2513} INFO - Exporting env vars: AIRFLOW_CTX_DAG_OWNER='ujwala' AIRFLOW_CTX_DAG_ID='marketing_pipeline' AIRFLOW_CTX_TASK_ID='dbt_run_staging' AIRFLOW_CTX_EXECUTION_DATE='2026-05-02T00:00:00+00:00' AIRFLOW_CTX_TRY_NUMBER='2' AIRFLOW_CTX_DAG_RUN_ID='scheduled__2026-05-02T00:00:00+00:00'
[2026-05-03T00:26:53.541+0000] {subprocess.py:63} INFO - Tmp dir root location: /tmp
[2026-05-03T00:26:53.542+0000] {subprocess.py:75} INFO - Running command: ['/usr/bin/bash', '-c', 'cd /opt/***/marketing_dbt && /home/***/.local/bin/dbt run --select staging']
[2026-05-03T00:26:53.576+0000] {subprocess.py:86} INFO - Output:
[2026-05-03T00:26:55.738+0000] {subprocess.py:93} INFO - [0m00:26:55  Running with dbt=1.8.7
[2026-05-03T00:26:56.775+0000] {subprocess.py:93} INFO - [0m00:26:56  Registered adapter: snowflake=1.8.4
[2026-05-03T00:26:57.102+0000] {subprocess.py:93} INFO - [0m00:26:57  Found 7 models, 16 data tests, 6 sources, 455 macros
[2026-05-03T00:26:57.104+0000] {subprocess.py:93} INFO - [0m00:26:57
[2026-05-03T00:27:02.653+0000] {subprocess.py:93} INFO - [0m00:27:02  Concurrency: 4 threads (target='dev')
[2026-05-03T00:27:02.655+0000] {subprocess.py:93} INFO - [0m00:27:02
[2026-05-03T00:27:02.669+0000] {subprocess.py:93} INFO - [0m00:27:02  1 of 6 START sql view model STAGING.stg_ad_channels ............................ [RUN]
[2026-05-03T00:27:02.669+0000] {subprocess.py:93} INFO - [0m00:27:02  2 of 6 START sql view model STAGING.stg_clicks ................................. [RUN]
[2026-05-03T00:27:02.670+0000] {subprocess.py:93} INFO - [0m00:27:02  3 of 6 START sql view model STAGING.stg_locks .................................. [RUN]
[2026-05-03T00:27:02.670+0000] {subprocess.py:93} INFO - [0m00:27:02  4 of 6 START sql view model STAGING.stg_sales .................................. [RUN]
[2026-05-03T00:27:04.729+0000] {subprocess.py:93} INFO - [0m00:27:04  4 of 6 OK created sql view model STAGING.stg_sales ............................. [[32mSUCCESS 1[0m in 2.05s]
[2026-05-03T00:27:04.732+0000] {subprocess.py:93} INFO - [0m00:27:04  2 of 6 OK created sql view model STAGING.stg_clicks ............................ [[32mSUCCESS 1[0m in 2.05s]
[2026-05-03T00:27:04.737+0000] {subprocess.py:93} INFO - [0m00:27:04  5 of 6 START sql view model STAGING.stg_spend .................................. [RUN]
[2026-05-03T00:27:04.738+0000] {subprocess.py:93} INFO - [0m00:27:04  6 of 6 START sql view model STAGING.stg_vehicles ............................... [RUN]
[2026-05-03T00:27:04.852+0000] {subprocess.py:93} INFO - [0m00:27:04  3 of 6 OK created sql view model STAGING.stg_locks ............................. [[32mSUCCESS 1[0m in 2.18s]
[2026-05-03T00:27:05.822+0000] {subprocess.py:93} INFO - [0m00:27:05  1 of 6 OK created sql view model STAGING.stg_ad_channels ....................... [[32mSUCCESS 1[0m in 3.15s]
[2026-05-03T00:27:06.185+0000] {subprocess.py:93} INFO - [0m00:27:06  6 of 6 OK created sql view model STAGING.stg_vehicles .......................... [[32mSUCCESS 1[0m in 1.44s]
[2026-05-03T00:27:06.292+0000] {subprocess.py:93} INFO - [0m00:27:06  5 of 6 OK created sql view model STAGING.stg_spend ............................. [[32mSUCCESS 1[0m in 1.55s]
[2026-05-03T00:27:06.305+0000] {subprocess.py:93} INFO - [0m00:27:06
[2026-05-03T00:27:06.306+0000] {subprocess.py:93} INFO - [0m00:27:06  Finished running 6 view models in 0 hours 0 minutes and 9.20 seconds (9.20s).
[2026-05-03T00:27:06.368+0000] {subprocess.py:93} INFO - [0m00:27:06
[2026-05-03T00:27:06.370+0000] {subprocess.py:93} INFO - [0m00:27:06  [32mCompleted successfully[0m
[2026-05-03T00:27:06.371+0000] {subprocess.py:93} INFO - [0m00:27:06
[2026-05-03T00:27:06.372+0000] {subprocess.py:93} INFO - [0m00:27:06  Done. PASS=6 WARN=0 ERROR=0 SKIP=0 TOTAL=6
[2026-05-03T00:27:07.159+0000] {subprocess.py:97} INFO - Command exited with return code 0
[2026-05-03T00:27:07.188+0000] {taskinstance.py:1149} INFO - Marking task as SUCCESS. dag_id=marketing_pipeline, task_id=dbt_run_staging, execution_date=20260502T000000, start_date=20260503T002653, end_date=20260503T002707
[2026-05-03T00:27:07.228+0000] {local_task_job_runner.py:234} INFO - Task exited with return code 0
[2026-05-03T00:27:07.257+0000] {taskinstance.py:3312} INFO - 1 downstream tasks scheduled from follow-on schedule check
