[2026-05-02T20:30:54.897+0000] {taskinstance.py:1956} INFO - Dependencies all met for dep_context=non-requeueable deps ti=<TaskInstance: marketing_pipeline.ingest_csv_to_snowflake scheduled__2026-05-01T00:00:00+00:00 [queued]>
[2026-05-02T20:30:54.901+0000] {taskinstance.py:1956} INFO - Dependencies all met for dep_context=requeueable deps ti=<TaskInstance: marketing_pipeline.ingest_csv_to_snowflake scheduled__2026-05-01T00:00:00+00:00 [queued]>
[2026-05-02T20:30:54.902+0000] {taskinstance.py:2170} INFO - Starting attempt 2 of 2
[2026-05-02T20:30:54.911+0000] {taskinstance.py:2191} INFO - Executing <Task(PythonOperator): ingest_csv_to_snowflake> on 2026-05-01 00:00:00+00:00
[2026-05-02T20:30:54.916+0000] {standard_task_runner.py:60} INFO - Started process 512 to run task
[2026-05-02T20:30:54.919+0000] {standard_task_runner.py:87} INFO - Running: ['***', 'tasks', 'run', 'marketing_pipeline', 'ingest_csv_to_snowflake', 'scheduled__2026-05-01T00:00:00+00:00', '--job-id', '9', '--raw', '--subdir', 'DAGS_FOLDER/marketing_pipeline.py', '--cfg-path', '/tmp/tmpc3oxfm7g']
[2026-05-02T20:30:54.922+0000] {standard_task_runner.py:88} INFO - Job 9: Subtask ingest_csv_to_snowflake
[2026-05-02T20:30:54.957+0000] {task_command.py:423} INFO - Running <TaskInstance: marketing_pipeline.ingest_csv_to_snowflake scheduled__2026-05-01T00:00:00+00:00 [running]> on host 97df11b3f500
[2026-05-02T20:30:55.001+0000] {taskinstance.py:2480} INFO - Exporting env vars: AIRFLOW_CTX_DAG_OWNER='ujwala' AIRFLOW_CTX_DAG_ID='marketing_pipeline' AIRFLOW_CTX_TASK_ID='ingest_csv_to_snowflake' AIRFLOW_CTX_EXECUTION_DATE='2026-05-01T00:00:00+00:00' AIRFLOW_CTX_TRY_NUMBER='2' AIRFLOW_CTX_DAG_RUN_ID='scheduled__2026-05-01T00:00:00+00:00'
[2026-05-02T20:30:55.685+0000] {logging_mixin.py:188} INFO - Connecting to Snowflake...
[2026-05-02T20:30:55.686+0000] {taskinstance.py:2698} ERROR - Task failed with exception
Traceback (most recent call last):
  File "/home/airflow/.local/lib/python3.8/site-packages/airflow/models/taskinstance.py", line 433, in _execute_task
    result = execute_callable(context=context, **execute_callable_kwargs)
  File "/home/airflow/.local/lib/python3.8/site-packages/airflow/operators/python.py", line 199, in execute
    return_value = self.execute_callable()
  File "/home/airflow/.local/lib/python3.8/site-packages/airflow/operators/python.py", line 216, in execute_callable
    return self.python_callable(*self.op_args, **self.op_kwargs)
  File "/opt/airflow/dags/marketing_pipeline.py", line 21, in run_ingest
    raise Exception(result.stderr)
Exception: Traceback (most recent call last):
  File "/opt/***/ingest/load_raw.py", line 21, in <module>
    user=os.environ["SNOWFLAKE_USER"],
  File "/usr/local/lib/python3.8/os.py", line 675, in __getitem__
    raise KeyError(key) from None
KeyError: 'SNOWFLAKE_USER'

[2026-05-02T20:30:55.693+0000] {taskinstance.py:1138} INFO - Marking task as FAILED. dag_id=marketing_pipeline, task_id=ingest_csv_to_snowflake, execution_date=20260501T000000, start_date=20260502T203054, end_date=20260502T203055
[2026-05-02T20:30:55.702+0000] {standard_task_runner.py:107} ERROR - Failed to execute job 9 for task ingest_csv_to_snowflake (Traceback (most recent call last):
  File "/opt/***/ingest/load_raw.py", line 21, in <module>
    user=os.environ["SNOWFLAKE_USER"],
  File "/usr/local/lib/python3.8/os.py", line 675, in __getitem__
    raise KeyError(key) from None
KeyError: 'SNOWFLAKE_USER'
; 512)
[2026-05-02T20:30:55.717+0000] {local_task_job_runner.py:234} INFO - Task exited with return code 1
[2026-05-02T20:30:55.738+0000] {taskinstance.py:3280} INFO - 0 downstream tasks scheduled from follow-on schedule check
