[2026-05-02T22:53:35.119+0000] {taskinstance.py:1979} INFO - Dependencies all met for dep_context=non-requeueable deps ti=<TaskInstance: marketing_pipeline.dbt_run_staging scheduled__2026-05-01T00:00:00+00:00 [queued]>
[2026-05-02T22:53:35.126+0000] {taskinstance.py:1979} INFO - Dependencies all met for dep_context=requeueable deps ti=<TaskInstance: marketing_pipeline.dbt_run_staging scheduled__2026-05-01T00:00:00+00:00 [queued]>
[2026-05-02T22:53:35.127+0000] {taskinstance.py:2193} INFO - Starting attempt 2 of 2
[2026-05-02T22:53:35.137+0000] {taskinstance.py:2217} INFO - Executing <Task(BashOperator): dbt_run_staging> on 2026-05-01 00:00:00+00:00
[2026-05-02T22:53:35.141+0000] {standard_task_runner.py:60} INFO - Started process 130 to run task
[2026-05-02T22:53:35.154+0000] {standard_task_runner.py:87} INFO - Running: ['***', 'tasks', 'run', 'marketing_pipeline', 'dbt_run_staging', 'scheduled__2026-05-01T00:00:00+00:00', '--job-id', '8', '--raw', '--subdir', 'DAGS_FOLDER/marketing_pipeline.py', '--cfg-path', '/tmp/tmp6umgyk1r']
[2026-05-02T22:53:35.159+0000] {standard_task_runner.py:88} INFO - Job 8: Subtask dbt_run_staging
[2026-05-02T22:53:35.204+0000] {task_command.py:423} INFO - Running <TaskInstance: marketing_pipeline.dbt_run_staging scheduled__2026-05-01T00:00:00+00:00 [running]> on host ***-worker
[2026-05-02T22:53:35.254+0000] {taskinstance.py:2513} INFO - Exporting env vars: AIRFLOW_CTX_DAG_OWNER='ujwala' AIRFLOW_CTX_DAG_ID='marketing_pipeline' AIRFLOW_CTX_TASK_ID='dbt_run_staging' AIRFLOW_CTX_EXECUTION_DATE='2026-05-01T00:00:00+00:00' AIRFLOW_CTX_TRY_NUMBER='2' AIRFLOW_CTX_DAG_RUN_ID='scheduled__2026-05-01T00:00:00+00:00'
[2026-05-02T22:53:35.256+0000] {subprocess.py:63} INFO - Tmp dir root location: /tmp
[2026-05-02T22:53:35.256+0000] {subprocess.py:75} INFO - Running command: ['/usr/bin/bash', '-c', 'cd /opt/***/marketing_dbt && /home/***/.local/bin/dbt run --select staging']
[2026-05-02T22:53:35.261+0000] {subprocess.py:86} INFO - Output:
[2026-05-02T22:53:36.237+0000] {subprocess.py:93} INFO - [0m22:53:36  Running with dbt=1.8.7
[2026-05-02T22:53:36.976+0000] {subprocess.py:93} INFO - [0m22:53:36  Registered adapter: snowflake=1.8.4
[2026-05-02T22:53:37.074+0000] {subprocess.py:93} INFO - [0m22:53:37  Unable to do partial parsing because of a version mismatch
[2026-05-02T22:53:37.739+0000] {subprocess.py:93} INFO - [0m22:53:37  [[33mWARNING[0m]: Deprecated functionality
[2026-05-02T22:53:37.739+0000] {subprocess.py:93} INFO - The `tests` config has been renamed to `data_tests`. Please see
[2026-05-02T22:53:37.739+0000] {subprocess.py:93} INFO - https://docs.getdbt.com/docs/build/data-tests#new-data_tests-syntax for more
[2026-05-02T22:53:37.740+0000] {subprocess.py:93} INFO - information.
[2026-05-02T22:53:37.964+0000] {subprocess.py:93} INFO - [0m22:53:37  Found 7 models, 16 data tests, 6 sources, 455 macros
[2026-05-02T22:53:37.966+0000] {subprocess.py:93} INFO - [0m22:53:37
[2026-05-02T22:53:41.159+0000] {subprocess.py:93} INFO - [0m22:53:41  Concurrency: 4 threads (target='dev')
[2026-05-02T22:53:41.170+0000] {subprocess.py:93} INFO - [0m22:53:41
[2026-05-02T22:53:41.171+0000] {subprocess.py:93} INFO - [0m22:53:41  1 of 6 START sql view model STAGING.stg_ad_channels ............................ [RUN]
[2026-05-02T22:53:41.172+0000] {subprocess.py:93} INFO - [0m22:53:41  2 of 6 START sql view model STAGING.stg_clicks ................................. [RUN]
[2026-05-02T22:53:41.176+0000] {subprocess.py:93} INFO - [0m22:53:41  4 of 6 START sql view model STAGING.stg_sales .................................. [RUN]
[2026-05-02T22:53:41.176+0000] {subprocess.py:93} INFO - [0m22:53:41  3 of 6 START sql view model STAGING.stg_locks .................................. [RUN]
[2026-05-02T22:53:42.113+0000] {subprocess.py:93} INFO - [0m22:53:42  3 of 6 OK created sql view model STAGING.stg_locks ............................. [[32mSUCCESS 1[0m in 0.93s]
[2026-05-02T22:53:42.116+0000] {subprocess.py:93} INFO - [0m22:53:42  5 of 6 START sql view model STAGING.stg_spend .................................. [RUN]
[2026-05-02T22:53:42.130+0000] {subprocess.py:93} INFO - [0m22:53:42  1 of 6 OK created sql view model STAGING.stg_ad_channels ....................... [[32mSUCCESS 1[0m in 0.95s]
[2026-05-02T22:53:42.135+0000] {subprocess.py:93} INFO - [0m22:53:42  2 of 6 OK created sql view model STAGING.stg_clicks ............................ [[32mSUCCESS 1[0m in 0.96s]
[2026-05-02T22:53:42.136+0000] {subprocess.py:93} INFO - [0m22:53:42  4 of 6 OK created sql view model STAGING.stg_sales ............................. [[32mSUCCESS 1[0m in 0.95s]
[2026-05-02T22:53:42.141+0000] {subprocess.py:93} INFO - [0m22:53:42  6 of 6 START sql view model STAGING.stg_vehicles ............................... [RUN]
[2026-05-02T22:53:43.019+0000] {subprocess.py:93} INFO - [0m22:53:43  5 of 6 OK created sql view model STAGING.stg_spend ............................. [[32mSUCCESS 1[0m in 0.90s]
[2026-05-02T22:53:43.180+0000] {subprocess.py:93} INFO - [0m22:53:43  6 of 6 OK created sql view model STAGING.stg_vehicles .......................... [[32mSUCCESS 1[0m in 1.04s]
[2026-05-02T22:53:43.183+0000] {subprocess.py:93} INFO - [0m22:53:43
[2026-05-02T22:53:43.183+0000] {subprocess.py:93} INFO - [0m22:53:43  Finished running 6 view models in 0 hours 0 minutes and 5.22 seconds (5.22s).
[2026-05-02T22:53:43.210+0000] {subprocess.py:93} INFO - [0m22:53:43
[2026-05-02T22:53:43.210+0000] {subprocess.py:93} INFO - [0m22:53:43  [32mCompleted successfully[0m
[2026-05-02T22:53:43.210+0000] {subprocess.py:93} INFO - [0m22:53:43
[2026-05-02T22:53:43.211+0000] {subprocess.py:93} INFO - [0m22:53:43  Done. PASS=6 WARN=0 ERROR=0 SKIP=0 TOTAL=6
[2026-05-02T22:53:43.941+0000] {subprocess.py:97} INFO - Command exited with return code 0
[2026-05-02T22:53:43.972+0000] {taskinstance.py:1149} INFO - Marking task as SUCCESS. dag_id=marketing_pipeline, task_id=dbt_run_staging, execution_date=20260501T000000, start_date=20260502T225335, end_date=20260502T225343
[2026-05-02T22:53:44.005+0000] {local_task_job_runner.py:234} INFO - Task exited with return code 0
[2026-05-02T22:53:44.025+0000] {taskinstance.py:3312} INFO - 1 downstream tasks scheduled from follow-on schedule check
