[2026-05-02T22:51:01.625+0000] {taskinstance.py:1979} INFO - Dependencies all met for dep_context=non-requeueable deps ti=<TaskInstance: marketing_pipeline.dbt_run_staging scheduled__2026-05-01T00:00:00+00:00 [queued]>
[2026-05-02T22:51:01.630+0000] {taskinstance.py:1979} INFO - Dependencies all met for dep_context=requeueable deps ti=<TaskInstance: marketing_pipeline.dbt_run_staging scheduled__2026-05-01T00:00:00+00:00 [queued]>
[2026-05-02T22:51:01.630+0000] {taskinstance.py:2193} INFO - Starting attempt 1 of 2
[2026-05-02T22:51:01.640+0000] {taskinstance.py:2217} INFO - Executing <Task(BashOperator): dbt_run_staging> on 2026-05-01 00:00:00+00:00
[2026-05-02T22:51:01.644+0000] {standard_task_runner.py:60} INFO - Started process 138 to run task
[2026-05-02T22:51:01.648+0000] {standard_task_runner.py:87} INFO - Running: ['***', 'tasks', 'run', 'marketing_pipeline', 'dbt_run_staging', 'scheduled__2026-05-01T00:00:00+00:00', '--job-id', '3', '--raw', '--subdir', 'DAGS_FOLDER/marketing_pipeline.py', '--cfg-path', '/tmp/tmp9cpiz96l']
[2026-05-02T22:51:01.650+0000] {standard_task_runner.py:88} INFO - Job 3: Subtask dbt_run_staging
[2026-05-02T22:51:01.725+0000] {task_command.py:423} INFO - Running <TaskInstance: marketing_pipeline.dbt_run_staging scheduled__2026-05-01T00:00:00+00:00 [running]> on host ***-worker
[2026-05-02T22:51:01.815+0000] {taskinstance.py:2513} INFO - Exporting env vars: AIRFLOW_CTX_DAG_OWNER='ujwala' AIRFLOW_CTX_DAG_ID='marketing_pipeline' AIRFLOW_CTX_TASK_ID='dbt_run_staging' AIRFLOW_CTX_EXECUTION_DATE='2026-05-01T00:00:00+00:00' AIRFLOW_CTX_TRY_NUMBER='1' AIRFLOW_CTX_DAG_RUN_ID='scheduled__2026-05-01T00:00:00+00:00'
[2026-05-02T22:51:01.820+0000] {subprocess.py:63} INFO - Tmp dir root location: /tmp
[2026-05-02T22:51:01.824+0000] {subprocess.py:75} INFO - Running command: ['/usr/bin/bash', '-c', 'cd /opt/***/marketing_dbt && /home/***/.local/bin/dbt run --select staging']
[2026-05-02T22:51:01.842+0000] {subprocess.py:86} INFO - Output:
[2026-05-02T22:51:03.246+0000] {subprocess.py:93} INFO - Usage: dbt run [OPTIONS]
[2026-05-02T22:51:03.250+0000] {subprocess.py:93} INFO - Try 'dbt run -h' for help.
[2026-05-02T22:51:03.250+0000] {subprocess.py:93} INFO - 
[2026-05-02T22:51:03.252+0000] {subprocess.py:93} INFO - Error: Invalid value for '--profiles-dir': Path '/home/***/.dbt' does not exist.
[2026-05-02T22:51:03.480+0000] {subprocess.py:97} INFO - Command exited with return code 2
[2026-05-02T22:51:03.499+0000] {taskinstance.py:2731} ERROR - Task failed with exception
Traceback (most recent call last):
  File "/home/airflow/.local/lib/python3.8/site-packages/airflow/models/taskinstance.py", line 444, in _execute_task
    result = _execute_callable(context=context, **execute_callable_kwargs)
  File "/home/airflow/.local/lib/python3.8/site-packages/airflow/models/taskinstance.py", line 414, in _execute_callable
    return execute_callable(context=context, **execute_callable_kwargs)
  File "/home/airflow/.local/lib/python3.8/site-packages/airflow/operators/bash.py", line 212, in execute
    raise AirflowException(
airflow.exceptions.AirflowException: Bash command failed. The command returned a non-zero exit code 2.
[2026-05-02T22:51:03.506+0000] {taskinstance.py:1149} INFO - Marking task as UP_FOR_RETRY. dag_id=marketing_pipeline, task_id=dbt_run_staging, execution_date=20260501T000000, start_date=20260502T225101, end_date=20260502T225103
[2026-05-02T22:51:03.520+0000] {standard_task_runner.py:107} ERROR - Failed to execute job 3 for task dbt_run_staging (Bash command failed. The command returned a non-zero exit code 2.; 138)
[2026-05-02T22:51:03.526+0000] {local_task_job_runner.py:234} INFO - Task exited with return code 1
[2026-05-02T22:51:03.547+0000] {taskinstance.py:3312} INFO - 0 downstream tasks scheduled from follow-on schedule check
