[2026-05-02T22:53:45.023+0000] {taskinstance.py:1979} INFO - Dependencies all met for dep_context=non-requeueable deps ti=<TaskInstance: marketing_pipeline.dbt_run_marts scheduled__2026-05-01T00:00:00+00:00 [queued]>
[2026-05-02T22:53:45.028+0000] {taskinstance.py:1979} INFO - Dependencies all met for dep_context=requeueable deps ti=<TaskInstance: marketing_pipeline.dbt_run_marts scheduled__2026-05-01T00:00:00+00:00 [queued]>
[2026-05-02T22:53:45.029+0000] {taskinstance.py:2193} INFO - Starting attempt 1 of 2
[2026-05-02T22:53:45.036+0000] {taskinstance.py:2217} INFO - Executing <Task(BashOperator): dbt_run_marts> on 2026-05-01 00:00:00+00:00
[2026-05-02T22:53:45.039+0000] {standard_task_runner.py:60} INFO - Started process 194 to run task
[2026-05-02T22:53:45.042+0000] {standard_task_runner.py:87} INFO - Running: ['***', 'tasks', 'run', 'marketing_pipeline', 'dbt_run_marts', 'scheduled__2026-05-01T00:00:00+00:00', '--job-id', '9', '--raw', '--subdir', 'DAGS_FOLDER/marketing_pipeline.py', '--cfg-path', '/tmp/tmpvqu9jj4f']
[2026-05-02T22:53:45.043+0000] {standard_task_runner.py:88} INFO - Job 9: Subtask dbt_run_marts
[2026-05-02T22:53:45.064+0000] {task_command.py:423} INFO - Running <TaskInstance: marketing_pipeline.dbt_run_marts scheduled__2026-05-01T00:00:00+00:00 [running]> on host ***-worker
[2026-05-02T22:53:45.091+0000] {taskinstance.py:2513} INFO - Exporting env vars: AIRFLOW_CTX_DAG_OWNER='ujwala' AIRFLOW_CTX_DAG_ID='marketing_pipeline' AIRFLOW_CTX_TASK_ID='dbt_run_marts' AIRFLOW_CTX_EXECUTION_DATE='2026-05-01T00:00:00+00:00' AIRFLOW_CTX_TRY_NUMBER='1' AIRFLOW_CTX_DAG_RUN_ID='scheduled__2026-05-01T00:00:00+00:00'
[2026-05-02T22:53:45.093+0000] {subprocess.py:63} INFO - Tmp dir root location: /tmp
[2026-05-02T22:53:45.096+0000] {subprocess.py:75} INFO - Running command: ['/usr/bin/bash', '-c', 'cd /opt/***/marketing_dbt && /home/***/.local/bin/dbt run --select marts']
[2026-05-02T22:53:45.106+0000] {subprocess.py:86} INFO - Output:
[2026-05-02T22:53:45.776+0000] {subprocess.py:93} INFO - [0m22:53:45  Running with dbt=1.8.7
[2026-05-02T22:53:46.227+0000] {subprocess.py:93} INFO - [0m22:53:46  Registered adapter: snowflake=1.8.4
[2026-05-02T22:53:46.408+0000] {subprocess.py:93} INFO - [0m22:53:46  Found 7 models, 16 data tests, 6 sources, 455 macros
[2026-05-02T22:53:46.409+0000] {subprocess.py:93} INFO - [0m22:53:46
[2026-05-02T22:53:47.991+0000] {subprocess.py:93} INFO - [0m22:53:47  Concurrency: 4 threads (target='dev')
[2026-05-02T22:53:47.992+0000] {subprocess.py:93} INFO - [0m22:53:47
[2026-05-02T22:53:48.004+0000] {subprocess.py:93} INFO - [0m22:53:48  1 of 1 START sql table model MARTS.mart_channel_performance .................... [RUN]
[2026-05-02T22:53:51.921+0000] {subprocess.py:93} INFO - [0m22:53:51  1 of 1 OK created sql table model MARTS.mart_channel_performance ............... [[32mSUCCESS 1[0m in 3.91s]
[2026-05-02T22:53:51.926+0000] {subprocess.py:93} INFO - [0m22:53:51
[2026-05-02T22:53:51.927+0000] {subprocess.py:93} INFO - [0m22:53:51  Finished running 1 table model in 0 hours 0 minutes and 5.52 seconds (5.52s).
[2026-05-02T22:53:51.971+0000] {subprocess.py:93} INFO - [0m22:53:51
[2026-05-02T22:53:51.971+0000] {subprocess.py:93} INFO - [0m22:53:51  [32mCompleted successfully[0m
[2026-05-02T22:53:51.972+0000] {subprocess.py:93} INFO - [0m22:53:51
[2026-05-02T22:53:51.972+0000] {subprocess.py:93} INFO - [0m22:53:51  Done. PASS=1 WARN=0 ERROR=0 SKIP=0 TOTAL=1
[2026-05-02T22:53:52.609+0000] {subprocess.py:97} INFO - Command exited with return code 0
[2026-05-02T22:53:52.636+0000] {taskinstance.py:1149} INFO - Marking task as SUCCESS. dag_id=marketing_pipeline, task_id=dbt_run_marts, execution_date=20260501T000000, start_date=20260502T225345, end_date=20260502T225352
[2026-05-02T22:53:52.669+0000] {local_task_job_runner.py:234} INFO - Task exited with return code 0
[2026-05-02T22:53:52.691+0000] {taskinstance.py:3312} INFO - 1 downstream tasks scheduled from follow-on schedule check
