[2026-05-03T00:01:59.611+0000] {processor.py:161} INFO - Started process (PID=2754) to work on /opt/airflow/dags/marketing_pipeline.py
[2026-05-03T00:01:59.613+0000] {processor.py:830} INFO - Processing file /opt/airflow/dags/marketing_pipeline.py for tasks to queue
[2026-05-03T00:01:59.618+0000] {logging_mixin.py:188} INFO - [2026-05-03T00:01:59.618+0000] {dagbag.py:540} INFO - Filling up the DagBag from /opt/airflow/dags/marketing_pipeline.py
[2026-05-03T00:01:59.642+0000] {processor.py:840} INFO - DAG(s) 'marketing_pipeline' retrieved from /opt/airflow/dags/marketing_pipeline.py
[2026-05-03T00:01:59.692+0000] {logging_mixin.py:188} INFO - [2026-05-03T00:01:59.691+0000] {dag.py:3047} INFO - Sync 1 DAGs
[2026-05-03T00:01:59.734+0000] {logging_mixin.py:188} INFO - [2026-05-03T00:01:59.733+0000] {dag.py:3834} INFO - Setting next_dagrun for marketing_pipeline to 2026-05-02 00:00:00+00:00, run_after=2026-05-03 00:00:00+00:00
[2026-05-03T00:01:59.757+0000] {processor.py:183} INFO - Processing /opt/airflow/dags/marketing_pipeline.py took 0.172 seconds
[2026-05-03T00:11:41.004+0000] {processor.py:161} INFO - Started process (PID=2810) to work on /opt/airflow/dags/marketing_pipeline.py
[2026-05-03T00:11:41.040+0000] {processor.py:830} INFO - Processing file /opt/airflow/dags/marketing_pipeline.py for tasks to queue
[2026-05-03T00:11:41.071+0000] {logging_mixin.py:188} INFO - [2026-05-03T00:11:41.064+0000] {dagbag.py:540} INFO - Filling up the DagBag from /opt/airflow/dags/marketing_pipeline.py
[2026-05-03T00:11:41.151+0000] {processor.py:840} INFO - DAG(s) 'marketing_pipeline' retrieved from /opt/airflow/dags/marketing_pipeline.py
[2026-05-03T00:11:41.224+0000] {logging_mixin.py:188} INFO - [2026-05-03T00:11:41.223+0000] {dag.py:3047} INFO - Sync 1 DAGs
[2026-05-03T00:11:41.277+0000] {logging_mixin.py:188} INFO - [2026-05-03T00:11:41.277+0000] {dag.py:3834} INFO - Setting next_dagrun for marketing_pipeline to 2026-05-03 00:00:00+00:00, run_after=2026-05-04 00:00:00+00:00
[2026-05-03T00:11:41.318+0000] {processor.py:183} INFO - Processing /opt/airflow/dags/marketing_pipeline.py took 0.341 seconds
[2026-05-03T00:20:52.290+0000] {processor.py:161} INFO - Started process (PID=2866) to work on /opt/airflow/dags/marketing_pipeline.py
[2026-05-03T00:20:52.291+0000] {processor.py:830} INFO - Processing file /opt/airflow/dags/marketing_pipeline.py for tasks to queue
[2026-05-03T00:20:52.295+0000] {logging_mixin.py:188} INFO - [2026-05-03T00:20:52.295+0000] {dagbag.py:540} INFO - Filling up the DagBag from /opt/airflow/dags/marketing_pipeline.py
[2026-05-03T00:20:52.317+0000] {processor.py:840} INFO - DAG(s) 'marketing_pipeline' retrieved from /opt/airflow/dags/marketing_pipeline.py
[2026-05-03T00:20:52.336+0000] {logging_mixin.py:188} INFO - [2026-05-03T00:20:52.336+0000] {dag.py:3047} INFO - Sync 1 DAGs
[2026-05-03T00:20:52.367+0000] {logging_mixin.py:188} INFO - [2026-05-03T00:20:52.366+0000] {dag.py:3834} INFO - Setting next_dagrun for marketing_pipeline to 2026-05-03 00:00:00+00:00, run_after=2026-05-04 00:00:00+00:00
[2026-05-03T00:20:52.381+0000] {processor.py:183} INFO - Processing /opt/airflow/dags/marketing_pipeline.py took 0.098 seconds
[2026-05-03T00:26:52.352+0000] {processor.py:161} INFO - Started process (PID=2922) to work on /opt/airflow/dags/marketing_pipeline.py
[2026-05-03T00:26:52.353+0000] {processor.py:830} INFO - Processing file /opt/airflow/dags/marketing_pipeline.py for tasks to queue
[2026-05-03T00:26:52.356+0000] {logging_mixin.py:188} INFO - [2026-05-03T00:26:52.356+0000] {dagbag.py:540} INFO - Filling up the DagBag from /opt/airflow/dags/marketing_pipeline.py
[2026-05-03T00:26:52.370+0000] {processor.py:840} INFO - DAG(s) 'marketing_pipeline' retrieved from /opt/airflow/dags/marketing_pipeline.py
[2026-05-03T00:26:52.392+0000] {logging_mixin.py:188} INFO - [2026-05-03T00:26:52.391+0000] {dag.py:3047} INFO - Sync 1 DAGs
[2026-05-03T00:26:52.421+0000] {logging_mixin.py:188} INFO - [2026-05-03T00:26:52.420+0000] {dag.py:3834} INFO - Setting next_dagrun for marketing_pipeline to 2026-05-03 00:00:00+00:00, run_after=2026-05-04 00:00:00+00:00
[2026-05-03T00:26:52.442+0000] {processor.py:183} INFO - Processing /opt/airflow/dags/marketing_pipeline.py took 0.096 seconds
[2026-05-03T00:27:22.573+0000] {processor.py:161} INFO - Started process (PID=2978) to work on /opt/airflow/dags/marketing_pipeline.py
[2026-05-03T00:27:22.575+0000] {processor.py:830} INFO - Processing file /opt/airflow/dags/marketing_pipeline.py for tasks to queue
[2026-05-03T00:27:22.577+0000] {logging_mixin.py:188} INFO - [2026-05-03T00:27:22.577+0000] {dagbag.py:540} INFO - Filling up the DagBag from /opt/airflow/dags/marketing_pipeline.py
[2026-05-03T00:27:22.588+0000] {processor.py:840} INFO - DAG(s) 'marketing_pipeline' retrieved from /opt/airflow/dags/marketing_pipeline.py
[2026-05-03T00:27:22.601+0000] {logging_mixin.py:188} INFO - [2026-05-03T00:27:22.601+0000] {dag.py:3047} INFO - Sync 1 DAGs
[2026-05-03T00:27:22.618+0000] {logging_mixin.py:188} INFO - [2026-05-03T00:27:22.618+0000] {dag.py:3834} INFO - Setting next_dagrun for marketing_pipeline to 2026-05-03 00:00:00+00:00, run_after=2026-05-04 00:00:00+00:00
[2026-05-03T00:27:22.629+0000] {processor.py:183} INFO - Processing /opt/airflow/dags/marketing_pipeline.py took 0.061 seconds
[2026-05-03T00:27:53.480+0000] {processor.py:161} INFO - Started process (PID=3034) to work on /opt/airflow/dags/marketing_pipeline.py
[2026-05-03T00:27:53.481+0000] {processor.py:830} INFO - Processing file /opt/airflow/dags/marketing_pipeline.py for tasks to queue
[2026-05-03T00:27:53.483+0000] {logging_mixin.py:188} INFO - [2026-05-03T00:27:53.483+0000] {dagbag.py:540} INFO - Filling up the DagBag from /opt/airflow/dags/marketing_pipeline.py
[2026-05-03T00:27:53.495+0000] {processor.py:840} INFO - DAG(s) 'marketing_pipeline' retrieved from /opt/airflow/dags/marketing_pipeline.py
[2026-05-03T00:27:53.518+0000] {logging_mixin.py:188} INFO - [2026-05-03T00:27:53.517+0000] {dag.py:3047} INFO - Sync 1 DAGs
[2026-05-03T00:27:53.537+0000] {logging_mixin.py:188} INFO - [2026-05-03T00:27:53.537+0000] {dag.py:3834} INFO - Setting next_dagrun for marketing_pipeline to 2026-05-03 00:00:00+00:00, run_after=2026-05-04 00:00:00+00:00
[2026-05-03T00:27:53.552+0000] {processor.py:183} INFO - Processing /opt/airflow/dags/marketing_pipeline.py took 0.076 seconds
[2026-05-03T00:28:23.874+0000] {processor.py:161} INFO - Started process (PID=3090) to work on /opt/airflow/dags/marketing_pipeline.py
[2026-05-03T00:28:23.875+0000] {processor.py:830} INFO - Processing file /opt/airflow/dags/marketing_pipeline.py for tasks to queue
[2026-05-03T00:28:23.877+0000] {logging_mixin.py:188} INFO - [2026-05-03T00:28:23.877+0000] {dagbag.py:540} INFO - Filling up the DagBag from /opt/airflow/dags/marketing_pipeline.py
[2026-05-03T00:28:23.891+0000] {processor.py:840} INFO - DAG(s) 'marketing_pipeline' retrieved from /opt/airflow/dags/marketing_pipeline.py
[2026-05-03T00:28:23.910+0000] {logging_mixin.py:188} INFO - [2026-05-03T00:28:23.910+0000] {dag.py:3047} INFO - Sync 1 DAGs
[2026-05-03T00:28:23.932+0000] {logging_mixin.py:188} INFO - [2026-05-03T00:28:23.931+0000] {dag.py:3834} INFO - Setting next_dagrun for marketing_pipeline to 2026-05-03 00:00:00+00:00, run_after=2026-05-04 00:00:00+00:00
[2026-05-03T00:28:23.951+0000] {processor.py:183} INFO - Processing /opt/airflow/dags/marketing_pipeline.py took 0.082 seconds
[2026-05-03T00:28:54.157+0000] {processor.py:161} INFO - Started process (PID=3146) to work on /opt/airflow/dags/marketing_pipeline.py
[2026-05-03T00:28:54.157+0000] {processor.py:830} INFO - Processing file /opt/airflow/dags/marketing_pipeline.py for tasks to queue
[2026-05-03T00:28:54.159+0000] {logging_mixin.py:188} INFO - [2026-05-03T00:28:54.159+0000] {dagbag.py:540} INFO - Filling up the DagBag from /opt/airflow/dags/marketing_pipeline.py
[2026-05-03T00:28:54.166+0000] {processor.py:840} INFO - DAG(s) 'marketing_pipeline' retrieved from /opt/airflow/dags/marketing_pipeline.py
[2026-05-03T00:28:54.187+0000] {logging_mixin.py:188} INFO - [2026-05-03T00:28:54.187+0000] {dag.py:3047} INFO - Sync 1 DAGs
[2026-05-03T00:28:54.208+0000] {logging_mixin.py:188} INFO - [2026-05-03T00:28:54.208+0000] {dag.py:3834} INFO - Setting next_dagrun for marketing_pipeline to 2026-05-03 00:00:00+00:00, run_after=2026-05-04 00:00:00+00:00
[2026-05-03T00:28:54.224+0000] {processor.py:183} INFO - Processing /opt/airflow/dags/marketing_pipeline.py took 0.072 seconds
[2026-05-03T00:29:24.454+0000] {processor.py:161} INFO - Started process (PID=3202) to work on /opt/airflow/dags/marketing_pipeline.py
[2026-05-03T00:29:24.455+0000] {processor.py:830} INFO - Processing file /opt/airflow/dags/marketing_pipeline.py for tasks to queue
[2026-05-03T00:29:24.457+0000] {logging_mixin.py:188} INFO - [2026-05-03T00:29:24.457+0000] {dagbag.py:540} INFO - Filling up the DagBag from /opt/airflow/dags/marketing_pipeline.py
[2026-05-03T00:29:24.469+0000] {processor.py:840} INFO - DAG(s) 'marketing_pipeline' retrieved from /opt/airflow/dags/marketing_pipeline.py
[2026-05-03T00:29:24.491+0000] {logging_mixin.py:188} INFO - [2026-05-03T00:29:24.491+0000] {dag.py:3047} INFO - Sync 1 DAGs
[2026-05-03T00:29:24.506+0000] {logging_mixin.py:188} INFO - [2026-05-03T00:29:24.506+0000] {dag.py:3834} INFO - Setting next_dagrun for marketing_pipeline to 2026-05-03 00:00:00+00:00, run_after=2026-05-04 00:00:00+00:00
[2026-05-03T00:29:24.522+0000] {processor.py:183} INFO - Processing /opt/airflow/dags/marketing_pipeline.py took 0.071 seconds
[2026-05-03T00:29:54.799+0000] {processor.py:161} INFO - Started process (PID=3258) to work on /opt/airflow/dags/marketing_pipeline.py
[2026-05-03T00:29:54.800+0000] {processor.py:830} INFO - Processing file /opt/airflow/dags/marketing_pipeline.py for tasks to queue
[2026-05-03T00:29:54.803+0000] {logging_mixin.py:188} INFO - [2026-05-03T00:29:54.802+0000] {dagbag.py:540} INFO - Filling up the DagBag from /opt/airflow/dags/marketing_pipeline.py
[2026-05-03T00:29:54.818+0000] {processor.py:840} INFO - DAG(s) 'marketing_pipeline' retrieved from /opt/airflow/dags/marketing_pipeline.py
[2026-05-03T00:29:54.837+0000] {logging_mixin.py:188} INFO - [2026-05-03T00:29:54.837+0000] {dag.py:3047} INFO - Sync 1 DAGs
[2026-05-03T00:29:54.860+0000] {logging_mixin.py:188} INFO - [2026-05-03T00:29:54.860+0000] {dag.py:3834} INFO - Setting next_dagrun for marketing_pipeline to 2026-05-03 00:00:00+00:00, run_after=2026-05-04 00:00:00+00:00
[2026-05-03T00:29:54.873+0000] {processor.py:183} INFO - Processing /opt/airflow/dags/marketing_pipeline.py took 0.080 seconds
[2026-05-03T00:30:25.107+0000] {processor.py:161} INFO - Started process (PID=3314) to work on /opt/airflow/dags/marketing_pipeline.py
[2026-05-03T00:30:25.108+0000] {processor.py:830} INFO - Processing file /opt/airflow/dags/marketing_pipeline.py for tasks to queue
[2026-05-03T00:30:25.111+0000] {logging_mixin.py:188} INFO - [2026-05-03T00:30:25.110+0000] {dagbag.py:540} INFO - Filling up the DagBag from /opt/airflow/dags/marketing_pipeline.py
[2026-05-03T00:30:25.121+0000] {processor.py:840} INFO - DAG(s) 'marketing_pipeline' retrieved from /opt/airflow/dags/marketing_pipeline.py
[2026-05-03T00:30:25.142+0000] {logging_mixin.py:188} INFO - [2026-05-03T00:30:25.141+0000] {dag.py:3047} INFO - Sync 1 DAGs
[2026-05-03T00:30:25.160+0000] {logging_mixin.py:188} INFO - [2026-05-03T00:30:25.160+0000] {dag.py:3834} INFO - Setting next_dagrun for marketing_pipeline to 2026-05-03 00:00:00+00:00, run_after=2026-05-04 00:00:00+00:00
[2026-05-03T00:30:25.178+0000] {processor.py:183} INFO - Processing /opt/airflow/dags/marketing_pipeline.py took 0.074 seconds
[2026-05-03T00:30:55.367+0000] {processor.py:161} INFO - Started process (PID=3370) to work on /opt/airflow/dags/marketing_pipeline.py
[2026-05-03T00:30:55.368+0000] {processor.py:830} INFO - Processing file /opt/airflow/dags/marketing_pipeline.py for tasks to queue
[2026-05-03T00:30:55.369+0000] {logging_mixin.py:188} INFO - [2026-05-03T00:30:55.369+0000] {dagbag.py:540} INFO - Filling up the DagBag from /opt/airflow/dags/marketing_pipeline.py
[2026-05-03T00:30:55.383+0000] {processor.py:840} INFO - DAG(s) 'marketing_pipeline' retrieved from /opt/airflow/dags/marketing_pipeline.py
[2026-05-03T00:30:55.399+0000] {logging_mixin.py:188} INFO - [2026-05-03T00:30:55.399+0000] {dag.py:3047} INFO - Sync 1 DAGs
[2026-05-03T00:30:55.416+0000] {logging_mixin.py:188} INFO - [2026-05-03T00:30:55.416+0000] {dag.py:3834} INFO - Setting next_dagrun for marketing_pipeline to 2026-05-03 00:00:00+00:00, run_after=2026-05-04 00:00:00+00:00
[2026-05-03T00:30:55.429+0000] {processor.py:183} INFO - Processing /opt/airflow/dags/marketing_pipeline.py took 0.066 seconds
[2026-05-03T00:31:25.789+0000] {processor.py:161} INFO - Started process (PID=3426) to work on /opt/airflow/dags/marketing_pipeline.py
[2026-05-03T00:31:25.792+0000] {processor.py:830} INFO - Processing file /opt/airflow/dags/marketing_pipeline.py for tasks to queue
[2026-05-03T00:31:25.798+0000] {logging_mixin.py:188} INFO - [2026-05-03T00:31:25.798+0000] {dagbag.py:540} INFO - Filling up the DagBag from /opt/airflow/dags/marketing_pipeline.py
[2026-05-03T00:31:25.830+0000] {processor.py:840} INFO - DAG(s) 'marketing_pipeline' retrieved from /opt/airflow/dags/marketing_pipeline.py
[2026-05-03T00:31:25.872+0000] {logging_mixin.py:188} INFO - [2026-05-03T00:31:25.872+0000] {dag.py:3047} INFO - Sync 1 DAGs
[2026-05-03T00:31:25.930+0000] {logging_mixin.py:188} INFO - [2026-05-03T00:31:25.930+0000] {dag.py:3834} INFO - Setting next_dagrun for marketing_pipeline to 2026-05-03 00:00:00+00:00, run_after=2026-05-04 00:00:00+00:00
[2026-05-03T00:31:25.953+0000] {processor.py:183} INFO - Processing /opt/airflow/dags/marketing_pipeline.py took 0.211 seconds
[2026-05-03T00:31:56.124+0000] {processor.py:161} INFO - Started process (PID=3482) to work on /opt/airflow/dags/marketing_pipeline.py
[2026-05-03T00:31:56.127+0000] {processor.py:830} INFO - Processing file /opt/airflow/dags/marketing_pipeline.py for tasks to queue
[2026-05-03T00:31:56.132+0000] {logging_mixin.py:188} INFO - [2026-05-03T00:31:56.131+0000] {dagbag.py:540} INFO - Filling up the DagBag from /opt/airflow/dags/marketing_pipeline.py
[2026-05-03T00:31:56.152+0000] {processor.py:840} INFO - DAG(s) 'marketing_pipeline' retrieved from /opt/airflow/dags/marketing_pipeline.py
[2026-05-03T00:31:56.184+0000] {logging_mixin.py:188} INFO - [2026-05-03T00:31:56.184+0000] {dag.py:3047} INFO - Sync 1 DAGs
[2026-05-03T00:31:56.214+0000] {logging_mixin.py:188} INFO - [2026-05-03T00:31:56.214+0000] {dag.py:3834} INFO - Setting next_dagrun for marketing_pipeline to 2026-05-03 00:00:00+00:00, run_after=2026-05-04 00:00:00+00:00
[2026-05-03T00:31:56.235+0000] {processor.py:183} INFO - Processing /opt/airflow/dags/marketing_pipeline.py took 0.120 seconds
[2026-05-03T00:32:26.494+0000] {processor.py:161} INFO - Started process (PID=3538) to work on /opt/airflow/dags/marketing_pipeline.py
[2026-05-03T00:32:26.504+0000] {processor.py:830} INFO - Processing file /opt/airflow/dags/marketing_pipeline.py for tasks to queue
[2026-05-03T00:32:26.513+0000] {logging_mixin.py:188} INFO - [2026-05-03T00:32:26.513+0000] {dagbag.py:540} INFO - Filling up the DagBag from /opt/airflow/dags/marketing_pipeline.py
[2026-05-03T00:32:26.541+0000] {processor.py:840} INFO - DAG(s) 'marketing_pipeline' retrieved from /opt/airflow/dags/marketing_pipeline.py
[2026-05-03T00:32:26.575+0000] {logging_mixin.py:188} INFO - [2026-05-03T00:32:26.575+0000] {dag.py:3047} INFO - Sync 1 DAGs
[2026-05-03T00:32:26.606+0000] {logging_mixin.py:188} INFO - [2026-05-03T00:32:26.606+0000] {dag.py:3834} INFO - Setting next_dagrun for marketing_pipeline to 2026-05-03 00:00:00+00:00, run_after=2026-05-04 00:00:00+00:00
[2026-05-03T00:32:26.625+0000] {processor.py:183} INFO - Processing /opt/airflow/dags/marketing_pipeline.py took 0.137 seconds
[2026-05-03T00:32:56.723+0000] {processor.py:161} INFO - Started process (PID=3594) to work on /opt/airflow/dags/marketing_pipeline.py
[2026-05-03T00:32:56.725+0000] {processor.py:830} INFO - Processing file /opt/airflow/dags/marketing_pipeline.py for tasks to queue
[2026-05-03T00:32:56.728+0000] {logging_mixin.py:188} INFO - [2026-05-03T00:32:56.728+0000] {dagbag.py:540} INFO - Filling up the DagBag from /opt/airflow/dags/marketing_pipeline.py
[2026-05-03T00:32:56.750+0000] {processor.py:840} INFO - DAG(s) 'marketing_pipeline' retrieved from /opt/airflow/dags/marketing_pipeline.py
[2026-05-03T00:32:56.775+0000] {logging_mixin.py:188} INFO - [2026-05-03T00:32:56.774+0000] {dag.py:3047} INFO - Sync 1 DAGs
[2026-05-03T00:32:56.799+0000] {logging_mixin.py:188} INFO - [2026-05-03T00:32:56.799+0000] {dag.py:3834} INFO - Setting next_dagrun for marketing_pipeline to 2026-05-03 00:00:00+00:00, run_after=2026-05-04 00:00:00+00:00
[2026-05-03T00:32:56.816+0000] {processor.py:183} INFO - Processing /opt/airflow/dags/marketing_pipeline.py took 0.099 seconds
[2026-05-03T00:33:27.067+0000] {processor.py:161} INFO - Started process (PID=3650) to work on /opt/airflow/dags/marketing_pipeline.py
[2026-05-03T00:33:27.071+0000] {processor.py:830} INFO - Processing file /opt/airflow/dags/marketing_pipeline.py for tasks to queue
[2026-05-03T00:33:27.084+0000] {logging_mixin.py:188} INFO - [2026-05-03T00:33:27.083+0000] {dagbag.py:540} INFO - Filling up the DagBag from /opt/airflow/dags/marketing_pipeline.py
[2026-05-03T00:33:27.135+0000] {processor.py:840} INFO - DAG(s) 'marketing_pipeline' retrieved from /opt/airflow/dags/marketing_pipeline.py
[2026-05-03T00:33:27.185+0000] {logging_mixin.py:188} INFO - [2026-05-03T00:33:27.184+0000] {dag.py:3047} INFO - Sync 1 DAGs
[2026-05-03T00:33:27.219+0000] {logging_mixin.py:188} INFO - [2026-05-03T00:33:27.218+0000] {dag.py:3834} INFO - Setting next_dagrun for marketing_pipeline to 2026-05-03 00:00:00+00:00, run_after=2026-05-04 00:00:00+00:00
[2026-05-03T00:33:27.239+0000] {processor.py:183} INFO - Processing /opt/airflow/dags/marketing_pipeline.py took 0.235 seconds
[2026-05-03T00:33:57.560+0000] {processor.py:161} INFO - Started process (PID=3706) to work on /opt/airflow/dags/marketing_pipeline.py
[2026-05-03T00:33:57.563+0000] {processor.py:830} INFO - Processing file /opt/airflow/dags/marketing_pipeline.py for tasks to queue
[2026-05-03T00:33:57.569+0000] {logging_mixin.py:188} INFO - [2026-05-03T00:33:57.569+0000] {dagbag.py:540} INFO - Filling up the DagBag from /opt/airflow/dags/marketing_pipeline.py
[2026-05-03T00:33:57.593+0000] {processor.py:840} INFO - DAG(s) 'marketing_pipeline' retrieved from /opt/airflow/dags/marketing_pipeline.py
[2026-05-03T00:33:57.732+0000] {logging_mixin.py:188} INFO - [2026-05-03T00:33:57.731+0000] {dag.py:3047} INFO - Sync 1 DAGs
[2026-05-03T00:33:57.772+0000] {logging_mixin.py:188} INFO - [2026-05-03T00:33:57.772+0000] {dag.py:3834} INFO - Setting next_dagrun for marketing_pipeline to 2026-05-03 00:00:00+00:00, run_after=2026-05-04 00:00:00+00:00
[2026-05-03T00:33:57.791+0000] {processor.py:183} INFO - Processing /opt/airflow/dags/marketing_pipeline.py took 0.239 seconds
[2026-05-03T00:34:28.084+0000] {processor.py:161} INFO - Started process (PID=3762) to work on /opt/airflow/dags/marketing_pipeline.py
[2026-05-03T00:34:28.087+0000] {processor.py:830} INFO - Processing file /opt/airflow/dags/marketing_pipeline.py for tasks to queue
[2026-05-03T00:34:28.091+0000] {logging_mixin.py:188} INFO - [2026-05-03T00:34:28.090+0000] {dagbag.py:540} INFO - Filling up the DagBag from /opt/airflow/dags/marketing_pipeline.py
[2026-05-03T00:34:28.106+0000] {processor.py:840} INFO - DAG(s) 'marketing_pipeline' retrieved from /opt/airflow/dags/marketing_pipeline.py
[2026-05-03T00:34:28.131+0000] {logging_mixin.py:188} INFO - [2026-05-03T00:34:28.131+0000] {dag.py:3047} INFO - Sync 1 DAGs
[2026-05-03T00:34:28.158+0000] {logging_mixin.py:188} INFO - [2026-05-03T00:34:28.158+0000] {dag.py:3834} INFO - Setting next_dagrun for marketing_pipeline to 2026-05-03 00:00:00+00:00, run_after=2026-05-04 00:00:00+00:00
[2026-05-03T00:34:28.174+0000] {processor.py:183} INFO - Processing /opt/airflow/dags/marketing_pipeline.py took 0.097 seconds
[2026-05-03T00:34:58.370+0000] {processor.py:161} INFO - Started process (PID=3818) to work on /opt/airflow/dags/marketing_pipeline.py
[2026-05-03T00:34:58.371+0000] {processor.py:830} INFO - Processing file /opt/airflow/dags/marketing_pipeline.py for tasks to queue
[2026-05-03T00:34:58.375+0000] {logging_mixin.py:188} INFO - [2026-05-03T00:34:58.375+0000] {dagbag.py:540} INFO - Filling up the DagBag from /opt/airflow/dags/marketing_pipeline.py
[2026-05-03T00:34:58.390+0000] {processor.py:840} INFO - DAG(s) 'marketing_pipeline' retrieved from /opt/airflow/dags/marketing_pipeline.py
[2026-05-03T00:34:58.412+0000] {logging_mixin.py:188} INFO - [2026-05-03T00:34:58.411+0000] {dag.py:3047} INFO - Sync 1 DAGs
[2026-05-03T00:34:58.438+0000] {logging_mixin.py:188} INFO - [2026-05-03T00:34:58.437+0000] {dag.py:3834} INFO - Setting next_dagrun for marketing_pipeline to 2026-05-03 00:00:00+00:00, run_after=2026-05-04 00:00:00+00:00
[2026-05-03T00:34:58.452+0000] {processor.py:183} INFO - Processing /opt/airflow/dags/marketing_pipeline.py took 0.089 seconds
[2026-05-03T00:35:28.589+0000] {processor.py:161} INFO - Started process (PID=3874) to work on /opt/airflow/dags/marketing_pipeline.py
[2026-05-03T00:35:28.592+0000] {processor.py:830} INFO - Processing file /opt/airflow/dags/marketing_pipeline.py for tasks to queue
[2026-05-03T00:35:28.595+0000] {logging_mixin.py:188} INFO - [2026-05-03T00:35:28.595+0000] {dagbag.py:540} INFO - Filling up the DagBag from /opt/airflow/dags/marketing_pipeline.py
[2026-05-03T00:35:28.616+0000] {processor.py:840} INFO - DAG(s) 'marketing_pipeline' retrieved from /opt/airflow/dags/marketing_pipeline.py
[2026-05-03T00:35:28.648+0000] {logging_mixin.py:188} INFO - [2026-05-03T00:35:28.648+0000] {dag.py:3047} INFO - Sync 1 DAGs
[2026-05-03T00:35:28.690+0000] {logging_mixin.py:188} INFO - [2026-05-03T00:35:28.690+0000] {dag.py:3834} INFO - Setting next_dagrun for marketing_pipeline to 2026-05-03 00:00:00+00:00, run_after=2026-05-04 00:00:00+00:00
[2026-05-03T00:35:28.709+0000] {processor.py:183} INFO - Processing /opt/airflow/dags/marketing_pipeline.py took 0.125 seconds
[2026-05-03T00:35:58.998+0000] {processor.py:161} INFO - Started process (PID=3930) to work on /opt/airflow/dags/marketing_pipeline.py
[2026-05-03T00:35:59.000+0000] {processor.py:830} INFO - Processing file /opt/airflow/dags/marketing_pipeline.py for tasks to queue
[2026-05-03T00:35:59.009+0000] {logging_mixin.py:188} INFO - [2026-05-03T00:35:59.009+0000] {dagbag.py:540} INFO - Filling up the DagBag from /opt/airflow/dags/marketing_pipeline.py
[2026-05-03T00:35:59.038+0000] {processor.py:840} INFO - DAG(s) 'marketing_pipeline' retrieved from /opt/airflow/dags/marketing_pipeline.py
[2026-05-03T00:35:59.092+0000] {logging_mixin.py:188} INFO - [2026-05-03T00:35:59.092+0000] {dag.py:3047} INFO - Sync 1 DAGs
[2026-05-03T00:35:59.122+0000] {logging_mixin.py:188} INFO - [2026-05-03T00:35:59.122+0000] {dag.py:3834} INFO - Setting next_dagrun for marketing_pipeline to 2026-05-03 00:00:00+00:00, run_after=2026-05-04 00:00:00+00:00
[2026-05-03T00:35:59.143+0000] {processor.py:183} INFO - Processing /opt/airflow/dags/marketing_pipeline.py took 0.156 seconds
[2026-05-03T00:36:29.602+0000] {processor.py:161} INFO - Started process (PID=3986) to work on /opt/airflow/dags/marketing_pipeline.py
[2026-05-03T00:36:29.604+0000] {processor.py:830} INFO - Processing file /opt/airflow/dags/marketing_pipeline.py for tasks to queue
[2026-05-03T00:36:29.608+0000] {logging_mixin.py:188} INFO - [2026-05-03T00:36:29.607+0000] {dagbag.py:540} INFO - Filling up the DagBag from /opt/airflow/dags/marketing_pipeline.py
[2026-05-03T00:36:29.622+0000] {processor.py:840} INFO - DAG(s) 'marketing_pipeline' retrieved from /opt/airflow/dags/marketing_pipeline.py
[2026-05-03T00:36:29.638+0000] {logging_mixin.py:188} INFO - [2026-05-03T00:36:29.638+0000] {dag.py:3047} INFO - Sync 1 DAGs
[2026-05-03T00:36:29.659+0000] {logging_mixin.py:188} INFO - [2026-05-03T00:36:29.659+0000] {dag.py:3834} INFO - Setting next_dagrun for marketing_pipeline to 2026-05-03 00:00:00+00:00, run_after=2026-05-04 00:00:00+00:00
[2026-05-03T00:36:29.674+0000] {processor.py:183} INFO - Processing /opt/airflow/dags/marketing_pipeline.py took 0.078 seconds
[2026-05-03T00:36:59.949+0000] {processor.py:161} INFO - Started process (PID=4042) to work on /opt/airflow/dags/marketing_pipeline.py
[2026-05-03T00:36:59.952+0000] {processor.py:830} INFO - Processing file /opt/airflow/dags/marketing_pipeline.py for tasks to queue
[2026-05-03T00:36:59.957+0000] {logging_mixin.py:188} INFO - [2026-05-03T00:36:59.957+0000] {dagbag.py:540} INFO - Filling up the DagBag from /opt/airflow/dags/marketing_pipeline.py
[2026-05-03T00:36:59.990+0000] {processor.py:840} INFO - DAG(s) 'marketing_pipeline' retrieved from /opt/airflow/dags/marketing_pipeline.py
[2026-05-03T00:37:00.025+0000] {logging_mixin.py:188} INFO - [2026-05-03T00:37:00.025+0000] {dag.py:3047} INFO - Sync 1 DAGs
[2026-05-03T00:37:00.063+0000] {logging_mixin.py:188} INFO - [2026-05-03T00:37:00.062+0000] {dag.py:3834} INFO - Setting next_dagrun for marketing_pipeline to 2026-05-03 00:00:00+00:00, run_after=2026-05-04 00:00:00+00:00
[2026-05-03T00:37:00.079+0000] {processor.py:183} INFO - Processing /opt/airflow/dags/marketing_pipeline.py took 0.141 seconds
[2026-05-03T00:37:30.392+0000] {processor.py:161} INFO - Started process (PID=4098) to work on /opt/airflow/dags/marketing_pipeline.py
[2026-05-03T00:37:30.396+0000] {processor.py:830} INFO - Processing file /opt/airflow/dags/marketing_pipeline.py for tasks to queue
[2026-05-03T00:37:30.407+0000] {logging_mixin.py:188} INFO - [2026-05-03T00:37:30.406+0000] {dagbag.py:540} INFO - Filling up the DagBag from /opt/airflow/dags/marketing_pipeline.py
[2026-05-03T00:37:30.434+0000] {processor.py:840} INFO - DAG(s) 'marketing_pipeline' retrieved from /opt/airflow/dags/marketing_pipeline.py
[2026-05-03T00:37:30.479+0000] {logging_mixin.py:188} INFO - [2026-05-03T00:37:30.478+0000] {dag.py:3047} INFO - Sync 1 DAGs
[2026-05-03T00:37:30.519+0000] {logging_mixin.py:188} INFO - [2026-05-03T00:37:30.518+0000] {dag.py:3834} INFO - Setting next_dagrun for marketing_pipeline to 2026-05-03 00:00:00+00:00, run_after=2026-05-04 00:00:00+00:00
[2026-05-03T00:37:30.537+0000] {processor.py:183} INFO - Processing /opt/airflow/dags/marketing_pipeline.py took 0.158 seconds
[2026-05-03T00:38:00.906+0000] {processor.py:161} INFO - Started process (PID=4154) to work on /opt/airflow/dags/marketing_pipeline.py
[2026-05-03T00:38:00.908+0000] {processor.py:830} INFO - Processing file /opt/airflow/dags/marketing_pipeline.py for tasks to queue
[2026-05-03T00:38:00.917+0000] {logging_mixin.py:188} INFO - [2026-05-03T00:38:00.916+0000] {dagbag.py:540} INFO - Filling up the DagBag from /opt/airflow/dags/marketing_pipeline.py
[2026-05-03T00:38:00.952+0000] {processor.py:840} INFO - DAG(s) 'marketing_pipeline' retrieved from /opt/airflow/dags/marketing_pipeline.py
[2026-05-03T00:38:00.975+0000] {logging_mixin.py:188} INFO - [2026-05-03T00:38:00.975+0000] {dag.py:3047} INFO - Sync 1 DAGs
[2026-05-03T00:38:01.003+0000] {logging_mixin.py:188} INFO - [2026-05-03T00:38:01.003+0000] {dag.py:3834} INFO - Setting next_dagrun for marketing_pipeline to 2026-05-03 00:00:00+00:00, run_after=2026-05-04 00:00:00+00:00
[2026-05-03T00:38:01.021+0000] {processor.py:183} INFO - Processing /opt/airflow/dags/marketing_pipeline.py took 0.122 seconds
[2026-05-03T00:38:31.461+0000] {processor.py:161} INFO - Started process (PID=4210) to work on /opt/airflow/dags/marketing_pipeline.py
[2026-05-03T00:38:31.463+0000] {processor.py:830} INFO - Processing file /opt/airflow/dags/marketing_pipeline.py for tasks to queue
[2026-05-03T00:38:31.467+0000] {logging_mixin.py:188} INFO - [2026-05-03T00:38:31.466+0000] {dagbag.py:540} INFO - Filling up the DagBag from /opt/airflow/dags/marketing_pipeline.py
[2026-05-03T00:38:31.486+0000] {processor.py:840} INFO - DAG(s) 'marketing_pipeline' retrieved from /opt/airflow/dags/marketing_pipeline.py
[2026-05-03T00:38:31.512+0000] {logging_mixin.py:188} INFO - [2026-05-03T00:38:31.512+0000] {dag.py:3047} INFO - Sync 1 DAGs
[2026-05-03T00:38:31.530+0000] {logging_mixin.py:188} INFO - [2026-05-03T00:38:31.530+0000] {dag.py:3834} INFO - Setting next_dagrun for marketing_pipeline to 2026-05-03 00:00:00+00:00, run_after=2026-05-04 00:00:00+00:00
[2026-05-03T00:38:31.548+0000] {processor.py:183} INFO - Processing /opt/airflow/dags/marketing_pipeline.py took 0.092 seconds
[2026-05-03T00:39:01.690+0000] {processor.py:161} INFO - Started process (PID=4266) to work on /opt/airflow/dags/marketing_pipeline.py
[2026-05-03T00:39:01.691+0000] {processor.py:830} INFO - Processing file /opt/airflow/dags/marketing_pipeline.py for tasks to queue
[2026-05-03T00:39:01.694+0000] {logging_mixin.py:188} INFO - [2026-05-03T00:39:01.694+0000] {dagbag.py:540} INFO - Filling up the DagBag from /opt/airflow/dags/marketing_pipeline.py
[2026-05-03T00:39:01.709+0000] {processor.py:840} INFO - DAG(s) 'marketing_pipeline' retrieved from /opt/airflow/dags/marketing_pipeline.py
[2026-05-03T00:39:01.728+0000] {logging_mixin.py:188} INFO - [2026-05-03T00:39:01.727+0000] {dag.py:3047} INFO - Sync 1 DAGs
[2026-05-03T00:39:01.749+0000] {logging_mixin.py:188} INFO - [2026-05-03T00:39:01.749+0000] {dag.py:3834} INFO - Setting next_dagrun for marketing_pipeline to 2026-05-03 00:00:00+00:00, run_after=2026-05-04 00:00:00+00:00
[2026-05-03T00:39:01.763+0000] {processor.py:183} INFO - Processing /opt/airflow/dags/marketing_pipeline.py took 0.078 seconds
[2026-05-03T00:39:32.134+0000] {processor.py:161} INFO - Started process (PID=4322) to work on /opt/airflow/dags/marketing_pipeline.py
[2026-05-03T00:39:32.136+0000] {processor.py:830} INFO - Processing file /opt/airflow/dags/marketing_pipeline.py for tasks to queue
[2026-05-03T00:39:32.140+0000] {logging_mixin.py:188} INFO - [2026-05-03T00:39:32.140+0000] {dagbag.py:540} INFO - Filling up the DagBag from /opt/airflow/dags/marketing_pipeline.py
[2026-05-03T00:39:32.163+0000] {processor.py:840} INFO - DAG(s) 'marketing_pipeline' retrieved from /opt/airflow/dags/marketing_pipeline.py
[2026-05-03T00:39:32.187+0000] {logging_mixin.py:188} INFO - [2026-05-03T00:39:32.187+0000] {dag.py:3047} INFO - Sync 1 DAGs
[2026-05-03T00:39:32.223+0000] {logging_mixin.py:188} INFO - [2026-05-03T00:39:32.222+0000] {dag.py:3834} INFO - Setting next_dagrun for marketing_pipeline to 2026-05-03 00:00:00+00:00, run_after=2026-05-04 00:00:00+00:00
[2026-05-03T00:39:32.244+0000] {processor.py:183} INFO - Processing /opt/airflow/dags/marketing_pipeline.py took 0.120 seconds
