[2026-05-02T19:43:48.678+0000] {processor.py:161} INFO - Started process (PID=1692) to work on /opt/airflow/dags/marketing_pipeline.py
[2026-05-02T19:43:48.678+0000] {processor.py:830} INFO - Processing file /opt/airflow/dags/marketing_pipeline.py for tasks to queue
[2026-05-02T19:43:48.680+0000] {logging_mixin.py:188} INFO - [2026-05-02T19:43:48.680+0000] {dagbag.py:538} INFO - Filling up the DagBag from /opt/airflow/dags/marketing_pipeline.py
[2026-05-02T19:43:48.689+0000] {processor.py:840} INFO - DAG(s) 'marketing_pipeline' retrieved from /opt/airflow/dags/marketing_pipeline.py
[2026-05-02T19:43:48.759+0000] {logging_mixin.py:188} INFO - [2026-05-02T19:43:48.759+0000] {override.py:1769} INFO - Created Permission View: can edit on DAG:marketing_pipeline
[2026-05-02T19:43:48.765+0000] {logging_mixin.py:188} INFO - [2026-05-02T19:43:48.765+0000] {override.py:1769} INFO - Created Permission View: can delete on DAG:marketing_pipeline
[2026-05-02T19:43:48.768+0000] {logging_mixin.py:188} INFO - [2026-05-02T19:43:48.768+0000] {override.py:1769} INFO - Created Permission View: can read on DAG:marketing_pipeline
[2026-05-02T19:43:48.768+0000] {logging_mixin.py:188} INFO - [2026-05-02T19:43:48.768+0000] {dag.py:3036} INFO - Sync 1 DAGs
[2026-05-02T19:43:48.775+0000] {logging_mixin.py:188} INFO - [2026-05-02T19:43:48.775+0000] {dag.py:3058} INFO - Creating ORM DAG for marketing_pipeline
[2026-05-02T19:43:48.888+0000] {logging_mixin.py:188} INFO - [2026-05-02T19:43:48.888+0000] {dag.py:3823} INFO - Setting next_dagrun for marketing_pipeline to 2026-05-01 00:00:00+00:00, run_after=2026-05-02 00:00:00+00:00
[2026-05-02T19:43:48.900+0000] {processor.py:183} INFO - Processing /opt/airflow/dags/marketing_pipeline.py took 0.226 seconds
[2026-05-02T19:44:18.938+0000] {processor.py:161} INFO - Started process (PID=1748) to work on /opt/airflow/dags/marketing_pipeline.py
[2026-05-02T19:44:18.940+0000] {processor.py:830} INFO - Processing file /opt/airflow/dags/marketing_pipeline.py for tasks to queue
[2026-05-02T19:44:18.943+0000] {logging_mixin.py:188} INFO - [2026-05-02T19:44:18.943+0000] {dagbag.py:538} INFO - Filling up the DagBag from /opt/airflow/dags/marketing_pipeline.py
[2026-05-02T19:44:18.955+0000] {processor.py:840} INFO - DAG(s) 'marketing_pipeline' retrieved from /opt/airflow/dags/marketing_pipeline.py
[2026-05-02T19:44:18.976+0000] {logging_mixin.py:188} INFO - [2026-05-02T19:44:18.976+0000] {dag.py:3036} INFO - Sync 1 DAGs
[2026-05-02T19:44:18.994+0000] {logging_mixin.py:188} INFO - [2026-05-02T19:44:18.994+0000] {dag.py:3823} INFO - Setting next_dagrun for marketing_pipeline to 2026-05-01 00:00:00+00:00, run_after=2026-05-02 00:00:00+00:00
[2026-05-02T19:44:19.007+0000] {processor.py:183} INFO - Processing /opt/airflow/dags/marketing_pipeline.py took 0.074 seconds
[2026-05-02T19:44:49.322+0000] {processor.py:161} INFO - Started process (PID=1804) to work on /opt/airflow/dags/marketing_pipeline.py
[2026-05-02T19:44:49.324+0000] {processor.py:830} INFO - Processing file /opt/airflow/dags/marketing_pipeline.py for tasks to queue
[2026-05-02T19:44:49.326+0000] {logging_mixin.py:188} INFO - [2026-05-02T19:44:49.326+0000] {dagbag.py:538} INFO - Filling up the DagBag from /opt/airflow/dags/marketing_pipeline.py
[2026-05-02T19:44:49.341+0000] {processor.py:840} INFO - DAG(s) 'marketing_pipeline' retrieved from /opt/airflow/dags/marketing_pipeline.py
[2026-05-02T19:44:49.365+0000] {logging_mixin.py:188} INFO - [2026-05-02T19:44:49.365+0000] {dag.py:3036} INFO - Sync 1 DAGs
[2026-05-02T19:44:49.382+0000] {logging_mixin.py:188} INFO - [2026-05-02T19:44:49.382+0000] {dag.py:3823} INFO - Setting next_dagrun for marketing_pipeline to 2026-05-01 00:00:00+00:00, run_after=2026-05-02 00:00:00+00:00
[2026-05-02T19:44:49.395+0000] {processor.py:183} INFO - Processing /opt/airflow/dags/marketing_pipeline.py took 0.077 seconds
[2026-05-02T19:45:19.904+0000] {processor.py:161} INFO - Started process (PID=1860) to work on /opt/airflow/dags/marketing_pipeline.py
[2026-05-02T19:45:19.906+0000] {processor.py:830} INFO - Processing file /opt/airflow/dags/marketing_pipeline.py for tasks to queue
[2026-05-02T19:45:19.908+0000] {logging_mixin.py:188} INFO - [2026-05-02T19:45:19.907+0000] {dagbag.py:538} INFO - Filling up the DagBag from /opt/airflow/dags/marketing_pipeline.py
[2026-05-02T19:45:19.921+0000] {processor.py:840} INFO - DAG(s) 'marketing_pipeline' retrieved from /opt/airflow/dags/marketing_pipeline.py
[2026-05-02T19:45:19.940+0000] {logging_mixin.py:188} INFO - [2026-05-02T19:45:19.940+0000] {dag.py:3036} INFO - Sync 1 DAGs
[2026-05-02T19:45:19.957+0000] {logging_mixin.py:188} INFO - [2026-05-02T19:45:19.957+0000] {dag.py:3823} INFO - Setting next_dagrun for marketing_pipeline to 2026-05-01 00:00:00+00:00, run_after=2026-05-02 00:00:00+00:00
[2026-05-02T19:45:19.968+0000] {processor.py:183} INFO - Processing /opt/airflow/dags/marketing_pipeline.py took 0.068 seconds
[2026-05-02T19:45:50.965+0000] {processor.py:161} INFO - Started process (PID=1916) to work on /opt/airflow/dags/marketing_pipeline.py
[2026-05-02T19:45:50.966+0000] {processor.py:830} INFO - Processing file /opt/airflow/dags/marketing_pipeline.py for tasks to queue
[2026-05-02T19:45:50.967+0000] {logging_mixin.py:188} INFO - [2026-05-02T19:45:50.967+0000] {dagbag.py:538} INFO - Filling up the DagBag from /opt/airflow/dags/marketing_pipeline.py
[2026-05-02T19:45:50.974+0000] {processor.py:840} INFO - DAG(s) 'marketing_pipeline' retrieved from /opt/airflow/dags/marketing_pipeline.py
[2026-05-02T19:45:50.987+0000] {logging_mixin.py:188} INFO - [2026-05-02T19:45:50.987+0000] {dag.py:3036} INFO - Sync 1 DAGs
[2026-05-02T19:45:51.002+0000] {logging_mixin.py:188} INFO - [2026-05-02T19:45:51.002+0000] {dag.py:3823} INFO - Setting next_dagrun for marketing_pipeline to 2026-05-01 00:00:00+00:00, run_after=2026-05-02 00:00:00+00:00
[2026-05-02T19:45:51.013+0000] {processor.py:183} INFO - Processing /opt/airflow/dags/marketing_pipeline.py took 0.050 seconds
[2026-05-02T19:46:21.210+0000] {processor.py:161} INFO - Started process (PID=1972) to work on /opt/airflow/dags/marketing_pipeline.py
[2026-05-02T19:46:21.211+0000] {processor.py:830} INFO - Processing file /opt/airflow/dags/marketing_pipeline.py for tasks to queue
[2026-05-02T19:46:21.213+0000] {logging_mixin.py:188} INFO - [2026-05-02T19:46:21.213+0000] {dagbag.py:538} INFO - Filling up the DagBag from /opt/airflow/dags/marketing_pipeline.py
[2026-05-02T19:46:21.222+0000] {processor.py:840} INFO - DAG(s) 'marketing_pipeline' retrieved from /opt/airflow/dags/marketing_pipeline.py
[2026-05-02T19:46:21.239+0000] {logging_mixin.py:188} INFO - [2026-05-02T19:46:21.239+0000] {dag.py:3036} INFO - Sync 1 DAGs
[2026-05-02T19:46:21.257+0000] {logging_mixin.py:188} INFO - [2026-05-02T19:46:21.257+0000] {dag.py:3823} INFO - Setting next_dagrun for marketing_pipeline to 2026-05-01 00:00:00+00:00, run_after=2026-05-02 00:00:00+00:00
[2026-05-02T19:46:21.271+0000] {processor.py:183} INFO - Processing /opt/airflow/dags/marketing_pipeline.py took 0.064 seconds
[2026-05-02T19:46:51.577+0000] {processor.py:161} INFO - Started process (PID=2028) to work on /opt/airflow/dags/marketing_pipeline.py
[2026-05-02T19:46:51.579+0000] {processor.py:830} INFO - Processing file /opt/airflow/dags/marketing_pipeline.py for tasks to queue
[2026-05-02T19:46:51.580+0000] {logging_mixin.py:188} INFO - [2026-05-02T19:46:51.580+0000] {dagbag.py:538} INFO - Filling up the DagBag from /opt/airflow/dags/marketing_pipeline.py
[2026-05-02T19:46:51.590+0000] {processor.py:840} INFO - DAG(s) 'marketing_pipeline' retrieved from /opt/airflow/dags/marketing_pipeline.py
[2026-05-02T19:46:51.613+0000] {logging_mixin.py:188} INFO - [2026-05-02T19:46:51.612+0000] {dag.py:3036} INFO - Sync 1 DAGs
[2026-05-02T19:46:51.632+0000] {logging_mixin.py:188} INFO - [2026-05-02T19:46:51.632+0000] {dag.py:3823} INFO - Setting next_dagrun for marketing_pipeline to 2026-05-01 00:00:00+00:00, run_after=2026-05-02 00:00:00+00:00
[2026-05-02T19:46:51.649+0000] {processor.py:183} INFO - Processing /opt/airflow/dags/marketing_pipeline.py took 0.075 seconds
[2026-05-02T19:47:22.356+0000] {processor.py:161} INFO - Started process (PID=2084) to work on /opt/airflow/dags/marketing_pipeline.py
[2026-05-02T19:47:22.358+0000] {processor.py:830} INFO - Processing file /opt/airflow/dags/marketing_pipeline.py for tasks to queue
[2026-05-02T19:47:22.359+0000] {logging_mixin.py:188} INFO - [2026-05-02T19:47:22.359+0000] {dagbag.py:538} INFO - Filling up the DagBag from /opt/airflow/dags/marketing_pipeline.py
[2026-05-02T19:47:22.366+0000] {processor.py:840} INFO - DAG(s) 'marketing_pipeline' retrieved from /opt/airflow/dags/marketing_pipeline.py
[2026-05-02T19:47:22.381+0000] {logging_mixin.py:188} INFO - [2026-05-02T19:47:22.381+0000] {dag.py:3036} INFO - Sync 1 DAGs
[2026-05-02T19:47:22.396+0000] {logging_mixin.py:188} INFO - [2026-05-02T19:47:22.396+0000] {dag.py:3823} INFO - Setting next_dagrun for marketing_pipeline to 2026-05-01 00:00:00+00:00, run_after=2026-05-02 00:00:00+00:00
[2026-05-02T19:47:22.407+0000] {processor.py:183} INFO - Processing /opt/airflow/dags/marketing_pipeline.py took 0.054 seconds
[2026-05-02T19:47:52.704+0000] {processor.py:161} INFO - Started process (PID=2146) to work on /opt/airflow/dags/marketing_pipeline.py
[2026-05-02T19:47:52.706+0000] {processor.py:830} INFO - Processing file /opt/airflow/dags/marketing_pipeline.py for tasks to queue
[2026-05-02T19:47:52.708+0000] {logging_mixin.py:188} INFO - [2026-05-02T19:47:52.708+0000] {dagbag.py:538} INFO - Filling up the DagBag from /opt/airflow/dags/marketing_pipeline.py
[2026-05-02T19:47:52.720+0000] {processor.py:840} INFO - DAG(s) 'marketing_pipeline' retrieved from /opt/airflow/dags/marketing_pipeline.py
[2026-05-02T19:47:52.739+0000] {logging_mixin.py:188} INFO - [2026-05-02T19:47:52.739+0000] {dag.py:3036} INFO - Sync 1 DAGs
[2026-05-02T19:47:52.758+0000] {logging_mixin.py:188} INFO - [2026-05-02T19:47:52.758+0000] {dag.py:3823} INFO - Setting next_dagrun for marketing_pipeline to 2026-05-01 00:00:00+00:00, run_after=2026-05-02 00:00:00+00:00
[2026-05-02T19:47:52.770+0000] {processor.py:183} INFO - Processing /opt/airflow/dags/marketing_pipeline.py took 0.069 seconds
[2026-05-02T19:48:23.085+0000] {processor.py:161} INFO - Started process (PID=2202) to work on /opt/airflow/dags/marketing_pipeline.py
[2026-05-02T19:48:23.086+0000] {processor.py:830} INFO - Processing file /opt/airflow/dags/marketing_pipeline.py for tasks to queue
[2026-05-02T19:48:23.088+0000] {logging_mixin.py:188} INFO - [2026-05-02T19:48:23.088+0000] {dagbag.py:538} INFO - Filling up the DagBag from /opt/airflow/dags/marketing_pipeline.py
[2026-05-02T19:48:23.099+0000] {processor.py:840} INFO - DAG(s) 'marketing_pipeline' retrieved from /opt/airflow/dags/marketing_pipeline.py
[2026-05-02T19:48:23.116+0000] {logging_mixin.py:188} INFO - [2026-05-02T19:48:23.115+0000] {dag.py:3036} INFO - Sync 1 DAGs
[2026-05-02T19:48:23.134+0000] {logging_mixin.py:188} INFO - [2026-05-02T19:48:23.134+0000] {dag.py:3823} INFO - Setting next_dagrun for marketing_pipeline to 2026-05-01 00:00:00+00:00, run_after=2026-05-02 00:00:00+00:00
[2026-05-02T19:48:23.147+0000] {processor.py:183} INFO - Processing /opt/airflow/dags/marketing_pipeline.py took 0.066 seconds
[2026-05-02T19:48:53.740+0000] {processor.py:161} INFO - Started process (PID=2258) to work on /opt/airflow/dags/marketing_pipeline.py
[2026-05-02T19:48:53.742+0000] {processor.py:830} INFO - Processing file /opt/airflow/dags/marketing_pipeline.py for tasks to queue
[2026-05-02T19:48:53.746+0000] {logging_mixin.py:188} INFO - [2026-05-02T19:48:53.745+0000] {dagbag.py:538} INFO - Filling up the DagBag from /opt/airflow/dags/marketing_pipeline.py
[2026-05-02T19:48:53.758+0000] {processor.py:840} INFO - DAG(s) 'marketing_pipeline' retrieved from /opt/airflow/dags/marketing_pipeline.py
[2026-05-02T19:48:53.777+0000] {logging_mixin.py:188} INFO - [2026-05-02T19:48:53.776+0000] {dag.py:3036} INFO - Sync 1 DAGs
[2026-05-02T19:48:53.794+0000] {logging_mixin.py:188} INFO - [2026-05-02T19:48:53.794+0000] {dag.py:3823} INFO - Setting next_dagrun for marketing_pipeline to 2026-05-01 00:00:00+00:00, run_after=2026-05-02 00:00:00+00:00
[2026-05-02T19:48:53.806+0000] {processor.py:183} INFO - Processing /opt/airflow/dags/marketing_pipeline.py took 0.071 seconds
[2026-05-02T19:49:24.191+0000] {processor.py:161} INFO - Started process (PID=2314) to work on /opt/airflow/dags/marketing_pipeline.py
[2026-05-02T19:49:24.193+0000] {processor.py:830} INFO - Processing file /opt/airflow/dags/marketing_pipeline.py for tasks to queue
[2026-05-02T19:49:24.195+0000] {logging_mixin.py:188} INFO - [2026-05-02T19:49:24.195+0000] {dagbag.py:538} INFO - Filling up the DagBag from /opt/airflow/dags/marketing_pipeline.py
[2026-05-02T19:49:24.204+0000] {processor.py:840} INFO - DAG(s) 'marketing_pipeline' retrieved from /opt/airflow/dags/marketing_pipeline.py
[2026-05-02T19:49:24.224+0000] {logging_mixin.py:188} INFO - [2026-05-02T19:49:24.223+0000] {dag.py:3036} INFO - Sync 1 DAGs
[2026-05-02T19:49:24.240+0000] {logging_mixin.py:188} INFO - [2026-05-02T19:49:24.239+0000] {dag.py:3823} INFO - Setting next_dagrun for marketing_pipeline to 2026-05-01 00:00:00+00:00, run_after=2026-05-02 00:00:00+00:00
[2026-05-02T19:49:24.250+0000] {processor.py:183} INFO - Processing /opt/airflow/dags/marketing_pipeline.py took 0.062 seconds
[2026-05-02T19:49:54.754+0000] {processor.py:161} INFO - Started process (PID=2370) to work on /opt/airflow/dags/marketing_pipeline.py
[2026-05-02T19:49:54.755+0000] {processor.py:830} INFO - Processing file /opt/airflow/dags/marketing_pipeline.py for tasks to queue
[2026-05-02T19:49:54.757+0000] {logging_mixin.py:188} INFO - [2026-05-02T19:49:54.757+0000] {dagbag.py:538} INFO - Filling up the DagBag from /opt/airflow/dags/marketing_pipeline.py
[2026-05-02T19:49:54.764+0000] {processor.py:840} INFO - DAG(s) 'marketing_pipeline' retrieved from /opt/airflow/dags/marketing_pipeline.py
[2026-05-02T19:49:54.782+0000] {logging_mixin.py:188} INFO - [2026-05-02T19:49:54.782+0000] {dag.py:3036} INFO - Sync 1 DAGs
[2026-05-02T19:49:54.797+0000] {logging_mixin.py:188} INFO - [2026-05-02T19:49:54.797+0000] {dag.py:3823} INFO - Setting next_dagrun for marketing_pipeline to 2026-05-01 00:00:00+00:00, run_after=2026-05-02 00:00:00+00:00
[2026-05-02T19:49:54.808+0000] {processor.py:183} INFO - Processing /opt/airflow/dags/marketing_pipeline.py took 0.058 seconds
[2026-05-02T19:50:25.116+0000] {processor.py:161} INFO - Started process (PID=2426) to work on /opt/airflow/dags/marketing_pipeline.py
[2026-05-02T19:50:25.117+0000] {processor.py:830} INFO - Processing file /opt/airflow/dags/marketing_pipeline.py for tasks to queue
[2026-05-02T19:50:25.119+0000] {logging_mixin.py:188} INFO - [2026-05-02T19:50:25.119+0000] {dagbag.py:538} INFO - Filling up the DagBag from /opt/airflow/dags/marketing_pipeline.py
[2026-05-02T19:50:25.135+0000] {processor.py:840} INFO - DAG(s) 'marketing_pipeline' retrieved from /opt/airflow/dags/marketing_pipeline.py
[2026-05-02T19:50:25.167+0000] {logging_mixin.py:188} INFO - [2026-05-02T19:50:25.167+0000] {dag.py:3036} INFO - Sync 1 DAGs
[2026-05-02T19:50:25.193+0000] {logging_mixin.py:188} INFO - [2026-05-02T19:50:25.193+0000] {dag.py:3823} INFO - Setting next_dagrun for marketing_pipeline to 2026-05-01 00:00:00+00:00, run_after=2026-05-02 00:00:00+00:00
[2026-05-02T19:50:25.207+0000] {processor.py:183} INFO - Processing /opt/airflow/dags/marketing_pipeline.py took 0.095 seconds
[2026-05-02T19:50:55.950+0000] {processor.py:161} INFO - Started process (PID=2482) to work on /opt/airflow/dags/marketing_pipeline.py
[2026-05-02T19:50:55.950+0000] {processor.py:830} INFO - Processing file /opt/airflow/dags/marketing_pipeline.py for tasks to queue
[2026-05-02T19:50:55.953+0000] {logging_mixin.py:188} INFO - [2026-05-02T19:50:55.952+0000] {dagbag.py:538} INFO - Filling up the DagBag from /opt/airflow/dags/marketing_pipeline.py
[2026-05-02T19:50:55.961+0000] {processor.py:840} INFO - DAG(s) 'marketing_pipeline' retrieved from /opt/airflow/dags/marketing_pipeline.py
[2026-05-02T19:50:55.979+0000] {logging_mixin.py:188} INFO - [2026-05-02T19:50:55.979+0000] {dag.py:3036} INFO - Sync 1 DAGs
[2026-05-02T19:50:55.992+0000] {logging_mixin.py:188} INFO - [2026-05-02T19:50:55.992+0000] {dag.py:3823} INFO - Setting next_dagrun for marketing_pipeline to 2026-05-01 00:00:00+00:00, run_after=2026-05-02 00:00:00+00:00
[2026-05-02T19:50:56.002+0000] {processor.py:183} INFO - Processing /opt/airflow/dags/marketing_pipeline.py took 0.056 seconds
[2026-05-02T19:51:26.367+0000] {processor.py:161} INFO - Started process (PID=2538) to work on /opt/airflow/dags/marketing_pipeline.py
[2026-05-02T19:51:26.368+0000] {processor.py:830} INFO - Processing file /opt/airflow/dags/marketing_pipeline.py for tasks to queue
[2026-05-02T19:51:26.369+0000] {logging_mixin.py:188} INFO - [2026-05-02T19:51:26.369+0000] {dagbag.py:538} INFO - Filling up the DagBag from /opt/airflow/dags/marketing_pipeline.py
[2026-05-02T19:51:26.378+0000] {processor.py:840} INFO - DAG(s) 'marketing_pipeline' retrieved from /opt/airflow/dags/marketing_pipeline.py
[2026-05-02T19:51:26.396+0000] {logging_mixin.py:188} INFO - [2026-05-02T19:51:26.396+0000] {dag.py:3036} INFO - Sync 1 DAGs
[2026-05-02T19:51:26.537+0000] {logging_mixin.py:188} INFO - [2026-05-02T19:51:26.537+0000] {dag.py:3823} INFO - Setting next_dagrun for marketing_pipeline to 2026-05-01 00:00:00+00:00, run_after=2026-05-02 00:00:00+00:00
[2026-05-02T19:51:26.547+0000] {processor.py:183} INFO - Processing /opt/airflow/dags/marketing_pipeline.py took 0.184 seconds
[2026-05-02T19:51:57.373+0000] {processor.py:161} INFO - Started process (PID=2594) to work on /opt/airflow/dags/marketing_pipeline.py
[2026-05-02T19:51:57.374+0000] {processor.py:830} INFO - Processing file /opt/airflow/dags/marketing_pipeline.py for tasks to queue
[2026-05-02T19:51:57.375+0000] {logging_mixin.py:188} INFO - [2026-05-02T19:51:57.375+0000] {dagbag.py:538} INFO - Filling up the DagBag from /opt/airflow/dags/marketing_pipeline.py
[2026-05-02T19:51:57.382+0000] {processor.py:840} INFO - DAG(s) 'marketing_pipeline' retrieved from /opt/airflow/dags/marketing_pipeline.py
[2026-05-02T19:51:57.393+0000] {logging_mixin.py:188} INFO - [2026-05-02T19:51:57.393+0000] {dag.py:3036} INFO - Sync 1 DAGs
[2026-05-02T19:51:57.407+0000] {logging_mixin.py:188} INFO - [2026-05-02T19:51:57.407+0000] {dag.py:3823} INFO - Setting next_dagrun for marketing_pipeline to 2026-05-01 00:00:00+00:00, run_after=2026-05-02 00:00:00+00:00
[2026-05-02T19:51:57.524+0000] {processor.py:183} INFO - Processing /opt/airflow/dags/marketing_pipeline.py took 0.155 seconds
[2026-05-02T19:52:27.750+0000] {processor.py:161} INFO - Started process (PID=2650) to work on /opt/airflow/dags/marketing_pipeline.py
[2026-05-02T19:52:27.751+0000] {processor.py:830} INFO - Processing file /opt/airflow/dags/marketing_pipeline.py for tasks to queue
[2026-05-02T19:52:27.753+0000] {logging_mixin.py:188} INFO - [2026-05-02T19:52:27.753+0000] {dagbag.py:538} INFO - Filling up the DagBag from /opt/airflow/dags/marketing_pipeline.py
[2026-05-02T19:52:27.761+0000] {processor.py:840} INFO - DAG(s) 'marketing_pipeline' retrieved from /opt/airflow/dags/marketing_pipeline.py
[2026-05-02T19:52:27.778+0000] {logging_mixin.py:188} INFO - [2026-05-02T19:52:27.778+0000] {dag.py:3036} INFO - Sync 1 DAGs
[2026-05-02T19:52:27.796+0000] {logging_mixin.py:188} INFO - [2026-05-02T19:52:27.796+0000] {dag.py:3823} INFO - Setting next_dagrun for marketing_pipeline to 2026-05-01 00:00:00+00:00, run_after=2026-05-02 00:00:00+00:00
[2026-05-02T19:52:27.808+0000] {processor.py:183} INFO - Processing /opt/airflow/dags/marketing_pipeline.py took 0.061 seconds
[2026-05-02T19:52:57.903+0000] {processor.py:161} INFO - Started process (PID=2706) to work on /opt/airflow/dags/marketing_pipeline.py
[2026-05-02T19:52:57.904+0000] {processor.py:830} INFO - Processing file /opt/airflow/dags/marketing_pipeline.py for tasks to queue
[2026-05-02T19:52:57.906+0000] {logging_mixin.py:188} INFO - [2026-05-02T19:52:57.906+0000] {dagbag.py:538} INFO - Filling up the DagBag from /opt/airflow/dags/marketing_pipeline.py
[2026-05-02T19:52:57.914+0000] {processor.py:840} INFO - DAG(s) 'marketing_pipeline' retrieved from /opt/airflow/dags/marketing_pipeline.py
[2026-05-02T19:52:57.930+0000] {logging_mixin.py:188} INFO - [2026-05-02T19:52:57.929+0000] {dag.py:3036} INFO - Sync 1 DAGs
[2026-05-02T19:52:57.946+0000] {logging_mixin.py:188} INFO - [2026-05-02T19:52:57.946+0000] {dag.py:3823} INFO - Setting next_dagrun for marketing_pipeline to 2026-05-01 00:00:00+00:00, run_after=2026-05-02 00:00:00+00:00
[2026-05-02T19:52:57.958+0000] {processor.py:183} INFO - Processing /opt/airflow/dags/marketing_pipeline.py took 0.057 seconds
[2026-05-02T19:53:28.132+0000] {processor.py:161} INFO - Started process (PID=2762) to work on /opt/airflow/dags/marketing_pipeline.py
[2026-05-02T19:53:28.133+0000] {processor.py:830} INFO - Processing file /opt/airflow/dags/marketing_pipeline.py for tasks to queue
[2026-05-02T19:53:28.135+0000] {logging_mixin.py:188} INFO - [2026-05-02T19:53:28.135+0000] {dagbag.py:538} INFO - Filling up the DagBag from /opt/airflow/dags/marketing_pipeline.py
[2026-05-02T19:53:28.142+0000] {processor.py:840} INFO - DAG(s) 'marketing_pipeline' retrieved from /opt/airflow/dags/marketing_pipeline.py
[2026-05-02T19:53:28.157+0000] {logging_mixin.py:188} INFO - [2026-05-02T19:53:28.157+0000] {dag.py:3036} INFO - Sync 1 DAGs
[2026-05-02T19:53:28.172+0000] {logging_mixin.py:188} INFO - [2026-05-02T19:53:28.172+0000] {dag.py:3823} INFO - Setting next_dagrun for marketing_pipeline to 2026-05-01 00:00:00+00:00, run_after=2026-05-02 00:00:00+00:00
[2026-05-02T19:53:28.183+0000] {processor.py:183} INFO - Processing /opt/airflow/dags/marketing_pipeline.py took 0.055 seconds
[2026-05-02T19:53:58.305+0000] {processor.py:161} INFO - Started process (PID=2818) to work on /opt/airflow/dags/marketing_pipeline.py
[2026-05-02T19:53:58.306+0000] {processor.py:830} INFO - Processing file /opt/airflow/dags/marketing_pipeline.py for tasks to queue
[2026-05-02T19:53:58.309+0000] {logging_mixin.py:188} INFO - [2026-05-02T19:53:58.309+0000] {dagbag.py:538} INFO - Filling up the DagBag from /opt/airflow/dags/marketing_pipeline.py
[2026-05-02T19:53:58.318+0000] {processor.py:840} INFO - DAG(s) 'marketing_pipeline' retrieved from /opt/airflow/dags/marketing_pipeline.py
[2026-05-02T19:53:58.336+0000] {logging_mixin.py:188} INFO - [2026-05-02T19:53:58.336+0000] {dag.py:3036} INFO - Sync 1 DAGs
[2026-05-02T19:53:58.351+0000] {logging_mixin.py:188} INFO - [2026-05-02T19:53:58.351+0000] {dag.py:3823} INFO - Setting next_dagrun for marketing_pipeline to 2026-05-01 00:00:00+00:00, run_after=2026-05-02 00:00:00+00:00
[2026-05-02T19:53:58.361+0000] {processor.py:183} INFO - Processing /opt/airflow/dags/marketing_pipeline.py took 0.061 seconds
[2026-05-02T19:54:28.485+0000] {processor.py:161} INFO - Started process (PID=2874) to work on /opt/airflow/dags/marketing_pipeline.py
[2026-05-02T19:54:28.489+0000] {processor.py:830} INFO - Processing file /opt/airflow/dags/marketing_pipeline.py for tasks to queue
[2026-05-02T19:54:28.494+0000] {logging_mixin.py:188} INFO - [2026-05-02T19:54:28.494+0000] {dagbag.py:538} INFO - Filling up the DagBag from /opt/airflow/dags/marketing_pipeline.py
[2026-05-02T19:54:28.514+0000] {processor.py:840} INFO - DAG(s) 'marketing_pipeline' retrieved from /opt/airflow/dags/marketing_pipeline.py
[2026-05-02T19:54:28.546+0000] {logging_mixin.py:188} INFO - [2026-05-02T19:54:28.545+0000] {dag.py:3036} INFO - Sync 1 DAGs
[2026-05-02T19:54:28.570+0000] {logging_mixin.py:188} INFO - [2026-05-02T19:54:28.570+0000] {dag.py:3823} INFO - Setting next_dagrun for marketing_pipeline to 2026-05-01 00:00:00+00:00, run_after=2026-05-02 00:00:00+00:00
[2026-05-02T19:54:28.584+0000] {processor.py:183} INFO - Processing /opt/airflow/dags/marketing_pipeline.py took 0.106 seconds
[2026-05-02T19:54:58.656+0000] {processor.py:161} INFO - Started process (PID=2930) to work on /opt/airflow/dags/marketing_pipeline.py
[2026-05-02T19:54:58.657+0000] {processor.py:830} INFO - Processing file /opt/airflow/dags/marketing_pipeline.py for tasks to queue
[2026-05-02T19:54:58.659+0000] {logging_mixin.py:188} INFO - [2026-05-02T19:54:58.659+0000] {dagbag.py:538} INFO - Filling up the DagBag from /opt/airflow/dags/marketing_pipeline.py
[2026-05-02T19:54:58.667+0000] {processor.py:840} INFO - DAG(s) 'marketing_pipeline' retrieved from /opt/airflow/dags/marketing_pipeline.py
[2026-05-02T19:54:58.683+0000] {logging_mixin.py:188} INFO - [2026-05-02T19:54:58.683+0000] {dag.py:3036} INFO - Sync 1 DAGs
[2026-05-02T19:54:58.699+0000] {logging_mixin.py:188} INFO - [2026-05-02T19:54:58.699+0000] {dag.py:3823} INFO - Setting next_dagrun for marketing_pipeline to 2026-05-01 00:00:00+00:00, run_after=2026-05-02 00:00:00+00:00
[2026-05-02T19:54:58.710+0000] {processor.py:183} INFO - Processing /opt/airflow/dags/marketing_pipeline.py took 0.058 seconds
[2026-05-02T19:55:28.860+0000] {processor.py:161} INFO - Started process (PID=2986) to work on /opt/airflow/dags/marketing_pipeline.py
[2026-05-02T19:55:28.861+0000] {processor.py:830} INFO - Processing file /opt/airflow/dags/marketing_pipeline.py for tasks to queue
[2026-05-02T19:55:28.864+0000] {logging_mixin.py:188} INFO - [2026-05-02T19:55:28.863+0000] {dagbag.py:538} INFO - Filling up the DagBag from /opt/airflow/dags/marketing_pipeline.py
[2026-05-02T19:55:28.874+0000] {processor.py:840} INFO - DAG(s) 'marketing_pipeline' retrieved from /opt/airflow/dags/marketing_pipeline.py
[2026-05-02T19:55:28.897+0000] {logging_mixin.py:188} INFO - [2026-05-02T19:55:28.897+0000] {dag.py:3036} INFO - Sync 1 DAGs
[2026-05-02T19:55:28.918+0000] {logging_mixin.py:188} INFO - [2026-05-02T19:55:28.917+0000] {dag.py:3823} INFO - Setting next_dagrun for marketing_pipeline to 2026-05-01 00:00:00+00:00, run_after=2026-05-02 00:00:00+00:00
[2026-05-02T19:55:28.930+0000] {processor.py:183} INFO - Processing /opt/airflow/dags/marketing_pipeline.py took 0.075 seconds
[2026-05-02T19:55:58.968+0000] {processor.py:161} INFO - Started process (PID=3042) to work on /opt/airflow/dags/marketing_pipeline.py
[2026-05-02T19:55:58.969+0000] {processor.py:830} INFO - Processing file /opt/airflow/dags/marketing_pipeline.py for tasks to queue
[2026-05-02T19:55:58.971+0000] {logging_mixin.py:188} INFO - [2026-05-02T19:55:58.970+0000] {dagbag.py:538} INFO - Filling up the DagBag from /opt/airflow/dags/marketing_pipeline.py
[2026-05-02T19:55:58.980+0000] {processor.py:840} INFO - DAG(s) 'marketing_pipeline' retrieved from /opt/airflow/dags/marketing_pipeline.py
[2026-05-02T19:55:59.018+0000] {logging_mixin.py:188} INFO - [2026-05-02T19:55:59.017+0000] {dag.py:3036} INFO - Sync 1 DAGs
[2026-05-02T19:55:59.035+0000] {logging_mixin.py:188} INFO - [2026-05-02T19:55:59.035+0000] {dag.py:3823} INFO - Setting next_dagrun for marketing_pipeline to 2026-05-01 00:00:00+00:00, run_after=2026-05-02 00:00:00+00:00
[2026-05-02T19:55:59.048+0000] {processor.py:183} INFO - Processing /opt/airflow/dags/marketing_pipeline.py took 0.085 seconds
[2026-05-02T19:56:29.324+0000] {processor.py:161} INFO - Started process (PID=3098) to work on /opt/airflow/dags/marketing_pipeline.py
[2026-05-02T19:56:29.325+0000] {processor.py:830} INFO - Processing file /opt/airflow/dags/marketing_pipeline.py for tasks to queue
[2026-05-02T19:56:29.327+0000] {logging_mixin.py:188} INFO - [2026-05-02T19:56:29.327+0000] {dagbag.py:538} INFO - Filling up the DagBag from /opt/airflow/dags/marketing_pipeline.py
[2026-05-02T19:56:29.336+0000] {processor.py:840} INFO - DAG(s) 'marketing_pipeline' retrieved from /opt/airflow/dags/marketing_pipeline.py
[2026-05-02T19:56:29.354+0000] {logging_mixin.py:188} INFO - [2026-05-02T19:56:29.353+0000] {dag.py:3036} INFO - Sync 1 DAGs
[2026-05-02T19:56:29.371+0000] {logging_mixin.py:188} INFO - [2026-05-02T19:56:29.371+0000] {dag.py:3823} INFO - Setting next_dagrun for marketing_pipeline to 2026-05-01 00:00:00+00:00, run_after=2026-05-02 00:00:00+00:00
[2026-05-02T19:56:29.383+0000] {processor.py:183} INFO - Processing /opt/airflow/dags/marketing_pipeline.py took 0.062 seconds
[2026-05-02T19:56:59.509+0000] {processor.py:161} INFO - Started process (PID=3154) to work on /opt/airflow/dags/marketing_pipeline.py
[2026-05-02T19:56:59.510+0000] {processor.py:830} INFO - Processing file /opt/airflow/dags/marketing_pipeline.py for tasks to queue
[2026-05-02T19:56:59.513+0000] {logging_mixin.py:188} INFO - [2026-05-02T19:56:59.512+0000] {dagbag.py:538} INFO - Filling up the DagBag from /opt/airflow/dags/marketing_pipeline.py
[2026-05-02T19:56:59.522+0000] {processor.py:840} INFO - DAG(s) 'marketing_pipeline' retrieved from /opt/airflow/dags/marketing_pipeline.py
[2026-05-02T19:56:59.540+0000] {logging_mixin.py:188} INFO - [2026-05-02T19:56:59.539+0000] {dag.py:3036} INFO - Sync 1 DAGs
[2026-05-02T19:56:59.557+0000] {logging_mixin.py:188} INFO - [2026-05-02T19:56:59.557+0000] {dag.py:3823} INFO - Setting next_dagrun for marketing_pipeline to 2026-05-01 00:00:00+00:00, run_after=2026-05-02 00:00:00+00:00
[2026-05-02T19:56:59.569+0000] {processor.py:183} INFO - Processing /opt/airflow/dags/marketing_pipeline.py took 0.063 seconds
[2026-05-02T19:57:29.725+0000] {processor.py:161} INFO - Started process (PID=3210) to work on /opt/airflow/dags/marketing_pipeline.py
[2026-05-02T19:57:29.726+0000] {processor.py:830} INFO - Processing file /opt/airflow/dags/marketing_pipeline.py for tasks to queue
[2026-05-02T19:57:29.728+0000] {logging_mixin.py:188} INFO - [2026-05-02T19:57:29.728+0000] {dagbag.py:538} INFO - Filling up the DagBag from /opt/airflow/dags/marketing_pipeline.py
[2026-05-02T19:57:29.737+0000] {processor.py:840} INFO - DAG(s) 'marketing_pipeline' retrieved from /opt/airflow/dags/marketing_pipeline.py
[2026-05-02T19:57:29.754+0000] {logging_mixin.py:188} INFO - [2026-05-02T19:57:29.754+0000] {dag.py:3036} INFO - Sync 1 DAGs
[2026-05-02T19:57:29.771+0000] {logging_mixin.py:188} INFO - [2026-05-02T19:57:29.771+0000] {dag.py:3823} INFO - Setting next_dagrun for marketing_pipeline to 2026-05-01 00:00:00+00:00, run_after=2026-05-02 00:00:00+00:00
[2026-05-02T19:57:29.782+0000] {processor.py:183} INFO - Processing /opt/airflow/dags/marketing_pipeline.py took 0.061 seconds
[2026-05-02T19:57:59.912+0000] {processor.py:161} INFO - Started process (PID=3266) to work on /opt/airflow/dags/marketing_pipeline.py
[2026-05-02T19:57:59.913+0000] {processor.py:830} INFO - Processing file /opt/airflow/dags/marketing_pipeline.py for tasks to queue
[2026-05-02T19:57:59.915+0000] {logging_mixin.py:188} INFO - [2026-05-02T19:57:59.915+0000] {dagbag.py:538} INFO - Filling up the DagBag from /opt/airflow/dags/marketing_pipeline.py
[2026-05-02T19:57:59.924+0000] {processor.py:840} INFO - DAG(s) 'marketing_pipeline' retrieved from /opt/airflow/dags/marketing_pipeline.py
[2026-05-02T19:57:59.940+0000] {logging_mixin.py:188} INFO - [2026-05-02T19:57:59.940+0000] {dag.py:3036} INFO - Sync 1 DAGs
[2026-05-02T19:57:59.955+0000] {logging_mixin.py:188} INFO - [2026-05-02T19:57:59.955+0000] {dag.py:3823} INFO - Setting next_dagrun for marketing_pipeline to 2026-05-01 00:00:00+00:00, run_after=2026-05-02 00:00:00+00:00
[2026-05-02T19:57:59.967+0000] {processor.py:183} INFO - Processing /opt/airflow/dags/marketing_pipeline.py took 0.059 seconds
[2026-05-02T19:58:30.095+0000] {processor.py:161} INFO - Started process (PID=3322) to work on /opt/airflow/dags/marketing_pipeline.py
[2026-05-02T19:58:30.096+0000] {processor.py:830} INFO - Processing file /opt/airflow/dags/marketing_pipeline.py for tasks to queue
[2026-05-02T19:58:30.098+0000] {logging_mixin.py:188} INFO - [2026-05-02T19:58:30.097+0000] {dagbag.py:538} INFO - Filling up the DagBag from /opt/airflow/dags/marketing_pipeline.py
[2026-05-02T19:58:30.106+0000] {processor.py:840} INFO - DAG(s) 'marketing_pipeline' retrieved from /opt/airflow/dags/marketing_pipeline.py
[2026-05-02T19:58:30.122+0000] {logging_mixin.py:188} INFO - [2026-05-02T19:58:30.122+0000] {dag.py:3036} INFO - Sync 1 DAGs
[2026-05-02T19:58:30.137+0000] {logging_mixin.py:188} INFO - [2026-05-02T19:58:30.137+0000] {dag.py:3823} INFO - Setting next_dagrun for marketing_pipeline to 2026-05-01 00:00:00+00:00, run_after=2026-05-02 00:00:00+00:00
[2026-05-02T19:58:30.148+0000] {processor.py:183} INFO - Processing /opt/airflow/dags/marketing_pipeline.py took 0.057 seconds
[2026-05-02T19:59:00.189+0000] {processor.py:161} INFO - Started process (PID=3378) to work on /opt/airflow/dags/marketing_pipeline.py
[2026-05-02T19:59:00.190+0000] {processor.py:830} INFO - Processing file /opt/airflow/dags/marketing_pipeline.py for tasks to queue
[2026-05-02T19:59:00.193+0000] {logging_mixin.py:188} INFO - [2026-05-02T19:59:00.192+0000] {dagbag.py:538} INFO - Filling up the DagBag from /opt/airflow/dags/marketing_pipeline.py
[2026-05-02T19:59:00.203+0000] {processor.py:840} INFO - DAG(s) 'marketing_pipeline' retrieved from /opt/airflow/dags/marketing_pipeline.py
[2026-05-02T19:59:00.219+0000] {logging_mixin.py:188} INFO - [2026-05-02T19:59:00.219+0000] {dag.py:3036} INFO - Sync 1 DAGs
[2026-05-02T19:59:00.235+0000] {logging_mixin.py:188} INFO - [2026-05-02T19:59:00.234+0000] {dag.py:3823} INFO - Setting next_dagrun for marketing_pipeline to 2026-05-01 00:00:00+00:00, run_after=2026-05-02 00:00:00+00:00
[2026-05-02T19:59:00.246+0000] {processor.py:183} INFO - Processing /opt/airflow/dags/marketing_pipeline.py took 0.061 seconds
[2026-05-02T19:59:30.375+0000] {processor.py:161} INFO - Started process (PID=3434) to work on /opt/airflow/dags/marketing_pipeline.py
[2026-05-02T19:59:30.376+0000] {processor.py:830} INFO - Processing file /opt/airflow/dags/marketing_pipeline.py for tasks to queue
[2026-05-02T19:59:30.377+0000] {logging_mixin.py:188} INFO - [2026-05-02T19:59:30.377+0000] {dagbag.py:538} INFO - Filling up the DagBag from /opt/airflow/dags/marketing_pipeline.py
[2026-05-02T19:59:30.386+0000] {processor.py:840} INFO - DAG(s) 'marketing_pipeline' retrieved from /opt/airflow/dags/marketing_pipeline.py
[2026-05-02T19:59:30.403+0000] {logging_mixin.py:188} INFO - [2026-05-02T19:59:30.403+0000] {dag.py:3036} INFO - Sync 1 DAGs
[2026-05-02T19:59:30.422+0000] {logging_mixin.py:188} INFO - [2026-05-02T19:59:30.422+0000] {dag.py:3823} INFO - Setting next_dagrun for marketing_pipeline to 2026-05-01 00:00:00+00:00, run_after=2026-05-02 00:00:00+00:00
[2026-05-02T19:59:30.434+0000] {processor.py:183} INFO - Processing /opt/airflow/dags/marketing_pipeline.py took 0.064 seconds
[2026-05-02T20:00:00.634+0000] {processor.py:161} INFO - Started process (PID=3490) to work on /opt/airflow/dags/marketing_pipeline.py
[2026-05-02T20:00:00.635+0000] {processor.py:830} INFO - Processing file /opt/airflow/dags/marketing_pipeline.py for tasks to queue
[2026-05-02T20:00:00.637+0000] {logging_mixin.py:188} INFO - [2026-05-02T20:00:00.637+0000] {dagbag.py:538} INFO - Filling up the DagBag from /opt/airflow/dags/marketing_pipeline.py
[2026-05-02T20:00:00.653+0000] {processor.py:840} INFO - DAG(s) 'marketing_pipeline' retrieved from /opt/airflow/dags/marketing_pipeline.py
[2026-05-02T20:00:00.675+0000] {logging_mixin.py:188} INFO - [2026-05-02T20:00:00.675+0000] {dag.py:3036} INFO - Sync 1 DAGs
[2026-05-02T20:00:00.695+0000] {logging_mixin.py:188} INFO - [2026-05-02T20:00:00.695+0000] {dag.py:3823} INFO - Setting next_dagrun for marketing_pipeline to 2026-05-01 00:00:00+00:00, run_after=2026-05-02 00:00:00+00:00
[2026-05-02T20:00:00.706+0000] {processor.py:183} INFO - Processing /opt/airflow/dags/marketing_pipeline.py took 0.077 seconds
[2026-05-02T20:00:30.747+0000] {processor.py:161} INFO - Started process (PID=3546) to work on /opt/airflow/dags/marketing_pipeline.py
[2026-05-02T20:00:30.748+0000] {processor.py:830} INFO - Processing file /opt/airflow/dags/marketing_pipeline.py for tasks to queue
[2026-05-02T20:00:30.750+0000] {logging_mixin.py:188} INFO - [2026-05-02T20:00:30.750+0000] {dagbag.py:538} INFO - Filling up the DagBag from /opt/airflow/dags/marketing_pipeline.py
[2026-05-02T20:00:30.759+0000] {processor.py:840} INFO - DAG(s) 'marketing_pipeline' retrieved from /opt/airflow/dags/marketing_pipeline.py
[2026-05-02T20:00:30.775+0000] {logging_mixin.py:188} INFO - [2026-05-02T20:00:30.775+0000] {dag.py:3036} INFO - Sync 1 DAGs
[2026-05-02T20:00:30.791+0000] {logging_mixin.py:188} INFO - [2026-05-02T20:00:30.790+0000] {dag.py:3823} INFO - Setting next_dagrun for marketing_pipeline to 2026-05-01 00:00:00+00:00, run_after=2026-05-02 00:00:00+00:00
[2026-05-02T20:00:30.802+0000] {processor.py:183} INFO - Processing /opt/airflow/dags/marketing_pipeline.py took 0.059 seconds
[2026-05-02T20:01:01.065+0000] {processor.py:161} INFO - Started process (PID=3602) to work on /opt/airflow/dags/marketing_pipeline.py
[2026-05-02T20:01:01.066+0000] {processor.py:830} INFO - Processing file /opt/airflow/dags/marketing_pipeline.py for tasks to queue
[2026-05-02T20:01:01.068+0000] {logging_mixin.py:188} INFO - [2026-05-02T20:01:01.068+0000] {dagbag.py:538} INFO - Filling up the DagBag from /opt/airflow/dags/marketing_pipeline.py
[2026-05-02T20:01:01.078+0000] {processor.py:840} INFO - DAG(s) 'marketing_pipeline' retrieved from /opt/airflow/dags/marketing_pipeline.py
[2026-05-02T20:01:01.096+0000] {logging_mixin.py:188} INFO - [2026-05-02T20:01:01.096+0000] {dag.py:3036} INFO - Sync 1 DAGs
[2026-05-02T20:01:01.113+0000] {logging_mixin.py:188} INFO - [2026-05-02T20:01:01.113+0000] {dag.py:3823} INFO - Setting next_dagrun for marketing_pipeline to 2026-05-01 00:00:00+00:00, run_after=2026-05-02 00:00:00+00:00
[2026-05-02T20:01:01.125+0000] {processor.py:183} INFO - Processing /opt/airflow/dags/marketing_pipeline.py took 0.067 seconds
[2026-05-02T20:01:31.322+0000] {processor.py:161} INFO - Started process (PID=3658) to work on /opt/airflow/dags/marketing_pipeline.py
[2026-05-02T20:01:31.323+0000] {processor.py:830} INFO - Processing file /opt/airflow/dags/marketing_pipeline.py for tasks to queue
[2026-05-02T20:01:31.324+0000] {logging_mixin.py:188} INFO - [2026-05-02T20:01:31.324+0000] {dagbag.py:538} INFO - Filling up the DagBag from /opt/airflow/dags/marketing_pipeline.py
[2026-05-02T20:01:31.331+0000] {processor.py:840} INFO - DAG(s) 'marketing_pipeline' retrieved from /opt/airflow/dags/marketing_pipeline.py
[2026-05-02T20:01:31.347+0000] {logging_mixin.py:188} INFO - [2026-05-02T20:01:31.346+0000] {dag.py:3036} INFO - Sync 1 DAGs
[2026-05-02T20:01:31.362+0000] {logging_mixin.py:188} INFO - [2026-05-02T20:01:31.362+0000] {dag.py:3823} INFO - Setting next_dagrun for marketing_pipeline to 2026-05-01 00:00:00+00:00, run_after=2026-05-02 00:00:00+00:00
[2026-05-02T20:01:31.373+0000] {processor.py:183} INFO - Processing /opt/airflow/dags/marketing_pipeline.py took 0.054 seconds
[2026-05-02T20:02:01.579+0000] {processor.py:161} INFO - Started process (PID=3714) to work on /opt/airflow/dags/marketing_pipeline.py
[2026-05-02T20:02:01.580+0000] {processor.py:830} INFO - Processing file /opt/airflow/dags/marketing_pipeline.py for tasks to queue
[2026-05-02T20:02:01.582+0000] {logging_mixin.py:188} INFO - [2026-05-02T20:02:01.582+0000] {dagbag.py:538} INFO - Filling up the DagBag from /opt/airflow/dags/marketing_pipeline.py
[2026-05-02T20:02:01.591+0000] {processor.py:840} INFO - DAG(s) 'marketing_pipeline' retrieved from /opt/airflow/dags/marketing_pipeline.py
[2026-05-02T20:02:01.608+0000] {logging_mixin.py:188} INFO - [2026-05-02T20:02:01.608+0000] {dag.py:3036} INFO - Sync 1 DAGs
[2026-05-02T20:02:01.624+0000] {logging_mixin.py:188} INFO - [2026-05-02T20:02:01.624+0000] {dag.py:3823} INFO - Setting next_dagrun for marketing_pipeline to 2026-05-01 00:00:00+00:00, run_after=2026-05-02 00:00:00+00:00
[2026-05-02T20:02:01.636+0000] {processor.py:183} INFO - Processing /opt/airflow/dags/marketing_pipeline.py took 0.060 seconds
[2026-05-02T20:02:31.810+0000] {processor.py:161} INFO - Started process (PID=3770) to work on /opt/airflow/dags/marketing_pipeline.py
[2026-05-02T20:02:31.811+0000] {processor.py:830} INFO - Processing file /opt/airflow/dags/marketing_pipeline.py for tasks to queue
[2026-05-02T20:02:31.813+0000] {logging_mixin.py:188} INFO - [2026-05-02T20:02:31.813+0000] {dagbag.py:538} INFO - Filling up the DagBag from /opt/airflow/dags/marketing_pipeline.py
[2026-05-02T20:02:31.821+0000] {processor.py:840} INFO - DAG(s) 'marketing_pipeline' retrieved from /opt/airflow/dags/marketing_pipeline.py
[2026-05-02T20:02:31.838+0000] {logging_mixin.py:188} INFO - [2026-05-02T20:02:31.838+0000] {dag.py:3036} INFO - Sync 1 DAGs
[2026-05-02T20:02:31.853+0000] {logging_mixin.py:188} INFO - [2026-05-02T20:02:31.853+0000] {dag.py:3823} INFO - Setting next_dagrun for marketing_pipeline to 2026-05-01 00:00:00+00:00, run_after=2026-05-02 00:00:00+00:00
[2026-05-02T20:02:31.865+0000] {processor.py:183} INFO - Processing /opt/airflow/dags/marketing_pipeline.py took 0.059 seconds
[2026-05-02T20:03:01.940+0000] {processor.py:161} INFO - Started process (PID=3826) to work on /opt/airflow/dags/marketing_pipeline.py
[2026-05-02T20:03:01.942+0000] {processor.py:830} INFO - Processing file /opt/airflow/dags/marketing_pipeline.py for tasks to queue
[2026-05-02T20:03:01.943+0000] {logging_mixin.py:188} INFO - [2026-05-02T20:03:01.943+0000] {dagbag.py:538} INFO - Filling up the DagBag from /opt/airflow/dags/marketing_pipeline.py
[2026-05-02T20:03:01.953+0000] {processor.py:840} INFO - DAG(s) 'marketing_pipeline' retrieved from /opt/airflow/dags/marketing_pipeline.py
[2026-05-02T20:03:01.978+0000] {logging_mixin.py:188} INFO - [2026-05-02T20:03:01.978+0000] {dag.py:3036} INFO - Sync 1 DAGs
[2026-05-02T20:03:01.996+0000] {logging_mixin.py:188} INFO - [2026-05-02T20:03:01.996+0000] {dag.py:3823} INFO - Setting next_dagrun for marketing_pipeline to 2026-05-01 00:00:00+00:00, run_after=2026-05-02 00:00:00+00:00
[2026-05-02T20:03:02.013+0000] {processor.py:183} INFO - Processing /opt/airflow/dags/marketing_pipeline.py took 0.077 seconds
[2026-05-02T20:04:07.983+0000] {processor.py:161} INFO - Started process (PID=52) to work on /opt/airflow/dags/marketing_pipeline.py
[2026-05-02T20:04:07.986+0000] {processor.py:830} INFO - Processing file /opt/airflow/dags/marketing_pipeline.py for tasks to queue
[2026-05-02T20:04:07.992+0000] {logging_mixin.py:188} INFO - [2026-05-02T20:04:07.992+0000] {dagbag.py:538} INFO - Filling up the DagBag from /opt/airflow/dags/marketing_pipeline.py
[2026-05-02T20:04:08.025+0000] {processor.py:840} INFO - DAG(s) 'marketing_pipeline' retrieved from /opt/airflow/dags/marketing_pipeline.py
[2026-05-02T20:04:08.371+0000] {logging_mixin.py:188} INFO - [2026-05-02T20:04:08.371+0000] {dag.py:3036} INFO - Sync 1 DAGs
[2026-05-02T20:04:08.398+0000] {logging_mixin.py:188} INFO - [2026-05-02T20:04:08.398+0000] {dag.py:3823} INFO - Setting next_dagrun for marketing_pipeline to 2026-05-01 00:00:00+00:00, run_after=2026-05-02 00:00:00+00:00
[2026-05-02T20:04:08.428+0000] {processor.py:183} INFO - Processing /opt/airflow/dags/marketing_pipeline.py took 0.454 seconds
[2026-05-02T20:04:38.661+0000] {processor.py:161} INFO - Started process (PID=110) to work on /opt/airflow/dags/marketing_pipeline.py
[2026-05-02T20:04:38.662+0000] {processor.py:830} INFO - Processing file /opt/airflow/dags/marketing_pipeline.py for tasks to queue
[2026-05-02T20:04:38.665+0000] {logging_mixin.py:188} INFO - [2026-05-02T20:04:38.665+0000] {dagbag.py:538} INFO - Filling up the DagBag from /opt/airflow/dags/marketing_pipeline.py
[2026-05-02T20:04:38.675+0000] {processor.py:840} INFO - DAG(s) 'marketing_pipeline' retrieved from /opt/airflow/dags/marketing_pipeline.py
[2026-05-02T20:04:38.691+0000] {logging_mixin.py:188} INFO - [2026-05-02T20:04:38.691+0000] {dag.py:3036} INFO - Sync 1 DAGs
[2026-05-02T20:04:38.707+0000] {logging_mixin.py:188} INFO - [2026-05-02T20:04:38.707+0000] {dag.py:3823} INFO - Setting next_dagrun for marketing_pipeline to 2026-05-01 00:00:00+00:00, run_after=2026-05-02 00:00:00+00:00
[2026-05-02T20:04:38.718+0000] {processor.py:183} INFO - Processing /opt/airflow/dags/marketing_pipeline.py took 0.060 seconds
[2026-05-02T20:05:08.946+0000] {processor.py:161} INFO - Started process (PID=164) to work on /opt/airflow/dags/marketing_pipeline.py
[2026-05-02T20:05:08.948+0000] {processor.py:830} INFO - Processing file /opt/airflow/dags/marketing_pipeline.py for tasks to queue
[2026-05-02T20:05:08.951+0000] {logging_mixin.py:188} INFO - [2026-05-02T20:05:08.951+0000] {dagbag.py:538} INFO - Filling up the DagBag from /opt/airflow/dags/marketing_pipeline.py
[2026-05-02T20:05:08.963+0000] {processor.py:840} INFO - DAG(s) 'marketing_pipeline' retrieved from /opt/airflow/dags/marketing_pipeline.py
[2026-05-02T20:05:08.989+0000] {logging_mixin.py:188} INFO - [2026-05-02T20:05:08.989+0000] {dag.py:3036} INFO - Sync 1 DAGs
[2026-05-02T20:05:09.014+0000] {logging_mixin.py:188} INFO - [2026-05-02T20:05:09.013+0000] {dag.py:3823} INFO - Setting next_dagrun for marketing_pipeline to 2026-05-01 00:00:00+00:00, run_after=2026-05-02 00:00:00+00:00
[2026-05-02T20:05:09.033+0000] {processor.py:183} INFO - Processing /opt/airflow/dags/marketing_pipeline.py took 0.093 seconds
[2026-05-02T20:05:39.293+0000] {processor.py:161} INFO - Started process (PID=220) to work on /opt/airflow/dags/marketing_pipeline.py
[2026-05-02T20:05:39.294+0000] {processor.py:830} INFO - Processing file /opt/airflow/dags/marketing_pipeline.py for tasks to queue
[2026-05-02T20:05:39.298+0000] {logging_mixin.py:188} INFO - [2026-05-02T20:05:39.298+0000] {dagbag.py:538} INFO - Filling up the DagBag from /opt/airflow/dags/marketing_pipeline.py
[2026-05-02T20:05:39.314+0000] {processor.py:840} INFO - DAG(s) 'marketing_pipeline' retrieved from /opt/airflow/dags/marketing_pipeline.py
[2026-05-02T20:05:39.334+0000] {logging_mixin.py:188} INFO - [2026-05-02T20:05:39.333+0000] {dag.py:3036} INFO - Sync 1 DAGs
[2026-05-02T20:05:39.355+0000] {logging_mixin.py:188} INFO - [2026-05-02T20:05:39.355+0000] {dag.py:3823} INFO - Setting next_dagrun for marketing_pipeline to 2026-05-01 00:00:00+00:00, run_after=2026-05-02 00:00:00+00:00
[2026-05-02T20:05:39.370+0000] {processor.py:183} INFO - Processing /opt/airflow/dags/marketing_pipeline.py took 0.082 seconds
[2026-05-02T20:06:09.619+0000] {processor.py:161} INFO - Started process (PID=275) to work on /opt/airflow/dags/marketing_pipeline.py
[2026-05-02T20:06:09.623+0000] {processor.py:830} INFO - Processing file /opt/airflow/dags/marketing_pipeline.py for tasks to queue
[2026-05-02T20:06:09.626+0000] {logging_mixin.py:188} INFO - [2026-05-02T20:06:09.625+0000] {dagbag.py:538} INFO - Filling up the DagBag from /opt/airflow/dags/marketing_pipeline.py
[2026-05-02T20:06:09.639+0000] {processor.py:840} INFO - DAG(s) 'marketing_pipeline' retrieved from /opt/airflow/dags/marketing_pipeline.py
[2026-05-02T20:06:09.658+0000] {logging_mixin.py:188} INFO - [2026-05-02T20:06:09.658+0000] {dag.py:3036} INFO - Sync 1 DAGs
[2026-05-02T20:06:09.675+0000] {logging_mixin.py:188} INFO - [2026-05-02T20:06:09.675+0000] {dag.py:3823} INFO - Setting next_dagrun for marketing_pipeline to 2026-05-01 00:00:00+00:00, run_after=2026-05-02 00:00:00+00:00
[2026-05-02T20:06:09.691+0000] {processor.py:183} INFO - Processing /opt/airflow/dags/marketing_pipeline.py took 0.077 seconds
[2026-05-02T20:06:39.915+0000] {processor.py:161} INFO - Started process (PID=331) to work on /opt/airflow/dags/marketing_pipeline.py
[2026-05-02T20:06:39.916+0000] {processor.py:830} INFO - Processing file /opt/airflow/dags/marketing_pipeline.py for tasks to queue
[2026-05-02T20:06:39.918+0000] {logging_mixin.py:188} INFO - [2026-05-02T20:06:39.918+0000] {dagbag.py:538} INFO - Filling up the DagBag from /opt/airflow/dags/marketing_pipeline.py
[2026-05-02T20:06:39.929+0000] {processor.py:840} INFO - DAG(s) 'marketing_pipeline' retrieved from /opt/airflow/dags/marketing_pipeline.py
[2026-05-02T20:06:39.944+0000] {logging_mixin.py:188} INFO - [2026-05-02T20:06:39.943+0000] {dag.py:3036} INFO - Sync 1 DAGs
[2026-05-02T20:06:39.961+0000] {logging_mixin.py:188} INFO - [2026-05-02T20:06:39.960+0000] {dag.py:3823} INFO - Setting next_dagrun for marketing_pipeline to 2026-05-01 00:00:00+00:00, run_after=2026-05-02 00:00:00+00:00
[2026-05-02T20:06:39.972+0000] {processor.py:183} INFO - Processing /opt/airflow/dags/marketing_pipeline.py took 0.060 seconds
[2026-05-02T20:07:10.295+0000] {processor.py:161} INFO - Started process (PID=387) to work on /opt/airflow/dags/marketing_pipeline.py
[2026-05-02T20:07:10.296+0000] {processor.py:830} INFO - Processing file /opt/airflow/dags/marketing_pipeline.py for tasks to queue
[2026-05-02T20:07:10.299+0000] {logging_mixin.py:188} INFO - [2026-05-02T20:07:10.299+0000] {dagbag.py:538} INFO - Filling up the DagBag from /opt/airflow/dags/marketing_pipeline.py
[2026-05-02T20:07:10.311+0000] {processor.py:840} INFO - DAG(s) 'marketing_pipeline' retrieved from /opt/airflow/dags/marketing_pipeline.py
[2026-05-02T20:07:10.326+0000] {logging_mixin.py:188} INFO - [2026-05-02T20:07:10.326+0000] {dag.py:3036} INFO - Sync 1 DAGs
[2026-05-02T20:07:10.343+0000] {logging_mixin.py:188} INFO - [2026-05-02T20:07:10.343+0000] {dag.py:3823} INFO - Setting next_dagrun for marketing_pipeline to 2026-05-01 00:00:00+00:00, run_after=2026-05-02 00:00:00+00:00
[2026-05-02T20:07:10.356+0000] {processor.py:183} INFO - Processing /opt/airflow/dags/marketing_pipeline.py took 0.064 seconds
[2026-05-02T20:07:40.518+0000] {processor.py:161} INFO - Started process (PID=443) to work on /opt/airflow/dags/marketing_pipeline.py
[2026-05-02T20:07:40.519+0000] {processor.py:830} INFO - Processing file /opt/airflow/dags/marketing_pipeline.py for tasks to queue
[2026-05-02T20:07:40.523+0000] {logging_mixin.py:188} INFO - [2026-05-02T20:07:40.523+0000] {dagbag.py:538} INFO - Filling up the DagBag from /opt/airflow/dags/marketing_pipeline.py
[2026-05-02T20:07:40.533+0000] {processor.py:840} INFO - DAG(s) 'marketing_pipeline' retrieved from /opt/airflow/dags/marketing_pipeline.py
[2026-05-02T20:07:40.550+0000] {logging_mixin.py:188} INFO - [2026-05-02T20:07:40.550+0000] {dag.py:3036} INFO - Sync 1 DAGs
[2026-05-02T20:07:40.569+0000] {logging_mixin.py:188} INFO - [2026-05-02T20:07:40.568+0000] {dag.py:3823} INFO - Setting next_dagrun for marketing_pipeline to 2026-05-01 00:00:00+00:00, run_after=2026-05-02 00:00:00+00:00
[2026-05-02T20:07:40.581+0000] {processor.py:183} INFO - Processing /opt/airflow/dags/marketing_pipeline.py took 0.068 seconds
[2026-05-02T20:08:10.859+0000] {processor.py:161} INFO - Started process (PID=499) to work on /opt/airflow/dags/marketing_pipeline.py
[2026-05-02T20:08:10.860+0000] {processor.py:830} INFO - Processing file /opt/airflow/dags/marketing_pipeline.py for tasks to queue
[2026-05-02T20:08:10.862+0000] {logging_mixin.py:188} INFO - [2026-05-02T20:08:10.862+0000] {dagbag.py:538} INFO - Filling up the DagBag from /opt/airflow/dags/marketing_pipeline.py
[2026-05-02T20:08:10.876+0000] {processor.py:840} INFO - DAG(s) 'marketing_pipeline' retrieved from /opt/airflow/dags/marketing_pipeline.py
[2026-05-02T20:08:10.888+0000] {logging_mixin.py:188} INFO - [2026-05-02T20:08:10.888+0000] {dag.py:3036} INFO - Sync 1 DAGs
[2026-05-02T20:08:10.901+0000] {logging_mixin.py:188} INFO - [2026-05-02T20:08:10.901+0000] {dag.py:3823} INFO - Setting next_dagrun for marketing_pipeline to 2026-05-01 00:00:00+00:00, run_after=2026-05-02 00:00:00+00:00
[2026-05-02T20:08:10.914+0000] {processor.py:183} INFO - Processing /opt/airflow/dags/marketing_pipeline.py took 0.060 seconds
[2026-05-02T20:08:41.039+0000] {processor.py:161} INFO - Started process (PID=555) to work on /opt/airflow/dags/marketing_pipeline.py
[2026-05-02T20:08:41.040+0000] {processor.py:830} INFO - Processing file /opt/airflow/dags/marketing_pipeline.py for tasks to queue
[2026-05-02T20:08:41.043+0000] {logging_mixin.py:188} INFO - [2026-05-02T20:08:41.043+0000] {dagbag.py:538} INFO - Filling up the DagBag from /opt/airflow/dags/marketing_pipeline.py
[2026-05-02T20:08:41.056+0000] {processor.py:840} INFO - DAG(s) 'marketing_pipeline' retrieved from /opt/airflow/dags/marketing_pipeline.py
[2026-05-02T20:08:41.069+0000] {logging_mixin.py:188} INFO - [2026-05-02T20:08:41.069+0000] {dag.py:3036} INFO - Sync 1 DAGs
[2026-05-02T20:08:41.087+0000] {logging_mixin.py:188} INFO - [2026-05-02T20:08:41.087+0000] {dag.py:3823} INFO - Setting next_dagrun for marketing_pipeline to 2026-05-01 00:00:00+00:00, run_after=2026-05-02 00:00:00+00:00
[2026-05-02T20:08:41.099+0000] {processor.py:183} INFO - Processing /opt/airflow/dags/marketing_pipeline.py took 0.065 seconds
[2026-05-02T20:09:11.309+0000] {processor.py:161} INFO - Started process (PID=611) to work on /opt/airflow/dags/marketing_pipeline.py
[2026-05-02T20:09:11.310+0000] {processor.py:830} INFO - Processing file /opt/airflow/dags/marketing_pipeline.py for tasks to queue
[2026-05-02T20:09:11.313+0000] {logging_mixin.py:188} INFO - [2026-05-02T20:09:11.312+0000] {dagbag.py:538} INFO - Filling up the DagBag from /opt/airflow/dags/marketing_pipeline.py
[2026-05-02T20:09:11.323+0000] {processor.py:840} INFO - DAG(s) 'marketing_pipeline' retrieved from /opt/airflow/dags/marketing_pipeline.py
[2026-05-02T20:09:11.341+0000] {logging_mixin.py:188} INFO - [2026-05-02T20:09:11.340+0000] {dag.py:3036} INFO - Sync 1 DAGs
[2026-05-02T20:09:11.356+0000] {logging_mixin.py:188} INFO - [2026-05-02T20:09:11.355+0000] {dag.py:3823} INFO - Setting next_dagrun for marketing_pipeline to 2026-05-01 00:00:00+00:00, run_after=2026-05-02 00:00:00+00:00
[2026-05-02T20:09:11.368+0000] {processor.py:183} INFO - Processing /opt/airflow/dags/marketing_pipeline.py took 0.064 seconds
[2026-05-02T20:09:41.632+0000] {processor.py:161} INFO - Started process (PID=667) to work on /opt/airflow/dags/marketing_pipeline.py
[2026-05-02T20:09:41.633+0000] {processor.py:830} INFO - Processing file /opt/airflow/dags/marketing_pipeline.py for tasks to queue
[2026-05-02T20:09:41.636+0000] {logging_mixin.py:188} INFO - [2026-05-02T20:09:41.636+0000] {dagbag.py:538} INFO - Filling up the DagBag from /opt/airflow/dags/marketing_pipeline.py
[2026-05-02T20:09:41.659+0000] {processor.py:840} INFO - DAG(s) 'marketing_pipeline' retrieved from /opt/airflow/dags/marketing_pipeline.py
[2026-05-02T20:09:41.681+0000] {logging_mixin.py:188} INFO - [2026-05-02T20:09:41.681+0000] {dag.py:3036} INFO - Sync 1 DAGs
[2026-05-02T20:09:41.701+0000] {logging_mixin.py:188} INFO - [2026-05-02T20:09:41.701+0000] {dag.py:3823} INFO - Setting next_dagrun for marketing_pipeline to 2026-05-01 00:00:00+00:00, run_after=2026-05-02 00:00:00+00:00
[2026-05-02T20:09:41.716+0000] {processor.py:183} INFO - Processing /opt/airflow/dags/marketing_pipeline.py took 0.089 seconds
[2026-05-02T20:10:11.901+0000] {processor.py:161} INFO - Started process (PID=723) to work on /opt/airflow/dags/marketing_pipeline.py
[2026-05-02T20:10:11.902+0000] {processor.py:830} INFO - Processing file /opt/airflow/dags/marketing_pipeline.py for tasks to queue
[2026-05-02T20:10:11.905+0000] {logging_mixin.py:188} INFO - [2026-05-02T20:10:11.905+0000] {dagbag.py:538} INFO - Filling up the DagBag from /opt/airflow/dags/marketing_pipeline.py
[2026-05-02T20:10:11.920+0000] {processor.py:840} INFO - DAG(s) 'marketing_pipeline' retrieved from /opt/airflow/dags/marketing_pipeline.py
[2026-05-02T20:10:11.945+0000] {logging_mixin.py:188} INFO - [2026-05-02T20:10:11.945+0000] {dag.py:3036} INFO - Sync 1 DAGs
[2026-05-02T20:10:11.959+0000] {logging_mixin.py:188} INFO - [2026-05-02T20:10:11.959+0000] {dag.py:3823} INFO - Setting next_dagrun for marketing_pipeline to 2026-05-01 00:00:00+00:00, run_after=2026-05-02 00:00:00+00:00
[2026-05-02T20:10:11.971+0000] {processor.py:183} INFO - Processing /opt/airflow/dags/marketing_pipeline.py took 0.076 seconds
[2026-05-02T20:10:42.393+0000] {processor.py:161} INFO - Started process (PID=779) to work on /opt/airflow/dags/marketing_pipeline.py
[2026-05-02T20:10:42.394+0000] {processor.py:830} INFO - Processing file /opt/airflow/dags/marketing_pipeline.py for tasks to queue
[2026-05-02T20:10:42.395+0000] {logging_mixin.py:188} INFO - [2026-05-02T20:10:42.395+0000] {dagbag.py:538} INFO - Filling up the DagBag from /opt/airflow/dags/marketing_pipeline.py
[2026-05-02T20:10:42.405+0000] {processor.py:840} INFO - DAG(s) 'marketing_pipeline' retrieved from /opt/airflow/dags/marketing_pipeline.py
[2026-05-02T20:10:42.422+0000] {logging_mixin.py:188} INFO - [2026-05-02T20:10:42.422+0000] {dag.py:3036} INFO - Sync 1 DAGs
[2026-05-02T20:10:42.440+0000] {logging_mixin.py:188} INFO - [2026-05-02T20:10:42.440+0000] {dag.py:3823} INFO - Setting next_dagrun for marketing_pipeline to 2026-05-01 00:00:00+00:00, run_after=2026-05-02 00:00:00+00:00
[2026-05-02T20:10:42.451+0000] {processor.py:183} INFO - Processing /opt/airflow/dags/marketing_pipeline.py took 0.062 seconds
[2026-05-02T20:11:12.610+0000] {processor.py:161} INFO - Started process (PID=835) to work on /opt/airflow/dags/marketing_pipeline.py
[2026-05-02T20:11:12.611+0000] {processor.py:830} INFO - Processing file /opt/airflow/dags/marketing_pipeline.py for tasks to queue
[2026-05-02T20:11:12.612+0000] {logging_mixin.py:188} INFO - [2026-05-02T20:11:12.612+0000] {dagbag.py:538} INFO - Filling up the DagBag from /opt/airflow/dags/marketing_pipeline.py
[2026-05-02T20:11:12.622+0000] {processor.py:840} INFO - DAG(s) 'marketing_pipeline' retrieved from /opt/airflow/dags/marketing_pipeline.py
[2026-05-02T20:11:12.635+0000] {logging_mixin.py:188} INFO - [2026-05-02T20:11:12.635+0000] {dag.py:3036} INFO - Sync 1 DAGs
[2026-05-02T20:11:12.652+0000] {logging_mixin.py:188} INFO - [2026-05-02T20:11:12.652+0000] {dag.py:3823} INFO - Setting next_dagrun for marketing_pipeline to 2026-05-01 00:00:00+00:00, run_after=2026-05-02 00:00:00+00:00
[2026-05-02T20:11:12.663+0000] {processor.py:183} INFO - Processing /opt/airflow/dags/marketing_pipeline.py took 0.057 seconds
[2026-05-02T20:11:42.842+0000] {processor.py:161} INFO - Started process (PID=891) to work on /opt/airflow/dags/marketing_pipeline.py
[2026-05-02T20:11:42.843+0000] {processor.py:830} INFO - Processing file /opt/airflow/dags/marketing_pipeline.py for tasks to queue
[2026-05-02T20:11:42.846+0000] {logging_mixin.py:188} INFO - [2026-05-02T20:11:42.845+0000] {dagbag.py:538} INFO - Filling up the DagBag from /opt/airflow/dags/marketing_pipeline.py
[2026-05-02T20:11:42.856+0000] {processor.py:840} INFO - DAG(s) 'marketing_pipeline' retrieved from /opt/airflow/dags/marketing_pipeline.py
[2026-05-02T20:11:42.877+0000] {logging_mixin.py:188} INFO - [2026-05-02T20:11:42.877+0000] {dag.py:3036} INFO - Sync 1 DAGs
[2026-05-02T20:11:42.893+0000] {logging_mixin.py:188} INFO - [2026-05-02T20:11:42.893+0000] {dag.py:3823} INFO - Setting next_dagrun for marketing_pipeline to 2026-05-01 00:00:00+00:00, run_after=2026-05-02 00:00:00+00:00
[2026-05-02T20:11:42.903+0000] {processor.py:183} INFO - Processing /opt/airflow/dags/marketing_pipeline.py took 0.066 seconds
[2026-05-02T20:12:13.151+0000] {processor.py:161} INFO - Started process (PID=947) to work on /opt/airflow/dags/marketing_pipeline.py
[2026-05-02T20:12:13.152+0000] {processor.py:830} INFO - Processing file /opt/airflow/dags/marketing_pipeline.py for tasks to queue
[2026-05-02T20:12:13.154+0000] {logging_mixin.py:188} INFO - [2026-05-02T20:12:13.153+0000] {dagbag.py:538} INFO - Filling up the DagBag from /opt/airflow/dags/marketing_pipeline.py
[2026-05-02T20:12:13.162+0000] {processor.py:840} INFO - DAG(s) 'marketing_pipeline' retrieved from /opt/airflow/dags/marketing_pipeline.py
[2026-05-02T20:12:13.175+0000] {logging_mixin.py:188} INFO - [2026-05-02T20:12:13.175+0000] {dag.py:3036} INFO - Sync 1 DAGs
[2026-05-02T20:12:13.190+0000] {logging_mixin.py:188} INFO - [2026-05-02T20:12:13.190+0000] {dag.py:3823} INFO - Setting next_dagrun for marketing_pipeline to 2026-05-01 00:00:00+00:00, run_after=2026-05-02 00:00:00+00:00
[2026-05-02T20:12:13.203+0000] {processor.py:183} INFO - Processing /opt/airflow/dags/marketing_pipeline.py took 0.056 seconds
[2026-05-02T20:12:43.475+0000] {processor.py:161} INFO - Started process (PID=1009) to work on /opt/airflow/dags/marketing_pipeline.py
[2026-05-02T20:12:43.476+0000] {processor.py:830} INFO - Processing file /opt/airflow/dags/marketing_pipeline.py for tasks to queue
[2026-05-02T20:12:43.477+0000] {logging_mixin.py:188} INFO - [2026-05-02T20:12:43.477+0000] {dagbag.py:538} INFO - Filling up the DagBag from /opt/airflow/dags/marketing_pipeline.py
[2026-05-02T20:12:43.487+0000] {processor.py:840} INFO - DAG(s) 'marketing_pipeline' retrieved from /opt/airflow/dags/marketing_pipeline.py
[2026-05-02T20:12:43.503+0000] {logging_mixin.py:188} INFO - [2026-05-02T20:12:43.503+0000] {dag.py:3036} INFO - Sync 1 DAGs
[2026-05-02T20:12:43.517+0000] {logging_mixin.py:188} INFO - [2026-05-02T20:12:43.517+0000] {dag.py:3823} INFO - Setting next_dagrun for marketing_pipeline to 2026-05-01 00:00:00+00:00, run_after=2026-05-02 00:00:00+00:00
[2026-05-02T20:12:43.529+0000] {processor.py:183} INFO - Processing /opt/airflow/dags/marketing_pipeline.py took 0.057 seconds
[2026-05-02T20:13:13.580+0000] {processor.py:161} INFO - Started process (PID=1065) to work on /opt/airflow/dags/marketing_pipeline.py
[2026-05-02T20:13:13.582+0000] {processor.py:830} INFO - Processing file /opt/airflow/dags/marketing_pipeline.py for tasks to queue
[2026-05-02T20:13:13.585+0000] {logging_mixin.py:188} INFO - [2026-05-02T20:13:13.585+0000] {dagbag.py:538} INFO - Filling up the DagBag from /opt/airflow/dags/marketing_pipeline.py
[2026-05-02T20:13:13.596+0000] {processor.py:840} INFO - DAG(s) 'marketing_pipeline' retrieved from /opt/airflow/dags/marketing_pipeline.py
[2026-05-02T20:13:13.611+0000] {logging_mixin.py:188} INFO - [2026-05-02T20:13:13.611+0000] {dag.py:3036} INFO - Sync 1 DAGs
[2026-05-02T20:13:13.626+0000] {logging_mixin.py:188} INFO - [2026-05-02T20:13:13.626+0000] {dag.py:3823} INFO - Setting next_dagrun for marketing_pipeline to 2026-05-01 00:00:00+00:00, run_after=2026-05-02 00:00:00+00:00
[2026-05-02T20:13:13.639+0000] {processor.py:183} INFO - Processing /opt/airflow/dags/marketing_pipeline.py took 0.064 seconds
[2026-05-02T20:13:44.046+0000] {processor.py:161} INFO - Started process (PID=1121) to work on /opt/airflow/dags/marketing_pipeline.py
[2026-05-02T20:13:44.047+0000] {processor.py:830} INFO - Processing file /opt/airflow/dags/marketing_pipeline.py for tasks to queue
[2026-05-02T20:13:44.048+0000] {logging_mixin.py:188} INFO - [2026-05-02T20:13:44.048+0000] {dagbag.py:538} INFO - Filling up the DagBag from /opt/airflow/dags/marketing_pipeline.py
[2026-05-02T20:13:44.055+0000] {processor.py:840} INFO - DAG(s) 'marketing_pipeline' retrieved from /opt/airflow/dags/marketing_pipeline.py
[2026-05-02T20:13:44.068+0000] {logging_mixin.py:188} INFO - [2026-05-02T20:13:44.068+0000] {dag.py:3036} INFO - Sync 1 DAGs
[2026-05-02T20:13:44.086+0000] {logging_mixin.py:188} INFO - [2026-05-02T20:13:44.085+0000] {dag.py:3823} INFO - Setting next_dagrun for marketing_pipeline to 2026-05-01 00:00:00+00:00, run_after=2026-05-02 00:00:00+00:00
[2026-05-02T20:13:44.098+0000] {processor.py:183} INFO - Processing /opt/airflow/dags/marketing_pipeline.py took 0.055 seconds
[2026-05-02T20:14:14.170+0000] {processor.py:161} INFO - Started process (PID=1177) to work on /opt/airflow/dags/marketing_pipeline.py
[2026-05-02T20:14:14.171+0000] {processor.py:830} INFO - Processing file /opt/airflow/dags/marketing_pipeline.py for tasks to queue
[2026-05-02T20:14:14.173+0000] {logging_mixin.py:188} INFO - [2026-05-02T20:14:14.173+0000] {dagbag.py:538} INFO - Filling up the DagBag from /opt/airflow/dags/marketing_pipeline.py
[2026-05-02T20:14:14.186+0000] {processor.py:840} INFO - DAG(s) 'marketing_pipeline' retrieved from /opt/airflow/dags/marketing_pipeline.py
[2026-05-02T20:14:14.200+0000] {logging_mixin.py:188} INFO - [2026-05-02T20:14:14.200+0000] {dag.py:3036} INFO - Sync 1 DAGs
[2026-05-02T20:14:14.217+0000] {logging_mixin.py:188} INFO - [2026-05-02T20:14:14.217+0000] {dag.py:3823} INFO - Setting next_dagrun for marketing_pipeline to 2026-05-01 00:00:00+00:00, run_after=2026-05-02 00:00:00+00:00
[2026-05-02T20:14:14.231+0000] {processor.py:183} INFO - Processing /opt/airflow/dags/marketing_pipeline.py took 0.064 seconds
[2026-05-02T20:14:44.291+0000] {processor.py:161} INFO - Started process (PID=1233) to work on /opt/airflow/dags/marketing_pipeline.py
[2026-05-02T20:14:44.292+0000] {processor.py:830} INFO - Processing file /opt/airflow/dags/marketing_pipeline.py for tasks to queue
[2026-05-02T20:14:44.294+0000] {logging_mixin.py:188} INFO - [2026-05-02T20:14:44.294+0000] {dagbag.py:538} INFO - Filling up the DagBag from /opt/airflow/dags/marketing_pipeline.py
[2026-05-02T20:14:44.302+0000] {processor.py:840} INFO - DAG(s) 'marketing_pipeline' retrieved from /opt/airflow/dags/marketing_pipeline.py
[2026-05-02T20:14:44.318+0000] {logging_mixin.py:188} INFO - [2026-05-02T20:14:44.318+0000] {dag.py:3036} INFO - Sync 1 DAGs
[2026-05-02T20:14:44.333+0000] {logging_mixin.py:188} INFO - [2026-05-02T20:14:44.333+0000] {dag.py:3823} INFO - Setting next_dagrun for marketing_pipeline to 2026-05-01 00:00:00+00:00, run_after=2026-05-02 00:00:00+00:00
[2026-05-02T20:14:44.347+0000] {processor.py:183} INFO - Processing /opt/airflow/dags/marketing_pipeline.py took 0.060 seconds
[2026-05-02T20:15:14.375+0000] {processor.py:161} INFO - Started process (PID=1289) to work on /opt/airflow/dags/marketing_pipeline.py
[2026-05-02T20:15:14.377+0000] {processor.py:830} INFO - Processing file /opt/airflow/dags/marketing_pipeline.py for tasks to queue
[2026-05-02T20:15:14.379+0000] {logging_mixin.py:188} INFO - [2026-05-02T20:15:14.378+0000] {dagbag.py:538} INFO - Filling up the DagBag from /opt/airflow/dags/marketing_pipeline.py
[2026-05-02T20:15:14.386+0000] {processor.py:840} INFO - DAG(s) 'marketing_pipeline' retrieved from /opt/airflow/dags/marketing_pipeline.py
[2026-05-02T20:15:14.397+0000] {logging_mixin.py:188} INFO - [2026-05-02T20:15:14.397+0000] {dag.py:3036} INFO - Sync 1 DAGs
[2026-05-02T20:15:14.411+0000] {logging_mixin.py:188} INFO - [2026-05-02T20:15:14.411+0000] {dag.py:3823} INFO - Setting next_dagrun for marketing_pipeline to 2026-05-01 00:00:00+00:00, run_after=2026-05-02 00:00:00+00:00
[2026-05-02T20:15:14.425+0000] {processor.py:183} INFO - Processing /opt/airflow/dags/marketing_pipeline.py took 0.054 seconds
[2026-05-02T20:15:44.733+0000] {processor.py:161} INFO - Started process (PID=1345) to work on /opt/airflow/dags/marketing_pipeline.py
[2026-05-02T20:15:44.734+0000] {processor.py:830} INFO - Processing file /opt/airflow/dags/marketing_pipeline.py for tasks to queue
[2026-05-02T20:15:44.736+0000] {logging_mixin.py:188} INFO - [2026-05-02T20:15:44.736+0000] {dagbag.py:538} INFO - Filling up the DagBag from /opt/airflow/dags/marketing_pipeline.py
[2026-05-02T20:15:44.746+0000] {processor.py:840} INFO - DAG(s) 'marketing_pipeline' retrieved from /opt/airflow/dags/marketing_pipeline.py
[2026-05-02T20:15:44.763+0000] {logging_mixin.py:188} INFO - [2026-05-02T20:15:44.763+0000] {dag.py:3036} INFO - Sync 1 DAGs
[2026-05-02T20:15:44.785+0000] {logging_mixin.py:188} INFO - [2026-05-02T20:15:44.784+0000] {dag.py:3823} INFO - Setting next_dagrun for marketing_pipeline to 2026-05-01 00:00:00+00:00, run_after=2026-05-02 00:00:00+00:00
[2026-05-02T20:15:44.801+0000] {processor.py:183} INFO - Processing /opt/airflow/dags/marketing_pipeline.py took 0.072 seconds
[2026-05-02T20:16:14.875+0000] {processor.py:161} INFO - Started process (PID=1402) to work on /opt/airflow/dags/marketing_pipeline.py
[2026-05-02T20:16:14.875+0000] {processor.py:830} INFO - Processing file /opt/airflow/dags/marketing_pipeline.py for tasks to queue
[2026-05-02T20:16:14.877+0000] {logging_mixin.py:188} INFO - [2026-05-02T20:16:14.877+0000] {dagbag.py:538} INFO - Filling up the DagBag from /opt/airflow/dags/marketing_pipeline.py
[2026-05-02T20:16:14.884+0000] {processor.py:840} INFO - DAG(s) 'marketing_pipeline' retrieved from /opt/airflow/dags/marketing_pipeline.py
[2026-05-02T20:16:14.898+0000] {logging_mixin.py:188} INFO - [2026-05-02T20:16:14.898+0000] {dag.py:3036} INFO - Sync 1 DAGs
[2026-05-02T20:16:14.913+0000] {logging_mixin.py:188} INFO - [2026-05-02T20:16:14.913+0000] {dag.py:3823} INFO - Setting next_dagrun for marketing_pipeline to 2026-05-01 00:00:00+00:00, run_after=2026-05-02 00:00:00+00:00
[2026-05-02T20:16:14.924+0000] {processor.py:183} INFO - Processing /opt/airflow/dags/marketing_pipeline.py took 0.052 seconds
[2026-05-02T20:16:45.084+0000] {processor.py:161} INFO - Started process (PID=1456) to work on /opt/airflow/dags/marketing_pipeline.py
[2026-05-02T20:16:45.087+0000] {processor.py:830} INFO - Processing file /opt/airflow/dags/marketing_pipeline.py for tasks to queue
[2026-05-02T20:16:45.092+0000] {logging_mixin.py:188} INFO - [2026-05-02T20:16:45.092+0000] {dagbag.py:538} INFO - Filling up the DagBag from /opt/airflow/dags/marketing_pipeline.py
[2026-05-02T20:16:45.106+0000] {processor.py:840} INFO - DAG(s) 'marketing_pipeline' retrieved from /opt/airflow/dags/marketing_pipeline.py
[2026-05-02T20:16:45.126+0000] {logging_mixin.py:188} INFO - [2026-05-02T20:16:45.126+0000] {dag.py:3036} INFO - Sync 1 DAGs
[2026-05-02T20:16:45.145+0000] {logging_mixin.py:188} INFO - [2026-05-02T20:16:45.145+0000] {dag.py:3823} INFO - Setting next_dagrun for marketing_pipeline to 2026-05-01 00:00:00+00:00, run_after=2026-05-02 00:00:00+00:00
[2026-05-02T20:16:45.159+0000] {processor.py:183} INFO - Processing /opt/airflow/dags/marketing_pipeline.py took 0.079 seconds
[2026-05-02T20:17:15.392+0000] {processor.py:161} INFO - Started process (PID=1512) to work on /opt/airflow/dags/marketing_pipeline.py
[2026-05-02T20:17:15.393+0000] {processor.py:830} INFO - Processing file /opt/airflow/dags/marketing_pipeline.py for tasks to queue
[2026-05-02T20:17:15.396+0000] {logging_mixin.py:188} INFO - [2026-05-02T20:17:15.395+0000] {dagbag.py:538} INFO - Filling up the DagBag from /opt/airflow/dags/marketing_pipeline.py
[2026-05-02T20:17:15.401+0000] {processor.py:840} INFO - DAG(s) 'marketing_pipeline' retrieved from /opt/airflow/dags/marketing_pipeline.py
[2026-05-02T20:17:15.418+0000] {logging_mixin.py:188} INFO - [2026-05-02T20:17:15.417+0000] {dag.py:3036} INFO - Sync 1 DAGs
[2026-05-02T20:17:15.432+0000] {logging_mixin.py:188} INFO - [2026-05-02T20:17:15.432+0000] {dag.py:3823} INFO - Setting next_dagrun for marketing_pipeline to 2026-05-01 00:00:00+00:00, run_after=2026-05-02 00:00:00+00:00
[2026-05-02T20:17:15.443+0000] {processor.py:183} INFO - Processing /opt/airflow/dags/marketing_pipeline.py took 0.053 seconds
[2026-05-02T20:17:45.777+0000] {processor.py:161} INFO - Started process (PID=1568) to work on /opt/airflow/dags/marketing_pipeline.py
[2026-05-02T20:17:45.779+0000] {processor.py:830} INFO - Processing file /opt/airflow/dags/marketing_pipeline.py for tasks to queue
[2026-05-02T20:17:45.782+0000] {logging_mixin.py:188} INFO - [2026-05-02T20:17:45.782+0000] {dagbag.py:538} INFO - Filling up the DagBag from /opt/airflow/dags/marketing_pipeline.py
[2026-05-02T20:17:45.793+0000] {processor.py:840} INFO - DAG(s) 'marketing_pipeline' retrieved from /opt/airflow/dags/marketing_pipeline.py
[2026-05-02T20:17:45.806+0000] {logging_mixin.py:188} INFO - [2026-05-02T20:17:45.806+0000] {dag.py:3036} INFO - Sync 1 DAGs
[2026-05-02T20:17:45.819+0000] {logging_mixin.py:188} INFO - [2026-05-02T20:17:45.819+0000] {dag.py:3823} INFO - Setting next_dagrun for marketing_pipeline to 2026-05-01 00:00:00+00:00, run_after=2026-05-02 00:00:00+00:00
[2026-05-02T20:17:45.829+0000] {processor.py:183} INFO - Processing /opt/airflow/dags/marketing_pipeline.py took 0.056 seconds
[2026-05-02T20:18:16.024+0000] {processor.py:161} INFO - Started process (PID=1624) to work on /opt/airflow/dags/marketing_pipeline.py
[2026-05-02T20:18:16.026+0000] {processor.py:830} INFO - Processing file /opt/airflow/dags/marketing_pipeline.py for tasks to queue
[2026-05-02T20:18:16.028+0000] {logging_mixin.py:188} INFO - [2026-05-02T20:18:16.028+0000] {dagbag.py:538} INFO - Filling up the DagBag from /opt/airflow/dags/marketing_pipeline.py
[2026-05-02T20:18:16.039+0000] {processor.py:840} INFO - DAG(s) 'marketing_pipeline' retrieved from /opt/airflow/dags/marketing_pipeline.py
[2026-05-02T20:18:16.053+0000] {logging_mixin.py:188} INFO - [2026-05-02T20:18:16.053+0000] {dag.py:3036} INFO - Sync 1 DAGs
[2026-05-02T20:18:16.069+0000] {logging_mixin.py:188} INFO - [2026-05-02T20:18:16.069+0000] {dag.py:3823} INFO - Setting next_dagrun for marketing_pipeline to 2026-05-01 00:00:00+00:00, run_after=2026-05-02 00:00:00+00:00
[2026-05-02T20:18:16.081+0000] {processor.py:183} INFO - Processing /opt/airflow/dags/marketing_pipeline.py took 0.062 seconds
[2026-05-02T20:18:46.219+0000] {processor.py:161} INFO - Started process (PID=1680) to work on /opt/airflow/dags/marketing_pipeline.py
[2026-05-02T20:18:46.221+0000] {processor.py:830} INFO - Processing file /opt/airflow/dags/marketing_pipeline.py for tasks to queue
[2026-05-02T20:18:46.223+0000] {logging_mixin.py:188} INFO - [2026-05-02T20:18:46.222+0000] {dagbag.py:538} INFO - Filling up the DagBag from /opt/airflow/dags/marketing_pipeline.py
[2026-05-02T20:18:46.235+0000] {processor.py:840} INFO - DAG(s) 'marketing_pipeline' retrieved from /opt/airflow/dags/marketing_pipeline.py
[2026-05-02T20:18:46.249+0000] {logging_mixin.py:188} INFO - [2026-05-02T20:18:46.249+0000] {dag.py:3036} INFO - Sync 1 DAGs
[2026-05-02T20:18:46.265+0000] {logging_mixin.py:188} INFO - [2026-05-02T20:18:46.264+0000] {dag.py:3823} INFO - Setting next_dagrun for marketing_pipeline to 2026-05-01 00:00:00+00:00, run_after=2026-05-02 00:00:00+00:00
[2026-05-02T20:18:46.276+0000] {processor.py:183} INFO - Processing /opt/airflow/dags/marketing_pipeline.py took 0.061 seconds
[2026-05-02T20:19:16.476+0000] {processor.py:161} INFO - Started process (PID=1736) to work on /opt/airflow/dags/marketing_pipeline.py
[2026-05-02T20:19:16.478+0000] {processor.py:830} INFO - Processing file /opt/airflow/dags/marketing_pipeline.py for tasks to queue
[2026-05-02T20:19:16.483+0000] {logging_mixin.py:188} INFO - [2026-05-02T20:19:16.482+0000] {dagbag.py:538} INFO - Filling up the DagBag from /opt/airflow/dags/marketing_pipeline.py
[2026-05-02T20:19:16.492+0000] {processor.py:840} INFO - DAG(s) 'marketing_pipeline' retrieved from /opt/airflow/dags/marketing_pipeline.py
[2026-05-02T20:19:16.507+0000] {logging_mixin.py:188} INFO - [2026-05-02T20:19:16.507+0000] {dag.py:3036} INFO - Sync 1 DAGs
[2026-05-02T20:19:16.522+0000] {logging_mixin.py:188} INFO - [2026-05-02T20:19:16.522+0000] {dag.py:3823} INFO - Setting next_dagrun for marketing_pipeline to 2026-05-01 00:00:00+00:00, run_after=2026-05-02 00:00:00+00:00
[2026-05-02T20:19:16.535+0000] {processor.py:183} INFO - Processing /opt/airflow/dags/marketing_pipeline.py took 0.064 seconds
[2026-05-02T20:19:46.834+0000] {processor.py:161} INFO - Started process (PID=1792) to work on /opt/airflow/dags/marketing_pipeline.py
[2026-05-02T20:19:46.835+0000] {processor.py:830} INFO - Processing file /opt/airflow/dags/marketing_pipeline.py for tasks to queue
[2026-05-02T20:19:46.837+0000] {logging_mixin.py:188} INFO - [2026-05-02T20:19:46.836+0000] {dagbag.py:538} INFO - Filling up the DagBag from /opt/airflow/dags/marketing_pipeline.py
[2026-05-02T20:19:46.849+0000] {processor.py:840} INFO - DAG(s) 'marketing_pipeline' retrieved from /opt/airflow/dags/marketing_pipeline.py
[2026-05-02T20:19:46.864+0000] {logging_mixin.py:188} INFO - [2026-05-02T20:19:46.864+0000] {dag.py:3036} INFO - Sync 1 DAGs
[2026-05-02T20:19:46.878+0000] {logging_mixin.py:188} INFO - [2026-05-02T20:19:46.878+0000] {dag.py:3823} INFO - Setting next_dagrun for marketing_pipeline to 2026-05-01 00:00:00+00:00, run_after=2026-05-02 00:00:00+00:00
[2026-05-02T20:19:46.891+0000] {processor.py:183} INFO - Processing /opt/airflow/dags/marketing_pipeline.py took 0.061 seconds
[2026-05-02T20:20:17.206+0000] {processor.py:161} INFO - Started process (PID=1848) to work on /opt/airflow/dags/marketing_pipeline.py
[2026-05-02T20:20:17.207+0000] {processor.py:830} INFO - Processing file /opt/airflow/dags/marketing_pipeline.py for tasks to queue
[2026-05-02T20:20:17.209+0000] {logging_mixin.py:188} INFO - [2026-05-02T20:20:17.209+0000] {dagbag.py:538} INFO - Filling up the DagBag from /opt/airflow/dags/marketing_pipeline.py
[2026-05-02T20:20:17.218+0000] {processor.py:840} INFO - DAG(s) 'marketing_pipeline' retrieved from /opt/airflow/dags/marketing_pipeline.py
[2026-05-02T20:20:17.230+0000] {logging_mixin.py:188} INFO - [2026-05-02T20:20:17.230+0000] {dag.py:3036} INFO - Sync 1 DAGs
[2026-05-02T20:20:17.246+0000] {logging_mixin.py:188} INFO - [2026-05-02T20:20:17.245+0000] {dag.py:3823} INFO - Setting next_dagrun for marketing_pipeline to 2026-05-01 00:00:00+00:00, run_after=2026-05-02 00:00:00+00:00
[2026-05-02T20:20:17.259+0000] {processor.py:183} INFO - Processing /opt/airflow/dags/marketing_pipeline.py took 0.056 seconds
[2026-05-02T20:20:47.589+0000] {processor.py:161} INFO - Started process (PID=1904) to work on /opt/airflow/dags/marketing_pipeline.py
[2026-05-02T20:20:47.590+0000] {processor.py:830} INFO - Processing file /opt/airflow/dags/marketing_pipeline.py for tasks to queue
[2026-05-02T20:20:47.591+0000] {logging_mixin.py:188} INFO - [2026-05-02T20:20:47.591+0000] {dagbag.py:538} INFO - Filling up the DagBag from /opt/airflow/dags/marketing_pipeline.py
[2026-05-02T20:20:47.607+0000] {processor.py:840} INFO - DAG(s) 'marketing_pipeline' retrieved from /opt/airflow/dags/marketing_pipeline.py
[2026-05-02T20:20:47.621+0000] {logging_mixin.py:188} INFO - [2026-05-02T20:20:47.621+0000] {dag.py:3036} INFO - Sync 1 DAGs
[2026-05-02T20:20:47.636+0000] {logging_mixin.py:188} INFO - [2026-05-02T20:20:47.635+0000] {dag.py:3823} INFO - Setting next_dagrun for marketing_pipeline to 2026-05-01 00:00:00+00:00, run_after=2026-05-02 00:00:00+00:00
[2026-05-02T20:20:47.648+0000] {processor.py:183} INFO - Processing /opt/airflow/dags/marketing_pipeline.py took 0.063 seconds
[2026-05-02T20:21:17.736+0000] {processor.py:161} INFO - Started process (PID=1960) to work on /opt/airflow/dags/marketing_pipeline.py
[2026-05-02T20:21:17.738+0000] {processor.py:830} INFO - Processing file /opt/airflow/dags/marketing_pipeline.py for tasks to queue
[2026-05-02T20:21:17.739+0000] {logging_mixin.py:188} INFO - [2026-05-02T20:21:17.739+0000] {dagbag.py:538} INFO - Filling up the DagBag from /opt/airflow/dags/marketing_pipeline.py
[2026-05-02T20:21:17.749+0000] {processor.py:840} INFO - DAG(s) 'marketing_pipeline' retrieved from /opt/airflow/dags/marketing_pipeline.py
[2026-05-02T20:21:17.761+0000] {logging_mixin.py:188} INFO - [2026-05-02T20:21:17.760+0000] {dag.py:3036} INFO - Sync 1 DAGs
[2026-05-02T20:21:17.777+0000] {logging_mixin.py:188} INFO - [2026-05-02T20:21:17.777+0000] {dag.py:3823} INFO - Setting next_dagrun for marketing_pipeline to 2026-05-01 00:00:00+00:00, run_after=2026-05-02 00:00:00+00:00
[2026-05-02T20:21:17.788+0000] {processor.py:183} INFO - Processing /opt/airflow/dags/marketing_pipeline.py took 0.057 seconds
[2026-05-02T20:21:47.815+0000] {processor.py:161} INFO - Started process (PID=2016) to work on /opt/airflow/dags/marketing_pipeline.py
[2026-05-02T20:21:47.817+0000] {processor.py:830} INFO - Processing file /opt/airflow/dags/marketing_pipeline.py for tasks to queue
[2026-05-02T20:21:47.819+0000] {logging_mixin.py:188} INFO - [2026-05-02T20:21:47.819+0000] {dagbag.py:538} INFO - Filling up the DagBag from /opt/airflow/dags/marketing_pipeline.py
[2026-05-02T20:21:47.832+0000] {processor.py:840} INFO - DAG(s) 'marketing_pipeline' retrieved from /opt/airflow/dags/marketing_pipeline.py
[2026-05-02T20:21:47.845+0000] {logging_mixin.py:188} INFO - [2026-05-02T20:21:47.845+0000] {dag.py:3036} INFO - Sync 1 DAGs
[2026-05-02T20:21:47.861+0000] {logging_mixin.py:188} INFO - [2026-05-02T20:21:47.861+0000] {dag.py:3823} INFO - Setting next_dagrun for marketing_pipeline to 2026-05-01 00:00:00+00:00, run_after=2026-05-02 00:00:00+00:00
[2026-05-02T20:21:47.872+0000] {processor.py:183} INFO - Processing /opt/airflow/dags/marketing_pipeline.py took 0.062 seconds
[2026-05-02T20:22:18.012+0000] {processor.py:161} INFO - Started process (PID=2072) to work on /opt/airflow/dags/marketing_pipeline.py
[2026-05-02T20:22:18.013+0000] {processor.py:830} INFO - Processing file /opt/airflow/dags/marketing_pipeline.py for tasks to queue
[2026-05-02T20:22:18.015+0000] {logging_mixin.py:188} INFO - [2026-05-02T20:22:18.014+0000] {dagbag.py:538} INFO - Filling up the DagBag from /opt/airflow/dags/marketing_pipeline.py
[2026-05-02T20:22:18.026+0000] {processor.py:840} INFO - DAG(s) 'marketing_pipeline' retrieved from /opt/airflow/dags/marketing_pipeline.py
[2026-05-02T20:22:18.041+0000] {logging_mixin.py:188} INFO - [2026-05-02T20:22:18.040+0000] {dag.py:3036} INFO - Sync 1 DAGs
[2026-05-02T20:22:18.055+0000] {logging_mixin.py:188} INFO - [2026-05-02T20:22:18.055+0000] {dag.py:3823} INFO - Setting next_dagrun for marketing_pipeline to 2026-05-01 00:00:00+00:00, run_after=2026-05-02 00:00:00+00:00
[2026-05-02T20:22:18.068+0000] {processor.py:183} INFO - Processing /opt/airflow/dags/marketing_pipeline.py took 0.059 seconds
[2026-05-02T20:22:48.309+0000] {processor.py:161} INFO - Started process (PID=2128) to work on /opt/airflow/dags/marketing_pipeline.py
[2026-05-02T20:22:48.311+0000] {processor.py:830} INFO - Processing file /opt/airflow/dags/marketing_pipeline.py for tasks to queue
[2026-05-02T20:22:48.313+0000] {logging_mixin.py:188} INFO - [2026-05-02T20:22:48.313+0000] {dagbag.py:538} INFO - Filling up the DagBag from /opt/airflow/dags/marketing_pipeline.py
[2026-05-02T20:22:48.323+0000] {processor.py:840} INFO - DAG(s) 'marketing_pipeline' retrieved from /opt/airflow/dags/marketing_pipeline.py
[2026-05-02T20:22:48.336+0000] {logging_mixin.py:188} INFO - [2026-05-02T20:22:48.336+0000] {dag.py:3036} INFO - Sync 1 DAGs
[2026-05-02T20:22:48.351+0000] {logging_mixin.py:188} INFO - [2026-05-02T20:22:48.350+0000] {dag.py:3823} INFO - Setting next_dagrun for marketing_pipeline to 2026-05-01 00:00:00+00:00, run_after=2026-05-02 00:00:00+00:00
[2026-05-02T20:22:48.363+0000] {processor.py:183} INFO - Processing /opt/airflow/dags/marketing_pipeline.py took 0.058 seconds
[2026-05-02T20:23:18.596+0000] {processor.py:161} INFO - Started process (PID=2184) to work on /opt/airflow/dags/marketing_pipeline.py
[2026-05-02T20:23:18.598+0000] {processor.py:830} INFO - Processing file /opt/airflow/dags/marketing_pipeline.py for tasks to queue
[2026-05-02T20:23:18.601+0000] {logging_mixin.py:188} INFO - [2026-05-02T20:23:18.600+0000] {dagbag.py:538} INFO - Filling up the DagBag from /opt/airflow/dags/marketing_pipeline.py
[2026-05-02T20:23:18.612+0000] {processor.py:840} INFO - DAG(s) 'marketing_pipeline' retrieved from /opt/airflow/dags/marketing_pipeline.py
[2026-05-02T20:23:18.626+0000] {logging_mixin.py:188} INFO - [2026-05-02T20:23:18.626+0000] {dag.py:3036} INFO - Sync 1 DAGs
[2026-05-02T20:23:18.641+0000] {logging_mixin.py:188} INFO - [2026-05-02T20:23:18.641+0000] {dag.py:3823} INFO - Setting next_dagrun for marketing_pipeline to 2026-05-01 00:00:00+00:00, run_after=2026-05-02 00:00:00+00:00
[2026-05-02T20:23:18.653+0000] {processor.py:183} INFO - Processing /opt/airflow/dags/marketing_pipeline.py took 0.060 seconds
[2026-05-02T20:23:48.889+0000] {processor.py:161} INFO - Started process (PID=2240) to work on /opt/airflow/dags/marketing_pipeline.py
[2026-05-02T20:23:48.891+0000] {processor.py:830} INFO - Processing file /opt/airflow/dags/marketing_pipeline.py for tasks to queue
[2026-05-02T20:23:48.893+0000] {logging_mixin.py:188} INFO - [2026-05-02T20:23:48.893+0000] {dagbag.py:538} INFO - Filling up the DagBag from /opt/airflow/dags/marketing_pipeline.py
[2026-05-02T20:23:48.903+0000] {processor.py:840} INFO - DAG(s) 'marketing_pipeline' retrieved from /opt/airflow/dags/marketing_pipeline.py
[2026-05-02T20:23:48.915+0000] {logging_mixin.py:188} INFO - [2026-05-02T20:23:48.915+0000] {dag.py:3036} INFO - Sync 1 DAGs
[2026-05-02T20:23:48.929+0000] {logging_mixin.py:188} INFO - [2026-05-02T20:23:48.929+0000] {dag.py:3823} INFO - Setting next_dagrun for marketing_pipeline to 2026-05-01 00:00:00+00:00, run_after=2026-05-02 00:00:00+00:00
[2026-05-02T20:23:48.943+0000] {processor.py:183} INFO - Processing /opt/airflow/dags/marketing_pipeline.py took 0.057 seconds
[2026-05-02T20:24:19.527+0000] {processor.py:161} INFO - Started process (PID=2296) to work on /opt/airflow/dags/marketing_pipeline.py
[2026-05-02T20:24:19.528+0000] {processor.py:830} INFO - Processing file /opt/airflow/dags/marketing_pipeline.py for tasks to queue
[2026-05-02T20:24:19.531+0000] {logging_mixin.py:188} INFO - [2026-05-02T20:24:19.531+0000] {dagbag.py:538} INFO - Filling up the DagBag from /opt/airflow/dags/marketing_pipeline.py
[2026-05-02T20:24:19.545+0000] {processor.py:840} INFO - DAG(s) 'marketing_pipeline' retrieved from /opt/airflow/dags/marketing_pipeline.py
[2026-05-02T20:24:19.568+0000] {logging_mixin.py:188} INFO - [2026-05-02T20:24:19.567+0000] {dag.py:3036} INFO - Sync 1 DAGs
[2026-05-02T20:24:19.591+0000] {logging_mixin.py:188} INFO - [2026-05-02T20:24:19.590+0000] {dag.py:3823} INFO - Setting next_dagrun for marketing_pipeline to 2026-05-01 00:00:00+00:00, run_after=2026-05-02 00:00:00+00:00
[2026-05-02T20:24:19.602+0000] {processor.py:183} INFO - Processing /opt/airflow/dags/marketing_pipeline.py took 0.078 seconds
[2026-05-02T20:24:50.325+0000] {processor.py:161} INFO - Started process (PID=2352) to work on /opt/airflow/dags/marketing_pipeline.py
[2026-05-02T20:24:50.326+0000] {processor.py:830} INFO - Processing file /opt/airflow/dags/marketing_pipeline.py for tasks to queue
[2026-05-02T20:24:50.328+0000] {logging_mixin.py:188} INFO - [2026-05-02T20:24:50.328+0000] {dagbag.py:538} INFO - Filling up the DagBag from /opt/airflow/dags/marketing_pipeline.py
[2026-05-02T20:24:50.335+0000] {processor.py:840} INFO - DAG(s) 'marketing_pipeline' retrieved from /opt/airflow/dags/marketing_pipeline.py
[2026-05-02T20:24:50.351+0000] {logging_mixin.py:188} INFO - [2026-05-02T20:24:50.351+0000] {dag.py:3036} INFO - Sync 1 DAGs
[2026-05-02T20:24:50.365+0000] {logging_mixin.py:188} INFO - [2026-05-02T20:24:50.365+0000] {dag.py:3823} INFO - Setting next_dagrun for marketing_pipeline to 2026-05-01 00:00:00+00:00, run_after=2026-05-02 00:00:00+00:00
[2026-05-02T20:24:50.378+0000] {processor.py:183} INFO - Processing /opt/airflow/dags/marketing_pipeline.py took 0.057 seconds
[2026-05-02T20:25:20.633+0000] {processor.py:161} INFO - Started process (PID=2407) to work on /opt/airflow/dags/marketing_pipeline.py
[2026-05-02T20:25:20.636+0000] {processor.py:830} INFO - Processing file /opt/airflow/dags/marketing_pipeline.py for tasks to queue
[2026-05-02T20:25:20.642+0000] {logging_mixin.py:188} INFO - [2026-05-02T20:25:20.641+0000] {dagbag.py:538} INFO - Filling up the DagBag from /opt/airflow/dags/marketing_pipeline.py
[2026-05-02T20:25:20.665+0000] {processor.py:840} INFO - DAG(s) 'marketing_pipeline' retrieved from /opt/airflow/dags/marketing_pipeline.py
[2026-05-02T20:25:20.715+0000] {logging_mixin.py:188} INFO - [2026-05-02T20:25:20.714+0000] {dag.py:3036} INFO - Sync 1 DAGs
[2026-05-02T20:25:20.759+0000] {logging_mixin.py:188} INFO - [2026-05-02T20:25:20.758+0000] {dag.py:3823} INFO - Setting next_dagrun for marketing_pipeline to 2026-05-01 00:00:00+00:00, run_after=2026-05-02 00:00:00+00:00
[2026-05-02T20:25:20.803+0000] {processor.py:183} INFO - Processing /opt/airflow/dags/marketing_pipeline.py took 0.178 seconds
[2026-05-02T20:25:51.598+0000] {processor.py:161} INFO - Started process (PID=2462) to work on /opt/airflow/dags/marketing_pipeline.py
[2026-05-02T20:25:51.599+0000] {processor.py:830} INFO - Processing file /opt/airflow/dags/marketing_pipeline.py for tasks to queue
[2026-05-02T20:25:51.603+0000] {logging_mixin.py:188} INFO - [2026-05-02T20:25:51.603+0000] {dagbag.py:538} INFO - Filling up the DagBag from /opt/airflow/dags/marketing_pipeline.py
[2026-05-02T20:25:51.619+0000] {processor.py:840} INFO - DAG(s) 'marketing_pipeline' retrieved from /opt/airflow/dags/marketing_pipeline.py
[2026-05-02T20:25:51.646+0000] {logging_mixin.py:188} INFO - [2026-05-02T20:25:51.646+0000] {dag.py:3036} INFO - Sync 1 DAGs
[2026-05-02T20:25:51.667+0000] {logging_mixin.py:188} INFO - [2026-05-02T20:25:51.667+0000] {dag.py:3823} INFO - Setting next_dagrun for marketing_pipeline to 2026-05-01 00:00:00+00:00, run_after=2026-05-02 00:00:00+00:00
[2026-05-02T20:25:51.860+0000] {processor.py:183} INFO - Processing /opt/airflow/dags/marketing_pipeline.py took 0.267 seconds
[2026-05-02T20:26:21.958+0000] {processor.py:161} INFO - Started process (PID=2518) to work on /opt/airflow/dags/marketing_pipeline.py
[2026-05-02T20:26:21.959+0000] {processor.py:830} INFO - Processing file /opt/airflow/dags/marketing_pipeline.py for tasks to queue
[2026-05-02T20:26:21.962+0000] {logging_mixin.py:188} INFO - [2026-05-02T20:26:21.962+0000] {dagbag.py:538} INFO - Filling up the DagBag from /opt/airflow/dags/marketing_pipeline.py
[2026-05-02T20:26:21.974+0000] {processor.py:840} INFO - DAG(s) 'marketing_pipeline' retrieved from /opt/airflow/dags/marketing_pipeline.py
[2026-05-02T20:26:21.993+0000] {logging_mixin.py:188} INFO - [2026-05-02T20:26:21.993+0000] {dag.py:3036} INFO - Sync 1 DAGs
[2026-05-02T20:26:22.011+0000] {logging_mixin.py:188} INFO - [2026-05-02T20:26:22.010+0000] {dag.py:3823} INFO - Setting next_dagrun for marketing_pipeline to 2026-05-01 00:00:00+00:00, run_after=2026-05-02 00:00:00+00:00
[2026-05-02T20:26:22.028+0000] {processor.py:183} INFO - Processing /opt/airflow/dags/marketing_pipeline.py took 0.074 seconds
[2026-05-02T20:26:52.194+0000] {processor.py:161} INFO - Started process (PID=2574) to work on /opt/airflow/dags/marketing_pipeline.py
[2026-05-02T20:26:52.195+0000] {processor.py:830} INFO - Processing file /opt/airflow/dags/marketing_pipeline.py for tasks to queue
[2026-05-02T20:26:52.197+0000] {logging_mixin.py:188} INFO - [2026-05-02T20:26:52.197+0000] {dagbag.py:538} INFO - Filling up the DagBag from /opt/airflow/dags/marketing_pipeline.py
[2026-05-02T20:26:52.209+0000] {processor.py:840} INFO - DAG(s) 'marketing_pipeline' retrieved from /opt/airflow/dags/marketing_pipeline.py
[2026-05-02T20:26:52.224+0000] {logging_mixin.py:188} INFO - [2026-05-02T20:26:52.224+0000] {dag.py:3036} INFO - Sync 1 DAGs
[2026-05-02T20:26:52.243+0000] {logging_mixin.py:188} INFO - [2026-05-02T20:26:52.243+0000] {dag.py:3823} INFO - Setting next_dagrun for marketing_pipeline to 2026-05-01 00:00:00+00:00, run_after=2026-05-02 00:00:00+00:00
[2026-05-02T20:26:52.259+0000] {processor.py:183} INFO - Processing /opt/airflow/dags/marketing_pipeline.py took 0.068 seconds
[2026-05-02T20:27:22.781+0000] {processor.py:161} INFO - Started process (PID=2630) to work on /opt/airflow/dags/marketing_pipeline.py
[2026-05-02T20:27:22.782+0000] {processor.py:830} INFO - Processing file /opt/airflow/dags/marketing_pipeline.py for tasks to queue
[2026-05-02T20:27:22.786+0000] {logging_mixin.py:188} INFO - [2026-05-02T20:27:22.786+0000] {dagbag.py:538} INFO - Filling up the DagBag from /opt/airflow/dags/marketing_pipeline.py
[2026-05-02T20:27:22.796+0000] {processor.py:840} INFO - DAG(s) 'marketing_pipeline' retrieved from /opt/airflow/dags/marketing_pipeline.py
[2026-05-02T20:27:22.817+0000] {logging_mixin.py:188} INFO - [2026-05-02T20:27:22.817+0000] {dag.py:3036} INFO - Sync 1 DAGs
[2026-05-02T20:27:22.833+0000] {logging_mixin.py:188} INFO - [2026-05-02T20:27:22.833+0000] {dag.py:3823} INFO - Setting next_dagrun for marketing_pipeline to 2026-05-01 00:00:00+00:00, run_after=2026-05-02 00:00:00+00:00
[2026-05-02T20:27:22.849+0000] {processor.py:183} INFO - Processing /opt/airflow/dags/marketing_pipeline.py took 0.072 seconds
[2026-05-02T20:27:53.509+0000] {processor.py:161} INFO - Started process (PID=2686) to work on /opt/airflow/dags/marketing_pipeline.py
[2026-05-02T20:27:53.510+0000] {processor.py:830} INFO - Processing file /opt/airflow/dags/marketing_pipeline.py for tasks to queue
[2026-05-02T20:27:53.512+0000] {logging_mixin.py:188} INFO - [2026-05-02T20:27:53.511+0000] {dagbag.py:538} INFO - Filling up the DagBag from /opt/airflow/dags/marketing_pipeline.py
[2026-05-02T20:27:53.519+0000] {processor.py:840} INFO - DAG(s) 'marketing_pipeline' retrieved from /opt/airflow/dags/marketing_pipeline.py
[2026-05-02T20:27:53.645+0000] {logging_mixin.py:188} INFO - [2026-05-02T20:27:53.644+0000] {dag.py:3036} INFO - Sync 1 DAGs
[2026-05-02T20:27:53.659+0000] {logging_mixin.py:188} INFO - [2026-05-02T20:27:53.658+0000] {dag.py:3823} INFO - Setting next_dagrun for marketing_pipeline to 2026-05-01 00:00:00+00:00, run_after=2026-05-02 00:00:00+00:00
[2026-05-02T20:27:53.673+0000] {processor.py:183} INFO - Processing /opt/airflow/dags/marketing_pipeline.py took 0.169 seconds
[2026-05-02T20:28:24.302+0000] {processor.py:161} INFO - Started process (PID=2742) to work on /opt/airflow/dags/marketing_pipeline.py
[2026-05-02T20:28:24.303+0000] {processor.py:830} INFO - Processing file /opt/airflow/dags/marketing_pipeline.py for tasks to queue
[2026-05-02T20:28:24.304+0000] {logging_mixin.py:188} INFO - [2026-05-02T20:28:24.304+0000] {dagbag.py:538} INFO - Filling up the DagBag from /opt/airflow/dags/marketing_pipeline.py
[2026-05-02T20:28:24.317+0000] {processor.py:840} INFO - DAG(s) 'marketing_pipeline' retrieved from /opt/airflow/dags/marketing_pipeline.py
[2026-05-02T20:28:24.331+0000] {logging_mixin.py:188} INFO - [2026-05-02T20:28:24.331+0000] {dag.py:3036} INFO - Sync 1 DAGs
[2026-05-02T20:28:24.350+0000] {logging_mixin.py:188} INFO - [2026-05-02T20:28:24.350+0000] {dag.py:3823} INFO - Setting next_dagrun for marketing_pipeline to 2026-05-01 00:00:00+00:00, run_after=2026-05-02 00:00:00+00:00
[2026-05-02T20:28:24.362+0000] {processor.py:183} INFO - Processing /opt/airflow/dags/marketing_pipeline.py took 0.064 seconds
[2026-05-02T20:28:54.402+0000] {processor.py:161} INFO - Started process (PID=2802) to work on /opt/airflow/dags/marketing_pipeline.py
[2026-05-02T20:28:54.403+0000] {processor.py:830} INFO - Processing file /opt/airflow/dags/marketing_pipeline.py for tasks to queue
[2026-05-02T20:28:54.407+0000] {logging_mixin.py:188} INFO - [2026-05-02T20:28:54.407+0000] {dagbag.py:538} INFO - Filling up the DagBag from /opt/airflow/dags/marketing_pipeline.py
[2026-05-02T20:28:54.421+0000] {processor.py:840} INFO - DAG(s) 'marketing_pipeline' retrieved from /opt/airflow/dags/marketing_pipeline.py
[2026-05-02T20:28:54.437+0000] {logging_mixin.py:188} INFO - [2026-05-02T20:28:54.437+0000] {dag.py:3036} INFO - Sync 1 DAGs
[2026-05-02T20:28:54.454+0000] {logging_mixin.py:188} INFO - [2026-05-02T20:28:54.454+0000] {dag.py:3823} INFO - Setting next_dagrun for marketing_pipeline to 2026-05-02 00:00:00+00:00, run_after=2026-05-03 00:00:00+00:00
[2026-05-02T20:28:54.469+0000] {processor.py:183} INFO - Processing /opt/airflow/dags/marketing_pipeline.py took 0.071 seconds
[2026-05-02T20:29:24.626+0000] {processor.py:161} INFO - Started process (PID=2858) to work on /opt/airflow/dags/marketing_pipeline.py
[2026-05-02T20:29:24.627+0000] {processor.py:830} INFO - Processing file /opt/airflow/dags/marketing_pipeline.py for tasks to queue
[2026-05-02T20:29:24.630+0000] {logging_mixin.py:188} INFO - [2026-05-02T20:29:24.629+0000] {dagbag.py:538} INFO - Filling up the DagBag from /opt/airflow/dags/marketing_pipeline.py
[2026-05-02T20:29:24.640+0000] {processor.py:840} INFO - DAG(s) 'marketing_pipeline' retrieved from /opt/airflow/dags/marketing_pipeline.py
[2026-05-02T20:29:24.658+0000] {logging_mixin.py:188} INFO - [2026-05-02T20:29:24.658+0000] {dag.py:3036} INFO - Sync 1 DAGs
[2026-05-02T20:29:24.677+0000] {logging_mixin.py:188} INFO - [2026-05-02T20:29:24.676+0000] {dag.py:3823} INFO - Setting next_dagrun for marketing_pipeline to 2026-05-02 00:00:00+00:00, run_after=2026-05-03 00:00:00+00:00
[2026-05-02T20:29:24.694+0000] {processor.py:183} INFO - Processing /opt/airflow/dags/marketing_pipeline.py took 0.071 seconds
[2026-05-02T20:29:54.803+0000] {processor.py:161} INFO - Started process (PID=2914) to work on /opt/airflow/dags/marketing_pipeline.py
[2026-05-02T20:29:54.804+0000] {processor.py:830} INFO - Processing file /opt/airflow/dags/marketing_pipeline.py for tasks to queue
[2026-05-02T20:29:54.808+0000] {logging_mixin.py:188} INFO - [2026-05-02T20:29:54.807+0000] {dagbag.py:538} INFO - Filling up the DagBag from /opt/airflow/dags/marketing_pipeline.py
[2026-05-02T20:29:54.822+0000] {processor.py:840} INFO - DAG(s) 'marketing_pipeline' retrieved from /opt/airflow/dags/marketing_pipeline.py
[2026-05-02T20:29:54.843+0000] {logging_mixin.py:188} INFO - [2026-05-02T20:29:54.843+0000] {dag.py:3036} INFO - Sync 1 DAGs
[2026-05-02T20:29:54.864+0000] {logging_mixin.py:188} INFO - [2026-05-02T20:29:54.864+0000] {dag.py:3823} INFO - Setting next_dagrun for marketing_pipeline to 2026-05-02 00:00:00+00:00, run_after=2026-05-03 00:00:00+00:00
[2026-05-02T20:29:54.878+0000] {processor.py:183} INFO - Processing /opt/airflow/dags/marketing_pipeline.py took 0.080 seconds
[2026-05-02T20:30:25.103+0000] {processor.py:161} INFO - Started process (PID=2970) to work on /opt/airflow/dags/marketing_pipeline.py
[2026-05-02T20:30:25.105+0000] {processor.py:830} INFO - Processing file /opt/airflow/dags/marketing_pipeline.py for tasks to queue
[2026-05-02T20:30:25.107+0000] {logging_mixin.py:188} INFO - [2026-05-02T20:30:25.107+0000] {dagbag.py:538} INFO - Filling up the DagBag from /opt/airflow/dags/marketing_pipeline.py
[2026-05-02T20:30:25.116+0000] {processor.py:840} INFO - DAG(s) 'marketing_pipeline' retrieved from /opt/airflow/dags/marketing_pipeline.py
[2026-05-02T20:30:25.141+0000] {logging_mixin.py:188} INFO - [2026-05-02T20:30:25.140+0000] {dag.py:3036} INFO - Sync 1 DAGs
[2026-05-02T20:30:25.160+0000] {logging_mixin.py:188} INFO - [2026-05-02T20:30:25.160+0000] {dag.py:3823} INFO - Setting next_dagrun for marketing_pipeline to 2026-05-02 00:00:00+00:00, run_after=2026-05-03 00:00:00+00:00
[2026-05-02T20:30:25.176+0000] {processor.py:183} INFO - Processing /opt/airflow/dags/marketing_pipeline.py took 0.077 seconds
