[2026-05-02T22:54:19.224+0000] {taskinstance.py:1979} INFO - Dependencies all met for dep_context=non-requeueable deps ti=<TaskInstance: marketing_pipeline.dbt_run_marts manual__2026-05-02T22:54:10.534750+00:00 [queued]>
[2026-05-02T22:54:19.226+0000] {taskinstance.py:1979} INFO - Dependencies all met for dep_context=requeueable deps ti=<TaskInstance: marketing_pipeline.dbt_run_marts manual__2026-05-02T22:54:10.534750+00:00 [queued]>
[2026-05-02T22:54:19.227+0000] {taskinstance.py:2193} INFO - Starting attempt 1 of 2
[2026-05-02T22:54:19.231+0000] {taskinstance.py:2217} INFO - Executing <Task(BashOperator): dbt_run_marts> on 2026-05-02 22:54:10.534750+00:00
[2026-05-02T22:54:19.235+0000] {standard_task_runner.py:60} INFO - Started process 318 to run task
[2026-05-02T22:54:19.237+0000] {standard_task_runner.py:87} INFO - Running: ['***', 'tasks', 'run', 'marketing_pipeline', 'dbt_run_marts', 'manual__2026-05-02T22:54:10.534750+00:00', '--job-id', '14', '--raw', '--subdir', 'DAGS_FOLDER/marketing_pipeline.py', '--cfg-path', '/tmp/tmp3u3j8wmr']
[2026-05-02T22:54:19.238+0000] {standard_task_runner.py:88} INFO - Job 14: Subtask dbt_run_marts
[2026-05-02T22:54:19.257+0000] {task_command.py:423} INFO - Running <TaskInstance: marketing_pipeline.dbt_run_marts manual__2026-05-02T22:54:10.534750+00:00 [running]> on host ***-worker
[2026-05-02T22:54:19.286+0000] {taskinstance.py:2513} INFO - Exporting env vars: AIRFLOW_CTX_DAG_OWNER='ujwala' AIRFLOW_CTX_DAG_ID='marketing_pipeline' AIRFLOW_CTX_TASK_ID='dbt_run_marts' AIRFLOW_CTX_EXECUTION_DATE='2026-05-02T22:54:10.534750+00:00' AIRFLOW_CTX_TRY_NUMBER='1' AIRFLOW_CTX_DAG_RUN_ID='manual__2026-05-02T22:54:10.534750+00:00'
[2026-05-02T22:54:19.287+0000] {subprocess.py:63} INFO - Tmp dir root location: /tmp
[2026-05-02T22:54:19.288+0000] {subprocess.py:75} INFO - Running command: ['/usr/bin/bash', '-c', 'cd /opt/***/marketing_dbt && /home/***/.local/bin/dbt run --select marts']
[2026-05-02T22:54:19.293+0000] {subprocess.py:86} INFO - Output:
[2026-05-02T22:54:19.931+0000] {subprocess.py:93} INFO - [0m22:54:19  Running with dbt=1.8.7
[2026-05-02T22:54:20.329+0000] {subprocess.py:93} INFO - [0m22:54:20  Registered adapter: snowflake=1.8.4
[2026-05-02T22:54:20.500+0000] {subprocess.py:93} INFO - [0m22:54:20  Found 7 models, 16 data tests, 6 sources, 455 macros
[2026-05-02T22:54:20.501+0000] {subprocess.py:93} INFO - [0m22:54:20
[2026-05-02T22:54:22.039+0000] {subprocess.py:93} INFO - [0m22:54:22  Concurrency: 4 threads (target='dev')
[2026-05-02T22:54:22.039+0000] {subprocess.py:93} INFO - [0m22:54:22
[2026-05-02T22:54:22.047+0000] {subprocess.py:93} INFO - [0m22:54:22  1 of 1 START sql table model MARTS.mart_channel_performance .................... [RUN]
[2026-05-02T22:54:24.539+0000] {subprocess.py:93} INFO - [0m22:54:24  1 of 1 OK created sql table model MARTS.mart_channel_performance ............... [[32mSUCCESS 1[0m in 2.49s]
[2026-05-02T22:54:24.584+0000] {subprocess.py:93} INFO - [0m22:54:24
[2026-05-02T22:54:24.584+0000] {subprocess.py:93} INFO - [0m22:54:24  Finished running 1 table model in 0 hours 0 minutes and 4.08 seconds (4.08s).
[2026-05-02T22:54:24.619+0000] {subprocess.py:93} INFO - [0m22:54:24
[2026-05-02T22:54:24.620+0000] {subprocess.py:93} INFO - [0m22:54:24  [32mCompleted successfully[0m
[2026-05-02T22:54:24.620+0000] {subprocess.py:93} INFO - [0m22:54:24
[2026-05-02T22:54:24.620+0000] {subprocess.py:93} INFO - [0m22:54:24  Done. PASS=1 WARN=0 ERROR=0 SKIP=0 TOTAL=1
[2026-05-02T22:54:25.275+0000] {subprocess.py:97} INFO - Command exited with return code 0
[2026-05-02T22:54:25.287+0000] {taskinstance.py:1149} INFO - Marking task as SUCCESS. dag_id=marketing_pipeline, task_id=dbt_run_marts, execution_date=20260502T225410, start_date=20260502T225419, end_date=20260502T225425
[2026-05-02T22:54:25.315+0000] {local_task_job_runner.py:234} INFO - Task exited with return code 0
[2026-05-02T22:54:25.323+0000] {taskinstance.py:3312} INFO - 1 downstream tasks scheduled from follow-on schedule check
