[2026-05-02T22:54:12.320+0000] {taskinstance.py:1979} INFO - Dependencies all met for dep_context=non-requeueable deps ti=<TaskInstance: marketing_pipeline.dbt_run_staging manual__2026-05-02T22:54:10.534750+00:00 [queued]>
[2026-05-02T22:54:12.323+0000] {taskinstance.py:1979} INFO - Dependencies all met for dep_context=requeueable deps ti=<TaskInstance: marketing_pipeline.dbt_run_staging manual__2026-05-02T22:54:10.534750+00:00 [queued]>
[2026-05-02T22:54:12.323+0000] {taskinstance.py:2193} INFO - Starting attempt 1 of 2
[2026-05-02T22:54:12.327+0000] {taskinstance.py:2217} INFO - Executing <Task(BashOperator): dbt_run_staging> on 2026-05-02 22:54:10.534750+00:00
[2026-05-02T22:54:12.331+0000] {standard_task_runner.py:60} INFO - Started process 294 to run task
[2026-05-02T22:54:12.335+0000] {standard_task_runner.py:87} INFO - Running: ['***', 'tasks', 'run', 'marketing_pipeline', 'dbt_run_staging', 'manual__2026-05-02T22:54:10.534750+00:00', '--job-id', '13', '--raw', '--subdir', 'DAGS_FOLDER/marketing_pipeline.py', '--cfg-path', '/tmp/tmptsagbzu3']
[2026-05-02T22:54:12.338+0000] {standard_task_runner.py:88} INFO - Job 13: Subtask dbt_run_staging
[2026-05-02T22:54:12.362+0000] {task_command.py:423} INFO - Running <TaskInstance: marketing_pipeline.dbt_run_staging manual__2026-05-02T22:54:10.534750+00:00 [running]> on host ***-worker
[2026-05-02T22:54:12.398+0000] {taskinstance.py:2513} INFO - Exporting env vars: AIRFLOW_CTX_DAG_OWNER='ujwala' AIRFLOW_CTX_DAG_ID='marketing_pipeline' AIRFLOW_CTX_TASK_ID='dbt_run_staging' AIRFLOW_CTX_EXECUTION_DATE='2026-05-02T22:54:10.534750+00:00' AIRFLOW_CTX_TRY_NUMBER='1' AIRFLOW_CTX_DAG_RUN_ID='manual__2026-05-02T22:54:10.534750+00:00'
[2026-05-02T22:54:12.399+0000] {subprocess.py:63} INFO - Tmp dir root location: /tmp
[2026-05-02T22:54:12.400+0000] {subprocess.py:75} INFO - Running command: ['/usr/bin/bash', '-c', 'cd /opt/***/marketing_dbt && /home/***/.local/bin/dbt run --select staging']
[2026-05-02T22:54:12.406+0000] {subprocess.py:86} INFO - Output:
[2026-05-02T22:54:13.094+0000] {subprocess.py:93} INFO - [0m22:54:13  Running with dbt=1.8.7
[2026-05-02T22:54:13.562+0000] {subprocess.py:93} INFO - [0m22:54:13  Registered adapter: snowflake=1.8.4
[2026-05-02T22:54:13.876+0000] {subprocess.py:93} INFO - [0m22:54:13  Found 7 models, 16 data tests, 6 sources, 455 macros
[2026-05-02T22:54:13.878+0000] {subprocess.py:93} INFO - [0m22:54:13
[2026-05-02T22:54:15.712+0000] {subprocess.py:93} INFO - [0m22:54:15  Concurrency: 4 threads (target='dev')
[2026-05-02T22:54:15.714+0000] {subprocess.py:93} INFO - [0m22:54:15
[2026-05-02T22:54:15.728+0000] {subprocess.py:93} INFO - [0m22:54:15  1 of 6 START sql view model STAGING.stg_ad_channels ............................ [RUN]
[2026-05-02T22:54:15.729+0000] {subprocess.py:93} INFO - [0m22:54:15  2 of 6 START sql view model STAGING.stg_clicks ................................. [RUN]
[2026-05-02T22:54:15.730+0000] {subprocess.py:93} INFO - [0m22:54:15  3 of 6 START sql view model STAGING.stg_locks .................................. [RUN]
[2026-05-02T22:54:15.731+0000] {subprocess.py:93} INFO - [0m22:54:15  4 of 6 START sql view model STAGING.stg_sales .................................. [RUN]
[2026-05-02T22:54:16.715+0000] {subprocess.py:93} INFO - [0m22:54:16  4 of 6 OK created sql view model STAGING.stg_sales ............................. [[32mSUCCESS 1[0m in 0.98s]
[2026-05-02T22:54:16.717+0000] {subprocess.py:93} INFO - [0m22:54:16  5 of 6 START sql view model STAGING.stg_spend .................................. [RUN]
[2026-05-02T22:54:16.771+0000] {subprocess.py:93} INFO - [0m22:54:16  3 of 6 OK created sql view model STAGING.stg_locks ............................. [[32mSUCCESS 1[0m in 1.04s]
[2026-05-02T22:54:16.772+0000] {subprocess.py:93} INFO - [0m22:54:16  2 of 6 OK created sql view model STAGING.stg_clicks ............................ [[32mSUCCESS 1[0m in 1.04s]
[2026-05-02T22:54:16.774+0000] {subprocess.py:93} INFO - [0m22:54:16  6 of 6 START sql view model STAGING.stg_vehicles ............................... [RUN]
[2026-05-02T22:54:16.784+0000] {subprocess.py:93} INFO - [0m22:54:16  1 of 6 OK created sql view model STAGING.stg_ad_channels ....................... [[32mSUCCESS 1[0m in 1.05s]
[2026-05-02T22:54:17.453+0000] {subprocess.py:93} INFO - [0m22:54:17  5 of 6 OK created sql view model STAGING.stg_spend ............................. [[32mSUCCESS 1[0m in 0.73s]
[2026-05-02T22:54:17.566+0000] {subprocess.py:93} INFO - [0m22:54:17  6 of 6 OK created sql view model STAGING.stg_vehicles .......................... [[32mSUCCESS 1[0m in 0.79s]
[2026-05-02T22:54:17.575+0000] {subprocess.py:93} INFO - [0m22:54:17
[2026-05-02T22:54:17.575+0000] {subprocess.py:93} INFO - [0m22:54:17  Finished running 6 view models in 0 hours 0 minutes and 3.70 seconds (3.70s).
[2026-05-02T22:54:17.618+0000] {subprocess.py:93} INFO - [0m22:54:17
[2026-05-02T22:54:17.619+0000] {subprocess.py:93} INFO - [0m22:54:17  [32mCompleted successfully[0m
[2026-05-02T22:54:17.619+0000] {subprocess.py:93} INFO - [0m22:54:17
[2026-05-02T22:54:17.620+0000] {subprocess.py:93} INFO - [0m22:54:17  Done. PASS=6 WARN=0 ERROR=0 SKIP=0 TOTAL=6
[2026-05-02T22:54:18.294+0000] {subprocess.py:97} INFO - Command exited with return code 0
[2026-05-02T22:54:18.310+0000] {taskinstance.py:1149} INFO - Marking task as SUCCESS. dag_id=marketing_pipeline, task_id=dbt_run_staging, execution_date=20260502T225410, start_date=20260502T225412, end_date=20260502T225418
[2026-05-02T22:54:18.340+0000] {local_task_job_runner.py:234} INFO - Task exited with return code 0
[2026-05-02T22:54:18.352+0000] {taskinstance.py:3312} INFO - 1 downstream tasks scheduled from follow-on schedule check
