[2026-05-03T00:02:02.385+0000] {processor.py:161} INFO - Started process (PID=2795) to work on /home/airflow/.local/lib/python3.8/site-packages/airflow/example_dags/example_trigger_target_dag.py
[2026-05-03T00:02:02.386+0000] {processor.py:830} INFO - Processing file /home/airflow/.local/lib/python3.8/site-packages/airflow/example_dags/example_trigger_target_dag.py for tasks to queue
[2026-05-03T00:02:02.391+0000] {logging_mixin.py:188} INFO - [2026-05-03T00:02:02.391+0000] {dagbag.py:540} INFO - Filling up the DagBag from /home/airflow/.local/lib/python3.8/site-packages/airflow/example_dags/example_trigger_target_dag.py
[2026-05-03T00:02:02.395+0000] {processor.py:840} INFO - DAG(s) 'example_trigger_target_dag' retrieved from /home/airflow/.local/lib/python3.8/site-packages/airflow/example_dags/example_trigger_target_dag.py
[2026-05-03T00:02:02.416+0000] {logging_mixin.py:188} INFO - [2026-05-03T00:02:02.415+0000] {dag.py:3047} INFO - Sync 1 DAGs
[2026-05-03T00:02:02.425+0000] {logging_mixin.py:188} INFO - [2026-05-03T00:02:02.425+0000] {dag.py:3834} INFO - Setting next_dagrun for example_trigger_target_dag to None, run_after=None
[2026-05-03T00:02:02.436+0000] {processor.py:183} INFO - Processing /home/airflow/.local/lib/python3.8/site-packages/airflow/example_dags/example_trigger_target_dag.py took 0.053 seconds
[2026-05-03T00:11:42.780+0000] {processor.py:161} INFO - Started process (PID=2851) to work on /home/airflow/.local/lib/python3.8/site-packages/airflow/example_dags/example_trigger_target_dag.py
[2026-05-03T00:11:42.784+0000] {processor.py:830} INFO - Processing file /home/airflow/.local/lib/python3.8/site-packages/airflow/example_dags/example_trigger_target_dag.py for tasks to queue
[2026-05-03T00:11:42.785+0000] {logging_mixin.py:188} INFO - [2026-05-03T00:11:42.785+0000] {dagbag.py:540} INFO - Filling up the DagBag from /home/airflow/.local/lib/python3.8/site-packages/airflow/example_dags/example_trigger_target_dag.py
[2026-05-03T00:11:42.789+0000] {processor.py:840} INFO - DAG(s) 'example_trigger_target_dag' retrieved from /home/airflow/.local/lib/python3.8/site-packages/airflow/example_dags/example_trigger_target_dag.py
[2026-05-03T00:11:42.802+0000] {logging_mixin.py:188} INFO - [2026-05-03T00:11:42.802+0000] {dag.py:3047} INFO - Sync 1 DAGs
[2026-05-03T00:11:42.810+0000] {logging_mixin.py:188} INFO - [2026-05-03T00:11:42.810+0000] {dag.py:3834} INFO - Setting next_dagrun for example_trigger_target_dag to None, run_after=None
[2026-05-03T00:11:42.821+0000] {processor.py:183} INFO - Processing /home/airflow/.local/lib/python3.8/site-packages/airflow/example_dags/example_trigger_target_dag.py took 0.043 seconds
[2026-05-03T00:20:54.594+0000] {processor.py:161} INFO - Started process (PID=2907) to work on /home/airflow/.local/lib/python3.8/site-packages/airflow/example_dags/example_trigger_target_dag.py
[2026-05-03T00:20:54.595+0000] {processor.py:830} INFO - Processing file /home/airflow/.local/lib/python3.8/site-packages/airflow/example_dags/example_trigger_target_dag.py for tasks to queue
[2026-05-03T00:20:54.599+0000] {logging_mixin.py:188} INFO - [2026-05-03T00:20:54.599+0000] {dagbag.py:540} INFO - Filling up the DagBag from /home/airflow/.local/lib/python3.8/site-packages/airflow/example_dags/example_trigger_target_dag.py
[2026-05-03T00:20:54.604+0000] {processor.py:840} INFO - DAG(s) 'example_trigger_target_dag' retrieved from /home/airflow/.local/lib/python3.8/site-packages/airflow/example_dags/example_trigger_target_dag.py
[2026-05-03T00:20:54.617+0000] {logging_mixin.py:188} INFO - [2026-05-03T00:20:54.616+0000] {dag.py:3047} INFO - Sync 1 DAGs
[2026-05-03T00:20:54.625+0000] {logging_mixin.py:188} INFO - [2026-05-03T00:20:54.625+0000] {dag.py:3834} INFO - Setting next_dagrun for example_trigger_target_dag to None, run_after=None
[2026-05-03T00:20:54.635+0000] {processor.py:183} INFO - Processing /home/airflow/.local/lib/python3.8/site-packages/airflow/example_dags/example_trigger_target_dag.py took 0.044 seconds
[2026-05-03T00:26:55.321+0000] {processor.py:161} INFO - Started process (PID=2963) to work on /home/airflow/.local/lib/python3.8/site-packages/airflow/example_dags/example_trigger_target_dag.py
[2026-05-03T00:26:55.327+0000] {processor.py:830} INFO - Processing file /home/airflow/.local/lib/python3.8/site-packages/airflow/example_dags/example_trigger_target_dag.py for tasks to queue
[2026-05-03T00:26:55.337+0000] {logging_mixin.py:188} INFO - [2026-05-03T00:26:55.337+0000] {dagbag.py:540} INFO - Filling up the DagBag from /home/airflow/.local/lib/python3.8/site-packages/airflow/example_dags/example_trigger_target_dag.py
[2026-05-03T00:26:55.349+0000] {processor.py:840} INFO - DAG(s) 'example_trigger_target_dag' retrieved from /home/airflow/.local/lib/python3.8/site-packages/airflow/example_dags/example_trigger_target_dag.py
[2026-05-03T00:26:55.380+0000] {logging_mixin.py:188} INFO - [2026-05-03T00:26:55.380+0000] {dag.py:3047} INFO - Sync 1 DAGs
[2026-05-03T00:26:55.398+0000] {logging_mixin.py:188} INFO - [2026-05-03T00:26:55.398+0000] {dag.py:3834} INFO - Setting next_dagrun for example_trigger_target_dag to None, run_after=None
[2026-05-03T00:26:55.574+0000] {processor.py:183} INFO - Processing /home/airflow/.local/lib/python3.8/site-packages/airflow/example_dags/example_trigger_target_dag.py took 0.259 seconds
[2026-05-03T00:27:25.991+0000] {processor.py:161} INFO - Started process (PID=3019) to work on /home/airflow/.local/lib/python3.8/site-packages/airflow/example_dags/example_trigger_target_dag.py
[2026-05-03T00:27:25.992+0000] {processor.py:830} INFO - Processing file /home/airflow/.local/lib/python3.8/site-packages/airflow/example_dags/example_trigger_target_dag.py for tasks to queue
[2026-05-03T00:27:25.993+0000] {logging_mixin.py:188} INFO - [2026-05-03T00:27:25.993+0000] {dagbag.py:540} INFO - Filling up the DagBag from /home/airflow/.local/lib/python3.8/site-packages/airflow/example_dags/example_trigger_target_dag.py
[2026-05-03T00:27:25.999+0000] {processor.py:840} INFO - DAG(s) 'example_trigger_target_dag' retrieved from /home/airflow/.local/lib/python3.8/site-packages/airflow/example_dags/example_trigger_target_dag.py
[2026-05-03T00:27:26.012+0000] {logging_mixin.py:188} INFO - [2026-05-03T00:27:26.012+0000] {dag.py:3047} INFO - Sync 1 DAGs
[2026-05-03T00:27:26.019+0000] {logging_mixin.py:188} INFO - [2026-05-03T00:27:26.019+0000] {dag.py:3834} INFO - Setting next_dagrun for example_trigger_target_dag to None, run_after=None
[2026-05-03T00:27:26.030+0000] {processor.py:183} INFO - Processing /home/airflow/.local/lib/python3.8/site-packages/airflow/example_dags/example_trigger_target_dag.py took 0.042 seconds
[2026-05-03T00:27:56.379+0000] {processor.py:161} INFO - Started process (PID=3075) to work on /home/airflow/.local/lib/python3.8/site-packages/airflow/example_dags/example_trigger_target_dag.py
[2026-05-03T00:27:56.380+0000] {processor.py:830} INFO - Processing file /home/airflow/.local/lib/python3.8/site-packages/airflow/example_dags/example_trigger_target_dag.py for tasks to queue
[2026-05-03T00:27:56.382+0000] {logging_mixin.py:188} INFO - [2026-05-03T00:27:56.381+0000] {dagbag.py:540} INFO - Filling up the DagBag from /home/airflow/.local/lib/python3.8/site-packages/airflow/example_dags/example_trigger_target_dag.py
[2026-05-03T00:27:56.387+0000] {processor.py:840} INFO - DAG(s) 'example_trigger_target_dag' retrieved from /home/airflow/.local/lib/python3.8/site-packages/airflow/example_dags/example_trigger_target_dag.py
[2026-05-03T00:27:56.404+0000] {logging_mixin.py:188} INFO - [2026-05-03T00:27:56.403+0000] {dag.py:3047} INFO - Sync 1 DAGs
[2026-05-03T00:27:56.412+0000] {logging_mixin.py:188} INFO - [2026-05-03T00:27:56.411+0000] {dag.py:3834} INFO - Setting next_dagrun for example_trigger_target_dag to None, run_after=None
[2026-05-03T00:27:56.430+0000] {processor.py:183} INFO - Processing /home/airflow/.local/lib/python3.8/site-packages/airflow/example_dags/example_trigger_target_dag.py took 0.054 seconds
[2026-05-03T00:28:26.658+0000] {processor.py:161} INFO - Started process (PID=3131) to work on /home/airflow/.local/lib/python3.8/site-packages/airflow/example_dags/example_trigger_target_dag.py
[2026-05-03T00:28:26.659+0000] {processor.py:830} INFO - Processing file /home/airflow/.local/lib/python3.8/site-packages/airflow/example_dags/example_trigger_target_dag.py for tasks to queue
[2026-05-03T00:28:26.660+0000] {logging_mixin.py:188} INFO - [2026-05-03T00:28:26.660+0000] {dagbag.py:540} INFO - Filling up the DagBag from /home/airflow/.local/lib/python3.8/site-packages/airflow/example_dags/example_trigger_target_dag.py
[2026-05-03T00:28:26.664+0000] {processor.py:840} INFO - DAG(s) 'example_trigger_target_dag' retrieved from /home/airflow/.local/lib/python3.8/site-packages/airflow/example_dags/example_trigger_target_dag.py
[2026-05-03T00:28:26.678+0000] {logging_mixin.py:188} INFO - [2026-05-03T00:28:26.677+0000] {dag.py:3047} INFO - Sync 1 DAGs
[2026-05-03T00:28:26.686+0000] {logging_mixin.py:188} INFO - [2026-05-03T00:28:26.686+0000] {dag.py:3834} INFO - Setting next_dagrun for example_trigger_target_dag to None, run_after=None
[2026-05-03T00:28:26.699+0000] {processor.py:183} INFO - Processing /home/airflow/.local/lib/python3.8/site-packages/airflow/example_dags/example_trigger_target_dag.py took 0.044 seconds
[2026-05-03T00:28:56.983+0000] {processor.py:161} INFO - Started process (PID=3187) to work on /home/airflow/.local/lib/python3.8/site-packages/airflow/example_dags/example_trigger_target_dag.py
[2026-05-03T00:28:56.983+0000] {processor.py:830} INFO - Processing file /home/airflow/.local/lib/python3.8/site-packages/airflow/example_dags/example_trigger_target_dag.py for tasks to queue
[2026-05-03T00:28:56.985+0000] {logging_mixin.py:188} INFO - [2026-05-03T00:28:56.985+0000] {dagbag.py:540} INFO - Filling up the DagBag from /home/airflow/.local/lib/python3.8/site-packages/airflow/example_dags/example_trigger_target_dag.py
[2026-05-03T00:28:56.992+0000] {processor.py:840} INFO - DAG(s) 'example_trigger_target_dag' retrieved from /home/airflow/.local/lib/python3.8/site-packages/airflow/example_dags/example_trigger_target_dag.py
[2026-05-03T00:28:57.006+0000] {logging_mixin.py:188} INFO - [2026-05-03T00:28:57.006+0000] {dag.py:3047} INFO - Sync 1 DAGs
[2026-05-03T00:28:57.014+0000] {logging_mixin.py:188} INFO - [2026-05-03T00:28:57.014+0000] {dag.py:3834} INFO - Setting next_dagrun for example_trigger_target_dag to None, run_after=None
[2026-05-03T00:28:57.038+0000] {processor.py:183} INFO - Processing /home/airflow/.local/lib/python3.8/site-packages/airflow/example_dags/example_trigger_target_dag.py took 0.058 seconds
[2026-05-03T00:29:27.325+0000] {processor.py:161} INFO - Started process (PID=3243) to work on /home/airflow/.local/lib/python3.8/site-packages/airflow/example_dags/example_trigger_target_dag.py
[2026-05-03T00:29:27.325+0000] {processor.py:830} INFO - Processing file /home/airflow/.local/lib/python3.8/site-packages/airflow/example_dags/example_trigger_target_dag.py for tasks to queue
[2026-05-03T00:29:27.327+0000] {logging_mixin.py:188} INFO - [2026-05-03T00:29:27.326+0000] {dagbag.py:540} INFO - Filling up the DagBag from /home/airflow/.local/lib/python3.8/site-packages/airflow/example_dags/example_trigger_target_dag.py
[2026-05-03T00:29:27.331+0000] {processor.py:840} INFO - DAG(s) 'example_trigger_target_dag' retrieved from /home/airflow/.local/lib/python3.8/site-packages/airflow/example_dags/example_trigger_target_dag.py
[2026-05-03T00:29:27.350+0000] {logging_mixin.py:188} INFO - [2026-05-03T00:29:27.350+0000] {dag.py:3047} INFO - Sync 1 DAGs
[2026-05-03T00:29:27.360+0000] {logging_mixin.py:188} INFO - [2026-05-03T00:29:27.360+0000] {dag.py:3834} INFO - Setting next_dagrun for example_trigger_target_dag to None, run_after=None
[2026-05-03T00:29:27.376+0000] {processor.py:183} INFO - Processing /home/airflow/.local/lib/python3.8/site-packages/airflow/example_dags/example_trigger_target_dag.py took 0.054 seconds
[2026-05-03T00:29:57.594+0000] {processor.py:161} INFO - Started process (PID=3299) to work on /home/airflow/.local/lib/python3.8/site-packages/airflow/example_dags/example_trigger_target_dag.py
[2026-05-03T00:29:57.596+0000] {processor.py:830} INFO - Processing file /home/airflow/.local/lib/python3.8/site-packages/airflow/example_dags/example_trigger_target_dag.py for tasks to queue
[2026-05-03T00:29:57.598+0000] {logging_mixin.py:188} INFO - [2026-05-03T00:29:57.598+0000] {dagbag.py:540} INFO - Filling up the DagBag from /home/airflow/.local/lib/python3.8/site-packages/airflow/example_dags/example_trigger_target_dag.py
[2026-05-03T00:29:57.605+0000] {processor.py:840} INFO - DAG(s) 'example_trigger_target_dag' retrieved from /home/airflow/.local/lib/python3.8/site-packages/airflow/example_dags/example_trigger_target_dag.py
[2026-05-03T00:29:57.621+0000] {logging_mixin.py:188} INFO - [2026-05-03T00:29:57.621+0000] {dag.py:3047} INFO - Sync 1 DAGs
[2026-05-03T00:29:57.629+0000] {logging_mixin.py:188} INFO - [2026-05-03T00:29:57.629+0000] {dag.py:3834} INFO - Setting next_dagrun for example_trigger_target_dag to None, run_after=None
[2026-05-03T00:29:57.651+0000] {processor.py:183} INFO - Processing /home/airflow/.local/lib/python3.8/site-packages/airflow/example_dags/example_trigger_target_dag.py took 0.060 seconds
[2026-05-03T00:30:27.847+0000] {processor.py:161} INFO - Started process (PID=3355) to work on /home/airflow/.local/lib/python3.8/site-packages/airflow/example_dags/example_trigger_target_dag.py
[2026-05-03T00:30:27.850+0000] {processor.py:830} INFO - Processing file /home/airflow/.local/lib/python3.8/site-packages/airflow/example_dags/example_trigger_target_dag.py for tasks to queue
[2026-05-03T00:30:27.852+0000] {logging_mixin.py:188} INFO - [2026-05-03T00:30:27.852+0000] {dagbag.py:540} INFO - Filling up the DagBag from /home/airflow/.local/lib/python3.8/site-packages/airflow/example_dags/example_trigger_target_dag.py
[2026-05-03T00:30:27.856+0000] {processor.py:840} INFO - DAG(s) 'example_trigger_target_dag' retrieved from /home/airflow/.local/lib/python3.8/site-packages/airflow/example_dags/example_trigger_target_dag.py
[2026-05-03T00:30:27.870+0000] {logging_mixin.py:188} INFO - [2026-05-03T00:30:27.869+0000] {dag.py:3047} INFO - Sync 1 DAGs
[2026-05-03T00:30:27.877+0000] {logging_mixin.py:188} INFO - [2026-05-03T00:30:27.877+0000] {dag.py:3834} INFO - Setting next_dagrun for example_trigger_target_dag to None, run_after=None
[2026-05-03T00:30:27.893+0000] {processor.py:183} INFO - Processing /home/airflow/.local/lib/python3.8/site-packages/airflow/example_dags/example_trigger_target_dag.py took 0.049 seconds
[2026-05-03T00:30:58.034+0000] {processor.py:161} INFO - Started process (PID=3411) to work on /home/airflow/.local/lib/python3.8/site-packages/airflow/example_dags/example_trigger_target_dag.py
[2026-05-03T00:30:58.036+0000] {processor.py:830} INFO - Processing file /home/airflow/.local/lib/python3.8/site-packages/airflow/example_dags/example_trigger_target_dag.py for tasks to queue
[2026-05-03T00:30:58.037+0000] {logging_mixin.py:188} INFO - [2026-05-03T00:30:58.037+0000] {dagbag.py:540} INFO - Filling up the DagBag from /home/airflow/.local/lib/python3.8/site-packages/airflow/example_dags/example_trigger_target_dag.py
[2026-05-03T00:30:58.042+0000] {processor.py:840} INFO - DAG(s) 'example_trigger_target_dag' retrieved from /home/airflow/.local/lib/python3.8/site-packages/airflow/example_dags/example_trigger_target_dag.py
[2026-05-03T00:30:58.062+0000] {logging_mixin.py:188} INFO - [2026-05-03T00:30:58.062+0000] {dag.py:3047} INFO - Sync 1 DAGs
[2026-05-03T00:30:58.073+0000] {logging_mixin.py:188} INFO - [2026-05-03T00:30:58.072+0000] {dag.py:3834} INFO - Setting next_dagrun for example_trigger_target_dag to None, run_after=None
[2026-05-03T00:30:58.086+0000] {processor.py:183} INFO - Processing /home/airflow/.local/lib/python3.8/site-packages/airflow/example_dags/example_trigger_target_dag.py took 0.054 seconds
[2026-05-03T00:31:29.359+0000] {processor.py:161} INFO - Started process (PID=3467) to work on /home/airflow/.local/lib/python3.8/site-packages/airflow/example_dags/example_trigger_target_dag.py
[2026-05-03T00:31:29.362+0000] {processor.py:830} INFO - Processing file /home/airflow/.local/lib/python3.8/site-packages/airflow/example_dags/example_trigger_target_dag.py for tasks to queue
[2026-05-03T00:31:29.364+0000] {logging_mixin.py:188} INFO - [2026-05-03T00:31:29.364+0000] {dagbag.py:540} INFO - Filling up the DagBag from /home/airflow/.local/lib/python3.8/site-packages/airflow/example_dags/example_trigger_target_dag.py
[2026-05-03T00:31:29.372+0000] {processor.py:840} INFO - DAG(s) 'example_trigger_target_dag' retrieved from /home/airflow/.local/lib/python3.8/site-packages/airflow/example_dags/example_trigger_target_dag.py
[2026-05-03T00:31:29.398+0000] {logging_mixin.py:188} INFO - [2026-05-03T00:31:29.398+0000] {dag.py:3047} INFO - Sync 1 DAGs
[2026-05-03T00:31:29.409+0000] {logging_mixin.py:188} INFO - [2026-05-03T00:31:29.409+0000] {dag.py:3834} INFO - Setting next_dagrun for example_trigger_target_dag to None, run_after=None
[2026-05-03T00:31:29.427+0000] {processor.py:183} INFO - Processing /home/airflow/.local/lib/python3.8/site-packages/airflow/example_dags/example_trigger_target_dag.py took 0.071 seconds
[2026-05-03T00:31:59.938+0000] {processor.py:161} INFO - Started process (PID=3523) to work on /home/airflow/.local/lib/python3.8/site-packages/airflow/example_dags/example_trigger_target_dag.py
[2026-05-03T00:31:59.940+0000] {processor.py:830} INFO - Processing file /home/airflow/.local/lib/python3.8/site-packages/airflow/example_dags/example_trigger_target_dag.py for tasks to queue
[2026-05-03T00:31:59.943+0000] {logging_mixin.py:188} INFO - [2026-05-03T00:31:59.942+0000] {dagbag.py:540} INFO - Filling up the DagBag from /home/airflow/.local/lib/python3.8/site-packages/airflow/example_dags/example_trigger_target_dag.py
[2026-05-03T00:31:59.949+0000] {processor.py:840} INFO - DAG(s) 'example_trigger_target_dag' retrieved from /home/airflow/.local/lib/python3.8/site-packages/airflow/example_dags/example_trigger_target_dag.py
[2026-05-03T00:31:59.965+0000] {logging_mixin.py:188} INFO - [2026-05-03T00:31:59.965+0000] {dag.py:3047} INFO - Sync 1 DAGs
[2026-05-03T00:31:59.975+0000] {logging_mixin.py:188} INFO - [2026-05-03T00:31:59.975+0000] {dag.py:3834} INFO - Setting next_dagrun for example_trigger_target_dag to None, run_after=None
[2026-05-03T00:31:59.991+0000] {processor.py:183} INFO - Processing /home/airflow/.local/lib/python3.8/site-packages/airflow/example_dags/example_trigger_target_dag.py took 0.056 seconds
[2026-05-03T00:32:30.215+0000] {processor.py:161} INFO - Started process (PID=3579) to work on /home/airflow/.local/lib/python3.8/site-packages/airflow/example_dags/example_trigger_target_dag.py
[2026-05-03T00:32:30.217+0000] {processor.py:830} INFO - Processing file /home/airflow/.local/lib/python3.8/site-packages/airflow/example_dags/example_trigger_target_dag.py for tasks to queue
[2026-05-03T00:32:30.218+0000] {logging_mixin.py:188} INFO - [2026-05-03T00:32:30.218+0000] {dagbag.py:540} INFO - Filling up the DagBag from /home/airflow/.local/lib/python3.8/site-packages/airflow/example_dags/example_trigger_target_dag.py
[2026-05-03T00:32:30.222+0000] {processor.py:840} INFO - DAG(s) 'example_trigger_target_dag' retrieved from /home/airflow/.local/lib/python3.8/site-packages/airflow/example_dags/example_trigger_target_dag.py
[2026-05-03T00:32:30.237+0000] {logging_mixin.py:188} INFO - [2026-05-03T00:32:30.237+0000] {dag.py:3047} INFO - Sync 1 DAGs
[2026-05-03T00:32:30.247+0000] {logging_mixin.py:188} INFO - [2026-05-03T00:32:30.247+0000] {dag.py:3834} INFO - Setting next_dagrun for example_trigger_target_dag to None, run_after=None
[2026-05-03T00:32:30.258+0000] {processor.py:183} INFO - Processing /home/airflow/.local/lib/python3.8/site-packages/airflow/example_dags/example_trigger_target_dag.py took 0.045 seconds
[2026-05-03T00:33:00.428+0000] {processor.py:161} INFO - Started process (PID=3635) to work on /home/airflow/.local/lib/python3.8/site-packages/airflow/example_dags/example_trigger_target_dag.py
[2026-05-03T00:33:00.431+0000] {processor.py:830} INFO - Processing file /home/airflow/.local/lib/python3.8/site-packages/airflow/example_dags/example_trigger_target_dag.py for tasks to queue
[2026-05-03T00:33:00.432+0000] {logging_mixin.py:188} INFO - [2026-05-03T00:33:00.432+0000] {dagbag.py:540} INFO - Filling up the DagBag from /home/airflow/.local/lib/python3.8/site-packages/airflow/example_dags/example_trigger_target_dag.py
[2026-05-03T00:33:00.438+0000] {processor.py:840} INFO - DAG(s) 'example_trigger_target_dag' retrieved from /home/airflow/.local/lib/python3.8/site-packages/airflow/example_dags/example_trigger_target_dag.py
[2026-05-03T00:33:00.452+0000] {logging_mixin.py:188} INFO - [2026-05-03T00:33:00.452+0000] {dag.py:3047} INFO - Sync 1 DAGs
[2026-05-03T00:33:00.460+0000] {logging_mixin.py:188} INFO - [2026-05-03T00:33:00.460+0000] {dag.py:3834} INFO - Setting next_dagrun for example_trigger_target_dag to None, run_after=None
[2026-05-03T00:33:00.473+0000] {processor.py:183} INFO - Processing /home/airflow/.local/lib/python3.8/site-packages/airflow/example_dags/example_trigger_target_dag.py took 0.048 seconds
[2026-05-03T00:33:31.079+0000] {processor.py:161} INFO - Started process (PID=3691) to work on /home/airflow/.local/lib/python3.8/site-packages/airflow/example_dags/example_trigger_target_dag.py
[2026-05-03T00:33:31.080+0000] {processor.py:830} INFO - Processing file /home/airflow/.local/lib/python3.8/site-packages/airflow/example_dags/example_trigger_target_dag.py for tasks to queue
[2026-05-03T00:33:31.082+0000] {logging_mixin.py:188} INFO - [2026-05-03T00:33:31.082+0000] {dagbag.py:540} INFO - Filling up the DagBag from /home/airflow/.local/lib/python3.8/site-packages/airflow/example_dags/example_trigger_target_dag.py
[2026-05-03T00:33:31.086+0000] {processor.py:840} INFO - DAG(s) 'example_trigger_target_dag' retrieved from /home/airflow/.local/lib/python3.8/site-packages/airflow/example_dags/example_trigger_target_dag.py
[2026-05-03T00:33:31.103+0000] {logging_mixin.py:188} INFO - [2026-05-03T00:33:31.102+0000] {dag.py:3047} INFO - Sync 1 DAGs
[2026-05-03T00:33:31.112+0000] {logging_mixin.py:188} INFO - [2026-05-03T00:33:31.112+0000] {dag.py:3834} INFO - Setting next_dagrun for example_trigger_target_dag to None, run_after=None
[2026-05-03T00:33:31.128+0000] {processor.py:183} INFO - Processing /home/airflow/.local/lib/python3.8/site-packages/airflow/example_dags/example_trigger_target_dag.py took 0.052 seconds
[2026-05-03T00:34:01.589+0000] {processor.py:161} INFO - Started process (PID=3747) to work on /home/airflow/.local/lib/python3.8/site-packages/airflow/example_dags/example_trigger_target_dag.py
[2026-05-03T00:34:01.590+0000] {processor.py:830} INFO - Processing file /home/airflow/.local/lib/python3.8/site-packages/airflow/example_dags/example_trigger_target_dag.py for tasks to queue
[2026-05-03T00:34:01.592+0000] {logging_mixin.py:188} INFO - [2026-05-03T00:34:01.592+0000] {dagbag.py:540} INFO - Filling up the DagBag from /home/airflow/.local/lib/python3.8/site-packages/airflow/example_dags/example_trigger_target_dag.py
[2026-05-03T00:34:01.597+0000] {processor.py:840} INFO - DAG(s) 'example_trigger_target_dag' retrieved from /home/airflow/.local/lib/python3.8/site-packages/airflow/example_dags/example_trigger_target_dag.py
[2026-05-03T00:34:01.620+0000] {logging_mixin.py:188} INFO - [2026-05-03T00:34:01.620+0000] {dag.py:3047} INFO - Sync 1 DAGs
[2026-05-03T00:34:01.633+0000] {logging_mixin.py:188} INFO - [2026-05-03T00:34:01.633+0000] {dag.py:3834} INFO - Setting next_dagrun for example_trigger_target_dag to None, run_after=None
[2026-05-03T00:34:01.646+0000] {processor.py:183} INFO - Processing /home/airflow/.local/lib/python3.8/site-packages/airflow/example_dags/example_trigger_target_dag.py took 0.059 seconds
[2026-05-03T00:34:31.861+0000] {processor.py:161} INFO - Started process (PID=3803) to work on /home/airflow/.local/lib/python3.8/site-packages/airflow/example_dags/example_trigger_target_dag.py
[2026-05-03T00:34:31.862+0000] {processor.py:830} INFO - Processing file /home/airflow/.local/lib/python3.8/site-packages/airflow/example_dags/example_trigger_target_dag.py for tasks to queue
[2026-05-03T00:34:31.864+0000] {logging_mixin.py:188} INFO - [2026-05-03T00:34:31.864+0000] {dagbag.py:540} INFO - Filling up the DagBag from /home/airflow/.local/lib/python3.8/site-packages/airflow/example_dags/example_trigger_target_dag.py
[2026-05-03T00:34:31.869+0000] {processor.py:840} INFO - DAG(s) 'example_trigger_target_dag' retrieved from /home/airflow/.local/lib/python3.8/site-packages/airflow/example_dags/example_trigger_target_dag.py
[2026-05-03T00:34:31.886+0000] {logging_mixin.py:188} INFO - [2026-05-03T00:34:31.886+0000] {dag.py:3047} INFO - Sync 1 DAGs
[2026-05-03T00:34:31.893+0000] {logging_mixin.py:188} INFO - [2026-05-03T00:34:31.893+0000] {dag.py:3834} INFO - Setting next_dagrun for example_trigger_target_dag to None, run_after=None
[2026-05-03T00:34:31.904+0000] {processor.py:183} INFO - Processing /home/airflow/.local/lib/python3.8/site-packages/airflow/example_dags/example_trigger_target_dag.py took 0.046 seconds
[2026-05-03T00:35:02.069+0000] {processor.py:161} INFO - Started process (PID=3859) to work on /home/airflow/.local/lib/python3.8/site-packages/airflow/example_dags/example_trigger_target_dag.py
[2026-05-03T00:35:02.070+0000] {processor.py:830} INFO - Processing file /home/airflow/.local/lib/python3.8/site-packages/airflow/example_dags/example_trigger_target_dag.py for tasks to queue
[2026-05-03T00:35:02.071+0000] {logging_mixin.py:188} INFO - [2026-05-03T00:35:02.071+0000] {dagbag.py:540} INFO - Filling up the DagBag from /home/airflow/.local/lib/python3.8/site-packages/airflow/example_dags/example_trigger_target_dag.py
[2026-05-03T00:35:02.075+0000] {processor.py:840} INFO - DAG(s) 'example_trigger_target_dag' retrieved from /home/airflow/.local/lib/python3.8/site-packages/airflow/example_dags/example_trigger_target_dag.py
[2026-05-03T00:35:02.088+0000] {logging_mixin.py:188} INFO - [2026-05-03T00:35:02.088+0000] {dag.py:3047} INFO - Sync 1 DAGs
[2026-05-03T00:35:02.096+0000] {logging_mixin.py:188} INFO - [2026-05-03T00:35:02.096+0000] {dag.py:3834} INFO - Setting next_dagrun for example_trigger_target_dag to None, run_after=None
[2026-05-03T00:35:02.106+0000] {processor.py:183} INFO - Processing /home/airflow/.local/lib/python3.8/site-packages/airflow/example_dags/example_trigger_target_dag.py took 0.039 seconds
[2026-05-03T00:35:32.415+0000] {processor.py:161} INFO - Started process (PID=3915) to work on /home/airflow/.local/lib/python3.8/site-packages/airflow/example_dags/example_trigger_target_dag.py
[2026-05-03T00:35:32.416+0000] {processor.py:830} INFO - Processing file /home/airflow/.local/lib/python3.8/site-packages/airflow/example_dags/example_trigger_target_dag.py for tasks to queue
[2026-05-03T00:35:32.418+0000] {logging_mixin.py:188} INFO - [2026-05-03T00:35:32.417+0000] {dagbag.py:540} INFO - Filling up the DagBag from /home/airflow/.local/lib/python3.8/site-packages/airflow/example_dags/example_trigger_target_dag.py
[2026-05-03T00:35:32.422+0000] {processor.py:840} INFO - DAG(s) 'example_trigger_target_dag' retrieved from /home/airflow/.local/lib/python3.8/site-packages/airflow/example_dags/example_trigger_target_dag.py
[2026-05-03T00:35:32.439+0000] {logging_mixin.py:188} INFO - [2026-05-03T00:35:32.439+0000] {dag.py:3047} INFO - Sync 1 DAGs
[2026-05-03T00:35:32.450+0000] {logging_mixin.py:188} INFO - [2026-05-03T00:35:32.450+0000] {dag.py:3834} INFO - Setting next_dagrun for example_trigger_target_dag to None, run_after=None
[2026-05-03T00:35:32.466+0000] {processor.py:183} INFO - Processing /home/airflow/.local/lib/python3.8/site-packages/airflow/example_dags/example_trigger_target_dag.py took 0.053 seconds
[2026-05-03T00:36:03.115+0000] {processor.py:161} INFO - Started process (PID=3971) to work on /home/airflow/.local/lib/python3.8/site-packages/airflow/example_dags/example_trigger_target_dag.py
[2026-05-03T00:36:03.119+0000] {processor.py:830} INFO - Processing file /home/airflow/.local/lib/python3.8/site-packages/airflow/example_dags/example_trigger_target_dag.py for tasks to queue
[2026-05-03T00:36:03.120+0000] {logging_mixin.py:188} INFO - [2026-05-03T00:36:03.120+0000] {dagbag.py:540} INFO - Filling up the DagBag from /home/airflow/.local/lib/python3.8/site-packages/airflow/example_dags/example_trigger_target_dag.py
[2026-05-03T00:36:03.124+0000] {processor.py:840} INFO - DAG(s) 'example_trigger_target_dag' retrieved from /home/airflow/.local/lib/python3.8/site-packages/airflow/example_dags/example_trigger_target_dag.py
[2026-05-03T00:36:03.137+0000] {logging_mixin.py:188} INFO - [2026-05-03T00:36:03.137+0000] {dag.py:3047} INFO - Sync 1 DAGs
[2026-05-03T00:36:03.150+0000] {logging_mixin.py:188} INFO - [2026-05-03T00:36:03.149+0000] {dag.py:3834} INFO - Setting next_dagrun for example_trigger_target_dag to None, run_after=None
[2026-05-03T00:36:03.165+0000] {processor.py:183} INFO - Processing /home/airflow/.local/lib/python3.8/site-packages/airflow/example_dags/example_trigger_target_dag.py took 0.053 seconds
[2026-05-03T00:36:33.368+0000] {processor.py:161} INFO - Started process (PID=4027) to work on /home/airflow/.local/lib/python3.8/site-packages/airflow/example_dags/example_trigger_target_dag.py
[2026-05-03T00:36:33.369+0000] {processor.py:830} INFO - Processing file /home/airflow/.local/lib/python3.8/site-packages/airflow/example_dags/example_trigger_target_dag.py for tasks to queue
[2026-05-03T00:36:33.371+0000] {logging_mixin.py:188} INFO - [2026-05-03T00:36:33.371+0000] {dagbag.py:540} INFO - Filling up the DagBag from /home/airflow/.local/lib/python3.8/site-packages/airflow/example_dags/example_trigger_target_dag.py
[2026-05-03T00:36:33.375+0000] {processor.py:840} INFO - DAG(s) 'example_trigger_target_dag' retrieved from /home/airflow/.local/lib/python3.8/site-packages/airflow/example_dags/example_trigger_target_dag.py
[2026-05-03T00:36:33.391+0000] {logging_mixin.py:188} INFO - [2026-05-03T00:36:33.391+0000] {dag.py:3047} INFO - Sync 1 DAGs
[2026-05-03T00:36:33.399+0000] {logging_mixin.py:188} INFO - [2026-05-03T00:36:33.399+0000] {dag.py:3834} INFO - Setting next_dagrun for example_trigger_target_dag to None, run_after=None
[2026-05-03T00:36:33.412+0000] {processor.py:183} INFO - Processing /home/airflow/.local/lib/python3.8/site-packages/airflow/example_dags/example_trigger_target_dag.py took 0.047 seconds
[2026-05-03T00:37:03.789+0000] {processor.py:161} INFO - Started process (PID=4083) to work on /home/airflow/.local/lib/python3.8/site-packages/airflow/example_dags/example_trigger_target_dag.py
[2026-05-03T00:37:03.792+0000] {processor.py:830} INFO - Processing file /home/airflow/.local/lib/python3.8/site-packages/airflow/example_dags/example_trigger_target_dag.py for tasks to queue
[2026-05-03T00:37:03.793+0000] {logging_mixin.py:188} INFO - [2026-05-03T00:37:03.793+0000] {dagbag.py:540} INFO - Filling up the DagBag from /home/airflow/.local/lib/python3.8/site-packages/airflow/example_dags/example_trigger_target_dag.py
[2026-05-03T00:37:03.797+0000] {processor.py:840} INFO - DAG(s) 'example_trigger_target_dag' retrieved from /home/airflow/.local/lib/python3.8/site-packages/airflow/example_dags/example_trigger_target_dag.py
[2026-05-03T00:37:03.811+0000] {logging_mixin.py:188} INFO - [2026-05-03T00:37:03.811+0000] {dag.py:3047} INFO - Sync 1 DAGs
[2026-05-03T00:37:03.821+0000] {logging_mixin.py:188} INFO - [2026-05-03T00:37:03.821+0000] {dag.py:3834} INFO - Setting next_dagrun for example_trigger_target_dag to None, run_after=None
[2026-05-03T00:37:03.839+0000] {processor.py:183} INFO - Processing /home/airflow/.local/lib/python3.8/site-packages/airflow/example_dags/example_trigger_target_dag.py took 0.052 seconds
[2026-05-03T00:37:34.367+0000] {processor.py:161} INFO - Started process (PID=4139) to work on /home/airflow/.local/lib/python3.8/site-packages/airflow/example_dags/example_trigger_target_dag.py
[2026-05-03T00:37:34.368+0000] {processor.py:830} INFO - Processing file /home/airflow/.local/lib/python3.8/site-packages/airflow/example_dags/example_trigger_target_dag.py for tasks to queue
[2026-05-03T00:37:34.371+0000] {logging_mixin.py:188} INFO - [2026-05-03T00:37:34.370+0000] {dagbag.py:540} INFO - Filling up the DagBag from /home/airflow/.local/lib/python3.8/site-packages/airflow/example_dags/example_trigger_target_dag.py
[2026-05-03T00:37:34.375+0000] {processor.py:840} INFO - DAG(s) 'example_trigger_target_dag' retrieved from /home/airflow/.local/lib/python3.8/site-packages/airflow/example_dags/example_trigger_target_dag.py
[2026-05-03T00:37:34.392+0000] {logging_mixin.py:188} INFO - [2026-05-03T00:37:34.391+0000] {dag.py:3047} INFO - Sync 1 DAGs
[2026-05-03T00:37:34.402+0000] {logging_mixin.py:188} INFO - [2026-05-03T00:37:34.402+0000] {dag.py:3834} INFO - Setting next_dagrun for example_trigger_target_dag to None, run_after=None
[2026-05-03T00:37:34.418+0000] {processor.py:183} INFO - Processing /home/airflow/.local/lib/python3.8/site-packages/airflow/example_dags/example_trigger_target_dag.py took 0.053 seconds
[2026-05-03T00:38:04.780+0000] {processor.py:161} INFO - Started process (PID=4195) to work on /home/airflow/.local/lib/python3.8/site-packages/airflow/example_dags/example_trigger_target_dag.py
[2026-05-03T00:38:04.785+0000] {processor.py:830} INFO - Processing file /home/airflow/.local/lib/python3.8/site-packages/airflow/example_dags/example_trigger_target_dag.py for tasks to queue
[2026-05-03T00:38:04.786+0000] {logging_mixin.py:188} INFO - [2026-05-03T00:38:04.786+0000] {dagbag.py:540} INFO - Filling up the DagBag from /home/airflow/.local/lib/python3.8/site-packages/airflow/example_dags/example_trigger_target_dag.py
[2026-05-03T00:38:04.792+0000] {processor.py:840} INFO - DAG(s) 'example_trigger_target_dag' retrieved from /home/airflow/.local/lib/python3.8/site-packages/airflow/example_dags/example_trigger_target_dag.py
[2026-05-03T00:38:04.809+0000] {logging_mixin.py:188} INFO - [2026-05-03T00:38:04.809+0000] {dag.py:3047} INFO - Sync 1 DAGs
[2026-05-03T00:38:04.817+0000] {logging_mixin.py:188} INFO - [2026-05-03T00:38:04.817+0000] {dag.py:3834} INFO - Setting next_dagrun for example_trigger_target_dag to None, run_after=None
[2026-05-03T00:38:04.836+0000] {processor.py:183} INFO - Processing /home/airflow/.local/lib/python3.8/site-packages/airflow/example_dags/example_trigger_target_dag.py took 0.059 seconds
[2026-05-03T00:38:35.266+0000] {processor.py:161} INFO - Started process (PID=4251) to work on /home/airflow/.local/lib/python3.8/site-packages/airflow/example_dags/example_trigger_target_dag.py
[2026-05-03T00:38:35.268+0000] {processor.py:830} INFO - Processing file /home/airflow/.local/lib/python3.8/site-packages/airflow/example_dags/example_trigger_target_dag.py for tasks to queue
[2026-05-03T00:38:35.269+0000] {logging_mixin.py:188} INFO - [2026-05-03T00:38:35.269+0000] {dagbag.py:540} INFO - Filling up the DagBag from /home/airflow/.local/lib/python3.8/site-packages/airflow/example_dags/example_trigger_target_dag.py
[2026-05-03T00:38:35.274+0000] {processor.py:840} INFO - DAG(s) 'example_trigger_target_dag' retrieved from /home/airflow/.local/lib/python3.8/site-packages/airflow/example_dags/example_trigger_target_dag.py
[2026-05-03T00:38:35.287+0000] {logging_mixin.py:188} INFO - [2026-05-03T00:38:35.287+0000] {dag.py:3047} INFO - Sync 1 DAGs
[2026-05-03T00:38:35.295+0000] {logging_mixin.py:188} INFO - [2026-05-03T00:38:35.295+0000] {dag.py:3834} INFO - Setting next_dagrun for example_trigger_target_dag to None, run_after=None
[2026-05-03T00:38:35.307+0000] {processor.py:183} INFO - Processing /home/airflow/.local/lib/python3.8/site-packages/airflow/example_dags/example_trigger_target_dag.py took 0.043 seconds
[2026-05-03T00:39:05.573+0000] {processor.py:161} INFO - Started process (PID=4307) to work on /home/airflow/.local/lib/python3.8/site-packages/airflow/example_dags/example_trigger_target_dag.py
[2026-05-03T00:39:05.575+0000] {processor.py:830} INFO - Processing file /home/airflow/.local/lib/python3.8/site-packages/airflow/example_dags/example_trigger_target_dag.py for tasks to queue
[2026-05-03T00:39:05.576+0000] {logging_mixin.py:188} INFO - [2026-05-03T00:39:05.576+0000] {dagbag.py:540} INFO - Filling up the DagBag from /home/airflow/.local/lib/python3.8/site-packages/airflow/example_dags/example_trigger_target_dag.py
[2026-05-03T00:39:05.581+0000] {processor.py:840} INFO - DAG(s) 'example_trigger_target_dag' retrieved from /home/airflow/.local/lib/python3.8/site-packages/airflow/example_dags/example_trigger_target_dag.py
[2026-05-03T00:39:05.595+0000] {logging_mixin.py:188} INFO - [2026-05-03T00:39:05.595+0000] {dag.py:3047} INFO - Sync 1 DAGs
[2026-05-03T00:39:05.605+0000] {logging_mixin.py:188} INFO - [2026-05-03T00:39:05.605+0000] {dag.py:3834} INFO - Setting next_dagrun for example_trigger_target_dag to None, run_after=None
[2026-05-03T00:39:05.622+0000] {processor.py:183} INFO - Processing /home/airflow/.local/lib/python3.8/site-packages/airflow/example_dags/example_trigger_target_dag.py took 0.051 seconds
[2026-05-03T00:39:36.231+0000] {processor.py:161} INFO - Started process (PID=4363) to work on /home/airflow/.local/lib/python3.8/site-packages/airflow/example_dags/example_trigger_target_dag.py
[2026-05-03T00:39:36.233+0000] {processor.py:830} INFO - Processing file /home/airflow/.local/lib/python3.8/site-packages/airflow/example_dags/example_trigger_target_dag.py for tasks to queue
[2026-05-03T00:39:36.237+0000] {logging_mixin.py:188} INFO - [2026-05-03T00:39:36.237+0000] {dagbag.py:540} INFO - Filling up the DagBag from /home/airflow/.local/lib/python3.8/site-packages/airflow/example_dags/example_trigger_target_dag.py
[2026-05-03T00:39:36.244+0000] {processor.py:840} INFO - DAG(s) 'example_trigger_target_dag' retrieved from /home/airflow/.local/lib/python3.8/site-packages/airflow/example_dags/example_trigger_target_dag.py
[2026-05-03T00:39:36.264+0000] {logging_mixin.py:188} INFO - [2026-05-03T00:39:36.264+0000] {dag.py:3047} INFO - Sync 1 DAGs
[2026-05-03T00:39:36.274+0000] {logging_mixin.py:188} INFO - [2026-05-03T00:39:36.273+0000] {dag.py:3834} INFO - Setting next_dagrun for example_trigger_target_dag to None, run_after=None
[2026-05-03T00:39:36.288+0000] {processor.py:183} INFO - Processing /home/airflow/.local/lib/python3.8/site-packages/airflow/example_dags/example_trigger_target_dag.py took 0.061 seconds
