[2026-05-03T00:02:02.191+0000] {processor.py:161} INFO - Started process (PID=2790) to work on /home/airflow/.local/lib/python3.8/site-packages/airflow/example_dags/example_branch_day_of_week_operator.py
[2026-05-03T00:02:02.192+0000] {processor.py:830} INFO - Processing file /home/airflow/.local/lib/python3.8/site-packages/airflow/example_dags/example_branch_day_of_week_operator.py for tasks to queue
[2026-05-03T00:02:02.193+0000] {logging_mixin.py:188} INFO - [2026-05-03T00:02:02.193+0000] {dagbag.py:540} INFO - Filling up the DagBag from /home/airflow/.local/lib/python3.8/site-packages/airflow/example_dags/example_branch_day_of_week_operator.py
[2026-05-03T00:02:02.199+0000] {processor.py:840} INFO - DAG(s) 'example_weekday_branch_operator' retrieved from /home/airflow/.local/lib/python3.8/site-packages/airflow/example_dags/example_branch_day_of_week_operator.py
[2026-05-03T00:02:02.215+0000] {logging_mixin.py:188} INFO - [2026-05-03T00:02:02.215+0000] {dag.py:3047} INFO - Sync 1 DAGs
[2026-05-03T00:02:02.232+0000] {logging_mixin.py:188} INFO - [2026-05-03T00:02:02.232+0000] {dag.py:3834} INFO - Setting next_dagrun for example_weekday_branch_operator to 2026-05-02 00:00:00+00:00, run_after=2026-05-03 00:00:00+00:00
[2026-05-03T00:02:02.250+0000] {processor.py:183} INFO - Processing /home/airflow/.local/lib/python3.8/site-packages/airflow/example_dags/example_branch_day_of_week_operator.py took 0.062 seconds
[2026-05-03T00:11:42.600+0000] {processor.py:161} INFO - Started process (PID=2846) to work on /home/airflow/.local/lib/python3.8/site-packages/airflow/example_dags/example_branch_day_of_week_operator.py
[2026-05-03T00:11:42.601+0000] {processor.py:830} INFO - Processing file /home/airflow/.local/lib/python3.8/site-packages/airflow/example_dags/example_branch_day_of_week_operator.py for tasks to queue
[2026-05-03T00:11:42.604+0000] {logging_mixin.py:188} INFO - [2026-05-03T00:11:42.603+0000] {dagbag.py:540} INFO - Filling up the DagBag from /home/airflow/.local/lib/python3.8/site-packages/airflow/example_dags/example_branch_day_of_week_operator.py
[2026-05-03T00:11:42.609+0000] {processor.py:840} INFO - DAG(s) 'example_weekday_branch_operator' retrieved from /home/airflow/.local/lib/python3.8/site-packages/airflow/example_dags/example_branch_day_of_week_operator.py
[2026-05-03T00:11:42.623+0000] {logging_mixin.py:188} INFO - [2026-05-03T00:11:42.623+0000] {dag.py:3047} INFO - Sync 1 DAGs
[2026-05-03T00:11:42.638+0000] {logging_mixin.py:188} INFO - [2026-05-03T00:11:42.637+0000] {dag.py:3834} INFO - Setting next_dagrun for example_weekday_branch_operator to 2026-05-02 00:00:00+00:00, run_after=2026-05-03 00:00:00+00:00
[2026-05-03T00:11:42.648+0000] {processor.py:183} INFO - Processing /home/airflow/.local/lib/python3.8/site-packages/airflow/example_dags/example_branch_day_of_week_operator.py took 0.050 seconds
[2026-05-03T00:20:54.410+0000] {processor.py:161} INFO - Started process (PID=2902) to work on /home/airflow/.local/lib/python3.8/site-packages/airflow/example_dags/example_branch_day_of_week_operator.py
[2026-05-03T00:20:54.413+0000] {processor.py:830} INFO - Processing file /home/airflow/.local/lib/python3.8/site-packages/airflow/example_dags/example_branch_day_of_week_operator.py for tasks to queue
[2026-05-03T00:20:54.414+0000] {logging_mixin.py:188} INFO - [2026-05-03T00:20:54.414+0000] {dagbag.py:540} INFO - Filling up the DagBag from /home/airflow/.local/lib/python3.8/site-packages/airflow/example_dags/example_branch_day_of_week_operator.py
[2026-05-03T00:20:54.420+0000] {processor.py:840} INFO - DAG(s) 'example_weekday_branch_operator' retrieved from /home/airflow/.local/lib/python3.8/site-packages/airflow/example_dags/example_branch_day_of_week_operator.py
[2026-05-03T00:20:54.434+0000] {logging_mixin.py:188} INFO - [2026-05-03T00:20:54.434+0000] {dag.py:3047} INFO - Sync 1 DAGs
[2026-05-03T00:20:54.449+0000] {logging_mixin.py:188} INFO - [2026-05-03T00:20:54.449+0000] {dag.py:3834} INFO - Setting next_dagrun for example_weekday_branch_operator to 2026-05-02 00:00:00+00:00, run_after=2026-05-03 00:00:00+00:00
[2026-05-03T00:20:54.461+0000] {processor.py:183} INFO - Processing /home/airflow/.local/lib/python3.8/site-packages/airflow/example_dags/example_branch_day_of_week_operator.py took 0.053 seconds
[2026-05-03T00:26:54.690+0000] {processor.py:161} INFO - Started process (PID=2958) to work on /home/airflow/.local/lib/python3.8/site-packages/airflow/example_dags/example_branch_day_of_week_operator.py
[2026-05-03T00:26:54.691+0000] {processor.py:830} INFO - Processing file /home/airflow/.local/lib/python3.8/site-packages/airflow/example_dags/example_branch_day_of_week_operator.py for tasks to queue
[2026-05-03T00:26:54.693+0000] {logging_mixin.py:188} INFO - [2026-05-03T00:26:54.693+0000] {dagbag.py:540} INFO - Filling up the DagBag from /home/airflow/.local/lib/python3.8/site-packages/airflow/example_dags/example_branch_day_of_week_operator.py
[2026-05-03T00:26:54.699+0000] {processor.py:840} INFO - DAG(s) 'example_weekday_branch_operator' retrieved from /home/airflow/.local/lib/python3.8/site-packages/airflow/example_dags/example_branch_day_of_week_operator.py
[2026-05-03T00:26:54.719+0000] {logging_mixin.py:188} INFO - [2026-05-03T00:26:54.719+0000] {dag.py:3047} INFO - Sync 1 DAGs
[2026-05-03T00:26:54.743+0000] {logging_mixin.py:188} INFO - [2026-05-03T00:26:54.743+0000] {dag.py:3834} INFO - Setting next_dagrun for example_weekday_branch_operator to 2026-05-02 00:00:00+00:00, run_after=2026-05-03 00:00:00+00:00
[2026-05-03T00:26:54.761+0000] {processor.py:183} INFO - Processing /home/airflow/.local/lib/python3.8/site-packages/airflow/example_dags/example_branch_day_of_week_operator.py took 0.074 seconds
[2026-05-03T00:27:24.825+0000] {processor.py:161} INFO - Started process (PID=3014) to work on /home/airflow/.local/lib/python3.8/site-packages/airflow/example_dags/example_branch_day_of_week_operator.py
[2026-05-03T00:27:24.826+0000] {processor.py:830} INFO - Processing file /home/airflow/.local/lib/python3.8/site-packages/airflow/example_dags/example_branch_day_of_week_operator.py for tasks to queue
[2026-05-03T00:27:24.828+0000] {logging_mixin.py:188} INFO - [2026-05-03T00:27:24.827+0000] {dagbag.py:540} INFO - Filling up the DagBag from /home/airflow/.local/lib/python3.8/site-packages/airflow/example_dags/example_branch_day_of_week_operator.py
[2026-05-03T00:27:24.833+0000] {processor.py:840} INFO - DAG(s) 'example_weekday_branch_operator' retrieved from /home/airflow/.local/lib/python3.8/site-packages/airflow/example_dags/example_branch_day_of_week_operator.py
[2026-05-03T00:27:24.846+0000] {logging_mixin.py:188} INFO - [2026-05-03T00:27:24.846+0000] {dag.py:3047} INFO - Sync 1 DAGs
[2026-05-03T00:27:24.859+0000] {logging_mixin.py:188} INFO - [2026-05-03T00:27:24.859+0000] {dag.py:3834} INFO - Setting next_dagrun for example_weekday_branch_operator to 2026-05-02 00:00:00+00:00, run_after=2026-05-03 00:00:00+00:00
[2026-05-03T00:27:24.869+0000] {processor.py:183} INFO - Processing /home/airflow/.local/lib/python3.8/site-packages/airflow/example_dags/example_branch_day_of_week_operator.py took 0.047 seconds
[2026-05-03T00:27:56.111+0000] {processor.py:161} INFO - Started process (PID=3070) to work on /home/airflow/.local/lib/python3.8/site-packages/airflow/example_dags/example_branch_day_of_week_operator.py
[2026-05-03T00:27:56.111+0000] {processor.py:830} INFO - Processing file /home/airflow/.local/lib/python3.8/site-packages/airflow/example_dags/example_branch_day_of_week_operator.py for tasks to queue
[2026-05-03T00:27:56.112+0000] {logging_mixin.py:188} INFO - [2026-05-03T00:27:56.112+0000] {dagbag.py:540} INFO - Filling up the DagBag from /home/airflow/.local/lib/python3.8/site-packages/airflow/example_dags/example_branch_day_of_week_operator.py
[2026-05-03T00:27:56.118+0000] {processor.py:840} INFO - DAG(s) 'example_weekday_branch_operator' retrieved from /home/airflow/.local/lib/python3.8/site-packages/airflow/example_dags/example_branch_day_of_week_operator.py
[2026-05-03T00:27:56.132+0000] {logging_mixin.py:188} INFO - [2026-05-03T00:27:56.132+0000] {dag.py:3047} INFO - Sync 1 DAGs
[2026-05-03T00:27:56.145+0000] {logging_mixin.py:188} INFO - [2026-05-03T00:27:56.145+0000] {dag.py:3834} INFO - Setting next_dagrun for example_weekday_branch_operator to 2026-05-02 00:00:00+00:00, run_after=2026-05-03 00:00:00+00:00
[2026-05-03T00:27:56.155+0000] {processor.py:183} INFO - Processing /home/airflow/.local/lib/python3.8/site-packages/airflow/example_dags/example_branch_day_of_week_operator.py took 0.046 seconds
[2026-05-03T00:28:26.479+0000] {processor.py:161} INFO - Started process (PID=3126) to work on /home/airflow/.local/lib/python3.8/site-packages/airflow/example_dags/example_branch_day_of_week_operator.py
[2026-05-03T00:28:26.480+0000] {processor.py:830} INFO - Processing file /home/airflow/.local/lib/python3.8/site-packages/airflow/example_dags/example_branch_day_of_week_operator.py for tasks to queue
[2026-05-03T00:28:26.481+0000] {logging_mixin.py:188} INFO - [2026-05-03T00:28:26.481+0000] {dagbag.py:540} INFO - Filling up the DagBag from /home/airflow/.local/lib/python3.8/site-packages/airflow/example_dags/example_branch_day_of_week_operator.py
[2026-05-03T00:28:26.488+0000] {processor.py:840} INFO - DAG(s) 'example_weekday_branch_operator' retrieved from /home/airflow/.local/lib/python3.8/site-packages/airflow/example_dags/example_branch_day_of_week_operator.py
[2026-05-03T00:28:26.509+0000] {logging_mixin.py:188} INFO - [2026-05-03T00:28:26.509+0000] {dag.py:3047} INFO - Sync 1 DAGs
[2026-05-03T00:28:26.525+0000] {logging_mixin.py:188} INFO - [2026-05-03T00:28:26.525+0000] {dag.py:3834} INFO - Setting next_dagrun for example_weekday_branch_operator to 2026-05-02 00:00:00+00:00, run_after=2026-05-03 00:00:00+00:00
[2026-05-03T00:28:26.546+0000] {processor.py:183} INFO - Processing /home/airflow/.local/lib/python3.8/site-packages/airflow/example_dags/example_branch_day_of_week_operator.py took 0.069 seconds
[2026-05-03T00:28:56.764+0000] {processor.py:161} INFO - Started process (PID=3182) to work on /home/airflow/.local/lib/python3.8/site-packages/airflow/example_dags/example_branch_day_of_week_operator.py
[2026-05-03T00:28:56.765+0000] {processor.py:830} INFO - Processing file /home/airflow/.local/lib/python3.8/site-packages/airflow/example_dags/example_branch_day_of_week_operator.py for tasks to queue
[2026-05-03T00:28:56.767+0000] {logging_mixin.py:188} INFO - [2026-05-03T00:28:56.767+0000] {dagbag.py:540} INFO - Filling up the DagBag from /home/airflow/.local/lib/python3.8/site-packages/airflow/example_dags/example_branch_day_of_week_operator.py
[2026-05-03T00:28:56.775+0000] {processor.py:840} INFO - DAG(s) 'example_weekday_branch_operator' retrieved from /home/airflow/.local/lib/python3.8/site-packages/airflow/example_dags/example_branch_day_of_week_operator.py
[2026-05-03T00:28:56.793+0000] {logging_mixin.py:188} INFO - [2026-05-03T00:28:56.793+0000] {dag.py:3047} INFO - Sync 1 DAGs
[2026-05-03T00:28:56.811+0000] {logging_mixin.py:188} INFO - [2026-05-03T00:28:56.811+0000] {dag.py:3834} INFO - Setting next_dagrun for example_weekday_branch_operator to 2026-05-02 00:00:00+00:00, run_after=2026-05-03 00:00:00+00:00
[2026-05-03T00:28:56.829+0000] {processor.py:183} INFO - Processing /home/airflow/.local/lib/python3.8/site-packages/airflow/example_dags/example_branch_day_of_week_operator.py took 0.069 seconds
[2026-05-03T00:29:27.033+0000] {processor.py:161} INFO - Started process (PID=3238) to work on /home/airflow/.local/lib/python3.8/site-packages/airflow/example_dags/example_branch_day_of_week_operator.py
[2026-05-03T00:29:27.036+0000] {processor.py:830} INFO - Processing file /home/airflow/.local/lib/python3.8/site-packages/airflow/example_dags/example_branch_day_of_week_operator.py for tasks to queue
[2026-05-03T00:29:27.038+0000] {logging_mixin.py:188} INFO - [2026-05-03T00:29:27.038+0000] {dagbag.py:540} INFO - Filling up the DagBag from /home/airflow/.local/lib/python3.8/site-packages/airflow/example_dags/example_branch_day_of_week_operator.py
[2026-05-03T00:29:27.044+0000] {processor.py:840} INFO - DAG(s) 'example_weekday_branch_operator' retrieved from /home/airflow/.local/lib/python3.8/site-packages/airflow/example_dags/example_branch_day_of_week_operator.py
[2026-05-03T00:29:27.059+0000] {logging_mixin.py:188} INFO - [2026-05-03T00:29:27.059+0000] {dag.py:3047} INFO - Sync 1 DAGs
[2026-05-03T00:29:27.078+0000] {logging_mixin.py:188} INFO - [2026-05-03T00:29:27.078+0000] {dag.py:3834} INFO - Setting next_dagrun for example_weekday_branch_operator to 2026-05-02 00:00:00+00:00, run_after=2026-05-03 00:00:00+00:00
[2026-05-03T00:29:27.096+0000] {processor.py:183} INFO - Processing /home/airflow/.local/lib/python3.8/site-packages/airflow/example_dags/example_branch_day_of_week_operator.py took 0.066 seconds
[2026-05-03T00:29:57.372+0000] {processor.py:161} INFO - Started process (PID=3294) to work on /home/airflow/.local/lib/python3.8/site-packages/airflow/example_dags/example_branch_day_of_week_operator.py
[2026-05-03T00:29:57.374+0000] {processor.py:830} INFO - Processing file /home/airflow/.local/lib/python3.8/site-packages/airflow/example_dags/example_branch_day_of_week_operator.py for tasks to queue
[2026-05-03T00:29:57.376+0000] {logging_mixin.py:188} INFO - [2026-05-03T00:29:57.376+0000] {dagbag.py:540} INFO - Filling up the DagBag from /home/airflow/.local/lib/python3.8/site-packages/airflow/example_dags/example_branch_day_of_week_operator.py
[2026-05-03T00:29:57.386+0000] {processor.py:840} INFO - DAG(s) 'example_weekday_branch_operator' retrieved from /home/airflow/.local/lib/python3.8/site-packages/airflow/example_dags/example_branch_day_of_week_operator.py
[2026-05-03T00:29:57.404+0000] {logging_mixin.py:188} INFO - [2026-05-03T00:29:57.404+0000] {dag.py:3047} INFO - Sync 1 DAGs
[2026-05-03T00:29:57.423+0000] {logging_mixin.py:188} INFO - [2026-05-03T00:29:57.423+0000] {dag.py:3834} INFO - Setting next_dagrun for example_weekday_branch_operator to 2026-05-02 00:00:00+00:00, run_after=2026-05-03 00:00:00+00:00
[2026-05-03T00:29:57.437+0000] {processor.py:183} INFO - Processing /home/airflow/.local/lib/python3.8/site-packages/airflow/example_dags/example_branch_day_of_week_operator.py took 0.067 seconds
[2026-05-03T00:30:27.647+0000] {processor.py:161} INFO - Started process (PID=3350) to work on /home/airflow/.local/lib/python3.8/site-packages/airflow/example_dags/example_branch_day_of_week_operator.py
[2026-05-03T00:30:27.647+0000] {processor.py:830} INFO - Processing file /home/airflow/.local/lib/python3.8/site-packages/airflow/example_dags/example_branch_day_of_week_operator.py for tasks to queue
[2026-05-03T00:30:27.649+0000] {logging_mixin.py:188} INFO - [2026-05-03T00:30:27.649+0000] {dagbag.py:540} INFO - Filling up the DagBag from /home/airflow/.local/lib/python3.8/site-packages/airflow/example_dags/example_branch_day_of_week_operator.py
[2026-05-03T00:30:27.655+0000] {processor.py:840} INFO - DAG(s) 'example_weekday_branch_operator' retrieved from /home/airflow/.local/lib/python3.8/site-packages/airflow/example_dags/example_branch_day_of_week_operator.py
[2026-05-03T00:30:27.670+0000] {logging_mixin.py:188} INFO - [2026-05-03T00:30:27.670+0000] {dag.py:3047} INFO - Sync 1 DAGs
[2026-05-03T00:30:27.685+0000] {logging_mixin.py:188} INFO - [2026-05-03T00:30:27.685+0000] {dag.py:3834} INFO - Setting next_dagrun for example_weekday_branch_operator to 2026-05-02 00:00:00+00:00, run_after=2026-05-03 00:00:00+00:00
[2026-05-03T00:30:27.706+0000] {processor.py:183} INFO - Processing /home/airflow/.local/lib/python3.8/site-packages/airflow/example_dags/example_branch_day_of_week_operator.py took 0.062 seconds
[2026-05-03T00:30:57.832+0000] {processor.py:161} INFO - Started process (PID=3406) to work on /home/airflow/.local/lib/python3.8/site-packages/airflow/example_dags/example_branch_day_of_week_operator.py
[2026-05-03T00:30:57.833+0000] {processor.py:830} INFO - Processing file /home/airflow/.local/lib/python3.8/site-packages/airflow/example_dags/example_branch_day_of_week_operator.py for tasks to queue
[2026-05-03T00:30:57.835+0000] {logging_mixin.py:188} INFO - [2026-05-03T00:30:57.835+0000] {dagbag.py:540} INFO - Filling up the DagBag from /home/airflow/.local/lib/python3.8/site-packages/airflow/example_dags/example_branch_day_of_week_operator.py
[2026-05-03T00:30:57.842+0000] {processor.py:840} INFO - DAG(s) 'example_weekday_branch_operator' retrieved from /home/airflow/.local/lib/python3.8/site-packages/airflow/example_dags/example_branch_day_of_week_operator.py
[2026-05-03T00:30:57.858+0000] {logging_mixin.py:188} INFO - [2026-05-03T00:30:57.858+0000] {dag.py:3047} INFO - Sync 1 DAGs
[2026-05-03T00:30:57.877+0000] {logging_mixin.py:188} INFO - [2026-05-03T00:30:57.877+0000] {dag.py:3834} INFO - Setting next_dagrun for example_weekday_branch_operator to 2026-05-02 00:00:00+00:00, run_after=2026-05-03 00:00:00+00:00
[2026-05-03T00:30:57.900+0000] {processor.py:183} INFO - Processing /home/airflow/.local/lib/python3.8/site-packages/airflow/example_dags/example_branch_day_of_week_operator.py took 0.070 seconds
[2026-05-03T00:31:29.109+0000] {processor.py:161} INFO - Started process (PID=3462) to work on /home/airflow/.local/lib/python3.8/site-packages/airflow/example_dags/example_branch_day_of_week_operator.py
[2026-05-03T00:31:29.113+0000] {processor.py:830} INFO - Processing file /home/airflow/.local/lib/python3.8/site-packages/airflow/example_dags/example_branch_day_of_week_operator.py for tasks to queue
[2026-05-03T00:31:29.115+0000] {logging_mixin.py:188} INFO - [2026-05-03T00:31:29.115+0000] {dagbag.py:540} INFO - Filling up the DagBag from /home/airflow/.local/lib/python3.8/site-packages/airflow/example_dags/example_branch_day_of_week_operator.py
[2026-05-03T00:31:29.122+0000] {processor.py:840} INFO - DAG(s) 'example_weekday_branch_operator' retrieved from /home/airflow/.local/lib/python3.8/site-packages/airflow/example_dags/example_branch_day_of_week_operator.py
[2026-05-03T00:31:29.143+0000] {logging_mixin.py:188} INFO - [2026-05-03T00:31:29.143+0000] {dag.py:3047} INFO - Sync 1 DAGs
[2026-05-03T00:31:29.165+0000] {logging_mixin.py:188} INFO - [2026-05-03T00:31:29.165+0000] {dag.py:3834} INFO - Setting next_dagrun for example_weekday_branch_operator to 2026-05-02 00:00:00+00:00, run_after=2026-05-03 00:00:00+00:00
[2026-05-03T00:31:29.185+0000] {processor.py:183} INFO - Processing /home/airflow/.local/lib/python3.8/site-packages/airflow/example_dags/example_branch_day_of_week_operator.py took 0.079 seconds
[2026-05-03T00:31:59.711+0000] {processor.py:161} INFO - Started process (PID=3518) to work on /home/airflow/.local/lib/python3.8/site-packages/airflow/example_dags/example_branch_day_of_week_operator.py
[2026-05-03T00:31:59.713+0000] {processor.py:830} INFO - Processing file /home/airflow/.local/lib/python3.8/site-packages/airflow/example_dags/example_branch_day_of_week_operator.py for tasks to queue
[2026-05-03T00:31:59.715+0000] {logging_mixin.py:188} INFO - [2026-05-03T00:31:59.714+0000] {dagbag.py:540} INFO - Filling up the DagBag from /home/airflow/.local/lib/python3.8/site-packages/airflow/example_dags/example_branch_day_of_week_operator.py
[2026-05-03T00:31:59.721+0000] {processor.py:840} INFO - DAG(s) 'example_weekday_branch_operator' retrieved from /home/airflow/.local/lib/python3.8/site-packages/airflow/example_dags/example_branch_day_of_week_operator.py
[2026-05-03T00:31:59.743+0000] {logging_mixin.py:188} INFO - [2026-05-03T00:31:59.743+0000] {dag.py:3047} INFO - Sync 1 DAGs
[2026-05-03T00:31:59.760+0000] {logging_mixin.py:188} INFO - [2026-05-03T00:31:59.760+0000] {dag.py:3834} INFO - Setting next_dagrun for example_weekday_branch_operator to 2026-05-02 00:00:00+00:00, run_after=2026-05-03 00:00:00+00:00
[2026-05-03T00:31:59.774+0000] {processor.py:183} INFO - Processing /home/airflow/.local/lib/python3.8/site-packages/airflow/example_dags/example_branch_day_of_week_operator.py took 0.066 seconds
[2026-05-03T00:32:30.030+0000] {processor.py:161} INFO - Started process (PID=3574) to work on /home/airflow/.local/lib/python3.8/site-packages/airflow/example_dags/example_branch_day_of_week_operator.py
[2026-05-03T00:32:30.031+0000] {processor.py:830} INFO - Processing file /home/airflow/.local/lib/python3.8/site-packages/airflow/example_dags/example_branch_day_of_week_operator.py for tasks to queue
[2026-05-03T00:32:30.034+0000] {logging_mixin.py:188} INFO - [2026-05-03T00:32:30.034+0000] {dagbag.py:540} INFO - Filling up the DagBag from /home/airflow/.local/lib/python3.8/site-packages/airflow/example_dags/example_branch_day_of_week_operator.py
[2026-05-03T00:32:30.040+0000] {processor.py:840} INFO - DAG(s) 'example_weekday_branch_operator' retrieved from /home/airflow/.local/lib/python3.8/site-packages/airflow/example_dags/example_branch_day_of_week_operator.py
[2026-05-03T00:32:30.056+0000] {logging_mixin.py:188} INFO - [2026-05-03T00:32:30.055+0000] {dag.py:3047} INFO - Sync 1 DAGs
[2026-05-03T00:32:30.071+0000] {logging_mixin.py:188} INFO - [2026-05-03T00:32:30.071+0000] {dag.py:3834} INFO - Setting next_dagrun for example_weekday_branch_operator to 2026-05-02 00:00:00+00:00, run_after=2026-05-03 00:00:00+00:00
[2026-05-03T00:32:30.085+0000] {processor.py:183} INFO - Processing /home/airflow/.local/lib/python3.8/site-packages/airflow/example_dags/example_branch_day_of_week_operator.py took 0.058 seconds
[2026-05-03T00:33:00.227+0000] {processor.py:161} INFO - Started process (PID=3630) to work on /home/airflow/.local/lib/python3.8/site-packages/airflow/example_dags/example_branch_day_of_week_operator.py
[2026-05-03T00:33:00.229+0000] {processor.py:830} INFO - Processing file /home/airflow/.local/lib/python3.8/site-packages/airflow/example_dags/example_branch_day_of_week_operator.py for tasks to queue
[2026-05-03T00:33:00.231+0000] {logging_mixin.py:188} INFO - [2026-05-03T00:33:00.230+0000] {dagbag.py:540} INFO - Filling up the DagBag from /home/airflow/.local/lib/python3.8/site-packages/airflow/example_dags/example_branch_day_of_week_operator.py
[2026-05-03T00:33:00.237+0000] {processor.py:840} INFO - DAG(s) 'example_weekday_branch_operator' retrieved from /home/airflow/.local/lib/python3.8/site-packages/airflow/example_dags/example_branch_day_of_week_operator.py
[2026-05-03T00:33:00.256+0000] {logging_mixin.py:188} INFO - [2026-05-03T00:33:00.256+0000] {dag.py:3047} INFO - Sync 1 DAGs
[2026-05-03T00:33:00.272+0000] {logging_mixin.py:188} INFO - [2026-05-03T00:33:00.272+0000] {dag.py:3834} INFO - Setting next_dagrun for example_weekday_branch_operator to 2026-05-02 00:00:00+00:00, run_after=2026-05-03 00:00:00+00:00
[2026-05-03T00:33:00.283+0000] {processor.py:183} INFO - Processing /home/airflow/.local/lib/python3.8/site-packages/airflow/example_dags/example_branch_day_of_week_operator.py took 0.058 seconds
[2026-05-03T00:33:30.862+0000] {processor.py:161} INFO - Started process (PID=3686) to work on /home/airflow/.local/lib/python3.8/site-packages/airflow/example_dags/example_branch_day_of_week_operator.py
[2026-05-03T00:33:30.862+0000] {processor.py:830} INFO - Processing file /home/airflow/.local/lib/python3.8/site-packages/airflow/example_dags/example_branch_day_of_week_operator.py for tasks to queue
[2026-05-03T00:33:30.864+0000] {logging_mixin.py:188} INFO - [2026-05-03T00:33:30.864+0000] {dagbag.py:540} INFO - Filling up the DagBag from /home/airflow/.local/lib/python3.8/site-packages/airflow/example_dags/example_branch_day_of_week_operator.py
[2026-05-03T00:33:30.870+0000] {processor.py:840} INFO - DAG(s) 'example_weekday_branch_operator' retrieved from /home/airflow/.local/lib/python3.8/site-packages/airflow/example_dags/example_branch_day_of_week_operator.py
[2026-05-03T00:33:30.887+0000] {logging_mixin.py:188} INFO - [2026-05-03T00:33:30.887+0000] {dag.py:3047} INFO - Sync 1 DAGs
[2026-05-03T00:33:30.903+0000] {logging_mixin.py:188} INFO - [2026-05-03T00:33:30.902+0000] {dag.py:3834} INFO - Setting next_dagrun for example_weekday_branch_operator to 2026-05-02 00:00:00+00:00, run_after=2026-05-03 00:00:00+00:00
[2026-05-03T00:33:30.914+0000] {processor.py:183} INFO - Processing /home/airflow/.local/lib/python3.8/site-packages/airflow/example_dags/example_branch_day_of_week_operator.py took 0.055 seconds
[2026-05-03T00:34:01.387+0000] {processor.py:161} INFO - Started process (PID=3742) to work on /home/airflow/.local/lib/python3.8/site-packages/airflow/example_dags/example_branch_day_of_week_operator.py
[2026-05-03T00:34:01.388+0000] {processor.py:830} INFO - Processing file /home/airflow/.local/lib/python3.8/site-packages/airflow/example_dags/example_branch_day_of_week_operator.py for tasks to queue
[2026-05-03T00:34:01.389+0000] {logging_mixin.py:188} INFO - [2026-05-03T00:34:01.389+0000] {dagbag.py:540} INFO - Filling up the DagBag from /home/airflow/.local/lib/python3.8/site-packages/airflow/example_dags/example_branch_day_of_week_operator.py
[2026-05-03T00:34:01.395+0000] {processor.py:840} INFO - DAG(s) 'example_weekday_branch_operator' retrieved from /home/airflow/.local/lib/python3.8/site-packages/airflow/example_dags/example_branch_day_of_week_operator.py
[2026-05-03T00:34:01.414+0000] {logging_mixin.py:188} INFO - [2026-05-03T00:34:01.414+0000] {dag.py:3047} INFO - Sync 1 DAGs
[2026-05-03T00:34:01.431+0000] {logging_mixin.py:188} INFO - [2026-05-03T00:34:01.431+0000] {dag.py:3834} INFO - Setting next_dagrun for example_weekday_branch_operator to 2026-05-02 00:00:00+00:00, run_after=2026-05-03 00:00:00+00:00
[2026-05-03T00:34:01.443+0000] {processor.py:183} INFO - Processing /home/airflow/.local/lib/python3.8/site-packages/airflow/example_dags/example_branch_day_of_week_operator.py took 0.058 seconds
[2026-05-03T00:34:31.688+0000] {processor.py:161} INFO - Started process (PID=3798) to work on /home/airflow/.local/lib/python3.8/site-packages/airflow/example_dags/example_branch_day_of_week_operator.py
[2026-05-03T00:34:31.689+0000] {processor.py:830} INFO - Processing file /home/airflow/.local/lib/python3.8/site-packages/airflow/example_dags/example_branch_day_of_week_operator.py for tasks to queue
[2026-05-03T00:34:31.691+0000] {logging_mixin.py:188} INFO - [2026-05-03T00:34:31.691+0000] {dagbag.py:540} INFO - Filling up the DagBag from /home/airflow/.local/lib/python3.8/site-packages/airflow/example_dags/example_branch_day_of_week_operator.py
[2026-05-03T00:34:31.697+0000] {processor.py:840} INFO - DAG(s) 'example_weekday_branch_operator' retrieved from /home/airflow/.local/lib/python3.8/site-packages/airflow/example_dags/example_branch_day_of_week_operator.py
[2026-05-03T00:34:31.712+0000] {logging_mixin.py:188} INFO - [2026-05-03T00:34:31.712+0000] {dag.py:3047} INFO - Sync 1 DAGs
[2026-05-03T00:34:31.727+0000] {logging_mixin.py:188} INFO - [2026-05-03T00:34:31.726+0000] {dag.py:3834} INFO - Setting next_dagrun for example_weekday_branch_operator to 2026-05-02 00:00:00+00:00, run_after=2026-05-03 00:00:00+00:00
[2026-05-03T00:34:31.746+0000] {processor.py:183} INFO - Processing /home/airflow/.local/lib/python3.8/site-packages/airflow/example_dags/example_branch_day_of_week_operator.py took 0.060 seconds
[2026-05-03T00:35:01.798+0000] {processor.py:161} INFO - Started process (PID=3854) to work on /home/airflow/.local/lib/python3.8/site-packages/airflow/example_dags/example_branch_day_of_week_operator.py
[2026-05-03T00:35:01.799+0000] {processor.py:830} INFO - Processing file /home/airflow/.local/lib/python3.8/site-packages/airflow/example_dags/example_branch_day_of_week_operator.py for tasks to queue
[2026-05-03T00:35:01.801+0000] {logging_mixin.py:188} INFO - [2026-05-03T00:35:01.801+0000] {dagbag.py:540} INFO - Filling up the DagBag from /home/airflow/.local/lib/python3.8/site-packages/airflow/example_dags/example_branch_day_of_week_operator.py
[2026-05-03T00:35:01.807+0000] {processor.py:840} INFO - DAG(s) 'example_weekday_branch_operator' retrieved from /home/airflow/.local/lib/python3.8/site-packages/airflow/example_dags/example_branch_day_of_week_operator.py
[2026-05-03T00:35:01.824+0000] {logging_mixin.py:188} INFO - [2026-05-03T00:35:01.823+0000] {dag.py:3047} INFO - Sync 1 DAGs
[2026-05-03T00:35:01.839+0000] {logging_mixin.py:188} INFO - [2026-05-03T00:35:01.839+0000] {dag.py:3834} INFO - Setting next_dagrun for example_weekday_branch_operator to 2026-05-02 00:00:00+00:00, run_after=2026-05-03 00:00:00+00:00
[2026-05-03T00:35:01.853+0000] {processor.py:183} INFO - Processing /home/airflow/.local/lib/python3.8/site-packages/airflow/example_dags/example_branch_day_of_week_operator.py took 0.058 seconds
[2026-05-03T00:35:32.194+0000] {processor.py:161} INFO - Started process (PID=3910) to work on /home/airflow/.local/lib/python3.8/site-packages/airflow/example_dags/example_branch_day_of_week_operator.py
[2026-05-03T00:35:32.195+0000] {processor.py:830} INFO - Processing file /home/airflow/.local/lib/python3.8/site-packages/airflow/example_dags/example_branch_day_of_week_operator.py for tasks to queue
[2026-05-03T00:35:32.196+0000] {logging_mixin.py:188} INFO - [2026-05-03T00:35:32.196+0000] {dagbag.py:540} INFO - Filling up the DagBag from /home/airflow/.local/lib/python3.8/site-packages/airflow/example_dags/example_branch_day_of_week_operator.py
[2026-05-03T00:35:32.202+0000] {processor.py:840} INFO - DAG(s) 'example_weekday_branch_operator' retrieved from /home/airflow/.local/lib/python3.8/site-packages/airflow/example_dags/example_branch_day_of_week_operator.py
[2026-05-03T00:35:32.222+0000] {logging_mixin.py:188} INFO - [2026-05-03T00:35:32.222+0000] {dag.py:3047} INFO - Sync 1 DAGs
[2026-05-03T00:35:32.241+0000] {logging_mixin.py:188} INFO - [2026-05-03T00:35:32.241+0000] {dag.py:3834} INFO - Setting next_dagrun for example_weekday_branch_operator to 2026-05-02 00:00:00+00:00, run_after=2026-05-03 00:00:00+00:00
[2026-05-03T00:35:32.252+0000] {processor.py:183} INFO - Processing /home/airflow/.local/lib/python3.8/site-packages/airflow/example_dags/example_branch_day_of_week_operator.py took 0.061 seconds
[2026-05-03T00:36:02.882+0000] {processor.py:161} INFO - Started process (PID=3966) to work on /home/airflow/.local/lib/python3.8/site-packages/airflow/example_dags/example_branch_day_of_week_operator.py
[2026-05-03T00:36:02.883+0000] {processor.py:830} INFO - Processing file /home/airflow/.local/lib/python3.8/site-packages/airflow/example_dags/example_branch_day_of_week_operator.py for tasks to queue
[2026-05-03T00:36:02.886+0000] {logging_mixin.py:188} INFO - [2026-05-03T00:36:02.885+0000] {dagbag.py:540} INFO - Filling up the DagBag from /home/airflow/.local/lib/python3.8/site-packages/airflow/example_dags/example_branch_day_of_week_operator.py
[2026-05-03T00:36:02.891+0000] {processor.py:840} INFO - DAG(s) 'example_weekday_branch_operator' retrieved from /home/airflow/.local/lib/python3.8/site-packages/airflow/example_dags/example_branch_day_of_week_operator.py
[2026-05-03T00:36:02.912+0000] {logging_mixin.py:188} INFO - [2026-05-03T00:36:02.912+0000] {dag.py:3047} INFO - Sync 1 DAGs
[2026-05-03T00:36:02.928+0000] {logging_mixin.py:188} INFO - [2026-05-03T00:36:02.928+0000] {dag.py:3834} INFO - Setting next_dagrun for example_weekday_branch_operator to 2026-05-02 00:00:00+00:00, run_after=2026-05-03 00:00:00+00:00
[2026-05-03T00:36:02.941+0000] {processor.py:183} INFO - Processing /home/airflow/.local/lib/python3.8/site-packages/airflow/example_dags/example_branch_day_of_week_operator.py took 0.062 seconds
[2026-05-03T00:36:33.160+0000] {processor.py:161} INFO - Started process (PID=4022) to work on /home/airflow/.local/lib/python3.8/site-packages/airflow/example_dags/example_branch_day_of_week_operator.py
[2026-05-03T00:36:33.161+0000] {processor.py:830} INFO - Processing file /home/airflow/.local/lib/python3.8/site-packages/airflow/example_dags/example_branch_day_of_week_operator.py for tasks to queue
[2026-05-03T00:36:33.163+0000] {logging_mixin.py:188} INFO - [2026-05-03T00:36:33.163+0000] {dagbag.py:540} INFO - Filling up the DagBag from /home/airflow/.local/lib/python3.8/site-packages/airflow/example_dags/example_branch_day_of_week_operator.py
[2026-05-03T00:36:33.168+0000] {processor.py:840} INFO - DAG(s) 'example_weekday_branch_operator' retrieved from /home/airflow/.local/lib/python3.8/site-packages/airflow/example_dags/example_branch_day_of_week_operator.py
[2026-05-03T00:36:33.183+0000] {logging_mixin.py:188} INFO - [2026-05-03T00:36:33.182+0000] {dag.py:3047} INFO - Sync 1 DAGs
[2026-05-03T00:36:33.196+0000] {logging_mixin.py:188} INFO - [2026-05-03T00:36:33.196+0000] {dag.py:3834} INFO - Setting next_dagrun for example_weekday_branch_operator to 2026-05-02 00:00:00+00:00, run_after=2026-05-03 00:00:00+00:00
[2026-05-03T00:36:33.206+0000] {processor.py:183} INFO - Processing /home/airflow/.local/lib/python3.8/site-packages/airflow/example_dags/example_branch_day_of_week_operator.py took 0.048 seconds
[2026-05-03T00:37:03.570+0000] {processor.py:161} INFO - Started process (PID=4078) to work on /home/airflow/.local/lib/python3.8/site-packages/airflow/example_dags/example_branch_day_of_week_operator.py
[2026-05-03T00:37:03.571+0000] {processor.py:830} INFO - Processing file /home/airflow/.local/lib/python3.8/site-packages/airflow/example_dags/example_branch_day_of_week_operator.py for tasks to queue
[2026-05-03T00:37:03.572+0000] {logging_mixin.py:188} INFO - [2026-05-03T00:37:03.572+0000] {dagbag.py:540} INFO - Filling up the DagBag from /home/airflow/.local/lib/python3.8/site-packages/airflow/example_dags/example_branch_day_of_week_operator.py
[2026-05-03T00:37:03.578+0000] {processor.py:840} INFO - DAG(s) 'example_weekday_branch_operator' retrieved from /home/airflow/.local/lib/python3.8/site-packages/airflow/example_dags/example_branch_day_of_week_operator.py
[2026-05-03T00:37:03.595+0000] {logging_mixin.py:188} INFO - [2026-05-03T00:37:03.595+0000] {dag.py:3047} INFO - Sync 1 DAGs
[2026-05-03T00:37:03.610+0000] {logging_mixin.py:188} INFO - [2026-05-03T00:37:03.610+0000] {dag.py:3834} INFO - Setting next_dagrun for example_weekday_branch_operator to 2026-05-02 00:00:00+00:00, run_after=2026-05-03 00:00:00+00:00
[2026-05-03T00:37:03.622+0000] {processor.py:183} INFO - Processing /home/airflow/.local/lib/python3.8/site-packages/airflow/example_dags/example_branch_day_of_week_operator.py took 0.054 seconds
[2026-05-03T00:37:34.188+0000] {processor.py:161} INFO - Started process (PID=4134) to work on /home/airflow/.local/lib/python3.8/site-packages/airflow/example_dags/example_branch_day_of_week_operator.py
[2026-05-03T00:37:34.189+0000] {processor.py:830} INFO - Processing file /home/airflow/.local/lib/python3.8/site-packages/airflow/example_dags/example_branch_day_of_week_operator.py for tasks to queue
[2026-05-03T00:37:34.191+0000] {logging_mixin.py:188} INFO - [2026-05-03T00:37:34.190+0000] {dagbag.py:540} INFO - Filling up the DagBag from /home/airflow/.local/lib/python3.8/site-packages/airflow/example_dags/example_branch_day_of_week_operator.py
[2026-05-03T00:37:34.196+0000] {processor.py:840} INFO - DAG(s) 'example_weekday_branch_operator' retrieved from /home/airflow/.local/lib/python3.8/site-packages/airflow/example_dags/example_branch_day_of_week_operator.py
[2026-05-03T00:37:34.220+0000] {logging_mixin.py:188} INFO - [2026-05-03T00:37:34.220+0000] {dag.py:3047} INFO - Sync 1 DAGs
[2026-05-03T00:37:34.241+0000] {logging_mixin.py:188} INFO - [2026-05-03T00:37:34.241+0000] {dag.py:3834} INFO - Setting next_dagrun for example_weekday_branch_operator to 2026-05-02 00:00:00+00:00, run_after=2026-05-03 00:00:00+00:00
[2026-05-03T00:37:34.257+0000] {processor.py:183} INFO - Processing /home/airflow/.local/lib/python3.8/site-packages/airflow/example_dags/example_branch_day_of_week_operator.py took 0.071 seconds
[2026-05-03T00:38:04.562+0000] {processor.py:161} INFO - Started process (PID=4190) to work on /home/airflow/.local/lib/python3.8/site-packages/airflow/example_dags/example_branch_day_of_week_operator.py
[2026-05-03T00:38:04.564+0000] {processor.py:830} INFO - Processing file /home/airflow/.local/lib/python3.8/site-packages/airflow/example_dags/example_branch_day_of_week_operator.py for tasks to queue
[2026-05-03T00:38:04.566+0000] {logging_mixin.py:188} INFO - [2026-05-03T00:38:04.565+0000] {dagbag.py:540} INFO - Filling up the DagBag from /home/airflow/.local/lib/python3.8/site-packages/airflow/example_dags/example_branch_day_of_week_operator.py
[2026-05-03T00:38:04.572+0000] {processor.py:840} INFO - DAG(s) 'example_weekday_branch_operator' retrieved from /home/airflow/.local/lib/python3.8/site-packages/airflow/example_dags/example_branch_day_of_week_operator.py
[2026-05-03T00:38:04.588+0000] {logging_mixin.py:188} INFO - [2026-05-03T00:38:04.587+0000] {dag.py:3047} INFO - Sync 1 DAGs
[2026-05-03T00:38:04.604+0000] {logging_mixin.py:188} INFO - [2026-05-03T00:38:04.603+0000] {dag.py:3834} INFO - Setting next_dagrun for example_weekday_branch_operator to 2026-05-02 00:00:00+00:00, run_after=2026-05-03 00:00:00+00:00
[2026-05-03T00:38:04.615+0000] {processor.py:183} INFO - Processing /home/airflow/.local/lib/python3.8/site-packages/airflow/example_dags/example_branch_day_of_week_operator.py took 0.056 seconds
[2026-05-03T00:38:35.077+0000] {processor.py:161} INFO - Started process (PID=4246) to work on /home/airflow/.local/lib/python3.8/site-packages/airflow/example_dags/example_branch_day_of_week_operator.py
[2026-05-03T00:38:35.078+0000] {processor.py:830} INFO - Processing file /home/airflow/.local/lib/python3.8/site-packages/airflow/example_dags/example_branch_day_of_week_operator.py for tasks to queue
[2026-05-03T00:38:35.079+0000] {logging_mixin.py:188} INFO - [2026-05-03T00:38:35.079+0000] {dagbag.py:540} INFO - Filling up the DagBag from /home/airflow/.local/lib/python3.8/site-packages/airflow/example_dags/example_branch_day_of_week_operator.py
[2026-05-03T00:38:35.085+0000] {processor.py:840} INFO - DAG(s) 'example_weekday_branch_operator' retrieved from /home/airflow/.local/lib/python3.8/site-packages/airflow/example_dags/example_branch_day_of_week_operator.py
[2026-05-03T00:38:35.104+0000] {logging_mixin.py:188} INFO - [2026-05-03T00:38:35.104+0000] {dag.py:3047} INFO - Sync 1 DAGs
[2026-05-03T00:38:35.121+0000] {logging_mixin.py:188} INFO - [2026-05-03T00:38:35.121+0000] {dag.py:3834} INFO - Setting next_dagrun for example_weekday_branch_operator to 2026-05-02 00:00:00+00:00, run_after=2026-05-03 00:00:00+00:00
[2026-05-03T00:38:35.143+0000] {processor.py:183} INFO - Processing /home/airflow/.local/lib/python3.8/site-packages/airflow/example_dags/example_branch_day_of_week_operator.py took 0.068 seconds
[2026-05-03T00:39:05.346+0000] {processor.py:161} INFO - Started process (PID=4302) to work on /home/airflow/.local/lib/python3.8/site-packages/airflow/example_dags/example_branch_day_of_week_operator.py
[2026-05-03T00:39:05.347+0000] {processor.py:830} INFO - Processing file /home/airflow/.local/lib/python3.8/site-packages/airflow/example_dags/example_branch_day_of_week_operator.py for tasks to queue
[2026-05-03T00:39:05.348+0000] {logging_mixin.py:188} INFO - [2026-05-03T00:39:05.348+0000] {dagbag.py:540} INFO - Filling up the DagBag from /home/airflow/.local/lib/python3.8/site-packages/airflow/example_dags/example_branch_day_of_week_operator.py
[2026-05-03T00:39:05.354+0000] {processor.py:840} INFO - DAG(s) 'example_weekday_branch_operator' retrieved from /home/airflow/.local/lib/python3.8/site-packages/airflow/example_dags/example_branch_day_of_week_operator.py
[2026-05-03T00:39:05.373+0000] {logging_mixin.py:188} INFO - [2026-05-03T00:39:05.373+0000] {dag.py:3047} INFO - Sync 1 DAGs
[2026-05-03T00:39:05.389+0000] {logging_mixin.py:188} INFO - [2026-05-03T00:39:05.388+0000] {dag.py:3834} INFO - Setting next_dagrun for example_weekday_branch_operator to 2026-05-02 00:00:00+00:00, run_after=2026-05-03 00:00:00+00:00
[2026-05-03T00:39:05.405+0000] {processor.py:183} INFO - Processing /home/airflow/.local/lib/python3.8/site-packages/airflow/example_dags/example_branch_day_of_week_operator.py took 0.063 seconds
[2026-05-03T00:39:35.984+0000] {processor.py:161} INFO - Started process (PID=4358) to work on /home/airflow/.local/lib/python3.8/site-packages/airflow/example_dags/example_branch_day_of_week_operator.py
[2026-05-03T00:39:35.985+0000] {processor.py:830} INFO - Processing file /home/airflow/.local/lib/python3.8/site-packages/airflow/example_dags/example_branch_day_of_week_operator.py for tasks to queue
[2026-05-03T00:39:35.987+0000] {logging_mixin.py:188} INFO - [2026-05-03T00:39:35.987+0000] {dagbag.py:540} INFO - Filling up the DagBag from /home/airflow/.local/lib/python3.8/site-packages/airflow/example_dags/example_branch_day_of_week_operator.py
[2026-05-03T00:39:35.994+0000] {processor.py:840} INFO - DAG(s) 'example_weekday_branch_operator' retrieved from /home/airflow/.local/lib/python3.8/site-packages/airflow/example_dags/example_branch_day_of_week_operator.py
[2026-05-03T00:39:36.010+0000] {logging_mixin.py:188} INFO - [2026-05-03T00:39:36.010+0000] {dag.py:3047} INFO - Sync 1 DAGs
[2026-05-03T00:39:36.027+0000] {logging_mixin.py:188} INFO - [2026-05-03T00:39:36.026+0000] {dag.py:3834} INFO - Setting next_dagrun for example_weekday_branch_operator to 2026-05-02 00:00:00+00:00, run_after=2026-05-03 00:00:00+00:00
[2026-05-03T00:39:36.039+0000] {processor.py:183} INFO - Processing /home/airflow/.local/lib/python3.8/site-packages/airflow/example_dags/example_branch_day_of_week_operator.py took 0.058 seconds
