[2026-05-03T00:02:02.267+0000] {processor.py:161} INFO - Started process (PID=2792) to work on /home/airflow/.local/lib/python3.8/site-packages/airflow/example_dags/example_short_circuit_decorator.py
[2026-05-03T00:02:02.268+0000] {processor.py:830} INFO - Processing file /home/airflow/.local/lib/python3.8/site-packages/airflow/example_dags/example_short_circuit_decorator.py for tasks to queue
[2026-05-03T00:02:02.270+0000] {logging_mixin.py:188} INFO - [2026-05-03T00:02:02.270+0000] {dagbag.py:540} INFO - Filling up the DagBag from /home/airflow/.local/lib/python3.8/site-packages/airflow/example_dags/example_short_circuit_decorator.py
[2026-05-03T00:02:02.280+0000] {processor.py:840} INFO - DAG(s) 'example_short_circuit_decorator' retrieved from /home/airflow/.local/lib/python3.8/site-packages/airflow/example_dags/example_short_circuit_decorator.py
[2026-05-03T00:02:02.303+0000] {logging_mixin.py:188} INFO - [2026-05-03T00:02:02.303+0000] {dag.py:3047} INFO - Sync 1 DAGs
[2026-05-03T00:02:02.321+0000] {logging_mixin.py:188} INFO - [2026-05-03T00:02:02.321+0000] {dag.py:3834} INFO - Setting next_dagrun for example_short_circuit_decorator to 2026-05-02 00:00:00+00:00, run_after=2026-05-03 00:00:00+00:00
[2026-05-03T00:02:02.338+0000] {processor.py:183} INFO - Processing /home/airflow/.local/lib/python3.8/site-packages/airflow/example_dags/example_short_circuit_decorator.py took 0.073 seconds
[2026-05-03T00:11:42.665+0000] {processor.py:161} INFO - Started process (PID=2848) to work on /home/airflow/.local/lib/python3.8/site-packages/airflow/example_dags/example_short_circuit_decorator.py
[2026-05-03T00:11:42.666+0000] {processor.py:830} INFO - Processing file /home/airflow/.local/lib/python3.8/site-packages/airflow/example_dags/example_short_circuit_decorator.py for tasks to queue
[2026-05-03T00:11:42.667+0000] {logging_mixin.py:188} INFO - [2026-05-03T00:11:42.667+0000] {dagbag.py:540} INFO - Filling up the DagBag from /home/airflow/.local/lib/python3.8/site-packages/airflow/example_dags/example_short_circuit_decorator.py
[2026-05-03T00:11:42.673+0000] {processor.py:840} INFO - DAG(s) 'example_short_circuit_decorator' retrieved from /home/airflow/.local/lib/python3.8/site-packages/airflow/example_dags/example_short_circuit_decorator.py
[2026-05-03T00:11:42.688+0000] {logging_mixin.py:188} INFO - [2026-05-03T00:11:42.688+0000] {dag.py:3047} INFO - Sync 1 DAGs
[2026-05-03T00:11:42.701+0000] {logging_mixin.py:188} INFO - [2026-05-03T00:11:42.701+0000] {dag.py:3834} INFO - Setting next_dagrun for example_short_circuit_decorator to 2026-05-02 00:00:00+00:00, run_after=2026-05-03 00:00:00+00:00
[2026-05-03T00:11:42.711+0000] {processor.py:183} INFO - Processing /home/airflow/.local/lib/python3.8/site-packages/airflow/example_dags/example_short_circuit_decorator.py took 0.049 seconds
[2026-05-03T00:20:54.483+0000] {processor.py:161} INFO - Started process (PID=2904) to work on /home/airflow/.local/lib/python3.8/site-packages/airflow/example_dags/example_short_circuit_decorator.py
[2026-05-03T00:20:54.484+0000] {processor.py:830} INFO - Processing file /home/airflow/.local/lib/python3.8/site-packages/airflow/example_dags/example_short_circuit_decorator.py for tasks to queue
[2026-05-03T00:20:54.485+0000] {logging_mixin.py:188} INFO - [2026-05-03T00:20:54.485+0000] {dagbag.py:540} INFO - Filling up the DagBag from /home/airflow/.local/lib/python3.8/site-packages/airflow/example_dags/example_short_circuit_decorator.py
[2026-05-03T00:20:54.491+0000] {processor.py:840} INFO - DAG(s) 'example_short_circuit_decorator' retrieved from /home/airflow/.local/lib/python3.8/site-packages/airflow/example_dags/example_short_circuit_decorator.py
[2026-05-03T00:20:54.507+0000] {logging_mixin.py:188} INFO - [2026-05-03T00:20:54.507+0000] {dag.py:3047} INFO - Sync 1 DAGs
[2026-05-03T00:20:54.521+0000] {logging_mixin.py:188} INFO - [2026-05-03T00:20:54.521+0000] {dag.py:3834} INFO - Setting next_dagrun for example_short_circuit_decorator to 2026-05-02 00:00:00+00:00, run_after=2026-05-03 00:00:00+00:00
[2026-05-03T00:20:54.532+0000] {processor.py:183} INFO - Processing /home/airflow/.local/lib/python3.8/site-packages/airflow/example_dags/example_short_circuit_decorator.py took 0.052 seconds
[2026-05-03T00:26:54.783+0000] {processor.py:161} INFO - Started process (PID=2960) to work on /home/airflow/.local/lib/python3.8/site-packages/airflow/example_dags/example_short_circuit_decorator.py
[2026-05-03T00:26:54.784+0000] {processor.py:830} INFO - Processing file /home/airflow/.local/lib/python3.8/site-packages/airflow/example_dags/example_short_circuit_decorator.py for tasks to queue
[2026-05-03T00:26:54.786+0000] {logging_mixin.py:188} INFO - [2026-05-03T00:26:54.786+0000] {dagbag.py:540} INFO - Filling up the DagBag from /home/airflow/.local/lib/python3.8/site-packages/airflow/example_dags/example_short_circuit_decorator.py
[2026-05-03T00:26:54.797+0000] {processor.py:840} INFO - DAG(s) 'example_short_circuit_decorator' retrieved from /home/airflow/.local/lib/python3.8/site-packages/airflow/example_dags/example_short_circuit_decorator.py
[2026-05-03T00:26:54.825+0000] {logging_mixin.py:188} INFO - [2026-05-03T00:26:54.824+0000] {dag.py:3047} INFO - Sync 1 DAGs
[2026-05-03T00:26:54.894+0000] {logging_mixin.py:188} INFO - [2026-05-03T00:26:54.894+0000] {dag.py:3834} INFO - Setting next_dagrun for example_short_circuit_decorator to 2026-05-02 00:00:00+00:00, run_after=2026-05-03 00:00:00+00:00
[2026-05-03T00:26:54.949+0000] {processor.py:183} INFO - Processing /home/airflow/.local/lib/python3.8/site-packages/airflow/example_dags/example_short_circuit_decorator.py took 0.170 seconds
[2026-05-03T00:27:25.873+0000] {processor.py:161} INFO - Started process (PID=3016) to work on /home/airflow/.local/lib/python3.8/site-packages/airflow/example_dags/example_short_circuit_decorator.py
[2026-05-03T00:27:25.874+0000] {processor.py:830} INFO - Processing file /home/airflow/.local/lib/python3.8/site-packages/airflow/example_dags/example_short_circuit_decorator.py for tasks to queue
[2026-05-03T00:27:25.875+0000] {logging_mixin.py:188} INFO - [2026-05-03T00:27:25.875+0000] {dagbag.py:540} INFO - Filling up the DagBag from /home/airflow/.local/lib/python3.8/site-packages/airflow/example_dags/example_short_circuit_decorator.py
[2026-05-03T00:27:25.881+0000] {processor.py:840} INFO - DAG(s) 'example_short_circuit_decorator' retrieved from /home/airflow/.local/lib/python3.8/site-packages/airflow/example_dags/example_short_circuit_decorator.py
[2026-05-03T00:27:25.894+0000] {logging_mixin.py:188} INFO - [2026-05-03T00:27:25.894+0000] {dag.py:3047} INFO - Sync 1 DAGs
[2026-05-03T00:27:25.908+0000] {logging_mixin.py:188} INFO - [2026-05-03T00:27:25.908+0000] {dag.py:3834} INFO - Setting next_dagrun for example_short_circuit_decorator to 2026-05-02 00:00:00+00:00, run_after=2026-05-03 00:00:00+00:00
[2026-05-03T00:27:25.920+0000] {processor.py:183} INFO - Processing /home/airflow/.local/lib/python3.8/site-packages/airflow/example_dags/example_short_circuit_decorator.py took 0.050 seconds
[2026-05-03T00:27:56.172+0000] {processor.py:161} INFO - Started process (PID=3072) to work on /home/airflow/.local/lib/python3.8/site-packages/airflow/example_dags/example_short_circuit_decorator.py
[2026-05-03T00:27:56.173+0000] {processor.py:830} INFO - Processing file /home/airflow/.local/lib/python3.8/site-packages/airflow/example_dags/example_short_circuit_decorator.py for tasks to queue
[2026-05-03T00:27:56.175+0000] {logging_mixin.py:188} INFO - [2026-05-03T00:27:56.175+0000] {dagbag.py:540} INFO - Filling up the DagBag from /home/airflow/.local/lib/python3.8/site-packages/airflow/example_dags/example_short_circuit_decorator.py
[2026-05-03T00:27:56.187+0000] {processor.py:840} INFO - DAG(s) 'example_short_circuit_decorator' retrieved from /home/airflow/.local/lib/python3.8/site-packages/airflow/example_dags/example_short_circuit_decorator.py
[2026-05-03T00:27:56.210+0000] {logging_mixin.py:188} INFO - [2026-05-03T00:27:56.209+0000] {dag.py:3047} INFO - Sync 1 DAGs
[2026-05-03T00:27:56.231+0000] {logging_mixin.py:188} INFO - [2026-05-03T00:27:56.230+0000] {dag.py:3834} INFO - Setting next_dagrun for example_short_circuit_decorator to 2026-05-02 00:00:00+00:00, run_after=2026-05-03 00:00:00+00:00
[2026-05-03T00:27:56.254+0000] {processor.py:183} INFO - Processing /home/airflow/.local/lib/python3.8/site-packages/airflow/example_dags/example_short_circuit_decorator.py took 0.085 seconds
[2026-05-03T00:28:26.561+0000] {processor.py:161} INFO - Started process (PID=3128) to work on /home/airflow/.local/lib/python3.8/site-packages/airflow/example_dags/example_short_circuit_decorator.py
[2026-05-03T00:28:26.562+0000] {processor.py:830} INFO - Processing file /home/airflow/.local/lib/python3.8/site-packages/airflow/example_dags/example_short_circuit_decorator.py for tasks to queue
[2026-05-03T00:28:26.564+0000] {logging_mixin.py:188} INFO - [2026-05-03T00:28:26.563+0000] {dagbag.py:540} INFO - Filling up the DagBag from /home/airflow/.local/lib/python3.8/site-packages/airflow/example_dags/example_short_circuit_decorator.py
[2026-05-03T00:28:26.570+0000] {processor.py:840} INFO - DAG(s) 'example_short_circuit_decorator' retrieved from /home/airflow/.local/lib/python3.8/site-packages/airflow/example_dags/example_short_circuit_decorator.py
[2026-05-03T00:28:26.585+0000] {logging_mixin.py:188} INFO - [2026-05-03T00:28:26.585+0000] {dag.py:3047} INFO - Sync 1 DAGs
[2026-05-03T00:28:26.601+0000] {logging_mixin.py:188} INFO - [2026-05-03T00:28:26.601+0000] {dag.py:3834} INFO - Setting next_dagrun for example_short_circuit_decorator to 2026-05-02 00:00:00+00:00, run_after=2026-05-03 00:00:00+00:00
[2026-05-03T00:28:26.620+0000] {processor.py:183} INFO - Processing /home/airflow/.local/lib/python3.8/site-packages/airflow/example_dags/example_short_circuit_decorator.py took 0.061 seconds
[2026-05-03T00:28:56.849+0000] {processor.py:161} INFO - Started process (PID=3184) to work on /home/airflow/.local/lib/python3.8/site-packages/airflow/example_dags/example_short_circuit_decorator.py
[2026-05-03T00:28:56.851+0000] {processor.py:830} INFO - Processing file /home/airflow/.local/lib/python3.8/site-packages/airflow/example_dags/example_short_circuit_decorator.py for tasks to queue
[2026-05-03T00:28:56.853+0000] {logging_mixin.py:188} INFO - [2026-05-03T00:28:56.853+0000] {dagbag.py:540} INFO - Filling up the DagBag from /home/airflow/.local/lib/python3.8/site-packages/airflow/example_dags/example_short_circuit_decorator.py
[2026-05-03T00:28:56.861+0000] {processor.py:840} INFO - DAG(s) 'example_short_circuit_decorator' retrieved from /home/airflow/.local/lib/python3.8/site-packages/airflow/example_dags/example_short_circuit_decorator.py
[2026-05-03T00:28:56.885+0000] {logging_mixin.py:188} INFO - [2026-05-03T00:28:56.885+0000] {dag.py:3047} INFO - Sync 1 DAGs
[2026-05-03T00:28:56.902+0000] {logging_mixin.py:188} INFO - [2026-05-03T00:28:56.902+0000] {dag.py:3834} INFO - Setting next_dagrun for example_short_circuit_decorator to 2026-05-02 00:00:00+00:00, run_after=2026-05-03 00:00:00+00:00
[2026-05-03T00:28:56.912+0000] {processor.py:183} INFO - Processing /home/airflow/.local/lib/python3.8/site-packages/airflow/example_dags/example_short_circuit_decorator.py took 0.065 seconds
[2026-05-03T00:29:27.192+0000] {processor.py:161} INFO - Started process (PID=3240) to work on /home/airflow/.local/lib/python3.8/site-packages/airflow/example_dags/example_short_circuit_decorator.py
[2026-05-03T00:29:27.193+0000] {processor.py:830} INFO - Processing file /home/airflow/.local/lib/python3.8/site-packages/airflow/example_dags/example_short_circuit_decorator.py for tasks to queue
[2026-05-03T00:29:27.194+0000] {logging_mixin.py:188} INFO - [2026-05-03T00:29:27.194+0000] {dagbag.py:540} INFO - Filling up the DagBag from /home/airflow/.local/lib/python3.8/site-packages/airflow/example_dags/example_short_circuit_decorator.py
[2026-05-03T00:29:27.201+0000] {processor.py:840} INFO - DAG(s) 'example_short_circuit_decorator' retrieved from /home/airflow/.local/lib/python3.8/site-packages/airflow/example_dags/example_short_circuit_decorator.py
[2026-05-03T00:29:27.221+0000] {logging_mixin.py:188} INFO - [2026-05-03T00:29:27.221+0000] {dag.py:3047} INFO - Sync 1 DAGs
[2026-05-03T00:29:27.239+0000] {logging_mixin.py:188} INFO - [2026-05-03T00:29:27.238+0000] {dag.py:3834} INFO - Setting next_dagrun for example_short_circuit_decorator to 2026-05-02 00:00:00+00:00, run_after=2026-05-03 00:00:00+00:00
[2026-05-03T00:29:27.252+0000] {processor.py:183} INFO - Processing /home/airflow/.local/lib/python3.8/site-packages/airflow/example_dags/example_short_circuit_decorator.py took 0.063 seconds
[2026-05-03T00:29:57.453+0000] {processor.py:161} INFO - Started process (PID=3296) to work on /home/airflow/.local/lib/python3.8/site-packages/airflow/example_dags/example_short_circuit_decorator.py
[2026-05-03T00:29:57.456+0000] {processor.py:830} INFO - Processing file /home/airflow/.local/lib/python3.8/site-packages/airflow/example_dags/example_short_circuit_decorator.py for tasks to queue
[2026-05-03T00:29:57.458+0000] {logging_mixin.py:188} INFO - [2026-05-03T00:29:57.457+0000] {dagbag.py:540} INFO - Filling up the DagBag from /home/airflow/.local/lib/python3.8/site-packages/airflow/example_dags/example_short_circuit_decorator.py
[2026-05-03T00:29:57.468+0000] {processor.py:840} INFO - DAG(s) 'example_short_circuit_decorator' retrieved from /home/airflow/.local/lib/python3.8/site-packages/airflow/example_dags/example_short_circuit_decorator.py
[2026-05-03T00:29:57.486+0000] {logging_mixin.py:188} INFO - [2026-05-03T00:29:57.486+0000] {dag.py:3047} INFO - Sync 1 DAGs
[2026-05-03T00:29:57.503+0000] {logging_mixin.py:188} INFO - [2026-05-03T00:29:57.502+0000] {dag.py:3834} INFO - Setting next_dagrun for example_short_circuit_decorator to 2026-05-02 00:00:00+00:00, run_after=2026-05-03 00:00:00+00:00
[2026-05-03T00:29:57.516+0000] {processor.py:183} INFO - Processing /home/airflow/.local/lib/python3.8/site-packages/airflow/example_dags/example_short_circuit_decorator.py took 0.065 seconds
[2026-05-03T00:30:27.723+0000] {processor.py:161} INFO - Started process (PID=3352) to work on /home/airflow/.local/lib/python3.8/site-packages/airflow/example_dags/example_short_circuit_decorator.py
[2026-05-03T00:30:27.724+0000] {processor.py:830} INFO - Processing file /home/airflow/.local/lib/python3.8/site-packages/airflow/example_dags/example_short_circuit_decorator.py for tasks to queue
[2026-05-03T00:30:27.726+0000] {logging_mixin.py:188} INFO - [2026-05-03T00:30:27.725+0000] {dagbag.py:540} INFO - Filling up the DagBag from /home/airflow/.local/lib/python3.8/site-packages/airflow/example_dags/example_short_circuit_decorator.py
[2026-05-03T00:30:27.732+0000] {processor.py:840} INFO - DAG(s) 'example_short_circuit_decorator' retrieved from /home/airflow/.local/lib/python3.8/site-packages/airflow/example_dags/example_short_circuit_decorator.py
[2026-05-03T00:30:27.749+0000] {logging_mixin.py:188} INFO - [2026-05-03T00:30:27.749+0000] {dag.py:3047} INFO - Sync 1 DAGs
[2026-05-03T00:30:27.765+0000] {logging_mixin.py:188} INFO - [2026-05-03T00:30:27.765+0000] {dag.py:3834} INFO - Setting next_dagrun for example_short_circuit_decorator to 2026-05-02 00:00:00+00:00, run_after=2026-05-03 00:00:00+00:00
[2026-05-03T00:30:27.776+0000] {processor.py:183} INFO - Processing /home/airflow/.local/lib/python3.8/site-packages/airflow/example_dags/example_short_circuit_decorator.py took 0.055 seconds
[2026-05-03T00:30:57.917+0000] {processor.py:161} INFO - Started process (PID=3408) to work on /home/airflow/.local/lib/python3.8/site-packages/airflow/example_dags/example_short_circuit_decorator.py
[2026-05-03T00:30:57.918+0000] {processor.py:830} INFO - Processing file /home/airflow/.local/lib/python3.8/site-packages/airflow/example_dags/example_short_circuit_decorator.py for tasks to queue
[2026-05-03T00:30:57.919+0000] {logging_mixin.py:188} INFO - [2026-05-03T00:30:57.919+0000] {dagbag.py:540} INFO - Filling up the DagBag from /home/airflow/.local/lib/python3.8/site-packages/airflow/example_dags/example_short_circuit_decorator.py
[2026-05-03T00:30:57.926+0000] {processor.py:840} INFO - DAG(s) 'example_short_circuit_decorator' retrieved from /home/airflow/.local/lib/python3.8/site-packages/airflow/example_dags/example_short_circuit_decorator.py
[2026-05-03T00:30:57.947+0000] {logging_mixin.py:188} INFO - [2026-05-03T00:30:57.947+0000] {dag.py:3047} INFO - Sync 1 DAGs
[2026-05-03T00:30:57.969+0000] {logging_mixin.py:188} INFO - [2026-05-03T00:30:57.969+0000] {dag.py:3834} INFO - Setting next_dagrun for example_short_circuit_decorator to 2026-05-02 00:00:00+00:00, run_after=2026-05-03 00:00:00+00:00
[2026-05-03T00:30:57.981+0000] {processor.py:183} INFO - Processing /home/airflow/.local/lib/python3.8/site-packages/airflow/example_dags/example_short_circuit_decorator.py took 0.067 seconds
[2026-05-03T00:31:29.204+0000] {processor.py:161} INFO - Started process (PID=3464) to work on /home/airflow/.local/lib/python3.8/site-packages/airflow/example_dags/example_short_circuit_decorator.py
[2026-05-03T00:31:29.205+0000] {processor.py:830} INFO - Processing file /home/airflow/.local/lib/python3.8/site-packages/airflow/example_dags/example_short_circuit_decorator.py for tasks to queue
[2026-05-03T00:31:29.207+0000] {logging_mixin.py:188} INFO - [2026-05-03T00:31:29.206+0000] {dagbag.py:540} INFO - Filling up the DagBag from /home/airflow/.local/lib/python3.8/site-packages/airflow/example_dags/example_short_circuit_decorator.py
[2026-05-03T00:31:29.213+0000] {processor.py:840} INFO - DAG(s) 'example_short_circuit_decorator' retrieved from /home/airflow/.local/lib/python3.8/site-packages/airflow/example_dags/example_short_circuit_decorator.py
[2026-05-03T00:31:29.239+0000] {logging_mixin.py:188} INFO - [2026-05-03T00:31:29.239+0000] {dag.py:3047} INFO - Sync 1 DAGs
[2026-05-03T00:31:29.258+0000] {logging_mixin.py:188} INFO - [2026-05-03T00:31:29.258+0000] {dag.py:3834} INFO - Setting next_dagrun for example_short_circuit_decorator to 2026-05-02 00:00:00+00:00, run_after=2026-05-03 00:00:00+00:00
[2026-05-03T00:31:29.274+0000] {processor.py:183} INFO - Processing /home/airflow/.local/lib/python3.8/site-packages/airflow/example_dags/example_short_circuit_decorator.py took 0.073 seconds
[2026-05-03T00:31:59.797+0000] {processor.py:161} INFO - Started process (PID=3520) to work on /home/airflow/.local/lib/python3.8/site-packages/airflow/example_dags/example_short_circuit_decorator.py
[2026-05-03T00:31:59.798+0000] {processor.py:830} INFO - Processing file /home/airflow/.local/lib/python3.8/site-packages/airflow/example_dags/example_short_circuit_decorator.py for tasks to queue
[2026-05-03T00:31:59.800+0000] {logging_mixin.py:188} INFO - [2026-05-03T00:31:59.800+0000] {dagbag.py:540} INFO - Filling up the DagBag from /home/airflow/.local/lib/python3.8/site-packages/airflow/example_dags/example_short_circuit_decorator.py
[2026-05-03T00:31:59.808+0000] {processor.py:840} INFO - DAG(s) 'example_short_circuit_decorator' retrieved from /home/airflow/.local/lib/python3.8/site-packages/airflow/example_dags/example_short_circuit_decorator.py
[2026-05-03T00:31:59.826+0000] {logging_mixin.py:188} INFO - [2026-05-03T00:31:59.825+0000] {dag.py:3047} INFO - Sync 1 DAGs
[2026-05-03T00:31:59.841+0000] {logging_mixin.py:188} INFO - [2026-05-03T00:31:59.841+0000] {dag.py:3834} INFO - Setting next_dagrun for example_short_circuit_decorator to 2026-05-02 00:00:00+00:00, run_after=2026-05-03 00:00:00+00:00
[2026-05-03T00:31:59.857+0000] {processor.py:183} INFO - Processing /home/airflow/.local/lib/python3.8/site-packages/airflow/example_dags/example_short_circuit_decorator.py took 0.064 seconds
[2026-05-03T00:32:30.104+0000] {processor.py:161} INFO - Started process (PID=3576) to work on /home/airflow/.local/lib/python3.8/site-packages/airflow/example_dags/example_short_circuit_decorator.py
[2026-05-03T00:32:30.106+0000] {processor.py:830} INFO - Processing file /home/airflow/.local/lib/python3.8/site-packages/airflow/example_dags/example_short_circuit_decorator.py for tasks to queue
[2026-05-03T00:32:30.108+0000] {logging_mixin.py:188} INFO - [2026-05-03T00:32:30.108+0000] {dagbag.py:540} INFO - Filling up the DagBag from /home/airflow/.local/lib/python3.8/site-packages/airflow/example_dags/example_short_circuit_decorator.py
[2026-05-03T00:32:30.115+0000] {processor.py:840} INFO - DAG(s) 'example_short_circuit_decorator' retrieved from /home/airflow/.local/lib/python3.8/site-packages/airflow/example_dags/example_short_circuit_decorator.py
[2026-05-03T00:32:30.131+0000] {logging_mixin.py:188} INFO - [2026-05-03T00:32:30.131+0000] {dag.py:3047} INFO - Sync 1 DAGs
[2026-05-03T00:32:30.148+0000] {logging_mixin.py:188} INFO - [2026-05-03T00:32:30.148+0000] {dag.py:3834} INFO - Setting next_dagrun for example_short_circuit_decorator to 2026-05-02 00:00:00+00:00, run_after=2026-05-03 00:00:00+00:00
[2026-05-03T00:32:30.160+0000] {processor.py:183} INFO - Processing /home/airflow/.local/lib/python3.8/site-packages/airflow/example_dags/example_short_circuit_decorator.py took 0.058 seconds
[2026-05-03T00:33:00.302+0000] {processor.py:161} INFO - Started process (PID=3632) to work on /home/airflow/.local/lib/python3.8/site-packages/airflow/example_dags/example_short_circuit_decorator.py
[2026-05-03T00:33:00.303+0000] {processor.py:830} INFO - Processing file /home/airflow/.local/lib/python3.8/site-packages/airflow/example_dags/example_short_circuit_decorator.py for tasks to queue
[2026-05-03T00:33:00.305+0000] {logging_mixin.py:188} INFO - [2026-05-03T00:33:00.304+0000] {dagbag.py:540} INFO - Filling up the DagBag from /home/airflow/.local/lib/python3.8/site-packages/airflow/example_dags/example_short_circuit_decorator.py
[2026-05-03T00:33:00.311+0000] {processor.py:840} INFO - DAG(s) 'example_short_circuit_decorator' retrieved from /home/airflow/.local/lib/python3.8/site-packages/airflow/example_dags/example_short_circuit_decorator.py
[2026-05-03T00:33:00.326+0000] {logging_mixin.py:188} INFO - [2026-05-03T00:33:00.326+0000] {dag.py:3047} INFO - Sync 1 DAGs
[2026-05-03T00:33:00.342+0000] {logging_mixin.py:188} INFO - [2026-05-03T00:33:00.342+0000] {dag.py:3834} INFO - Setting next_dagrun for example_short_circuit_decorator to 2026-05-02 00:00:00+00:00, run_after=2026-05-03 00:00:00+00:00
[2026-05-03T00:33:00.358+0000] {processor.py:183} INFO - Processing /home/airflow/.local/lib/python3.8/site-packages/airflow/example_dags/example_short_circuit_decorator.py took 0.059 seconds
[2026-05-03T00:33:30.939+0000] {processor.py:161} INFO - Started process (PID=3688) to work on /home/airflow/.local/lib/python3.8/site-packages/airflow/example_dags/example_short_circuit_decorator.py
[2026-05-03T00:33:30.941+0000] {processor.py:830} INFO - Processing file /home/airflow/.local/lib/python3.8/site-packages/airflow/example_dags/example_short_circuit_decorator.py for tasks to queue
[2026-05-03T00:33:30.944+0000] {logging_mixin.py:188} INFO - [2026-05-03T00:33:30.943+0000] {dagbag.py:540} INFO - Filling up the DagBag from /home/airflow/.local/lib/python3.8/site-packages/airflow/example_dags/example_short_circuit_decorator.py
[2026-05-03T00:33:30.950+0000] {processor.py:840} INFO - DAG(s) 'example_short_circuit_decorator' retrieved from /home/airflow/.local/lib/python3.8/site-packages/airflow/example_dags/example_short_circuit_decorator.py
[2026-05-03T00:33:30.970+0000] {logging_mixin.py:188} INFO - [2026-05-03T00:33:30.969+0000] {dag.py:3047} INFO - Sync 1 DAGs
[2026-05-03T00:33:30.989+0000] {logging_mixin.py:188} INFO - [2026-05-03T00:33:30.989+0000] {dag.py:3834} INFO - Setting next_dagrun for example_short_circuit_decorator to 2026-05-02 00:00:00+00:00, run_after=2026-05-03 00:00:00+00:00
[2026-05-03T00:33:31.001+0000] {processor.py:183} INFO - Processing /home/airflow/.local/lib/python3.8/site-packages/airflow/example_dags/example_short_circuit_decorator.py took 0.067 seconds
[2026-05-03T00:34:01.463+0000] {processor.py:161} INFO - Started process (PID=3744) to work on /home/airflow/.local/lib/python3.8/site-packages/airflow/example_dags/example_short_circuit_decorator.py
[2026-05-03T00:34:01.464+0000] {processor.py:830} INFO - Processing file /home/airflow/.local/lib/python3.8/site-packages/airflow/example_dags/example_short_circuit_decorator.py for tasks to queue
[2026-05-03T00:34:01.466+0000] {logging_mixin.py:188} INFO - [2026-05-03T00:34:01.466+0000] {dagbag.py:540} INFO - Filling up the DagBag from /home/airflow/.local/lib/python3.8/site-packages/airflow/example_dags/example_short_circuit_decorator.py
[2026-05-03T00:34:01.472+0000] {processor.py:840} INFO - DAG(s) 'example_short_circuit_decorator' retrieved from /home/airflow/.local/lib/python3.8/site-packages/airflow/example_dags/example_short_circuit_decorator.py
[2026-05-03T00:34:01.488+0000] {logging_mixin.py:188} INFO - [2026-05-03T00:34:01.487+0000] {dag.py:3047} INFO - Sync 1 DAGs
[2026-05-03T00:34:01.502+0000] {logging_mixin.py:188} INFO - [2026-05-03T00:34:01.502+0000] {dag.py:3834} INFO - Setting next_dagrun for example_short_circuit_decorator to 2026-05-02 00:00:00+00:00, run_after=2026-05-03 00:00:00+00:00
[2026-05-03T00:34:01.520+0000] {processor.py:183} INFO - Processing /home/airflow/.local/lib/python3.8/site-packages/airflow/example_dags/example_short_circuit_decorator.py took 0.059 seconds
[2026-05-03T00:34:31.765+0000] {processor.py:161} INFO - Started process (PID=3800) to work on /home/airflow/.local/lib/python3.8/site-packages/airflow/example_dags/example_short_circuit_decorator.py
[2026-05-03T00:34:31.766+0000] {processor.py:830} INFO - Processing file /home/airflow/.local/lib/python3.8/site-packages/airflow/example_dags/example_short_circuit_decorator.py for tasks to queue
[2026-05-03T00:34:31.767+0000] {logging_mixin.py:188} INFO - [2026-05-03T00:34:31.767+0000] {dagbag.py:540} INFO - Filling up the DagBag from /home/airflow/.local/lib/python3.8/site-packages/airflow/example_dags/example_short_circuit_decorator.py
[2026-05-03T00:34:31.774+0000] {processor.py:840} INFO - DAG(s) 'example_short_circuit_decorator' retrieved from /home/airflow/.local/lib/python3.8/site-packages/airflow/example_dags/example_short_circuit_decorator.py
[2026-05-03T00:34:31.790+0000] {logging_mixin.py:188} INFO - [2026-05-03T00:34:31.789+0000] {dag.py:3047} INFO - Sync 1 DAGs
[2026-05-03T00:34:31.803+0000] {logging_mixin.py:188} INFO - [2026-05-03T00:34:31.803+0000] {dag.py:3834} INFO - Setting next_dagrun for example_short_circuit_decorator to 2026-05-02 00:00:00+00:00, run_after=2026-05-03 00:00:00+00:00
[2026-05-03T00:34:31.815+0000] {processor.py:183} INFO - Processing /home/airflow/.local/lib/python3.8/site-packages/airflow/example_dags/example_short_circuit_decorator.py took 0.052 seconds
[2026-05-03T00:35:01.946+0000] {processor.py:161} INFO - Started process (PID=3856) to work on /home/airflow/.local/lib/python3.8/site-packages/airflow/example_dags/example_short_circuit_decorator.py
[2026-05-03T00:35:01.947+0000] {processor.py:830} INFO - Processing file /home/airflow/.local/lib/python3.8/site-packages/airflow/example_dags/example_short_circuit_decorator.py for tasks to queue
[2026-05-03T00:35:01.948+0000] {logging_mixin.py:188} INFO - [2026-05-03T00:35:01.948+0000] {dagbag.py:540} INFO - Filling up the DagBag from /home/airflow/.local/lib/python3.8/site-packages/airflow/example_dags/example_short_circuit_decorator.py
[2026-05-03T00:35:01.955+0000] {processor.py:840} INFO - DAG(s) 'example_short_circuit_decorator' retrieved from /home/airflow/.local/lib/python3.8/site-packages/airflow/example_dags/example_short_circuit_decorator.py
[2026-05-03T00:35:01.973+0000] {logging_mixin.py:188} INFO - [2026-05-03T00:35:01.973+0000] {dag.py:3047} INFO - Sync 1 DAGs
[2026-05-03T00:35:01.987+0000] {logging_mixin.py:188} INFO - [2026-05-03T00:35:01.987+0000] {dag.py:3834} INFO - Setting next_dagrun for example_short_circuit_decorator to 2026-05-02 00:00:00+00:00, run_after=2026-05-03 00:00:00+00:00
[2026-05-03T00:35:01.998+0000] {processor.py:183} INFO - Processing /home/airflow/.local/lib/python3.8/site-packages/airflow/example_dags/example_short_circuit_decorator.py took 0.054 seconds
[2026-05-03T00:35:32.271+0000] {processor.py:161} INFO - Started process (PID=3912) to work on /home/airflow/.local/lib/python3.8/site-packages/airflow/example_dags/example_short_circuit_decorator.py
[2026-05-03T00:35:32.272+0000] {processor.py:830} INFO - Processing file /home/airflow/.local/lib/python3.8/site-packages/airflow/example_dags/example_short_circuit_decorator.py for tasks to queue
[2026-05-03T00:35:32.273+0000] {logging_mixin.py:188} INFO - [2026-05-03T00:35:32.273+0000] {dagbag.py:540} INFO - Filling up the DagBag from /home/airflow/.local/lib/python3.8/site-packages/airflow/example_dags/example_short_circuit_decorator.py
[2026-05-03T00:35:32.280+0000] {processor.py:840} INFO - DAG(s) 'example_short_circuit_decorator' retrieved from /home/airflow/.local/lib/python3.8/site-packages/airflow/example_dags/example_short_circuit_decorator.py
[2026-05-03T00:35:32.296+0000] {logging_mixin.py:188} INFO - [2026-05-03T00:35:32.295+0000] {dag.py:3047} INFO - Sync 1 DAGs
[2026-05-03T00:35:32.311+0000] {logging_mixin.py:188} INFO - [2026-05-03T00:35:32.311+0000] {dag.py:3834} INFO - Setting next_dagrun for example_short_circuit_decorator to 2026-05-02 00:00:00+00:00, run_after=2026-05-03 00:00:00+00:00
[2026-05-03T00:35:32.328+0000] {processor.py:183} INFO - Processing /home/airflow/.local/lib/python3.8/site-packages/airflow/example_dags/example_short_circuit_decorator.py took 0.060 seconds
[2026-05-03T00:36:02.962+0000] {processor.py:161} INFO - Started process (PID=3968) to work on /home/airflow/.local/lib/python3.8/site-packages/airflow/example_dags/example_short_circuit_decorator.py
[2026-05-03T00:36:02.963+0000] {processor.py:830} INFO - Processing file /home/airflow/.local/lib/python3.8/site-packages/airflow/example_dags/example_short_circuit_decorator.py for tasks to queue
[2026-05-03T00:36:02.964+0000] {logging_mixin.py:188} INFO - [2026-05-03T00:36:02.964+0000] {dagbag.py:540} INFO - Filling up the DagBag from /home/airflow/.local/lib/python3.8/site-packages/airflow/example_dags/example_short_circuit_decorator.py
[2026-05-03T00:36:02.973+0000] {processor.py:840} INFO - DAG(s) 'example_short_circuit_decorator' retrieved from /home/airflow/.local/lib/python3.8/site-packages/airflow/example_dags/example_short_circuit_decorator.py
[2026-05-03T00:36:02.996+0000] {logging_mixin.py:188} INFO - [2026-05-03T00:36:02.995+0000] {dag.py:3047} INFO - Sync 1 DAGs
[2026-05-03T00:36:03.013+0000] {logging_mixin.py:188} INFO - [2026-05-03T00:36:03.013+0000] {dag.py:3834} INFO - Setting next_dagrun for example_short_circuit_decorator to 2026-05-02 00:00:00+00:00, run_after=2026-05-03 00:00:00+00:00
[2026-05-03T00:36:03.031+0000] {processor.py:183} INFO - Processing /home/airflow/.local/lib/python3.8/site-packages/airflow/example_dags/example_short_circuit_decorator.py took 0.072 seconds
[2026-05-03T00:36:33.223+0000] {processor.py:161} INFO - Started process (PID=4024) to work on /home/airflow/.local/lib/python3.8/site-packages/airflow/example_dags/example_short_circuit_decorator.py
[2026-05-03T00:36:33.225+0000] {processor.py:830} INFO - Processing file /home/airflow/.local/lib/python3.8/site-packages/airflow/example_dags/example_short_circuit_decorator.py for tasks to queue
[2026-05-03T00:36:33.226+0000] {logging_mixin.py:188} INFO - [2026-05-03T00:36:33.226+0000] {dagbag.py:540} INFO - Filling up the DagBag from /home/airflow/.local/lib/python3.8/site-packages/airflow/example_dags/example_short_circuit_decorator.py
[2026-05-03T00:36:33.235+0000] {processor.py:840} INFO - DAG(s) 'example_short_circuit_decorator' retrieved from /home/airflow/.local/lib/python3.8/site-packages/airflow/example_dags/example_short_circuit_decorator.py
[2026-05-03T00:36:33.254+0000] {logging_mixin.py:188} INFO - [2026-05-03T00:36:33.254+0000] {dag.py:3047} INFO - Sync 1 DAGs
[2026-05-03T00:36:33.270+0000] {logging_mixin.py:188} INFO - [2026-05-03T00:36:33.270+0000] {dag.py:3834} INFO - Setting next_dagrun for example_short_circuit_decorator to 2026-05-02 00:00:00+00:00, run_after=2026-05-03 00:00:00+00:00
[2026-05-03T00:36:33.287+0000] {processor.py:183} INFO - Processing /home/airflow/.local/lib/python3.8/site-packages/airflow/example_dags/example_short_circuit_decorator.py took 0.067 seconds
[2026-05-03T00:37:03.644+0000] {processor.py:161} INFO - Started process (PID=4080) to work on /home/airflow/.local/lib/python3.8/site-packages/airflow/example_dags/example_short_circuit_decorator.py
[2026-05-03T00:37:03.645+0000] {processor.py:830} INFO - Processing file /home/airflow/.local/lib/python3.8/site-packages/airflow/example_dags/example_short_circuit_decorator.py for tasks to queue
[2026-05-03T00:37:03.646+0000] {logging_mixin.py:188} INFO - [2026-05-03T00:37:03.646+0000] {dagbag.py:540} INFO - Filling up the DagBag from /home/airflow/.local/lib/python3.8/site-packages/airflow/example_dags/example_short_circuit_decorator.py
[2026-05-03T00:37:03.654+0000] {processor.py:840} INFO - DAG(s) 'example_short_circuit_decorator' retrieved from /home/airflow/.local/lib/python3.8/site-packages/airflow/example_dags/example_short_circuit_decorator.py
[2026-05-03T00:37:03.673+0000] {logging_mixin.py:188} INFO - [2026-05-03T00:37:03.673+0000] {dag.py:3047} INFO - Sync 1 DAGs
[2026-05-03T00:37:03.689+0000] {logging_mixin.py:188} INFO - [2026-05-03T00:37:03.689+0000] {dag.py:3834} INFO - Setting next_dagrun for example_short_circuit_decorator to 2026-05-02 00:00:00+00:00, run_after=2026-05-03 00:00:00+00:00
[2026-05-03T00:37:03.706+0000] {processor.py:183} INFO - Processing /home/airflow/.local/lib/python3.8/site-packages/airflow/example_dags/example_short_circuit_decorator.py took 0.065 seconds
[2026-05-03T00:37:34.277+0000] {processor.py:161} INFO - Started process (PID=4136) to work on /home/airflow/.local/lib/python3.8/site-packages/airflow/example_dags/example_short_circuit_decorator.py
[2026-05-03T00:37:34.279+0000] {processor.py:830} INFO - Processing file /home/airflow/.local/lib/python3.8/site-packages/airflow/example_dags/example_short_circuit_decorator.py for tasks to queue
[2026-05-03T00:37:34.280+0000] {logging_mixin.py:188} INFO - [2026-05-03T00:37:34.280+0000] {dagbag.py:540} INFO - Filling up the DagBag from /home/airflow/.local/lib/python3.8/site-packages/airflow/example_dags/example_short_circuit_decorator.py
[2026-05-03T00:37:34.287+0000] {processor.py:840} INFO - DAG(s) 'example_short_circuit_decorator' retrieved from /home/airflow/.local/lib/python3.8/site-packages/airflow/example_dags/example_short_circuit_decorator.py
[2026-05-03T00:37:34.304+0000] {logging_mixin.py:188} INFO - [2026-05-03T00:37:34.304+0000] {dag.py:3047} INFO - Sync 1 DAGs
[2026-05-03T00:37:34.323+0000] {logging_mixin.py:188} INFO - [2026-05-03T00:37:34.323+0000] {dag.py:3834} INFO - Setting next_dagrun for example_short_circuit_decorator to 2026-05-02 00:00:00+00:00, run_after=2026-05-03 00:00:00+00:00
[2026-05-03T00:37:34.341+0000] {processor.py:183} INFO - Processing /home/airflow/.local/lib/python3.8/site-packages/airflow/example_dags/example_short_circuit_decorator.py took 0.066 seconds
[2026-05-03T00:38:04.637+0000] {processor.py:161} INFO - Started process (PID=4192) to work on /home/airflow/.local/lib/python3.8/site-packages/airflow/example_dags/example_short_circuit_decorator.py
[2026-05-03T00:38:04.638+0000] {processor.py:830} INFO - Processing file /home/airflow/.local/lib/python3.8/site-packages/airflow/example_dags/example_short_circuit_decorator.py for tasks to queue
[2026-05-03T00:38:04.642+0000] {logging_mixin.py:188} INFO - [2026-05-03T00:38:04.642+0000] {dagbag.py:540} INFO - Filling up the DagBag from /home/airflow/.local/lib/python3.8/site-packages/airflow/example_dags/example_short_circuit_decorator.py
[2026-05-03T00:38:04.649+0000] {processor.py:840} INFO - DAG(s) 'example_short_circuit_decorator' retrieved from /home/airflow/.local/lib/python3.8/site-packages/airflow/example_dags/example_short_circuit_decorator.py
[2026-05-03T00:38:04.672+0000] {logging_mixin.py:188} INFO - [2026-05-03T00:38:04.672+0000] {dag.py:3047} INFO - Sync 1 DAGs
[2026-05-03T00:38:04.691+0000] {logging_mixin.py:188} INFO - [2026-05-03T00:38:04.691+0000] {dag.py:3834} INFO - Setting next_dagrun for example_short_circuit_decorator to 2026-05-02 00:00:00+00:00, run_after=2026-05-03 00:00:00+00:00
[2026-05-03T00:38:04.709+0000] {processor.py:183} INFO - Processing /home/airflow/.local/lib/python3.8/site-packages/airflow/example_dags/example_short_circuit_decorator.py took 0.076 seconds
[2026-05-03T00:38:35.164+0000] {processor.py:161} INFO - Started process (PID=4248) to work on /home/airflow/.local/lib/python3.8/site-packages/airflow/example_dags/example_short_circuit_decorator.py
[2026-05-03T00:38:35.166+0000] {processor.py:830} INFO - Processing file /home/airflow/.local/lib/python3.8/site-packages/airflow/example_dags/example_short_circuit_decorator.py for tasks to queue
[2026-05-03T00:38:35.167+0000] {logging_mixin.py:188} INFO - [2026-05-03T00:38:35.167+0000] {dagbag.py:540} INFO - Filling up the DagBag from /home/airflow/.local/lib/python3.8/site-packages/airflow/example_dags/example_short_circuit_decorator.py
[2026-05-03T00:38:35.174+0000] {processor.py:840} INFO - DAG(s) 'example_short_circuit_decorator' retrieved from /home/airflow/.local/lib/python3.8/site-packages/airflow/example_dags/example_short_circuit_decorator.py
[2026-05-03T00:38:35.192+0000] {logging_mixin.py:188} INFO - [2026-05-03T00:38:35.191+0000] {dag.py:3047} INFO - Sync 1 DAGs
[2026-05-03T00:38:35.208+0000] {logging_mixin.py:188} INFO - [2026-05-03T00:38:35.208+0000] {dag.py:3834} INFO - Setting next_dagrun for example_short_circuit_decorator to 2026-05-02 00:00:00+00:00, run_after=2026-05-03 00:00:00+00:00
[2026-05-03T00:38:35.230+0000] {processor.py:183} INFO - Processing /home/airflow/.local/lib/python3.8/site-packages/airflow/example_dags/example_short_circuit_decorator.py took 0.068 seconds
[2026-05-03T00:39:05.427+0000] {processor.py:161} INFO - Started process (PID=4304) to work on /home/airflow/.local/lib/python3.8/site-packages/airflow/example_dags/example_short_circuit_decorator.py
[2026-05-03T00:39:05.428+0000] {processor.py:830} INFO - Processing file /home/airflow/.local/lib/python3.8/site-packages/airflow/example_dags/example_short_circuit_decorator.py for tasks to queue
[2026-05-03T00:39:05.429+0000] {logging_mixin.py:188} INFO - [2026-05-03T00:39:05.429+0000] {dagbag.py:540} INFO - Filling up the DagBag from /home/airflow/.local/lib/python3.8/site-packages/airflow/example_dags/example_short_circuit_decorator.py
[2026-05-03T00:39:05.440+0000] {processor.py:840} INFO - DAG(s) 'example_short_circuit_decorator' retrieved from /home/airflow/.local/lib/python3.8/site-packages/airflow/example_dags/example_short_circuit_decorator.py
[2026-05-03T00:39:05.464+0000] {logging_mixin.py:188} INFO - [2026-05-03T00:39:05.464+0000] {dag.py:3047} INFO - Sync 1 DAGs
[2026-05-03T00:39:05.477+0000] {logging_mixin.py:188} INFO - [2026-05-03T00:39:05.477+0000] {dag.py:3834} INFO - Setting next_dagrun for example_short_circuit_decorator to 2026-05-02 00:00:00+00:00, run_after=2026-05-03 00:00:00+00:00
[2026-05-03T00:39:05.492+0000] {processor.py:183} INFO - Processing /home/airflow/.local/lib/python3.8/site-packages/airflow/example_dags/example_short_circuit_decorator.py took 0.069 seconds
[2026-05-03T00:39:36.062+0000] {processor.py:161} INFO - Started process (PID=4360) to work on /home/airflow/.local/lib/python3.8/site-packages/airflow/example_dags/example_short_circuit_decorator.py
[2026-05-03T00:39:36.067+0000] {processor.py:830} INFO - Processing file /home/airflow/.local/lib/python3.8/site-packages/airflow/example_dags/example_short_circuit_decorator.py for tasks to queue
[2026-05-03T00:39:36.069+0000] {logging_mixin.py:188} INFO - [2026-05-03T00:39:36.069+0000] {dagbag.py:540} INFO - Filling up the DagBag from /home/airflow/.local/lib/python3.8/site-packages/airflow/example_dags/example_short_circuit_decorator.py
[2026-05-03T00:39:36.077+0000] {processor.py:840} INFO - DAG(s) 'example_short_circuit_decorator' retrieved from /home/airflow/.local/lib/python3.8/site-packages/airflow/example_dags/example_short_circuit_decorator.py
[2026-05-03T00:39:36.099+0000] {logging_mixin.py:188} INFO - [2026-05-03T00:39:36.098+0000] {dag.py:3047} INFO - Sync 1 DAGs
[2026-05-03T00:39:36.118+0000] {logging_mixin.py:188} INFO - [2026-05-03T00:39:36.118+0000] {dag.py:3834} INFO - Setting next_dagrun for example_short_circuit_decorator to 2026-05-02 00:00:00+00:00, run_after=2026-05-03 00:00:00+00:00
[2026-05-03T00:39:36.135+0000] {processor.py:183} INFO - Processing /home/airflow/.local/lib/python3.8/site-packages/airflow/example_dags/example_short_circuit_decorator.py took 0.076 seconds
