[2026-05-03T00:01:59.768+0000] {processor.py:161} INFO - Started process (PID=2756) to work on /home/airflow/.local/lib/python3.8/site-packages/airflow/example_dags/example_branch_labels.py
[2026-05-03T00:01:59.768+0000] {processor.py:830} INFO - Processing file /home/airflow/.local/lib/python3.8/site-packages/airflow/example_dags/example_branch_labels.py for tasks to queue
[2026-05-03T00:01:59.770+0000] {logging_mixin.py:188} INFO - [2026-05-03T00:01:59.769+0000] {dagbag.py:540} INFO - Filling up the DagBag from /home/airflow/.local/lib/python3.8/site-packages/airflow/example_dags/example_branch_labels.py
[2026-05-03T00:01:59.776+0000] {processor.py:840} INFO - DAG(s) 'example_branch_labels' retrieved from /home/airflow/.local/lib/python3.8/site-packages/airflow/example_dags/example_branch_labels.py
[2026-05-03T00:01:59.791+0000] {logging_mixin.py:188} INFO - [2026-05-03T00:01:59.791+0000] {dag.py:3047} INFO - Sync 1 DAGs
[2026-05-03T00:01:59.806+0000] {logging_mixin.py:188} INFO - [2026-05-03T00:01:59.806+0000] {dag.py:3834} INFO - Setting next_dagrun for example_branch_labels to 2026-05-02 00:00:00+00:00, run_after=2026-05-03 00:00:00+00:00
[2026-05-03T00:01:59.815+0000] {processor.py:183} INFO - Processing /home/airflow/.local/lib/python3.8/site-packages/airflow/example_dags/example_branch_labels.py took 0.051 seconds
[2026-05-03T00:11:41.334+0000] {processor.py:161} INFO - Started process (PID=2812) to work on /home/airflow/.local/lib/python3.8/site-packages/airflow/example_dags/example_branch_labels.py
[2026-05-03T00:11:41.335+0000] {processor.py:830} INFO - Processing file /home/airflow/.local/lib/python3.8/site-packages/airflow/example_dags/example_branch_labels.py for tasks to queue
[2026-05-03T00:11:41.337+0000] {logging_mixin.py:188} INFO - [2026-05-03T00:11:41.337+0000] {dagbag.py:540} INFO - Filling up the DagBag from /home/airflow/.local/lib/python3.8/site-packages/airflow/example_dags/example_branch_labels.py
[2026-05-03T00:11:41.349+0000] {processor.py:840} INFO - DAG(s) 'example_branch_labels' retrieved from /home/airflow/.local/lib/python3.8/site-packages/airflow/example_dags/example_branch_labels.py
[2026-05-03T00:11:41.370+0000] {logging_mixin.py:188} INFO - [2026-05-03T00:11:41.369+0000] {dag.py:3047} INFO - Sync 1 DAGs
[2026-05-03T00:11:41.386+0000] {logging_mixin.py:188} INFO - [2026-05-03T00:11:41.386+0000] {dag.py:3834} INFO - Setting next_dagrun for example_branch_labels to 2026-05-02 00:00:00+00:00, run_after=2026-05-03 00:00:00+00:00
[2026-05-03T00:11:41.401+0000] {processor.py:183} INFO - Processing /home/airflow/.local/lib/python3.8/site-packages/airflow/example_dags/example_branch_labels.py took 0.071 seconds
[2026-05-03T00:20:52.396+0000] {processor.py:161} INFO - Started process (PID=2868) to work on /home/airflow/.local/lib/python3.8/site-packages/airflow/example_dags/example_branch_labels.py
[2026-05-03T00:20:52.397+0000] {processor.py:830} INFO - Processing file /home/airflow/.local/lib/python3.8/site-packages/airflow/example_dags/example_branch_labels.py for tasks to queue
[2026-05-03T00:20:52.399+0000] {logging_mixin.py:188} INFO - [2026-05-03T00:20:52.398+0000] {dagbag.py:540} INFO - Filling up the DagBag from /home/airflow/.local/lib/python3.8/site-packages/airflow/example_dags/example_branch_labels.py
[2026-05-03T00:20:52.405+0000] {processor.py:840} INFO - DAG(s) 'example_branch_labels' retrieved from /home/airflow/.local/lib/python3.8/site-packages/airflow/example_dags/example_branch_labels.py
[2026-05-03T00:20:52.420+0000] {logging_mixin.py:188} INFO - [2026-05-03T00:20:52.420+0000] {dag.py:3047} INFO - Sync 1 DAGs
[2026-05-03T00:20:52.435+0000] {logging_mixin.py:188} INFO - [2026-05-03T00:20:52.435+0000] {dag.py:3834} INFO - Setting next_dagrun for example_branch_labels to 2026-05-02 00:00:00+00:00, run_after=2026-05-03 00:00:00+00:00
[2026-05-03T00:20:52.445+0000] {processor.py:183} INFO - Processing /home/airflow/.local/lib/python3.8/site-packages/airflow/example_dags/example_branch_labels.py took 0.052 seconds
[2026-05-03T00:26:52.453+0000] {processor.py:161} INFO - Started process (PID=2924) to work on /home/airflow/.local/lib/python3.8/site-packages/airflow/example_dags/example_branch_labels.py
[2026-05-03T00:26:52.455+0000] {processor.py:830} INFO - Processing file /home/airflow/.local/lib/python3.8/site-packages/airflow/example_dags/example_branch_labels.py for tasks to queue
[2026-05-03T00:26:52.457+0000] {logging_mixin.py:188} INFO - [2026-05-03T00:26:52.456+0000] {dagbag.py:540} INFO - Filling up the DagBag from /home/airflow/.local/lib/python3.8/site-packages/airflow/example_dags/example_branch_labels.py
[2026-05-03T00:26:52.464+0000] {processor.py:840} INFO - DAG(s) 'example_branch_labels' retrieved from /home/airflow/.local/lib/python3.8/site-packages/airflow/example_dags/example_branch_labels.py
[2026-05-03T00:26:52.487+0000] {logging_mixin.py:188} INFO - [2026-05-03T00:26:52.487+0000] {dag.py:3047} INFO - Sync 1 DAGs
[2026-05-03T00:26:52.504+0000] {logging_mixin.py:188} INFO - [2026-05-03T00:26:52.504+0000] {dag.py:3834} INFO - Setting next_dagrun for example_branch_labels to 2026-05-02 00:00:00+00:00, run_after=2026-05-03 00:00:00+00:00
[2026-05-03T00:26:52.526+0000] {processor.py:183} INFO - Processing /home/airflow/.local/lib/python3.8/site-packages/airflow/example_dags/example_branch_labels.py took 0.076 seconds
[2026-05-03T00:27:22.641+0000] {processor.py:161} INFO - Started process (PID=2980) to work on /home/airflow/.local/lib/python3.8/site-packages/airflow/example_dags/example_branch_labels.py
[2026-05-03T00:27:22.642+0000] {processor.py:830} INFO - Processing file /home/airflow/.local/lib/python3.8/site-packages/airflow/example_dags/example_branch_labels.py for tasks to queue
[2026-05-03T00:27:22.643+0000] {logging_mixin.py:188} INFO - [2026-05-03T00:27:22.643+0000] {dagbag.py:540} INFO - Filling up the DagBag from /home/airflow/.local/lib/python3.8/site-packages/airflow/example_dags/example_branch_labels.py
[2026-05-03T00:27:22.649+0000] {processor.py:840} INFO - DAG(s) 'example_branch_labels' retrieved from /home/airflow/.local/lib/python3.8/site-packages/airflow/example_dags/example_branch_labels.py
[2026-05-03T00:27:22.663+0000] {logging_mixin.py:188} INFO - [2026-05-03T00:27:22.663+0000] {dag.py:3047} INFO - Sync 1 DAGs
[2026-05-03T00:27:22.676+0000] {logging_mixin.py:188} INFO - [2026-05-03T00:27:22.676+0000] {dag.py:3834} INFO - Setting next_dagrun for example_branch_labels to 2026-05-02 00:00:00+00:00, run_after=2026-05-03 00:00:00+00:00
[2026-05-03T00:27:22.686+0000] {processor.py:183} INFO - Processing /home/airflow/.local/lib/python3.8/site-packages/airflow/example_dags/example_branch_labels.py took 0.047 seconds
[2026-05-03T00:27:53.561+0000] {processor.py:161} INFO - Started process (PID=3036) to work on /home/airflow/.local/lib/python3.8/site-packages/airflow/example_dags/example_branch_labels.py
[2026-05-03T00:27:53.563+0000] {processor.py:830} INFO - Processing file /home/airflow/.local/lib/python3.8/site-packages/airflow/example_dags/example_branch_labels.py for tasks to queue
[2026-05-03T00:27:53.565+0000] {logging_mixin.py:188} INFO - [2026-05-03T00:27:53.565+0000] {dagbag.py:540} INFO - Filling up the DagBag from /home/airflow/.local/lib/python3.8/site-packages/airflow/example_dags/example_branch_labels.py
[2026-05-03T00:27:53.571+0000] {processor.py:840} INFO - DAG(s) 'example_branch_labels' retrieved from /home/airflow/.local/lib/python3.8/site-packages/airflow/example_dags/example_branch_labels.py
[2026-05-03T00:27:53.593+0000] {logging_mixin.py:188} INFO - [2026-05-03T00:27:53.592+0000] {dag.py:3047} INFO - Sync 1 DAGs
[2026-05-03T00:27:53.614+0000] {logging_mixin.py:188} INFO - [2026-05-03T00:27:53.613+0000] {dag.py:3834} INFO - Setting next_dagrun for example_branch_labels to 2026-05-02 00:00:00+00:00, run_after=2026-05-03 00:00:00+00:00
[2026-05-03T00:27:53.631+0000] {processor.py:183} INFO - Processing /home/airflow/.local/lib/python3.8/site-packages/airflow/example_dags/example_branch_labels.py took 0.073 seconds
[2026-05-03T00:28:23.960+0000] {processor.py:161} INFO - Started process (PID=3092) to work on /home/airflow/.local/lib/python3.8/site-packages/airflow/example_dags/example_branch_labels.py
[2026-05-03T00:28:23.961+0000] {processor.py:830} INFO - Processing file /home/airflow/.local/lib/python3.8/site-packages/airflow/example_dags/example_branch_labels.py for tasks to queue
[2026-05-03T00:28:23.962+0000] {logging_mixin.py:188} INFO - [2026-05-03T00:28:23.962+0000] {dagbag.py:540} INFO - Filling up the DagBag from /home/airflow/.local/lib/python3.8/site-packages/airflow/example_dags/example_branch_labels.py
[2026-05-03T00:28:23.969+0000] {processor.py:840} INFO - DAG(s) 'example_branch_labels' retrieved from /home/airflow/.local/lib/python3.8/site-packages/airflow/example_dags/example_branch_labels.py
[2026-05-03T00:28:23.988+0000] {logging_mixin.py:188} INFO - [2026-05-03T00:28:23.987+0000] {dag.py:3047} INFO - Sync 1 DAGs
[2026-05-03T00:28:24.007+0000] {logging_mixin.py:188} INFO - [2026-05-03T00:28:24.007+0000] {dag.py:3834} INFO - Setting next_dagrun for example_branch_labels to 2026-05-02 00:00:00+00:00, run_after=2026-05-03 00:00:00+00:00
[2026-05-03T00:28:24.026+0000] {processor.py:183} INFO - Processing /home/airflow/.local/lib/python3.8/site-packages/airflow/example_dags/example_branch_labels.py took 0.069 seconds
[2026-05-03T00:28:54.234+0000] {processor.py:161} INFO - Started process (PID=3148) to work on /home/airflow/.local/lib/python3.8/site-packages/airflow/example_dags/example_branch_labels.py
[2026-05-03T00:28:54.235+0000] {processor.py:830} INFO - Processing file /home/airflow/.local/lib/python3.8/site-packages/airflow/example_dags/example_branch_labels.py for tasks to queue
[2026-05-03T00:28:54.237+0000] {logging_mixin.py:188} INFO - [2026-05-03T00:28:54.236+0000] {dagbag.py:540} INFO - Filling up the DagBag from /home/airflow/.local/lib/python3.8/site-packages/airflow/example_dags/example_branch_labels.py
[2026-05-03T00:28:54.243+0000] {processor.py:840} INFO - DAG(s) 'example_branch_labels' retrieved from /home/airflow/.local/lib/python3.8/site-packages/airflow/example_dags/example_branch_labels.py
[2026-05-03T00:28:54.263+0000] {logging_mixin.py:188} INFO - [2026-05-03T00:28:54.263+0000] {dag.py:3047} INFO - Sync 1 DAGs
[2026-05-03T00:28:54.282+0000] {logging_mixin.py:188} INFO - [2026-05-03T00:28:54.282+0000] {dag.py:3834} INFO - Setting next_dagrun for example_branch_labels to 2026-05-02 00:00:00+00:00, run_after=2026-05-03 00:00:00+00:00
[2026-05-03T00:28:54.302+0000] {processor.py:183} INFO - Processing /home/airflow/.local/lib/python3.8/site-packages/airflow/example_dags/example_branch_labels.py took 0.071 seconds
[2026-05-03T00:29:24.530+0000] {processor.py:161} INFO - Started process (PID=3204) to work on /home/airflow/.local/lib/python3.8/site-packages/airflow/example_dags/example_branch_labels.py
[2026-05-03T00:29:24.531+0000] {processor.py:830} INFO - Processing file /home/airflow/.local/lib/python3.8/site-packages/airflow/example_dags/example_branch_labels.py for tasks to queue
[2026-05-03T00:29:24.532+0000] {logging_mixin.py:188} INFO - [2026-05-03T00:29:24.532+0000] {dagbag.py:540} INFO - Filling up the DagBag from /home/airflow/.local/lib/python3.8/site-packages/airflow/example_dags/example_branch_labels.py
[2026-05-03T00:29:24.538+0000] {processor.py:840} INFO - DAG(s) 'example_branch_labels' retrieved from /home/airflow/.local/lib/python3.8/site-packages/airflow/example_dags/example_branch_labels.py
[2026-05-03T00:29:24.555+0000] {logging_mixin.py:188} INFO - [2026-05-03T00:29:24.555+0000] {dag.py:3047} INFO - Sync 1 DAGs
[2026-05-03T00:29:24.573+0000] {logging_mixin.py:188} INFO - [2026-05-03T00:29:24.573+0000] {dag.py:3834} INFO - Setting next_dagrun for example_branch_labels to 2026-05-02 00:00:00+00:00, run_after=2026-05-03 00:00:00+00:00
[2026-05-03T00:29:24.587+0000] {processor.py:183} INFO - Processing /home/airflow/.local/lib/python3.8/site-packages/airflow/example_dags/example_branch_labels.py took 0.059 seconds
[2026-05-03T00:29:54.881+0000] {processor.py:161} INFO - Started process (PID=3260) to work on /home/airflow/.local/lib/python3.8/site-packages/airflow/example_dags/example_branch_labels.py
[2026-05-03T00:29:54.882+0000] {processor.py:830} INFO - Processing file /home/airflow/.local/lib/python3.8/site-packages/airflow/example_dags/example_branch_labels.py for tasks to queue
[2026-05-03T00:29:54.883+0000] {logging_mixin.py:188} INFO - [2026-05-03T00:29:54.883+0000] {dagbag.py:540} INFO - Filling up the DagBag from /home/airflow/.local/lib/python3.8/site-packages/airflow/example_dags/example_branch_labels.py
[2026-05-03T00:29:54.889+0000] {processor.py:840} INFO - DAG(s) 'example_branch_labels' retrieved from /home/airflow/.local/lib/python3.8/site-packages/airflow/example_dags/example_branch_labels.py
[2026-05-03T00:29:54.907+0000] {logging_mixin.py:188} INFO - [2026-05-03T00:29:54.907+0000] {dag.py:3047} INFO - Sync 1 DAGs
[2026-05-03T00:29:54.922+0000] {logging_mixin.py:188} INFO - [2026-05-03T00:29:54.921+0000] {dag.py:3834} INFO - Setting next_dagrun for example_branch_labels to 2026-05-02 00:00:00+00:00, run_after=2026-05-03 00:00:00+00:00
[2026-05-03T00:29:54.936+0000] {processor.py:183} INFO - Processing /home/airflow/.local/lib/python3.8/site-packages/airflow/example_dags/example_branch_labels.py took 0.057 seconds
[2026-05-03T00:30:25.187+0000] {processor.py:161} INFO - Started process (PID=3316) to work on /home/airflow/.local/lib/python3.8/site-packages/airflow/example_dags/example_branch_labels.py
[2026-05-03T00:30:25.188+0000] {processor.py:830} INFO - Processing file /home/airflow/.local/lib/python3.8/site-packages/airflow/example_dags/example_branch_labels.py for tasks to queue
[2026-05-03T00:30:25.189+0000] {logging_mixin.py:188} INFO - [2026-05-03T00:30:25.189+0000] {dagbag.py:540} INFO - Filling up the DagBag from /home/airflow/.local/lib/python3.8/site-packages/airflow/example_dags/example_branch_labels.py
[2026-05-03T00:30:25.197+0000] {processor.py:840} INFO - DAG(s) 'example_branch_labels' retrieved from /home/airflow/.local/lib/python3.8/site-packages/airflow/example_dags/example_branch_labels.py
[2026-05-03T00:30:25.223+0000] {logging_mixin.py:188} INFO - [2026-05-03T00:30:25.222+0000] {dag.py:3047} INFO - Sync 1 DAGs
[2026-05-03T00:30:25.244+0000] {logging_mixin.py:188} INFO - [2026-05-03T00:30:25.244+0000] {dag.py:3834} INFO - Setting next_dagrun for example_branch_labels to 2026-05-02 00:00:00+00:00, run_after=2026-05-03 00:00:00+00:00
[2026-05-03T00:30:25.262+0000] {processor.py:183} INFO - Processing /home/airflow/.local/lib/python3.8/site-packages/airflow/example_dags/example_branch_labels.py took 0.078 seconds
[2026-05-03T00:30:55.437+0000] {processor.py:161} INFO - Started process (PID=3372) to work on /home/airflow/.local/lib/python3.8/site-packages/airflow/example_dags/example_branch_labels.py
[2026-05-03T00:30:55.438+0000] {processor.py:830} INFO - Processing file /home/airflow/.local/lib/python3.8/site-packages/airflow/example_dags/example_branch_labels.py for tasks to queue
[2026-05-03T00:30:55.439+0000] {logging_mixin.py:188} INFO - [2026-05-03T00:30:55.439+0000] {dagbag.py:540} INFO - Filling up the DagBag from /home/airflow/.local/lib/python3.8/site-packages/airflow/example_dags/example_branch_labels.py
[2026-05-03T00:30:55.445+0000] {processor.py:840} INFO - DAG(s) 'example_branch_labels' retrieved from /home/airflow/.local/lib/python3.8/site-packages/airflow/example_dags/example_branch_labels.py
[2026-05-03T00:30:55.462+0000] {logging_mixin.py:188} INFO - [2026-05-03T00:30:55.461+0000] {dag.py:3047} INFO - Sync 1 DAGs
[2026-05-03T00:30:55.482+0000] {logging_mixin.py:188} INFO - [2026-05-03T00:30:55.482+0000] {dag.py:3834} INFO - Setting next_dagrun for example_branch_labels to 2026-05-02 00:00:00+00:00, run_after=2026-05-03 00:00:00+00:00
[2026-05-03T00:30:55.496+0000] {processor.py:183} INFO - Processing /home/airflow/.local/lib/python3.8/site-packages/airflow/example_dags/example_branch_labels.py took 0.062 seconds
[2026-05-03T00:31:25.975+0000] {processor.py:161} INFO - Started process (PID=3428) to work on /home/airflow/.local/lib/python3.8/site-packages/airflow/example_dags/example_branch_labels.py
[2026-05-03T00:31:25.976+0000] {processor.py:830} INFO - Processing file /home/airflow/.local/lib/python3.8/site-packages/airflow/example_dags/example_branch_labels.py for tasks to queue
[2026-05-03T00:31:25.978+0000] {logging_mixin.py:188} INFO - [2026-05-03T00:31:25.978+0000] {dagbag.py:540} INFO - Filling up the DagBag from /home/airflow/.local/lib/python3.8/site-packages/airflow/example_dags/example_branch_labels.py
[2026-05-03T00:31:25.986+0000] {processor.py:840} INFO - DAG(s) 'example_branch_labels' retrieved from /home/airflow/.local/lib/python3.8/site-packages/airflow/example_dags/example_branch_labels.py
[2026-05-03T00:31:26.010+0000] {logging_mixin.py:188} INFO - [2026-05-03T00:31:26.009+0000] {dag.py:3047} INFO - Sync 1 DAGs
[2026-05-03T00:31:26.037+0000] {logging_mixin.py:188} INFO - [2026-05-03T00:31:26.036+0000] {dag.py:3834} INFO - Setting next_dagrun for example_branch_labels to 2026-05-02 00:00:00+00:00, run_after=2026-05-03 00:00:00+00:00
[2026-05-03T00:31:26.063+0000] {processor.py:183} INFO - Processing /home/airflow/.local/lib/python3.8/site-packages/airflow/example_dags/example_branch_labels.py took 0.091 seconds
[2026-05-03T00:31:56.251+0000] {processor.py:161} INFO - Started process (PID=3484) to work on /home/airflow/.local/lib/python3.8/site-packages/airflow/example_dags/example_branch_labels.py
[2026-05-03T00:31:56.252+0000] {processor.py:830} INFO - Processing file /home/airflow/.local/lib/python3.8/site-packages/airflow/example_dags/example_branch_labels.py for tasks to queue
[2026-05-03T00:31:56.253+0000] {logging_mixin.py:188} INFO - [2026-05-03T00:31:56.253+0000] {dagbag.py:540} INFO - Filling up the DagBag from /home/airflow/.local/lib/python3.8/site-packages/airflow/example_dags/example_branch_labels.py
[2026-05-03T00:31:56.261+0000] {processor.py:840} INFO - DAG(s) 'example_branch_labels' retrieved from /home/airflow/.local/lib/python3.8/site-packages/airflow/example_dags/example_branch_labels.py
[2026-05-03T00:31:56.283+0000] {logging_mixin.py:188} INFO - [2026-05-03T00:31:56.283+0000] {dag.py:3047} INFO - Sync 1 DAGs
[2026-05-03T00:31:56.305+0000] {logging_mixin.py:188} INFO - [2026-05-03T00:31:56.304+0000] {dag.py:3834} INFO - Setting next_dagrun for example_branch_labels to 2026-05-02 00:00:00+00:00, run_after=2026-05-03 00:00:00+00:00
[2026-05-03T00:31:56.336+0000] {processor.py:183} INFO - Processing /home/airflow/.local/lib/python3.8/site-packages/airflow/example_dags/example_branch_labels.py took 0.090 seconds
[2026-05-03T00:32:26.636+0000] {processor.py:161} INFO - Started process (PID=3540) to work on /home/airflow/.local/lib/python3.8/site-packages/airflow/example_dags/example_branch_labels.py
[2026-05-03T00:32:26.638+0000] {processor.py:830} INFO - Processing file /home/airflow/.local/lib/python3.8/site-packages/airflow/example_dags/example_branch_labels.py for tasks to queue
[2026-05-03T00:32:26.639+0000] {logging_mixin.py:188} INFO - [2026-05-03T00:32:26.639+0000] {dagbag.py:540} INFO - Filling up the DagBag from /home/airflow/.local/lib/python3.8/site-packages/airflow/example_dags/example_branch_labels.py
[2026-05-03T00:32:26.645+0000] {processor.py:840} INFO - DAG(s) 'example_branch_labels' retrieved from /home/airflow/.local/lib/python3.8/site-packages/airflow/example_dags/example_branch_labels.py
[2026-05-03T00:32:26.658+0000] {logging_mixin.py:188} INFO - [2026-05-03T00:32:26.658+0000] {dag.py:3047} INFO - Sync 1 DAGs
[2026-05-03T00:32:26.672+0000] {logging_mixin.py:188} INFO - [2026-05-03T00:32:26.672+0000] {dag.py:3834} INFO - Setting next_dagrun for example_branch_labels to 2026-05-02 00:00:00+00:00, run_after=2026-05-03 00:00:00+00:00
[2026-05-03T00:32:26.681+0000] {processor.py:183} INFO - Processing /home/airflow/.local/lib/python3.8/site-packages/airflow/example_dags/example_branch_labels.py took 0.048 seconds
[2026-05-03T00:32:56.825+0000] {processor.py:161} INFO - Started process (PID=3596) to work on /home/airflow/.local/lib/python3.8/site-packages/airflow/example_dags/example_branch_labels.py
[2026-05-03T00:32:56.826+0000] {processor.py:830} INFO - Processing file /home/airflow/.local/lib/python3.8/site-packages/airflow/example_dags/example_branch_labels.py for tasks to queue
[2026-05-03T00:32:56.828+0000] {logging_mixin.py:188} INFO - [2026-05-03T00:32:56.828+0000] {dagbag.py:540} INFO - Filling up the DagBag from /home/airflow/.local/lib/python3.8/site-packages/airflow/example_dags/example_branch_labels.py
[2026-05-03T00:32:56.835+0000] {processor.py:840} INFO - DAG(s) 'example_branch_labels' retrieved from /home/airflow/.local/lib/python3.8/site-packages/airflow/example_dags/example_branch_labels.py
[2026-05-03T00:32:56.851+0000] {logging_mixin.py:188} INFO - [2026-05-03T00:32:56.851+0000] {dag.py:3047} INFO - Sync 1 DAGs
[2026-05-03T00:32:56.869+0000] {logging_mixin.py:188} INFO - [2026-05-03T00:32:56.869+0000] {dag.py:3834} INFO - Setting next_dagrun for example_branch_labels to 2026-05-02 00:00:00+00:00, run_after=2026-05-03 00:00:00+00:00
[2026-05-03T00:32:56.881+0000] {processor.py:183} INFO - Processing /home/airflow/.local/lib/python3.8/site-packages/airflow/example_dags/example_branch_labels.py took 0.058 seconds
[2026-05-03T00:33:27.255+0000] {processor.py:161} INFO - Started process (PID=3652) to work on /home/airflow/.local/lib/python3.8/site-packages/airflow/example_dags/example_branch_labels.py
[2026-05-03T00:33:27.256+0000] {processor.py:830} INFO - Processing file /home/airflow/.local/lib/python3.8/site-packages/airflow/example_dags/example_branch_labels.py for tasks to queue
[2026-05-03T00:33:27.257+0000] {logging_mixin.py:188} INFO - [2026-05-03T00:33:27.257+0000] {dagbag.py:540} INFO - Filling up the DagBag from /home/airflow/.local/lib/python3.8/site-packages/airflow/example_dags/example_branch_labels.py
[2026-05-03T00:33:27.267+0000] {processor.py:840} INFO - DAG(s) 'example_branch_labels' retrieved from /home/airflow/.local/lib/python3.8/site-packages/airflow/example_dags/example_branch_labels.py
[2026-05-03T00:33:27.286+0000] {logging_mixin.py:188} INFO - [2026-05-03T00:33:27.286+0000] {dag.py:3047} INFO - Sync 1 DAGs
[2026-05-03T00:33:27.300+0000] {logging_mixin.py:188} INFO - [2026-05-03T00:33:27.300+0000] {dag.py:3834} INFO - Setting next_dagrun for example_branch_labels to 2026-05-02 00:00:00+00:00, run_after=2026-05-03 00:00:00+00:00
[2026-05-03T00:33:27.310+0000] {processor.py:183} INFO - Processing /home/airflow/.local/lib/python3.8/site-packages/airflow/example_dags/example_branch_labels.py took 0.057 seconds
[2026-05-03T00:33:57.809+0000] {processor.py:161} INFO - Started process (PID=3708) to work on /home/airflow/.local/lib/python3.8/site-packages/airflow/example_dags/example_branch_labels.py
[2026-05-03T00:33:57.810+0000] {processor.py:830} INFO - Processing file /home/airflow/.local/lib/python3.8/site-packages/airflow/example_dags/example_branch_labels.py for tasks to queue
[2026-05-03T00:33:57.812+0000] {logging_mixin.py:188} INFO - [2026-05-03T00:33:57.812+0000] {dagbag.py:540} INFO - Filling up the DagBag from /home/airflow/.local/lib/python3.8/site-packages/airflow/example_dags/example_branch_labels.py
[2026-05-03T00:33:57.817+0000] {processor.py:840} INFO - DAG(s) 'example_branch_labels' retrieved from /home/airflow/.local/lib/python3.8/site-packages/airflow/example_dags/example_branch_labels.py
[2026-05-03T00:33:57.836+0000] {logging_mixin.py:188} INFO - [2026-05-03T00:33:57.835+0000] {dag.py:3047} INFO - Sync 1 DAGs
[2026-05-03T00:33:57.855+0000] {logging_mixin.py:188} INFO - [2026-05-03T00:33:57.854+0000] {dag.py:3834} INFO - Setting next_dagrun for example_branch_labels to 2026-05-02 00:00:00+00:00, run_after=2026-05-03 00:00:00+00:00
[2026-05-03T00:33:57.865+0000] {processor.py:183} INFO - Processing /home/airflow/.local/lib/python3.8/site-packages/airflow/example_dags/example_branch_labels.py took 0.064 seconds
[2026-05-03T00:34:28.184+0000] {processor.py:161} INFO - Started process (PID=3764) to work on /home/airflow/.local/lib/python3.8/site-packages/airflow/example_dags/example_branch_labels.py
[2026-05-03T00:34:28.185+0000] {processor.py:830} INFO - Processing file /home/airflow/.local/lib/python3.8/site-packages/airflow/example_dags/example_branch_labels.py for tasks to queue
[2026-05-03T00:34:28.187+0000] {logging_mixin.py:188} INFO - [2026-05-03T00:34:28.187+0000] {dagbag.py:540} INFO - Filling up the DagBag from /home/airflow/.local/lib/python3.8/site-packages/airflow/example_dags/example_branch_labels.py
[2026-05-03T00:34:28.193+0000] {processor.py:840} INFO - DAG(s) 'example_branch_labels' retrieved from /home/airflow/.local/lib/python3.8/site-packages/airflow/example_dags/example_branch_labels.py
[2026-05-03T00:34:28.207+0000] {logging_mixin.py:188} INFO - [2026-05-03T00:34:28.207+0000] {dag.py:3047} INFO - Sync 1 DAGs
[2026-05-03T00:34:28.221+0000] {logging_mixin.py:188} INFO - [2026-05-03T00:34:28.221+0000] {dag.py:3834} INFO - Setting next_dagrun for example_branch_labels to 2026-05-02 00:00:00+00:00, run_after=2026-05-03 00:00:00+00:00
[2026-05-03T00:34:28.230+0000] {processor.py:183} INFO - Processing /home/airflow/.local/lib/python3.8/site-packages/airflow/example_dags/example_branch_labels.py took 0.049 seconds
[2026-05-03T00:34:58.461+0000] {processor.py:161} INFO - Started process (PID=3820) to work on /home/airflow/.local/lib/python3.8/site-packages/airflow/example_dags/example_branch_labels.py
[2026-05-03T00:34:58.462+0000] {processor.py:830} INFO - Processing file /home/airflow/.local/lib/python3.8/site-packages/airflow/example_dags/example_branch_labels.py for tasks to queue
[2026-05-03T00:34:58.465+0000] {logging_mixin.py:188} INFO - [2026-05-03T00:34:58.464+0000] {dagbag.py:540} INFO - Filling up the DagBag from /home/airflow/.local/lib/python3.8/site-packages/airflow/example_dags/example_branch_labels.py
[2026-05-03T00:34:58.471+0000] {processor.py:840} INFO - DAG(s) 'example_branch_labels' retrieved from /home/airflow/.local/lib/python3.8/site-packages/airflow/example_dags/example_branch_labels.py
[2026-05-03T00:34:58.487+0000] {logging_mixin.py:188} INFO - [2026-05-03T00:34:58.487+0000] {dag.py:3047} INFO - Sync 1 DAGs
[2026-05-03T00:34:58.503+0000] {logging_mixin.py:188} INFO - [2026-05-03T00:34:58.503+0000] {dag.py:3834} INFO - Setting next_dagrun for example_branch_labels to 2026-05-02 00:00:00+00:00, run_after=2026-05-03 00:00:00+00:00
[2026-05-03T00:34:58.516+0000] {processor.py:183} INFO - Processing /home/airflow/.local/lib/python3.8/site-packages/airflow/example_dags/example_branch_labels.py took 0.057 seconds
[2026-05-03T00:35:28.720+0000] {processor.py:161} INFO - Started process (PID=3876) to work on /home/airflow/.local/lib/python3.8/site-packages/airflow/example_dags/example_branch_labels.py
[2026-05-03T00:35:28.721+0000] {processor.py:830} INFO - Processing file /home/airflow/.local/lib/python3.8/site-packages/airflow/example_dags/example_branch_labels.py for tasks to queue
[2026-05-03T00:35:28.723+0000] {logging_mixin.py:188} INFO - [2026-05-03T00:35:28.723+0000] {dagbag.py:540} INFO - Filling up the DagBag from /home/airflow/.local/lib/python3.8/site-packages/airflow/example_dags/example_branch_labels.py
[2026-05-03T00:35:28.730+0000] {processor.py:840} INFO - DAG(s) 'example_branch_labels' retrieved from /home/airflow/.local/lib/python3.8/site-packages/airflow/example_dags/example_branch_labels.py
[2026-05-03T00:35:28.752+0000] {logging_mixin.py:188} INFO - [2026-05-03T00:35:28.752+0000] {dag.py:3047} INFO - Sync 1 DAGs
[2026-05-03T00:35:28.770+0000] {logging_mixin.py:188} INFO - [2026-05-03T00:35:28.770+0000] {dag.py:3834} INFO - Setting next_dagrun for example_branch_labels to 2026-05-02 00:00:00+00:00, run_after=2026-05-03 00:00:00+00:00
[2026-05-03T00:35:28.787+0000] {processor.py:183} INFO - Processing /home/airflow/.local/lib/python3.8/site-packages/airflow/example_dags/example_branch_labels.py took 0.071 seconds
[2026-05-03T00:35:59.155+0000] {processor.py:161} INFO - Started process (PID=3932) to work on /home/airflow/.local/lib/python3.8/site-packages/airflow/example_dags/example_branch_labels.py
[2026-05-03T00:35:59.156+0000] {processor.py:830} INFO - Processing file /home/airflow/.local/lib/python3.8/site-packages/airflow/example_dags/example_branch_labels.py for tasks to queue
[2026-05-03T00:35:59.159+0000] {logging_mixin.py:188} INFO - [2026-05-03T00:35:59.158+0000] {dagbag.py:540} INFO - Filling up the DagBag from /home/airflow/.local/lib/python3.8/site-packages/airflow/example_dags/example_branch_labels.py
[2026-05-03T00:35:59.164+0000] {processor.py:840} INFO - DAG(s) 'example_branch_labels' retrieved from /home/airflow/.local/lib/python3.8/site-packages/airflow/example_dags/example_branch_labels.py
[2026-05-03T00:35:59.178+0000] {logging_mixin.py:188} INFO - [2026-05-03T00:35:59.178+0000] {dag.py:3047} INFO - Sync 1 DAGs
[2026-05-03T00:35:59.191+0000] {logging_mixin.py:188} INFO - [2026-05-03T00:35:59.191+0000] {dag.py:3834} INFO - Setting next_dagrun for example_branch_labels to 2026-05-02 00:00:00+00:00, run_after=2026-05-03 00:00:00+00:00
[2026-05-03T00:35:59.201+0000] {processor.py:183} INFO - Processing /home/airflow/.local/lib/python3.8/site-packages/airflow/example_dags/example_branch_labels.py took 0.049 seconds
[2026-05-03T00:36:29.684+0000] {processor.py:161} INFO - Started process (PID=3988) to work on /home/airflow/.local/lib/python3.8/site-packages/airflow/example_dags/example_branch_labels.py
[2026-05-03T00:36:29.685+0000] {processor.py:830} INFO - Processing file /home/airflow/.local/lib/python3.8/site-packages/airflow/example_dags/example_branch_labels.py for tasks to queue
[2026-05-03T00:36:29.687+0000] {logging_mixin.py:188} INFO - [2026-05-03T00:36:29.687+0000] {dagbag.py:540} INFO - Filling up the DagBag from /home/airflow/.local/lib/python3.8/site-packages/airflow/example_dags/example_branch_labels.py
[2026-05-03T00:36:29.693+0000] {processor.py:840} INFO - DAG(s) 'example_branch_labels' retrieved from /home/airflow/.local/lib/python3.8/site-packages/airflow/example_dags/example_branch_labels.py
[2026-05-03T00:36:29.711+0000] {logging_mixin.py:188} INFO - [2026-05-03T00:36:29.711+0000] {dag.py:3047} INFO - Sync 1 DAGs
[2026-05-03T00:36:29.731+0000] {logging_mixin.py:188} INFO - [2026-05-03T00:36:29.731+0000] {dag.py:3834} INFO - Setting next_dagrun for example_branch_labels to 2026-05-02 00:00:00+00:00, run_after=2026-05-03 00:00:00+00:00
[2026-05-03T00:36:29.745+0000] {processor.py:183} INFO - Processing /home/airflow/.local/lib/python3.8/site-packages/airflow/example_dags/example_branch_labels.py took 0.066 seconds
[2026-05-03T00:37:00.091+0000] {processor.py:161} INFO - Started process (PID=4044) to work on /home/airflow/.local/lib/python3.8/site-packages/airflow/example_dags/example_branch_labels.py
[2026-05-03T00:37:00.092+0000] {processor.py:830} INFO - Processing file /home/airflow/.local/lib/python3.8/site-packages/airflow/example_dags/example_branch_labels.py for tasks to queue
[2026-05-03T00:37:00.094+0000] {logging_mixin.py:188} INFO - [2026-05-03T00:37:00.093+0000] {dagbag.py:540} INFO - Filling up the DagBag from /home/airflow/.local/lib/python3.8/site-packages/airflow/example_dags/example_branch_labels.py
[2026-05-03T00:37:00.100+0000] {processor.py:840} INFO - DAG(s) 'example_branch_labels' retrieved from /home/airflow/.local/lib/python3.8/site-packages/airflow/example_dags/example_branch_labels.py
[2026-05-03T00:37:00.124+0000] {logging_mixin.py:188} INFO - [2026-05-03T00:37:00.124+0000] {dag.py:3047} INFO - Sync 1 DAGs
[2026-05-03T00:37:00.145+0000] {logging_mixin.py:188} INFO - [2026-05-03T00:37:00.145+0000] {dag.py:3834} INFO - Setting next_dagrun for example_branch_labels to 2026-05-02 00:00:00+00:00, run_after=2026-05-03 00:00:00+00:00
[2026-05-03T00:37:00.160+0000] {processor.py:183} INFO - Processing /home/airflow/.local/lib/python3.8/site-packages/airflow/example_dags/example_branch_labels.py took 0.073 seconds
[2026-05-03T00:37:30.548+0000] {processor.py:161} INFO - Started process (PID=4100) to work on /home/airflow/.local/lib/python3.8/site-packages/airflow/example_dags/example_branch_labels.py
[2026-05-03T00:37:30.550+0000] {processor.py:830} INFO - Processing file /home/airflow/.local/lib/python3.8/site-packages/airflow/example_dags/example_branch_labels.py for tasks to queue
[2026-05-03T00:37:30.552+0000] {logging_mixin.py:188} INFO - [2026-05-03T00:37:30.552+0000] {dagbag.py:540} INFO - Filling up the DagBag from /home/airflow/.local/lib/python3.8/site-packages/airflow/example_dags/example_branch_labels.py
[2026-05-03T00:37:30.558+0000] {processor.py:840} INFO - DAG(s) 'example_branch_labels' retrieved from /home/airflow/.local/lib/python3.8/site-packages/airflow/example_dags/example_branch_labels.py
[2026-05-03T00:37:30.574+0000] {logging_mixin.py:188} INFO - [2026-05-03T00:37:30.574+0000] {dag.py:3047} INFO - Sync 1 DAGs
[2026-05-03T00:37:30.591+0000] {logging_mixin.py:188} INFO - [2026-05-03T00:37:30.590+0000] {dag.py:3834} INFO - Setting next_dagrun for example_branch_labels to 2026-05-02 00:00:00+00:00, run_after=2026-05-03 00:00:00+00:00
[2026-05-03T00:37:30.603+0000] {processor.py:183} INFO - Processing /home/airflow/.local/lib/python3.8/site-packages/airflow/example_dags/example_branch_labels.py took 0.058 seconds
[2026-05-03T00:38:01.036+0000] {processor.py:161} INFO - Started process (PID=4156) to work on /home/airflow/.local/lib/python3.8/site-packages/airflow/example_dags/example_branch_labels.py
[2026-05-03T00:38:01.037+0000] {processor.py:830} INFO - Processing file /home/airflow/.local/lib/python3.8/site-packages/airflow/example_dags/example_branch_labels.py for tasks to queue
[2026-05-03T00:38:01.039+0000] {logging_mixin.py:188} INFO - [2026-05-03T00:38:01.038+0000] {dagbag.py:540} INFO - Filling up the DagBag from /home/airflow/.local/lib/python3.8/site-packages/airflow/example_dags/example_branch_labels.py
[2026-05-03T00:38:01.046+0000] {processor.py:840} INFO - DAG(s) 'example_branch_labels' retrieved from /home/airflow/.local/lib/python3.8/site-packages/airflow/example_dags/example_branch_labels.py
[2026-05-03T00:38:01.068+0000] {logging_mixin.py:188} INFO - [2026-05-03T00:38:01.068+0000] {dag.py:3047} INFO - Sync 1 DAGs
[2026-05-03T00:38:01.092+0000] {logging_mixin.py:188} INFO - [2026-05-03T00:38:01.092+0000] {dag.py:3834} INFO - Setting next_dagrun for example_branch_labels to 2026-05-02 00:00:00+00:00, run_after=2026-05-03 00:00:00+00:00
[2026-05-03T00:38:01.110+0000] {processor.py:183} INFO - Processing /home/airflow/.local/lib/python3.8/site-packages/airflow/example_dags/example_branch_labels.py took 0.080 seconds
[2026-05-03T00:38:31.559+0000] {processor.py:161} INFO - Started process (PID=4212) to work on /home/airflow/.local/lib/python3.8/site-packages/airflow/example_dags/example_branch_labels.py
[2026-05-03T00:38:31.559+0000] {processor.py:830} INFO - Processing file /home/airflow/.local/lib/python3.8/site-packages/airflow/example_dags/example_branch_labels.py for tasks to queue
[2026-05-03T00:38:31.561+0000] {logging_mixin.py:188} INFO - [2026-05-03T00:38:31.561+0000] {dagbag.py:540} INFO - Filling up the DagBag from /home/airflow/.local/lib/python3.8/site-packages/airflow/example_dags/example_branch_labels.py
[2026-05-03T00:38:31.567+0000] {processor.py:840} INFO - DAG(s) 'example_branch_labels' retrieved from /home/airflow/.local/lib/python3.8/site-packages/airflow/example_dags/example_branch_labels.py
[2026-05-03T00:38:31.582+0000] {logging_mixin.py:188} INFO - [2026-05-03T00:38:31.582+0000] {dag.py:3047} INFO - Sync 1 DAGs
[2026-05-03T00:38:31.596+0000] {logging_mixin.py:188} INFO - [2026-05-03T00:38:31.596+0000] {dag.py:3834} INFO - Setting next_dagrun for example_branch_labels to 2026-05-02 00:00:00+00:00, run_after=2026-05-03 00:00:00+00:00
[2026-05-03T00:38:31.607+0000] {processor.py:183} INFO - Processing /home/airflow/.local/lib/python3.8/site-packages/airflow/example_dags/example_branch_labels.py took 0.051 seconds
[2026-05-03T00:39:01.778+0000] {processor.py:161} INFO - Started process (PID=4268) to work on /home/airflow/.local/lib/python3.8/site-packages/airflow/example_dags/example_branch_labels.py
[2026-05-03T00:39:01.779+0000] {processor.py:830} INFO - Processing file /home/airflow/.local/lib/python3.8/site-packages/airflow/example_dags/example_branch_labels.py for tasks to queue
[2026-05-03T00:39:01.781+0000] {logging_mixin.py:188} INFO - [2026-05-03T00:39:01.780+0000] {dagbag.py:540} INFO - Filling up the DagBag from /home/airflow/.local/lib/python3.8/site-packages/airflow/example_dags/example_branch_labels.py
[2026-05-03T00:39:01.786+0000] {processor.py:840} INFO - DAG(s) 'example_branch_labels' retrieved from /home/airflow/.local/lib/python3.8/site-packages/airflow/example_dags/example_branch_labels.py
[2026-05-03T00:39:01.805+0000] {logging_mixin.py:188} INFO - [2026-05-03T00:39:01.805+0000] {dag.py:3047} INFO - Sync 1 DAGs
[2026-05-03T00:39:01.823+0000] {logging_mixin.py:188} INFO - [2026-05-03T00:39:01.823+0000] {dag.py:3834} INFO - Setting next_dagrun for example_branch_labels to 2026-05-02 00:00:00+00:00, run_after=2026-05-03 00:00:00+00:00
[2026-05-03T00:39:01.838+0000] {processor.py:183} INFO - Processing /home/airflow/.local/lib/python3.8/site-packages/airflow/example_dags/example_branch_labels.py took 0.066 seconds
[2026-05-03T00:39:32.261+0000] {processor.py:161} INFO - Started process (PID=4324) to work on /home/airflow/.local/lib/python3.8/site-packages/airflow/example_dags/example_branch_labels.py
[2026-05-03T00:39:32.262+0000] {processor.py:830} INFO - Processing file /home/airflow/.local/lib/python3.8/site-packages/airflow/example_dags/example_branch_labels.py for tasks to queue
[2026-05-03T00:39:32.265+0000] {logging_mixin.py:188} INFO - [2026-05-03T00:39:32.264+0000] {dagbag.py:540} INFO - Filling up the DagBag from /home/airflow/.local/lib/python3.8/site-packages/airflow/example_dags/example_branch_labels.py
[2026-05-03T00:39:32.270+0000] {processor.py:840} INFO - DAG(s) 'example_branch_labels' retrieved from /home/airflow/.local/lib/python3.8/site-packages/airflow/example_dags/example_branch_labels.py
[2026-05-03T00:39:32.288+0000] {logging_mixin.py:188} INFO - [2026-05-03T00:39:32.287+0000] {dag.py:3047} INFO - Sync 1 DAGs
[2026-05-03T00:39:32.304+0000] {logging_mixin.py:188} INFO - [2026-05-03T00:39:32.304+0000] {dag.py:3834} INFO - Setting next_dagrun for example_branch_labels to 2026-05-02 00:00:00+00:00, run_after=2026-05-03 00:00:00+00:00
[2026-05-03T00:39:32.315+0000] {processor.py:183} INFO - Processing /home/airflow/.local/lib/python3.8/site-packages/airflow/example_dags/example_branch_labels.py took 0.059 seconds
