[2026-05-03T00:02:01.440+0000] {processor.py:161} INFO - Started process (PID=2776) to work on /home/airflow/.local/lib/python3.8/site-packages/airflow/example_dags/example_branch_operator.py
[2026-05-03T00:02:01.441+0000] {processor.py:830} INFO - Processing file /home/airflow/.local/lib/python3.8/site-packages/airflow/example_dags/example_branch_operator.py for tasks to queue
[2026-05-03T00:02:01.442+0000] {logging_mixin.py:188} INFO - [2026-05-03T00:02:01.442+0000] {dagbag.py:540} INFO - Filling up the DagBag from /home/airflow/.local/lib/python3.8/site-packages/airflow/example_dags/example_branch_operator.py
[2026-05-03T00:02:01.458+0000] {processor.py:840} INFO - DAG(s) 'example_branch_operator' retrieved from /home/airflow/.local/lib/python3.8/site-packages/airflow/example_dags/example_branch_operator.py
[2026-05-03T00:02:01.480+0000] {logging_mixin.py:188} INFO - [2026-05-03T00:02:01.478+0000] {dag.py:3047} INFO - Sync 1 DAGs
[2026-05-03T00:02:01.497+0000] {logging_mixin.py:188} INFO - [2026-05-03T00:02:01.497+0000] {dag.py:3834} INFO - Setting next_dagrun for example_branch_operator to 2026-05-02 00:00:00+00:00, run_after=2026-05-03 00:00:00+00:00
[2026-05-03T00:02:01.509+0000] {processor.py:183} INFO - Processing /home/airflow/.local/lib/python3.8/site-packages/airflow/example_dags/example_branch_operator.py took 0.071 seconds
[2026-05-03T00:11:42.106+0000] {processor.py:161} INFO - Started process (PID=2832) to work on /home/airflow/.local/lib/python3.8/site-packages/airflow/example_dags/example_branch_operator.py
[2026-05-03T00:11:42.107+0000] {processor.py:830} INFO - Processing file /home/airflow/.local/lib/python3.8/site-packages/airflow/example_dags/example_branch_operator.py for tasks to queue
[2026-05-03T00:11:42.109+0000] {logging_mixin.py:188} INFO - [2026-05-03T00:11:42.109+0000] {dagbag.py:540} INFO - Filling up the DagBag from /home/airflow/.local/lib/python3.8/site-packages/airflow/example_dags/example_branch_operator.py
[2026-05-03T00:11:42.122+0000] {processor.py:840} INFO - DAG(s) 'example_branch_operator' retrieved from /home/airflow/.local/lib/python3.8/site-packages/airflow/example_dags/example_branch_operator.py
[2026-05-03T00:11:42.140+0000] {logging_mixin.py:188} INFO - [2026-05-03T00:11:42.140+0000] {dag.py:3047} INFO - Sync 1 DAGs
[2026-05-03T00:11:42.156+0000] {logging_mixin.py:188} INFO - [2026-05-03T00:11:42.155+0000] {dag.py:3834} INFO - Setting next_dagrun for example_branch_operator to 2026-05-02 00:00:00+00:00, run_after=2026-05-03 00:00:00+00:00
[2026-05-03T00:11:42.167+0000] {processor.py:183} INFO - Processing /home/airflow/.local/lib/python3.8/site-packages/airflow/example_dags/example_branch_operator.py took 0.063 seconds
[2026-05-03T00:20:53.839+0000] {processor.py:161} INFO - Started process (PID=2888) to work on /home/airflow/.local/lib/python3.8/site-packages/airflow/example_dags/example_branch_operator.py
[2026-05-03T00:20:53.840+0000] {processor.py:830} INFO - Processing file /home/airflow/.local/lib/python3.8/site-packages/airflow/example_dags/example_branch_operator.py for tasks to queue
[2026-05-03T00:20:53.841+0000] {logging_mixin.py:188} INFO - [2026-05-03T00:20:53.841+0000] {dagbag.py:540} INFO - Filling up the DagBag from /home/airflow/.local/lib/python3.8/site-packages/airflow/example_dags/example_branch_operator.py
[2026-05-03T00:20:53.853+0000] {processor.py:840} INFO - DAG(s) 'example_branch_operator' retrieved from /home/airflow/.local/lib/python3.8/site-packages/airflow/example_dags/example_branch_operator.py
[2026-05-03T00:20:53.872+0000] {logging_mixin.py:188} INFO - [2026-05-03T00:20:53.872+0000] {dag.py:3047} INFO - Sync 1 DAGs
[2026-05-03T00:20:53.889+0000] {logging_mixin.py:188} INFO - [2026-05-03T00:20:53.889+0000] {dag.py:3834} INFO - Setting next_dagrun for example_branch_operator to 2026-05-02 00:00:00+00:00, run_after=2026-05-03 00:00:00+00:00
[2026-05-03T00:20:53.903+0000] {processor.py:183} INFO - Processing /home/airflow/.local/lib/python3.8/site-packages/airflow/example_dags/example_branch_operator.py took 0.066 seconds
[2026-05-03T00:26:54.098+0000] {processor.py:161} INFO - Started process (PID=2944) to work on /home/airflow/.local/lib/python3.8/site-packages/airflow/example_dags/example_branch_operator.py
[2026-05-03T00:26:54.100+0000] {processor.py:830} INFO - Processing file /home/airflow/.local/lib/python3.8/site-packages/airflow/example_dags/example_branch_operator.py for tasks to queue
[2026-05-03T00:26:54.105+0000] {logging_mixin.py:188} INFO - [2026-05-03T00:26:54.105+0000] {dagbag.py:540} INFO - Filling up the DagBag from /home/airflow/.local/lib/python3.8/site-packages/airflow/example_dags/example_branch_operator.py
[2026-05-03T00:26:54.119+0000] {processor.py:840} INFO - DAG(s) 'example_branch_operator' retrieved from /home/airflow/.local/lib/python3.8/site-packages/airflow/example_dags/example_branch_operator.py
[2026-05-03T00:26:54.145+0000] {logging_mixin.py:188} INFO - [2026-05-03T00:26:54.144+0000] {dag.py:3047} INFO - Sync 1 DAGs
[2026-05-03T00:26:54.160+0000] {logging_mixin.py:188} INFO - [2026-05-03T00:26:54.160+0000] {dag.py:3834} INFO - Setting next_dagrun for example_branch_operator to 2026-05-02 00:00:00+00:00, run_after=2026-05-03 00:00:00+00:00
[2026-05-03T00:26:54.172+0000] {processor.py:183} INFO - Processing /home/airflow/.local/lib/python3.8/site-packages/airflow/example_dags/example_branch_operator.py took 0.076 seconds
[2026-05-03T00:27:24.345+0000] {processor.py:161} INFO - Started process (PID=3000) to work on /home/airflow/.local/lib/python3.8/site-packages/airflow/example_dags/example_branch_operator.py
[2026-05-03T00:27:24.346+0000] {processor.py:830} INFO - Processing file /home/airflow/.local/lib/python3.8/site-packages/airflow/example_dags/example_branch_operator.py for tasks to queue
[2026-05-03T00:27:24.347+0000] {logging_mixin.py:188} INFO - [2026-05-03T00:27:24.347+0000] {dagbag.py:540} INFO - Filling up the DagBag from /home/airflow/.local/lib/python3.8/site-packages/airflow/example_dags/example_branch_operator.py
[2026-05-03T00:27:24.359+0000] {processor.py:840} INFO - DAG(s) 'example_branch_operator' retrieved from /home/airflow/.local/lib/python3.8/site-packages/airflow/example_dags/example_branch_operator.py
[2026-05-03T00:27:24.377+0000] {logging_mixin.py:188} INFO - [2026-05-03T00:27:24.377+0000] {dag.py:3047} INFO - Sync 1 DAGs
[2026-05-03T00:27:24.394+0000] {logging_mixin.py:188} INFO - [2026-05-03T00:27:24.394+0000] {dag.py:3834} INFO - Setting next_dagrun for example_branch_operator to 2026-05-02 00:00:00+00:00, run_after=2026-05-03 00:00:00+00:00
[2026-05-03T00:27:24.405+0000] {processor.py:183} INFO - Processing /home/airflow/.local/lib/python3.8/site-packages/airflow/example_dags/example_branch_operator.py took 0.063 seconds
[2026-05-03T00:27:55.442+0000] {processor.py:161} INFO - Started process (PID=3056) to work on /home/airflow/.local/lib/python3.8/site-packages/airflow/example_dags/example_branch_operator.py
[2026-05-03T00:27:55.445+0000] {processor.py:830} INFO - Processing file /home/airflow/.local/lib/python3.8/site-packages/airflow/example_dags/example_branch_operator.py for tasks to queue
[2026-05-03T00:27:55.447+0000] {logging_mixin.py:188} INFO - [2026-05-03T00:27:55.447+0000] {dagbag.py:540} INFO - Filling up the DagBag from /home/airflow/.local/lib/python3.8/site-packages/airflow/example_dags/example_branch_operator.py
[2026-05-03T00:27:55.459+0000] {processor.py:840} INFO - DAG(s) 'example_branch_operator' retrieved from /home/airflow/.local/lib/python3.8/site-packages/airflow/example_dags/example_branch_operator.py
[2026-05-03T00:27:55.479+0000] {logging_mixin.py:188} INFO - [2026-05-03T00:27:55.479+0000] {dag.py:3047} INFO - Sync 1 DAGs
[2026-05-03T00:27:55.493+0000] {logging_mixin.py:188} INFO - [2026-05-03T00:27:55.493+0000] {dag.py:3834} INFO - Setting next_dagrun for example_branch_operator to 2026-05-02 00:00:00+00:00, run_after=2026-05-03 00:00:00+00:00
[2026-05-03T00:27:55.513+0000] {processor.py:183} INFO - Processing /home/airflow/.local/lib/python3.8/site-packages/airflow/example_dags/example_branch_operator.py took 0.074 seconds
[2026-05-03T00:28:25.820+0000] {processor.py:161} INFO - Started process (PID=3112) to work on /home/airflow/.local/lib/python3.8/site-packages/airflow/example_dags/example_branch_operator.py
[2026-05-03T00:28:25.821+0000] {processor.py:830} INFO - Processing file /home/airflow/.local/lib/python3.8/site-packages/airflow/example_dags/example_branch_operator.py for tasks to queue
[2026-05-03T00:28:25.823+0000] {logging_mixin.py:188} INFO - [2026-05-03T00:28:25.823+0000] {dagbag.py:540} INFO - Filling up the DagBag from /home/airflow/.local/lib/python3.8/site-packages/airflow/example_dags/example_branch_operator.py
[2026-05-03T00:28:25.839+0000] {processor.py:840} INFO - DAG(s) 'example_branch_operator' retrieved from /home/airflow/.local/lib/python3.8/site-packages/airflow/example_dags/example_branch_operator.py
[2026-05-03T00:28:25.859+0000] {logging_mixin.py:188} INFO - [2026-05-03T00:28:25.859+0000] {dag.py:3047} INFO - Sync 1 DAGs
[2026-05-03T00:28:25.872+0000] {logging_mixin.py:188} INFO - [2026-05-03T00:28:25.872+0000] {dag.py:3834} INFO - Setting next_dagrun for example_branch_operator to 2026-05-02 00:00:00+00:00, run_after=2026-05-03 00:00:00+00:00
[2026-05-03T00:28:25.882+0000] {processor.py:183} INFO - Processing /home/airflow/.local/lib/python3.8/site-packages/airflow/example_dags/example_branch_operator.py took 0.065 seconds
[2026-05-03T00:28:56.149+0000] {processor.py:161} INFO - Started process (PID=3168) to work on /home/airflow/.local/lib/python3.8/site-packages/airflow/example_dags/example_branch_operator.py
[2026-05-03T00:28:56.149+0000] {processor.py:830} INFO - Processing file /home/airflow/.local/lib/python3.8/site-packages/airflow/example_dags/example_branch_operator.py for tasks to queue
[2026-05-03T00:28:56.151+0000] {logging_mixin.py:188} INFO - [2026-05-03T00:28:56.150+0000] {dagbag.py:540} INFO - Filling up the DagBag from /home/airflow/.local/lib/python3.8/site-packages/airflow/example_dags/example_branch_operator.py
[2026-05-03T00:28:56.163+0000] {processor.py:840} INFO - DAG(s) 'example_branch_operator' retrieved from /home/airflow/.local/lib/python3.8/site-packages/airflow/example_dags/example_branch_operator.py
[2026-05-03T00:28:56.188+0000] {logging_mixin.py:188} INFO - [2026-05-03T00:28:56.188+0000] {dag.py:3047} INFO - Sync 1 DAGs
[2026-05-03T00:28:56.205+0000] {logging_mixin.py:188} INFO - [2026-05-03T00:28:56.205+0000] {dag.py:3834} INFO - Setting next_dagrun for example_branch_operator to 2026-05-02 00:00:00+00:00, run_after=2026-05-03 00:00:00+00:00
[2026-05-03T00:28:56.221+0000] {processor.py:183} INFO - Processing /home/airflow/.local/lib/python3.8/site-packages/airflow/example_dags/example_branch_operator.py took 0.075 seconds
[2026-05-03T00:29:26.408+0000] {processor.py:161} INFO - Started process (PID=3224) to work on /home/airflow/.local/lib/python3.8/site-packages/airflow/example_dags/example_branch_operator.py
[2026-05-03T00:29:26.409+0000] {processor.py:830} INFO - Processing file /home/airflow/.local/lib/python3.8/site-packages/airflow/example_dags/example_branch_operator.py for tasks to queue
[2026-05-03T00:29:26.411+0000] {logging_mixin.py:188} INFO - [2026-05-03T00:29:26.411+0000] {dagbag.py:540} INFO - Filling up the DagBag from /home/airflow/.local/lib/python3.8/site-packages/airflow/example_dags/example_branch_operator.py
[2026-05-03T00:29:26.424+0000] {processor.py:840} INFO - DAG(s) 'example_branch_operator' retrieved from /home/airflow/.local/lib/python3.8/site-packages/airflow/example_dags/example_branch_operator.py
[2026-05-03T00:29:26.450+0000] {logging_mixin.py:188} INFO - [2026-05-03T00:29:26.449+0000] {dag.py:3047} INFO - Sync 1 DAGs
[2026-05-03T00:29:26.470+0000] {logging_mixin.py:188} INFO - [2026-05-03T00:29:26.470+0000] {dag.py:3834} INFO - Setting next_dagrun for example_branch_operator to 2026-05-02 00:00:00+00:00, run_after=2026-05-03 00:00:00+00:00
[2026-05-03T00:29:26.485+0000] {processor.py:183} INFO - Processing /home/airflow/.local/lib/python3.8/site-packages/airflow/example_dags/example_branch_operator.py took 0.079 seconds
[2026-05-03T00:29:56.793+0000] {processor.py:161} INFO - Started process (PID=3280) to work on /home/airflow/.local/lib/python3.8/site-packages/airflow/example_dags/example_branch_operator.py
[2026-05-03T00:29:56.795+0000] {processor.py:830} INFO - Processing file /home/airflow/.local/lib/python3.8/site-packages/airflow/example_dags/example_branch_operator.py for tasks to queue
[2026-05-03T00:29:56.797+0000] {logging_mixin.py:188} INFO - [2026-05-03T00:29:56.796+0000] {dagbag.py:540} INFO - Filling up the DagBag from /home/airflow/.local/lib/python3.8/site-packages/airflow/example_dags/example_branch_operator.py
[2026-05-03T00:29:56.810+0000] {processor.py:840} INFO - DAG(s) 'example_branch_operator' retrieved from /home/airflow/.local/lib/python3.8/site-packages/airflow/example_dags/example_branch_operator.py
[2026-05-03T00:29:56.828+0000] {logging_mixin.py:188} INFO - [2026-05-03T00:29:56.828+0000] {dag.py:3047} INFO - Sync 1 DAGs
[2026-05-03T00:29:56.846+0000] {logging_mixin.py:188} INFO - [2026-05-03T00:29:56.846+0000] {dag.py:3834} INFO - Setting next_dagrun for example_branch_operator to 2026-05-02 00:00:00+00:00, run_after=2026-05-03 00:00:00+00:00
[2026-05-03T00:29:56.865+0000] {processor.py:183} INFO - Processing /home/airflow/.local/lib/python3.8/site-packages/airflow/example_dags/example_branch_operator.py took 0.076 seconds
[2026-05-03T00:30:27.059+0000] {processor.py:161} INFO - Started process (PID=3336) to work on /home/airflow/.local/lib/python3.8/site-packages/airflow/example_dags/example_branch_operator.py
[2026-05-03T00:30:27.060+0000] {processor.py:830} INFO - Processing file /home/airflow/.local/lib/python3.8/site-packages/airflow/example_dags/example_branch_operator.py for tasks to queue
[2026-05-03T00:30:27.061+0000] {logging_mixin.py:188} INFO - [2026-05-03T00:30:27.061+0000] {dagbag.py:540} INFO - Filling up the DagBag from /home/airflow/.local/lib/python3.8/site-packages/airflow/example_dags/example_branch_operator.py
[2026-05-03T00:30:27.076+0000] {processor.py:840} INFO - DAG(s) 'example_branch_operator' retrieved from /home/airflow/.local/lib/python3.8/site-packages/airflow/example_dags/example_branch_operator.py
[2026-05-03T00:30:27.152+0000] {logging_mixin.py:188} INFO - [2026-05-03T00:30:27.152+0000] {dag.py:3047} INFO - Sync 1 DAGs
[2026-05-03T00:30:27.169+0000] {logging_mixin.py:188} INFO - [2026-05-03T00:30:27.169+0000] {dag.py:3834} INFO - Setting next_dagrun for example_branch_operator to 2026-05-02 00:00:00+00:00, run_after=2026-05-03 00:00:00+00:00
[2026-05-03T00:30:27.181+0000] {processor.py:183} INFO - Processing /home/airflow/.local/lib/python3.8/site-packages/airflow/example_dags/example_branch_operator.py took 0.125 seconds
[2026-05-03T00:30:57.297+0000] {processor.py:161} INFO - Started process (PID=3392) to work on /home/airflow/.local/lib/python3.8/site-packages/airflow/example_dags/example_branch_operator.py
[2026-05-03T00:30:57.299+0000] {processor.py:830} INFO - Processing file /home/airflow/.local/lib/python3.8/site-packages/airflow/example_dags/example_branch_operator.py for tasks to queue
[2026-05-03T00:30:57.301+0000] {logging_mixin.py:188} INFO - [2026-05-03T00:30:57.301+0000] {dagbag.py:540} INFO - Filling up the DagBag from /home/airflow/.local/lib/python3.8/site-packages/airflow/example_dags/example_branch_operator.py
[2026-05-03T00:30:57.314+0000] {processor.py:840} INFO - DAG(s) 'example_branch_operator' retrieved from /home/airflow/.local/lib/python3.8/site-packages/airflow/example_dags/example_branch_operator.py
[2026-05-03T00:30:57.334+0000] {logging_mixin.py:188} INFO - [2026-05-03T00:30:57.333+0000] {dag.py:3047} INFO - Sync 1 DAGs
[2026-05-03T00:30:57.349+0000] {logging_mixin.py:188} INFO - [2026-05-03T00:30:57.349+0000] {dag.py:3834} INFO - Setting next_dagrun for example_branch_operator to 2026-05-02 00:00:00+00:00, run_after=2026-05-03 00:00:00+00:00
[2026-05-03T00:30:57.360+0000] {processor.py:183} INFO - Processing /home/airflow/.local/lib/python3.8/site-packages/airflow/example_dags/example_branch_operator.py took 0.065 seconds
[2026-05-03T00:31:28.217+0000] {processor.py:161} INFO - Started process (PID=3448) to work on /home/airflow/.local/lib/python3.8/site-packages/airflow/example_dags/example_branch_operator.py
[2026-05-03T00:31:28.219+0000] {processor.py:830} INFO - Processing file /home/airflow/.local/lib/python3.8/site-packages/airflow/example_dags/example_branch_operator.py for tasks to queue
[2026-05-03T00:31:28.225+0000] {logging_mixin.py:188} INFO - [2026-05-03T00:31:28.224+0000] {dagbag.py:540} INFO - Filling up the DagBag from /home/airflow/.local/lib/python3.8/site-packages/airflow/example_dags/example_branch_operator.py
[2026-05-03T00:31:28.261+0000] {processor.py:840} INFO - DAG(s) 'example_branch_operator' retrieved from /home/airflow/.local/lib/python3.8/site-packages/airflow/example_dags/example_branch_operator.py
[2026-05-03T00:31:28.292+0000] {logging_mixin.py:188} INFO - [2026-05-03T00:31:28.292+0000] {dag.py:3047} INFO - Sync 1 DAGs
[2026-05-03T00:31:28.316+0000] {logging_mixin.py:188} INFO - [2026-05-03T00:31:28.315+0000] {dag.py:3834} INFO - Setting next_dagrun for example_branch_operator to 2026-05-02 00:00:00+00:00, run_after=2026-05-03 00:00:00+00:00
[2026-05-03T00:31:28.347+0000] {processor.py:183} INFO - Processing /home/airflow/.local/lib/python3.8/site-packages/airflow/example_dags/example_branch_operator.py took 0.133 seconds
[2026-05-03T00:31:59.203+0000] {processor.py:161} INFO - Started process (PID=3504) to work on /home/airflow/.local/lib/python3.8/site-packages/airflow/example_dags/example_branch_operator.py
[2026-05-03T00:31:59.203+0000] {processor.py:830} INFO - Processing file /home/airflow/.local/lib/python3.8/site-packages/airflow/example_dags/example_branch_operator.py for tasks to queue
[2026-05-03T00:31:59.205+0000] {logging_mixin.py:188} INFO - [2026-05-03T00:31:59.204+0000] {dagbag.py:540} INFO - Filling up the DagBag from /home/airflow/.local/lib/python3.8/site-packages/airflow/example_dags/example_branch_operator.py
[2026-05-03T00:31:59.216+0000] {processor.py:840} INFO - DAG(s) 'example_branch_operator' retrieved from /home/airflow/.local/lib/python3.8/site-packages/airflow/example_dags/example_branch_operator.py
[2026-05-03T00:31:59.234+0000] {logging_mixin.py:188} INFO - [2026-05-03T00:31:59.234+0000] {dag.py:3047} INFO - Sync 1 DAGs
[2026-05-03T00:31:59.247+0000] {logging_mixin.py:188} INFO - [2026-05-03T00:31:59.247+0000] {dag.py:3834} INFO - Setting next_dagrun for example_branch_operator to 2026-05-02 00:00:00+00:00, run_after=2026-05-03 00:00:00+00:00
[2026-05-03T00:31:59.257+0000] {processor.py:183} INFO - Processing /home/airflow/.local/lib/python3.8/site-packages/airflow/example_dags/example_branch_operator.py took 0.056 seconds
[2026-05-03T00:32:29.527+0000] {processor.py:161} INFO - Started process (PID=3560) to work on /home/airflow/.local/lib/python3.8/site-packages/airflow/example_dags/example_branch_operator.py
[2026-05-03T00:32:29.530+0000] {processor.py:830} INFO - Processing file /home/airflow/.local/lib/python3.8/site-packages/airflow/example_dags/example_branch_operator.py for tasks to queue
[2026-05-03T00:32:29.531+0000] {logging_mixin.py:188} INFO - [2026-05-03T00:32:29.531+0000] {dagbag.py:540} INFO - Filling up the DagBag from /home/airflow/.local/lib/python3.8/site-packages/airflow/example_dags/example_branch_operator.py
[2026-05-03T00:32:29.543+0000] {processor.py:840} INFO - DAG(s) 'example_branch_operator' retrieved from /home/airflow/.local/lib/python3.8/site-packages/airflow/example_dags/example_branch_operator.py
[2026-05-03T00:32:29.562+0000] {logging_mixin.py:188} INFO - [2026-05-03T00:32:29.562+0000] {dag.py:3047} INFO - Sync 1 DAGs
[2026-05-03T00:32:29.577+0000] {logging_mixin.py:188} INFO - [2026-05-03T00:32:29.577+0000] {dag.py:3834} INFO - Setting next_dagrun for example_branch_operator to 2026-05-02 00:00:00+00:00, run_after=2026-05-03 00:00:00+00:00
[2026-05-03T00:32:29.587+0000] {processor.py:183} INFO - Processing /home/airflow/.local/lib/python3.8/site-packages/airflow/example_dags/example_branch_operator.py took 0.063 seconds
[2026-05-03T00:32:59.682+0000] {processor.py:161} INFO - Started process (PID=3616) to work on /home/airflow/.local/lib/python3.8/site-packages/airflow/example_dags/example_branch_operator.py
[2026-05-03T00:32:59.684+0000] {processor.py:830} INFO - Processing file /home/airflow/.local/lib/python3.8/site-packages/airflow/example_dags/example_branch_operator.py for tasks to queue
[2026-05-03T00:32:59.685+0000] {logging_mixin.py:188} INFO - [2026-05-03T00:32:59.685+0000] {dagbag.py:540} INFO - Filling up the DagBag from /home/airflow/.local/lib/python3.8/site-packages/airflow/example_dags/example_branch_operator.py
[2026-05-03T00:32:59.698+0000] {processor.py:840} INFO - DAG(s) 'example_branch_operator' retrieved from /home/airflow/.local/lib/python3.8/site-packages/airflow/example_dags/example_branch_operator.py
[2026-05-03T00:32:59.718+0000] {logging_mixin.py:188} INFO - [2026-05-03T00:32:59.718+0000] {dag.py:3047} INFO - Sync 1 DAGs
[2026-05-03T00:32:59.735+0000] {logging_mixin.py:188} INFO - [2026-05-03T00:32:59.735+0000] {dag.py:3834} INFO - Setting next_dagrun for example_branch_operator to 2026-05-02 00:00:00+00:00, run_after=2026-05-03 00:00:00+00:00
[2026-05-03T00:32:59.749+0000] {processor.py:183} INFO - Processing /home/airflow/.local/lib/python3.8/site-packages/airflow/example_dags/example_branch_operator.py took 0.069 seconds
[2026-05-03T00:33:30.267+0000] {processor.py:161} INFO - Started process (PID=3672) to work on /home/airflow/.local/lib/python3.8/site-packages/airflow/example_dags/example_branch_operator.py
[2026-05-03T00:33:30.268+0000] {processor.py:830} INFO - Processing file /home/airflow/.local/lib/python3.8/site-packages/airflow/example_dags/example_branch_operator.py for tasks to queue
[2026-05-03T00:33:30.270+0000] {logging_mixin.py:188} INFO - [2026-05-03T00:33:30.270+0000] {dagbag.py:540} INFO - Filling up the DagBag from /home/airflow/.local/lib/python3.8/site-packages/airflow/example_dags/example_branch_operator.py
[2026-05-03T00:33:30.283+0000] {processor.py:840} INFO - DAG(s) 'example_branch_operator' retrieved from /home/airflow/.local/lib/python3.8/site-packages/airflow/example_dags/example_branch_operator.py
[2026-05-03T00:33:30.301+0000] {logging_mixin.py:188} INFO - [2026-05-03T00:33:30.301+0000] {dag.py:3047} INFO - Sync 1 DAGs
[2026-05-03T00:33:30.321+0000] {logging_mixin.py:188} INFO - [2026-05-03T00:33:30.321+0000] {dag.py:3834} INFO - Setting next_dagrun for example_branch_operator to 2026-05-02 00:00:00+00:00, run_after=2026-05-03 00:00:00+00:00
[2026-05-03T00:33:30.337+0000] {processor.py:183} INFO - Processing /home/airflow/.local/lib/python3.8/site-packages/airflow/example_dags/example_branch_operator.py took 0.072 seconds
[2026-05-03T00:34:00.888+0000] {processor.py:161} INFO - Started process (PID=3728) to work on /home/airflow/.local/lib/python3.8/site-packages/airflow/example_dags/example_branch_operator.py
[2026-05-03T00:34:00.889+0000] {processor.py:830} INFO - Processing file /home/airflow/.local/lib/python3.8/site-packages/airflow/example_dags/example_branch_operator.py for tasks to queue
[2026-05-03T00:34:00.891+0000] {logging_mixin.py:188} INFO - [2026-05-03T00:34:00.891+0000] {dagbag.py:540} INFO - Filling up the DagBag from /home/airflow/.local/lib/python3.8/site-packages/airflow/example_dags/example_branch_operator.py
[2026-05-03T00:34:00.903+0000] {processor.py:840} INFO - DAG(s) 'example_branch_operator' retrieved from /home/airflow/.local/lib/python3.8/site-packages/airflow/example_dags/example_branch_operator.py
[2026-05-03T00:34:00.923+0000] {logging_mixin.py:188} INFO - [2026-05-03T00:34:00.922+0000] {dag.py:3047} INFO - Sync 1 DAGs
[2026-05-03T00:34:00.939+0000] {logging_mixin.py:188} INFO - [2026-05-03T00:34:00.938+0000] {dag.py:3834} INFO - Setting next_dagrun for example_branch_operator to 2026-05-02 00:00:00+00:00, run_after=2026-05-03 00:00:00+00:00
[2026-05-03T00:34:00.953+0000] {processor.py:183} INFO - Processing /home/airflow/.local/lib/python3.8/site-packages/airflow/example_dags/example_branch_operator.py took 0.068 seconds
[2026-05-03T00:34:31.078+0000] {processor.py:161} INFO - Started process (PID=3784) to work on /home/airflow/.local/lib/python3.8/site-packages/airflow/example_dags/example_branch_operator.py
[2026-05-03T00:34:31.079+0000] {processor.py:830} INFO - Processing file /home/airflow/.local/lib/python3.8/site-packages/airflow/example_dags/example_branch_operator.py for tasks to queue
[2026-05-03T00:34:31.080+0000] {logging_mixin.py:188} INFO - [2026-05-03T00:34:31.080+0000] {dagbag.py:540} INFO - Filling up the DagBag from /home/airflow/.local/lib/python3.8/site-packages/airflow/example_dags/example_branch_operator.py
[2026-05-03T00:34:31.093+0000] {processor.py:840} INFO - DAG(s) 'example_branch_operator' retrieved from /home/airflow/.local/lib/python3.8/site-packages/airflow/example_dags/example_branch_operator.py
[2026-05-03T00:34:31.111+0000] {logging_mixin.py:188} INFO - [2026-05-03T00:34:31.111+0000] {dag.py:3047} INFO - Sync 1 DAGs
[2026-05-03T00:34:31.127+0000] {logging_mixin.py:188} INFO - [2026-05-03T00:34:31.127+0000] {dag.py:3834} INFO - Setting next_dagrun for example_branch_operator to 2026-05-02 00:00:00+00:00, run_after=2026-05-03 00:00:00+00:00
[2026-05-03T00:34:31.141+0000] {processor.py:183} INFO - Processing /home/airflow/.local/lib/python3.8/site-packages/airflow/example_dags/example_branch_operator.py took 0.066 seconds
[2026-05-03T00:35:01.255+0000] {processor.py:161} INFO - Started process (PID=3840) to work on /home/airflow/.local/lib/python3.8/site-packages/airflow/example_dags/example_branch_operator.py
[2026-05-03T00:35:01.256+0000] {processor.py:830} INFO - Processing file /home/airflow/.local/lib/python3.8/site-packages/airflow/example_dags/example_branch_operator.py for tasks to queue
[2026-05-03T00:35:01.258+0000] {logging_mixin.py:188} INFO - [2026-05-03T00:35:01.258+0000] {dagbag.py:540} INFO - Filling up the DagBag from /home/airflow/.local/lib/python3.8/site-packages/airflow/example_dags/example_branch_operator.py
[2026-05-03T00:35:01.271+0000] {processor.py:840} INFO - DAG(s) 'example_branch_operator' retrieved from /home/airflow/.local/lib/python3.8/site-packages/airflow/example_dags/example_branch_operator.py
[2026-05-03T00:35:01.289+0000] {logging_mixin.py:188} INFO - [2026-05-03T00:35:01.289+0000] {dag.py:3047} INFO - Sync 1 DAGs
[2026-05-03T00:35:01.305+0000] {logging_mixin.py:188} INFO - [2026-05-03T00:35:01.305+0000] {dag.py:3834} INFO - Setting next_dagrun for example_branch_operator to 2026-05-02 00:00:00+00:00, run_after=2026-05-03 00:00:00+00:00
[2026-05-03T00:35:01.319+0000] {processor.py:183} INFO - Processing /home/airflow/.local/lib/python3.8/site-packages/airflow/example_dags/example_branch_operator.py took 0.067 seconds
[2026-05-03T00:35:31.629+0000] {processor.py:161} INFO - Started process (PID=3896) to work on /home/airflow/.local/lib/python3.8/site-packages/airflow/example_dags/example_branch_operator.py
[2026-05-03T00:35:31.630+0000] {processor.py:830} INFO - Processing file /home/airflow/.local/lib/python3.8/site-packages/airflow/example_dags/example_branch_operator.py for tasks to queue
[2026-05-03T00:35:31.632+0000] {logging_mixin.py:188} INFO - [2026-05-03T00:35:31.632+0000] {dagbag.py:540} INFO - Filling up the DagBag from /home/airflow/.local/lib/python3.8/site-packages/airflow/example_dags/example_branch_operator.py
[2026-05-03T00:35:31.646+0000] {processor.py:840} INFO - DAG(s) 'example_branch_operator' retrieved from /home/airflow/.local/lib/python3.8/site-packages/airflow/example_dags/example_branch_operator.py
[2026-05-03T00:35:31.670+0000] {logging_mixin.py:188} INFO - [2026-05-03T00:35:31.670+0000] {dag.py:3047} INFO - Sync 1 DAGs
[2026-05-03T00:35:31.685+0000] {logging_mixin.py:188} INFO - [2026-05-03T00:35:31.685+0000] {dag.py:3834} INFO - Setting next_dagrun for example_branch_operator to 2026-05-02 00:00:00+00:00, run_after=2026-05-03 00:00:00+00:00
[2026-05-03T00:35:31.698+0000] {processor.py:183} INFO - Processing /home/airflow/.local/lib/python3.8/site-packages/airflow/example_dags/example_branch_operator.py took 0.071 seconds
[2026-05-03T00:36:02.138+0000] {processor.py:161} INFO - Started process (PID=3952) to work on /home/airflow/.local/lib/python3.8/site-packages/airflow/example_dags/example_branch_operator.py
[2026-05-03T00:36:02.142+0000] {processor.py:830} INFO - Processing file /home/airflow/.local/lib/python3.8/site-packages/airflow/example_dags/example_branch_operator.py for tasks to queue
[2026-05-03T00:36:02.143+0000] {logging_mixin.py:188} INFO - [2026-05-03T00:36:02.143+0000] {dagbag.py:540} INFO - Filling up the DagBag from /home/airflow/.local/lib/python3.8/site-packages/airflow/example_dags/example_branch_operator.py
[2026-05-03T00:36:02.157+0000] {processor.py:840} INFO - DAG(s) 'example_branch_operator' retrieved from /home/airflow/.local/lib/python3.8/site-packages/airflow/example_dags/example_branch_operator.py
[2026-05-03T00:36:02.182+0000] {logging_mixin.py:188} INFO - [2026-05-03T00:36:02.182+0000] {dag.py:3047} INFO - Sync 1 DAGs
[2026-05-03T00:36:02.198+0000] {logging_mixin.py:188} INFO - [2026-05-03T00:36:02.198+0000] {dag.py:3834} INFO - Setting next_dagrun for example_branch_operator to 2026-05-02 00:00:00+00:00, run_after=2026-05-03 00:00:00+00:00
[2026-05-03T00:36:02.214+0000] {processor.py:183} INFO - Processing /home/airflow/.local/lib/python3.8/site-packages/airflow/example_dags/example_branch_operator.py took 0.079 seconds
[2026-05-03T00:36:32.563+0000] {processor.py:161} INFO - Started process (PID=4008) to work on /home/airflow/.local/lib/python3.8/site-packages/airflow/example_dags/example_branch_operator.py
[2026-05-03T00:36:32.564+0000] {processor.py:830} INFO - Processing file /home/airflow/.local/lib/python3.8/site-packages/airflow/example_dags/example_branch_operator.py for tasks to queue
[2026-05-03T00:36:32.566+0000] {logging_mixin.py:188} INFO - [2026-05-03T00:36:32.565+0000] {dagbag.py:540} INFO - Filling up the DagBag from /home/airflow/.local/lib/python3.8/site-packages/airflow/example_dags/example_branch_operator.py
[2026-05-03T00:36:32.578+0000] {processor.py:840} INFO - DAG(s) 'example_branch_operator' retrieved from /home/airflow/.local/lib/python3.8/site-packages/airflow/example_dags/example_branch_operator.py
[2026-05-03T00:36:32.600+0000] {logging_mixin.py:188} INFO - [2026-05-03T00:36:32.600+0000] {dag.py:3047} INFO - Sync 1 DAGs
[2026-05-03T00:36:32.617+0000] {logging_mixin.py:188} INFO - [2026-05-03T00:36:32.617+0000] {dag.py:3834} INFO - Setting next_dagrun for example_branch_operator to 2026-05-02 00:00:00+00:00, run_after=2026-05-03 00:00:00+00:00
[2026-05-03T00:36:32.631+0000] {processor.py:183} INFO - Processing /home/airflow/.local/lib/python3.8/site-packages/airflow/example_dags/example_branch_operator.py took 0.071 seconds
[2026-05-03T00:37:03.017+0000] {processor.py:161} INFO - Started process (PID=4064) to work on /home/airflow/.local/lib/python3.8/site-packages/airflow/example_dags/example_branch_operator.py
[2026-05-03T00:37:03.018+0000] {processor.py:830} INFO - Processing file /home/airflow/.local/lib/python3.8/site-packages/airflow/example_dags/example_branch_operator.py for tasks to queue
[2026-05-03T00:37:03.020+0000] {logging_mixin.py:188} INFO - [2026-05-03T00:37:03.019+0000] {dagbag.py:540} INFO - Filling up the DagBag from /home/airflow/.local/lib/python3.8/site-packages/airflow/example_dags/example_branch_operator.py
[2026-05-03T00:37:03.032+0000] {processor.py:840} INFO - DAG(s) 'example_branch_operator' retrieved from /home/airflow/.local/lib/python3.8/site-packages/airflow/example_dags/example_branch_operator.py
[2026-05-03T00:37:03.050+0000] {logging_mixin.py:188} INFO - [2026-05-03T00:37:03.050+0000] {dag.py:3047} INFO - Sync 1 DAGs
[2026-05-03T00:37:03.066+0000] {logging_mixin.py:188} INFO - [2026-05-03T00:37:03.066+0000] {dag.py:3834} INFO - Setting next_dagrun for example_branch_operator to 2026-05-02 00:00:00+00:00, run_after=2026-05-03 00:00:00+00:00
[2026-05-03T00:37:03.078+0000] {processor.py:183} INFO - Processing /home/airflow/.local/lib/python3.8/site-packages/airflow/example_dags/example_branch_operator.py took 0.064 seconds
[2026-05-03T00:37:33.576+0000] {processor.py:161} INFO - Started process (PID=4120) to work on /home/airflow/.local/lib/python3.8/site-packages/airflow/example_dags/example_branch_operator.py
[2026-05-03T00:37:33.577+0000] {processor.py:830} INFO - Processing file /home/airflow/.local/lib/python3.8/site-packages/airflow/example_dags/example_branch_operator.py for tasks to queue
[2026-05-03T00:37:33.578+0000] {logging_mixin.py:188} INFO - [2026-05-03T00:37:33.578+0000] {dagbag.py:540} INFO - Filling up the DagBag from /home/airflow/.local/lib/python3.8/site-packages/airflow/example_dags/example_branch_operator.py
[2026-05-03T00:37:33.593+0000] {processor.py:840} INFO - DAG(s) 'example_branch_operator' retrieved from /home/airflow/.local/lib/python3.8/site-packages/airflow/example_dags/example_branch_operator.py
[2026-05-03T00:37:33.612+0000] {logging_mixin.py:188} INFO - [2026-05-03T00:37:33.611+0000] {dag.py:3047} INFO - Sync 1 DAGs
[2026-05-03T00:37:33.627+0000] {logging_mixin.py:188} INFO - [2026-05-03T00:37:33.627+0000] {dag.py:3834} INFO - Setting next_dagrun for example_branch_operator to 2026-05-02 00:00:00+00:00, run_after=2026-05-03 00:00:00+00:00
[2026-05-03T00:37:33.643+0000] {processor.py:183} INFO - Processing /home/airflow/.local/lib/python3.8/site-packages/airflow/example_dags/example_branch_operator.py took 0.070 seconds
[2026-05-03T00:38:03.928+0000] {processor.py:161} INFO - Started process (PID=4176) to work on /home/airflow/.local/lib/python3.8/site-packages/airflow/example_dags/example_branch_operator.py
[2026-05-03T00:38:03.930+0000] {processor.py:830} INFO - Processing file /home/airflow/.local/lib/python3.8/site-packages/airflow/example_dags/example_branch_operator.py for tasks to queue
[2026-05-03T00:38:03.933+0000] {logging_mixin.py:188} INFO - [2026-05-03T00:38:03.933+0000] {dagbag.py:540} INFO - Filling up the DagBag from /home/airflow/.local/lib/python3.8/site-packages/airflow/example_dags/example_branch_operator.py
[2026-05-03T00:38:03.953+0000] {processor.py:840} INFO - DAG(s) 'example_branch_operator' retrieved from /home/airflow/.local/lib/python3.8/site-packages/airflow/example_dags/example_branch_operator.py
[2026-05-03T00:38:03.981+0000] {logging_mixin.py:188} INFO - [2026-05-03T00:38:03.981+0000] {dag.py:3047} INFO - Sync 1 DAGs
[2026-05-03T00:38:04.002+0000] {logging_mixin.py:188} INFO - [2026-05-03T00:38:04.002+0000] {dag.py:3834} INFO - Setting next_dagrun for example_branch_operator to 2026-05-02 00:00:00+00:00, run_after=2026-05-03 00:00:00+00:00
[2026-05-03T00:38:04.024+0000] {processor.py:183} INFO - Processing /home/airflow/.local/lib/python3.8/site-packages/airflow/example_dags/example_branch_operator.py took 0.102 seconds
[2026-05-03T00:38:34.481+0000] {processor.py:161} INFO - Started process (PID=4232) to work on /home/airflow/.local/lib/python3.8/site-packages/airflow/example_dags/example_branch_operator.py
[2026-05-03T00:38:34.484+0000] {processor.py:830} INFO - Processing file /home/airflow/.local/lib/python3.8/site-packages/airflow/example_dags/example_branch_operator.py for tasks to queue
[2026-05-03T00:38:34.486+0000] {logging_mixin.py:188} INFO - [2026-05-03T00:38:34.486+0000] {dagbag.py:540} INFO - Filling up the DagBag from /home/airflow/.local/lib/python3.8/site-packages/airflow/example_dags/example_branch_operator.py
[2026-05-03T00:38:34.498+0000] {processor.py:840} INFO - DAG(s) 'example_branch_operator' retrieved from /home/airflow/.local/lib/python3.8/site-packages/airflow/example_dags/example_branch_operator.py
[2026-05-03T00:38:34.523+0000] {logging_mixin.py:188} INFO - [2026-05-03T00:38:34.522+0000] {dag.py:3047} INFO - Sync 1 DAGs
[2026-05-03T00:38:34.539+0000] {logging_mixin.py:188} INFO - [2026-05-03T00:38:34.539+0000] {dag.py:3834} INFO - Setting next_dagrun for example_branch_operator to 2026-05-02 00:00:00+00:00, run_after=2026-05-03 00:00:00+00:00
[2026-05-03T00:38:34.562+0000] {processor.py:183} INFO - Processing /home/airflow/.local/lib/python3.8/site-packages/airflow/example_dags/example_branch_operator.py took 0.084 seconds
[2026-05-03T00:39:04.770+0000] {processor.py:161} INFO - Started process (PID=4288) to work on /home/airflow/.local/lib/python3.8/site-packages/airflow/example_dags/example_branch_operator.py
[2026-05-03T00:39:04.771+0000] {processor.py:830} INFO - Processing file /home/airflow/.local/lib/python3.8/site-packages/airflow/example_dags/example_branch_operator.py for tasks to queue
[2026-05-03T00:39:04.772+0000] {logging_mixin.py:188} INFO - [2026-05-03T00:39:04.772+0000] {dagbag.py:540} INFO - Filling up the DagBag from /home/airflow/.local/lib/python3.8/site-packages/airflow/example_dags/example_branch_operator.py
[2026-05-03T00:39:04.785+0000] {processor.py:840} INFO - DAG(s) 'example_branch_operator' retrieved from /home/airflow/.local/lib/python3.8/site-packages/airflow/example_dags/example_branch_operator.py
[2026-05-03T00:39:04.806+0000] {logging_mixin.py:188} INFO - [2026-05-03T00:39:04.805+0000] {dag.py:3047} INFO - Sync 1 DAGs
[2026-05-03T00:39:04.824+0000] {logging_mixin.py:188} INFO - [2026-05-03T00:39:04.824+0000] {dag.py:3834} INFO - Setting next_dagrun for example_branch_operator to 2026-05-02 00:00:00+00:00, run_after=2026-05-03 00:00:00+00:00
[2026-05-03T00:39:04.837+0000] {processor.py:183} INFO - Processing /home/airflow/.local/lib/python3.8/site-packages/airflow/example_dags/example_branch_operator.py took 0.070 seconds
[2026-05-03T00:39:35.326+0000] {processor.py:161} INFO - Started process (PID=4344) to work on /home/airflow/.local/lib/python3.8/site-packages/airflow/example_dags/example_branch_operator.py
[2026-05-03T00:39:35.326+0000] {processor.py:830} INFO - Processing file /home/airflow/.local/lib/python3.8/site-packages/airflow/example_dags/example_branch_operator.py for tasks to queue
[2026-05-03T00:39:35.328+0000] {logging_mixin.py:188} INFO - [2026-05-03T00:39:35.328+0000] {dagbag.py:540} INFO - Filling up the DagBag from /home/airflow/.local/lib/python3.8/site-packages/airflow/example_dags/example_branch_operator.py
[2026-05-03T00:39:35.341+0000] {processor.py:840} INFO - DAG(s) 'example_branch_operator' retrieved from /home/airflow/.local/lib/python3.8/site-packages/airflow/example_dags/example_branch_operator.py
[2026-05-03T00:39:35.361+0000] {logging_mixin.py:188} INFO - [2026-05-03T00:39:35.361+0000] {dag.py:3047} INFO - Sync 1 DAGs
[2026-05-03T00:39:35.376+0000] {logging_mixin.py:188} INFO - [2026-05-03T00:39:35.375+0000] {dag.py:3834} INFO - Setting next_dagrun for example_branch_operator to 2026-05-02 00:00:00+00:00, run_after=2026-05-03 00:00:00+00:00
[2026-05-03T00:39:35.393+0000] {processor.py:183} INFO - Processing /home/airflow/.local/lib/python3.8/site-packages/airflow/example_dags/example_branch_operator.py took 0.070 seconds
