[2026-05-03T00:02:00.200+0000] {processor.py:161} INFO - Started process (PID=2762) to work on /home/airflow/.local/lib/python3.8/site-packages/airflow/example_dags/example_sla_dag.py
[2026-05-03T00:02:00.202+0000] {processor.py:830} INFO - Processing file /home/airflow/.local/lib/python3.8/site-packages/airflow/example_dags/example_sla_dag.py for tasks to queue
[2026-05-03T00:02:00.205+0000] {logging_mixin.py:188} INFO - [2026-05-03T00:02:00.205+0000] {dagbag.py:540} INFO - Filling up the DagBag from /home/airflow/.local/lib/python3.8/site-packages/airflow/example_dags/example_sla_dag.py
[2026-05-03T00:02:00.226+0000] {processor.py:840} INFO - DAG(s) 'example_sla_dag' retrieved from /home/airflow/.local/lib/python3.8/site-packages/airflow/example_dags/example_sla_dag.py
[2026-05-03T00:02:00.269+0000] {logging_mixin.py:188} INFO - [2026-05-03T00:02:00.269+0000] {dag.py:3047} INFO - Sync 1 DAGs
[2026-05-03T00:02:00.327+0000] {logging_mixin.py:188} INFO - [2026-05-03T00:02:00.327+0000] {dag.py:3834} INFO - Setting next_dagrun for example_sla_dag to 2026-05-03 00:00:00+00:00, run_after=2026-05-03 00:02:00+00:00
[2026-05-03T00:02:00.359+0000] {processor.py:183} INFO - Processing /home/airflow/.local/lib/python3.8/site-packages/airflow/example_dags/example_sla_dag.py took 0.170 seconds
[2026-05-03T00:11:41.550+0000] {processor.py:161} INFO - Started process (PID=2818) to work on /home/airflow/.local/lib/python3.8/site-packages/airflow/example_dags/example_sla_dag.py
[2026-05-03T00:11:41.552+0000] {processor.py:830} INFO - Processing file /home/airflow/.local/lib/python3.8/site-packages/airflow/example_dags/example_sla_dag.py for tasks to queue
[2026-05-03T00:11:41.553+0000] {logging_mixin.py:188} INFO - [2026-05-03T00:11:41.553+0000] {dagbag.py:540} INFO - Filling up the DagBag from /home/airflow/.local/lib/python3.8/site-packages/airflow/example_dags/example_sla_dag.py
[2026-05-03T00:11:41.559+0000] {processor.py:840} INFO - DAG(s) 'example_sla_dag' retrieved from /home/airflow/.local/lib/python3.8/site-packages/airflow/example_dags/example_sla_dag.py
[2026-05-03T00:11:41.572+0000] {logging_mixin.py:188} INFO - [2026-05-03T00:11:41.572+0000] {dag.py:3047} INFO - Sync 1 DAGs
[2026-05-03T00:11:41.588+0000] {logging_mixin.py:188} INFO - [2026-05-03T00:11:41.588+0000] {dag.py:3834} INFO - Setting next_dagrun for example_sla_dag to 2026-05-03 00:08:00+00:00, run_after=2026-05-03 00:10:00+00:00
[2026-05-03T00:11:41.598+0000] {processor.py:183} INFO - Processing /home/airflow/.local/lib/python3.8/site-packages/airflow/example_dags/example_sla_dag.py took 0.051 seconds
[2026-05-03T00:20:52.868+0000] {processor.py:161} INFO - Started process (PID=2874) to work on /home/airflow/.local/lib/python3.8/site-packages/airflow/example_dags/example_sla_dag.py
[2026-05-03T00:20:52.875+0000] {processor.py:830} INFO - Processing file /home/airflow/.local/lib/python3.8/site-packages/airflow/example_dags/example_sla_dag.py for tasks to queue
[2026-05-03T00:20:52.883+0000] {logging_mixin.py:188} INFO - [2026-05-03T00:20:52.883+0000] {dagbag.py:540} INFO - Filling up the DagBag from /home/airflow/.local/lib/python3.8/site-packages/airflow/example_dags/example_sla_dag.py
[2026-05-03T00:20:52.897+0000] {processor.py:840} INFO - DAG(s) 'example_sla_dag' retrieved from /home/airflow/.local/lib/python3.8/site-packages/airflow/example_dags/example_sla_dag.py
[2026-05-03T00:20:52.929+0000] {logging_mixin.py:188} INFO - [2026-05-03T00:20:52.929+0000] {dag.py:3047} INFO - Sync 1 DAGs
[2026-05-03T00:20:52.960+0000] {logging_mixin.py:188} INFO - [2026-05-03T00:20:52.960+0000] {dag.py:3834} INFO - Setting next_dagrun for example_sla_dag to 2026-05-03 00:18:00+00:00, run_after=2026-05-03 00:20:00+00:00
[2026-05-03T00:20:52.990+0000] {processor.py:183} INFO - Processing /home/airflow/.local/lib/python3.8/site-packages/airflow/example_dags/example_sla_dag.py took 0.137 seconds
[2026-05-03T00:26:52.830+0000] {processor.py:161} INFO - Started process (PID=2930) to work on /home/airflow/.local/lib/python3.8/site-packages/airflow/example_dags/example_sla_dag.py
[2026-05-03T00:26:52.832+0000] {processor.py:830} INFO - Processing file /home/airflow/.local/lib/python3.8/site-packages/airflow/example_dags/example_sla_dag.py for tasks to queue
[2026-05-03T00:26:52.835+0000] {logging_mixin.py:188} INFO - [2026-05-03T00:26:52.834+0000] {dagbag.py:540} INFO - Filling up the DagBag from /home/airflow/.local/lib/python3.8/site-packages/airflow/example_dags/example_sla_dag.py
[2026-05-03T00:26:52.855+0000] {processor.py:840} INFO - DAG(s) 'example_sla_dag' retrieved from /home/airflow/.local/lib/python3.8/site-packages/airflow/example_dags/example_sla_dag.py
[2026-05-03T00:26:52.938+0000] {logging_mixin.py:188} INFO - [2026-05-03T00:26:52.938+0000] {dag.py:3047} INFO - Sync 1 DAGs
[2026-05-03T00:26:53.003+0000] {logging_mixin.py:188} INFO - [2026-05-03T00:26:53.002+0000] {dag.py:3834} INFO - Setting next_dagrun for example_sla_dag to 2026-05-03 00:24:00+00:00, run_after=2026-05-03 00:26:00+00:00
[2026-05-03T00:26:53.082+0000] {processor.py:183} INFO - Processing /home/airflow/.local/lib/python3.8/site-packages/airflow/example_dags/example_sla_dag.py took 0.258 seconds
[2026-05-03T00:27:23.835+0000] {processor.py:161} INFO - Started process (PID=2986) to work on /home/airflow/.local/lib/python3.8/site-packages/airflow/example_dags/example_sla_dag.py
[2026-05-03T00:27:23.836+0000] {processor.py:830} INFO - Processing file /home/airflow/.local/lib/python3.8/site-packages/airflow/example_dags/example_sla_dag.py for tasks to queue
[2026-05-03T00:27:23.837+0000] {logging_mixin.py:188} INFO - [2026-05-03T00:27:23.837+0000] {dagbag.py:540} INFO - Filling up the DagBag from /home/airflow/.local/lib/python3.8/site-packages/airflow/example_dags/example_sla_dag.py
[2026-05-03T00:27:23.843+0000] {processor.py:840} INFO - DAG(s) 'example_sla_dag' retrieved from /home/airflow/.local/lib/python3.8/site-packages/airflow/example_dags/example_sla_dag.py
[2026-05-03T00:27:23.856+0000] {logging_mixin.py:188} INFO - [2026-05-03T00:27:23.856+0000] {dag.py:3047} INFO - Sync 1 DAGs
[2026-05-03T00:27:23.872+0000] {logging_mixin.py:188} INFO - [2026-05-03T00:27:23.871+0000] {dag.py:3834} INFO - Setting next_dagrun for example_sla_dag to 2026-05-03 00:24:00+00:00, run_after=2026-05-03 00:26:00+00:00
[2026-05-03T00:27:23.881+0000] {processor.py:183} INFO - Processing /home/airflow/.local/lib/python3.8/site-packages/airflow/example_dags/example_sla_dag.py took 0.049 seconds
[2026-05-03T00:27:54.734+0000] {processor.py:161} INFO - Started process (PID=3042) to work on /home/airflow/.local/lib/python3.8/site-packages/airflow/example_dags/example_sla_dag.py
[2026-05-03T00:27:54.738+0000] {processor.py:830} INFO - Processing file /home/airflow/.local/lib/python3.8/site-packages/airflow/example_dags/example_sla_dag.py for tasks to queue
[2026-05-03T00:27:54.740+0000] {logging_mixin.py:188} INFO - [2026-05-03T00:27:54.740+0000] {dagbag.py:540} INFO - Filling up the DagBag from /home/airflow/.local/lib/python3.8/site-packages/airflow/example_dags/example_sla_dag.py
[2026-05-03T00:27:54.751+0000] {processor.py:840} INFO - DAG(s) 'example_sla_dag' retrieved from /home/airflow/.local/lib/python3.8/site-packages/airflow/example_dags/example_sla_dag.py
[2026-05-03T00:27:54.772+0000] {logging_mixin.py:188} INFO - [2026-05-03T00:27:54.772+0000] {dag.py:3047} INFO - Sync 1 DAGs
[2026-05-03T00:27:54.799+0000] {logging_mixin.py:188} INFO - [2026-05-03T00:27:54.799+0000] {dag.py:3834} INFO - Setting next_dagrun for example_sla_dag to 2026-05-03 00:24:00+00:00, run_after=2026-05-03 00:26:00+00:00
[2026-05-03T00:27:54.815+0000] {processor.py:183} INFO - Processing /home/airflow/.local/lib/python3.8/site-packages/airflow/example_dags/example_sla_dag.py took 0.083 seconds
[2026-05-03T00:28:25.129+0000] {processor.py:161} INFO - Started process (PID=3098) to work on /home/airflow/.local/lib/python3.8/site-packages/airflow/example_dags/example_sla_dag.py
[2026-05-03T00:28:25.131+0000] {processor.py:830} INFO - Processing file /home/airflow/.local/lib/python3.8/site-packages/airflow/example_dags/example_sla_dag.py for tasks to queue
[2026-05-03T00:28:25.136+0000] {logging_mixin.py:188} INFO - [2026-05-03T00:28:25.136+0000] {dagbag.py:540} INFO - Filling up the DagBag from /home/airflow/.local/lib/python3.8/site-packages/airflow/example_dags/example_sla_dag.py
[2026-05-03T00:28:25.145+0000] {processor.py:840} INFO - DAG(s) 'example_sla_dag' retrieved from /home/airflow/.local/lib/python3.8/site-packages/airflow/example_dags/example_sla_dag.py
[2026-05-03T00:28:25.161+0000] {logging_mixin.py:188} INFO - [2026-05-03T00:28:25.161+0000] {dag.py:3047} INFO - Sync 1 DAGs
[2026-05-03T00:28:25.183+0000] {logging_mixin.py:188} INFO - [2026-05-03T00:28:25.183+0000] {dag.py:3834} INFO - Setting next_dagrun for example_sla_dag to 2026-05-03 00:26:00+00:00, run_after=2026-05-03 00:28:00+00:00
[2026-05-03T00:28:25.200+0000] {processor.py:183} INFO - Processing /home/airflow/.local/lib/python3.8/site-packages/airflow/example_dags/example_sla_dag.py took 0.074 seconds
[2026-05-03T00:28:55.410+0000] {processor.py:161} INFO - Started process (PID=3154) to work on /home/airflow/.local/lib/python3.8/site-packages/airflow/example_dags/example_sla_dag.py
[2026-05-03T00:28:55.416+0000] {processor.py:830} INFO - Processing file /home/airflow/.local/lib/python3.8/site-packages/airflow/example_dags/example_sla_dag.py for tasks to queue
[2026-05-03T00:28:55.417+0000] {logging_mixin.py:188} INFO - [2026-05-03T00:28:55.417+0000] {dagbag.py:540} INFO - Filling up the DagBag from /home/airflow/.local/lib/python3.8/site-packages/airflow/example_dags/example_sla_dag.py
[2026-05-03T00:28:55.425+0000] {processor.py:840} INFO - DAG(s) 'example_sla_dag' retrieved from /home/airflow/.local/lib/python3.8/site-packages/airflow/example_dags/example_sla_dag.py
[2026-05-03T00:28:55.446+0000] {logging_mixin.py:188} INFO - [2026-05-03T00:28:55.446+0000] {dag.py:3047} INFO - Sync 1 DAGs
[2026-05-03T00:28:55.463+0000] {logging_mixin.py:188} INFO - [2026-05-03T00:28:55.463+0000] {dag.py:3834} INFO - Setting next_dagrun for example_sla_dag to 2026-05-03 00:26:00+00:00, run_after=2026-05-03 00:28:00+00:00
[2026-05-03T00:28:55.480+0000] {processor.py:183} INFO - Processing /home/airflow/.local/lib/python3.8/site-packages/airflow/example_dags/example_sla_dag.py took 0.073 seconds
[2026-05-03T00:29:25.711+0000] {processor.py:161} INFO - Started process (PID=3210) to work on /home/airflow/.local/lib/python3.8/site-packages/airflow/example_dags/example_sla_dag.py
[2026-05-03T00:29:25.713+0000] {processor.py:830} INFO - Processing file /home/airflow/.local/lib/python3.8/site-packages/airflow/example_dags/example_sla_dag.py for tasks to queue
[2026-05-03T00:29:25.715+0000] {logging_mixin.py:188} INFO - [2026-05-03T00:29:25.715+0000] {dagbag.py:540} INFO - Filling up the DagBag from /home/airflow/.local/lib/python3.8/site-packages/airflow/example_dags/example_sla_dag.py
[2026-05-03T00:29:25.723+0000] {processor.py:840} INFO - DAG(s) 'example_sla_dag' retrieved from /home/airflow/.local/lib/python3.8/site-packages/airflow/example_dags/example_sla_dag.py
[2026-05-03T00:29:25.736+0000] {logging_mixin.py:188} INFO - [2026-05-03T00:29:25.736+0000] {dag.py:3047} INFO - Sync 1 DAGs
[2026-05-03T00:29:25.752+0000] {logging_mixin.py:188} INFO - [2026-05-03T00:29:25.752+0000] {dag.py:3834} INFO - Setting next_dagrun for example_sla_dag to 2026-05-03 00:26:00+00:00, run_after=2026-05-03 00:28:00+00:00
[2026-05-03T00:29:25.771+0000] {processor.py:183} INFO - Processing /home/airflow/.local/lib/python3.8/site-packages/airflow/example_dags/example_sla_dag.py took 0.063 seconds
[2026-05-03T00:29:56.066+0000] {processor.py:161} INFO - Started process (PID=3266) to work on /home/airflow/.local/lib/python3.8/site-packages/airflow/example_dags/example_sla_dag.py
[2026-05-03T00:29:56.071+0000] {processor.py:830} INFO - Processing file /home/airflow/.local/lib/python3.8/site-packages/airflow/example_dags/example_sla_dag.py for tasks to queue
[2026-05-03T00:29:56.072+0000] {logging_mixin.py:188} INFO - [2026-05-03T00:29:56.072+0000] {dagbag.py:540} INFO - Filling up the DagBag from /home/airflow/.local/lib/python3.8/site-packages/airflow/example_dags/example_sla_dag.py
[2026-05-03T00:29:56.079+0000] {processor.py:840} INFO - DAG(s) 'example_sla_dag' retrieved from /home/airflow/.local/lib/python3.8/site-packages/airflow/example_dags/example_sla_dag.py
[2026-05-03T00:29:56.092+0000] {logging_mixin.py:188} INFO - [2026-05-03T00:29:56.092+0000] {dag.py:3047} INFO - Sync 1 DAGs
[2026-05-03T00:29:56.107+0000] {logging_mixin.py:188} INFO - [2026-05-03T00:29:56.107+0000] {dag.py:3834} INFO - Setting next_dagrun for example_sla_dag to 2026-05-03 00:26:00+00:00, run_after=2026-05-03 00:28:00+00:00
[2026-05-03T00:29:56.122+0000] {processor.py:183} INFO - Processing /home/airflow/.local/lib/python3.8/site-packages/airflow/example_dags/example_sla_dag.py took 0.059 seconds
[2026-05-03T00:30:26.379+0000] {processor.py:161} INFO - Started process (PID=3322) to work on /home/airflow/.local/lib/python3.8/site-packages/airflow/example_dags/example_sla_dag.py
[2026-05-03T00:30:26.381+0000] {processor.py:830} INFO - Processing file /home/airflow/.local/lib/python3.8/site-packages/airflow/example_dags/example_sla_dag.py for tasks to queue
[2026-05-03T00:30:26.383+0000] {logging_mixin.py:188} INFO - [2026-05-03T00:30:26.383+0000] {dagbag.py:540} INFO - Filling up the DagBag from /home/airflow/.local/lib/python3.8/site-packages/airflow/example_dags/example_sla_dag.py
[2026-05-03T00:30:26.395+0000] {processor.py:840} INFO - DAG(s) 'example_sla_dag' retrieved from /home/airflow/.local/lib/python3.8/site-packages/airflow/example_dags/example_sla_dag.py
[2026-05-03T00:30:26.411+0000] {logging_mixin.py:188} INFO - [2026-05-03T00:30:26.411+0000] {dag.py:3047} INFO - Sync 1 DAGs
[2026-05-03T00:30:26.432+0000] {logging_mixin.py:188} INFO - [2026-05-03T00:30:26.431+0000] {dag.py:3834} INFO - Setting next_dagrun for example_sla_dag to 2026-05-03 00:28:00+00:00, run_after=2026-05-03 00:30:00+00:00
[2026-05-03T00:30:26.445+0000] {processor.py:183} INFO - Processing /home/airflow/.local/lib/python3.8/site-packages/airflow/example_dags/example_sla_dag.py took 0.071 seconds
[2026-05-03T00:30:56.605+0000] {processor.py:161} INFO - Started process (PID=3378) to work on /home/airflow/.local/lib/python3.8/site-packages/airflow/example_dags/example_sla_dag.py
[2026-05-03T00:30:56.608+0000] {processor.py:830} INFO - Processing file /home/airflow/.local/lib/python3.8/site-packages/airflow/example_dags/example_sla_dag.py for tasks to queue
[2026-05-03T00:30:56.609+0000] {logging_mixin.py:188} INFO - [2026-05-03T00:30:56.609+0000] {dagbag.py:540} INFO - Filling up the DagBag from /home/airflow/.local/lib/python3.8/site-packages/airflow/example_dags/example_sla_dag.py
[2026-05-03T00:30:56.617+0000] {processor.py:840} INFO - DAG(s) 'example_sla_dag' retrieved from /home/airflow/.local/lib/python3.8/site-packages/airflow/example_dags/example_sla_dag.py
[2026-05-03T00:30:56.639+0000] {logging_mixin.py:188} INFO - [2026-05-03T00:30:56.638+0000] {dag.py:3047} INFO - Sync 1 DAGs
[2026-05-03T00:30:56.659+0000] {logging_mixin.py:188} INFO - [2026-05-03T00:30:56.659+0000] {dag.py:3834} INFO - Setting next_dagrun for example_sla_dag to 2026-05-03 00:28:00+00:00, run_after=2026-05-03 00:30:00+00:00
[2026-05-03T00:30:56.677+0000] {processor.py:183} INFO - Processing /home/airflow/.local/lib/python3.8/site-packages/airflow/example_dags/example_sla_dag.py took 0.074 seconds
[2026-05-03T00:31:27.190+0000] {processor.py:161} INFO - Started process (PID=3434) to work on /home/airflow/.local/lib/python3.8/site-packages/airflow/example_dags/example_sla_dag.py
[2026-05-03T00:31:27.191+0000] {processor.py:830} INFO - Processing file /home/airflow/.local/lib/python3.8/site-packages/airflow/example_dags/example_sla_dag.py for tasks to queue
[2026-05-03T00:31:27.193+0000] {logging_mixin.py:188} INFO - [2026-05-03T00:31:27.193+0000] {dagbag.py:540} INFO - Filling up the DagBag from /home/airflow/.local/lib/python3.8/site-packages/airflow/example_dags/example_sla_dag.py
[2026-05-03T00:31:27.204+0000] {processor.py:840} INFO - DAG(s) 'example_sla_dag' retrieved from /home/airflow/.local/lib/python3.8/site-packages/airflow/example_dags/example_sla_dag.py
[2026-05-03T00:31:27.222+0000] {logging_mixin.py:188} INFO - [2026-05-03T00:31:27.222+0000] {dag.py:3047} INFO - Sync 1 DAGs
[2026-05-03T00:31:27.244+0000] {logging_mixin.py:188} INFO - [2026-05-03T00:31:27.243+0000] {dag.py:3834} INFO - Setting next_dagrun for example_sla_dag to 2026-05-03 00:28:00+00:00, run_after=2026-05-03 00:30:00+00:00
[2026-05-03T00:31:27.260+0000] {processor.py:183} INFO - Processing /home/airflow/.local/lib/python3.8/site-packages/airflow/example_dags/example_sla_dag.py took 0.072 seconds
[2026-05-03T00:31:57.517+0000] {processor.py:161} INFO - Started process (PID=3490) to work on /home/airflow/.local/lib/python3.8/site-packages/airflow/example_dags/example_sla_dag.py
[2026-05-03T00:31:57.518+0000] {processor.py:830} INFO - Processing file /home/airflow/.local/lib/python3.8/site-packages/airflow/example_dags/example_sla_dag.py for tasks to queue
[2026-05-03T00:31:57.519+0000] {logging_mixin.py:188} INFO - [2026-05-03T00:31:57.519+0000] {dagbag.py:540} INFO - Filling up the DagBag from /home/airflow/.local/lib/python3.8/site-packages/airflow/example_dags/example_sla_dag.py
[2026-05-03T00:31:57.532+0000] {processor.py:840} INFO - DAG(s) 'example_sla_dag' retrieved from /home/airflow/.local/lib/python3.8/site-packages/airflow/example_dags/example_sla_dag.py
[2026-05-03T00:31:57.544+0000] {logging_mixin.py:188} INFO - [2026-05-03T00:31:57.544+0000] {dag.py:3047} INFO - Sync 1 DAGs
[2026-05-03T00:31:57.559+0000] {logging_mixin.py:188} INFO - [2026-05-03T00:31:57.559+0000] {dag.py:3834} INFO - Setting next_dagrun for example_sla_dag to 2026-05-03 00:28:00+00:00, run_after=2026-05-03 00:30:00+00:00
[2026-05-03T00:31:57.570+0000] {processor.py:183} INFO - Processing /home/airflow/.local/lib/python3.8/site-packages/airflow/example_dags/example_sla_dag.py took 0.055 seconds
[2026-05-03T00:32:27.881+0000] {processor.py:161} INFO - Started process (PID=3546) to work on /home/airflow/.local/lib/python3.8/site-packages/airflow/example_dags/example_sla_dag.py
[2026-05-03T00:32:27.885+0000] {processor.py:830} INFO - Processing file /home/airflow/.local/lib/python3.8/site-packages/airflow/example_dags/example_sla_dag.py for tasks to queue
[2026-05-03T00:32:27.886+0000] {logging_mixin.py:188} INFO - [2026-05-03T00:32:27.886+0000] {dagbag.py:540} INFO - Filling up the DagBag from /home/airflow/.local/lib/python3.8/site-packages/airflow/example_dags/example_sla_dag.py
[2026-05-03T00:32:27.891+0000] {processor.py:840} INFO - DAG(s) 'example_sla_dag' retrieved from /home/airflow/.local/lib/python3.8/site-packages/airflow/example_dags/example_sla_dag.py
[2026-05-03T00:32:27.903+0000] {logging_mixin.py:188} INFO - [2026-05-03T00:32:27.902+0000] {dag.py:3047} INFO - Sync 1 DAGs
[2026-05-03T00:32:27.918+0000] {logging_mixin.py:188} INFO - [2026-05-03T00:32:27.918+0000] {dag.py:3834} INFO - Setting next_dagrun for example_sla_dag to 2026-05-03 00:30:00+00:00, run_after=2026-05-03 00:32:00+00:00
[2026-05-03T00:32:27.932+0000] {processor.py:183} INFO - Processing /home/airflow/.local/lib/python3.8/site-packages/airflow/example_dags/example_sla_dag.py took 0.054 seconds
[2026-05-03T00:32:58.008+0000] {processor.py:161} INFO - Started process (PID=3602) to work on /home/airflow/.local/lib/python3.8/site-packages/airflow/example_dags/example_sla_dag.py
[2026-05-03T00:32:58.013+0000] {processor.py:830} INFO - Processing file /home/airflow/.local/lib/python3.8/site-packages/airflow/example_dags/example_sla_dag.py for tasks to queue
[2026-05-03T00:32:58.014+0000] {logging_mixin.py:188} INFO - [2026-05-03T00:32:58.014+0000] {dagbag.py:540} INFO - Filling up the DagBag from /home/airflow/.local/lib/python3.8/site-packages/airflow/example_dags/example_sla_dag.py
[2026-05-03T00:32:58.021+0000] {processor.py:840} INFO - DAG(s) 'example_sla_dag' retrieved from /home/airflow/.local/lib/python3.8/site-packages/airflow/example_dags/example_sla_dag.py
[2026-05-03T00:32:58.037+0000] {logging_mixin.py:188} INFO - [2026-05-03T00:32:58.037+0000] {dag.py:3047} INFO - Sync 1 DAGs
[2026-05-03T00:32:58.055+0000] {logging_mixin.py:188} INFO - [2026-05-03T00:32:58.055+0000] {dag.py:3834} INFO - Setting next_dagrun for example_sla_dag to 2026-05-03 00:30:00+00:00, run_after=2026-05-03 00:32:00+00:00
[2026-05-03T00:32:58.068+0000] {processor.py:183} INFO - Processing /home/airflow/.local/lib/python3.8/site-packages/airflow/example_dags/example_sla_dag.py took 0.063 seconds
[2026-05-03T00:33:28.527+0000] {processor.py:161} INFO - Started process (PID=3658) to work on /home/airflow/.local/lib/python3.8/site-packages/airflow/example_dags/example_sla_dag.py
[2026-05-03T00:33:28.528+0000] {processor.py:830} INFO - Processing file /home/airflow/.local/lib/python3.8/site-packages/airflow/example_dags/example_sla_dag.py for tasks to queue
[2026-05-03T00:33:28.530+0000] {logging_mixin.py:188} INFO - [2026-05-03T00:33:28.530+0000] {dagbag.py:540} INFO - Filling up the DagBag from /home/airflow/.local/lib/python3.8/site-packages/airflow/example_dags/example_sla_dag.py
[2026-05-03T00:33:28.538+0000] {processor.py:840} INFO - DAG(s) 'example_sla_dag' retrieved from /home/airflow/.local/lib/python3.8/site-packages/airflow/example_dags/example_sla_dag.py
[2026-05-03T00:33:28.552+0000] {logging_mixin.py:188} INFO - [2026-05-03T00:33:28.552+0000] {dag.py:3047} INFO - Sync 1 DAGs
[2026-05-03T00:33:28.568+0000] {logging_mixin.py:188} INFO - [2026-05-03T00:33:28.568+0000] {dag.py:3834} INFO - Setting next_dagrun for example_sla_dag to 2026-05-03 00:30:00+00:00, run_after=2026-05-03 00:32:00+00:00
[2026-05-03T00:33:28.583+0000] {processor.py:183} INFO - Processing /home/airflow/.local/lib/python3.8/site-packages/airflow/example_dags/example_sla_dag.py took 0.059 seconds
[2026-05-03T00:33:59.128+0000] {processor.py:161} INFO - Started process (PID=3714) to work on /home/airflow/.local/lib/python3.8/site-packages/airflow/example_dags/example_sla_dag.py
[2026-05-03T00:33:59.132+0000] {processor.py:830} INFO - Processing file /home/airflow/.local/lib/python3.8/site-packages/airflow/example_dags/example_sla_dag.py for tasks to queue
[2026-05-03T00:33:59.134+0000] {logging_mixin.py:188} INFO - [2026-05-03T00:33:59.134+0000] {dagbag.py:540} INFO - Filling up the DagBag from /home/airflow/.local/lib/python3.8/site-packages/airflow/example_dags/example_sla_dag.py
[2026-05-03T00:33:59.140+0000] {processor.py:840} INFO - DAG(s) 'example_sla_dag' retrieved from /home/airflow/.local/lib/python3.8/site-packages/airflow/example_dags/example_sla_dag.py
[2026-05-03T00:33:59.153+0000] {logging_mixin.py:188} INFO - [2026-05-03T00:33:59.153+0000] {dag.py:3047} INFO - Sync 1 DAGs
[2026-05-03T00:33:59.172+0000] {logging_mixin.py:188} INFO - [2026-05-03T00:33:59.172+0000] {dag.py:3834} INFO - Setting next_dagrun for example_sla_dag to 2026-05-03 00:30:00+00:00, run_after=2026-05-03 00:32:00+00:00
[2026-05-03T00:33:59.189+0000] {processor.py:183} INFO - Processing /home/airflow/.local/lib/python3.8/site-packages/airflow/example_dags/example_sla_dag.py took 0.063 seconds
[2026-05-03T00:34:29.417+0000] {processor.py:161} INFO - Started process (PID=3770) to work on /home/airflow/.local/lib/python3.8/site-packages/airflow/example_dags/example_sla_dag.py
[2026-05-03T00:34:29.425+0000] {processor.py:830} INFO - Processing file /home/airflow/.local/lib/python3.8/site-packages/airflow/example_dags/example_sla_dag.py for tasks to queue
[2026-05-03T00:34:29.426+0000] {logging_mixin.py:188} INFO - [2026-05-03T00:34:29.426+0000] {dagbag.py:540} INFO - Filling up the DagBag from /home/airflow/.local/lib/python3.8/site-packages/airflow/example_dags/example_sla_dag.py
[2026-05-03T00:34:29.433+0000] {processor.py:840} INFO - DAG(s) 'example_sla_dag' retrieved from /home/airflow/.local/lib/python3.8/site-packages/airflow/example_dags/example_sla_dag.py
[2026-05-03T00:34:29.445+0000] {logging_mixin.py:188} INFO - [2026-05-03T00:34:29.445+0000] {dag.py:3047} INFO - Sync 1 DAGs
[2026-05-03T00:34:29.465+0000] {logging_mixin.py:188} INFO - [2026-05-03T00:34:29.465+0000] {dag.py:3834} INFO - Setting next_dagrun for example_sla_dag to 2026-05-03 00:32:00+00:00, run_after=2026-05-03 00:34:00+00:00
[2026-05-03T00:34:29.480+0000] {processor.py:183} INFO - Processing /home/airflow/.local/lib/python3.8/site-packages/airflow/example_dags/example_sla_dag.py took 0.065 seconds
[2026-05-03T00:34:59.625+0000] {processor.py:161} INFO - Started process (PID=3826) to work on /home/airflow/.local/lib/python3.8/site-packages/airflow/example_dags/example_sla_dag.py
[2026-05-03T00:34:59.630+0000] {processor.py:830} INFO - Processing file /home/airflow/.local/lib/python3.8/site-packages/airflow/example_dags/example_sla_dag.py for tasks to queue
[2026-05-03T00:34:59.632+0000] {logging_mixin.py:188} INFO - [2026-05-03T00:34:59.631+0000] {dagbag.py:540} INFO - Filling up the DagBag from /home/airflow/.local/lib/python3.8/site-packages/airflow/example_dags/example_sla_dag.py
[2026-05-03T00:34:59.637+0000] {processor.py:840} INFO - DAG(s) 'example_sla_dag' retrieved from /home/airflow/.local/lib/python3.8/site-packages/airflow/example_dags/example_sla_dag.py
[2026-05-03T00:34:59.651+0000] {logging_mixin.py:188} INFO - [2026-05-03T00:34:59.651+0000] {dag.py:3047} INFO - Sync 1 DAGs
[2026-05-03T00:34:59.669+0000] {logging_mixin.py:188} INFO - [2026-05-03T00:34:59.669+0000] {dag.py:3834} INFO - Setting next_dagrun for example_sla_dag to 2026-05-03 00:32:00+00:00, run_after=2026-05-03 00:34:00+00:00
[2026-05-03T00:34:59.683+0000] {processor.py:183} INFO - Processing /home/airflow/.local/lib/python3.8/site-packages/airflow/example_dags/example_sla_dag.py took 0.061 seconds
[2026-05-03T00:35:29.932+0000] {processor.py:161} INFO - Started process (PID=3882) to work on /home/airflow/.local/lib/python3.8/site-packages/airflow/example_dags/example_sla_dag.py
[2026-05-03T00:35:29.934+0000] {processor.py:830} INFO - Processing file /home/airflow/.local/lib/python3.8/site-packages/airflow/example_dags/example_sla_dag.py for tasks to queue
[2026-05-03T00:35:29.939+0000] {logging_mixin.py:188} INFO - [2026-05-03T00:35:29.939+0000] {dagbag.py:540} INFO - Filling up the DagBag from /home/airflow/.local/lib/python3.8/site-packages/airflow/example_dags/example_sla_dag.py
[2026-05-03T00:35:29.950+0000] {processor.py:840} INFO - DAG(s) 'example_sla_dag' retrieved from /home/airflow/.local/lib/python3.8/site-packages/airflow/example_dags/example_sla_dag.py
[2026-05-03T00:35:29.970+0000] {logging_mixin.py:188} INFO - [2026-05-03T00:35:29.970+0000] {dag.py:3047} INFO - Sync 1 DAGs
[2026-05-03T00:35:29.992+0000] {logging_mixin.py:188} INFO - [2026-05-03T00:35:29.992+0000] {dag.py:3834} INFO - Setting next_dagrun for example_sla_dag to 2026-05-03 00:32:00+00:00, run_after=2026-05-03 00:34:00+00:00
[2026-05-03T00:35:30.006+0000] {processor.py:183} INFO - Processing /home/airflow/.local/lib/python3.8/site-packages/airflow/example_dags/example_sla_dag.py took 0.077 seconds
[2026-05-03T00:36:00.380+0000] {processor.py:161} INFO - Started process (PID=3938) to work on /home/airflow/.local/lib/python3.8/site-packages/airflow/example_dags/example_sla_dag.py
[2026-05-03T00:36:00.384+0000] {processor.py:830} INFO - Processing file /home/airflow/.local/lib/python3.8/site-packages/airflow/example_dags/example_sla_dag.py for tasks to queue
[2026-05-03T00:36:00.385+0000] {logging_mixin.py:188} INFO - [2026-05-03T00:36:00.385+0000] {dagbag.py:540} INFO - Filling up the DagBag from /home/airflow/.local/lib/python3.8/site-packages/airflow/example_dags/example_sla_dag.py
[2026-05-03T00:36:00.391+0000] {processor.py:840} INFO - DAG(s) 'example_sla_dag' retrieved from /home/airflow/.local/lib/python3.8/site-packages/airflow/example_dags/example_sla_dag.py
[2026-05-03T00:36:00.408+0000] {logging_mixin.py:188} INFO - [2026-05-03T00:36:00.408+0000] {dag.py:3047} INFO - Sync 1 DAGs
[2026-05-03T00:36:00.428+0000] {logging_mixin.py:188} INFO - [2026-05-03T00:36:00.428+0000] {dag.py:3834} INFO - Setting next_dagrun for example_sla_dag to 2026-05-03 00:34:00+00:00, run_after=2026-05-03 00:36:00+00:00
[2026-05-03T00:36:00.446+0000] {processor.py:183} INFO - Processing /home/airflow/.local/lib/python3.8/site-packages/airflow/example_dags/example_sla_dag.py took 0.069 seconds
[2026-05-03T00:36:30.873+0000] {processor.py:161} INFO - Started process (PID=3994) to work on /home/airflow/.local/lib/python3.8/site-packages/airflow/example_dags/example_sla_dag.py
[2026-05-03T00:36:30.874+0000] {processor.py:830} INFO - Processing file /home/airflow/.local/lib/python3.8/site-packages/airflow/example_dags/example_sla_dag.py for tasks to queue
[2026-05-03T00:36:30.875+0000] {logging_mixin.py:188} INFO - [2026-05-03T00:36:30.875+0000] {dagbag.py:540} INFO - Filling up the DagBag from /home/airflow/.local/lib/python3.8/site-packages/airflow/example_dags/example_sla_dag.py
[2026-05-03T00:36:30.882+0000] {processor.py:840} INFO - DAG(s) 'example_sla_dag' retrieved from /home/airflow/.local/lib/python3.8/site-packages/airflow/example_dags/example_sla_dag.py
[2026-05-03T00:36:30.896+0000] {logging_mixin.py:188} INFO - [2026-05-03T00:36:30.896+0000] {dag.py:3047} INFO - Sync 1 DAGs
[2026-05-03T00:36:30.916+0000] {logging_mixin.py:188} INFO - [2026-05-03T00:36:30.916+0000] {dag.py:3834} INFO - Setting next_dagrun for example_sla_dag to 2026-05-03 00:34:00+00:00, run_after=2026-05-03 00:36:00+00:00
[2026-05-03T00:36:30.933+0000] {processor.py:183} INFO - Processing /home/airflow/.local/lib/python3.8/site-packages/airflow/example_dags/example_sla_dag.py took 0.063 seconds
[2026-05-03T00:37:01.285+0000] {processor.py:161} INFO - Started process (PID=4050) to work on /home/airflow/.local/lib/python3.8/site-packages/airflow/example_dags/example_sla_dag.py
[2026-05-03T00:37:01.290+0000] {processor.py:830} INFO - Processing file /home/airflow/.local/lib/python3.8/site-packages/airflow/example_dags/example_sla_dag.py for tasks to queue
[2026-05-03T00:37:01.291+0000] {logging_mixin.py:188} INFO - [2026-05-03T00:37:01.291+0000] {dagbag.py:540} INFO - Filling up the DagBag from /home/airflow/.local/lib/python3.8/site-packages/airflow/example_dags/example_sla_dag.py
[2026-05-03T00:37:01.298+0000] {processor.py:840} INFO - DAG(s) 'example_sla_dag' retrieved from /home/airflow/.local/lib/python3.8/site-packages/airflow/example_dags/example_sla_dag.py
[2026-05-03T00:37:01.310+0000] {logging_mixin.py:188} INFO - [2026-05-03T00:37:01.310+0000] {dag.py:3047} INFO - Sync 1 DAGs
[2026-05-03T00:37:01.326+0000] {logging_mixin.py:188} INFO - [2026-05-03T00:37:01.326+0000] {dag.py:3834} INFO - Setting next_dagrun for example_sla_dag to 2026-05-03 00:34:00+00:00, run_after=2026-05-03 00:36:00+00:00
[2026-05-03T00:37:01.341+0000] {processor.py:183} INFO - Processing /home/airflow/.local/lib/python3.8/site-packages/airflow/example_dags/example_sla_dag.py took 0.059 seconds
[2026-05-03T00:37:31.856+0000] {processor.py:161} INFO - Started process (PID=4106) to work on /home/airflow/.local/lib/python3.8/site-packages/airflow/example_dags/example_sla_dag.py
[2026-05-03T00:37:31.857+0000] {processor.py:830} INFO - Processing file /home/airflow/.local/lib/python3.8/site-packages/airflow/example_dags/example_sla_dag.py for tasks to queue
[2026-05-03T00:37:31.858+0000] {logging_mixin.py:188} INFO - [2026-05-03T00:37:31.858+0000] {dagbag.py:540} INFO - Filling up the DagBag from /home/airflow/.local/lib/python3.8/site-packages/airflow/example_dags/example_sla_dag.py
[2026-05-03T00:37:31.867+0000] {processor.py:840} INFO - DAG(s) 'example_sla_dag' retrieved from /home/airflow/.local/lib/python3.8/site-packages/airflow/example_dags/example_sla_dag.py
[2026-05-03T00:37:31.885+0000] {logging_mixin.py:188} INFO - [2026-05-03T00:37:31.885+0000] {dag.py:3047} INFO - Sync 1 DAGs
[2026-05-03T00:37:31.909+0000] {logging_mixin.py:188} INFO - [2026-05-03T00:37:31.909+0000] {dag.py:3834} INFO - Setting next_dagrun for example_sla_dag to 2026-05-03 00:34:00+00:00, run_after=2026-05-03 00:36:00+00:00
[2026-05-03T00:37:31.925+0000] {processor.py:183} INFO - Processing /home/airflow/.local/lib/python3.8/site-packages/airflow/example_dags/example_sla_dag.py took 0.072 seconds
[2026-05-03T00:38:02.251+0000] {processor.py:161} INFO - Started process (PID=4162) to work on /home/airflow/.local/lib/python3.8/site-packages/airflow/example_dags/example_sla_dag.py
[2026-05-03T00:38:02.253+0000] {processor.py:830} INFO - Processing file /home/airflow/.local/lib/python3.8/site-packages/airflow/example_dags/example_sla_dag.py for tasks to queue
[2026-05-03T00:38:02.257+0000] {logging_mixin.py:188} INFO - [2026-05-03T00:38:02.256+0000] {dagbag.py:540} INFO - Filling up the DagBag from /home/airflow/.local/lib/python3.8/site-packages/airflow/example_dags/example_sla_dag.py
[2026-05-03T00:38:02.264+0000] {processor.py:840} INFO - DAG(s) 'example_sla_dag' retrieved from /home/airflow/.local/lib/python3.8/site-packages/airflow/example_dags/example_sla_dag.py
[2026-05-03T00:38:02.276+0000] {logging_mixin.py:188} INFO - [2026-05-03T00:38:02.276+0000] {dag.py:3047} INFO - Sync 1 DAGs
[2026-05-03T00:38:02.294+0000] {logging_mixin.py:188} INFO - [2026-05-03T00:38:02.294+0000] {dag.py:3834} INFO - Setting next_dagrun for example_sla_dag to 2026-05-03 00:36:00+00:00, run_after=2026-05-03 00:38:00+00:00
[2026-05-03T00:38:02.307+0000] {processor.py:183} INFO - Processing /home/airflow/.local/lib/python3.8/site-packages/airflow/example_dags/example_sla_dag.py took 0.060 seconds
[2026-05-03T00:38:32.801+0000] {processor.py:161} INFO - Started process (PID=4218) to work on /home/airflow/.local/lib/python3.8/site-packages/airflow/example_dags/example_sla_dag.py
[2026-05-03T00:38:32.805+0000] {processor.py:830} INFO - Processing file /home/airflow/.local/lib/python3.8/site-packages/airflow/example_dags/example_sla_dag.py for tasks to queue
[2026-05-03T00:38:32.807+0000] {logging_mixin.py:188} INFO - [2026-05-03T00:38:32.807+0000] {dagbag.py:540} INFO - Filling up the DagBag from /home/airflow/.local/lib/python3.8/site-packages/airflow/example_dags/example_sla_dag.py
[2026-05-03T00:38:32.815+0000] {processor.py:840} INFO - DAG(s) 'example_sla_dag' retrieved from /home/airflow/.local/lib/python3.8/site-packages/airflow/example_dags/example_sla_dag.py
[2026-05-03T00:38:32.831+0000] {logging_mixin.py:188} INFO - [2026-05-03T00:38:32.831+0000] {dag.py:3047} INFO - Sync 1 DAGs
[2026-05-03T00:38:32.847+0000] {logging_mixin.py:188} INFO - [2026-05-03T00:38:32.847+0000] {dag.py:3834} INFO - Setting next_dagrun for example_sla_dag to 2026-05-03 00:36:00+00:00, run_after=2026-05-03 00:38:00+00:00
[2026-05-03T00:38:32.861+0000] {processor.py:183} INFO - Processing /home/airflow/.local/lib/python3.8/site-packages/airflow/example_dags/example_sla_dag.py took 0.062 seconds
[2026-05-03T00:39:03.015+0000] {processor.py:161} INFO - Started process (PID=4274) to work on /home/airflow/.local/lib/python3.8/site-packages/airflow/example_dags/example_sla_dag.py
[2026-05-03T00:39:03.020+0000] {processor.py:830} INFO - Processing file /home/airflow/.local/lib/python3.8/site-packages/airflow/example_dags/example_sla_dag.py for tasks to queue
[2026-05-03T00:39:03.021+0000] {logging_mixin.py:188} INFO - [2026-05-03T00:39:03.021+0000] {dagbag.py:540} INFO - Filling up the DagBag from /home/airflow/.local/lib/python3.8/site-packages/airflow/example_dags/example_sla_dag.py
[2026-05-03T00:39:03.028+0000] {processor.py:840} INFO - DAG(s) 'example_sla_dag' retrieved from /home/airflow/.local/lib/python3.8/site-packages/airflow/example_dags/example_sla_dag.py
[2026-05-03T00:39:03.050+0000] {logging_mixin.py:188} INFO - [2026-05-03T00:39:03.050+0000] {dag.py:3047} INFO - Sync 1 DAGs
[2026-05-03T00:39:03.065+0000] {logging_mixin.py:188} INFO - [2026-05-03T00:39:03.065+0000] {dag.py:3834} INFO - Setting next_dagrun for example_sla_dag to 2026-05-03 00:36:00+00:00, run_after=2026-05-03 00:38:00+00:00
[2026-05-03T00:39:03.080+0000] {processor.py:183} INFO - Processing /home/airflow/.local/lib/python3.8/site-packages/airflow/example_dags/example_sla_dag.py took 0.068 seconds
[2026-05-03T00:39:33.536+0000] {processor.py:161} INFO - Started process (PID=4330) to work on /home/airflow/.local/lib/python3.8/site-packages/airflow/example_dags/example_sla_dag.py
[2026-05-03T00:39:33.540+0000] {processor.py:830} INFO - Processing file /home/airflow/.local/lib/python3.8/site-packages/airflow/example_dags/example_sla_dag.py for tasks to queue
[2026-05-03T00:39:33.542+0000] {logging_mixin.py:188} INFO - [2026-05-03T00:39:33.542+0000] {dagbag.py:540} INFO - Filling up the DagBag from /home/airflow/.local/lib/python3.8/site-packages/airflow/example_dags/example_sla_dag.py
[2026-05-03T00:39:33.551+0000] {processor.py:840} INFO - DAG(s) 'example_sla_dag' retrieved from /home/airflow/.local/lib/python3.8/site-packages/airflow/example_dags/example_sla_dag.py
[2026-05-03T00:39:33.571+0000] {logging_mixin.py:188} INFO - [2026-05-03T00:39:33.571+0000] {dag.py:3047} INFO - Sync 1 DAGs
[2026-05-03T00:39:33.591+0000] {logging_mixin.py:188} INFO - [2026-05-03T00:39:33.591+0000] {dag.py:3834} INFO - Setting next_dagrun for example_sla_dag to 2026-05-03 00:36:00+00:00, run_after=2026-05-03 00:38:00+00:00
[2026-05-03T00:39:33.607+0000] {processor.py:183} INFO - Processing /home/airflow/.local/lib/python3.8/site-packages/airflow/example_dags/example_sla_dag.py took 0.074 seconds
