[2026-05-03T00:02:01.529+0000] {processor.py:161} INFO - Started process (PID=2777) to work on /home/airflow/.local/lib/python3.8/site-packages/airflow/example_dags/example_bash_operator.py
[2026-05-03T00:02:01.530+0000] {processor.py:830} INFO - Processing file /home/airflow/.local/lib/python3.8/site-packages/airflow/example_dags/example_bash_operator.py for tasks to queue
[2026-05-03T00:02:01.532+0000] {logging_mixin.py:188} INFO - [2026-05-03T00:02:01.531+0000] {dagbag.py:540} INFO - Filling up the DagBag from /home/airflow/.local/lib/python3.8/site-packages/airflow/example_dags/example_bash_operator.py
[2026-05-03T00:02:01.540+0000] {processor.py:840} INFO - DAG(s) 'example_bash_operator' retrieved from /home/airflow/.local/lib/python3.8/site-packages/airflow/example_dags/example_bash_operator.py
[2026-05-03T00:02:01.561+0000] {logging_mixin.py:188} INFO - [2026-05-03T00:02:01.561+0000] {dag.py:3047} INFO - Sync 1 DAGs
[2026-05-03T00:02:01.577+0000] {logging_mixin.py:188} INFO - [2026-05-03T00:02:01.576+0000] {dag.py:3834} INFO - Setting next_dagrun for example_bash_operator to 2026-05-02 00:00:00+00:00, run_after=2026-05-03 00:00:00+00:00
[2026-05-03T00:02:01.596+0000] {processor.py:183} INFO - Processing /home/airflow/.local/lib/python3.8/site-packages/airflow/example_dags/example_bash_operator.py took 0.071 seconds
[2026-05-03T00:11:42.144+0000] {processor.py:161} INFO - Started process (PID=2833) to work on /home/airflow/.local/lib/python3.8/site-packages/airflow/example_dags/example_bash_operator.py
[2026-05-03T00:11:42.145+0000] {processor.py:830} INFO - Processing file /home/airflow/.local/lib/python3.8/site-packages/airflow/example_dags/example_bash_operator.py for tasks to queue
[2026-05-03T00:11:42.146+0000] {logging_mixin.py:188} INFO - [2026-05-03T00:11:42.146+0000] {dagbag.py:540} INFO - Filling up the DagBag from /home/airflow/.local/lib/python3.8/site-packages/airflow/example_dags/example_bash_operator.py
[2026-05-03T00:11:42.154+0000] {processor.py:840} INFO - DAG(s) 'example_bash_operator' retrieved from /home/airflow/.local/lib/python3.8/site-packages/airflow/example_dags/example_bash_operator.py
[2026-05-03T00:11:42.173+0000] {logging_mixin.py:188} INFO - [2026-05-03T00:11:42.173+0000] {dag.py:3047} INFO - Sync 1 DAGs
[2026-05-03T00:11:42.188+0000] {logging_mixin.py:188} INFO - [2026-05-03T00:11:42.188+0000] {dag.py:3834} INFO - Setting next_dagrun for example_bash_operator to 2026-05-02 00:00:00+00:00, run_after=2026-05-03 00:00:00+00:00
[2026-05-03T00:11:42.199+0000] {processor.py:183} INFO - Processing /home/airflow/.local/lib/python3.8/site-packages/airflow/example_dags/example_bash_operator.py took 0.057 seconds
[2026-05-03T00:20:53.865+0000] {processor.py:161} INFO - Started process (PID=2889) to work on /home/airflow/.local/lib/python3.8/site-packages/airflow/example_dags/example_bash_operator.py
[2026-05-03T00:20:53.866+0000] {processor.py:830} INFO - Processing file /home/airflow/.local/lib/python3.8/site-packages/airflow/example_dags/example_bash_operator.py for tasks to queue
[2026-05-03T00:20:53.867+0000] {logging_mixin.py:188} INFO - [2026-05-03T00:20:53.867+0000] {dagbag.py:540} INFO - Filling up the DagBag from /home/airflow/.local/lib/python3.8/site-packages/airflow/example_dags/example_bash_operator.py
[2026-05-03T00:20:53.876+0000] {processor.py:840} INFO - DAG(s) 'example_bash_operator' retrieved from /home/airflow/.local/lib/python3.8/site-packages/airflow/example_dags/example_bash_operator.py
[2026-05-03T00:20:53.896+0000] {logging_mixin.py:188} INFO - [2026-05-03T00:20:53.896+0000] {dag.py:3047} INFO - Sync 1 DAGs
[2026-05-03T00:20:53.910+0000] {logging_mixin.py:188} INFO - [2026-05-03T00:20:53.910+0000] {dag.py:3834} INFO - Setting next_dagrun for example_bash_operator to 2026-05-02 00:00:00+00:00, run_after=2026-05-03 00:00:00+00:00
[2026-05-03T00:20:53.921+0000] {processor.py:183} INFO - Processing /home/airflow/.local/lib/python3.8/site-packages/airflow/example_dags/example_bash_operator.py took 0.058 seconds
[2026-05-03T00:26:54.121+0000] {processor.py:161} INFO - Started process (PID=2945) to work on /home/airflow/.local/lib/python3.8/site-packages/airflow/example_dags/example_bash_operator.py
[2026-05-03T00:26:54.123+0000] {processor.py:830} INFO - Processing file /home/airflow/.local/lib/python3.8/site-packages/airflow/example_dags/example_bash_operator.py for tasks to queue
[2026-05-03T00:26:54.125+0000] {logging_mixin.py:188} INFO - [2026-05-03T00:26:54.125+0000] {dagbag.py:540} INFO - Filling up the DagBag from /home/airflow/.local/lib/python3.8/site-packages/airflow/example_dags/example_bash_operator.py
[2026-05-03T00:26:54.137+0000] {processor.py:840} INFO - DAG(s) 'example_bash_operator' retrieved from /home/airflow/.local/lib/python3.8/site-packages/airflow/example_dags/example_bash_operator.py
[2026-05-03T00:26:54.158+0000] {logging_mixin.py:188} INFO - [2026-05-03T00:26:54.158+0000] {dag.py:3047} INFO - Sync 1 DAGs
[2026-05-03T00:26:54.173+0000] {logging_mixin.py:188} INFO - [2026-05-03T00:26:54.173+0000] {dag.py:3834} INFO - Setting next_dagrun for example_bash_operator to 2026-05-02 00:00:00+00:00, run_after=2026-05-03 00:00:00+00:00
[2026-05-03T00:26:54.187+0000] {processor.py:183} INFO - Processing /home/airflow/.local/lib/python3.8/site-packages/airflow/example_dags/example_bash_operator.py took 0.070 seconds
[2026-05-03T00:27:24.384+0000] {processor.py:161} INFO - Started process (PID=3001) to work on /home/airflow/.local/lib/python3.8/site-packages/airflow/example_dags/example_bash_operator.py
[2026-05-03T00:27:24.385+0000] {processor.py:830} INFO - Processing file /home/airflow/.local/lib/python3.8/site-packages/airflow/example_dags/example_bash_operator.py for tasks to queue
[2026-05-03T00:27:24.386+0000] {logging_mixin.py:188} INFO - [2026-05-03T00:27:24.386+0000] {dagbag.py:540} INFO - Filling up the DagBag from /home/airflow/.local/lib/python3.8/site-packages/airflow/example_dags/example_bash_operator.py
[2026-05-03T00:27:24.394+0000] {processor.py:840} INFO - DAG(s) 'example_bash_operator' retrieved from /home/airflow/.local/lib/python3.8/site-packages/airflow/example_dags/example_bash_operator.py
[2026-05-03T00:27:24.413+0000] {logging_mixin.py:188} INFO - [2026-05-03T00:27:24.413+0000] {dag.py:3047} INFO - Sync 1 DAGs
[2026-05-03T00:27:24.429+0000] {logging_mixin.py:188} INFO - [2026-05-03T00:27:24.429+0000] {dag.py:3834} INFO - Setting next_dagrun for example_bash_operator to 2026-05-02 00:00:00+00:00, run_after=2026-05-03 00:00:00+00:00
[2026-05-03T00:27:24.441+0000] {processor.py:183} INFO - Processing /home/airflow/.local/lib/python3.8/site-packages/airflow/example_dags/example_bash_operator.py took 0.060 seconds
[2026-05-03T00:27:55.462+0000] {processor.py:161} INFO - Started process (PID=3057) to work on /home/airflow/.local/lib/python3.8/site-packages/airflow/example_dags/example_bash_operator.py
[2026-05-03T00:27:55.463+0000] {processor.py:830} INFO - Processing file /home/airflow/.local/lib/python3.8/site-packages/airflow/example_dags/example_bash_operator.py for tasks to queue
[2026-05-03T00:27:55.465+0000] {logging_mixin.py:188} INFO - [2026-05-03T00:27:55.464+0000] {dagbag.py:540} INFO - Filling up the DagBag from /home/airflow/.local/lib/python3.8/site-packages/airflow/example_dags/example_bash_operator.py
[2026-05-03T00:27:55.474+0000] {processor.py:840} INFO - DAG(s) 'example_bash_operator' retrieved from /home/airflow/.local/lib/python3.8/site-packages/airflow/example_dags/example_bash_operator.py
[2026-05-03T00:27:55.493+0000] {logging_mixin.py:188} INFO - [2026-05-03T00:27:55.493+0000] {dag.py:3047} INFO - Sync 1 DAGs
[2026-05-03T00:27:55.511+0000] {logging_mixin.py:188} INFO - [2026-05-03T00:27:55.511+0000] {dag.py:3834} INFO - Setting next_dagrun for example_bash_operator to 2026-05-02 00:00:00+00:00, run_after=2026-05-03 00:00:00+00:00
[2026-05-03T00:27:55.523+0000] {processor.py:183} INFO - Processing /home/airflow/.local/lib/python3.8/site-packages/airflow/example_dags/example_bash_operator.py took 0.064 seconds
[2026-05-03T00:28:25.845+0000] {processor.py:161} INFO - Started process (PID=3113) to work on /home/airflow/.local/lib/python3.8/site-packages/airflow/example_dags/example_bash_operator.py
[2026-05-03T00:28:25.846+0000] {processor.py:830} INFO - Processing file /home/airflow/.local/lib/python3.8/site-packages/airflow/example_dags/example_bash_operator.py for tasks to queue
[2026-05-03T00:28:25.847+0000] {logging_mixin.py:188} INFO - [2026-05-03T00:28:25.847+0000] {dagbag.py:540} INFO - Filling up the DagBag from /home/airflow/.local/lib/python3.8/site-packages/airflow/example_dags/example_bash_operator.py
[2026-05-03T00:28:25.855+0000] {processor.py:840} INFO - DAG(s) 'example_bash_operator' retrieved from /home/airflow/.local/lib/python3.8/site-packages/airflow/example_dags/example_bash_operator.py
[2026-05-03T00:28:25.874+0000] {logging_mixin.py:188} INFO - [2026-05-03T00:28:25.873+0000] {dag.py:3047} INFO - Sync 1 DAGs
[2026-05-03T00:28:25.889+0000] {logging_mixin.py:188} INFO - [2026-05-03T00:28:25.888+0000] {dag.py:3834} INFO - Setting next_dagrun for example_bash_operator to 2026-05-02 00:00:00+00:00, run_after=2026-05-03 00:00:00+00:00
[2026-05-03T00:28:25.899+0000] {processor.py:183} INFO - Processing /home/airflow/.local/lib/python3.8/site-packages/airflow/example_dags/example_bash_operator.py took 0.057 seconds
[2026-05-03T00:28:56.158+0000] {processor.py:161} INFO - Started process (PID=3169) to work on /home/airflow/.local/lib/python3.8/site-packages/airflow/example_dags/example_bash_operator.py
[2026-05-03T00:28:56.160+0000] {processor.py:830} INFO - Processing file /home/airflow/.local/lib/python3.8/site-packages/airflow/example_dags/example_bash_operator.py for tasks to queue
[2026-05-03T00:28:56.162+0000] {logging_mixin.py:188} INFO - [2026-05-03T00:28:56.162+0000] {dagbag.py:540} INFO - Filling up the DagBag from /home/airflow/.local/lib/python3.8/site-packages/airflow/example_dags/example_bash_operator.py
[2026-05-03T00:28:56.172+0000] {processor.py:840} INFO - DAG(s) 'example_bash_operator' retrieved from /home/airflow/.local/lib/python3.8/site-packages/airflow/example_dags/example_bash_operator.py
[2026-05-03T00:28:56.193+0000] {logging_mixin.py:188} INFO - [2026-05-03T00:28:56.193+0000] {dag.py:3047} INFO - Sync 1 DAGs
[2026-05-03T00:28:56.207+0000] {logging_mixin.py:188} INFO - [2026-05-03T00:28:56.206+0000] {dag.py:3834} INFO - Setting next_dagrun for example_bash_operator to 2026-05-02 00:00:00+00:00, run_after=2026-05-03 00:00:00+00:00
[2026-05-03T00:28:56.226+0000] {processor.py:183} INFO - Processing /home/airflow/.local/lib/python3.8/site-packages/airflow/example_dags/example_bash_operator.py took 0.071 seconds
[2026-05-03T00:29:26.416+0000] {processor.py:161} INFO - Started process (PID=3225) to work on /home/airflow/.local/lib/python3.8/site-packages/airflow/example_dags/example_bash_operator.py
[2026-05-03T00:29:26.417+0000] {processor.py:830} INFO - Processing file /home/airflow/.local/lib/python3.8/site-packages/airflow/example_dags/example_bash_operator.py for tasks to queue
[2026-05-03T00:29:26.418+0000] {logging_mixin.py:188} INFO - [2026-05-03T00:29:26.418+0000] {dagbag.py:540} INFO - Filling up the DagBag from /home/airflow/.local/lib/python3.8/site-packages/airflow/example_dags/example_bash_operator.py
[2026-05-03T00:29:26.425+0000] {processor.py:840} INFO - DAG(s) 'example_bash_operator' retrieved from /home/airflow/.local/lib/python3.8/site-packages/airflow/example_dags/example_bash_operator.py
[2026-05-03T00:29:26.446+0000] {logging_mixin.py:188} INFO - [2026-05-03T00:29:26.446+0000] {dag.py:3047} INFO - Sync 1 DAGs
[2026-05-03T00:29:26.463+0000] {logging_mixin.py:188} INFO - [2026-05-03T00:29:26.463+0000] {dag.py:3834} INFO - Setting next_dagrun for example_bash_operator to 2026-05-02 00:00:00+00:00, run_after=2026-05-03 00:00:00+00:00
[2026-05-03T00:29:26.480+0000] {processor.py:183} INFO - Processing /home/airflow/.local/lib/python3.8/site-packages/airflow/example_dags/example_bash_operator.py took 0.066 seconds
[2026-05-03T00:29:56.811+0000] {processor.py:161} INFO - Started process (PID=3281) to work on /home/airflow/.local/lib/python3.8/site-packages/airflow/example_dags/example_bash_operator.py
[2026-05-03T00:29:56.812+0000] {processor.py:830} INFO - Processing file /home/airflow/.local/lib/python3.8/site-packages/airflow/example_dags/example_bash_operator.py for tasks to queue
[2026-05-03T00:29:56.813+0000] {logging_mixin.py:188} INFO - [2026-05-03T00:29:56.813+0000] {dagbag.py:540} INFO - Filling up the DagBag from /home/airflow/.local/lib/python3.8/site-packages/airflow/example_dags/example_bash_operator.py
[2026-05-03T00:29:56.822+0000] {processor.py:840} INFO - DAG(s) 'example_bash_operator' retrieved from /home/airflow/.local/lib/python3.8/site-packages/airflow/example_dags/example_bash_operator.py
[2026-05-03T00:29:56.840+0000] {logging_mixin.py:188} INFO - [2026-05-03T00:29:56.840+0000] {dag.py:3047} INFO - Sync 1 DAGs
[2026-05-03T00:29:56.854+0000] {logging_mixin.py:188} INFO - [2026-05-03T00:29:56.854+0000] {dag.py:3834} INFO - Setting next_dagrun for example_bash_operator to 2026-05-02 00:00:00+00:00, run_after=2026-05-03 00:00:00+00:00
[2026-05-03T00:29:56.870+0000] {processor.py:183} INFO - Processing /home/airflow/.local/lib/python3.8/site-packages/airflow/example_dags/example_bash_operator.py took 0.062 seconds
[2026-05-03T00:30:27.179+0000] {processor.py:161} INFO - Started process (PID=3337) to work on /home/airflow/.local/lib/python3.8/site-packages/airflow/example_dags/example_bash_operator.py
[2026-05-03T00:30:27.181+0000] {processor.py:830} INFO - Processing file /home/airflow/.local/lib/python3.8/site-packages/airflow/example_dags/example_bash_operator.py for tasks to queue
[2026-05-03T00:30:27.183+0000] {logging_mixin.py:188} INFO - [2026-05-03T00:30:27.182+0000] {dagbag.py:540} INFO - Filling up the DagBag from /home/airflow/.local/lib/python3.8/site-packages/airflow/example_dags/example_bash_operator.py
[2026-05-03T00:30:27.192+0000] {processor.py:840} INFO - DAG(s) 'example_bash_operator' retrieved from /home/airflow/.local/lib/python3.8/site-packages/airflow/example_dags/example_bash_operator.py
[2026-05-03T00:30:27.211+0000] {logging_mixin.py:188} INFO - [2026-05-03T00:30:27.211+0000] {dag.py:3047} INFO - Sync 1 DAGs
[2026-05-03T00:30:27.224+0000] {logging_mixin.py:188} INFO - [2026-05-03T00:30:27.224+0000] {dag.py:3834} INFO - Setting next_dagrun for example_bash_operator to 2026-05-02 00:00:00+00:00, run_after=2026-05-03 00:00:00+00:00
[2026-05-03T00:30:27.236+0000] {processor.py:183} INFO - Processing /home/airflow/.local/lib/python3.8/site-packages/airflow/example_dags/example_bash_operator.py took 0.059 seconds
[2026-05-03T00:30:57.333+0000] {processor.py:161} INFO - Started process (PID=3393) to work on /home/airflow/.local/lib/python3.8/site-packages/airflow/example_dags/example_bash_operator.py
[2026-05-03T00:30:57.334+0000] {processor.py:830} INFO - Processing file /home/airflow/.local/lib/python3.8/site-packages/airflow/example_dags/example_bash_operator.py for tasks to queue
[2026-05-03T00:30:57.335+0000] {logging_mixin.py:188} INFO - [2026-05-03T00:30:57.335+0000] {dagbag.py:540} INFO - Filling up the DagBag from /home/airflow/.local/lib/python3.8/site-packages/airflow/example_dags/example_bash_operator.py
[2026-05-03T00:30:57.344+0000] {processor.py:840} INFO - DAG(s) 'example_bash_operator' retrieved from /home/airflow/.local/lib/python3.8/site-packages/airflow/example_dags/example_bash_operator.py
[2026-05-03T00:30:57.365+0000] {logging_mixin.py:188} INFO - [2026-05-03T00:30:57.365+0000] {dag.py:3047} INFO - Sync 1 DAGs
[2026-05-03T00:30:57.379+0000] {logging_mixin.py:188} INFO - [2026-05-03T00:30:57.379+0000] {dag.py:3834} INFO - Setting next_dagrun for example_bash_operator to 2026-05-02 00:00:00+00:00, run_after=2026-05-03 00:00:00+00:00
[2026-05-03T00:30:57.394+0000] {processor.py:183} INFO - Processing /home/airflow/.local/lib/python3.8/site-packages/airflow/example_dags/example_bash_operator.py took 0.064 seconds
[2026-05-03T00:31:28.279+0000] {processor.py:161} INFO - Started process (PID=3449) to work on /home/airflow/.local/lib/python3.8/site-packages/airflow/example_dags/example_bash_operator.py
[2026-05-03T00:31:28.280+0000] {processor.py:830} INFO - Processing file /home/airflow/.local/lib/python3.8/site-packages/airflow/example_dags/example_bash_operator.py for tasks to queue
[2026-05-03T00:31:28.283+0000] {logging_mixin.py:188} INFO - [2026-05-03T00:31:28.283+0000] {dagbag.py:540} INFO - Filling up the DagBag from /home/airflow/.local/lib/python3.8/site-packages/airflow/example_dags/example_bash_operator.py
[2026-05-03T00:31:28.296+0000] {processor.py:840} INFO - DAG(s) 'example_bash_operator' retrieved from /home/airflow/.local/lib/python3.8/site-packages/airflow/example_dags/example_bash_operator.py
[2026-05-03T00:31:28.329+0000] {logging_mixin.py:188} INFO - [2026-05-03T00:31:28.329+0000] {dag.py:3047} INFO - Sync 1 DAGs
[2026-05-03T00:31:28.366+0000] {logging_mixin.py:188} INFO - [2026-05-03T00:31:28.366+0000] {dag.py:3834} INFO - Setting next_dagrun for example_bash_operator to 2026-05-02 00:00:00+00:00, run_after=2026-05-03 00:00:00+00:00
[2026-05-03T00:31:28.385+0000] {processor.py:183} INFO - Processing /home/airflow/.local/lib/python3.8/site-packages/airflow/example_dags/example_bash_operator.py took 0.109 seconds
[2026-05-03T00:31:59.270+0000] {processor.py:161} INFO - Started process (PID=3505) to work on /home/airflow/.local/lib/python3.8/site-packages/airflow/example_dags/example_bash_operator.py
[2026-05-03T00:31:59.271+0000] {processor.py:830} INFO - Processing file /home/airflow/.local/lib/python3.8/site-packages/airflow/example_dags/example_bash_operator.py for tasks to queue
[2026-05-03T00:31:59.273+0000] {logging_mixin.py:188} INFO - [2026-05-03T00:31:59.273+0000] {dagbag.py:540} INFO - Filling up the DagBag from /home/airflow/.local/lib/python3.8/site-packages/airflow/example_dags/example_bash_operator.py
[2026-05-03T00:31:59.281+0000] {processor.py:840} INFO - DAG(s) 'example_bash_operator' retrieved from /home/airflow/.local/lib/python3.8/site-packages/airflow/example_dags/example_bash_operator.py
[2026-05-03T00:31:59.304+0000] {logging_mixin.py:188} INFO - [2026-05-03T00:31:59.304+0000] {dag.py:3047} INFO - Sync 1 DAGs
[2026-05-03T00:31:59.321+0000] {logging_mixin.py:188} INFO - [2026-05-03T00:31:59.321+0000] {dag.py:3834} INFO - Setting next_dagrun for example_bash_operator to 2026-05-02 00:00:00+00:00, run_after=2026-05-03 00:00:00+00:00
[2026-05-03T00:31:59.337+0000] {processor.py:183} INFO - Processing /home/airflow/.local/lib/python3.8/site-packages/airflow/example_dags/example_bash_operator.py took 0.069 seconds
[2026-05-03T00:32:29.563+0000] {processor.py:161} INFO - Started process (PID=3561) to work on /home/airflow/.local/lib/python3.8/site-packages/airflow/example_dags/example_bash_operator.py
[2026-05-03T00:32:29.566+0000] {processor.py:830} INFO - Processing file /home/airflow/.local/lib/python3.8/site-packages/airflow/example_dags/example_bash_operator.py for tasks to queue
[2026-05-03T00:32:29.567+0000] {logging_mixin.py:188} INFO - [2026-05-03T00:32:29.567+0000] {dagbag.py:540} INFO - Filling up the DagBag from /home/airflow/.local/lib/python3.8/site-packages/airflow/example_dags/example_bash_operator.py
[2026-05-03T00:32:29.576+0000] {processor.py:840} INFO - DAG(s) 'example_bash_operator' retrieved from /home/airflow/.local/lib/python3.8/site-packages/airflow/example_dags/example_bash_operator.py
[2026-05-03T00:32:29.595+0000] {logging_mixin.py:188} INFO - [2026-05-03T00:32:29.595+0000] {dag.py:3047} INFO - Sync 1 DAGs
[2026-05-03T00:32:29.610+0000] {logging_mixin.py:188} INFO - [2026-05-03T00:32:29.610+0000] {dag.py:3834} INFO - Setting next_dagrun for example_bash_operator to 2026-05-02 00:00:00+00:00, run_after=2026-05-03 00:00:00+00:00
[2026-05-03T00:32:29.621+0000] {processor.py:183} INFO - Processing /home/airflow/.local/lib/python3.8/site-packages/airflow/example_dags/example_bash_operator.py took 0.061 seconds
[2026-05-03T00:32:59.715+0000] {processor.py:161} INFO - Started process (PID=3617) to work on /home/airflow/.local/lib/python3.8/site-packages/airflow/example_dags/example_bash_operator.py
[2026-05-03T00:32:59.716+0000] {processor.py:830} INFO - Processing file /home/airflow/.local/lib/python3.8/site-packages/airflow/example_dags/example_bash_operator.py for tasks to queue
[2026-05-03T00:32:59.717+0000] {logging_mixin.py:188} INFO - [2026-05-03T00:32:59.717+0000] {dagbag.py:540} INFO - Filling up the DagBag from /home/airflow/.local/lib/python3.8/site-packages/airflow/example_dags/example_bash_operator.py
[2026-05-03T00:32:59.727+0000] {processor.py:840} INFO - DAG(s) 'example_bash_operator' retrieved from /home/airflow/.local/lib/python3.8/site-packages/airflow/example_dags/example_bash_operator.py
[2026-05-03T00:32:59.746+0000] {logging_mixin.py:188} INFO - [2026-05-03T00:32:59.745+0000] {dag.py:3047} INFO - Sync 1 DAGs
[2026-05-03T00:32:59.760+0000] {logging_mixin.py:188} INFO - [2026-05-03T00:32:59.760+0000] {dag.py:3834} INFO - Setting next_dagrun for example_bash_operator to 2026-05-02 00:00:00+00:00, run_after=2026-05-03 00:00:00+00:00
[2026-05-03T00:32:59.771+0000] {processor.py:183} INFO - Processing /home/airflow/.local/lib/python3.8/site-packages/airflow/example_dags/example_bash_operator.py took 0.059 seconds
[2026-05-03T00:33:30.289+0000] {processor.py:161} INFO - Started process (PID=3673) to work on /home/airflow/.local/lib/python3.8/site-packages/airflow/example_dags/example_bash_operator.py
[2026-05-03T00:33:30.291+0000] {processor.py:830} INFO - Processing file /home/airflow/.local/lib/python3.8/site-packages/airflow/example_dags/example_bash_operator.py for tasks to queue
[2026-05-03T00:33:30.292+0000] {logging_mixin.py:188} INFO - [2026-05-03T00:33:30.292+0000] {dagbag.py:540} INFO - Filling up the DagBag from /home/airflow/.local/lib/python3.8/site-packages/airflow/example_dags/example_bash_operator.py
[2026-05-03T00:33:30.300+0000] {processor.py:840} INFO - DAG(s) 'example_bash_operator' retrieved from /home/airflow/.local/lib/python3.8/site-packages/airflow/example_dags/example_bash_operator.py
[2026-05-03T00:33:30.325+0000] {logging_mixin.py:188} INFO - [2026-05-03T00:33:30.325+0000] {dag.py:3047} INFO - Sync 1 DAGs
[2026-05-03T00:33:30.345+0000] {logging_mixin.py:188} INFO - [2026-05-03T00:33:30.345+0000] {dag.py:3834} INFO - Setting next_dagrun for example_bash_operator to 2026-05-02 00:00:00+00:00, run_after=2026-05-03 00:00:00+00:00
[2026-05-03T00:33:30.359+0000] {processor.py:183} INFO - Processing /home/airflow/.local/lib/python3.8/site-packages/airflow/example_dags/example_bash_operator.py took 0.072 seconds
[2026-05-03T00:34:00.923+0000] {processor.py:161} INFO - Started process (PID=3729) to work on /home/airflow/.local/lib/python3.8/site-packages/airflow/example_dags/example_bash_operator.py
[2026-05-03T00:34:00.926+0000] {processor.py:830} INFO - Processing file /home/airflow/.local/lib/python3.8/site-packages/airflow/example_dags/example_bash_operator.py for tasks to queue
[2026-05-03T00:34:00.928+0000] {logging_mixin.py:188} INFO - [2026-05-03T00:34:00.927+0000] {dagbag.py:540} INFO - Filling up the DagBag from /home/airflow/.local/lib/python3.8/site-packages/airflow/example_dags/example_bash_operator.py
[2026-05-03T00:34:00.938+0000] {processor.py:840} INFO - DAG(s) 'example_bash_operator' retrieved from /home/airflow/.local/lib/python3.8/site-packages/airflow/example_dags/example_bash_operator.py
[2026-05-03T00:34:00.958+0000] {logging_mixin.py:188} INFO - [2026-05-03T00:34:00.958+0000] {dag.py:3047} INFO - Sync 1 DAGs
[2026-05-03T00:34:00.973+0000] {logging_mixin.py:188} INFO - [2026-05-03T00:34:00.973+0000] {dag.py:3834} INFO - Setting next_dagrun for example_bash_operator to 2026-05-02 00:00:00+00:00, run_after=2026-05-03 00:00:00+00:00
[2026-05-03T00:34:00.988+0000] {processor.py:183} INFO - Processing /home/airflow/.local/lib/python3.8/site-packages/airflow/example_dags/example_bash_operator.py took 0.068 seconds
[2026-05-03T00:34:31.099+0000] {processor.py:161} INFO - Started process (PID=3785) to work on /home/airflow/.local/lib/python3.8/site-packages/airflow/example_dags/example_bash_operator.py
[2026-05-03T00:34:31.100+0000] {processor.py:830} INFO - Processing file /home/airflow/.local/lib/python3.8/site-packages/airflow/example_dags/example_bash_operator.py for tasks to queue
[2026-05-03T00:34:31.104+0000] {logging_mixin.py:188} INFO - [2026-05-03T00:34:31.104+0000] {dagbag.py:540} INFO - Filling up the DagBag from /home/airflow/.local/lib/python3.8/site-packages/airflow/example_dags/example_bash_operator.py
[2026-05-03T00:34:31.114+0000] {processor.py:840} INFO - DAG(s) 'example_bash_operator' retrieved from /home/airflow/.local/lib/python3.8/site-packages/airflow/example_dags/example_bash_operator.py
[2026-05-03T00:34:31.137+0000] {logging_mixin.py:188} INFO - [2026-05-03T00:34:31.137+0000] {dag.py:3047} INFO - Sync 1 DAGs
[2026-05-03T00:34:31.152+0000] {logging_mixin.py:188} INFO - [2026-05-03T00:34:31.152+0000] {dag.py:3834} INFO - Setting next_dagrun for example_bash_operator to 2026-05-02 00:00:00+00:00, run_after=2026-05-03 00:00:00+00:00
[2026-05-03T00:34:31.163+0000] {processor.py:183} INFO - Processing /home/airflow/.local/lib/python3.8/site-packages/airflow/example_dags/example_bash_operator.py took 0.066 seconds
[2026-05-03T00:35:01.289+0000] {processor.py:161} INFO - Started process (PID=3841) to work on /home/airflow/.local/lib/python3.8/site-packages/airflow/example_dags/example_bash_operator.py
[2026-05-03T00:35:01.290+0000] {processor.py:830} INFO - Processing file /home/airflow/.local/lib/python3.8/site-packages/airflow/example_dags/example_bash_operator.py for tasks to queue
[2026-05-03T00:35:01.292+0000] {logging_mixin.py:188} INFO - [2026-05-03T00:35:01.292+0000] {dagbag.py:540} INFO - Filling up the DagBag from /home/airflow/.local/lib/python3.8/site-packages/airflow/example_dags/example_bash_operator.py
[2026-05-03T00:35:01.301+0000] {processor.py:840} INFO - DAG(s) 'example_bash_operator' retrieved from /home/airflow/.local/lib/python3.8/site-packages/airflow/example_dags/example_bash_operator.py
[2026-05-03T00:35:01.323+0000] {logging_mixin.py:188} INFO - [2026-05-03T00:35:01.323+0000] {dag.py:3047} INFO - Sync 1 DAGs
[2026-05-03T00:35:01.338+0000] {logging_mixin.py:188} INFO - [2026-05-03T00:35:01.338+0000] {dag.py:3834} INFO - Setting next_dagrun for example_bash_operator to 2026-05-02 00:00:00+00:00, run_after=2026-05-03 00:00:00+00:00
[2026-05-03T00:35:01.349+0000] {processor.py:183} INFO - Processing /home/airflow/.local/lib/python3.8/site-packages/airflow/example_dags/example_bash_operator.py took 0.062 seconds
[2026-05-03T00:35:31.673+0000] {processor.py:161} INFO - Started process (PID=3897) to work on /home/airflow/.local/lib/python3.8/site-packages/airflow/example_dags/example_bash_operator.py
[2026-05-03T00:35:31.674+0000] {processor.py:830} INFO - Processing file /home/airflow/.local/lib/python3.8/site-packages/airflow/example_dags/example_bash_operator.py for tasks to queue
[2026-05-03T00:35:31.676+0000] {logging_mixin.py:188} INFO - [2026-05-03T00:35:31.676+0000] {dagbag.py:540} INFO - Filling up the DagBag from /home/airflow/.local/lib/python3.8/site-packages/airflow/example_dags/example_bash_operator.py
[2026-05-03T00:35:31.685+0000] {processor.py:840} INFO - DAG(s) 'example_bash_operator' retrieved from /home/airflow/.local/lib/python3.8/site-packages/airflow/example_dags/example_bash_operator.py
[2026-05-03T00:35:31.704+0000] {logging_mixin.py:188} INFO - [2026-05-03T00:35:31.704+0000] {dag.py:3047} INFO - Sync 1 DAGs
[2026-05-03T00:35:31.719+0000] {logging_mixin.py:188} INFO - [2026-05-03T00:35:31.719+0000] {dag.py:3834} INFO - Setting next_dagrun for example_bash_operator to 2026-05-02 00:00:00+00:00, run_after=2026-05-03 00:00:00+00:00
[2026-05-03T00:35:31.735+0000] {processor.py:183} INFO - Processing /home/airflow/.local/lib/python3.8/site-packages/airflow/example_dags/example_bash_operator.py took 0.064 seconds
[2026-05-03T00:36:02.140+0000] {processor.py:161} INFO - Started process (PID=3953) to work on /home/airflow/.local/lib/python3.8/site-packages/airflow/example_dags/example_bash_operator.py
[2026-05-03T00:36:02.141+0000] {processor.py:830} INFO - Processing file /home/airflow/.local/lib/python3.8/site-packages/airflow/example_dags/example_bash_operator.py for tasks to queue
[2026-05-03T00:36:02.143+0000] {logging_mixin.py:188} INFO - [2026-05-03T00:36:02.143+0000] {dagbag.py:540} INFO - Filling up the DagBag from /home/airflow/.local/lib/python3.8/site-packages/airflow/example_dags/example_bash_operator.py
[2026-05-03T00:36:02.152+0000] {processor.py:840} INFO - DAG(s) 'example_bash_operator' retrieved from /home/airflow/.local/lib/python3.8/site-packages/airflow/example_dags/example_bash_operator.py
[2026-05-03T00:36:02.176+0000] {logging_mixin.py:188} INFO - [2026-05-03T00:36:02.175+0000] {dag.py:3047} INFO - Sync 1 DAGs
[2026-05-03T00:36:02.193+0000] {logging_mixin.py:188} INFO - [2026-05-03T00:36:02.193+0000] {dag.py:3834} INFO - Setting next_dagrun for example_bash_operator to 2026-05-02 00:00:00+00:00, run_after=2026-05-03 00:00:00+00:00
[2026-05-03T00:36:02.211+0000] {processor.py:183} INFO - Processing /home/airflow/.local/lib/python3.8/site-packages/airflow/example_dags/example_bash_operator.py took 0.072 seconds
[2026-05-03T00:36:32.566+0000] {processor.py:161} INFO - Started process (PID=4009) to work on /home/airflow/.local/lib/python3.8/site-packages/airflow/example_dags/example_bash_operator.py
[2026-05-03T00:36:32.570+0000] {processor.py:830} INFO - Processing file /home/airflow/.local/lib/python3.8/site-packages/airflow/example_dags/example_bash_operator.py for tasks to queue
[2026-05-03T00:36:32.573+0000] {logging_mixin.py:188} INFO - [2026-05-03T00:36:32.573+0000] {dagbag.py:540} INFO - Filling up the DagBag from /home/airflow/.local/lib/python3.8/site-packages/airflow/example_dags/example_bash_operator.py
[2026-05-03T00:36:32.581+0000] {processor.py:840} INFO - DAG(s) 'example_bash_operator' retrieved from /home/airflow/.local/lib/python3.8/site-packages/airflow/example_dags/example_bash_operator.py
[2026-05-03T00:36:32.605+0000] {logging_mixin.py:188} INFO - [2026-05-03T00:36:32.604+0000] {dag.py:3047} INFO - Sync 1 DAGs
[2026-05-03T00:36:32.618+0000] {logging_mixin.py:188} INFO - [2026-05-03T00:36:32.617+0000] {dag.py:3834} INFO - Setting next_dagrun for example_bash_operator to 2026-05-02 00:00:00+00:00, run_after=2026-05-03 00:00:00+00:00
[2026-05-03T00:36:32.632+0000] {processor.py:183} INFO - Processing /home/airflow/.local/lib/python3.8/site-packages/airflow/example_dags/example_bash_operator.py took 0.068 seconds
[2026-05-03T00:37:03.039+0000] {processor.py:161} INFO - Started process (PID=4065) to work on /home/airflow/.local/lib/python3.8/site-packages/airflow/example_dags/example_bash_operator.py
[2026-05-03T00:37:03.040+0000] {processor.py:830} INFO - Processing file /home/airflow/.local/lib/python3.8/site-packages/airflow/example_dags/example_bash_operator.py for tasks to queue
[2026-05-03T00:37:03.041+0000] {logging_mixin.py:188} INFO - [2026-05-03T00:37:03.041+0000] {dagbag.py:540} INFO - Filling up the DagBag from /home/airflow/.local/lib/python3.8/site-packages/airflow/example_dags/example_bash_operator.py
[2026-05-03T00:37:03.049+0000] {processor.py:840} INFO - DAG(s) 'example_bash_operator' retrieved from /home/airflow/.local/lib/python3.8/site-packages/airflow/example_dags/example_bash_operator.py
[2026-05-03T00:37:03.069+0000] {logging_mixin.py:188} INFO - [2026-05-03T00:37:03.069+0000] {dag.py:3047} INFO - Sync 1 DAGs
[2026-05-03T00:37:03.084+0000] {logging_mixin.py:188} INFO - [2026-05-03T00:37:03.084+0000] {dag.py:3834} INFO - Setting next_dagrun for example_bash_operator to 2026-05-02 00:00:00+00:00, run_after=2026-05-03 00:00:00+00:00
[2026-05-03T00:37:03.094+0000] {processor.py:183} INFO - Processing /home/airflow/.local/lib/python3.8/site-packages/airflow/example_dags/example_bash_operator.py took 0.058 seconds
[2026-05-03T00:37:33.610+0000] {processor.py:161} INFO - Started process (PID=4121) to work on /home/airflow/.local/lib/python3.8/site-packages/airflow/example_dags/example_bash_operator.py
[2026-05-03T00:37:33.611+0000] {processor.py:830} INFO - Processing file /home/airflow/.local/lib/python3.8/site-packages/airflow/example_dags/example_bash_operator.py for tasks to queue
[2026-05-03T00:37:33.613+0000] {logging_mixin.py:188} INFO - [2026-05-03T00:37:33.613+0000] {dagbag.py:540} INFO - Filling up the DagBag from /home/airflow/.local/lib/python3.8/site-packages/airflow/example_dags/example_bash_operator.py
[2026-05-03T00:37:33.622+0000] {processor.py:840} INFO - DAG(s) 'example_bash_operator' retrieved from /home/airflow/.local/lib/python3.8/site-packages/airflow/example_dags/example_bash_operator.py
[2026-05-03T00:37:33.649+0000] {logging_mixin.py:188} INFO - [2026-05-03T00:37:33.649+0000] {dag.py:3047} INFO - Sync 1 DAGs
[2026-05-03T00:37:33.665+0000] {logging_mixin.py:188} INFO - [2026-05-03T00:37:33.665+0000] {dag.py:3834} INFO - Setting next_dagrun for example_bash_operator to 2026-05-02 00:00:00+00:00, run_after=2026-05-03 00:00:00+00:00
[2026-05-03T00:37:33.679+0000] {processor.py:183} INFO - Processing /home/airflow/.local/lib/python3.8/site-packages/airflow/example_dags/example_bash_operator.py took 0.072 seconds
[2026-05-03T00:38:03.999+0000] {processor.py:161} INFO - Started process (PID=4177) to work on /home/airflow/.local/lib/python3.8/site-packages/airflow/example_dags/example_bash_operator.py
[2026-05-03T00:38:04.000+0000] {processor.py:830} INFO - Processing file /home/airflow/.local/lib/python3.8/site-packages/airflow/example_dags/example_bash_operator.py for tasks to queue
[2026-05-03T00:38:04.002+0000] {logging_mixin.py:188} INFO - [2026-05-03T00:38:04.002+0000] {dagbag.py:540} INFO - Filling up the DagBag from /home/airflow/.local/lib/python3.8/site-packages/airflow/example_dags/example_bash_operator.py
[2026-05-03T00:38:04.019+0000] {processor.py:840} INFO - DAG(s) 'example_bash_operator' retrieved from /home/airflow/.local/lib/python3.8/site-packages/airflow/example_dags/example_bash_operator.py
[2026-05-03T00:38:04.054+0000] {logging_mixin.py:188} INFO - [2026-05-03T00:38:04.054+0000] {dag.py:3047} INFO - Sync 1 DAGs
[2026-05-03T00:38:04.078+0000] {logging_mixin.py:188} INFO - [2026-05-03T00:38:04.077+0000] {dag.py:3834} INFO - Setting next_dagrun for example_bash_operator to 2026-05-02 00:00:00+00:00, run_after=2026-05-03 00:00:00+00:00
[2026-05-03T00:38:04.094+0000] {processor.py:183} INFO - Processing /home/airflow/.local/lib/python3.8/site-packages/airflow/example_dags/example_bash_operator.py took 0.098 seconds
[2026-05-03T00:38:34.533+0000] {processor.py:161} INFO - Started process (PID=4233) to work on /home/airflow/.local/lib/python3.8/site-packages/airflow/example_dags/example_bash_operator.py
[2026-05-03T00:38:34.533+0000] {processor.py:830} INFO - Processing file /home/airflow/.local/lib/python3.8/site-packages/airflow/example_dags/example_bash_operator.py for tasks to queue
[2026-05-03T00:38:34.535+0000] {logging_mixin.py:188} INFO - [2026-05-03T00:38:34.535+0000] {dagbag.py:540} INFO - Filling up the DagBag from /home/airflow/.local/lib/python3.8/site-packages/airflow/example_dags/example_bash_operator.py
[2026-05-03T00:38:34.544+0000] {processor.py:840} INFO - DAG(s) 'example_bash_operator' retrieved from /home/airflow/.local/lib/python3.8/site-packages/airflow/example_dags/example_bash_operator.py
[2026-05-03T00:38:34.567+0000] {logging_mixin.py:188} INFO - [2026-05-03T00:38:34.567+0000] {dag.py:3047} INFO - Sync 1 DAGs
[2026-05-03T00:38:34.584+0000] {logging_mixin.py:188} INFO - [2026-05-03T00:38:34.584+0000] {dag.py:3834} INFO - Setting next_dagrun for example_bash_operator to 2026-05-02 00:00:00+00:00, run_after=2026-05-03 00:00:00+00:00
[2026-05-03T00:38:34.601+0000] {processor.py:183} INFO - Processing /home/airflow/.local/lib/python3.8/site-packages/airflow/example_dags/example_bash_operator.py took 0.071 seconds
[2026-05-03T00:39:04.809+0000] {processor.py:161} INFO - Started process (PID=4289) to work on /home/airflow/.local/lib/python3.8/site-packages/airflow/example_dags/example_bash_operator.py
[2026-05-03T00:39:04.810+0000] {processor.py:830} INFO - Processing file /home/airflow/.local/lib/python3.8/site-packages/airflow/example_dags/example_bash_operator.py for tasks to queue
[2026-05-03T00:39:04.811+0000] {logging_mixin.py:188} INFO - [2026-05-03T00:39:04.811+0000] {dagbag.py:540} INFO - Filling up the DagBag from /home/airflow/.local/lib/python3.8/site-packages/airflow/example_dags/example_bash_operator.py
[2026-05-03T00:39:04.821+0000] {processor.py:840} INFO - DAG(s) 'example_bash_operator' retrieved from /home/airflow/.local/lib/python3.8/site-packages/airflow/example_dags/example_bash_operator.py
[2026-05-03T00:39:04.844+0000] {logging_mixin.py:188} INFO - [2026-05-03T00:39:04.844+0000] {dag.py:3047} INFO - Sync 1 DAGs
[2026-05-03T00:39:04.859+0000] {logging_mixin.py:188} INFO - [2026-05-03T00:39:04.859+0000] {dag.py:3834} INFO - Setting next_dagrun for example_bash_operator to 2026-05-02 00:00:00+00:00, run_after=2026-05-03 00:00:00+00:00
[2026-05-03T00:39:04.877+0000] {processor.py:183} INFO - Processing /home/airflow/.local/lib/python3.8/site-packages/airflow/example_dags/example_bash_operator.py took 0.071 seconds
[2026-05-03T00:39:35.328+0000] {processor.py:161} INFO - Started process (PID=4345) to work on /home/airflow/.local/lib/python3.8/site-packages/airflow/example_dags/example_bash_operator.py
[2026-05-03T00:39:35.332+0000] {processor.py:830} INFO - Processing file /home/airflow/.local/lib/python3.8/site-packages/airflow/example_dags/example_bash_operator.py for tasks to queue
[2026-05-03T00:39:35.334+0000] {logging_mixin.py:188} INFO - [2026-05-03T00:39:35.334+0000] {dagbag.py:540} INFO - Filling up the DagBag from /home/airflow/.local/lib/python3.8/site-packages/airflow/example_dags/example_bash_operator.py
[2026-05-03T00:39:35.343+0000] {processor.py:840} INFO - DAG(s) 'example_bash_operator' retrieved from /home/airflow/.local/lib/python3.8/site-packages/airflow/example_dags/example_bash_operator.py
[2026-05-03T00:39:35.363+0000] {logging_mixin.py:188} INFO - [2026-05-03T00:39:35.363+0000] {dag.py:3047} INFO - Sync 1 DAGs
[2026-05-03T00:39:35.380+0000] {logging_mixin.py:188} INFO - [2026-05-03T00:39:35.380+0000] {dag.py:3834} INFO - Setting next_dagrun for example_bash_operator to 2026-05-02 00:00:00+00:00, run_after=2026-05-03 00:00:00+00:00
[2026-05-03T00:39:35.394+0000] {processor.py:183} INFO - Processing /home/airflow/.local/lib/python3.8/site-packages/airflow/example_dags/example_bash_operator.py took 0.069 seconds
