[2026-05-03T00:02:02.108+0000] {processor.py:161} INFO - Started process (PID=2788) to work on /home/airflow/.local/lib/python3.8/site-packages/airflow/example_dags/example_short_circuit_operator.py
[2026-05-03T00:02:02.109+0000] {processor.py:830} INFO - Processing file /home/airflow/.local/lib/python3.8/site-packages/airflow/example_dags/example_short_circuit_operator.py for tasks to queue
[2026-05-03T00:02:02.111+0000] {logging_mixin.py:188} INFO - [2026-05-03T00:02:02.111+0000] {dagbag.py:540} INFO - Filling up the DagBag from /home/airflow/.local/lib/python3.8/site-packages/airflow/example_dags/example_short_circuit_operator.py
[2026-05-03T00:02:02.117+0000] {processor.py:840} INFO - DAG(s) 'example_short_circuit_operator' retrieved from /home/airflow/.local/lib/python3.8/site-packages/airflow/example_dags/example_short_circuit_operator.py
[2026-05-03T00:02:02.137+0000] {logging_mixin.py:188} INFO - [2026-05-03T00:02:02.137+0000] {dag.py:3047} INFO - Sync 1 DAGs
[2026-05-03T00:02:02.154+0000] {logging_mixin.py:188} INFO - [2026-05-03T00:02:02.154+0000] {dag.py:3834} INFO - Setting next_dagrun for example_short_circuit_operator to 2026-05-02 00:00:00+00:00, run_after=2026-05-03 00:00:00+00:00
[2026-05-03T00:02:02.173+0000] {processor.py:183} INFO - Processing /home/airflow/.local/lib/python3.8/site-packages/airflow/example_dags/example_short_circuit_operator.py took 0.068 seconds
[2026-05-03T00:11:42.530+0000] {processor.py:161} INFO - Started process (PID=2844) to work on /home/airflow/.local/lib/python3.8/site-packages/airflow/example_dags/example_short_circuit_operator.py
[2026-05-03T00:11:42.531+0000] {processor.py:830} INFO - Processing file /home/airflow/.local/lib/python3.8/site-packages/airflow/example_dags/example_short_circuit_operator.py for tasks to queue
[2026-05-03T00:11:42.532+0000] {logging_mixin.py:188} INFO - [2026-05-03T00:11:42.532+0000] {dagbag.py:540} INFO - Filling up the DagBag from /home/airflow/.local/lib/python3.8/site-packages/airflow/example_dags/example_short_circuit_operator.py
[2026-05-03T00:11:42.538+0000] {processor.py:840} INFO - DAG(s) 'example_short_circuit_operator' retrieved from /home/airflow/.local/lib/python3.8/site-packages/airflow/example_dags/example_short_circuit_operator.py
[2026-05-03T00:11:42.554+0000] {logging_mixin.py:188} INFO - [2026-05-03T00:11:42.554+0000] {dag.py:3047} INFO - Sync 1 DAGs
[2026-05-03T00:11:42.575+0000] {logging_mixin.py:188} INFO - [2026-05-03T00:11:42.575+0000] {dag.py:3834} INFO - Setting next_dagrun for example_short_circuit_operator to 2026-05-02 00:00:00+00:00, run_after=2026-05-03 00:00:00+00:00
[2026-05-03T00:11:42.586+0000] {processor.py:183} INFO - Processing /home/airflow/.local/lib/python3.8/site-packages/airflow/example_dags/example_short_circuit_operator.py took 0.058 seconds
[2026-05-03T00:20:54.297+0000] {processor.py:161} INFO - Started process (PID=2900) to work on /home/airflow/.local/lib/python3.8/site-packages/airflow/example_dags/example_short_circuit_operator.py
[2026-05-03T00:20:54.298+0000] {processor.py:830} INFO - Processing file /home/airflow/.local/lib/python3.8/site-packages/airflow/example_dags/example_short_circuit_operator.py for tasks to queue
[2026-05-03T00:20:54.301+0000] {logging_mixin.py:188} INFO - [2026-05-03T00:20:54.301+0000] {dagbag.py:540} INFO - Filling up the DagBag from /home/airflow/.local/lib/python3.8/site-packages/airflow/example_dags/example_short_circuit_operator.py
[2026-05-03T00:20:54.326+0000] {processor.py:840} INFO - DAG(s) 'example_short_circuit_operator' retrieved from /home/airflow/.local/lib/python3.8/site-packages/airflow/example_dags/example_short_circuit_operator.py
[2026-05-03T00:20:54.357+0000] {logging_mixin.py:188} INFO - [2026-05-03T00:20:54.356+0000] {dag.py:3047} INFO - Sync 1 DAGs
[2026-05-03T00:20:54.378+0000] {logging_mixin.py:188} INFO - [2026-05-03T00:20:54.378+0000] {dag.py:3834} INFO - Setting next_dagrun for example_short_circuit_operator to 2026-05-02 00:00:00+00:00, run_after=2026-05-03 00:00:00+00:00
[2026-05-03T00:20:54.392+0000] {processor.py:183} INFO - Processing /home/airflow/.local/lib/python3.8/site-packages/airflow/example_dags/example_short_circuit_operator.py took 0.104 seconds
[2026-05-03T00:26:54.597+0000] {processor.py:161} INFO - Started process (PID=2956) to work on /home/airflow/.local/lib/python3.8/site-packages/airflow/example_dags/example_short_circuit_operator.py
[2026-05-03T00:26:54.601+0000] {processor.py:830} INFO - Processing file /home/airflow/.local/lib/python3.8/site-packages/airflow/example_dags/example_short_circuit_operator.py for tasks to queue
[2026-05-03T00:26:54.604+0000] {logging_mixin.py:188} INFO - [2026-05-03T00:26:54.603+0000] {dagbag.py:540} INFO - Filling up the DagBag from /home/airflow/.local/lib/python3.8/site-packages/airflow/example_dags/example_short_circuit_operator.py
[2026-05-03T00:26:54.614+0000] {processor.py:840} INFO - DAG(s) 'example_short_circuit_operator' retrieved from /home/airflow/.local/lib/python3.8/site-packages/airflow/example_dags/example_short_circuit_operator.py
[2026-05-03T00:26:54.635+0000] {logging_mixin.py:188} INFO - [2026-05-03T00:26:54.635+0000] {dag.py:3047} INFO - Sync 1 DAGs
[2026-05-03T00:26:54.653+0000] {logging_mixin.py:188} INFO - [2026-05-03T00:26:54.653+0000] {dag.py:3834} INFO - Setting next_dagrun for example_short_circuit_operator to 2026-05-02 00:00:00+00:00, run_after=2026-05-03 00:00:00+00:00
[2026-05-03T00:26:54.667+0000] {processor.py:183} INFO - Processing /home/airflow/.local/lib/python3.8/site-packages/airflow/example_dags/example_short_circuit_operator.py took 0.073 seconds
[2026-05-03T00:27:24.762+0000] {processor.py:161} INFO - Started process (PID=3012) to work on /home/airflow/.local/lib/python3.8/site-packages/airflow/example_dags/example_short_circuit_operator.py
[2026-05-03T00:27:24.763+0000] {processor.py:830} INFO - Processing file /home/airflow/.local/lib/python3.8/site-packages/airflow/example_dags/example_short_circuit_operator.py for tasks to queue
[2026-05-03T00:27:24.764+0000] {logging_mixin.py:188} INFO - [2026-05-03T00:27:24.764+0000] {dagbag.py:540} INFO - Filling up the DagBag from /home/airflow/.local/lib/python3.8/site-packages/airflow/example_dags/example_short_circuit_operator.py
[2026-05-03T00:27:24.770+0000] {processor.py:840} INFO - DAG(s) 'example_short_circuit_operator' retrieved from /home/airflow/.local/lib/python3.8/site-packages/airflow/example_dags/example_short_circuit_operator.py
[2026-05-03T00:27:24.786+0000] {logging_mixin.py:188} INFO - [2026-05-03T00:27:24.786+0000] {dag.py:3047} INFO - Sync 1 DAGs
[2026-05-03T00:27:24.800+0000] {logging_mixin.py:188} INFO - [2026-05-03T00:27:24.800+0000] {dag.py:3834} INFO - Setting next_dagrun for example_short_circuit_operator to 2026-05-02 00:00:00+00:00, run_after=2026-05-03 00:00:00+00:00
[2026-05-03T00:27:24.811+0000] {processor.py:183} INFO - Processing /home/airflow/.local/lib/python3.8/site-packages/airflow/example_dags/example_short_circuit_operator.py took 0.051 seconds
[2026-05-03T00:27:55.972+0000] {processor.py:161} INFO - Started process (PID=3068) to work on /home/airflow/.local/lib/python3.8/site-packages/airflow/example_dags/example_short_circuit_operator.py
[2026-05-03T00:27:55.974+0000] {processor.py:830} INFO - Processing file /home/airflow/.local/lib/python3.8/site-packages/airflow/example_dags/example_short_circuit_operator.py for tasks to queue
[2026-05-03T00:27:55.977+0000] {logging_mixin.py:188} INFO - [2026-05-03T00:27:55.977+0000] {dagbag.py:540} INFO - Filling up the DagBag from /home/airflow/.local/lib/python3.8/site-packages/airflow/example_dags/example_short_circuit_operator.py
[2026-05-03T00:27:55.983+0000] {processor.py:840} INFO - DAG(s) 'example_short_circuit_operator' retrieved from /home/airflow/.local/lib/python3.8/site-packages/airflow/example_dags/example_short_circuit_operator.py
[2026-05-03T00:27:56.002+0000] {logging_mixin.py:188} INFO - [2026-05-03T00:27:56.002+0000] {dag.py:3047} INFO - Sync 1 DAGs
[2026-05-03T00:27:56.018+0000] {logging_mixin.py:188} INFO - [2026-05-03T00:27:56.018+0000] {dag.py:3834} INFO - Setting next_dagrun for example_short_circuit_operator to 2026-05-02 00:00:00+00:00, run_after=2026-05-03 00:00:00+00:00
[2026-05-03T00:27:56.035+0000] {processor.py:183} INFO - Processing /home/airflow/.local/lib/python3.8/site-packages/airflow/example_dags/example_short_circuit_operator.py took 0.065 seconds
[2026-05-03T00:28:26.337+0000] {processor.py:161} INFO - Started process (PID=3124) to work on /home/airflow/.local/lib/python3.8/site-packages/airflow/example_dags/example_short_circuit_operator.py
[2026-05-03T00:28:26.340+0000] {processor.py:830} INFO - Processing file /home/airflow/.local/lib/python3.8/site-packages/airflow/example_dags/example_short_circuit_operator.py for tasks to queue
[2026-05-03T00:28:26.342+0000] {logging_mixin.py:188} INFO - [2026-05-03T00:28:26.342+0000] {dagbag.py:540} INFO - Filling up the DagBag from /home/airflow/.local/lib/python3.8/site-packages/airflow/example_dags/example_short_circuit_operator.py
[2026-05-03T00:28:26.348+0000] {processor.py:840} INFO - DAG(s) 'example_short_circuit_operator' retrieved from /home/airflow/.local/lib/python3.8/site-packages/airflow/example_dags/example_short_circuit_operator.py
[2026-05-03T00:28:26.365+0000] {logging_mixin.py:188} INFO - [2026-05-03T00:28:26.365+0000] {dag.py:3047} INFO - Sync 1 DAGs
[2026-05-03T00:28:26.381+0000] {logging_mixin.py:188} INFO - [2026-05-03T00:28:26.381+0000] {dag.py:3834} INFO - Setting next_dagrun for example_short_circuit_operator to 2026-05-02 00:00:00+00:00, run_after=2026-05-03 00:00:00+00:00
[2026-05-03T00:28:26.405+0000] {processor.py:183} INFO - Processing /home/airflow/.local/lib/python3.8/site-packages/airflow/example_dags/example_short_circuit_operator.py took 0.070 seconds
[2026-05-03T00:28:56.690+0000] {processor.py:161} INFO - Started process (PID=3180) to work on /home/airflow/.local/lib/python3.8/site-packages/airflow/example_dags/example_short_circuit_operator.py
[2026-05-03T00:28:56.691+0000] {processor.py:830} INFO - Processing file /home/airflow/.local/lib/python3.8/site-packages/airflow/example_dags/example_short_circuit_operator.py for tasks to queue
[2026-05-03T00:28:56.692+0000] {logging_mixin.py:188} INFO - [2026-05-03T00:28:56.692+0000] {dagbag.py:540} INFO - Filling up the DagBag from /home/airflow/.local/lib/python3.8/site-packages/airflow/example_dags/example_short_circuit_operator.py
[2026-05-03T00:28:56.700+0000] {processor.py:840} INFO - DAG(s) 'example_short_circuit_operator' retrieved from /home/airflow/.local/lib/python3.8/site-packages/airflow/example_dags/example_short_circuit_operator.py
[2026-05-03T00:28:56.719+0000] {logging_mixin.py:188} INFO - [2026-05-03T00:28:56.719+0000] {dag.py:3047} INFO - Sync 1 DAGs
[2026-05-03T00:28:56.734+0000] {logging_mixin.py:188} INFO - [2026-05-03T00:28:56.733+0000] {dag.py:3834} INFO - Setting next_dagrun for example_short_circuit_operator to 2026-05-02 00:00:00+00:00, run_after=2026-05-03 00:00:00+00:00
[2026-05-03T00:28:56.746+0000] {processor.py:183} INFO - Processing /home/airflow/.local/lib/python3.8/site-packages/airflow/example_dags/example_short_circuit_operator.py took 0.058 seconds
[2026-05-03T00:29:26.968+0000] {processor.py:161} INFO - Started process (PID=3236) to work on /home/airflow/.local/lib/python3.8/site-packages/airflow/example_dags/example_short_circuit_operator.py
[2026-05-03T00:29:26.969+0000] {processor.py:830} INFO - Processing file /home/airflow/.local/lib/python3.8/site-packages/airflow/example_dags/example_short_circuit_operator.py for tasks to queue
[2026-05-03T00:29:26.970+0000] {logging_mixin.py:188} INFO - [2026-05-03T00:29:26.970+0000] {dagbag.py:540} INFO - Filling up the DagBag from /home/airflow/.local/lib/python3.8/site-packages/airflow/example_dags/example_short_circuit_operator.py
[2026-05-03T00:29:26.975+0000] {processor.py:840} INFO - DAG(s) 'example_short_circuit_operator' retrieved from /home/airflow/.local/lib/python3.8/site-packages/airflow/example_dags/example_short_circuit_operator.py
[2026-05-03T00:29:26.990+0000] {logging_mixin.py:188} INFO - [2026-05-03T00:29:26.990+0000] {dag.py:3047} INFO - Sync 1 DAGs
[2026-05-03T00:29:27.003+0000] {logging_mixin.py:188} INFO - [2026-05-03T00:29:27.003+0000] {dag.py:3834} INFO - Setting next_dagrun for example_short_circuit_operator to 2026-05-02 00:00:00+00:00, run_after=2026-05-03 00:00:00+00:00
[2026-05-03T00:29:27.014+0000] {processor.py:183} INFO - Processing /home/airflow/.local/lib/python3.8/site-packages/airflow/example_dags/example_short_circuit_operator.py took 0.048 seconds
[2026-05-03T00:29:57.296+0000] {processor.py:161} INFO - Started process (PID=3292) to work on /home/airflow/.local/lib/python3.8/site-packages/airflow/example_dags/example_short_circuit_operator.py
[2026-05-03T00:29:57.297+0000] {processor.py:830} INFO - Processing file /home/airflow/.local/lib/python3.8/site-packages/airflow/example_dags/example_short_circuit_operator.py for tasks to queue
[2026-05-03T00:29:57.298+0000] {logging_mixin.py:188} INFO - [2026-05-03T00:29:57.298+0000] {dagbag.py:540} INFO - Filling up the DagBag from /home/airflow/.local/lib/python3.8/site-packages/airflow/example_dags/example_short_circuit_operator.py
[2026-05-03T00:29:57.307+0000] {processor.py:840} INFO - DAG(s) 'example_short_circuit_operator' retrieved from /home/airflow/.local/lib/python3.8/site-packages/airflow/example_dags/example_short_circuit_operator.py
[2026-05-03T00:29:57.328+0000] {logging_mixin.py:188} INFO - [2026-05-03T00:29:57.328+0000] {dag.py:3047} INFO - Sync 1 DAGs
[2026-05-03T00:29:57.341+0000] {logging_mixin.py:188} INFO - [2026-05-03T00:29:57.341+0000] {dag.py:3834} INFO - Setting next_dagrun for example_short_circuit_operator to 2026-05-02 00:00:00+00:00, run_after=2026-05-03 00:00:00+00:00
[2026-05-03T00:29:57.354+0000] {processor.py:183} INFO - Processing /home/airflow/.local/lib/python3.8/site-packages/airflow/example_dags/example_short_circuit_operator.py took 0.061 seconds
[2026-05-03T00:30:27.570+0000] {processor.py:161} INFO - Started process (PID=3348) to work on /home/airflow/.local/lib/python3.8/site-packages/airflow/example_dags/example_short_circuit_operator.py
[2026-05-03T00:30:27.570+0000] {processor.py:830} INFO - Processing file /home/airflow/.local/lib/python3.8/site-packages/airflow/example_dags/example_short_circuit_operator.py for tasks to queue
[2026-05-03T00:30:27.572+0000] {logging_mixin.py:188} INFO - [2026-05-03T00:30:27.572+0000] {dagbag.py:540} INFO - Filling up the DagBag from /home/airflow/.local/lib/python3.8/site-packages/airflow/example_dags/example_short_circuit_operator.py
[2026-05-03T00:30:27.577+0000] {processor.py:840} INFO - DAG(s) 'example_short_circuit_operator' retrieved from /home/airflow/.local/lib/python3.8/site-packages/airflow/example_dags/example_short_circuit_operator.py
[2026-05-03T00:30:27.597+0000] {logging_mixin.py:188} INFO - [2026-05-03T00:30:27.597+0000] {dag.py:3047} INFO - Sync 1 DAGs
[2026-05-03T00:30:27.611+0000] {logging_mixin.py:188} INFO - [2026-05-03T00:30:27.611+0000] {dag.py:3834} INFO - Setting next_dagrun for example_short_circuit_operator to 2026-05-02 00:00:00+00:00, run_after=2026-05-03 00:00:00+00:00
[2026-05-03T00:30:27.628+0000] {processor.py:183} INFO - Processing /home/airflow/.local/lib/python3.8/site-packages/airflow/example_dags/example_short_circuit_operator.py took 0.061 seconds
[2026-05-03T00:30:57.754+0000] {processor.py:161} INFO - Started process (PID=3404) to work on /home/airflow/.local/lib/python3.8/site-packages/airflow/example_dags/example_short_circuit_operator.py
[2026-05-03T00:30:57.756+0000] {processor.py:830} INFO - Processing file /home/airflow/.local/lib/python3.8/site-packages/airflow/example_dags/example_short_circuit_operator.py for tasks to queue
[2026-05-03T00:30:57.758+0000] {logging_mixin.py:188} INFO - [2026-05-03T00:30:57.758+0000] {dagbag.py:540} INFO - Filling up the DagBag from /home/airflow/.local/lib/python3.8/site-packages/airflow/example_dags/example_short_circuit_operator.py
[2026-05-03T00:30:57.766+0000] {processor.py:840} INFO - DAG(s) 'example_short_circuit_operator' retrieved from /home/airflow/.local/lib/python3.8/site-packages/airflow/example_dags/example_short_circuit_operator.py
[2026-05-03T00:30:57.782+0000] {logging_mixin.py:188} INFO - [2026-05-03T00:30:57.782+0000] {dag.py:3047} INFO - Sync 1 DAGs
[2026-05-03T00:30:57.799+0000] {logging_mixin.py:188} INFO - [2026-05-03T00:30:57.799+0000] {dag.py:3834} INFO - Setting next_dagrun for example_short_circuit_operator to 2026-05-02 00:00:00+00:00, run_after=2026-05-03 00:00:00+00:00
[2026-05-03T00:30:57.815+0000] {processor.py:183} INFO - Processing /home/airflow/.local/lib/python3.8/site-packages/airflow/example_dags/example_short_circuit_operator.py took 0.063 seconds
[2026-05-03T00:31:29.003+0000] {processor.py:161} INFO - Started process (PID=3460) to work on /home/airflow/.local/lib/python3.8/site-packages/airflow/example_dags/example_short_circuit_operator.py
[2026-05-03T00:31:29.005+0000] {processor.py:830} INFO - Processing file /home/airflow/.local/lib/python3.8/site-packages/airflow/example_dags/example_short_circuit_operator.py for tasks to queue
[2026-05-03T00:31:29.007+0000] {logging_mixin.py:188} INFO - [2026-05-03T00:31:29.007+0000] {dagbag.py:540} INFO - Filling up the DagBag from /home/airflow/.local/lib/python3.8/site-packages/airflow/example_dags/example_short_circuit_operator.py
[2026-05-03T00:31:29.016+0000] {processor.py:840} INFO - DAG(s) 'example_short_circuit_operator' retrieved from /home/airflow/.local/lib/python3.8/site-packages/airflow/example_dags/example_short_circuit_operator.py
[2026-05-03T00:31:29.047+0000] {logging_mixin.py:188} INFO - [2026-05-03T00:31:29.046+0000] {dag.py:3047} INFO - Sync 1 DAGs
[2026-05-03T00:31:29.066+0000] {logging_mixin.py:188} INFO - [2026-05-03T00:31:29.066+0000] {dag.py:3834} INFO - Setting next_dagrun for example_short_circuit_operator to 2026-05-02 00:00:00+00:00, run_after=2026-05-03 00:00:00+00:00
[2026-05-03T00:31:29.087+0000] {processor.py:183} INFO - Processing /home/airflow/.local/lib/python3.8/site-packages/airflow/example_dags/example_short_circuit_operator.py took 0.088 seconds
[2026-05-03T00:31:59.634+0000] {processor.py:161} INFO - Started process (PID=3516) to work on /home/airflow/.local/lib/python3.8/site-packages/airflow/example_dags/example_short_circuit_operator.py
[2026-05-03T00:31:59.635+0000] {processor.py:830} INFO - Processing file /home/airflow/.local/lib/python3.8/site-packages/airflow/example_dags/example_short_circuit_operator.py for tasks to queue
[2026-05-03T00:31:59.637+0000] {logging_mixin.py:188} INFO - [2026-05-03T00:31:59.636+0000] {dagbag.py:540} INFO - Filling up the DagBag from /home/airflow/.local/lib/python3.8/site-packages/airflow/example_dags/example_short_circuit_operator.py
[2026-05-03T00:31:59.642+0000] {processor.py:840} INFO - DAG(s) 'example_short_circuit_operator' retrieved from /home/airflow/.local/lib/python3.8/site-packages/airflow/example_dags/example_short_circuit_operator.py
[2026-05-03T00:31:59.664+0000] {logging_mixin.py:188} INFO - [2026-05-03T00:31:59.663+0000] {dag.py:3047} INFO - Sync 1 DAGs
[2026-05-03T00:31:59.680+0000] {logging_mixin.py:188} INFO - [2026-05-03T00:31:59.679+0000] {dag.py:3834} INFO - Setting next_dagrun for example_short_circuit_operator to 2026-05-02 00:00:00+00:00, run_after=2026-05-03 00:00:00+00:00
[2026-05-03T00:31:59.693+0000] {processor.py:183} INFO - Processing /home/airflow/.local/lib/python3.8/site-packages/airflow/example_dags/example_short_circuit_operator.py took 0.061 seconds
[2026-05-03T00:32:29.963+0000] {processor.py:161} INFO - Started process (PID=3572) to work on /home/airflow/.local/lib/python3.8/site-packages/airflow/example_dags/example_short_circuit_operator.py
[2026-05-03T00:32:29.964+0000] {processor.py:830} INFO - Processing file /home/airflow/.local/lib/python3.8/site-packages/airflow/example_dags/example_short_circuit_operator.py for tasks to queue
[2026-05-03T00:32:29.966+0000] {logging_mixin.py:188} INFO - [2026-05-03T00:32:29.966+0000] {dagbag.py:540} INFO - Filling up the DagBag from /home/airflow/.local/lib/python3.8/site-packages/airflow/example_dags/example_short_circuit_operator.py
[2026-05-03T00:32:29.972+0000] {processor.py:840} INFO - DAG(s) 'example_short_circuit_operator' retrieved from /home/airflow/.local/lib/python3.8/site-packages/airflow/example_dags/example_short_circuit_operator.py
[2026-05-03T00:32:29.989+0000] {logging_mixin.py:188} INFO - [2026-05-03T00:32:29.989+0000] {dag.py:3047} INFO - Sync 1 DAGs
[2026-05-03T00:32:30.004+0000] {logging_mixin.py:188} INFO - [2026-05-03T00:32:30.003+0000] {dag.py:3834} INFO - Setting next_dagrun for example_short_circuit_operator to 2026-05-02 00:00:00+00:00, run_after=2026-05-03 00:00:00+00:00
[2026-05-03T00:32:30.015+0000] {processor.py:183} INFO - Processing /home/airflow/.local/lib/python3.8/site-packages/airflow/example_dags/example_short_circuit_operator.py took 0.055 seconds
[2026-05-03T00:33:00.142+0000] {processor.py:161} INFO - Started process (PID=3628) to work on /home/airflow/.local/lib/python3.8/site-packages/airflow/example_dags/example_short_circuit_operator.py
[2026-05-03T00:33:00.143+0000] {processor.py:830} INFO - Processing file /home/airflow/.local/lib/python3.8/site-packages/airflow/example_dags/example_short_circuit_operator.py for tasks to queue
[2026-05-03T00:33:00.144+0000] {logging_mixin.py:188} INFO - [2026-05-03T00:33:00.144+0000] {dagbag.py:540} INFO - Filling up the DagBag from /home/airflow/.local/lib/python3.8/site-packages/airflow/example_dags/example_short_circuit_operator.py
[2026-05-03T00:33:00.150+0000] {processor.py:840} INFO - DAG(s) 'example_short_circuit_operator' retrieved from /home/airflow/.local/lib/python3.8/site-packages/airflow/example_dags/example_short_circuit_operator.py
[2026-05-03T00:33:00.173+0000] {logging_mixin.py:188} INFO - [2026-05-03T00:33:00.173+0000] {dag.py:3047} INFO - Sync 1 DAGs
[2026-05-03T00:33:00.195+0000] {logging_mixin.py:188} INFO - [2026-05-03T00:33:00.195+0000] {dag.py:3834} INFO - Setting next_dagrun for example_short_circuit_operator to 2026-05-02 00:00:00+00:00, run_after=2026-05-03 00:00:00+00:00
[2026-05-03T00:33:00.207+0000] {processor.py:183} INFO - Processing /home/airflow/.local/lib/python3.8/site-packages/airflow/example_dags/example_short_circuit_operator.py took 0.068 seconds
[2026-05-03T00:33:30.774+0000] {processor.py:161} INFO - Started process (PID=3684) to work on /home/airflow/.local/lib/python3.8/site-packages/airflow/example_dags/example_short_circuit_operator.py
[2026-05-03T00:33:30.775+0000] {processor.py:830} INFO - Processing file /home/airflow/.local/lib/python3.8/site-packages/airflow/example_dags/example_short_circuit_operator.py for tasks to queue
[2026-05-03T00:33:30.777+0000] {logging_mixin.py:188} INFO - [2026-05-03T00:33:30.777+0000] {dagbag.py:540} INFO - Filling up the DagBag from /home/airflow/.local/lib/python3.8/site-packages/airflow/example_dags/example_short_circuit_operator.py
[2026-05-03T00:33:30.791+0000] {processor.py:840} INFO - DAG(s) 'example_short_circuit_operator' retrieved from /home/airflow/.local/lib/python3.8/site-packages/airflow/example_dags/example_short_circuit_operator.py
[2026-05-03T00:33:30.814+0000] {logging_mixin.py:188} INFO - [2026-05-03T00:33:30.814+0000] {dag.py:3047} INFO - Sync 1 DAGs
[2026-05-03T00:33:30.829+0000] {logging_mixin.py:188} INFO - [2026-05-03T00:33:30.829+0000] {dag.py:3834} INFO - Setting next_dagrun for example_short_circuit_operator to 2026-05-02 00:00:00+00:00, run_after=2026-05-03 00:00:00+00:00
[2026-05-03T00:33:30.841+0000] {processor.py:183} INFO - Processing /home/airflow/.local/lib/python3.8/site-packages/airflow/example_dags/example_short_circuit_operator.py took 0.069 seconds
[2026-05-03T00:34:01.321+0000] {processor.py:161} INFO - Started process (PID=3740) to work on /home/airflow/.local/lib/python3.8/site-packages/airflow/example_dags/example_short_circuit_operator.py
[2026-05-03T00:34:01.322+0000] {processor.py:830} INFO - Processing file /home/airflow/.local/lib/python3.8/site-packages/airflow/example_dags/example_short_circuit_operator.py for tasks to queue
[2026-05-03T00:34:01.324+0000] {logging_mixin.py:188} INFO - [2026-05-03T00:34:01.323+0000] {dagbag.py:540} INFO - Filling up the DagBag from /home/airflow/.local/lib/python3.8/site-packages/airflow/example_dags/example_short_circuit_operator.py
[2026-05-03T00:34:01.330+0000] {processor.py:840} INFO - DAG(s) 'example_short_circuit_operator' retrieved from /home/airflow/.local/lib/python3.8/site-packages/airflow/example_dags/example_short_circuit_operator.py
[2026-05-03T00:34:01.345+0000] {logging_mixin.py:188} INFO - [2026-05-03T00:34:01.345+0000] {dag.py:3047} INFO - Sync 1 DAGs
[2026-05-03T00:34:01.359+0000] {logging_mixin.py:188} INFO - [2026-05-03T00:34:01.359+0000] {dag.py:3834} INFO - Setting next_dagrun for example_short_circuit_operator to 2026-05-02 00:00:00+00:00, run_after=2026-05-03 00:00:00+00:00
[2026-05-03T00:34:01.372+0000] {processor.py:183} INFO - Processing /home/airflow/.local/lib/python3.8/site-packages/airflow/example_dags/example_short_circuit_operator.py took 0.053 seconds
[2026-05-03T00:34:31.556+0000] {processor.py:161} INFO - Started process (PID=3796) to work on /home/airflow/.local/lib/python3.8/site-packages/airflow/example_dags/example_short_circuit_operator.py
[2026-05-03T00:34:31.557+0000] {processor.py:830} INFO - Processing file /home/airflow/.local/lib/python3.8/site-packages/airflow/example_dags/example_short_circuit_operator.py for tasks to queue
[2026-05-03T00:34:31.558+0000] {logging_mixin.py:188} INFO - [2026-05-03T00:34:31.558+0000] {dagbag.py:540} INFO - Filling up the DagBag from /home/airflow/.local/lib/python3.8/site-packages/airflow/example_dags/example_short_circuit_operator.py
[2026-05-03T00:34:31.564+0000] {processor.py:840} INFO - DAG(s) 'example_short_circuit_operator' retrieved from /home/airflow/.local/lib/python3.8/site-packages/airflow/example_dags/example_short_circuit_operator.py
[2026-05-03T00:34:31.584+0000] {logging_mixin.py:188} INFO - [2026-05-03T00:34:31.584+0000] {dag.py:3047} INFO - Sync 1 DAGs
[2026-05-03T00:34:31.599+0000] {logging_mixin.py:188} INFO - [2026-05-03T00:34:31.598+0000] {dag.py:3834} INFO - Setting next_dagrun for example_short_circuit_operator to 2026-05-02 00:00:00+00:00, run_after=2026-05-03 00:00:00+00:00
[2026-05-03T00:34:31.612+0000] {processor.py:183} INFO - Processing /home/airflow/.local/lib/python3.8/site-packages/airflow/example_dags/example_short_circuit_operator.py took 0.059 seconds
[2026-05-03T00:35:01.736+0000] {processor.py:161} INFO - Started process (PID=3852) to work on /home/airflow/.local/lib/python3.8/site-packages/airflow/example_dags/example_short_circuit_operator.py
[2026-05-03T00:35:01.737+0000] {processor.py:830} INFO - Processing file /home/airflow/.local/lib/python3.8/site-packages/airflow/example_dags/example_short_circuit_operator.py for tasks to queue
[2026-05-03T00:35:01.738+0000] {logging_mixin.py:188} INFO - [2026-05-03T00:35:01.738+0000] {dagbag.py:540} INFO - Filling up the DagBag from /home/airflow/.local/lib/python3.8/site-packages/airflow/example_dags/example_short_circuit_operator.py
[2026-05-03T00:35:01.743+0000] {processor.py:840} INFO - DAG(s) 'example_short_circuit_operator' retrieved from /home/airflow/.local/lib/python3.8/site-packages/airflow/example_dags/example_short_circuit_operator.py
[2026-05-03T00:35:01.758+0000] {logging_mixin.py:188} INFO - [2026-05-03T00:35:01.758+0000] {dag.py:3047} INFO - Sync 1 DAGs
[2026-05-03T00:35:01.771+0000] {logging_mixin.py:188} INFO - [2026-05-03T00:35:01.771+0000] {dag.py:3834} INFO - Setting next_dagrun for example_short_circuit_operator to 2026-05-02 00:00:00+00:00, run_after=2026-05-03 00:00:00+00:00
[2026-05-03T00:35:01.780+0000] {processor.py:183} INFO - Processing /home/airflow/.local/lib/python3.8/site-packages/airflow/example_dags/example_short_circuit_operator.py took 0.047 seconds
[2026-05-03T00:35:32.109+0000] {processor.py:161} INFO - Started process (PID=3908) to work on /home/airflow/.local/lib/python3.8/site-packages/airflow/example_dags/example_short_circuit_operator.py
[2026-05-03T00:35:32.110+0000] {processor.py:830} INFO - Processing file /home/airflow/.local/lib/python3.8/site-packages/airflow/example_dags/example_short_circuit_operator.py for tasks to queue
[2026-05-03T00:35:32.111+0000] {logging_mixin.py:188} INFO - [2026-05-03T00:35:32.111+0000] {dagbag.py:540} INFO - Filling up the DagBag from /home/airflow/.local/lib/python3.8/site-packages/airflow/example_dags/example_short_circuit_operator.py
[2026-05-03T00:35:32.119+0000] {processor.py:840} INFO - DAG(s) 'example_short_circuit_operator' retrieved from /home/airflow/.local/lib/python3.8/site-packages/airflow/example_dags/example_short_circuit_operator.py
[2026-05-03T00:35:32.145+0000] {logging_mixin.py:188} INFO - [2026-05-03T00:35:32.145+0000] {dag.py:3047} INFO - Sync 1 DAGs
[2026-05-03T00:35:32.164+0000] {logging_mixin.py:188} INFO - [2026-05-03T00:35:32.164+0000] {dag.py:3834} INFO - Setting next_dagrun for example_short_circuit_operator to 2026-05-02 00:00:00+00:00, run_after=2026-05-03 00:00:00+00:00
[2026-05-03T00:35:32.175+0000] {processor.py:183} INFO - Processing /home/airflow/.local/lib/python3.8/site-packages/airflow/example_dags/example_short_circuit_operator.py took 0.068 seconds
[2026-05-03T00:36:02.780+0000] {processor.py:161} INFO - Started process (PID=3964) to work on /home/airflow/.local/lib/python3.8/site-packages/airflow/example_dags/example_short_circuit_operator.py
[2026-05-03T00:36:02.783+0000] {processor.py:830} INFO - Processing file /home/airflow/.local/lib/python3.8/site-packages/airflow/example_dags/example_short_circuit_operator.py for tasks to queue
[2026-05-03T00:36:02.798+0000] {logging_mixin.py:188} INFO - [2026-05-03T00:36:02.798+0000] {dagbag.py:540} INFO - Filling up the DagBag from /home/airflow/.local/lib/python3.8/site-packages/airflow/example_dags/example_short_circuit_operator.py
[2026-05-03T00:36:02.812+0000] {processor.py:840} INFO - DAG(s) 'example_short_circuit_operator' retrieved from /home/airflow/.local/lib/python3.8/site-packages/airflow/example_dags/example_short_circuit_operator.py
[2026-05-03T00:36:02.830+0000] {logging_mixin.py:188} INFO - [2026-05-03T00:36:02.830+0000] {dag.py:3047} INFO - Sync 1 DAGs
[2026-05-03T00:36:02.848+0000] {logging_mixin.py:188} INFO - [2026-05-03T00:36:02.848+0000] {dag.py:3834} INFO - Setting next_dagrun for example_short_circuit_operator to 2026-05-02 00:00:00+00:00, run_after=2026-05-03 00:00:00+00:00
[2026-05-03T00:36:02.861+0000] {processor.py:183} INFO - Processing /home/airflow/.local/lib/python3.8/site-packages/airflow/example_dags/example_short_circuit_operator.py took 0.088 seconds
[2026-05-03T00:36:33.026+0000] {processor.py:161} INFO - Started process (PID=4020) to work on /home/airflow/.local/lib/python3.8/site-packages/airflow/example_dags/example_short_circuit_operator.py
[2026-05-03T00:36:33.027+0000] {processor.py:830} INFO - Processing file /home/airflow/.local/lib/python3.8/site-packages/airflow/example_dags/example_short_circuit_operator.py for tasks to queue
[2026-05-03T00:36:33.028+0000] {logging_mixin.py:188} INFO - [2026-05-03T00:36:33.027+0000] {dagbag.py:540} INFO - Filling up the DagBag from /home/airflow/.local/lib/python3.8/site-packages/airflow/example_dags/example_short_circuit_operator.py
[2026-05-03T00:36:33.035+0000] {processor.py:840} INFO - DAG(s) 'example_short_circuit_operator' retrieved from /home/airflow/.local/lib/python3.8/site-packages/airflow/example_dags/example_short_circuit_operator.py
[2026-05-03T00:36:33.051+0000] {logging_mixin.py:188} INFO - [2026-05-03T00:36:33.051+0000] {dag.py:3047} INFO - Sync 1 DAGs
[2026-05-03T00:36:33.066+0000] {logging_mixin.py:188} INFO - [2026-05-03T00:36:33.066+0000] {dag.py:3834} INFO - Setting next_dagrun for example_short_circuit_operator to 2026-05-02 00:00:00+00:00, run_after=2026-05-03 00:00:00+00:00
[2026-05-03T00:36:33.083+0000] {processor.py:183} INFO - Processing /home/airflow/.local/lib/python3.8/site-packages/airflow/example_dags/example_short_circuit_operator.py took 0.060 seconds
[2026-05-03T00:37:03.479+0000] {processor.py:161} INFO - Started process (PID=4076) to work on /home/airflow/.local/lib/python3.8/site-packages/airflow/example_dags/example_short_circuit_operator.py
[2026-05-03T00:37:03.480+0000] {processor.py:830} INFO - Processing file /home/airflow/.local/lib/python3.8/site-packages/airflow/example_dags/example_short_circuit_operator.py for tasks to queue
[2026-05-03T00:37:03.482+0000] {logging_mixin.py:188} INFO - [2026-05-03T00:37:03.481+0000] {dagbag.py:540} INFO - Filling up the DagBag from /home/airflow/.local/lib/python3.8/site-packages/airflow/example_dags/example_short_circuit_operator.py
[2026-05-03T00:37:03.491+0000] {processor.py:840} INFO - DAG(s) 'example_short_circuit_operator' retrieved from /home/airflow/.local/lib/python3.8/site-packages/airflow/example_dags/example_short_circuit_operator.py
[2026-05-03T00:37:03.516+0000] {logging_mixin.py:188} INFO - [2026-05-03T00:37:03.516+0000] {dag.py:3047} INFO - Sync 1 DAGs
[2026-05-03T00:37:03.533+0000] {logging_mixin.py:188} INFO - [2026-05-03T00:37:03.533+0000] {dag.py:3834} INFO - Setting next_dagrun for example_short_circuit_operator to 2026-05-02 00:00:00+00:00, run_after=2026-05-03 00:00:00+00:00
[2026-05-03T00:37:03.547+0000] {processor.py:183} INFO - Processing /home/airflow/.local/lib/python3.8/site-packages/airflow/example_dags/example_short_circuit_operator.py took 0.071 seconds
[2026-05-03T00:37:34.114+0000] {processor.py:161} INFO - Started process (PID=4132) to work on /home/airflow/.local/lib/python3.8/site-packages/airflow/example_dags/example_short_circuit_operator.py
[2026-05-03T00:37:34.115+0000] {processor.py:830} INFO - Processing file /home/airflow/.local/lib/python3.8/site-packages/airflow/example_dags/example_short_circuit_operator.py for tasks to queue
[2026-05-03T00:37:34.116+0000] {logging_mixin.py:188} INFO - [2026-05-03T00:37:34.116+0000] {dagbag.py:540} INFO - Filling up the DagBag from /home/airflow/.local/lib/python3.8/site-packages/airflow/example_dags/example_short_circuit_operator.py
[2026-05-03T00:37:34.122+0000] {processor.py:840} INFO - DAG(s) 'example_short_circuit_operator' retrieved from /home/airflow/.local/lib/python3.8/site-packages/airflow/example_dags/example_short_circuit_operator.py
[2026-05-03T00:37:34.144+0000] {logging_mixin.py:188} INFO - [2026-05-03T00:37:34.144+0000] {dag.py:3047} INFO - Sync 1 DAGs
[2026-05-03T00:37:34.158+0000] {logging_mixin.py:188} INFO - [2026-05-03T00:37:34.158+0000] {dag.py:3834} INFO - Setting next_dagrun for example_short_circuit_operator to 2026-05-02 00:00:00+00:00, run_after=2026-05-03 00:00:00+00:00
[2026-05-03T00:37:34.173+0000] {processor.py:183} INFO - Processing /home/airflow/.local/lib/python3.8/site-packages/airflow/example_dags/example_short_circuit_operator.py took 0.062 seconds
[2026-05-03T00:38:04.483+0000] {processor.py:161} INFO - Started process (PID=4188) to work on /home/airflow/.local/lib/python3.8/site-packages/airflow/example_dags/example_short_circuit_operator.py
[2026-05-03T00:38:04.484+0000] {processor.py:830} INFO - Processing file /home/airflow/.local/lib/python3.8/site-packages/airflow/example_dags/example_short_circuit_operator.py for tasks to queue
[2026-05-03T00:38:04.486+0000] {logging_mixin.py:188} INFO - [2026-05-03T00:38:04.485+0000] {dagbag.py:540} INFO - Filling up the DagBag from /home/airflow/.local/lib/python3.8/site-packages/airflow/example_dags/example_short_circuit_operator.py
[2026-05-03T00:38:04.492+0000] {processor.py:840} INFO - DAG(s) 'example_short_circuit_operator' retrieved from /home/airflow/.local/lib/python3.8/site-packages/airflow/example_dags/example_short_circuit_operator.py
[2026-05-03T00:38:04.513+0000] {logging_mixin.py:188} INFO - [2026-05-03T00:38:04.513+0000] {dag.py:3047} INFO - Sync 1 DAGs
[2026-05-03T00:38:04.530+0000] {logging_mixin.py:188} INFO - [2026-05-03T00:38:04.530+0000] {dag.py:3834} INFO - Setting next_dagrun for example_short_circuit_operator to 2026-05-02 00:00:00+00:00, run_after=2026-05-03 00:00:00+00:00
[2026-05-03T00:38:04.543+0000] {processor.py:183} INFO - Processing /home/airflow/.local/lib/python3.8/site-packages/airflow/example_dags/example_short_circuit_operator.py took 0.063 seconds
[2026-05-03T00:38:34.987+0000] {processor.py:161} INFO - Started process (PID=4244) to work on /home/airflow/.local/lib/python3.8/site-packages/airflow/example_dags/example_short_circuit_operator.py
[2026-05-03T00:38:34.988+0000] {processor.py:830} INFO - Processing file /home/airflow/.local/lib/python3.8/site-packages/airflow/example_dags/example_short_circuit_operator.py for tasks to queue
[2026-05-03T00:38:34.990+0000] {logging_mixin.py:188} INFO - [2026-05-03T00:38:34.990+0000] {dagbag.py:540} INFO - Filling up the DagBag from /home/airflow/.local/lib/python3.8/site-packages/airflow/example_dags/example_short_circuit_operator.py
[2026-05-03T00:38:34.995+0000] {processor.py:840} INFO - DAG(s) 'example_short_circuit_operator' retrieved from /home/airflow/.local/lib/python3.8/site-packages/airflow/example_dags/example_short_circuit_operator.py
[2026-05-03T00:38:35.017+0000] {logging_mixin.py:188} INFO - [2026-05-03T00:38:35.017+0000] {dag.py:3047} INFO - Sync 1 DAGs
[2026-05-03T00:38:35.039+0000] {logging_mixin.py:188} INFO - [2026-05-03T00:38:35.039+0000] {dag.py:3834} INFO - Setting next_dagrun for example_short_circuit_operator to 2026-05-02 00:00:00+00:00, run_after=2026-05-03 00:00:00+00:00
[2026-05-03T00:38:35.058+0000] {processor.py:183} INFO - Processing /home/airflow/.local/lib/python3.8/site-packages/airflow/example_dags/example_short_circuit_operator.py took 0.073 seconds
[2026-05-03T00:39:05.255+0000] {processor.py:161} INFO - Started process (PID=4300) to work on /home/airflow/.local/lib/python3.8/site-packages/airflow/example_dags/example_short_circuit_operator.py
[2026-05-03T00:39:05.256+0000] {processor.py:830} INFO - Processing file /home/airflow/.local/lib/python3.8/site-packages/airflow/example_dags/example_short_circuit_operator.py for tasks to queue
[2026-05-03T00:39:05.258+0000] {logging_mixin.py:188} INFO - [2026-05-03T00:39:05.257+0000] {dagbag.py:540} INFO - Filling up the DagBag from /home/airflow/.local/lib/python3.8/site-packages/airflow/example_dags/example_short_circuit_operator.py
[2026-05-03T00:39:05.264+0000] {processor.py:840} INFO - DAG(s) 'example_short_circuit_operator' retrieved from /home/airflow/.local/lib/python3.8/site-packages/airflow/example_dags/example_short_circuit_operator.py
[2026-05-03T00:39:05.289+0000] {logging_mixin.py:188} INFO - [2026-05-03T00:39:05.289+0000] {dag.py:3047} INFO - Sync 1 DAGs
[2026-05-03T00:39:05.311+0000] {logging_mixin.py:188} INFO - [2026-05-03T00:39:05.311+0000] {dag.py:3834} INFO - Setting next_dagrun for example_short_circuit_operator to 2026-05-02 00:00:00+00:00, run_after=2026-05-03 00:00:00+00:00
[2026-05-03T00:39:05.325+0000] {processor.py:183} INFO - Processing /home/airflow/.local/lib/python3.8/site-packages/airflow/example_dags/example_short_circuit_operator.py took 0.073 seconds
[2026-05-03T00:39:35.901+0000] {processor.py:161} INFO - Started process (PID=4356) to work on /home/airflow/.local/lib/python3.8/site-packages/airflow/example_dags/example_short_circuit_operator.py
[2026-05-03T00:39:35.904+0000] {processor.py:830} INFO - Processing file /home/airflow/.local/lib/python3.8/site-packages/airflow/example_dags/example_short_circuit_operator.py for tasks to queue
[2026-05-03T00:39:35.906+0000] {logging_mixin.py:188} INFO - [2026-05-03T00:39:35.906+0000] {dagbag.py:540} INFO - Filling up the DagBag from /home/airflow/.local/lib/python3.8/site-packages/airflow/example_dags/example_short_circuit_operator.py
[2026-05-03T00:39:35.911+0000] {processor.py:840} INFO - DAG(s) 'example_short_circuit_operator' retrieved from /home/airflow/.local/lib/python3.8/site-packages/airflow/example_dags/example_short_circuit_operator.py
[2026-05-03T00:39:35.932+0000] {logging_mixin.py:188} INFO - [2026-05-03T00:39:35.932+0000] {dag.py:3047} INFO - Sync 1 DAGs
[2026-05-03T00:39:35.951+0000] {logging_mixin.py:188} INFO - [2026-05-03T00:39:35.950+0000] {dag.py:3834} INFO - Setting next_dagrun for example_short_circuit_operator to 2026-05-02 00:00:00+00:00, run_after=2026-05-03 00:00:00+00:00
[2026-05-03T00:39:35.969+0000] {processor.py:183} INFO - Processing /home/airflow/.local/lib/python3.8/site-packages/airflow/example_dags/example_short_circuit_operator.py took 0.071 seconds
