[2026-05-03T00:02:02.320+0000] {processor.py:161} INFO - Started process (PID=2793) to work on /home/airflow/.local/lib/python3.8/site-packages/airflow/example_dags/example_time_delta_sensor_async.py
[2026-05-03T00:02:02.321+0000] {processor.py:830} INFO - Processing file /home/airflow/.local/lib/python3.8/site-packages/airflow/example_dags/example_time_delta_sensor_async.py for tasks to queue
[2026-05-03T00:02:02.323+0000] {logging_mixin.py:188} INFO - [2026-05-03T00:02:02.323+0000] {dagbag.py:540} INFO - Filling up the DagBag from /home/airflow/.local/lib/python3.8/site-packages/airflow/example_dags/example_time_delta_sensor_async.py
[2026-05-03T00:02:02.328+0000] {processor.py:840} INFO - DAG(s) 'example_time_delta_sensor_async' retrieved from /home/airflow/.local/lib/python3.8/site-packages/airflow/example_dags/example_time_delta_sensor_async.py
[2026-05-03T00:02:02.350+0000] {logging_mixin.py:188} INFO - [2026-05-03T00:02:02.349+0000] {dag.py:3047} INFO - Sync 1 DAGs
[2026-05-03T00:02:02.358+0000] {logging_mixin.py:188} INFO - [2026-05-03T00:02:02.358+0000] {dag.py:3834} INFO - Setting next_dagrun for example_time_delta_sensor_async to None, run_after=None
[2026-05-03T00:02:02.369+0000] {processor.py:183} INFO - Processing /home/airflow/.local/lib/python3.8/site-packages/airflow/example_dags/example_time_delta_sensor_async.py took 0.052 seconds
[2026-05-03T00:11:42.724+0000] {processor.py:161} INFO - Started process (PID=2849) to work on /home/airflow/.local/lib/python3.8/site-packages/airflow/example_dags/example_time_delta_sensor_async.py
[2026-05-03T00:11:42.725+0000] {processor.py:830} INFO - Processing file /home/airflow/.local/lib/python3.8/site-packages/airflow/example_dags/example_time_delta_sensor_async.py for tasks to queue
[2026-05-03T00:11:42.726+0000] {logging_mixin.py:188} INFO - [2026-05-03T00:11:42.726+0000] {dagbag.py:540} INFO - Filling up the DagBag from /home/airflow/.local/lib/python3.8/site-packages/airflow/example_dags/example_time_delta_sensor_async.py
[2026-05-03T00:11:42.729+0000] {processor.py:840} INFO - DAG(s) 'example_time_delta_sensor_async' retrieved from /home/airflow/.local/lib/python3.8/site-packages/airflow/example_dags/example_time_delta_sensor_async.py
[2026-05-03T00:11:42.743+0000] {logging_mixin.py:188} INFO - [2026-05-03T00:11:42.743+0000] {dag.py:3047} INFO - Sync 1 DAGs
[2026-05-03T00:11:42.751+0000] {logging_mixin.py:188} INFO - [2026-05-03T00:11:42.751+0000] {dag.py:3834} INFO - Setting next_dagrun for example_time_delta_sensor_async to None, run_after=None
[2026-05-03T00:11:42.761+0000] {processor.py:183} INFO - Processing /home/airflow/.local/lib/python3.8/site-packages/airflow/example_dags/example_time_delta_sensor_async.py took 0.039 seconds
[2026-05-03T00:20:54.540+0000] {processor.py:161} INFO - Started process (PID=2905) to work on /home/airflow/.local/lib/python3.8/site-packages/airflow/example_dags/example_time_delta_sensor_async.py
[2026-05-03T00:20:54.540+0000] {processor.py:830} INFO - Processing file /home/airflow/.local/lib/python3.8/site-packages/airflow/example_dags/example_time_delta_sensor_async.py for tasks to queue
[2026-05-03T00:20:54.542+0000] {logging_mixin.py:188} INFO - [2026-05-03T00:20:54.541+0000] {dagbag.py:540} INFO - Filling up the DagBag from /home/airflow/.local/lib/python3.8/site-packages/airflow/example_dags/example_time_delta_sensor_async.py
[2026-05-03T00:20:54.545+0000] {processor.py:840} INFO - DAG(s) 'example_time_delta_sensor_async' retrieved from /home/airflow/.local/lib/python3.8/site-packages/airflow/example_dags/example_time_delta_sensor_async.py
[2026-05-03T00:20:54.559+0000] {logging_mixin.py:188} INFO - [2026-05-03T00:20:54.559+0000] {dag.py:3047} INFO - Sync 1 DAGs
[2026-05-03T00:20:54.567+0000] {logging_mixin.py:188} INFO - [2026-05-03T00:20:54.567+0000] {dag.py:3834} INFO - Setting next_dagrun for example_time_delta_sensor_async to None, run_after=None
[2026-05-03T00:20:54.577+0000] {processor.py:183} INFO - Processing /home/airflow/.local/lib/python3.8/site-packages/airflow/example_dags/example_time_delta_sensor_async.py took 0.040 seconds
[2026-05-03T00:26:55.007+0000] {processor.py:161} INFO - Started process (PID=2961) to work on /home/airflow/.local/lib/python3.8/site-packages/airflow/example_dags/example_time_delta_sensor_async.py
[2026-05-03T00:26:55.010+0000] {processor.py:830} INFO - Processing file /home/airflow/.local/lib/python3.8/site-packages/airflow/example_dags/example_time_delta_sensor_async.py for tasks to queue
[2026-05-03T00:26:55.014+0000] {logging_mixin.py:188} INFO - [2026-05-03T00:26:55.013+0000] {dagbag.py:540} INFO - Filling up the DagBag from /home/airflow/.local/lib/python3.8/site-packages/airflow/example_dags/example_time_delta_sensor_async.py
[2026-05-03T00:26:55.029+0000] {processor.py:840} INFO - DAG(s) 'example_time_delta_sensor_async' retrieved from /home/airflow/.local/lib/python3.8/site-packages/airflow/example_dags/example_time_delta_sensor_async.py
[2026-05-03T00:26:55.119+0000] {logging_mixin.py:188} INFO - [2026-05-03T00:26:55.118+0000] {dag.py:3047} INFO - Sync 1 DAGs
[2026-05-03T00:26:55.147+0000] {logging_mixin.py:188} INFO - [2026-05-03T00:26:55.147+0000] {dag.py:3834} INFO - Setting next_dagrun for example_time_delta_sensor_async to None, run_after=None
[2026-05-03T00:26:55.215+0000] {processor.py:183} INFO - Processing /home/airflow/.local/lib/python3.8/site-packages/airflow/example_dags/example_time_delta_sensor_async.py took 0.214 seconds
[2026-05-03T00:27:25.936+0000] {processor.py:161} INFO - Started process (PID=3017) to work on /home/airflow/.local/lib/python3.8/site-packages/airflow/example_dags/example_time_delta_sensor_async.py
[2026-05-03T00:27:25.937+0000] {processor.py:830} INFO - Processing file /home/airflow/.local/lib/python3.8/site-packages/airflow/example_dags/example_time_delta_sensor_async.py for tasks to queue
[2026-05-03T00:27:25.939+0000] {logging_mixin.py:188} INFO - [2026-05-03T00:27:25.938+0000] {dagbag.py:540} INFO - Filling up the DagBag from /home/airflow/.local/lib/python3.8/site-packages/airflow/example_dags/example_time_delta_sensor_async.py
[2026-05-03T00:27:25.942+0000] {processor.py:840} INFO - DAG(s) 'example_time_delta_sensor_async' retrieved from /home/airflow/.local/lib/python3.8/site-packages/airflow/example_dags/example_time_delta_sensor_async.py
[2026-05-03T00:27:25.957+0000] {logging_mixin.py:188} INFO - [2026-05-03T00:27:25.957+0000] {dag.py:3047} INFO - Sync 1 DAGs
[2026-05-03T00:27:25.965+0000] {logging_mixin.py:188} INFO - [2026-05-03T00:27:25.965+0000] {dag.py:3834} INFO - Setting next_dagrun for example_time_delta_sensor_async to None, run_after=None
[2026-05-03T00:27:25.976+0000] {processor.py:183} INFO - Processing /home/airflow/.local/lib/python3.8/site-packages/airflow/example_dags/example_time_delta_sensor_async.py took 0.042 seconds
[2026-05-03T00:27:56.288+0000] {processor.py:161} INFO - Started process (PID=3073) to work on /home/airflow/.local/lib/python3.8/site-packages/airflow/example_dags/example_time_delta_sensor_async.py
[2026-05-03T00:27:56.291+0000] {processor.py:830} INFO - Processing file /home/airflow/.local/lib/python3.8/site-packages/airflow/example_dags/example_time_delta_sensor_async.py for tasks to queue
[2026-05-03T00:27:56.295+0000] {logging_mixin.py:188} INFO - [2026-05-03T00:27:56.294+0000] {dagbag.py:540} INFO - Filling up the DagBag from /home/airflow/.local/lib/python3.8/site-packages/airflow/example_dags/example_time_delta_sensor_async.py
[2026-05-03T00:27:56.299+0000] {processor.py:840} INFO - DAG(s) 'example_time_delta_sensor_async' retrieved from /home/airflow/.local/lib/python3.8/site-packages/airflow/example_dags/example_time_delta_sensor_async.py
[2026-05-03T00:27:56.322+0000] {logging_mixin.py:188} INFO - [2026-05-03T00:27:56.322+0000] {dag.py:3047} INFO - Sync 1 DAGs
[2026-05-03T00:27:56.332+0000] {logging_mixin.py:188} INFO - [2026-05-03T00:27:56.332+0000] {dag.py:3834} INFO - Setting next_dagrun for example_time_delta_sensor_async to None, run_after=None
[2026-05-03T00:27:56.353+0000] {processor.py:183} INFO - Processing /home/airflow/.local/lib/python3.8/site-packages/airflow/example_dags/example_time_delta_sensor_async.py took 0.080 seconds
[2026-05-03T00:28:26.587+0000] {processor.py:161} INFO - Started process (PID=3129) to work on /home/airflow/.local/lib/python3.8/site-packages/airflow/example_dags/example_time_delta_sensor_async.py
[2026-05-03T00:28:26.591+0000] {processor.py:830} INFO - Processing file /home/airflow/.local/lib/python3.8/site-packages/airflow/example_dags/example_time_delta_sensor_async.py for tasks to queue
[2026-05-03T00:28:26.592+0000] {logging_mixin.py:188} INFO - [2026-05-03T00:28:26.592+0000] {dagbag.py:540} INFO - Filling up the DagBag from /home/airflow/.local/lib/python3.8/site-packages/airflow/example_dags/example_time_delta_sensor_async.py
[2026-05-03T00:28:26.595+0000] {processor.py:840} INFO - DAG(s) 'example_time_delta_sensor_async' retrieved from /home/airflow/.local/lib/python3.8/site-packages/airflow/example_dags/example_time_delta_sensor_async.py
[2026-05-03T00:28:26.615+0000] {logging_mixin.py:188} INFO - [2026-05-03T00:28:26.614+0000] {dag.py:3047} INFO - Sync 1 DAGs
[2026-05-03T00:28:26.626+0000] {logging_mixin.py:188} INFO - [2026-05-03T00:28:26.626+0000] {dag.py:3834} INFO - Setting next_dagrun for example_time_delta_sensor_async to None, run_after=None
[2026-05-03T00:28:26.637+0000] {processor.py:183} INFO - Processing /home/airflow/.local/lib/python3.8/site-packages/airflow/example_dags/example_time_delta_sensor_async.py took 0.053 seconds
[2026-05-03T00:28:56.912+0000] {processor.py:161} INFO - Started process (PID=3185) to work on /home/airflow/.local/lib/python3.8/site-packages/airflow/example_dags/example_time_delta_sensor_async.py
[2026-05-03T00:28:56.916+0000] {processor.py:830} INFO - Processing file /home/airflow/.local/lib/python3.8/site-packages/airflow/example_dags/example_time_delta_sensor_async.py for tasks to queue
[2026-05-03T00:28:56.917+0000] {logging_mixin.py:188} INFO - [2026-05-03T00:28:56.917+0000] {dagbag.py:540} INFO - Filling up the DagBag from /home/airflow/.local/lib/python3.8/site-packages/airflow/example_dags/example_time_delta_sensor_async.py
[2026-05-03T00:28:56.921+0000] {processor.py:840} INFO - DAG(s) 'example_time_delta_sensor_async' retrieved from /home/airflow/.local/lib/python3.8/site-packages/airflow/example_dags/example_time_delta_sensor_async.py
[2026-05-03T00:28:56.938+0000] {logging_mixin.py:188} INFO - [2026-05-03T00:28:56.938+0000] {dag.py:3047} INFO - Sync 1 DAGs
[2026-05-03T00:28:56.947+0000] {logging_mixin.py:188} INFO - [2026-05-03T00:28:56.947+0000] {dag.py:3834} INFO - Setting next_dagrun for example_time_delta_sensor_async to None, run_after=None
[2026-05-03T00:28:56.964+0000] {processor.py:183} INFO - Processing /home/airflow/.local/lib/python3.8/site-packages/airflow/example_dags/example_time_delta_sensor_async.py took 0.054 seconds
[2026-05-03T00:29:27.196+0000] {processor.py:161} INFO - Started process (PID=3241) to work on /home/airflow/.local/lib/python3.8/site-packages/airflow/example_dags/example_time_delta_sensor_async.py
[2026-05-03T00:29:27.200+0000] {processor.py:830} INFO - Processing file /home/airflow/.local/lib/python3.8/site-packages/airflow/example_dags/example_time_delta_sensor_async.py for tasks to queue
[2026-05-03T00:29:27.201+0000] {logging_mixin.py:188} INFO - [2026-05-03T00:29:27.201+0000] {dagbag.py:540} INFO - Filling up the DagBag from /home/airflow/.local/lib/python3.8/site-packages/airflow/example_dags/example_time_delta_sensor_async.py
[2026-05-03T00:29:27.205+0000] {processor.py:840} INFO - DAG(s) 'example_time_delta_sensor_async' retrieved from /home/airflow/.local/lib/python3.8/site-packages/airflow/example_dags/example_time_delta_sensor_async.py
[2026-05-03T00:29:27.223+0000] {logging_mixin.py:188} INFO - [2026-05-03T00:29:27.222+0000] {dag.py:3047} INFO - Sync 1 DAGs
[2026-05-03T00:29:27.238+0000] {logging_mixin.py:188} INFO - [2026-05-03T00:29:27.238+0000] {dag.py:3834} INFO - Setting next_dagrun for example_time_delta_sensor_async to None, run_after=None
[2026-05-03T00:29:27.252+0000] {processor.py:183} INFO - Processing /home/airflow/.local/lib/python3.8/site-packages/airflow/example_dags/example_time_delta_sensor_async.py took 0.058 seconds
[2026-05-03T00:29:57.531+0000] {processor.py:161} INFO - Started process (PID=3297) to work on /home/airflow/.local/lib/python3.8/site-packages/airflow/example_dags/example_time_delta_sensor_async.py
[2026-05-03T00:29:57.535+0000] {processor.py:830} INFO - Processing file /home/airflow/.local/lib/python3.8/site-packages/airflow/example_dags/example_time_delta_sensor_async.py for tasks to queue
[2026-05-03T00:29:57.537+0000] {logging_mixin.py:188} INFO - [2026-05-03T00:29:57.536+0000] {dagbag.py:540} INFO - Filling up the DagBag from /home/airflow/.local/lib/python3.8/site-packages/airflow/example_dags/example_time_delta_sensor_async.py
[2026-05-03T00:29:57.540+0000] {processor.py:840} INFO - DAG(s) 'example_time_delta_sensor_async' retrieved from /home/airflow/.local/lib/python3.8/site-packages/airflow/example_dags/example_time_delta_sensor_async.py
[2026-05-03T00:29:57.554+0000] {logging_mixin.py:188} INFO - [2026-05-03T00:29:57.554+0000] {dag.py:3047} INFO - Sync 1 DAGs
[2026-05-03T00:29:57.566+0000] {logging_mixin.py:188} INFO - [2026-05-03T00:29:57.565+0000] {dag.py:3834} INFO - Setting next_dagrun for example_time_delta_sensor_async to None, run_after=None
[2026-05-03T00:29:57.578+0000] {processor.py:183} INFO - Processing /home/airflow/.local/lib/python3.8/site-packages/airflow/example_dags/example_time_delta_sensor_async.py took 0.049 seconds
[2026-05-03T00:30:27.779+0000] {processor.py:161} INFO - Started process (PID=3353) to work on /home/airflow/.local/lib/python3.8/site-packages/airflow/example_dags/example_time_delta_sensor_async.py
[2026-05-03T00:30:27.780+0000] {processor.py:830} INFO - Processing file /home/airflow/.local/lib/python3.8/site-packages/airflow/example_dags/example_time_delta_sensor_async.py for tasks to queue
[2026-05-03T00:30:27.782+0000] {logging_mixin.py:188} INFO - [2026-05-03T00:30:27.782+0000] {dagbag.py:540} INFO - Filling up the DagBag from /home/airflow/.local/lib/python3.8/site-packages/airflow/example_dags/example_time_delta_sensor_async.py
[2026-05-03T00:30:27.785+0000] {processor.py:840} INFO - DAG(s) 'example_time_delta_sensor_async' retrieved from /home/airflow/.local/lib/python3.8/site-packages/airflow/example_dags/example_time_delta_sensor_async.py
[2026-05-03T00:30:27.799+0000] {logging_mixin.py:188} INFO - [2026-05-03T00:30:27.799+0000] {dag.py:3047} INFO - Sync 1 DAGs
[2026-05-03T00:30:27.810+0000] {logging_mixin.py:188} INFO - [2026-05-03T00:30:27.810+0000] {dag.py:3834} INFO - Setting next_dagrun for example_time_delta_sensor_async to None, run_after=None
[2026-05-03T00:30:27.830+0000] {processor.py:183} INFO - Processing /home/airflow/.local/lib/python3.8/site-packages/airflow/example_dags/example_time_delta_sensor_async.py took 0.055 seconds
[2026-05-03T00:30:57.965+0000] {processor.py:161} INFO - Started process (PID=3409) to work on /home/airflow/.local/lib/python3.8/site-packages/airflow/example_dags/example_time_delta_sensor_async.py
[2026-05-03T00:30:57.968+0000] {processor.py:830} INFO - Processing file /home/airflow/.local/lib/python3.8/site-packages/airflow/example_dags/example_time_delta_sensor_async.py for tasks to queue
[2026-05-03T00:30:57.970+0000] {logging_mixin.py:188} INFO - [2026-05-03T00:30:57.970+0000] {dagbag.py:540} INFO - Filling up the DagBag from /home/airflow/.local/lib/python3.8/site-packages/airflow/example_dags/example_time_delta_sensor_async.py
[2026-05-03T00:30:57.974+0000] {processor.py:840} INFO - DAG(s) 'example_time_delta_sensor_async' retrieved from /home/airflow/.local/lib/python3.8/site-packages/airflow/example_dags/example_time_delta_sensor_async.py
[2026-05-03T00:30:57.995+0000] {logging_mixin.py:188} INFO - [2026-05-03T00:30:57.994+0000] {dag.py:3047} INFO - Sync 1 DAGs
[2026-05-03T00:30:58.003+0000] {logging_mixin.py:188} INFO - [2026-05-03T00:30:58.003+0000] {dag.py:3834} INFO - Setting next_dagrun for example_time_delta_sensor_async to None, run_after=None
[2026-05-03T00:30:58.015+0000] {processor.py:183} INFO - Processing /home/airflow/.local/lib/python3.8/site-packages/airflow/example_dags/example_time_delta_sensor_async.py took 0.053 seconds
[2026-05-03T00:31:29.292+0000] {processor.py:161} INFO - Started process (PID=3465) to work on /home/airflow/.local/lib/python3.8/site-packages/airflow/example_dags/example_time_delta_sensor_async.py
[2026-05-03T00:31:29.293+0000] {processor.py:830} INFO - Processing file /home/airflow/.local/lib/python3.8/site-packages/airflow/example_dags/example_time_delta_sensor_async.py for tasks to queue
[2026-05-03T00:31:29.294+0000] {logging_mixin.py:188} INFO - [2026-05-03T00:31:29.294+0000] {dagbag.py:540} INFO - Filling up the DagBag from /home/airflow/.local/lib/python3.8/site-packages/airflow/example_dags/example_time_delta_sensor_async.py
[2026-05-03T00:31:29.298+0000] {processor.py:840} INFO - DAG(s) 'example_time_delta_sensor_async' retrieved from /home/airflow/.local/lib/python3.8/site-packages/airflow/example_dags/example_time_delta_sensor_async.py
[2026-05-03T00:31:29.313+0000] {logging_mixin.py:188} INFO - [2026-05-03T00:31:29.313+0000] {dag.py:3047} INFO - Sync 1 DAGs
[2026-05-03T00:31:29.322+0000] {logging_mixin.py:188} INFO - [2026-05-03T00:31:29.322+0000] {dag.py:3834} INFO - Setting next_dagrun for example_time_delta_sensor_async to None, run_after=None
[2026-05-03T00:31:29.335+0000] {processor.py:183} INFO - Processing /home/airflow/.local/lib/python3.8/site-packages/airflow/example_dags/example_time_delta_sensor_async.py took 0.046 seconds
[2026-05-03T00:31:59.875+0000] {processor.py:161} INFO - Started process (PID=3521) to work on /home/airflow/.local/lib/python3.8/site-packages/airflow/example_dags/example_time_delta_sensor_async.py
[2026-05-03T00:31:59.877+0000] {processor.py:830} INFO - Processing file /home/airflow/.local/lib/python3.8/site-packages/airflow/example_dags/example_time_delta_sensor_async.py for tasks to queue
[2026-05-03T00:31:59.878+0000] {logging_mixin.py:188} INFO - [2026-05-03T00:31:59.878+0000] {dagbag.py:540} INFO - Filling up the DagBag from /home/airflow/.local/lib/python3.8/site-packages/airflow/example_dags/example_time_delta_sensor_async.py
[2026-05-03T00:31:59.882+0000] {processor.py:840} INFO - DAG(s) 'example_time_delta_sensor_async' retrieved from /home/airflow/.local/lib/python3.8/site-packages/airflow/example_dags/example_time_delta_sensor_async.py
[2026-05-03T00:31:59.897+0000] {logging_mixin.py:188} INFO - [2026-05-03T00:31:59.897+0000] {dag.py:3047} INFO - Sync 1 DAGs
[2026-05-03T00:31:59.906+0000] {logging_mixin.py:188} INFO - [2026-05-03T00:31:59.906+0000] {dag.py:3834} INFO - Setting next_dagrun for example_time_delta_sensor_async to None, run_after=None
[2026-05-03T00:31:59.920+0000] {processor.py:183} INFO - Processing /home/airflow/.local/lib/python3.8/site-packages/airflow/example_dags/example_time_delta_sensor_async.py took 0.048 seconds
[2026-05-03T00:32:30.158+0000] {processor.py:161} INFO - Started process (PID=3577) to work on /home/airflow/.local/lib/python3.8/site-packages/airflow/example_dags/example_time_delta_sensor_async.py
[2026-05-03T00:32:30.159+0000] {processor.py:830} INFO - Processing file /home/airflow/.local/lib/python3.8/site-packages/airflow/example_dags/example_time_delta_sensor_async.py for tasks to queue
[2026-05-03T00:32:30.160+0000] {logging_mixin.py:188} INFO - [2026-05-03T00:32:30.160+0000] {dagbag.py:540} INFO - Filling up the DagBag from /home/airflow/.local/lib/python3.8/site-packages/airflow/example_dags/example_time_delta_sensor_async.py
[2026-05-03T00:32:30.165+0000] {processor.py:840} INFO - DAG(s) 'example_time_delta_sensor_async' retrieved from /home/airflow/.local/lib/python3.8/site-packages/airflow/example_dags/example_time_delta_sensor_async.py
[2026-05-03T00:32:30.179+0000] {logging_mixin.py:188} INFO - [2026-05-03T00:32:30.178+0000] {dag.py:3047} INFO - Sync 1 DAGs
[2026-05-03T00:32:30.187+0000] {logging_mixin.py:188} INFO - [2026-05-03T00:32:30.187+0000] {dag.py:3834} INFO - Setting next_dagrun for example_time_delta_sensor_async to None, run_after=None
[2026-05-03T00:32:30.199+0000] {processor.py:183} INFO - Processing /home/airflow/.local/lib/python3.8/site-packages/airflow/example_dags/example_time_delta_sensor_async.py took 0.043 seconds
[2026-05-03T00:33:00.372+0000] {processor.py:161} INFO - Started process (PID=3633) to work on /home/airflow/.local/lib/python3.8/site-packages/airflow/example_dags/example_time_delta_sensor_async.py
[2026-05-03T00:33:00.373+0000] {processor.py:830} INFO - Processing file /home/airflow/.local/lib/python3.8/site-packages/airflow/example_dags/example_time_delta_sensor_async.py for tasks to queue
[2026-05-03T00:33:00.374+0000] {logging_mixin.py:188} INFO - [2026-05-03T00:33:00.374+0000] {dagbag.py:540} INFO - Filling up the DagBag from /home/airflow/.local/lib/python3.8/site-packages/airflow/example_dags/example_time_delta_sensor_async.py
[2026-05-03T00:33:00.378+0000] {processor.py:840} INFO - DAG(s) 'example_time_delta_sensor_async' retrieved from /home/airflow/.local/lib/python3.8/site-packages/airflow/example_dags/example_time_delta_sensor_async.py
[2026-05-03T00:33:00.392+0000] {logging_mixin.py:188} INFO - [2026-05-03T00:33:00.392+0000] {dag.py:3047} INFO - Sync 1 DAGs
[2026-05-03T00:33:00.400+0000] {logging_mixin.py:188} INFO - [2026-05-03T00:33:00.400+0000] {dag.py:3834} INFO - Setting next_dagrun for example_time_delta_sensor_async to None, run_after=None
[2026-05-03T00:33:00.410+0000] {processor.py:183} INFO - Processing /home/airflow/.local/lib/python3.8/site-packages/airflow/example_dags/example_time_delta_sensor_async.py took 0.040 seconds
[2026-05-03T00:33:31.009+0000] {processor.py:161} INFO - Started process (PID=3689) to work on /home/airflow/.local/lib/python3.8/site-packages/airflow/example_dags/example_time_delta_sensor_async.py
[2026-05-03T00:33:31.010+0000] {processor.py:830} INFO - Processing file /home/airflow/.local/lib/python3.8/site-packages/airflow/example_dags/example_time_delta_sensor_async.py for tasks to queue
[2026-05-03T00:33:31.011+0000] {logging_mixin.py:188} INFO - [2026-05-03T00:33:31.011+0000] {dagbag.py:540} INFO - Filling up the DagBag from /home/airflow/.local/lib/python3.8/site-packages/airflow/example_dags/example_time_delta_sensor_async.py
[2026-05-03T00:33:31.016+0000] {processor.py:840} INFO - DAG(s) 'example_time_delta_sensor_async' retrieved from /home/airflow/.local/lib/python3.8/site-packages/airflow/example_dags/example_time_delta_sensor_async.py
[2026-05-03T00:33:31.038+0000] {logging_mixin.py:188} INFO - [2026-05-03T00:33:31.038+0000] {dag.py:3047} INFO - Sync 1 DAGs
[2026-05-03T00:33:31.047+0000] {logging_mixin.py:188} INFO - [2026-05-03T00:33:31.047+0000] {dag.py:3834} INFO - Setting next_dagrun for example_time_delta_sensor_async to None, run_after=None
[2026-05-03T00:33:31.060+0000] {processor.py:183} INFO - Processing /home/airflow/.local/lib/python3.8/site-packages/airflow/example_dags/example_time_delta_sensor_async.py took 0.054 seconds
[2026-05-03T00:34:01.536+0000] {processor.py:161} INFO - Started process (PID=3745) to work on /home/airflow/.local/lib/python3.8/site-packages/airflow/example_dags/example_time_delta_sensor_async.py
[2026-05-03T00:34:01.537+0000] {processor.py:830} INFO - Processing file /home/airflow/.local/lib/python3.8/site-packages/airflow/example_dags/example_time_delta_sensor_async.py for tasks to queue
[2026-05-03T00:34:01.538+0000] {logging_mixin.py:188} INFO - [2026-05-03T00:34:01.538+0000] {dagbag.py:540} INFO - Filling up the DagBag from /home/airflow/.local/lib/python3.8/site-packages/airflow/example_dags/example_time_delta_sensor_async.py
[2026-05-03T00:34:01.541+0000] {processor.py:840} INFO - DAG(s) 'example_time_delta_sensor_async' retrieved from /home/airflow/.local/lib/python3.8/site-packages/airflow/example_dags/example_time_delta_sensor_async.py
[2026-05-03T00:34:01.556+0000] {logging_mixin.py:188} INFO - [2026-05-03T00:34:01.555+0000] {dag.py:3047} INFO - Sync 1 DAGs
[2026-05-03T00:34:01.563+0000] {logging_mixin.py:188} INFO - [2026-05-03T00:34:01.563+0000] {dag.py:3834} INFO - Setting next_dagrun for example_time_delta_sensor_async to None, run_after=None
[2026-05-03T00:34:01.573+0000] {processor.py:183} INFO - Processing /home/airflow/.local/lib/python3.8/site-packages/airflow/example_dags/example_time_delta_sensor_async.py took 0.040 seconds
[2026-05-03T00:34:31.787+0000] {processor.py:161} INFO - Started process (PID=3801) to work on /home/airflow/.local/lib/python3.8/site-packages/airflow/example_dags/example_time_delta_sensor_async.py
[2026-05-03T00:34:31.789+0000] {processor.py:830} INFO - Processing file /home/airflow/.local/lib/python3.8/site-packages/airflow/example_dags/example_time_delta_sensor_async.py for tasks to queue
[2026-05-03T00:34:31.794+0000] {logging_mixin.py:188} INFO - [2026-05-03T00:34:31.794+0000] {dagbag.py:540} INFO - Filling up the DagBag from /home/airflow/.local/lib/python3.8/site-packages/airflow/example_dags/example_time_delta_sensor_async.py
[2026-05-03T00:34:31.798+0000] {processor.py:840} INFO - DAG(s) 'example_time_delta_sensor_async' retrieved from /home/airflow/.local/lib/python3.8/site-packages/airflow/example_dags/example_time_delta_sensor_async.py
[2026-05-03T00:34:31.815+0000] {logging_mixin.py:188} INFO - [2026-05-03T00:34:31.815+0000] {dag.py:3047} INFO - Sync 1 DAGs
[2026-05-03T00:34:31.827+0000] {logging_mixin.py:188} INFO - [2026-05-03T00:34:31.827+0000] {dag.py:3834} INFO - Setting next_dagrun for example_time_delta_sensor_async to None, run_after=None
[2026-05-03T00:34:31.837+0000] {processor.py:183} INFO - Processing /home/airflow/.local/lib/python3.8/site-packages/airflow/example_dags/example_time_delta_sensor_async.py took 0.053 seconds
[2026-05-03T00:35:01.951+0000] {processor.py:161} INFO - Started process (PID=3857) to work on /home/airflow/.local/lib/python3.8/site-packages/airflow/example_dags/example_time_delta_sensor_async.py
[2026-05-03T00:35:01.952+0000] {processor.py:830} INFO - Processing file /home/airflow/.local/lib/python3.8/site-packages/airflow/example_dags/example_time_delta_sensor_async.py for tasks to queue
[2026-05-03T00:35:01.953+0000] {logging_mixin.py:188} INFO - [2026-05-03T00:35:01.953+0000] {dagbag.py:540} INFO - Filling up the DagBag from /home/airflow/.local/lib/python3.8/site-packages/airflow/example_dags/example_time_delta_sensor_async.py
[2026-05-03T00:35:01.956+0000] {processor.py:840} INFO - DAG(s) 'example_time_delta_sensor_async' retrieved from /home/airflow/.local/lib/python3.8/site-packages/airflow/example_dags/example_time_delta_sensor_async.py
[2026-05-03T00:35:01.971+0000] {logging_mixin.py:188} INFO - [2026-05-03T00:35:01.971+0000] {dag.py:3047} INFO - Sync 1 DAGs
[2026-05-03T00:35:01.978+0000] {logging_mixin.py:188} INFO - [2026-05-03T00:35:01.978+0000] {dag.py:3834} INFO - Setting next_dagrun for example_time_delta_sensor_async to None, run_after=None
[2026-05-03T00:35:01.991+0000] {processor.py:183} INFO - Processing /home/airflow/.local/lib/python3.8/site-packages/airflow/example_dags/example_time_delta_sensor_async.py took 0.042 seconds
[2026-05-03T00:35:32.344+0000] {processor.py:161} INFO - Started process (PID=3913) to work on /home/airflow/.local/lib/python3.8/site-packages/airflow/example_dags/example_time_delta_sensor_async.py
[2026-05-03T00:35:32.345+0000] {processor.py:830} INFO - Processing file /home/airflow/.local/lib/python3.8/site-packages/airflow/example_dags/example_time_delta_sensor_async.py for tasks to queue
[2026-05-03T00:35:32.347+0000] {logging_mixin.py:188} INFO - [2026-05-03T00:35:32.346+0000] {dagbag.py:540} INFO - Filling up the DagBag from /home/airflow/.local/lib/python3.8/site-packages/airflow/example_dags/example_time_delta_sensor_async.py
[2026-05-03T00:35:32.350+0000] {processor.py:840} INFO - DAG(s) 'example_time_delta_sensor_async' retrieved from /home/airflow/.local/lib/python3.8/site-packages/airflow/example_dags/example_time_delta_sensor_async.py
[2026-05-03T00:35:32.370+0000] {logging_mixin.py:188} INFO - [2026-05-03T00:35:32.369+0000] {dag.py:3047} INFO - Sync 1 DAGs
[2026-05-03T00:35:32.380+0000] {logging_mixin.py:188} INFO - [2026-05-03T00:35:32.380+0000] {dag.py:3834} INFO - Setting next_dagrun for example_time_delta_sensor_async to None, run_after=None
[2026-05-03T00:35:32.396+0000] {processor.py:183} INFO - Processing /home/airflow/.local/lib/python3.8/site-packages/airflow/example_dags/example_time_delta_sensor_async.py took 0.053 seconds
[2026-05-03T00:36:03.046+0000] {processor.py:161} INFO - Started process (PID=3969) to work on /home/airflow/.local/lib/python3.8/site-packages/airflow/example_dags/example_time_delta_sensor_async.py
[2026-05-03T00:36:03.047+0000] {processor.py:830} INFO - Processing file /home/airflow/.local/lib/python3.8/site-packages/airflow/example_dags/example_time_delta_sensor_async.py for tasks to queue
[2026-05-03T00:36:03.048+0000] {logging_mixin.py:188} INFO - [2026-05-03T00:36:03.048+0000] {dagbag.py:540} INFO - Filling up the DagBag from /home/airflow/.local/lib/python3.8/site-packages/airflow/example_dags/example_time_delta_sensor_async.py
[2026-05-03T00:36:03.052+0000] {processor.py:840} INFO - DAG(s) 'example_time_delta_sensor_async' retrieved from /home/airflow/.local/lib/python3.8/site-packages/airflow/example_dags/example_time_delta_sensor_async.py
[2026-05-03T00:36:03.072+0000] {logging_mixin.py:188} INFO - [2026-05-03T00:36:03.072+0000] {dag.py:3047} INFO - Sync 1 DAGs
[2026-05-03T00:36:03.079+0000] {logging_mixin.py:188} INFO - [2026-05-03T00:36:03.079+0000] {dag.py:3834} INFO - Setting next_dagrun for example_time_delta_sensor_async to None, run_after=None
[2026-05-03T00:36:03.098+0000] {processor.py:183} INFO - Processing /home/airflow/.local/lib/python3.8/site-packages/airflow/example_dags/example_time_delta_sensor_async.py took 0.054 seconds
[2026-05-03T00:36:33.304+0000] {processor.py:161} INFO - Started process (PID=4025) to work on /home/airflow/.local/lib/python3.8/site-packages/airflow/example_dags/example_time_delta_sensor_async.py
[2026-05-03T00:36:33.305+0000] {processor.py:830} INFO - Processing file /home/airflow/.local/lib/python3.8/site-packages/airflow/example_dags/example_time_delta_sensor_async.py for tasks to queue
[2026-05-03T00:36:33.307+0000] {logging_mixin.py:188} INFO - [2026-05-03T00:36:33.306+0000] {dagbag.py:540} INFO - Filling up the DagBag from /home/airflow/.local/lib/python3.8/site-packages/airflow/example_dags/example_time_delta_sensor_async.py
[2026-05-03T00:36:33.310+0000] {processor.py:840} INFO - DAG(s) 'example_time_delta_sensor_async' retrieved from /home/airflow/.local/lib/python3.8/site-packages/airflow/example_dags/example_time_delta_sensor_async.py
[2026-05-03T00:36:33.328+0000] {logging_mixin.py:188} INFO - [2026-05-03T00:36:33.328+0000] {dag.py:3047} INFO - Sync 1 DAGs
[2026-05-03T00:36:33.337+0000] {logging_mixin.py:188} INFO - [2026-05-03T00:36:33.337+0000] {dag.py:3834} INFO - Setting next_dagrun for example_time_delta_sensor_async to None, run_after=None
[2026-05-03T00:36:33.350+0000] {processor.py:183} INFO - Processing /home/airflow/.local/lib/python3.8/site-packages/airflow/example_dags/example_time_delta_sensor_async.py took 0.048 seconds
[2026-05-03T00:37:03.726+0000] {processor.py:161} INFO - Started process (PID=4081) to work on /home/airflow/.local/lib/python3.8/site-packages/airflow/example_dags/example_time_delta_sensor_async.py
[2026-05-03T00:37:03.728+0000] {processor.py:830} INFO - Processing file /home/airflow/.local/lib/python3.8/site-packages/airflow/example_dags/example_time_delta_sensor_async.py for tasks to queue
[2026-05-03T00:37:03.729+0000] {logging_mixin.py:188} INFO - [2026-05-03T00:37:03.729+0000] {dagbag.py:540} INFO - Filling up the DagBag from /home/airflow/.local/lib/python3.8/site-packages/airflow/example_dags/example_time_delta_sensor_async.py
[2026-05-03T00:37:03.733+0000] {processor.py:840} INFO - DAG(s) 'example_time_delta_sensor_async' retrieved from /home/airflow/.local/lib/python3.8/site-packages/airflow/example_dags/example_time_delta_sensor_async.py
[2026-05-03T00:37:03.748+0000] {logging_mixin.py:188} INFO - [2026-05-03T00:37:03.748+0000] {dag.py:3047} INFO - Sync 1 DAGs
[2026-05-03T00:37:03.756+0000] {logging_mixin.py:188} INFO - [2026-05-03T00:37:03.755+0000] {dag.py:3834} INFO - Setting next_dagrun for example_time_delta_sensor_async to None, run_after=None
[2026-05-03T00:37:03.773+0000] {processor.py:183} INFO - Processing /home/airflow/.local/lib/python3.8/site-packages/airflow/example_dags/example_time_delta_sensor_async.py took 0.049 seconds
[2026-05-03T00:37:34.300+0000] {processor.py:161} INFO - Started process (PID=4137) to work on /home/airflow/.local/lib/python3.8/site-packages/airflow/example_dags/example_time_delta_sensor_async.py
[2026-05-03T00:37:34.301+0000] {processor.py:830} INFO - Processing file /home/airflow/.local/lib/python3.8/site-packages/airflow/example_dags/example_time_delta_sensor_async.py for tasks to queue
[2026-05-03T00:37:34.303+0000] {logging_mixin.py:188} INFO - [2026-05-03T00:37:34.302+0000] {dagbag.py:540} INFO - Filling up the DagBag from /home/airflow/.local/lib/python3.8/site-packages/airflow/example_dags/example_time_delta_sensor_async.py
[2026-05-03T00:37:34.306+0000] {processor.py:840} INFO - DAG(s) 'example_time_delta_sensor_async' retrieved from /home/airflow/.local/lib/python3.8/site-packages/airflow/example_dags/example_time_delta_sensor_async.py
[2026-05-03T00:37:34.322+0000] {logging_mixin.py:188} INFO - [2026-05-03T00:37:34.322+0000] {dag.py:3047} INFO - Sync 1 DAGs
[2026-05-03T00:37:34.333+0000] {logging_mixin.py:188} INFO - [2026-05-03T00:37:34.333+0000] {dag.py:3834} INFO - Setting next_dagrun for example_time_delta_sensor_async to None, run_after=None
[2026-05-03T00:37:34.349+0000] {processor.py:183} INFO - Processing /home/airflow/.local/lib/python3.8/site-packages/airflow/example_dags/example_time_delta_sensor_async.py took 0.052 seconds
[2026-05-03T00:38:04.719+0000] {processor.py:161} INFO - Started process (PID=4193) to work on /home/airflow/.local/lib/python3.8/site-packages/airflow/example_dags/example_time_delta_sensor_async.py
[2026-05-03T00:38:04.720+0000] {processor.py:830} INFO - Processing file /home/airflow/.local/lib/python3.8/site-packages/airflow/example_dags/example_time_delta_sensor_async.py for tasks to queue
[2026-05-03T00:38:04.722+0000] {logging_mixin.py:188} INFO - [2026-05-03T00:38:04.721+0000] {dagbag.py:540} INFO - Filling up the DagBag from /home/airflow/.local/lib/python3.8/site-packages/airflow/example_dags/example_time_delta_sensor_async.py
[2026-05-03T00:38:04.725+0000] {processor.py:840} INFO - DAG(s) 'example_time_delta_sensor_async' retrieved from /home/airflow/.local/lib/python3.8/site-packages/airflow/example_dags/example_time_delta_sensor_async.py
[2026-05-03T00:38:04.742+0000] {logging_mixin.py:188} INFO - [2026-05-03T00:38:04.742+0000] {dag.py:3047} INFO - Sync 1 DAGs
[2026-05-03T00:38:04.750+0000] {logging_mixin.py:188} INFO - [2026-05-03T00:38:04.750+0000] {dag.py:3834} INFO - Setting next_dagrun for example_time_delta_sensor_async to None, run_after=None
[2026-05-03T00:38:04.761+0000] {processor.py:183} INFO - Processing /home/airflow/.local/lib/python3.8/site-packages/airflow/example_dags/example_time_delta_sensor_async.py took 0.044 seconds
[2026-05-03T00:38:35.193+0000] {processor.py:161} INFO - Started process (PID=4249) to work on /home/airflow/.local/lib/python3.8/site-packages/airflow/example_dags/example_time_delta_sensor_async.py
[2026-05-03T00:38:35.196+0000] {processor.py:830} INFO - Processing file /home/airflow/.local/lib/python3.8/site-packages/airflow/example_dags/example_time_delta_sensor_async.py for tasks to queue
[2026-05-03T00:38:35.197+0000] {logging_mixin.py:188} INFO - [2026-05-03T00:38:35.197+0000] {dagbag.py:540} INFO - Filling up the DagBag from /home/airflow/.local/lib/python3.8/site-packages/airflow/example_dags/example_time_delta_sensor_async.py
[2026-05-03T00:38:35.201+0000] {processor.py:840} INFO - DAG(s) 'example_time_delta_sensor_async' retrieved from /home/airflow/.local/lib/python3.8/site-packages/airflow/example_dags/example_time_delta_sensor_async.py
[2026-05-03T00:38:35.224+0000] {logging_mixin.py:188} INFO - [2026-05-03T00:38:35.224+0000] {dag.py:3047} INFO - Sync 1 DAGs
[2026-05-03T00:38:35.232+0000] {logging_mixin.py:188} INFO - [2026-05-03T00:38:35.232+0000] {dag.py:3834} INFO - Setting next_dagrun for example_time_delta_sensor_async to None, run_after=None
[2026-05-03T00:38:35.245+0000] {processor.py:183} INFO - Processing /home/airflow/.local/lib/python3.8/site-packages/airflow/example_dags/example_time_delta_sensor_async.py took 0.055 seconds
[2026-05-03T00:39:05.513+0000] {processor.py:161} INFO - Started process (PID=4305) to work on /home/airflow/.local/lib/python3.8/site-packages/airflow/example_dags/example_time_delta_sensor_async.py
[2026-05-03T00:39:05.514+0000] {processor.py:830} INFO - Processing file /home/airflow/.local/lib/python3.8/site-packages/airflow/example_dags/example_time_delta_sensor_async.py for tasks to queue
[2026-05-03T00:39:05.515+0000] {logging_mixin.py:188} INFO - [2026-05-03T00:39:05.515+0000] {dagbag.py:540} INFO - Filling up the DagBag from /home/airflow/.local/lib/python3.8/site-packages/airflow/example_dags/example_time_delta_sensor_async.py
[2026-05-03T00:39:05.518+0000] {processor.py:840} INFO - DAG(s) 'example_time_delta_sensor_async' retrieved from /home/airflow/.local/lib/python3.8/site-packages/airflow/example_dags/example_time_delta_sensor_async.py
[2026-05-03T00:39:05.534+0000] {logging_mixin.py:188} INFO - [2026-05-03T00:39:05.533+0000] {dag.py:3047} INFO - Sync 1 DAGs
[2026-05-03T00:39:05.541+0000] {logging_mixin.py:188} INFO - [2026-05-03T00:39:05.541+0000] {dag.py:3834} INFO - Setting next_dagrun for example_time_delta_sensor_async to None, run_after=None
[2026-05-03T00:39:05.557+0000] {processor.py:183} INFO - Processing /home/airflow/.local/lib/python3.8/site-packages/airflow/example_dags/example_time_delta_sensor_async.py took 0.047 seconds
[2026-05-03T00:39:36.153+0000] {processor.py:161} INFO - Started process (PID=4361) to work on /home/airflow/.local/lib/python3.8/site-packages/airflow/example_dags/example_time_delta_sensor_async.py
[2026-05-03T00:39:36.155+0000] {processor.py:830} INFO - Processing file /home/airflow/.local/lib/python3.8/site-packages/airflow/example_dags/example_time_delta_sensor_async.py for tasks to queue
[2026-05-03T00:39:36.157+0000] {logging_mixin.py:188} INFO - [2026-05-03T00:39:36.157+0000] {dagbag.py:540} INFO - Filling up the DagBag from /home/airflow/.local/lib/python3.8/site-packages/airflow/example_dags/example_time_delta_sensor_async.py
[2026-05-03T00:39:36.162+0000] {processor.py:840} INFO - DAG(s) 'example_time_delta_sensor_async' retrieved from /home/airflow/.local/lib/python3.8/site-packages/airflow/example_dags/example_time_delta_sensor_async.py
[2026-05-03T00:39:36.182+0000] {logging_mixin.py:188} INFO - [2026-05-03T00:39:36.181+0000] {dag.py:3047} INFO - Sync 1 DAGs
[2026-05-03T00:39:36.193+0000] {logging_mixin.py:188} INFO - [2026-05-03T00:39:36.192+0000] {dag.py:3834} INFO - Setting next_dagrun for example_time_delta_sensor_async to None, run_after=None
[2026-05-03T00:39:36.209+0000] {processor.py:183} INFO - Processing /home/airflow/.local/lib/python3.8/site-packages/airflow/example_dags/example_time_delta_sensor_async.py took 0.059 seconds
