[2026-05-03T00:01:59.617+0000] {processor.py:161} INFO - Started process (PID=2755) to work on /home/airflow/.local/lib/python3.8/site-packages/airflow/example_dags/example_sensor_decorator.py
[2026-05-03T00:01:59.619+0000] {processor.py:830} INFO - Processing file /home/airflow/.local/lib/python3.8/site-packages/airflow/example_dags/example_sensor_decorator.py for tasks to queue
[2026-05-03T00:01:59.626+0000] {logging_mixin.py:188} INFO - [2026-05-03T00:01:59.625+0000] {dagbag.py:540} INFO - Filling up the DagBag from /home/airflow/.local/lib/python3.8/site-packages/airflow/example_dags/example_sensor_decorator.py
[2026-05-03T00:01:59.642+0000] {processor.py:840} INFO - DAG(s) 'example_sensor_decorator' retrieved from /home/airflow/.local/lib/python3.8/site-packages/airflow/example_dags/example_sensor_decorator.py
[2026-05-03T00:01:59.692+0000] {logging_mixin.py:188} INFO - [2026-05-03T00:01:59.692+0000] {dag.py:3047} INFO - Sync 1 DAGs
[2026-05-03T00:01:59.711+0000] {logging_mixin.py:188} INFO - [2026-05-03T00:01:59.710+0000] {dag.py:3834} INFO - Setting next_dagrun for example_sensor_decorator to None, run_after=None
[2026-05-03T00:01:59.748+0000] {processor.py:183} INFO - Processing /home/airflow/.local/lib/python3.8/site-packages/airflow/example_dags/example_sensor_decorator.py took 0.137 seconds
[2026-05-03T00:11:41.092+0000] {processor.py:161} INFO - Started process (PID=2811) to work on /home/airflow/.local/lib/python3.8/site-packages/airflow/example_dags/example_sensor_decorator.py
[2026-05-03T00:11:41.097+0000] {processor.py:830} INFO - Processing file /home/airflow/.local/lib/python3.8/site-packages/airflow/example_dags/example_sensor_decorator.py for tasks to queue
[2026-05-03T00:11:41.121+0000] {logging_mixin.py:188} INFO - [2026-05-03T00:11:41.118+0000] {dagbag.py:540} INFO - Filling up the DagBag from /home/airflow/.local/lib/python3.8/site-packages/airflow/example_dags/example_sensor_decorator.py
[2026-05-03T00:11:41.150+0000] {processor.py:840} INFO - DAG(s) 'example_sensor_decorator' retrieved from /home/airflow/.local/lib/python3.8/site-packages/airflow/example_dags/example_sensor_decorator.py
[2026-05-03T00:11:41.225+0000] {logging_mixin.py:188} INFO - [2026-05-03T00:11:41.224+0000] {dag.py:3047} INFO - Sync 1 DAGs
[2026-05-03T00:11:41.253+0000] {logging_mixin.py:188} INFO - [2026-05-03T00:11:41.252+0000] {dag.py:3834} INFO - Setting next_dagrun for example_sensor_decorator to None, run_after=None
[2026-05-03T00:11:41.294+0000] {processor.py:183} INFO - Processing /home/airflow/.local/lib/python3.8/site-packages/airflow/example_dags/example_sensor_decorator.py took 0.231 seconds
[2026-05-03T00:20:52.290+0000] {processor.py:161} INFO - Started process (PID=2867) to work on /home/airflow/.local/lib/python3.8/site-packages/airflow/example_dags/example_sensor_decorator.py
[2026-05-03T00:20:52.291+0000] {processor.py:830} INFO - Processing file /home/airflow/.local/lib/python3.8/site-packages/airflow/example_dags/example_sensor_decorator.py for tasks to queue
[2026-05-03T00:20:52.295+0000] {logging_mixin.py:188} INFO - [2026-05-03T00:20:52.295+0000] {dagbag.py:540} INFO - Filling up the DagBag from /home/airflow/.local/lib/python3.8/site-packages/airflow/example_dags/example_sensor_decorator.py
[2026-05-03T00:20:52.310+0000] {processor.py:840} INFO - DAG(s) 'example_sensor_decorator' retrieved from /home/airflow/.local/lib/python3.8/site-packages/airflow/example_dags/example_sensor_decorator.py
[2026-05-03T00:20:52.336+0000] {logging_mixin.py:188} INFO - [2026-05-03T00:20:52.336+0000] {dag.py:3047} INFO - Sync 1 DAGs
[2026-05-03T00:20:52.356+0000] {logging_mixin.py:188} INFO - [2026-05-03T00:20:52.356+0000] {dag.py:3834} INFO - Setting next_dagrun for example_sensor_decorator to None, run_after=None
[2026-05-03T00:20:52.373+0000] {processor.py:183} INFO - Processing /home/airflow/.local/lib/python3.8/site-packages/airflow/example_dags/example_sensor_decorator.py took 0.087 seconds
[2026-05-03T00:26:52.352+0000] {processor.py:161} INFO - Started process (PID=2923) to work on /home/airflow/.local/lib/python3.8/site-packages/airflow/example_dags/example_sensor_decorator.py
[2026-05-03T00:26:52.356+0000] {processor.py:830} INFO - Processing file /home/airflow/.local/lib/python3.8/site-packages/airflow/example_dags/example_sensor_decorator.py for tasks to queue
[2026-05-03T00:26:52.358+0000] {logging_mixin.py:188} INFO - [2026-05-03T00:26:52.358+0000] {dagbag.py:540} INFO - Filling up the DagBag from /home/airflow/.local/lib/python3.8/site-packages/airflow/example_dags/example_sensor_decorator.py
[2026-05-03T00:26:52.369+0000] {processor.py:840} INFO - DAG(s) 'example_sensor_decorator' retrieved from /home/airflow/.local/lib/python3.8/site-packages/airflow/example_dags/example_sensor_decorator.py
[2026-05-03T00:26:52.392+0000] {logging_mixin.py:188} INFO - [2026-05-03T00:26:52.392+0000] {dag.py:3047} INFO - Sync 1 DAGs
[2026-05-03T00:26:52.405+0000] {logging_mixin.py:188} INFO - [2026-05-03T00:26:52.405+0000] {dag.py:3834} INFO - Setting next_dagrun for example_sensor_decorator to None, run_after=None
[2026-05-03T00:26:52.435+0000] {processor.py:183} INFO - Processing /home/airflow/.local/lib/python3.8/site-packages/airflow/example_dags/example_sensor_decorator.py took 0.085 seconds
[2026-05-03T00:27:22.575+0000] {processor.py:161} INFO - Started process (PID=2979) to work on /home/airflow/.local/lib/python3.8/site-packages/airflow/example_dags/example_sensor_decorator.py
[2026-05-03T00:27:22.576+0000] {processor.py:830} INFO - Processing file /home/airflow/.local/lib/python3.8/site-packages/airflow/example_dags/example_sensor_decorator.py for tasks to queue
[2026-05-03T00:27:22.578+0000] {logging_mixin.py:188} INFO - [2026-05-03T00:27:22.577+0000] {dagbag.py:540} INFO - Filling up the DagBag from /home/airflow/.local/lib/python3.8/site-packages/airflow/example_dags/example_sensor_decorator.py
[2026-05-03T00:27:22.584+0000] {processor.py:840} INFO - DAG(s) 'example_sensor_decorator' retrieved from /home/airflow/.local/lib/python3.8/site-packages/airflow/example_dags/example_sensor_decorator.py
[2026-05-03T00:27:22.601+0000] {logging_mixin.py:188} INFO - [2026-05-03T00:27:22.601+0000] {dag.py:3047} INFO - Sync 1 DAGs
[2026-05-03T00:27:22.610+0000] {logging_mixin.py:188} INFO - [2026-05-03T00:27:22.610+0000] {dag.py:3834} INFO - Setting next_dagrun for example_sensor_decorator to None, run_after=None
[2026-05-03T00:27:22.621+0000] {processor.py:183} INFO - Processing /home/airflow/.local/lib/python3.8/site-packages/airflow/example_dags/example_sensor_decorator.py took 0.049 seconds
[2026-05-03T00:27:53.484+0000] {processor.py:161} INFO - Started process (PID=3035) to work on /home/airflow/.local/lib/python3.8/site-packages/airflow/example_dags/example_sensor_decorator.py
[2026-05-03T00:27:53.484+0000] {processor.py:830} INFO - Processing file /home/airflow/.local/lib/python3.8/site-packages/airflow/example_dags/example_sensor_decorator.py for tasks to queue
[2026-05-03T00:27:53.490+0000] {logging_mixin.py:188} INFO - [2026-05-03T00:27:53.489+0000] {dagbag.py:540} INFO - Filling up the DagBag from /home/airflow/.local/lib/python3.8/site-packages/airflow/example_dags/example_sensor_decorator.py
[2026-05-03T00:27:53.494+0000] {processor.py:840} INFO - DAG(s) 'example_sensor_decorator' retrieved from /home/airflow/.local/lib/python3.8/site-packages/airflow/example_dags/example_sensor_decorator.py
[2026-05-03T00:27:53.514+0000] {logging_mixin.py:188} INFO - [2026-05-03T00:27:53.513+0000] {dag.py:3047} INFO - Sync 1 DAGs
[2026-05-03T00:27:53.527+0000] {logging_mixin.py:188} INFO - [2026-05-03T00:27:53.527+0000] {dag.py:3834} INFO - Setting next_dagrun for example_sensor_decorator to None, run_after=None
[2026-05-03T00:27:53.544+0000] {processor.py:183} INFO - Processing /home/airflow/.local/lib/python3.8/site-packages/airflow/example_dags/example_sensor_decorator.py took 0.064 seconds
[2026-05-03T00:28:23.874+0000] {processor.py:161} INFO - Started process (PID=3091) to work on /home/airflow/.local/lib/python3.8/site-packages/airflow/example_dags/example_sensor_decorator.py
[2026-05-03T00:28:23.876+0000] {processor.py:830} INFO - Processing file /home/airflow/.local/lib/python3.8/site-packages/airflow/example_dags/example_sensor_decorator.py for tasks to queue
[2026-05-03T00:28:23.879+0000] {logging_mixin.py:188} INFO - [2026-05-03T00:28:23.879+0000] {dagbag.py:540} INFO - Filling up the DagBag from /home/airflow/.local/lib/python3.8/site-packages/airflow/example_dags/example_sensor_decorator.py
[2026-05-03T00:28:23.890+0000] {processor.py:840} INFO - DAG(s) 'example_sensor_decorator' retrieved from /home/airflow/.local/lib/python3.8/site-packages/airflow/example_dags/example_sensor_decorator.py
[2026-05-03T00:28:23.911+0000] {logging_mixin.py:188} INFO - [2026-05-03T00:28:23.911+0000] {dag.py:3047} INFO - Sync 1 DAGs
[2026-05-03T00:28:23.926+0000] {logging_mixin.py:188} INFO - [2026-05-03T00:28:23.926+0000] {dag.py:3834} INFO - Setting next_dagrun for example_sensor_decorator to None, run_after=None
[2026-05-03T00:28:23.945+0000] {processor.py:183} INFO - Processing /home/airflow/.local/lib/python3.8/site-packages/airflow/example_dags/example_sensor_decorator.py took 0.075 seconds
[2026-05-03T00:28:54.161+0000] {processor.py:161} INFO - Started process (PID=3147) to work on /home/airflow/.local/lib/python3.8/site-packages/airflow/example_dags/example_sensor_decorator.py
[2026-05-03T00:28:54.166+0000] {processor.py:830} INFO - Processing file /home/airflow/.local/lib/python3.8/site-packages/airflow/example_dags/example_sensor_decorator.py for tasks to queue
[2026-05-03T00:28:54.168+0000] {logging_mixin.py:188} INFO - [2026-05-03T00:28:54.167+0000] {dagbag.py:540} INFO - Filling up the DagBag from /home/airflow/.local/lib/python3.8/site-packages/airflow/example_dags/example_sensor_decorator.py
[2026-05-03T00:28:54.172+0000] {processor.py:840} INFO - DAG(s) 'example_sensor_decorator' retrieved from /home/airflow/.local/lib/python3.8/site-packages/airflow/example_dags/example_sensor_decorator.py
[2026-05-03T00:28:54.191+0000] {logging_mixin.py:188} INFO - [2026-05-03T00:28:54.191+0000] {dag.py:3047} INFO - Sync 1 DAGs
[2026-05-03T00:28:54.199+0000] {logging_mixin.py:188} INFO - [2026-05-03T00:28:54.199+0000] {dag.py:3834} INFO - Setting next_dagrun for example_sensor_decorator to None, run_after=None
[2026-05-03T00:28:54.216+0000] {processor.py:183} INFO - Processing /home/airflow/.local/lib/python3.8/site-packages/airflow/example_dags/example_sensor_decorator.py took 0.057 seconds
[2026-05-03T00:29:24.456+0000] {processor.py:161} INFO - Started process (PID=3203) to work on /home/airflow/.local/lib/python3.8/site-packages/airflow/example_dags/example_sensor_decorator.py
[2026-05-03T00:29:24.457+0000] {processor.py:830} INFO - Processing file /home/airflow/.local/lib/python3.8/site-packages/airflow/example_dags/example_sensor_decorator.py for tasks to queue
[2026-05-03T00:29:24.459+0000] {logging_mixin.py:188} INFO - [2026-05-03T00:29:24.459+0000] {dagbag.py:540} INFO - Filling up the DagBag from /home/airflow/.local/lib/python3.8/site-packages/airflow/example_dags/example_sensor_decorator.py
[2026-05-03T00:29:24.468+0000] {processor.py:840} INFO - DAG(s) 'example_sensor_decorator' retrieved from /home/airflow/.local/lib/python3.8/site-packages/airflow/example_dags/example_sensor_decorator.py
[2026-05-03T00:29:24.487+0000] {logging_mixin.py:188} INFO - [2026-05-03T00:29:24.486+0000] {dag.py:3047} INFO - Sync 1 DAGs
[2026-05-03T00:29:24.497+0000] {logging_mixin.py:188} INFO - [2026-05-03T00:29:24.497+0000] {dag.py:3834} INFO - Setting next_dagrun for example_sensor_decorator to None, run_after=None
[2026-05-03T00:29:24.515+0000] {processor.py:183} INFO - Processing /home/airflow/.local/lib/python3.8/site-packages/airflow/example_dags/example_sensor_decorator.py took 0.063 seconds
[2026-05-03T00:29:54.803+0000] {processor.py:161} INFO - Started process (PID=3259) to work on /home/airflow/.local/lib/python3.8/site-packages/airflow/example_dags/example_sensor_decorator.py
[2026-05-03T00:29:54.804+0000] {processor.py:830} INFO - Processing file /home/airflow/.local/lib/python3.8/site-packages/airflow/example_dags/example_sensor_decorator.py for tasks to queue
[2026-05-03T00:29:54.806+0000] {logging_mixin.py:188} INFO - [2026-05-03T00:29:54.805+0000] {dagbag.py:540} INFO - Filling up the DagBag from /home/airflow/.local/lib/python3.8/site-packages/airflow/example_dags/example_sensor_decorator.py
[2026-05-03T00:29:54.817+0000] {processor.py:840} INFO - DAG(s) 'example_sensor_decorator' retrieved from /home/airflow/.local/lib/python3.8/site-packages/airflow/example_dags/example_sensor_decorator.py
[2026-05-03T00:29:54.836+0000] {logging_mixin.py:188} INFO - [2026-05-03T00:29:54.835+0000] {dag.py:3047} INFO - Sync 1 DAGs
[2026-05-03T00:29:54.845+0000] {logging_mixin.py:188} INFO - [2026-05-03T00:29:54.845+0000] {dag.py:3834} INFO - Setting next_dagrun for example_sensor_decorator to None, run_after=None
[2026-05-03T00:29:54.862+0000] {processor.py:183} INFO - Processing /home/airflow/.local/lib/python3.8/site-packages/airflow/example_dags/example_sensor_decorator.py took 0.063 seconds
[2026-05-03T00:30:25.108+0000] {processor.py:161} INFO - Started process (PID=3315) to work on /home/airflow/.local/lib/python3.8/site-packages/airflow/example_dags/example_sensor_decorator.py
[2026-05-03T00:30:25.109+0000] {processor.py:830} INFO - Processing file /home/airflow/.local/lib/python3.8/site-packages/airflow/example_dags/example_sensor_decorator.py for tasks to queue
[2026-05-03T00:30:25.111+0000] {logging_mixin.py:188} INFO - [2026-05-03T00:30:25.111+0000] {dagbag.py:540} INFO - Filling up the DagBag from /home/airflow/.local/lib/python3.8/site-packages/airflow/example_dags/example_sensor_decorator.py
[2026-05-03T00:30:25.119+0000] {processor.py:840} INFO - DAG(s) 'example_sensor_decorator' retrieved from /home/airflow/.local/lib/python3.8/site-packages/airflow/example_dags/example_sensor_decorator.py
[2026-05-03T00:30:25.139+0000] {logging_mixin.py:188} INFO - [2026-05-03T00:30:25.139+0000] {dag.py:3047} INFO - Sync 1 DAGs
[2026-05-03T00:30:25.149+0000] {logging_mixin.py:188} INFO - [2026-05-03T00:30:25.148+0000] {dag.py:3834} INFO - Setting next_dagrun for example_sensor_decorator to None, run_after=None
[2026-05-03T00:30:25.168+0000] {processor.py:183} INFO - Processing /home/airflow/.local/lib/python3.8/site-packages/airflow/example_dags/example_sensor_decorator.py took 0.063 seconds
[2026-05-03T00:30:55.369+0000] {processor.py:161} INFO - Started process (PID=3371) to work on /home/airflow/.local/lib/python3.8/site-packages/airflow/example_dags/example_sensor_decorator.py
[2026-05-03T00:30:55.370+0000] {processor.py:830} INFO - Processing file /home/airflow/.local/lib/python3.8/site-packages/airflow/example_dags/example_sensor_decorator.py for tasks to queue
[2026-05-03T00:30:55.372+0000] {logging_mixin.py:188} INFO - [2026-05-03T00:30:55.372+0000] {dagbag.py:540} INFO - Filling up the DagBag from /home/airflow/.local/lib/python3.8/site-packages/airflow/example_dags/example_sensor_decorator.py
[2026-05-03T00:30:55.380+0000] {processor.py:840} INFO - DAG(s) 'example_sensor_decorator' retrieved from /home/airflow/.local/lib/python3.8/site-packages/airflow/example_dags/example_sensor_decorator.py
[2026-05-03T00:30:55.395+0000] {logging_mixin.py:188} INFO - [2026-05-03T00:30:55.395+0000] {dag.py:3047} INFO - Sync 1 DAGs
[2026-05-03T00:30:55.403+0000] {logging_mixin.py:188} INFO - [2026-05-03T00:30:55.403+0000] {dag.py:3834} INFO - Setting next_dagrun for example_sensor_decorator to None, run_after=None
[2026-05-03T00:30:55.418+0000] {processor.py:183} INFO - Processing /home/airflow/.local/lib/python3.8/site-packages/airflow/example_dags/example_sensor_decorator.py took 0.052 seconds
[2026-05-03T00:31:25.789+0000] {processor.py:161} INFO - Started process (PID=3427) to work on /home/airflow/.local/lib/python3.8/site-packages/airflow/example_dags/example_sensor_decorator.py
[2026-05-03T00:31:25.792+0000] {processor.py:830} INFO - Processing file /home/airflow/.local/lib/python3.8/site-packages/airflow/example_dags/example_sensor_decorator.py for tasks to queue
[2026-05-03T00:31:25.799+0000] {logging_mixin.py:188} INFO - [2026-05-03T00:31:25.799+0000] {dagbag.py:540} INFO - Filling up the DagBag from /home/airflow/.local/lib/python3.8/site-packages/airflow/example_dags/example_sensor_decorator.py
[2026-05-03T00:31:25.825+0000] {processor.py:840} INFO - DAG(s) 'example_sensor_decorator' retrieved from /home/airflow/.local/lib/python3.8/site-packages/airflow/example_dags/example_sensor_decorator.py
[2026-05-03T00:31:25.873+0000] {logging_mixin.py:188} INFO - [2026-05-03T00:31:25.873+0000] {dag.py:3047} INFO - Sync 1 DAGs
[2026-05-03T00:31:25.907+0000] {logging_mixin.py:188} INFO - [2026-05-03T00:31:25.906+0000] {dag.py:3834} INFO - Setting next_dagrun for example_sensor_decorator to None, run_after=None
[2026-05-03T00:31:25.936+0000] {processor.py:183} INFO - Processing /home/airflow/.local/lib/python3.8/site-packages/airflow/example_dags/example_sensor_decorator.py took 0.187 seconds
[2026-05-03T00:31:56.127+0000] {processor.py:161} INFO - Started process (PID=3483) to work on /home/airflow/.local/lib/python3.8/site-packages/airflow/example_dags/example_sensor_decorator.py
[2026-05-03T00:31:56.130+0000] {processor.py:830} INFO - Processing file /home/airflow/.local/lib/python3.8/site-packages/airflow/example_dags/example_sensor_decorator.py for tasks to queue
[2026-05-03T00:31:56.134+0000] {logging_mixin.py:188} INFO - [2026-05-03T00:31:56.134+0000] {dagbag.py:540} INFO - Filling up the DagBag from /home/airflow/.local/lib/python3.8/site-packages/airflow/example_dags/example_sensor_decorator.py
[2026-05-03T00:31:56.152+0000] {processor.py:840} INFO - DAG(s) 'example_sensor_decorator' retrieved from /home/airflow/.local/lib/python3.8/site-packages/airflow/example_dags/example_sensor_decorator.py
[2026-05-03T00:31:56.183+0000] {logging_mixin.py:188} INFO - [2026-05-03T00:31:56.182+0000] {dag.py:3047} INFO - Sync 1 DAGs
[2026-05-03T00:31:56.200+0000] {logging_mixin.py:188} INFO - [2026-05-03T00:31:56.200+0000] {dag.py:3834} INFO - Setting next_dagrun for example_sensor_decorator to None, run_after=None
[2026-05-03T00:31:56.220+0000] {processor.py:183} INFO - Processing /home/airflow/.local/lib/python3.8/site-packages/airflow/example_dags/example_sensor_decorator.py took 0.101 seconds
[2026-05-03T00:32:26.511+0000] {processor.py:161} INFO - Started process (PID=3539) to work on /home/airflow/.local/lib/python3.8/site-packages/airflow/example_dags/example_sensor_decorator.py
[2026-05-03T00:32:26.514+0000] {processor.py:830} INFO - Processing file /home/airflow/.local/lib/python3.8/site-packages/airflow/example_dags/example_sensor_decorator.py for tasks to queue
[2026-05-03T00:32:26.518+0000] {logging_mixin.py:188} INFO - [2026-05-03T00:32:26.518+0000] {dagbag.py:540} INFO - Filling up the DagBag from /home/airflow/.local/lib/python3.8/site-packages/airflow/example_dags/example_sensor_decorator.py
[2026-05-03T00:32:26.533+0000] {processor.py:840} INFO - DAG(s) 'example_sensor_decorator' retrieved from /home/airflow/.local/lib/python3.8/site-packages/airflow/example_dags/example_sensor_decorator.py
[2026-05-03T00:32:26.575+0000] {logging_mixin.py:188} INFO - [2026-05-03T00:32:26.575+0000] {dag.py:3047} INFO - Sync 1 DAGs
[2026-05-03T00:32:26.587+0000] {logging_mixin.py:188} INFO - [2026-05-03T00:32:26.587+0000] {dag.py:3834} INFO - Setting next_dagrun for example_sensor_decorator to None, run_after=None
[2026-05-03T00:32:26.617+0000] {processor.py:183} INFO - Processing /home/airflow/.local/lib/python3.8/site-packages/airflow/example_dags/example_sensor_decorator.py took 0.126 seconds
[2026-05-03T00:32:56.727+0000] {processor.py:161} INFO - Started process (PID=3595) to work on /home/airflow/.local/lib/python3.8/site-packages/airflow/example_dags/example_sensor_decorator.py
[2026-05-03T00:32:56.729+0000] {processor.py:830} INFO - Processing file /home/airflow/.local/lib/python3.8/site-packages/airflow/example_dags/example_sensor_decorator.py for tasks to queue
[2026-05-03T00:32:56.731+0000] {logging_mixin.py:188} INFO - [2026-05-03T00:32:56.731+0000] {dagbag.py:540} INFO - Filling up the DagBag from /home/airflow/.local/lib/python3.8/site-packages/airflow/example_dags/example_sensor_decorator.py
[2026-05-03T00:32:56.745+0000] {processor.py:840} INFO - DAG(s) 'example_sensor_decorator' retrieved from /home/airflow/.local/lib/python3.8/site-packages/airflow/example_dags/example_sensor_decorator.py
[2026-05-03T00:32:56.773+0000] {logging_mixin.py:188} INFO - [2026-05-03T00:32:56.773+0000] {dag.py:3047} INFO - Sync 1 DAGs
[2026-05-03T00:32:56.788+0000] {logging_mixin.py:188} INFO - [2026-05-03T00:32:56.788+0000] {dag.py:3834} INFO - Setting next_dagrun for example_sensor_decorator to None, run_after=None
[2026-05-03T00:32:56.809+0000] {processor.py:183} INFO - Processing /home/airflow/.local/lib/python3.8/site-packages/airflow/example_dags/example_sensor_decorator.py took 0.087 seconds
[2026-05-03T00:33:27.077+0000] {processor.py:161} INFO - Started process (PID=3651) to work on /home/airflow/.local/lib/python3.8/site-packages/airflow/example_dags/example_sensor_decorator.py
[2026-05-03T00:33:27.082+0000] {processor.py:830} INFO - Processing file /home/airflow/.local/lib/python3.8/site-packages/airflow/example_dags/example_sensor_decorator.py for tasks to queue
[2026-05-03T00:33:27.088+0000] {logging_mixin.py:188} INFO - [2026-05-03T00:33:27.086+0000] {dagbag.py:540} INFO - Filling up the DagBag from /home/airflow/.local/lib/python3.8/site-packages/airflow/example_dags/example_sensor_decorator.py
[2026-05-03T00:33:27.122+0000] {processor.py:840} INFO - DAG(s) 'example_sensor_decorator' retrieved from /home/airflow/.local/lib/python3.8/site-packages/airflow/example_dags/example_sensor_decorator.py
[2026-05-03T00:33:27.185+0000] {logging_mixin.py:188} INFO - [2026-05-03T00:33:27.185+0000] {dag.py:3047} INFO - Sync 1 DAGs
[2026-05-03T00:33:27.203+0000] {logging_mixin.py:188} INFO - [2026-05-03T00:33:27.203+0000] {dag.py:3834} INFO - Setting next_dagrun for example_sensor_decorator to None, run_after=None
[2026-05-03T00:33:27.239+0000] {processor.py:183} INFO - Processing /home/airflow/.local/lib/python3.8/site-packages/airflow/example_dags/example_sensor_decorator.py took 0.180 seconds
[2026-05-03T00:33:57.560+0000] {processor.py:161} INFO - Started process (PID=3707) to work on /home/airflow/.local/lib/python3.8/site-packages/airflow/example_dags/example_sensor_decorator.py
[2026-05-03T00:33:57.563+0000] {processor.py:830} INFO - Processing file /home/airflow/.local/lib/python3.8/site-packages/airflow/example_dags/example_sensor_decorator.py for tasks to queue
[2026-05-03T00:33:57.570+0000] {logging_mixin.py:188} INFO - [2026-05-03T00:33:57.570+0000] {dagbag.py:540} INFO - Filling up the DagBag from /home/airflow/.local/lib/python3.8/site-packages/airflow/example_dags/example_sensor_decorator.py
[2026-05-03T00:33:57.588+0000] {processor.py:840} INFO - DAG(s) 'example_sensor_decorator' retrieved from /home/airflow/.local/lib/python3.8/site-packages/airflow/example_dags/example_sensor_decorator.py
[2026-05-03T00:33:57.732+0000] {logging_mixin.py:188} INFO - [2026-05-03T00:33:57.731+0000] {dag.py:3047} INFO - Sync 1 DAGs
[2026-05-03T00:33:57.758+0000] {logging_mixin.py:188} INFO - [2026-05-03T00:33:57.757+0000] {dag.py:3834} INFO - Setting next_dagrun for example_sensor_decorator to None, run_after=None
[2026-05-03T00:33:57.785+0000] {processor.py:183} INFO - Processing /home/airflow/.local/lib/python3.8/site-packages/airflow/example_dags/example_sensor_decorator.py took 0.233 seconds
[2026-05-03T00:34:28.085+0000] {processor.py:161} INFO - Started process (PID=3763) to work on /home/airflow/.local/lib/python3.8/site-packages/airflow/example_dags/example_sensor_decorator.py
[2026-05-03T00:34:28.087+0000] {processor.py:830} INFO - Processing file /home/airflow/.local/lib/python3.8/site-packages/airflow/example_dags/example_sensor_decorator.py for tasks to queue
[2026-05-03T00:34:28.091+0000] {logging_mixin.py:188} INFO - [2026-05-03T00:34:28.090+0000] {dagbag.py:540} INFO - Filling up the DagBag from /home/airflow/.local/lib/python3.8/site-packages/airflow/example_dags/example_sensor_decorator.py
[2026-05-03T00:34:28.102+0000] {processor.py:840} INFO - DAG(s) 'example_sensor_decorator' retrieved from /home/airflow/.local/lib/python3.8/site-packages/airflow/example_dags/example_sensor_decorator.py
[2026-05-03T00:34:28.127+0000] {logging_mixin.py:188} INFO - [2026-05-03T00:34:28.127+0000] {dag.py:3047} INFO - Sync 1 DAGs
[2026-05-03T00:34:28.147+0000] {logging_mixin.py:188} INFO - [2026-05-03T00:34:28.146+0000] {dag.py:3834} INFO - Setting next_dagrun for example_sensor_decorator to None, run_after=None
[2026-05-03T00:34:28.169+0000] {processor.py:183} INFO - Processing /home/airflow/.local/lib/python3.8/site-packages/airflow/example_dags/example_sensor_decorator.py took 0.088 seconds
[2026-05-03T00:34:58.370+0000] {processor.py:161} INFO - Started process (PID=3819) to work on /home/airflow/.local/lib/python3.8/site-packages/airflow/example_dags/example_sensor_decorator.py
[2026-05-03T00:34:58.371+0000] {processor.py:830} INFO - Processing file /home/airflow/.local/lib/python3.8/site-packages/airflow/example_dags/example_sensor_decorator.py for tasks to queue
[2026-05-03T00:34:58.374+0000] {logging_mixin.py:188} INFO - [2026-05-03T00:34:58.374+0000] {dagbag.py:540} INFO - Filling up the DagBag from /home/airflow/.local/lib/python3.8/site-packages/airflow/example_dags/example_sensor_decorator.py
[2026-05-03T00:34:58.386+0000] {processor.py:840} INFO - DAG(s) 'example_sensor_decorator' retrieved from /home/airflow/.local/lib/python3.8/site-packages/airflow/example_dags/example_sensor_decorator.py
[2026-05-03T00:34:58.412+0000] {logging_mixin.py:188} INFO - [2026-05-03T00:34:58.412+0000] {dag.py:3047} INFO - Sync 1 DAGs
[2026-05-03T00:34:58.427+0000] {logging_mixin.py:188} INFO - [2026-05-03T00:34:58.426+0000] {dag.py:3834} INFO - Setting next_dagrun for example_sensor_decorator to None, run_after=None
[2026-05-03T00:34:58.446+0000] {processor.py:183} INFO - Processing /home/airflow/.local/lib/python3.8/site-packages/airflow/example_dags/example_sensor_decorator.py took 0.082 seconds
[2026-05-03T00:35:28.589+0000] {processor.py:161} INFO - Started process (PID=3875) to work on /home/airflow/.local/lib/python3.8/site-packages/airflow/example_dags/example_sensor_decorator.py
[2026-05-03T00:35:28.591+0000] {processor.py:830} INFO - Processing file /home/airflow/.local/lib/python3.8/site-packages/airflow/example_dags/example_sensor_decorator.py for tasks to queue
[2026-05-03T00:35:28.594+0000] {logging_mixin.py:188} INFO - [2026-05-03T00:35:28.594+0000] {dagbag.py:540} INFO - Filling up the DagBag from /home/airflow/.local/lib/python3.8/site-packages/airflow/example_dags/example_sensor_decorator.py
[2026-05-03T00:35:28.609+0000] {processor.py:840} INFO - DAG(s) 'example_sensor_decorator' retrieved from /home/airflow/.local/lib/python3.8/site-packages/airflow/example_dags/example_sensor_decorator.py
[2026-05-03T00:35:28.649+0000] {logging_mixin.py:188} INFO - [2026-05-03T00:35:28.649+0000] {dag.py:3047} INFO - Sync 1 DAGs
[2026-05-03T00:35:28.671+0000] {logging_mixin.py:188} INFO - [2026-05-03T00:35:28.671+0000] {dag.py:3834} INFO - Setting next_dagrun for example_sensor_decorator to None, run_after=None
[2026-05-03T00:35:28.695+0000] {processor.py:183} INFO - Processing /home/airflow/.local/lib/python3.8/site-packages/airflow/example_dags/example_sensor_decorator.py took 0.109 seconds
[2026-05-03T00:35:59.005+0000] {processor.py:161} INFO - Started process (PID=3931) to work on /home/airflow/.local/lib/python3.8/site-packages/airflow/example_dags/example_sensor_decorator.py
[2026-05-03T00:35:59.007+0000] {processor.py:830} INFO - Processing file /home/airflow/.local/lib/python3.8/site-packages/airflow/example_dags/example_sensor_decorator.py for tasks to queue
[2026-05-03T00:35:59.012+0000] {logging_mixin.py:188} INFO - [2026-05-03T00:35:59.011+0000] {dagbag.py:540} INFO - Filling up the DagBag from /home/airflow/.local/lib/python3.8/site-packages/airflow/example_dags/example_sensor_decorator.py
[2026-05-03T00:35:59.030+0000] {processor.py:840} INFO - DAG(s) 'example_sensor_decorator' retrieved from /home/airflow/.local/lib/python3.8/site-packages/airflow/example_dags/example_sensor_decorator.py
[2026-05-03T00:35:59.084+0000] {logging_mixin.py:188} INFO - [2026-05-03T00:35:59.084+0000] {dag.py:3047} INFO - Sync 1 DAGs
[2026-05-03T00:35:59.112+0000] {logging_mixin.py:188} INFO - [2026-05-03T00:35:59.112+0000] {dag.py:3834} INFO - Setting next_dagrun for example_sensor_decorator to None, run_after=None
[2026-05-03T00:35:59.138+0000] {processor.py:183} INFO - Processing /home/airflow/.local/lib/python3.8/site-packages/airflow/example_dags/example_sensor_decorator.py took 0.139 seconds
[2026-05-03T00:36:29.603+0000] {processor.py:161} INFO - Started process (PID=3987) to work on /home/airflow/.local/lib/python3.8/site-packages/airflow/example_dags/example_sensor_decorator.py
[2026-05-03T00:36:29.606+0000] {processor.py:830} INFO - Processing file /home/airflow/.local/lib/python3.8/site-packages/airflow/example_dags/example_sensor_decorator.py for tasks to queue
[2026-05-03T00:36:29.608+0000] {logging_mixin.py:188} INFO - [2026-05-03T00:36:29.608+0000] {dagbag.py:540} INFO - Filling up the DagBag from /home/airflow/.local/lib/python3.8/site-packages/airflow/example_dags/example_sensor_decorator.py
[2026-05-03T00:36:29.618+0000] {processor.py:840} INFO - DAG(s) 'example_sensor_decorator' retrieved from /home/airflow/.local/lib/python3.8/site-packages/airflow/example_dags/example_sensor_decorator.py
[2026-05-03T00:36:29.639+0000] {logging_mixin.py:188} INFO - [2026-05-03T00:36:29.639+0000] {dag.py:3047} INFO - Sync 1 DAGs
[2026-05-03T00:36:29.649+0000] {logging_mixin.py:188} INFO - [2026-05-03T00:36:29.649+0000] {dag.py:3834} INFO - Setting next_dagrun for example_sensor_decorator to None, run_after=None
[2026-05-03T00:36:29.666+0000] {processor.py:183} INFO - Processing /home/airflow/.local/lib/python3.8/site-packages/airflow/example_dags/example_sensor_decorator.py took 0.066 seconds
[2026-05-03T00:36:59.958+0000] {processor.py:161} INFO - Started process (PID=4043) to work on /home/airflow/.local/lib/python3.8/site-packages/airflow/example_dags/example_sensor_decorator.py
[2026-05-03T00:36:59.960+0000] {processor.py:830} INFO - Processing file /home/airflow/.local/lib/python3.8/site-packages/airflow/example_dags/example_sensor_decorator.py for tasks to queue
[2026-05-03T00:36:59.963+0000] {logging_mixin.py:188} INFO - [2026-05-03T00:36:59.962+0000] {dagbag.py:540} INFO - Filling up the DagBag from /home/airflow/.local/lib/python3.8/site-packages/airflow/example_dags/example_sensor_decorator.py
[2026-05-03T00:36:59.986+0000] {processor.py:840} INFO - DAG(s) 'example_sensor_decorator' retrieved from /home/airflow/.local/lib/python3.8/site-packages/airflow/example_dags/example_sensor_decorator.py
[2026-05-03T00:37:00.026+0000] {logging_mixin.py:188} INFO - [2026-05-03T00:37:00.026+0000] {dag.py:3047} INFO - Sync 1 DAGs
[2026-05-03T00:37:00.045+0000] {logging_mixin.py:188} INFO - [2026-05-03T00:37:00.045+0000] {dag.py:3834} INFO - Setting next_dagrun for example_sensor_decorator to None, run_after=None
[2026-05-03T00:37:00.068+0000] {processor.py:183} INFO - Processing /home/airflow/.local/lib/python3.8/site-packages/airflow/example_dags/example_sensor_decorator.py took 0.118 seconds
[2026-05-03T00:37:30.398+0000] {processor.py:161} INFO - Started process (PID=4099) to work on /home/airflow/.local/lib/python3.8/site-packages/airflow/example_dags/example_sensor_decorator.py
[2026-05-03T00:37:30.402+0000] {processor.py:830} INFO - Processing file /home/airflow/.local/lib/python3.8/site-packages/airflow/example_dags/example_sensor_decorator.py for tasks to queue
[2026-05-03T00:37:30.409+0000] {logging_mixin.py:188} INFO - [2026-05-03T00:37:30.409+0000] {dagbag.py:540} INFO - Filling up the DagBag from /home/airflow/.local/lib/python3.8/site-packages/airflow/example_dags/example_sensor_decorator.py
[2026-05-03T00:37:30.428+0000] {processor.py:840} INFO - DAG(s) 'example_sensor_decorator' retrieved from /home/airflow/.local/lib/python3.8/site-packages/airflow/example_dags/example_sensor_decorator.py
[2026-05-03T00:37:30.479+0000] {logging_mixin.py:188} INFO - [2026-05-03T00:37:30.478+0000] {dag.py:3047} INFO - Sync 1 DAGs
[2026-05-03T00:37:30.504+0000] {logging_mixin.py:188} INFO - [2026-05-03T00:37:30.503+0000] {dag.py:3834} INFO - Setting next_dagrun for example_sensor_decorator to None, run_after=None
[2026-05-03T00:37:30.527+0000] {processor.py:183} INFO - Processing /home/airflow/.local/lib/python3.8/site-packages/airflow/example_dags/example_sensor_decorator.py took 0.138 seconds
[2026-05-03T00:38:00.908+0000] {processor.py:161} INFO - Started process (PID=4155) to work on /home/airflow/.local/lib/python3.8/site-packages/airflow/example_dags/example_sensor_decorator.py
[2026-05-03T00:38:00.915+0000] {processor.py:830} INFO - Processing file /home/airflow/.local/lib/python3.8/site-packages/airflow/example_dags/example_sensor_decorator.py for tasks to queue
[2026-05-03T00:38:00.924+0000] {logging_mixin.py:188} INFO - [2026-05-03T00:38:00.924+0000] {dagbag.py:540} INFO - Filling up the DagBag from /home/airflow/.local/lib/python3.8/site-packages/airflow/example_dags/example_sensor_decorator.py
[2026-05-03T00:38:00.937+0000] {processor.py:840} INFO - DAG(s) 'example_sensor_decorator' retrieved from /home/airflow/.local/lib/python3.8/site-packages/airflow/example_dags/example_sensor_decorator.py
[2026-05-03T00:38:00.973+0000] {logging_mixin.py:188} INFO - [2026-05-03T00:38:00.973+0000] {dag.py:3047} INFO - Sync 1 DAGs
[2026-05-03T00:38:00.990+0000] {logging_mixin.py:188} INFO - [2026-05-03T00:38:00.990+0000] {dag.py:3834} INFO - Setting next_dagrun for example_sensor_decorator to None, run_after=None
[2026-05-03T00:38:01.009+0000] {processor.py:183} INFO - Processing /home/airflow/.local/lib/python3.8/site-packages/airflow/example_dags/example_sensor_decorator.py took 0.105 seconds
[2026-05-03T00:38:31.461+0000] {processor.py:161} INFO - Started process (PID=4211) to work on /home/airflow/.local/lib/python3.8/site-packages/airflow/example_dags/example_sensor_decorator.py
[2026-05-03T00:38:31.464+0000] {processor.py:830} INFO - Processing file /home/airflow/.local/lib/python3.8/site-packages/airflow/example_dags/example_sensor_decorator.py for tasks to queue
[2026-05-03T00:38:31.467+0000] {logging_mixin.py:188} INFO - [2026-05-03T00:38:31.467+0000] {dagbag.py:540} INFO - Filling up the DagBag from /home/airflow/.local/lib/python3.8/site-packages/airflow/example_dags/example_sensor_decorator.py
[2026-05-03T00:38:31.480+0000] {processor.py:840} INFO - DAG(s) 'example_sensor_decorator' retrieved from /home/airflow/.local/lib/python3.8/site-packages/airflow/example_dags/example_sensor_decorator.py
[2026-05-03T00:38:31.512+0000] {logging_mixin.py:188} INFO - [2026-05-03T00:38:31.512+0000] {dag.py:3047} INFO - Sync 1 DAGs
[2026-05-03T00:38:31.527+0000] {logging_mixin.py:188} INFO - [2026-05-03T00:38:31.527+0000] {dag.py:3834} INFO - Setting next_dagrun for example_sensor_decorator to None, run_after=None
[2026-05-03T00:38:31.543+0000] {processor.py:183} INFO - Processing /home/airflow/.local/lib/python3.8/site-packages/airflow/example_dags/example_sensor_decorator.py took 0.084 seconds
[2026-05-03T00:39:01.690+0000] {processor.py:161} INFO - Started process (PID=4267) to work on /home/airflow/.local/lib/python3.8/site-packages/airflow/example_dags/example_sensor_decorator.py
[2026-05-03T00:39:01.692+0000] {processor.py:830} INFO - Processing file /home/airflow/.local/lib/python3.8/site-packages/airflow/example_dags/example_sensor_decorator.py for tasks to queue
[2026-05-03T00:39:01.695+0000] {logging_mixin.py:188} INFO - [2026-05-03T00:39:01.695+0000] {dagbag.py:540} INFO - Filling up the DagBag from /home/airflow/.local/lib/python3.8/site-packages/airflow/example_dags/example_sensor_decorator.py
[2026-05-03T00:39:01.707+0000] {processor.py:840} INFO - DAG(s) 'example_sensor_decorator' retrieved from /home/airflow/.local/lib/python3.8/site-packages/airflow/example_dags/example_sensor_decorator.py
[2026-05-03T00:39:01.728+0000] {logging_mixin.py:188} INFO - [2026-05-03T00:39:01.728+0000] {dag.py:3047} INFO - Sync 1 DAGs
[2026-05-03T00:39:01.741+0000] {logging_mixin.py:188} INFO - [2026-05-03T00:39:01.740+0000] {dag.py:3834} INFO - Setting next_dagrun for example_sensor_decorator to None, run_after=None
[2026-05-03T00:39:01.757+0000] {processor.py:183} INFO - Processing /home/airflow/.local/lib/python3.8/site-packages/airflow/example_dags/example_sensor_decorator.py took 0.068 seconds
[2026-05-03T00:39:32.135+0000] {processor.py:161} INFO - Started process (PID=4323) to work on /home/airflow/.local/lib/python3.8/site-packages/airflow/example_dags/example_sensor_decorator.py
[2026-05-03T00:39:32.139+0000] {processor.py:830} INFO - Processing file /home/airflow/.local/lib/python3.8/site-packages/airflow/example_dags/example_sensor_decorator.py for tasks to queue
[2026-05-03T00:39:32.141+0000] {logging_mixin.py:188} INFO - [2026-05-03T00:39:32.141+0000] {dagbag.py:540} INFO - Filling up the DagBag from /home/airflow/.local/lib/python3.8/site-packages/airflow/example_dags/example_sensor_decorator.py
[2026-05-03T00:39:32.157+0000] {processor.py:840} INFO - DAG(s) 'example_sensor_decorator' retrieved from /home/airflow/.local/lib/python3.8/site-packages/airflow/example_dags/example_sensor_decorator.py
[2026-05-03T00:39:32.187+0000] {logging_mixin.py:188} INFO - [2026-05-03T00:39:32.186+0000] {dag.py:3047} INFO - Sync 1 DAGs
[2026-05-03T00:39:32.201+0000] {logging_mixin.py:188} INFO - [2026-05-03T00:39:32.201+0000] {dag.py:3834} INFO - Setting next_dagrun for example_sensor_decorator to None, run_after=None
[2026-05-03T00:39:32.235+0000] {processor.py:183} INFO - Processing /home/airflow/.local/lib/python3.8/site-packages/airflow/example_dags/example_sensor_decorator.py took 0.104 seconds
