[2026-05-03T00:02:00.405+0000] {processor.py:161} INFO - Started process (PID=2764) to work on /home/airflow/.local/lib/python3.8/site-packages/airflow/example_dags/example_params_ui_tutorial.py
[2026-05-03T00:02:00.407+0000] {processor.py:830} INFO - Processing file /home/airflow/.local/lib/python3.8/site-packages/airflow/example_dags/example_params_ui_tutorial.py for tasks to queue
[2026-05-03T00:02:00.413+0000] {logging_mixin.py:188} INFO - [2026-05-03T00:02:00.411+0000] {dagbag.py:540} INFO - Filling up the DagBag from /home/airflow/.local/lib/python3.8/site-packages/airflow/example_dags/example_params_ui_tutorial.py
[2026-05-03T00:02:00.432+0000] {processor.py:840} INFO - DAG(s) 'example_params_ui_tutorial' retrieved from /home/airflow/.local/lib/python3.8/site-packages/airflow/example_dags/example_params_ui_tutorial.py
[2026-05-03T00:02:00.664+0000] {logging_mixin.py:188} INFO - [2026-05-03T00:02:00.664+0000] {dag.py:3047} INFO - Sync 1 DAGs
[2026-05-03T00:02:00.682+0000] {logging_mixin.py:188} INFO - [2026-05-03T00:02:00.681+0000] {dag.py:3834} INFO - Setting next_dagrun for example_params_ui_tutorial to None, run_after=None
[2026-05-03T00:02:00.710+0000] {processor.py:183} INFO - Processing /home/airflow/.local/lib/python3.8/site-packages/airflow/example_dags/example_params_ui_tutorial.py took 0.311 seconds
[2026-05-03T00:11:41.615+0000] {processor.py:161} INFO - Started process (PID=2820) to work on /home/airflow/.local/lib/python3.8/site-packages/airflow/example_dags/example_params_ui_tutorial.py
[2026-05-03T00:11:41.619+0000] {processor.py:830} INFO - Processing file /home/airflow/.local/lib/python3.8/site-packages/airflow/example_dags/example_params_ui_tutorial.py for tasks to queue
[2026-05-03T00:11:41.620+0000] {logging_mixin.py:188} INFO - [2026-05-03T00:11:41.620+0000] {dagbag.py:540} INFO - Filling up the DagBag from /home/airflow/.local/lib/python3.8/site-packages/airflow/example_dags/example_params_ui_tutorial.py
[2026-05-03T00:11:41.629+0000] {processor.py:840} INFO - DAG(s) 'example_params_ui_tutorial' retrieved from /home/airflow/.local/lib/python3.8/site-packages/airflow/example_dags/example_params_ui_tutorial.py
[2026-05-03T00:11:41.668+0000] {logging_mixin.py:188} INFO - [2026-05-03T00:11:41.668+0000] {dag.py:3047} INFO - Sync 1 DAGs
[2026-05-03T00:11:41.676+0000] {logging_mixin.py:188} INFO - [2026-05-03T00:11:41.676+0000] {dag.py:3834} INFO - Setting next_dagrun for example_params_ui_tutorial to None, run_after=None
[2026-05-03T00:11:41.687+0000] {processor.py:183} INFO - Processing /home/airflow/.local/lib/python3.8/site-packages/airflow/example_dags/example_params_ui_tutorial.py took 0.075 seconds
[2026-05-03T00:20:53.034+0000] {processor.py:161} INFO - Started process (PID=2876) to work on /home/airflow/.local/lib/python3.8/site-packages/airflow/example_dags/example_params_ui_tutorial.py
[2026-05-03T00:20:53.039+0000] {processor.py:830} INFO - Processing file /home/airflow/.local/lib/python3.8/site-packages/airflow/example_dags/example_params_ui_tutorial.py for tasks to queue
[2026-05-03T00:20:53.047+0000] {logging_mixin.py:188} INFO - [2026-05-03T00:20:53.046+0000] {dagbag.py:540} INFO - Filling up the DagBag from /home/airflow/.local/lib/python3.8/site-packages/airflow/example_dags/example_params_ui_tutorial.py
[2026-05-03T00:20:53.077+0000] {processor.py:840} INFO - DAG(s) 'example_params_ui_tutorial' retrieved from /home/airflow/.local/lib/python3.8/site-packages/airflow/example_dags/example_params_ui_tutorial.py
[2026-05-03T00:20:53.155+0000] {logging_mixin.py:188} INFO - [2026-05-03T00:20:53.155+0000] {dag.py:3047} INFO - Sync 1 DAGs
[2026-05-03T00:20:53.170+0000] {logging_mixin.py:188} INFO - [2026-05-03T00:20:53.170+0000] {dag.py:3834} INFO - Setting next_dagrun for example_params_ui_tutorial to None, run_after=None
[2026-05-03T00:20:53.196+0000] {processor.py:183} INFO - Processing /home/airflow/.local/lib/python3.8/site-packages/airflow/example_dags/example_params_ui_tutorial.py took 0.171 seconds
[2026-05-03T00:26:53.152+0000] {processor.py:161} INFO - Started process (PID=2932) to work on /home/airflow/.local/lib/python3.8/site-packages/airflow/example_dags/example_params_ui_tutorial.py
[2026-05-03T00:26:53.159+0000] {processor.py:830} INFO - Processing file /home/airflow/.local/lib/python3.8/site-packages/airflow/example_dags/example_params_ui_tutorial.py for tasks to queue
[2026-05-03T00:26:53.163+0000] {logging_mixin.py:188} INFO - [2026-05-03T00:26:53.162+0000] {dagbag.py:540} INFO - Filling up the DagBag from /home/airflow/.local/lib/python3.8/site-packages/airflow/example_dags/example_params_ui_tutorial.py
[2026-05-03T00:26:53.183+0000] {processor.py:840} INFO - DAG(s) 'example_params_ui_tutorial' retrieved from /home/airflow/.local/lib/python3.8/site-packages/airflow/example_dags/example_params_ui_tutorial.py
[2026-05-03T00:26:53.291+0000] {logging_mixin.py:188} INFO - [2026-05-03T00:26:53.290+0000] {dag.py:3047} INFO - Sync 1 DAGs
[2026-05-03T00:26:53.313+0000] {logging_mixin.py:188} INFO - [2026-05-03T00:26:53.312+0000] {dag.py:3834} INFO - Setting next_dagrun for example_params_ui_tutorial to None, run_after=None
[2026-05-03T00:26:53.361+0000] {processor.py:183} INFO - Processing /home/airflow/.local/lib/python3.8/site-packages/airflow/example_dags/example_params_ui_tutorial.py took 0.218 seconds
[2026-05-03T00:27:23.915+0000] {processor.py:161} INFO - Started process (PID=2988) to work on /home/airflow/.local/lib/python3.8/site-packages/airflow/example_dags/example_params_ui_tutorial.py
[2026-05-03T00:27:23.916+0000] {processor.py:830} INFO - Processing file /home/airflow/.local/lib/python3.8/site-packages/airflow/example_dags/example_params_ui_tutorial.py for tasks to queue
[2026-05-03T00:27:23.918+0000] {logging_mixin.py:188} INFO - [2026-05-03T00:27:23.917+0000] {dagbag.py:540} INFO - Filling up the DagBag from /home/airflow/.local/lib/python3.8/site-packages/airflow/example_dags/example_params_ui_tutorial.py
[2026-05-03T00:27:23.927+0000] {processor.py:840} INFO - DAG(s) 'example_params_ui_tutorial' retrieved from /home/airflow/.local/lib/python3.8/site-packages/airflow/example_dags/example_params_ui_tutorial.py
[2026-05-03T00:27:23.962+0000] {logging_mixin.py:188} INFO - [2026-05-03T00:27:23.962+0000] {dag.py:3047} INFO - Sync 1 DAGs
[2026-05-03T00:27:23.970+0000] {logging_mixin.py:188} INFO - [2026-05-03T00:27:23.970+0000] {dag.py:3834} INFO - Setting next_dagrun for example_params_ui_tutorial to None, run_after=None
[2026-05-03T00:27:23.981+0000] {processor.py:183} INFO - Processing /home/airflow/.local/lib/python3.8/site-packages/airflow/example_dags/example_params_ui_tutorial.py took 0.068 seconds
[2026-05-03T00:27:54.906+0000] {processor.py:161} INFO - Started process (PID=3044) to work on /home/airflow/.local/lib/python3.8/site-packages/airflow/example_dags/example_params_ui_tutorial.py
[2026-05-03T00:27:54.911+0000] {processor.py:830} INFO - Processing file /home/airflow/.local/lib/python3.8/site-packages/airflow/example_dags/example_params_ui_tutorial.py for tasks to queue
[2026-05-03T00:27:54.912+0000] {logging_mixin.py:188} INFO - [2026-05-03T00:27:54.912+0000] {dagbag.py:540} INFO - Filling up the DagBag from /home/airflow/.local/lib/python3.8/site-packages/airflow/example_dags/example_params_ui_tutorial.py
[2026-05-03T00:27:54.921+0000] {processor.py:840} INFO - DAG(s) 'example_params_ui_tutorial' retrieved from /home/airflow/.local/lib/python3.8/site-packages/airflow/example_dags/example_params_ui_tutorial.py
[2026-05-03T00:27:54.971+0000] {logging_mixin.py:188} INFO - [2026-05-03T00:27:54.971+0000] {dag.py:3047} INFO - Sync 1 DAGs
[2026-05-03T00:27:54.979+0000] {logging_mixin.py:188} INFO - [2026-05-03T00:27:54.979+0000] {dag.py:3834} INFO - Setting next_dagrun for example_params_ui_tutorial to None, run_after=None
[2026-05-03T00:27:54.995+0000] {processor.py:183} INFO - Processing /home/airflow/.local/lib/python3.8/site-packages/airflow/example_dags/example_params_ui_tutorial.py took 0.092 seconds
[2026-05-03T00:28:25.229+0000] {processor.py:161} INFO - Started process (PID=3100) to work on /home/airflow/.local/lib/python3.8/site-packages/airflow/example_dags/example_params_ui_tutorial.py
[2026-05-03T00:28:25.232+0000] {processor.py:830} INFO - Processing file /home/airflow/.local/lib/python3.8/site-packages/airflow/example_dags/example_params_ui_tutorial.py for tasks to queue
[2026-05-03T00:28:25.234+0000] {logging_mixin.py:188} INFO - [2026-05-03T00:28:25.234+0000] {dagbag.py:540} INFO - Filling up the DagBag from /home/airflow/.local/lib/python3.8/site-packages/airflow/example_dags/example_params_ui_tutorial.py
[2026-05-03T00:28:25.248+0000] {processor.py:840} INFO - DAG(s) 'example_params_ui_tutorial' retrieved from /home/airflow/.local/lib/python3.8/site-packages/airflow/example_dags/example_params_ui_tutorial.py
[2026-05-03T00:28:25.293+0000] {logging_mixin.py:188} INFO - [2026-05-03T00:28:25.293+0000] {dag.py:3047} INFO - Sync 1 DAGs
[2026-05-03T00:28:25.303+0000] {logging_mixin.py:188} INFO - [2026-05-03T00:28:25.303+0000] {dag.py:3834} INFO - Setting next_dagrun for example_params_ui_tutorial to None, run_after=None
[2026-05-03T00:28:25.316+0000] {processor.py:183} INFO - Processing /home/airflow/.local/lib/python3.8/site-packages/airflow/example_dags/example_params_ui_tutorial.py took 0.090 seconds
[2026-05-03T00:28:55.512+0000] {processor.py:161} INFO - Started process (PID=3156) to work on /home/airflow/.local/lib/python3.8/site-packages/airflow/example_dags/example_params_ui_tutorial.py
[2026-05-03T00:28:55.513+0000] {processor.py:830} INFO - Processing file /home/airflow/.local/lib/python3.8/site-packages/airflow/example_dags/example_params_ui_tutorial.py for tasks to queue
[2026-05-03T00:28:55.515+0000] {logging_mixin.py:188} INFO - [2026-05-03T00:28:55.515+0000] {dagbag.py:540} INFO - Filling up the DagBag from /home/airflow/.local/lib/python3.8/site-packages/airflow/example_dags/example_params_ui_tutorial.py
[2026-05-03T00:28:55.527+0000] {processor.py:840} INFO - DAG(s) 'example_params_ui_tutorial' retrieved from /home/airflow/.local/lib/python3.8/site-packages/airflow/example_dags/example_params_ui_tutorial.py
[2026-05-03T00:28:55.567+0000] {logging_mixin.py:188} INFO - [2026-05-03T00:28:55.567+0000] {dag.py:3047} INFO - Sync 1 DAGs
[2026-05-03T00:28:55.579+0000] {logging_mixin.py:188} INFO - [2026-05-03T00:28:55.578+0000] {dag.py:3834} INFO - Setting next_dagrun for example_params_ui_tutorial to None, run_after=None
[2026-05-03T00:28:55.590+0000] {processor.py:183} INFO - Processing /home/airflow/.local/lib/python3.8/site-packages/airflow/example_dags/example_params_ui_tutorial.py took 0.080 seconds
[2026-05-03T00:29:25.811+0000] {processor.py:161} INFO - Started process (PID=3212) to work on /home/airflow/.local/lib/python3.8/site-packages/airflow/example_dags/example_params_ui_tutorial.py
[2026-05-03T00:29:25.812+0000] {processor.py:830} INFO - Processing file /home/airflow/.local/lib/python3.8/site-packages/airflow/example_dags/example_params_ui_tutorial.py for tasks to queue
[2026-05-03T00:29:25.814+0000] {logging_mixin.py:188} INFO - [2026-05-03T00:29:25.813+0000] {dagbag.py:540} INFO - Filling up the DagBag from /home/airflow/.local/lib/python3.8/site-packages/airflow/example_dags/example_params_ui_tutorial.py
[2026-05-03T00:29:25.823+0000] {processor.py:840} INFO - DAG(s) 'example_params_ui_tutorial' retrieved from /home/airflow/.local/lib/python3.8/site-packages/airflow/example_dags/example_params_ui_tutorial.py
[2026-05-03T00:29:25.859+0000] {logging_mixin.py:188} INFO - [2026-05-03T00:29:25.859+0000] {dag.py:3047} INFO - Sync 1 DAGs
[2026-05-03T00:29:25.867+0000] {logging_mixin.py:188} INFO - [2026-05-03T00:29:25.867+0000] {dag.py:3834} INFO - Setting next_dagrun for example_params_ui_tutorial to None, run_after=None
[2026-05-03T00:29:25.880+0000] {processor.py:183} INFO - Processing /home/airflow/.local/lib/python3.8/site-packages/airflow/example_dags/example_params_ui_tutorial.py took 0.071 seconds
[2026-05-03T00:29:56.153+0000] {processor.py:161} INFO - Started process (PID=3268) to work on /home/airflow/.local/lib/python3.8/site-packages/airflow/example_dags/example_params_ui_tutorial.py
[2026-05-03T00:29:56.153+0000] {processor.py:830} INFO - Processing file /home/airflow/.local/lib/python3.8/site-packages/airflow/example_dags/example_params_ui_tutorial.py for tasks to queue
[2026-05-03T00:29:56.155+0000] {logging_mixin.py:188} INFO - [2026-05-03T00:29:56.155+0000] {dagbag.py:540} INFO - Filling up the DagBag from /home/airflow/.local/lib/python3.8/site-packages/airflow/example_dags/example_params_ui_tutorial.py
[2026-05-03T00:29:56.166+0000] {processor.py:840} INFO - DAG(s) 'example_params_ui_tutorial' retrieved from /home/airflow/.local/lib/python3.8/site-packages/airflow/example_dags/example_params_ui_tutorial.py
[2026-05-03T00:29:56.203+0000] {logging_mixin.py:188} INFO - [2026-05-03T00:29:56.203+0000] {dag.py:3047} INFO - Sync 1 DAGs
[2026-05-03T00:29:56.211+0000] {logging_mixin.py:188} INFO - [2026-05-03T00:29:56.211+0000] {dag.py:3834} INFO - Setting next_dagrun for example_params_ui_tutorial to None, run_after=None
[2026-05-03T00:29:56.224+0000] {processor.py:183} INFO - Processing /home/airflow/.local/lib/python3.8/site-packages/airflow/example_dags/example_params_ui_tutorial.py took 0.074 seconds
[2026-05-03T00:30:26.476+0000] {processor.py:161} INFO - Started process (PID=3324) to work on /home/airflow/.local/lib/python3.8/site-packages/airflow/example_dags/example_params_ui_tutorial.py
[2026-05-03T00:30:26.477+0000] {processor.py:830} INFO - Processing file /home/airflow/.local/lib/python3.8/site-packages/airflow/example_dags/example_params_ui_tutorial.py for tasks to queue
[2026-05-03T00:30:26.479+0000] {logging_mixin.py:188} INFO - [2026-05-03T00:30:26.479+0000] {dagbag.py:540} INFO - Filling up the DagBag from /home/airflow/.local/lib/python3.8/site-packages/airflow/example_dags/example_params_ui_tutorial.py
[2026-05-03T00:30:26.490+0000] {processor.py:840} INFO - DAG(s) 'example_params_ui_tutorial' retrieved from /home/airflow/.local/lib/python3.8/site-packages/airflow/example_dags/example_params_ui_tutorial.py
[2026-05-03T00:30:26.536+0000] {logging_mixin.py:188} INFO - [2026-05-03T00:30:26.536+0000] {dag.py:3047} INFO - Sync 1 DAGs
[2026-05-03T00:30:26.544+0000] {logging_mixin.py:188} INFO - [2026-05-03T00:30:26.543+0000] {dag.py:3834} INFO - Setting next_dagrun for example_params_ui_tutorial to None, run_after=None
[2026-05-03T00:30:26.554+0000] {processor.py:183} INFO - Processing /home/airflow/.local/lib/python3.8/site-packages/airflow/example_dags/example_params_ui_tutorial.py took 0.081 seconds
[2026-05-03T00:30:56.714+0000] {processor.py:161} INFO - Started process (PID=3380) to work on /home/airflow/.local/lib/python3.8/site-packages/airflow/example_dags/example_params_ui_tutorial.py
[2026-05-03T00:30:56.715+0000] {processor.py:830} INFO - Processing file /home/airflow/.local/lib/python3.8/site-packages/airflow/example_dags/example_params_ui_tutorial.py for tasks to queue
[2026-05-03T00:30:56.717+0000] {logging_mixin.py:188} INFO - [2026-05-03T00:30:56.716+0000] {dagbag.py:540} INFO - Filling up the DagBag from /home/airflow/.local/lib/python3.8/site-packages/airflow/example_dags/example_params_ui_tutorial.py
[2026-05-03T00:30:56.727+0000] {processor.py:840} INFO - DAG(s) 'example_params_ui_tutorial' retrieved from /home/airflow/.local/lib/python3.8/site-packages/airflow/example_dags/example_params_ui_tutorial.py
[2026-05-03T00:30:56.765+0000] {logging_mixin.py:188} INFO - [2026-05-03T00:30:56.765+0000] {dag.py:3047} INFO - Sync 1 DAGs
[2026-05-03T00:30:56.773+0000] {logging_mixin.py:188} INFO - [2026-05-03T00:30:56.773+0000] {dag.py:3834} INFO - Setting next_dagrun for example_params_ui_tutorial to None, run_after=None
[2026-05-03T00:30:56.788+0000] {processor.py:183} INFO - Processing /home/airflow/.local/lib/python3.8/site-packages/airflow/example_dags/example_params_ui_tutorial.py took 0.077 seconds
[2026-05-03T00:31:27.290+0000] {processor.py:161} INFO - Started process (PID=3436) to work on /home/airflow/.local/lib/python3.8/site-packages/airflow/example_dags/example_params_ui_tutorial.py
[2026-05-03T00:31:27.295+0000] {processor.py:830} INFO - Processing file /home/airflow/.local/lib/python3.8/site-packages/airflow/example_dags/example_params_ui_tutorial.py for tasks to queue
[2026-05-03T00:31:27.300+0000] {logging_mixin.py:188} INFO - [2026-05-03T00:31:27.300+0000] {dagbag.py:540} INFO - Filling up the DagBag from /home/airflow/.local/lib/python3.8/site-packages/airflow/example_dags/example_params_ui_tutorial.py
[2026-05-03T00:31:27.311+0000] {processor.py:840} INFO - DAG(s) 'example_params_ui_tutorial' retrieved from /home/airflow/.local/lib/python3.8/site-packages/airflow/example_dags/example_params_ui_tutorial.py
[2026-05-03T00:31:27.396+0000] {logging_mixin.py:188} INFO - [2026-05-03T00:31:27.395+0000] {dag.py:3047} INFO - Sync 1 DAGs
[2026-05-03T00:31:27.451+0000] {logging_mixin.py:188} INFO - [2026-05-03T00:31:27.451+0000] {dag.py:3834} INFO - Setting next_dagrun for example_params_ui_tutorial to None, run_after=None
[2026-05-03T00:31:27.490+0000] {processor.py:183} INFO - Processing /home/airflow/.local/lib/python3.8/site-packages/airflow/example_dags/example_params_ui_tutorial.py took 0.202 seconds
[2026-05-03T00:31:57.608+0000] {processor.py:161} INFO - Started process (PID=3492) to work on /home/airflow/.local/lib/python3.8/site-packages/airflow/example_dags/example_params_ui_tutorial.py
[2026-05-03T00:31:57.610+0000] {processor.py:830} INFO - Processing file /home/airflow/.local/lib/python3.8/site-packages/airflow/example_dags/example_params_ui_tutorial.py for tasks to queue
[2026-05-03T00:31:57.611+0000] {logging_mixin.py:188} INFO - [2026-05-03T00:31:57.611+0000] {dagbag.py:540} INFO - Filling up the DagBag from /home/airflow/.local/lib/python3.8/site-packages/airflow/example_dags/example_params_ui_tutorial.py
[2026-05-03T00:31:57.622+0000] {processor.py:840} INFO - DAG(s) 'example_params_ui_tutorial' retrieved from /home/airflow/.local/lib/python3.8/site-packages/airflow/example_dags/example_params_ui_tutorial.py
[2026-05-03T00:31:57.667+0000] {logging_mixin.py:188} INFO - [2026-05-03T00:31:57.667+0000] {dag.py:3047} INFO - Sync 1 DAGs
[2026-05-03T00:31:57.675+0000] {logging_mixin.py:188} INFO - [2026-05-03T00:31:57.675+0000] {dag.py:3834} INFO - Setting next_dagrun for example_params_ui_tutorial to None, run_after=None
[2026-05-03T00:31:57.687+0000] {processor.py:183} INFO - Processing /home/airflow/.local/lib/python3.8/site-packages/airflow/example_dags/example_params_ui_tutorial.py took 0.082 seconds
[2026-05-03T00:32:27.966+0000] {processor.py:161} INFO - Started process (PID=3548) to work on /home/airflow/.local/lib/python3.8/site-packages/airflow/example_dags/example_params_ui_tutorial.py
[2026-05-03T00:32:27.968+0000] {processor.py:830} INFO - Processing file /home/airflow/.local/lib/python3.8/site-packages/airflow/example_dags/example_params_ui_tutorial.py for tasks to queue
[2026-05-03T00:32:27.970+0000] {logging_mixin.py:188} INFO - [2026-05-03T00:32:27.970+0000] {dagbag.py:540} INFO - Filling up the DagBag from /home/airflow/.local/lib/python3.8/site-packages/airflow/example_dags/example_params_ui_tutorial.py
[2026-05-03T00:32:27.979+0000] {processor.py:840} INFO - DAG(s) 'example_params_ui_tutorial' retrieved from /home/airflow/.local/lib/python3.8/site-packages/airflow/example_dags/example_params_ui_tutorial.py
[2026-05-03T00:32:28.020+0000] {logging_mixin.py:188} INFO - [2026-05-03T00:32:28.020+0000] {dag.py:3047} INFO - Sync 1 DAGs
[2026-05-03T00:32:28.030+0000] {logging_mixin.py:188} INFO - [2026-05-03T00:32:28.029+0000] {dag.py:3834} INFO - Setting next_dagrun for example_params_ui_tutorial to None, run_after=None
[2026-05-03T00:32:28.047+0000] {processor.py:183} INFO - Processing /home/airflow/.local/lib/python3.8/site-packages/airflow/example_dags/example_params_ui_tutorial.py took 0.083 seconds
[2026-05-03T00:32:58.099+0000] {processor.py:161} INFO - Started process (PID=3604) to work on /home/airflow/.local/lib/python3.8/site-packages/airflow/example_dags/example_params_ui_tutorial.py
[2026-05-03T00:32:58.100+0000] {processor.py:830} INFO - Processing file /home/airflow/.local/lib/python3.8/site-packages/airflow/example_dags/example_params_ui_tutorial.py for tasks to queue
[2026-05-03T00:32:58.103+0000] {logging_mixin.py:188} INFO - [2026-05-03T00:32:58.103+0000] {dagbag.py:540} INFO - Filling up the DagBag from /home/airflow/.local/lib/python3.8/site-packages/airflow/example_dags/example_params_ui_tutorial.py
[2026-05-03T00:32:58.113+0000] {processor.py:840} INFO - DAG(s) 'example_params_ui_tutorial' retrieved from /home/airflow/.local/lib/python3.8/site-packages/airflow/example_dags/example_params_ui_tutorial.py
[2026-05-03T00:32:58.149+0000] {logging_mixin.py:188} INFO - [2026-05-03T00:32:58.149+0000] {dag.py:3047} INFO - Sync 1 DAGs
[2026-05-03T00:32:58.156+0000] {logging_mixin.py:188} INFO - [2026-05-03T00:32:58.156+0000] {dag.py:3834} INFO - Setting next_dagrun for example_params_ui_tutorial to None, run_after=None
[2026-05-03T00:32:58.171+0000] {processor.py:183} INFO - Processing /home/airflow/.local/lib/python3.8/site-packages/airflow/example_dags/example_params_ui_tutorial.py took 0.074 seconds
[2026-05-03T00:33:28.616+0000] {processor.py:161} INFO - Started process (PID=3660) to work on /home/airflow/.local/lib/python3.8/site-packages/airflow/example_dags/example_params_ui_tutorial.py
[2026-05-03T00:33:28.617+0000] {processor.py:830} INFO - Processing file /home/airflow/.local/lib/python3.8/site-packages/airflow/example_dags/example_params_ui_tutorial.py for tasks to queue
[2026-05-03T00:33:28.620+0000] {logging_mixin.py:188} INFO - [2026-05-03T00:33:28.620+0000] {dagbag.py:540} INFO - Filling up the DagBag from /home/airflow/.local/lib/python3.8/site-packages/airflow/example_dags/example_params_ui_tutorial.py
[2026-05-03T00:33:28.632+0000] {processor.py:840} INFO - DAG(s) 'example_params_ui_tutorial' retrieved from /home/airflow/.local/lib/python3.8/site-packages/airflow/example_dags/example_params_ui_tutorial.py
[2026-05-03T00:33:28.684+0000] {logging_mixin.py:188} INFO - [2026-05-03T00:33:28.684+0000] {dag.py:3047} INFO - Sync 1 DAGs
[2026-05-03T00:33:28.692+0000] {logging_mixin.py:188} INFO - [2026-05-03T00:33:28.692+0000] {dag.py:3834} INFO - Setting next_dagrun for example_params_ui_tutorial to None, run_after=None
[2026-05-03T00:33:28.703+0000] {processor.py:183} INFO - Processing /home/airflow/.local/lib/python3.8/site-packages/airflow/example_dags/example_params_ui_tutorial.py took 0.090 seconds
[2026-05-03T00:33:59.357+0000] {processor.py:161} INFO - Started process (PID=3716) to work on /home/airflow/.local/lib/python3.8/site-packages/airflow/example_dags/example_params_ui_tutorial.py
[2026-05-03T00:33:59.359+0000] {processor.py:830} INFO - Processing file /home/airflow/.local/lib/python3.8/site-packages/airflow/example_dags/example_params_ui_tutorial.py for tasks to queue
[2026-05-03T00:33:59.361+0000] {logging_mixin.py:188} INFO - [2026-05-03T00:33:59.360+0000] {dagbag.py:540} INFO - Filling up the DagBag from /home/airflow/.local/lib/python3.8/site-packages/airflow/example_dags/example_params_ui_tutorial.py
[2026-05-03T00:33:59.375+0000] {processor.py:840} INFO - DAG(s) 'example_params_ui_tutorial' retrieved from /home/airflow/.local/lib/python3.8/site-packages/airflow/example_dags/example_params_ui_tutorial.py
[2026-05-03T00:33:59.423+0000] {logging_mixin.py:188} INFO - [2026-05-03T00:33:59.423+0000] {dag.py:3047} INFO - Sync 1 DAGs
[2026-05-03T00:33:59.434+0000] {logging_mixin.py:188} INFO - [2026-05-03T00:33:59.434+0000] {dag.py:3834} INFO - Setting next_dagrun for example_params_ui_tutorial to None, run_after=None
[2026-05-03T00:33:59.447+0000] {processor.py:183} INFO - Processing /home/airflow/.local/lib/python3.8/site-packages/airflow/example_dags/example_params_ui_tutorial.py took 0.097 seconds
[2026-05-03T00:34:29.578+0000] {processor.py:161} INFO - Started process (PID=3772) to work on /home/airflow/.local/lib/python3.8/site-packages/airflow/example_dags/example_params_ui_tutorial.py
[2026-05-03T00:34:29.579+0000] {processor.py:830} INFO - Processing file /home/airflow/.local/lib/python3.8/site-packages/airflow/example_dags/example_params_ui_tutorial.py for tasks to queue
[2026-05-03T00:34:29.581+0000] {logging_mixin.py:188} INFO - [2026-05-03T00:34:29.581+0000] {dagbag.py:540} INFO - Filling up the DagBag from /home/airflow/.local/lib/python3.8/site-packages/airflow/example_dags/example_params_ui_tutorial.py
[2026-05-03T00:34:29.590+0000] {processor.py:840} INFO - DAG(s) 'example_params_ui_tutorial' retrieved from /home/airflow/.local/lib/python3.8/site-packages/airflow/example_dags/example_params_ui_tutorial.py
[2026-05-03T00:34:29.632+0000] {logging_mixin.py:188} INFO - [2026-05-03T00:34:29.632+0000] {dag.py:3047} INFO - Sync 1 DAGs
[2026-05-03T00:34:29.641+0000] {logging_mixin.py:188} INFO - [2026-05-03T00:34:29.641+0000] {dag.py:3834} INFO - Setting next_dagrun for example_params_ui_tutorial to None, run_after=None
[2026-05-03T00:34:29.654+0000] {processor.py:183} INFO - Processing /home/airflow/.local/lib/python3.8/site-packages/airflow/example_dags/example_params_ui_tutorial.py took 0.078 seconds
[2026-05-03T00:34:59.775+0000] {processor.py:161} INFO - Started process (PID=3828) to work on /home/airflow/.local/lib/python3.8/site-packages/airflow/example_dags/example_params_ui_tutorial.py
[2026-05-03T00:34:59.779+0000] {processor.py:830} INFO - Processing file /home/airflow/.local/lib/python3.8/site-packages/airflow/example_dags/example_params_ui_tutorial.py for tasks to queue
[2026-05-03T00:34:59.781+0000] {logging_mixin.py:188} INFO - [2026-05-03T00:34:59.781+0000] {dagbag.py:540} INFO - Filling up the DagBag from /home/airflow/.local/lib/python3.8/site-packages/airflow/example_dags/example_params_ui_tutorial.py
[2026-05-03T00:34:59.790+0000] {processor.py:840} INFO - DAG(s) 'example_params_ui_tutorial' retrieved from /home/airflow/.local/lib/python3.8/site-packages/airflow/example_dags/example_params_ui_tutorial.py
[2026-05-03T00:34:59.829+0000] {logging_mixin.py:188} INFO - [2026-05-03T00:34:59.829+0000] {dag.py:3047} INFO - Sync 1 DAGs
[2026-05-03T00:34:59.838+0000] {logging_mixin.py:188} INFO - [2026-05-03T00:34:59.838+0000] {dag.py:3834} INFO - Setting next_dagrun for example_params_ui_tutorial to None, run_after=None
[2026-05-03T00:34:59.850+0000] {processor.py:183} INFO - Processing /home/airflow/.local/lib/python3.8/site-packages/airflow/example_dags/example_params_ui_tutorial.py took 0.077 seconds
[2026-05-03T00:35:30.038+0000] {processor.py:161} INFO - Started process (PID=3884) to work on /home/airflow/.local/lib/python3.8/site-packages/airflow/example_dags/example_params_ui_tutorial.py
[2026-05-03T00:35:30.041+0000] {processor.py:830} INFO - Processing file /home/airflow/.local/lib/python3.8/site-packages/airflow/example_dags/example_params_ui_tutorial.py for tasks to queue
[2026-05-03T00:35:30.045+0000] {logging_mixin.py:188} INFO - [2026-05-03T00:35:30.045+0000] {dagbag.py:540} INFO - Filling up the DagBag from /home/airflow/.local/lib/python3.8/site-packages/airflow/example_dags/example_params_ui_tutorial.py
[2026-05-03T00:35:30.055+0000] {processor.py:840} INFO - DAG(s) 'example_params_ui_tutorial' retrieved from /home/airflow/.local/lib/python3.8/site-packages/airflow/example_dags/example_params_ui_tutorial.py
[2026-05-03T00:35:30.103+0000] {logging_mixin.py:188} INFO - [2026-05-03T00:35:30.103+0000] {dag.py:3047} INFO - Sync 1 DAGs
[2026-05-03T00:35:30.111+0000] {logging_mixin.py:188} INFO - [2026-05-03T00:35:30.111+0000] {dag.py:3834} INFO - Setting next_dagrun for example_params_ui_tutorial to None, run_after=None
[2026-05-03T00:35:30.129+0000] {processor.py:183} INFO - Processing /home/airflow/.local/lib/python3.8/site-packages/airflow/example_dags/example_params_ui_tutorial.py took 0.096 seconds
[2026-05-03T00:36:00.481+0000] {processor.py:161} INFO - Started process (PID=3940) to work on /home/airflow/.local/lib/python3.8/site-packages/airflow/example_dags/example_params_ui_tutorial.py
[2026-05-03T00:36:00.482+0000] {processor.py:830} INFO - Processing file /home/airflow/.local/lib/python3.8/site-packages/airflow/example_dags/example_params_ui_tutorial.py for tasks to queue
[2026-05-03T00:36:00.484+0000] {logging_mixin.py:188} INFO - [2026-05-03T00:36:00.484+0000] {dagbag.py:540} INFO - Filling up the DagBag from /home/airflow/.local/lib/python3.8/site-packages/airflow/example_dags/example_params_ui_tutorial.py
[2026-05-03T00:36:00.498+0000] {processor.py:840} INFO - DAG(s) 'example_params_ui_tutorial' retrieved from /home/airflow/.local/lib/python3.8/site-packages/airflow/example_dags/example_params_ui_tutorial.py
[2026-05-03T00:36:00.544+0000] {logging_mixin.py:188} INFO - [2026-05-03T00:36:00.544+0000] {dag.py:3047} INFO - Sync 1 DAGs
[2026-05-03T00:36:00.553+0000] {logging_mixin.py:188} INFO - [2026-05-03T00:36:00.553+0000] {dag.py:3834} INFO - Setting next_dagrun for example_params_ui_tutorial to None, run_after=None
[2026-05-03T00:36:00.566+0000] {processor.py:183} INFO - Processing /home/airflow/.local/lib/python3.8/site-packages/airflow/example_dags/example_params_ui_tutorial.py took 0.089 seconds
[2026-05-03T00:36:30.957+0000] {processor.py:161} INFO - Started process (PID=3996) to work on /home/airflow/.local/lib/python3.8/site-packages/airflow/example_dags/example_params_ui_tutorial.py
[2026-05-03T00:36:30.958+0000] {processor.py:830} INFO - Processing file /home/airflow/.local/lib/python3.8/site-packages/airflow/example_dags/example_params_ui_tutorial.py for tasks to queue
[2026-05-03T00:36:30.960+0000] {logging_mixin.py:188} INFO - [2026-05-03T00:36:30.960+0000] {dagbag.py:540} INFO - Filling up the DagBag from /home/airflow/.local/lib/python3.8/site-packages/airflow/example_dags/example_params_ui_tutorial.py
[2026-05-03T00:36:30.970+0000] {processor.py:840} INFO - DAG(s) 'example_params_ui_tutorial' retrieved from /home/airflow/.local/lib/python3.8/site-packages/airflow/example_dags/example_params_ui_tutorial.py
[2026-05-03T00:36:31.011+0000] {logging_mixin.py:188} INFO - [2026-05-03T00:36:31.011+0000] {dag.py:3047} INFO - Sync 1 DAGs
[2026-05-03T00:36:31.019+0000] {logging_mixin.py:188} INFO - [2026-05-03T00:36:31.019+0000] {dag.py:3834} INFO - Setting next_dagrun for example_params_ui_tutorial to None, run_after=None
[2026-05-03T00:36:31.035+0000] {processor.py:183} INFO - Processing /home/airflow/.local/lib/python3.8/site-packages/airflow/example_dags/example_params_ui_tutorial.py took 0.081 seconds
[2026-05-03T00:37:01.439+0000] {processor.py:161} INFO - Started process (PID=4052) to work on /home/airflow/.local/lib/python3.8/site-packages/airflow/example_dags/example_params_ui_tutorial.py
[2026-05-03T00:37:01.442+0000] {processor.py:830} INFO - Processing file /home/airflow/.local/lib/python3.8/site-packages/airflow/example_dags/example_params_ui_tutorial.py for tasks to queue
[2026-05-03T00:37:01.443+0000] {logging_mixin.py:188} INFO - [2026-05-03T00:37:01.443+0000] {dagbag.py:540} INFO - Filling up the DagBag from /home/airflow/.local/lib/python3.8/site-packages/airflow/example_dags/example_params_ui_tutorial.py
[2026-05-03T00:37:01.454+0000] {processor.py:840} INFO - DAG(s) 'example_params_ui_tutorial' retrieved from /home/airflow/.local/lib/python3.8/site-packages/airflow/example_dags/example_params_ui_tutorial.py
[2026-05-03T00:37:01.493+0000] {logging_mixin.py:188} INFO - [2026-05-03T00:37:01.492+0000] {dag.py:3047} INFO - Sync 1 DAGs
[2026-05-03T00:37:01.504+0000] {logging_mixin.py:188} INFO - [2026-05-03T00:37:01.504+0000] {dag.py:3834} INFO - Setting next_dagrun for example_params_ui_tutorial to None, run_after=None
[2026-05-03T00:37:01.518+0000] {processor.py:183} INFO - Processing /home/airflow/.local/lib/python3.8/site-packages/airflow/example_dags/example_params_ui_tutorial.py took 0.082 seconds
[2026-05-03T00:37:31.956+0000] {processor.py:161} INFO - Started process (PID=4108) to work on /home/airflow/.local/lib/python3.8/site-packages/airflow/example_dags/example_params_ui_tutorial.py
[2026-05-03T00:37:31.959+0000] {processor.py:830} INFO - Processing file /home/airflow/.local/lib/python3.8/site-packages/airflow/example_dags/example_params_ui_tutorial.py for tasks to queue
[2026-05-03T00:37:31.960+0000] {logging_mixin.py:188} INFO - [2026-05-03T00:37:31.960+0000] {dagbag.py:540} INFO - Filling up the DagBag from /home/airflow/.local/lib/python3.8/site-packages/airflow/example_dags/example_params_ui_tutorial.py
[2026-05-03T00:37:31.973+0000] {processor.py:840} INFO - DAG(s) 'example_params_ui_tutorial' retrieved from /home/airflow/.local/lib/python3.8/site-packages/airflow/example_dags/example_params_ui_tutorial.py
[2026-05-03T00:37:32.020+0000] {logging_mixin.py:188} INFO - [2026-05-03T00:37:32.020+0000] {dag.py:3047} INFO - Sync 1 DAGs
[2026-05-03T00:37:32.030+0000] {logging_mixin.py:188} INFO - [2026-05-03T00:37:32.029+0000] {dag.py:3834} INFO - Setting next_dagrun for example_params_ui_tutorial to None, run_after=None
[2026-05-03T00:37:32.040+0000] {processor.py:183} INFO - Processing /home/airflow/.local/lib/python3.8/site-packages/airflow/example_dags/example_params_ui_tutorial.py took 0.087 seconds
[2026-05-03T00:38:02.340+0000] {processor.py:161} INFO - Started process (PID=4164) to work on /home/airflow/.local/lib/python3.8/site-packages/airflow/example_dags/example_params_ui_tutorial.py
[2026-05-03T00:38:02.341+0000] {processor.py:830} INFO - Processing file /home/airflow/.local/lib/python3.8/site-packages/airflow/example_dags/example_params_ui_tutorial.py for tasks to queue
[2026-05-03T00:38:02.343+0000] {logging_mixin.py:188} INFO - [2026-05-03T00:38:02.343+0000] {dagbag.py:540} INFO - Filling up the DagBag from /home/airflow/.local/lib/python3.8/site-packages/airflow/example_dags/example_params_ui_tutorial.py
[2026-05-03T00:38:02.352+0000] {processor.py:840} INFO - DAG(s) 'example_params_ui_tutorial' retrieved from /home/airflow/.local/lib/python3.8/site-packages/airflow/example_dags/example_params_ui_tutorial.py
[2026-05-03T00:38:02.401+0000] {logging_mixin.py:188} INFO - [2026-05-03T00:38:02.400+0000] {dag.py:3047} INFO - Sync 1 DAGs
[2026-05-03T00:38:02.411+0000] {logging_mixin.py:188} INFO - [2026-05-03T00:38:02.411+0000] {dag.py:3834} INFO - Setting next_dagrun for example_params_ui_tutorial to None, run_after=None
[2026-05-03T00:38:02.425+0000] {processor.py:183} INFO - Processing /home/airflow/.local/lib/python3.8/site-packages/airflow/example_dags/example_params_ui_tutorial.py took 0.089 seconds
[2026-05-03T00:38:32.894+0000] {processor.py:161} INFO - Started process (PID=4220) to work on /home/airflow/.local/lib/python3.8/site-packages/airflow/example_dags/example_params_ui_tutorial.py
[2026-05-03T00:38:32.895+0000] {processor.py:830} INFO - Processing file /home/airflow/.local/lib/python3.8/site-packages/airflow/example_dags/example_params_ui_tutorial.py for tasks to queue
[2026-05-03T00:38:32.897+0000] {logging_mixin.py:188} INFO - [2026-05-03T00:38:32.897+0000] {dagbag.py:540} INFO - Filling up the DagBag from /home/airflow/.local/lib/python3.8/site-packages/airflow/example_dags/example_params_ui_tutorial.py
[2026-05-03T00:38:32.910+0000] {processor.py:840} INFO - DAG(s) 'example_params_ui_tutorial' retrieved from /home/airflow/.local/lib/python3.8/site-packages/airflow/example_dags/example_params_ui_tutorial.py
[2026-05-03T00:38:32.955+0000] {logging_mixin.py:188} INFO - [2026-05-03T00:38:32.955+0000] {dag.py:3047} INFO - Sync 1 DAGs
[2026-05-03T00:38:32.966+0000] {logging_mixin.py:188} INFO - [2026-05-03T00:38:32.965+0000] {dag.py:3834} INFO - Setting next_dagrun for example_params_ui_tutorial to None, run_after=None
[2026-05-03T00:38:32.978+0000] {processor.py:183} INFO - Processing /home/airflow/.local/lib/python3.8/site-packages/airflow/example_dags/example_params_ui_tutorial.py took 0.087 seconds
[2026-05-03T00:39:03.184+0000] {processor.py:161} INFO - Started process (PID=4276) to work on /home/airflow/.local/lib/python3.8/site-packages/airflow/example_dags/example_params_ui_tutorial.py
[2026-05-03T00:39:03.185+0000] {processor.py:830} INFO - Processing file /home/airflow/.local/lib/python3.8/site-packages/airflow/example_dags/example_params_ui_tutorial.py for tasks to queue
[2026-05-03T00:39:03.187+0000] {logging_mixin.py:188} INFO - [2026-05-03T00:39:03.187+0000] {dagbag.py:540} INFO - Filling up the DagBag from /home/airflow/.local/lib/python3.8/site-packages/airflow/example_dags/example_params_ui_tutorial.py
[2026-05-03T00:39:03.195+0000] {processor.py:840} INFO - DAG(s) 'example_params_ui_tutorial' retrieved from /home/airflow/.local/lib/python3.8/site-packages/airflow/example_dags/example_params_ui_tutorial.py
[2026-05-03T00:39:03.232+0000] {logging_mixin.py:188} INFO - [2026-05-03T00:39:03.232+0000] {dag.py:3047} INFO - Sync 1 DAGs
[2026-05-03T00:39:03.239+0000] {logging_mixin.py:188} INFO - [2026-05-03T00:39:03.239+0000] {dag.py:3834} INFO - Setting next_dagrun for example_params_ui_tutorial to None, run_after=None
[2026-05-03T00:39:03.250+0000] {processor.py:183} INFO - Processing /home/airflow/.local/lib/python3.8/site-packages/airflow/example_dags/example_params_ui_tutorial.py took 0.068 seconds
[2026-05-03T00:39:33.641+0000] {processor.py:161} INFO - Started process (PID=4332) to work on /home/airflow/.local/lib/python3.8/site-packages/airflow/example_dags/example_params_ui_tutorial.py
[2026-05-03T00:39:33.643+0000] {processor.py:830} INFO - Processing file /home/airflow/.local/lib/python3.8/site-packages/airflow/example_dags/example_params_ui_tutorial.py for tasks to queue
[2026-05-03T00:39:33.647+0000] {logging_mixin.py:188} INFO - [2026-05-03T00:39:33.646+0000] {dagbag.py:540} INFO - Filling up the DagBag from /home/airflow/.local/lib/python3.8/site-packages/airflow/example_dags/example_params_ui_tutorial.py
[2026-05-03T00:39:33.663+0000] {processor.py:840} INFO - DAG(s) 'example_params_ui_tutorial' retrieved from /home/airflow/.local/lib/python3.8/site-packages/airflow/example_dags/example_params_ui_tutorial.py
[2026-05-03T00:39:33.709+0000] {logging_mixin.py:188} INFO - [2026-05-03T00:39:33.709+0000] {dag.py:3047} INFO - Sync 1 DAGs
[2026-05-03T00:39:33.719+0000] {logging_mixin.py:188} INFO - [2026-05-03T00:39:33.719+0000] {dag.py:3834} INFO - Setting next_dagrun for example_params_ui_tutorial to None, run_after=None
[2026-05-03T00:39:33.737+0000] {processor.py:183} INFO - Processing /home/airflow/.local/lib/python3.8/site-packages/airflow/example_dags/example_params_ui_tutorial.py took 0.100 seconds
