[2026-05-03T00:02:02.206+0000] {processor.py:161} INFO - Started process (PID=2791) to work on /home/airflow/.local/lib/python3.8/site-packages/airflow/example_dags/example_datasets.py
[2026-05-03T00:02:02.207+0000] {processor.py:830} INFO - Processing file /home/airflow/.local/lib/python3.8/site-packages/airflow/example_dags/example_datasets.py for tasks to queue
[2026-05-03T00:02:02.208+0000] {logging_mixin.py:188} INFO - [2026-05-03T00:02:02.208+0000] {dagbag.py:540} INFO - Filling up the DagBag from /home/airflow/.local/lib/python3.8/site-packages/airflow/example_dags/example_datasets.py
[2026-05-03T00:02:02.220+0000] {processor.py:840} INFO - DAG(s) 'dataset_produces_1', 'dataset_produces_2', 'dataset_consumes_1_and_2', 'dataset_consumes_unknown_never_scheduled', 'dataset_consumes_1', 'dataset_consumes_1_never_scheduled' retrieved from /home/airflow/.local/lib/python3.8/site-packages/airflow/example_dags/example_datasets.py
[2026-05-03T00:02:02.250+0000] {logging_mixin.py:188} INFO - [2026-05-03T00:02:02.249+0000] {dag.py:3047} INFO - Sync 6 DAGs
[2026-05-03T00:02:02.265+0000] {logging_mixin.py:188} INFO - [2026-05-03T00:02:02.265+0000] {dag.py:3834} INFO - Setting next_dagrun for dataset_consumes_1 to None, run_after=None
[2026-05-03T00:02:02.268+0000] {logging_mixin.py:188} INFO - [2026-05-03T00:02:02.268+0000] {dag.py:3834} INFO - Setting next_dagrun for dataset_consumes_1_and_2 to None, run_after=None
[2026-05-03T00:02:02.270+0000] {logging_mixin.py:188} INFO - [2026-05-03T00:02:02.270+0000] {dag.py:3834} INFO - Setting next_dagrun for dataset_consumes_1_never_scheduled to None, run_after=None
[2026-05-03T00:02:02.273+0000] {logging_mixin.py:188} INFO - [2026-05-03T00:02:02.273+0000] {dag.py:3834} INFO - Setting next_dagrun for dataset_consumes_unknown_never_scheduled to None, run_after=None
[2026-05-03T00:02:02.276+0000] {logging_mixin.py:188} INFO - [2026-05-03T00:02:02.276+0000] {dag.py:3834} INFO - Setting next_dagrun for dataset_produces_1 to 2026-05-02 00:00:00+00:00, run_after=2026-05-03 00:00:00+00:00
[2026-05-03T00:02:02.277+0000] {logging_mixin.py:188} INFO - [2026-05-03T00:02:02.277+0000] {dag.py:3834} INFO - Setting next_dagrun for dataset_produces_2 to None, run_after=None
[2026-05-03T00:02:02.302+0000] {processor.py:183} INFO - Processing /home/airflow/.local/lib/python3.8/site-packages/airflow/example_dags/example_datasets.py took 0.098 seconds
[2026-05-03T00:11:42.638+0000] {processor.py:161} INFO - Started process (PID=2847) to work on /home/airflow/.local/lib/python3.8/site-packages/airflow/example_dags/example_datasets.py
[2026-05-03T00:11:42.639+0000] {processor.py:830} INFO - Processing file /home/airflow/.local/lib/python3.8/site-packages/airflow/example_dags/example_datasets.py for tasks to queue
[2026-05-03T00:11:42.641+0000] {logging_mixin.py:188} INFO - [2026-05-03T00:11:42.641+0000] {dagbag.py:540} INFO - Filling up the DagBag from /home/airflow/.local/lib/python3.8/site-packages/airflow/example_dags/example_datasets.py
[2026-05-03T00:11:42.649+0000] {processor.py:840} INFO - DAG(s) 'dataset_consumes_1_and_2', 'dataset_produces_2', 'dataset_consumes_1', 'dataset_consumes_unknown_never_scheduled', 'dataset_consumes_1_never_scheduled', 'dataset_produces_1' retrieved from /home/airflow/.local/lib/python3.8/site-packages/airflow/example_dags/example_datasets.py
[2026-05-03T00:11:42.674+0000] {logging_mixin.py:188} INFO - [2026-05-03T00:11:42.673+0000] {dag.py:3047} INFO - Sync 6 DAGs
[2026-05-03T00:11:42.691+0000] {logging_mixin.py:188} INFO - [2026-05-03T00:11:42.691+0000] {dag.py:3834} INFO - Setting next_dagrun for dataset_consumes_1 to None, run_after=None
[2026-05-03T00:11:42.694+0000] {logging_mixin.py:188} INFO - [2026-05-03T00:11:42.694+0000] {dag.py:3834} INFO - Setting next_dagrun for dataset_consumes_1_and_2 to None, run_after=None
[2026-05-03T00:11:42.695+0000] {logging_mixin.py:188} INFO - [2026-05-03T00:11:42.695+0000] {dag.py:3834} INFO - Setting next_dagrun for dataset_consumes_1_never_scheduled to None, run_after=None
[2026-05-03T00:11:42.696+0000] {logging_mixin.py:188} INFO - [2026-05-03T00:11:42.696+0000] {dag.py:3834} INFO - Setting next_dagrun for dataset_consumes_unknown_never_scheduled to None, run_after=None
[2026-05-03T00:11:42.697+0000] {logging_mixin.py:188} INFO - [2026-05-03T00:11:42.697+0000] {dag.py:3834} INFO - Setting next_dagrun for dataset_produces_1 to 2026-05-02 00:00:00+00:00, run_after=2026-05-03 00:00:00+00:00
[2026-05-03T00:11:42.698+0000] {logging_mixin.py:188} INFO - [2026-05-03T00:11:42.698+0000] {dag.py:3834} INFO - Setting next_dagrun for dataset_produces_2 to None, run_after=None
[2026-05-03T00:11:42.715+0000] {processor.py:183} INFO - Processing /home/airflow/.local/lib/python3.8/site-packages/airflow/example_dags/example_datasets.py took 0.079 seconds
[2026-05-03T00:20:54.453+0000] {processor.py:161} INFO - Started process (PID=2903) to work on /home/airflow/.local/lib/python3.8/site-packages/airflow/example_dags/example_datasets.py
[2026-05-03T00:20:54.455+0000] {processor.py:830} INFO - Processing file /home/airflow/.local/lib/python3.8/site-packages/airflow/example_dags/example_datasets.py for tasks to queue
[2026-05-03T00:20:54.457+0000] {logging_mixin.py:188} INFO - [2026-05-03T00:20:54.457+0000] {dagbag.py:540} INFO - Filling up the DagBag from /home/airflow/.local/lib/python3.8/site-packages/airflow/example_dags/example_datasets.py
[2026-05-03T00:20:54.464+0000] {processor.py:840} INFO - DAG(s) 'dataset_consumes_1', 'dataset_consumes_1_and_2', 'dataset_consumes_unknown_never_scheduled', 'dataset_produces_1', 'dataset_consumes_1_never_scheduled', 'dataset_produces_2' retrieved from /home/airflow/.local/lib/python3.8/site-packages/airflow/example_dags/example_datasets.py
[2026-05-03T00:20:54.486+0000] {logging_mixin.py:188} INFO - [2026-05-03T00:20:54.486+0000] {dag.py:3047} INFO - Sync 6 DAGs
[2026-05-03T00:20:54.501+0000] {logging_mixin.py:188} INFO - [2026-05-03T00:20:54.501+0000] {dag.py:3834} INFO - Setting next_dagrun for dataset_consumes_1 to None, run_after=None
[2026-05-03T00:20:54.503+0000] {logging_mixin.py:188} INFO - [2026-05-03T00:20:54.503+0000] {dag.py:3834} INFO - Setting next_dagrun for dataset_consumes_1_and_2 to None, run_after=None
[2026-05-03T00:20:54.504+0000] {logging_mixin.py:188} INFO - [2026-05-03T00:20:54.503+0000] {dag.py:3834} INFO - Setting next_dagrun for dataset_consumes_1_never_scheduled to None, run_after=None
[2026-05-03T00:20:54.504+0000] {logging_mixin.py:188} INFO - [2026-05-03T00:20:54.504+0000] {dag.py:3834} INFO - Setting next_dagrun for dataset_consumes_unknown_never_scheduled to None, run_after=None
[2026-05-03T00:20:54.506+0000] {logging_mixin.py:188} INFO - [2026-05-03T00:20:54.506+0000] {dag.py:3834} INFO - Setting next_dagrun for dataset_produces_1 to 2026-05-02 00:00:00+00:00, run_after=2026-05-03 00:00:00+00:00
[2026-05-03T00:20:54.506+0000] {logging_mixin.py:188} INFO - [2026-05-03T00:20:54.506+0000] {dag.py:3834} INFO - Setting next_dagrun for dataset_produces_2 to None, run_after=None
[2026-05-03T00:20:54.524+0000] {processor.py:183} INFO - Processing /home/airflow/.local/lib/python3.8/site-packages/airflow/example_dags/example_datasets.py took 0.073 seconds
[2026-05-03T00:26:54.739+0000] {processor.py:161} INFO - Started process (PID=2959) to work on /home/airflow/.local/lib/python3.8/site-packages/airflow/example_dags/example_datasets.py
[2026-05-03T00:26:54.740+0000] {processor.py:830} INFO - Processing file /home/airflow/.local/lib/python3.8/site-packages/airflow/example_dags/example_datasets.py for tasks to queue
[2026-05-03T00:26:54.742+0000] {logging_mixin.py:188} INFO - [2026-05-03T00:26:54.742+0000] {dagbag.py:540} INFO - Filling up the DagBag from /home/airflow/.local/lib/python3.8/site-packages/airflow/example_dags/example_datasets.py
[2026-05-03T00:26:54.752+0000] {processor.py:840} INFO - DAG(s) 'dataset_consumes_1_never_scheduled', 'dataset_consumes_1_and_2', 'dataset_consumes_1', 'dataset_produces_1', 'dataset_consumes_unknown_never_scheduled', 'dataset_produces_2' retrieved from /home/airflow/.local/lib/python3.8/site-packages/airflow/example_dags/example_datasets.py
[2026-05-03T00:26:54.786+0000] {logging_mixin.py:188} INFO - [2026-05-03T00:26:54.786+0000] {dag.py:3047} INFO - Sync 6 DAGs
[2026-05-03T00:26:54.815+0000] {logging_mixin.py:188} INFO - [2026-05-03T00:26:54.815+0000] {dag.py:3834} INFO - Setting next_dagrun for dataset_consumes_1 to None, run_after=None
[2026-05-03T00:26:54.822+0000] {logging_mixin.py:188} INFO - [2026-05-03T00:26:54.822+0000] {dag.py:3834} INFO - Setting next_dagrun for dataset_consumes_1_and_2 to None, run_after=None
[2026-05-03T00:26:54.824+0000] {logging_mixin.py:188} INFO - [2026-05-03T00:26:54.824+0000] {dag.py:3834} INFO - Setting next_dagrun for dataset_consumes_1_never_scheduled to None, run_after=None
[2026-05-03T00:26:54.826+0000] {logging_mixin.py:188} INFO - [2026-05-03T00:26:54.826+0000] {dag.py:3834} INFO - Setting next_dagrun for dataset_consumes_unknown_never_scheduled to None, run_after=None
[2026-05-03T00:26:54.836+0000] {logging_mixin.py:188} INFO - [2026-05-03T00:26:54.835+0000] {dag.py:3834} INFO - Setting next_dagrun for dataset_produces_1 to 2026-05-02 00:00:00+00:00, run_after=2026-05-03 00:00:00+00:00
[2026-05-03T00:26:54.840+0000] {logging_mixin.py:188} INFO - [2026-05-03T00:26:54.840+0000] {dag.py:3834} INFO - Setting next_dagrun for dataset_produces_2 to None, run_after=None
[2026-05-03T00:26:54.949+0000] {processor.py:183} INFO - Processing /home/airflow/.local/lib/python3.8/site-packages/airflow/example_dags/example_datasets.py took 0.214 seconds
[2026-05-03T00:27:25.867+0000] {processor.py:161} INFO - Started process (PID=3015) to work on /home/airflow/.local/lib/python3.8/site-packages/airflow/example_dags/example_datasets.py
[2026-05-03T00:27:25.869+0000] {processor.py:830} INFO - Processing file /home/airflow/.local/lib/python3.8/site-packages/airflow/example_dags/example_datasets.py for tasks to queue
[2026-05-03T00:27:25.871+0000] {logging_mixin.py:188} INFO - [2026-05-03T00:27:25.871+0000] {dagbag.py:540} INFO - Filling up the DagBag from /home/airflow/.local/lib/python3.8/site-packages/airflow/example_dags/example_datasets.py
[2026-05-03T00:27:25.879+0000] {processor.py:840} INFO - DAG(s) 'dataset_produces_1', 'dataset_consumes_1_never_scheduled', 'dataset_consumes_1', 'dataset_produces_2', 'dataset_consumes_unknown_never_scheduled', 'dataset_consumes_1_and_2' retrieved from /home/airflow/.local/lib/python3.8/site-packages/airflow/example_dags/example_datasets.py
[2026-05-03T00:27:25.900+0000] {logging_mixin.py:188} INFO - [2026-05-03T00:27:25.900+0000] {dag.py:3047} INFO - Sync 6 DAGs
[2026-05-03T00:27:25.914+0000] {logging_mixin.py:188} INFO - [2026-05-03T00:27:25.914+0000] {dag.py:3834} INFO - Setting next_dagrun for dataset_consumes_1 to None, run_after=None
[2026-05-03T00:27:25.916+0000] {logging_mixin.py:188} INFO - [2026-05-03T00:27:25.916+0000] {dag.py:3834} INFO - Setting next_dagrun for dataset_consumes_1_and_2 to None, run_after=None
[2026-05-03T00:27:25.917+0000] {logging_mixin.py:188} INFO - [2026-05-03T00:27:25.917+0000] {dag.py:3834} INFO - Setting next_dagrun for dataset_consumes_1_never_scheduled to None, run_after=None
[2026-05-03T00:27:25.918+0000] {logging_mixin.py:188} INFO - [2026-05-03T00:27:25.918+0000] {dag.py:3834} INFO - Setting next_dagrun for dataset_consumes_unknown_never_scheduled to None, run_after=None
[2026-05-03T00:27:25.919+0000] {logging_mixin.py:188} INFO - [2026-05-03T00:27:25.919+0000] {dag.py:3834} INFO - Setting next_dagrun for dataset_produces_1 to 2026-05-02 00:00:00+00:00, run_after=2026-05-03 00:00:00+00:00
[2026-05-03T00:27:25.920+0000] {logging_mixin.py:188} INFO - [2026-05-03T00:27:25.920+0000] {dag.py:3834} INFO - Setting next_dagrun for dataset_produces_2 to None, run_after=None
[2026-05-03T00:27:25.937+0000] {processor.py:183} INFO - Processing /home/airflow/.local/lib/python3.8/site-packages/airflow/example_dags/example_datasets.py took 0.073 seconds
[2026-05-03T00:27:56.169+0000] {processor.py:161} INFO - Started process (PID=3071) to work on /home/airflow/.local/lib/python3.8/site-packages/airflow/example_dags/example_datasets.py
[2026-05-03T00:27:56.173+0000] {processor.py:830} INFO - Processing file /home/airflow/.local/lib/python3.8/site-packages/airflow/example_dags/example_datasets.py for tasks to queue
[2026-05-03T00:27:56.175+0000] {logging_mixin.py:188} INFO - [2026-05-03T00:27:56.175+0000] {dagbag.py:540} INFO - Filling up the DagBag from /home/airflow/.local/lib/python3.8/site-packages/airflow/example_dags/example_datasets.py
[2026-05-03T00:27:56.186+0000] {processor.py:840} INFO - DAG(s) 'dataset_consumes_1', 'dataset_consumes_1_never_scheduled', 'dataset_produces_1', 'dataset_consumes_1_and_2', 'dataset_produces_2', 'dataset_consumes_unknown_never_scheduled' retrieved from /home/airflow/.local/lib/python3.8/site-packages/airflow/example_dags/example_datasets.py
[2026-05-03T00:27:56.219+0000] {logging_mixin.py:188} INFO - [2026-05-03T00:27:56.219+0000] {dag.py:3047} INFO - Sync 6 DAGs
[2026-05-03T00:27:56.242+0000] {logging_mixin.py:188} INFO - [2026-05-03T00:27:56.241+0000] {dag.py:3834} INFO - Setting next_dagrun for dataset_consumes_1 to None, run_after=None
[2026-05-03T00:27:56.245+0000] {logging_mixin.py:188} INFO - [2026-05-03T00:27:56.245+0000] {dag.py:3834} INFO - Setting next_dagrun for dataset_consumes_1_and_2 to None, run_after=None
[2026-05-03T00:27:56.247+0000] {logging_mixin.py:188} INFO - [2026-05-03T00:27:56.247+0000] {dag.py:3834} INFO - Setting next_dagrun for dataset_consumes_1_never_scheduled to None, run_after=None
[2026-05-03T00:27:56.248+0000] {logging_mixin.py:188} INFO - [2026-05-03T00:27:56.248+0000] {dag.py:3834} INFO - Setting next_dagrun for dataset_consumes_unknown_never_scheduled to None, run_after=None
[2026-05-03T00:27:56.250+0000] {logging_mixin.py:188} INFO - [2026-05-03T00:27:56.250+0000] {dag.py:3834} INFO - Setting next_dagrun for dataset_produces_1 to 2026-05-02 00:00:00+00:00, run_after=2026-05-03 00:00:00+00:00
[2026-05-03T00:27:56.252+0000] {logging_mixin.py:188} INFO - [2026-05-03T00:27:56.252+0000] {dag.py:3834} INFO - Setting next_dagrun for dataset_produces_2 to None, run_after=None
[2026-05-03T00:27:56.305+0000] {processor.py:183} INFO - Processing /home/airflow/.local/lib/python3.8/site-packages/airflow/example_dags/example_datasets.py took 0.138 seconds
[2026-05-03T00:28:26.483+0000] {processor.py:161} INFO - Started process (PID=3127) to work on /home/airflow/.local/lib/python3.8/site-packages/airflow/example_dags/example_datasets.py
[2026-05-03T00:28:26.486+0000] {processor.py:830} INFO - Processing file /home/airflow/.local/lib/python3.8/site-packages/airflow/example_dags/example_datasets.py for tasks to queue
[2026-05-03T00:28:26.487+0000] {logging_mixin.py:188} INFO - [2026-05-03T00:28:26.487+0000] {dagbag.py:540} INFO - Filling up the DagBag from /home/airflow/.local/lib/python3.8/site-packages/airflow/example_dags/example_datasets.py
[2026-05-03T00:28:26.494+0000] {processor.py:840} INFO - DAG(s) 'dataset_produces_1', 'dataset_consumes_1_never_scheduled', 'dataset_consumes_1_and_2', 'dataset_consumes_1', 'dataset_consumes_unknown_never_scheduled', 'dataset_produces_2' retrieved from /home/airflow/.local/lib/python3.8/site-packages/airflow/example_dags/example_datasets.py
[2026-05-03T00:28:26.519+0000] {logging_mixin.py:188} INFO - [2026-05-03T00:28:26.519+0000] {dag.py:3047} INFO - Sync 6 DAGs
[2026-05-03T00:28:26.533+0000] {logging_mixin.py:188} INFO - [2026-05-03T00:28:26.533+0000] {dag.py:3834} INFO - Setting next_dagrun for dataset_consumes_1 to None, run_after=None
[2026-05-03T00:28:26.536+0000] {logging_mixin.py:188} INFO - [2026-05-03T00:28:26.536+0000] {dag.py:3834} INFO - Setting next_dagrun for dataset_consumes_1_and_2 to None, run_after=None
[2026-05-03T00:28:26.537+0000] {logging_mixin.py:188} INFO - [2026-05-03T00:28:26.537+0000] {dag.py:3834} INFO - Setting next_dagrun for dataset_consumes_1_never_scheduled to None, run_after=None
[2026-05-03T00:28:26.538+0000] {logging_mixin.py:188} INFO - [2026-05-03T00:28:26.538+0000] {dag.py:3834} INFO - Setting next_dagrun for dataset_consumes_unknown_never_scheduled to None, run_after=None
[2026-05-03T00:28:26.540+0000] {logging_mixin.py:188} INFO - [2026-05-03T00:28:26.540+0000] {dag.py:3834} INFO - Setting next_dagrun for dataset_produces_1 to 2026-05-02 00:00:00+00:00, run_after=2026-05-03 00:00:00+00:00
[2026-05-03T00:28:26.542+0000] {logging_mixin.py:188} INFO - [2026-05-03T00:28:26.542+0000] {dag.py:3834} INFO - Setting next_dagrun for dataset_produces_2 to None, run_after=None
[2026-05-03T00:28:26.564+0000] {processor.py:183} INFO - Processing /home/airflow/.local/lib/python3.8/site-packages/airflow/example_dags/example_datasets.py took 0.083 seconds
[2026-05-03T00:28:56.803+0000] {processor.py:161} INFO - Started process (PID=3183) to work on /home/airflow/.local/lib/python3.8/site-packages/airflow/example_dags/example_datasets.py
[2026-05-03T00:28:56.804+0000] {processor.py:830} INFO - Processing file /home/airflow/.local/lib/python3.8/site-packages/airflow/example_dags/example_datasets.py for tasks to queue
[2026-05-03T00:28:56.805+0000] {logging_mixin.py:188} INFO - [2026-05-03T00:28:56.805+0000] {dagbag.py:540} INFO - Filling up the DagBag from /home/airflow/.local/lib/python3.8/site-packages/airflow/example_dags/example_datasets.py
[2026-05-03T00:28:56.812+0000] {processor.py:840} INFO - DAG(s) 'dataset_produces_1', 'dataset_consumes_1_never_scheduled', 'dataset_consumes_1_and_2', 'dataset_consumes_1', 'dataset_consumes_unknown_never_scheduled', 'dataset_produces_2' retrieved from /home/airflow/.local/lib/python3.8/site-packages/airflow/example_dags/example_datasets.py
[2026-05-03T00:28:56.842+0000] {logging_mixin.py:188} INFO - [2026-05-03T00:28:56.842+0000] {dag.py:3047} INFO - Sync 6 DAGs
[2026-05-03T00:28:56.857+0000] {logging_mixin.py:188} INFO - [2026-05-03T00:28:56.857+0000] {dag.py:3834} INFO - Setting next_dagrun for dataset_consumes_1 to None, run_after=None
[2026-05-03T00:28:56.860+0000] {logging_mixin.py:188} INFO - [2026-05-03T00:28:56.859+0000] {dag.py:3834} INFO - Setting next_dagrun for dataset_consumes_1_and_2 to None, run_after=None
[2026-05-03T00:28:56.860+0000] {logging_mixin.py:188} INFO - [2026-05-03T00:28:56.860+0000] {dag.py:3834} INFO - Setting next_dagrun for dataset_consumes_1_never_scheduled to None, run_after=None
[2026-05-03T00:28:56.861+0000] {logging_mixin.py:188} INFO - [2026-05-03T00:28:56.861+0000] {dag.py:3834} INFO - Setting next_dagrun for dataset_consumes_unknown_never_scheduled to None, run_after=None
[2026-05-03T00:28:56.863+0000] {logging_mixin.py:188} INFO - [2026-05-03T00:28:56.863+0000] {dag.py:3834} INFO - Setting next_dagrun for dataset_produces_1 to 2026-05-02 00:00:00+00:00, run_after=2026-05-03 00:00:00+00:00
[2026-05-03T00:28:56.865+0000] {logging_mixin.py:188} INFO - [2026-05-03T00:28:56.865+0000] {dag.py:3834} INFO - Setting next_dagrun for dataset_produces_2 to None, run_after=None
[2026-05-03T00:28:56.893+0000] {processor.py:183} INFO - Processing /home/airflow/.local/lib/python3.8/site-packages/airflow/example_dags/example_datasets.py took 0.093 seconds
[2026-05-03T00:29:27.108+0000] {processor.py:161} INFO - Started process (PID=3239) to work on /home/airflow/.local/lib/python3.8/site-packages/airflow/example_dags/example_datasets.py
[2026-05-03T00:29:27.109+0000] {processor.py:830} INFO - Processing file /home/airflow/.local/lib/python3.8/site-packages/airflow/example_dags/example_datasets.py for tasks to queue
[2026-05-03T00:29:27.110+0000] {logging_mixin.py:188} INFO - [2026-05-03T00:29:27.110+0000] {dagbag.py:540} INFO - Filling up the DagBag from /home/airflow/.local/lib/python3.8/site-packages/airflow/example_dags/example_datasets.py
[2026-05-03T00:29:27.117+0000] {processor.py:840} INFO - DAG(s) 'dataset_produces_2', 'dataset_produces_1', 'dataset_consumes_1', 'dataset_consumes_1_never_scheduled', 'dataset_consumes_unknown_never_scheduled', 'dataset_consumes_1_and_2' retrieved from /home/airflow/.local/lib/python3.8/site-packages/airflow/example_dags/example_datasets.py
[2026-05-03T00:29:27.138+0000] {logging_mixin.py:188} INFO - [2026-05-03T00:29:27.138+0000] {dag.py:3047} INFO - Sync 6 DAGs
[2026-05-03T00:29:27.152+0000] {logging_mixin.py:188} INFO - [2026-05-03T00:29:27.152+0000] {dag.py:3834} INFO - Setting next_dagrun for dataset_consumes_1 to None, run_after=None
[2026-05-03T00:29:27.154+0000] {logging_mixin.py:188} INFO - [2026-05-03T00:29:27.154+0000] {dag.py:3834} INFO - Setting next_dagrun for dataset_consumes_1_and_2 to None, run_after=None
[2026-05-03T00:29:27.155+0000] {logging_mixin.py:188} INFO - [2026-05-03T00:29:27.155+0000] {dag.py:3834} INFO - Setting next_dagrun for dataset_consumes_1_never_scheduled to None, run_after=None
[2026-05-03T00:29:27.156+0000] {logging_mixin.py:188} INFO - [2026-05-03T00:29:27.156+0000] {dag.py:3834} INFO - Setting next_dagrun for dataset_consumes_unknown_never_scheduled to None, run_after=None
[2026-05-03T00:29:27.157+0000] {logging_mixin.py:188} INFO - [2026-05-03T00:29:27.157+0000] {dag.py:3834} INFO - Setting next_dagrun for dataset_produces_1 to 2026-05-02 00:00:00+00:00, run_after=2026-05-03 00:00:00+00:00
[2026-05-03T00:29:27.158+0000] {logging_mixin.py:188} INFO - [2026-05-03T00:29:27.158+0000] {dag.py:3834} INFO - Setting next_dagrun for dataset_produces_2 to None, run_after=None
[2026-05-03T00:29:27.175+0000] {processor.py:183} INFO - Processing /home/airflow/.local/lib/python3.8/site-packages/airflow/example_dags/example_datasets.py took 0.069 seconds
[2026-05-03T00:29:57.444+0000] {processor.py:161} INFO - Started process (PID=3295) to work on /home/airflow/.local/lib/python3.8/site-packages/airflow/example_dags/example_datasets.py
[2026-05-03T00:29:57.445+0000] {processor.py:830} INFO - Processing file /home/airflow/.local/lib/python3.8/site-packages/airflow/example_dags/example_datasets.py for tasks to queue
[2026-05-03T00:29:57.446+0000] {logging_mixin.py:188} INFO - [2026-05-03T00:29:57.446+0000] {dagbag.py:540} INFO - Filling up the DagBag from /home/airflow/.local/lib/python3.8/site-packages/airflow/example_dags/example_datasets.py
[2026-05-03T00:29:57.454+0000] {processor.py:840} INFO - DAG(s) 'dataset_consumes_unknown_never_scheduled', 'dataset_consumes_1', 'dataset_consumes_1_never_scheduled', 'dataset_produces_2', 'dataset_consumes_1_and_2', 'dataset_produces_1' retrieved from /home/airflow/.local/lib/python3.8/site-packages/airflow/example_dags/example_datasets.py
[2026-05-03T00:29:57.481+0000] {logging_mixin.py:188} INFO - [2026-05-03T00:29:57.481+0000] {dag.py:3047} INFO - Sync 6 DAGs
[2026-05-03T00:29:57.499+0000] {logging_mixin.py:188} INFO - [2026-05-03T00:29:57.499+0000] {dag.py:3834} INFO - Setting next_dagrun for dataset_consumes_1 to None, run_after=None
[2026-05-03T00:29:57.503+0000] {logging_mixin.py:188} INFO - [2026-05-03T00:29:57.503+0000] {dag.py:3834} INFO - Setting next_dagrun for dataset_consumes_1_and_2 to None, run_after=None
[2026-05-03T00:29:57.503+0000] {logging_mixin.py:188} INFO - [2026-05-03T00:29:57.503+0000] {dag.py:3834} INFO - Setting next_dagrun for dataset_consumes_1_never_scheduled to None, run_after=None
[2026-05-03T00:29:57.504+0000] {logging_mixin.py:188} INFO - [2026-05-03T00:29:57.504+0000] {dag.py:3834} INFO - Setting next_dagrun for dataset_consumes_unknown_never_scheduled to None, run_after=None
[2026-05-03T00:29:57.508+0000] {logging_mixin.py:188} INFO - [2026-05-03T00:29:57.508+0000] {dag.py:3834} INFO - Setting next_dagrun for dataset_produces_1 to 2026-05-02 00:00:00+00:00, run_after=2026-05-03 00:00:00+00:00
[2026-05-03T00:29:57.509+0000] {logging_mixin.py:188} INFO - [2026-05-03T00:29:57.509+0000] {dag.py:3834} INFO - Setting next_dagrun for dataset_produces_2 to None, run_after=None
[2026-05-03T00:29:57.531+0000] {processor.py:183} INFO - Processing /home/airflow/.local/lib/python3.8/site-packages/airflow/example_dags/example_datasets.py took 0.089 seconds
[2026-05-03T00:30:27.674+0000] {processor.py:161} INFO - Started process (PID=3351) to work on /home/airflow/.local/lib/python3.8/site-packages/airflow/example_dags/example_datasets.py
[2026-05-03T00:30:27.675+0000] {processor.py:830} INFO - Processing file /home/airflow/.local/lib/python3.8/site-packages/airflow/example_dags/example_datasets.py for tasks to queue
[2026-05-03T00:30:27.677+0000] {logging_mixin.py:188} INFO - [2026-05-03T00:30:27.676+0000] {dagbag.py:540} INFO - Filling up the DagBag from /home/airflow/.local/lib/python3.8/site-packages/airflow/example_dags/example_datasets.py
[2026-05-03T00:30:27.683+0000] {processor.py:840} INFO - DAG(s) 'dataset_produces_1', 'dataset_produces_2', 'dataset_consumes_1_and_2', 'dataset_consumes_unknown_never_scheduled', 'dataset_consumes_1_never_scheduled', 'dataset_consumes_1' retrieved from /home/airflow/.local/lib/python3.8/site-packages/airflow/example_dags/example_datasets.py
[2026-05-03T00:30:27.713+0000] {logging_mixin.py:188} INFO - [2026-05-03T00:30:27.713+0000] {dag.py:3047} INFO - Sync 6 DAGs
[2026-05-03T00:30:27.728+0000] {logging_mixin.py:188} INFO - [2026-05-03T00:30:27.728+0000] {dag.py:3834} INFO - Setting next_dagrun for dataset_consumes_1 to None, run_after=None
[2026-05-03T00:30:27.732+0000] {logging_mixin.py:188} INFO - [2026-05-03T00:30:27.732+0000] {dag.py:3834} INFO - Setting next_dagrun for dataset_consumes_1_and_2 to None, run_after=None
[2026-05-03T00:30:27.735+0000] {logging_mixin.py:188} INFO - [2026-05-03T00:30:27.735+0000] {dag.py:3834} INFO - Setting next_dagrun for dataset_consumes_1_never_scheduled to None, run_after=None
[2026-05-03T00:30:27.736+0000] {logging_mixin.py:188} INFO - [2026-05-03T00:30:27.736+0000] {dag.py:3834} INFO - Setting next_dagrun for dataset_consumes_unknown_never_scheduled to None, run_after=None
[2026-05-03T00:30:27.737+0000] {logging_mixin.py:188} INFO - [2026-05-03T00:30:27.737+0000] {dag.py:3834} INFO - Setting next_dagrun for dataset_produces_1 to 2026-05-02 00:00:00+00:00, run_after=2026-05-03 00:00:00+00:00
[2026-05-03T00:30:27.738+0000] {logging_mixin.py:188} INFO - [2026-05-03T00:30:27.738+0000] {dag.py:3834} INFO - Setting next_dagrun for dataset_produces_2 to None, run_after=None
[2026-05-03T00:30:27.761+0000] {processor.py:183} INFO - Processing /home/airflow/.local/lib/python3.8/site-packages/airflow/example_dags/example_datasets.py took 0.090 seconds
[2026-05-03T00:30:57.853+0000] {processor.py:161} INFO - Started process (PID=3407) to work on /home/airflow/.local/lib/python3.8/site-packages/airflow/example_dags/example_datasets.py
[2026-05-03T00:30:57.854+0000] {processor.py:830} INFO - Processing file /home/airflow/.local/lib/python3.8/site-packages/airflow/example_dags/example_datasets.py for tasks to queue
[2026-05-03T00:30:57.856+0000] {logging_mixin.py:188} INFO - [2026-05-03T00:30:57.856+0000] {dagbag.py:540} INFO - Filling up the DagBag from /home/airflow/.local/lib/python3.8/site-packages/airflow/example_dags/example_datasets.py
[2026-05-03T00:30:57.865+0000] {processor.py:840} INFO - DAG(s) 'dataset_consumes_unknown_never_scheduled', 'dataset_produces_1', 'dataset_consumes_1', 'dataset_consumes_1_and_2', 'dataset_produces_2', 'dataset_consumes_1_never_scheduled' retrieved from /home/airflow/.local/lib/python3.8/site-packages/airflow/example_dags/example_datasets.py
[2026-05-03T00:30:57.895+0000] {logging_mixin.py:188} INFO - [2026-05-03T00:30:57.895+0000] {dag.py:3047} INFO - Sync 6 DAGs
[2026-05-03T00:30:57.911+0000] {logging_mixin.py:188} INFO - [2026-05-03T00:30:57.911+0000] {dag.py:3834} INFO - Setting next_dagrun for dataset_consumes_1 to None, run_after=None
[2026-05-03T00:30:57.913+0000] {logging_mixin.py:188} INFO - [2026-05-03T00:30:57.913+0000] {dag.py:3834} INFO - Setting next_dagrun for dataset_consumes_1_and_2 to None, run_after=None
[2026-05-03T00:30:57.914+0000] {logging_mixin.py:188} INFO - [2026-05-03T00:30:57.914+0000] {dag.py:3834} INFO - Setting next_dagrun for dataset_consumes_1_never_scheduled to None, run_after=None
[2026-05-03T00:30:57.915+0000] {logging_mixin.py:188} INFO - [2026-05-03T00:30:57.915+0000] {dag.py:3834} INFO - Setting next_dagrun for dataset_consumes_unknown_never_scheduled to None, run_after=None
[2026-05-03T00:30:57.916+0000] {logging_mixin.py:188} INFO - [2026-05-03T00:30:57.916+0000] {dag.py:3834} INFO - Setting next_dagrun for dataset_produces_1 to 2026-05-02 00:00:00+00:00, run_after=2026-05-03 00:00:00+00:00
[2026-05-03T00:30:57.917+0000] {logging_mixin.py:188} INFO - [2026-05-03T00:30:57.917+0000] {dag.py:3834} INFO - Setting next_dagrun for dataset_produces_2 to None, run_after=None
[2026-05-03T00:30:57.947+0000] {processor.py:183} INFO - Processing /home/airflow/.local/lib/python3.8/site-packages/airflow/example_dags/example_datasets.py took 0.096 seconds
[2026-05-03T00:31:29.167+0000] {processor.py:161} INFO - Started process (PID=3463) to work on /home/airflow/.local/lib/python3.8/site-packages/airflow/example_dags/example_datasets.py
[2026-05-03T00:31:29.169+0000] {processor.py:830} INFO - Processing file /home/airflow/.local/lib/python3.8/site-packages/airflow/example_dags/example_datasets.py for tasks to queue
[2026-05-03T00:31:29.171+0000] {logging_mixin.py:188} INFO - [2026-05-03T00:31:29.171+0000] {dagbag.py:540} INFO - Filling up the DagBag from /home/airflow/.local/lib/python3.8/site-packages/airflow/example_dags/example_datasets.py
[2026-05-03T00:31:29.183+0000] {processor.py:840} INFO - DAG(s) 'dataset_produces_1', 'dataset_produces_2', 'dataset_consumes_1_never_scheduled', 'dataset_consumes_unknown_never_scheduled', 'dataset_consumes_1_and_2', 'dataset_consumes_1' retrieved from /home/airflow/.local/lib/python3.8/site-packages/airflow/example_dags/example_datasets.py
[2026-05-03T00:31:29.211+0000] {logging_mixin.py:188} INFO - [2026-05-03T00:31:29.211+0000] {dag.py:3047} INFO - Sync 6 DAGs
[2026-05-03T00:31:29.236+0000] {logging_mixin.py:188} INFO - [2026-05-03T00:31:29.236+0000] {dag.py:3834} INFO - Setting next_dagrun for dataset_consumes_1 to None, run_after=None
[2026-05-03T00:31:29.239+0000] {logging_mixin.py:188} INFO - [2026-05-03T00:31:29.239+0000] {dag.py:3834} INFO - Setting next_dagrun for dataset_consumes_1_and_2 to None, run_after=None
[2026-05-03T00:31:29.240+0000] {logging_mixin.py:188} INFO - [2026-05-03T00:31:29.240+0000] {dag.py:3834} INFO - Setting next_dagrun for dataset_consumes_1_never_scheduled to None, run_after=None
[2026-05-03T00:31:29.243+0000] {logging_mixin.py:188} INFO - [2026-05-03T00:31:29.243+0000] {dag.py:3834} INFO - Setting next_dagrun for dataset_consumes_unknown_never_scheduled to None, run_after=None
[2026-05-03T00:31:29.245+0000] {logging_mixin.py:188} INFO - [2026-05-03T00:31:29.245+0000] {dag.py:3834} INFO - Setting next_dagrun for dataset_produces_1 to 2026-05-02 00:00:00+00:00, run_after=2026-05-03 00:00:00+00:00
[2026-05-03T00:31:29.247+0000] {logging_mixin.py:188} INFO - [2026-05-03T00:31:29.247+0000] {dag.py:3834} INFO - Setting next_dagrun for dataset_produces_2 to None, run_after=None
[2026-05-03T00:31:29.277+0000] {processor.py:183} INFO - Processing /home/airflow/.local/lib/python3.8/site-packages/airflow/example_dags/example_datasets.py took 0.113 seconds
[2026-05-03T00:31:59.782+0000] {processor.py:161} INFO - Started process (PID=3519) to work on /home/airflow/.local/lib/python3.8/site-packages/airflow/example_dags/example_datasets.py
[2026-05-03T00:31:59.783+0000] {processor.py:830} INFO - Processing file /home/airflow/.local/lib/python3.8/site-packages/airflow/example_dags/example_datasets.py for tasks to queue
[2026-05-03T00:31:59.784+0000] {logging_mixin.py:188} INFO - [2026-05-03T00:31:59.784+0000] {dagbag.py:540} INFO - Filling up the DagBag from /home/airflow/.local/lib/python3.8/site-packages/airflow/example_dags/example_datasets.py
[2026-05-03T00:31:59.791+0000] {processor.py:840} INFO - DAG(s) 'dataset_consumes_1_never_scheduled', 'dataset_produces_2', 'dataset_produces_1', 'dataset_consumes_unknown_never_scheduled', 'dataset_consumes_1_and_2', 'dataset_consumes_1' retrieved from /home/airflow/.local/lib/python3.8/site-packages/airflow/example_dags/example_datasets.py
[2026-05-03T00:31:59.820+0000] {logging_mixin.py:188} INFO - [2026-05-03T00:31:59.819+0000] {dag.py:3047} INFO - Sync 6 DAGs
[2026-05-03T00:31:59.835+0000] {logging_mixin.py:188} INFO - [2026-05-03T00:31:59.835+0000] {dag.py:3834} INFO - Setting next_dagrun for dataset_consumes_1 to None, run_after=None
[2026-05-03T00:31:59.839+0000] {logging_mixin.py:188} INFO - [2026-05-03T00:31:59.838+0000] {dag.py:3834} INFO - Setting next_dagrun for dataset_consumes_1_and_2 to None, run_after=None
[2026-05-03T00:31:59.840+0000] {logging_mixin.py:188} INFO - [2026-05-03T00:31:59.839+0000] {dag.py:3834} INFO - Setting next_dagrun for dataset_consumes_1_never_scheduled to None, run_after=None
[2026-05-03T00:31:59.840+0000] {logging_mixin.py:188} INFO - [2026-05-03T00:31:59.840+0000] {dag.py:3834} INFO - Setting next_dagrun for dataset_consumes_unknown_never_scheduled to None, run_after=None
[2026-05-03T00:31:59.844+0000] {logging_mixin.py:188} INFO - [2026-05-03T00:31:59.844+0000] {dag.py:3834} INFO - Setting next_dagrun for dataset_produces_1 to 2026-05-02 00:00:00+00:00, run_after=2026-05-03 00:00:00+00:00
[2026-05-03T00:31:59.845+0000] {logging_mixin.py:188} INFO - [2026-05-03T00:31:59.845+0000] {dag.py:3834} INFO - Setting next_dagrun for dataset_produces_2 to None, run_after=None
[2026-05-03T00:31:59.871+0000] {processor.py:183} INFO - Processing /home/airflow/.local/lib/python3.8/site-packages/airflow/example_dags/example_datasets.py took 0.092 seconds
[2026-05-03T00:32:30.065+0000] {processor.py:161} INFO - Started process (PID=3575) to work on /home/airflow/.local/lib/python3.8/site-packages/airflow/example_dags/example_datasets.py
[2026-05-03T00:32:30.066+0000] {processor.py:830} INFO - Processing file /home/airflow/.local/lib/python3.8/site-packages/airflow/example_dags/example_datasets.py for tasks to queue
[2026-05-03T00:32:30.068+0000] {logging_mixin.py:188} INFO - [2026-05-03T00:32:30.067+0000] {dagbag.py:540} INFO - Filling up the DagBag from /home/airflow/.local/lib/python3.8/site-packages/airflow/example_dags/example_datasets.py
[2026-05-03T00:32:30.075+0000] {processor.py:840} INFO - DAG(s) 'dataset_consumes_1_and_2', 'dataset_consumes_unknown_never_scheduled', 'dataset_produces_1', 'dataset_produces_2', 'dataset_consumes_1', 'dataset_consumes_1_never_scheduled' retrieved from /home/airflow/.local/lib/python3.8/site-packages/airflow/example_dags/example_datasets.py
[2026-05-03T00:32:30.097+0000] {logging_mixin.py:188} INFO - [2026-05-03T00:32:30.097+0000] {dag.py:3047} INFO - Sync 6 DAGs
[2026-05-03T00:32:30.112+0000] {logging_mixin.py:188} INFO - [2026-05-03T00:32:30.112+0000] {dag.py:3834} INFO - Setting next_dagrun for dataset_consumes_1 to None, run_after=None
[2026-05-03T00:32:30.114+0000] {logging_mixin.py:188} INFO - [2026-05-03T00:32:30.114+0000] {dag.py:3834} INFO - Setting next_dagrun for dataset_consumes_1_and_2 to None, run_after=None
[2026-05-03T00:32:30.115+0000] {logging_mixin.py:188} INFO - [2026-05-03T00:32:30.115+0000] {dag.py:3834} INFO - Setting next_dagrun for dataset_consumes_1_never_scheduled to None, run_after=None
[2026-05-03T00:32:30.116+0000] {logging_mixin.py:188} INFO - [2026-05-03T00:32:30.116+0000] {dag.py:3834} INFO - Setting next_dagrun for dataset_consumes_unknown_never_scheduled to None, run_after=None
[2026-05-03T00:32:30.119+0000] {logging_mixin.py:188} INFO - [2026-05-03T00:32:30.119+0000] {dag.py:3834} INFO - Setting next_dagrun for dataset_produces_1 to 2026-05-02 00:00:00+00:00, run_after=2026-05-03 00:00:00+00:00
[2026-05-03T00:32:30.120+0000] {logging_mixin.py:188} INFO - [2026-05-03T00:32:30.120+0000] {dag.py:3834} INFO - Setting next_dagrun for dataset_produces_2 to None, run_after=None
[2026-05-03T00:32:30.141+0000] {processor.py:183} INFO - Processing /home/airflow/.local/lib/python3.8/site-packages/airflow/example_dags/example_datasets.py took 0.079 seconds
[2026-05-03T00:33:00.285+0000] {processor.py:161} INFO - Started process (PID=3631) to work on /home/airflow/.local/lib/python3.8/site-packages/airflow/example_dags/example_datasets.py
[2026-05-03T00:33:00.286+0000] {processor.py:830} INFO - Processing file /home/airflow/.local/lib/python3.8/site-packages/airflow/example_dags/example_datasets.py for tasks to queue
[2026-05-03T00:33:00.288+0000] {logging_mixin.py:188} INFO - [2026-05-03T00:33:00.288+0000] {dagbag.py:540} INFO - Filling up the DagBag from /home/airflow/.local/lib/python3.8/site-packages/airflow/example_dags/example_datasets.py
[2026-05-03T00:33:00.295+0000] {processor.py:840} INFO - DAG(s) 'dataset_produces_1', 'dataset_consumes_1', 'dataset_consumes_unknown_never_scheduled', 'dataset_produces_2', 'dataset_consumes_1_and_2', 'dataset_consumes_1_never_scheduled' retrieved from /home/airflow/.local/lib/python3.8/site-packages/airflow/example_dags/example_datasets.py
[2026-05-03T00:33:00.318+0000] {logging_mixin.py:188} INFO - [2026-05-03T00:33:00.318+0000] {dag.py:3047} INFO - Sync 6 DAGs
[2026-05-03T00:33:00.332+0000] {logging_mixin.py:188} INFO - [2026-05-03T00:33:00.332+0000] {dag.py:3834} INFO - Setting next_dagrun for dataset_consumes_1 to None, run_after=None
[2026-05-03T00:33:00.334+0000] {logging_mixin.py:188} INFO - [2026-05-03T00:33:00.334+0000] {dag.py:3834} INFO - Setting next_dagrun for dataset_consumes_1_and_2 to None, run_after=None
[2026-05-03T00:33:00.335+0000] {logging_mixin.py:188} INFO - [2026-05-03T00:33:00.335+0000] {dag.py:3834} INFO - Setting next_dagrun for dataset_consumes_1_never_scheduled to None, run_after=None
[2026-05-03T00:33:00.336+0000] {logging_mixin.py:188} INFO - [2026-05-03T00:33:00.336+0000] {dag.py:3834} INFO - Setting next_dagrun for dataset_consumes_unknown_never_scheduled to None, run_after=None
[2026-05-03T00:33:00.337+0000] {logging_mixin.py:188} INFO - [2026-05-03T00:33:00.337+0000] {dag.py:3834} INFO - Setting next_dagrun for dataset_produces_1 to 2026-05-02 00:00:00+00:00, run_after=2026-05-03 00:00:00+00:00
[2026-05-03T00:33:00.338+0000] {logging_mixin.py:188} INFO - [2026-05-03T00:33:00.338+0000] {dag.py:3834} INFO - Setting next_dagrun for dataset_produces_2 to None, run_after=None
[2026-05-03T00:33:00.362+0000] {processor.py:183} INFO - Processing /home/airflow/.local/lib/python3.8/site-packages/airflow/example_dags/example_datasets.py took 0.080 seconds
[2026-05-03T00:33:30.906+0000] {processor.py:161} INFO - Started process (PID=3687) to work on /home/airflow/.local/lib/python3.8/site-packages/airflow/example_dags/example_datasets.py
[2026-05-03T00:33:30.908+0000] {processor.py:830} INFO - Processing file /home/airflow/.local/lib/python3.8/site-packages/airflow/example_dags/example_datasets.py for tasks to queue
[2026-05-03T00:33:30.909+0000] {logging_mixin.py:188} INFO - [2026-05-03T00:33:30.909+0000] {dagbag.py:540} INFO - Filling up the DagBag from /home/airflow/.local/lib/python3.8/site-packages/airflow/example_dags/example_datasets.py
[2026-05-03T00:33:30.916+0000] {processor.py:840} INFO - DAG(s) 'dataset_consumes_1_never_scheduled', 'dataset_produces_2', 'dataset_consumes_1', 'dataset_produces_1', 'dataset_consumes_1_and_2', 'dataset_consumes_unknown_never_scheduled' retrieved from /home/airflow/.local/lib/python3.8/site-packages/airflow/example_dags/example_datasets.py
[2026-05-03T00:33:30.944+0000] {logging_mixin.py:188} INFO - [2026-05-03T00:33:30.944+0000] {dag.py:3047} INFO - Sync 6 DAGs
[2026-05-03T00:33:30.961+0000] {logging_mixin.py:188} INFO - [2026-05-03T00:33:30.961+0000] {dag.py:3834} INFO - Setting next_dagrun for dataset_consumes_1 to None, run_after=None
[2026-05-03T00:33:30.964+0000] {logging_mixin.py:188} INFO - [2026-05-03T00:33:30.964+0000] {dag.py:3834} INFO - Setting next_dagrun for dataset_consumes_1_and_2 to None, run_after=None
[2026-05-03T00:33:30.965+0000] {logging_mixin.py:188} INFO - [2026-05-03T00:33:30.965+0000] {dag.py:3834} INFO - Setting next_dagrun for dataset_consumes_1_never_scheduled to None, run_after=None
[2026-05-03T00:33:30.966+0000] {logging_mixin.py:188} INFO - [2026-05-03T00:33:30.966+0000] {dag.py:3834} INFO - Setting next_dagrun for dataset_consumes_unknown_never_scheduled to None, run_after=None
[2026-05-03T00:33:30.967+0000] {logging_mixin.py:188} INFO - [2026-05-03T00:33:30.967+0000] {dag.py:3834} INFO - Setting next_dagrun for dataset_produces_1 to 2026-05-02 00:00:00+00:00, run_after=2026-05-03 00:00:00+00:00
[2026-05-03T00:33:30.968+0000] {logging_mixin.py:188} INFO - [2026-05-03T00:33:30.968+0000] {dag.py:3834} INFO - Setting next_dagrun for dataset_produces_2 to None, run_after=None
[2026-05-03T00:33:30.988+0000] {processor.py:183} INFO - Processing /home/airflow/.local/lib/python3.8/site-packages/airflow/example_dags/example_datasets.py took 0.085 seconds
[2026-05-03T00:34:01.430+0000] {processor.py:161} INFO - Started process (PID=3743) to work on /home/airflow/.local/lib/python3.8/site-packages/airflow/example_dags/example_datasets.py
[2026-05-03T00:34:01.432+0000] {processor.py:830} INFO - Processing file /home/airflow/.local/lib/python3.8/site-packages/airflow/example_dags/example_datasets.py for tasks to queue
[2026-05-03T00:34:01.434+0000] {logging_mixin.py:188} INFO - [2026-05-03T00:34:01.434+0000] {dagbag.py:540} INFO - Filling up the DagBag from /home/airflow/.local/lib/python3.8/site-packages/airflow/example_dags/example_datasets.py
[2026-05-03T00:34:01.441+0000] {processor.py:840} INFO - DAG(s) 'dataset_produces_1', 'dataset_consumes_1_and_2', 'dataset_consumes_1_never_scheduled', 'dataset_consumes_unknown_never_scheduled', 'dataset_produces_2', 'dataset_consumes_1' retrieved from /home/airflow/.local/lib/python3.8/site-packages/airflow/example_dags/example_datasets.py
[2026-05-03T00:34:01.464+0000] {logging_mixin.py:188} INFO - [2026-05-03T00:34:01.464+0000] {dag.py:3047} INFO - Sync 6 DAGs
[2026-05-03T00:34:01.481+0000] {logging_mixin.py:188} INFO - [2026-05-03T00:34:01.481+0000] {dag.py:3834} INFO - Setting next_dagrun for dataset_consumes_1 to None, run_after=None
[2026-05-03T00:34:01.487+0000] {logging_mixin.py:188} INFO - [2026-05-03T00:34:01.487+0000] {dag.py:3834} INFO - Setting next_dagrun for dataset_consumes_1_and_2 to None, run_after=None
[2026-05-03T00:34:01.488+0000] {logging_mixin.py:188} INFO - [2026-05-03T00:34:01.488+0000] {dag.py:3834} INFO - Setting next_dagrun for dataset_consumes_1_never_scheduled to None, run_after=None
[2026-05-03T00:34:01.490+0000] {logging_mixin.py:188} INFO - [2026-05-03T00:34:01.490+0000] {dag.py:3834} INFO - Setting next_dagrun for dataset_consumes_unknown_never_scheduled to None, run_after=None
[2026-05-03T00:34:01.493+0000] {logging_mixin.py:188} INFO - [2026-05-03T00:34:01.493+0000] {dag.py:3834} INFO - Setting next_dagrun for dataset_produces_1 to 2026-05-02 00:00:00+00:00, run_after=2026-05-03 00:00:00+00:00
[2026-05-03T00:34:01.494+0000] {logging_mixin.py:188} INFO - [2026-05-03T00:34:01.494+0000] {dag.py:3834} INFO - Setting next_dagrun for dataset_produces_2 to None, run_after=None
[2026-05-03T00:34:01.519+0000] {processor.py:183} INFO - Processing /home/airflow/.local/lib/python3.8/site-packages/airflow/example_dags/example_datasets.py took 0.092 seconds
[2026-05-03T00:34:31.694+0000] {processor.py:161} INFO - Started process (PID=3799) to work on /home/airflow/.local/lib/python3.8/site-packages/airflow/example_dags/example_datasets.py
[2026-05-03T00:34:31.697+0000] {processor.py:830} INFO - Processing file /home/airflow/.local/lib/python3.8/site-packages/airflow/example_dags/example_datasets.py for tasks to queue
[2026-05-03T00:34:31.698+0000] {logging_mixin.py:188} INFO - [2026-05-03T00:34:31.698+0000] {dagbag.py:540} INFO - Filling up the DagBag from /home/airflow/.local/lib/python3.8/site-packages/airflow/example_dags/example_datasets.py
[2026-05-03T00:34:31.706+0000] {processor.py:840} INFO - DAG(s) 'dataset_consumes_1', 'dataset_consumes_unknown_never_scheduled', 'dataset_produces_1', 'dataset_consumes_1_never_scheduled', 'dataset_consumes_1_and_2', 'dataset_produces_2' retrieved from /home/airflow/.local/lib/python3.8/site-packages/airflow/example_dags/example_datasets.py
[2026-05-03T00:34:31.727+0000] {logging_mixin.py:188} INFO - [2026-05-03T00:34:31.726+0000] {dag.py:3047} INFO - Sync 6 DAGs
[2026-05-03T00:34:31.741+0000] {logging_mixin.py:188} INFO - [2026-05-03T00:34:31.741+0000] {dag.py:3834} INFO - Setting next_dagrun for dataset_consumes_1 to None, run_after=None
[2026-05-03T00:34:31.743+0000] {logging_mixin.py:188} INFO - [2026-05-03T00:34:31.743+0000] {dag.py:3834} INFO - Setting next_dagrun for dataset_consumes_1_and_2 to None, run_after=None
[2026-05-03T00:34:31.745+0000] {logging_mixin.py:188} INFO - [2026-05-03T00:34:31.745+0000] {dag.py:3834} INFO - Setting next_dagrun for dataset_consumes_1_never_scheduled to None, run_after=None
[2026-05-03T00:34:31.747+0000] {logging_mixin.py:188} INFO - [2026-05-03T00:34:31.746+0000] {dag.py:3834} INFO - Setting next_dagrun for dataset_consumes_unknown_never_scheduled to None, run_after=None
[2026-05-03T00:34:31.750+0000] {logging_mixin.py:188} INFO - [2026-05-03T00:34:31.750+0000] {dag.py:3834} INFO - Setting next_dagrun for dataset_produces_1 to 2026-05-02 00:00:00+00:00, run_after=2026-05-03 00:00:00+00:00
[2026-05-03T00:34:31.751+0000] {logging_mixin.py:188} INFO - [2026-05-03T00:34:31.751+0000] {dag.py:3834} INFO - Setting next_dagrun for dataset_produces_2 to None, run_after=None
[2026-05-03T00:34:31.770+0000] {processor.py:183} INFO - Processing /home/airflow/.local/lib/python3.8/site-packages/airflow/example_dags/example_datasets.py took 0.079 seconds
[2026-05-03T00:35:01.866+0000] {processor.py:161} INFO - Started process (PID=3855) to work on /home/airflow/.local/lib/python3.8/site-packages/airflow/example_dags/example_datasets.py
[2026-05-03T00:35:01.867+0000] {processor.py:830} INFO - Processing file /home/airflow/.local/lib/python3.8/site-packages/airflow/example_dags/example_datasets.py for tasks to queue
[2026-05-03T00:35:01.868+0000] {logging_mixin.py:188} INFO - [2026-05-03T00:35:01.868+0000] {dagbag.py:540} INFO - Filling up the DagBag from /home/airflow/.local/lib/python3.8/site-packages/airflow/example_dags/example_datasets.py
[2026-05-03T00:35:01.875+0000] {processor.py:840} INFO - DAG(s) 'dataset_produces_2', 'dataset_consumes_unknown_never_scheduled', 'dataset_consumes_1_never_scheduled', 'dataset_consumes_1', 'dataset_produces_1', 'dataset_consumes_1_and_2' retrieved from /home/airflow/.local/lib/python3.8/site-packages/airflow/example_dags/example_datasets.py
[2026-05-03T00:35:01.896+0000] {logging_mixin.py:188} INFO - [2026-05-03T00:35:01.895+0000] {dag.py:3047} INFO - Sync 6 DAGs
[2026-05-03T00:35:01.909+0000] {logging_mixin.py:188} INFO - [2026-05-03T00:35:01.909+0000] {dag.py:3834} INFO - Setting next_dagrun for dataset_consumes_1 to None, run_after=None
[2026-05-03T00:35:01.911+0000] {logging_mixin.py:188} INFO - [2026-05-03T00:35:01.911+0000] {dag.py:3834} INFO - Setting next_dagrun for dataset_consumes_1_and_2 to None, run_after=None
[2026-05-03T00:35:01.912+0000] {logging_mixin.py:188} INFO - [2026-05-03T00:35:01.912+0000] {dag.py:3834} INFO - Setting next_dagrun for dataset_consumes_1_never_scheduled to None, run_after=None
[2026-05-03T00:35:01.913+0000] {logging_mixin.py:188} INFO - [2026-05-03T00:35:01.913+0000] {dag.py:3834} INFO - Setting next_dagrun for dataset_consumes_unknown_never_scheduled to None, run_after=None
[2026-05-03T00:35:01.914+0000] {logging_mixin.py:188} INFO - [2026-05-03T00:35:01.914+0000] {dag.py:3834} INFO - Setting next_dagrun for dataset_produces_1 to 2026-05-02 00:00:00+00:00, run_after=2026-05-03 00:00:00+00:00
[2026-05-03T00:35:01.915+0000] {logging_mixin.py:188} INFO - [2026-05-03T00:35:01.915+0000] {dag.py:3834} INFO - Setting next_dagrun for dataset_produces_2 to None, run_after=None
[2026-05-03T00:35:01.932+0000] {processor.py:183} INFO - Processing /home/airflow/.local/lib/python3.8/site-packages/airflow/example_dags/example_datasets.py took 0.069 seconds
[2026-05-03T00:35:32.255+0000] {processor.py:161} INFO - Started process (PID=3911) to work on /home/airflow/.local/lib/python3.8/site-packages/airflow/example_dags/example_datasets.py
[2026-05-03T00:35:32.256+0000] {processor.py:830} INFO - Processing file /home/airflow/.local/lib/python3.8/site-packages/airflow/example_dags/example_datasets.py for tasks to queue
[2026-05-03T00:35:32.257+0000] {logging_mixin.py:188} INFO - [2026-05-03T00:35:32.257+0000] {dagbag.py:540} INFO - Filling up the DagBag from /home/airflow/.local/lib/python3.8/site-packages/airflow/example_dags/example_datasets.py
[2026-05-03T00:35:32.264+0000] {processor.py:840} INFO - DAG(s) 'dataset_consumes_1_never_scheduled', 'dataset_produces_2', 'dataset_produces_1', 'dataset_consumes_1_and_2', 'dataset_consumes_1', 'dataset_consumes_unknown_never_scheduled' retrieved from /home/airflow/.local/lib/python3.8/site-packages/airflow/example_dags/example_datasets.py
[2026-05-03T00:35:32.287+0000] {logging_mixin.py:188} INFO - [2026-05-03T00:35:32.286+0000] {dag.py:3047} INFO - Sync 6 DAGs
[2026-05-03T00:35:32.301+0000] {logging_mixin.py:188} INFO - [2026-05-03T00:35:32.301+0000] {dag.py:3834} INFO - Setting next_dagrun for dataset_consumes_1 to None, run_after=None
[2026-05-03T00:35:32.305+0000] {logging_mixin.py:188} INFO - [2026-05-03T00:35:32.305+0000] {dag.py:3834} INFO - Setting next_dagrun for dataset_consumes_1_and_2 to None, run_after=None
[2026-05-03T00:35:32.307+0000] {logging_mixin.py:188} INFO - [2026-05-03T00:35:32.307+0000] {dag.py:3834} INFO - Setting next_dagrun for dataset_consumes_1_never_scheduled to None, run_after=None
[2026-05-03T00:35:32.309+0000] {logging_mixin.py:188} INFO - [2026-05-03T00:35:32.309+0000] {dag.py:3834} INFO - Setting next_dagrun for dataset_consumes_unknown_never_scheduled to None, run_after=None
[2026-05-03T00:35:32.311+0000] {logging_mixin.py:188} INFO - [2026-05-03T00:35:32.310+0000] {dag.py:3834} INFO - Setting next_dagrun for dataset_produces_1 to 2026-05-02 00:00:00+00:00, run_after=2026-05-03 00:00:00+00:00
[2026-05-03T00:35:32.313+0000] {logging_mixin.py:188} INFO - [2026-05-03T00:35:32.313+0000] {dag.py:3834} INFO - Setting next_dagrun for dataset_produces_2 to None, run_after=None
[2026-05-03T00:35:32.337+0000] {processor.py:183} INFO - Processing /home/airflow/.local/lib/python3.8/site-packages/airflow/example_dags/example_datasets.py took 0.084 seconds
[2026-05-03T00:36:02.949+0000] {processor.py:161} INFO - Started process (PID=3967) to work on /home/airflow/.local/lib/python3.8/site-packages/airflow/example_dags/example_datasets.py
[2026-05-03T00:36:02.950+0000] {processor.py:830} INFO - Processing file /home/airflow/.local/lib/python3.8/site-packages/airflow/example_dags/example_datasets.py for tasks to queue
[2026-05-03T00:36:02.951+0000] {logging_mixin.py:188} INFO - [2026-05-03T00:36:02.951+0000] {dagbag.py:540} INFO - Filling up the DagBag from /home/airflow/.local/lib/python3.8/site-packages/airflow/example_dags/example_datasets.py
[2026-05-03T00:36:02.959+0000] {processor.py:840} INFO - DAG(s) 'dataset_consumes_1', 'dataset_produces_2', 'dataset_consumes_1_and_2', 'dataset_consumes_1_never_scheduled', 'dataset_produces_1', 'dataset_consumes_unknown_never_scheduled' retrieved from /home/airflow/.local/lib/python3.8/site-packages/airflow/example_dags/example_datasets.py
[2026-05-03T00:36:02.992+0000] {logging_mixin.py:188} INFO - [2026-05-03T00:36:02.992+0000] {dag.py:3047} INFO - Sync 6 DAGs
[2026-05-03T00:36:03.009+0000] {logging_mixin.py:188} INFO - [2026-05-03T00:36:03.009+0000] {dag.py:3834} INFO - Setting next_dagrun for dataset_consumes_1 to None, run_after=None
[2026-05-03T00:36:03.011+0000] {logging_mixin.py:188} INFO - [2026-05-03T00:36:03.011+0000] {dag.py:3834} INFO - Setting next_dagrun for dataset_consumes_1_and_2 to None, run_after=None
[2026-05-03T00:36:03.012+0000] {logging_mixin.py:188} INFO - [2026-05-03T00:36:03.012+0000] {dag.py:3834} INFO - Setting next_dagrun for dataset_consumes_1_never_scheduled to None, run_after=None
[2026-05-03T00:36:03.014+0000] {logging_mixin.py:188} INFO - [2026-05-03T00:36:03.014+0000] {dag.py:3834} INFO - Setting next_dagrun for dataset_consumes_unknown_never_scheduled to None, run_after=None
[2026-05-03T00:36:03.015+0000] {logging_mixin.py:188} INFO - [2026-05-03T00:36:03.015+0000] {dag.py:3834} INFO - Setting next_dagrun for dataset_produces_1 to 2026-05-02 00:00:00+00:00, run_after=2026-05-03 00:00:00+00:00
[2026-05-03T00:36:03.016+0000] {logging_mixin.py:188} INFO - [2026-05-03T00:36:03.016+0000] {dag.py:3834} INFO - Setting next_dagrun for dataset_produces_2 to None, run_after=None
[2026-05-03T00:36:03.038+0000] {processor.py:183} INFO - Processing /home/airflow/.local/lib/python3.8/site-packages/airflow/example_dags/example_datasets.py took 0.092 seconds
[2026-05-03T00:36:33.220+0000] {processor.py:161} INFO - Started process (PID=4023) to work on /home/airflow/.local/lib/python3.8/site-packages/airflow/example_dags/example_datasets.py
[2026-05-03T00:36:33.223+0000] {processor.py:830} INFO - Processing file /home/airflow/.local/lib/python3.8/site-packages/airflow/example_dags/example_datasets.py for tasks to queue
[2026-05-03T00:36:33.226+0000] {logging_mixin.py:188} INFO - [2026-05-03T00:36:33.225+0000] {dagbag.py:540} INFO - Filling up the DagBag from /home/airflow/.local/lib/python3.8/site-packages/airflow/example_dags/example_datasets.py
[2026-05-03T00:36:33.233+0000] {processor.py:840} INFO - DAG(s) 'dataset_consumes_1', 'dataset_produces_1', 'dataset_produces_2', 'dataset_consumes_1_never_scheduled', 'dataset_consumes_unknown_never_scheduled', 'dataset_consumes_1_and_2' retrieved from /home/airflow/.local/lib/python3.8/site-packages/airflow/example_dags/example_datasets.py
[2026-05-03T00:36:33.263+0000] {logging_mixin.py:188} INFO - [2026-05-03T00:36:33.263+0000] {dag.py:3047} INFO - Sync 6 DAGs
[2026-05-03T00:36:33.282+0000] {logging_mixin.py:188} INFO - [2026-05-03T00:36:33.282+0000] {dag.py:3834} INFO - Setting next_dagrun for dataset_consumes_1 to None, run_after=None
[2026-05-03T00:36:33.285+0000] {logging_mixin.py:188} INFO - [2026-05-03T00:36:33.285+0000] {dag.py:3834} INFO - Setting next_dagrun for dataset_consumes_1_and_2 to None, run_after=None
[2026-05-03T00:36:33.286+0000] {logging_mixin.py:188} INFO - [2026-05-03T00:36:33.286+0000] {dag.py:3834} INFO - Setting next_dagrun for dataset_consumes_1_never_scheduled to None, run_after=None
[2026-05-03T00:36:33.287+0000] {logging_mixin.py:188} INFO - [2026-05-03T00:36:33.287+0000] {dag.py:3834} INFO - Setting next_dagrun for dataset_consumes_unknown_never_scheduled to None, run_after=None
[2026-05-03T00:36:33.291+0000] {logging_mixin.py:188} INFO - [2026-05-03T00:36:33.291+0000] {dag.py:3834} INFO - Setting next_dagrun for dataset_produces_1 to 2026-05-02 00:00:00+00:00, run_after=2026-05-03 00:00:00+00:00
[2026-05-03T00:36:33.293+0000] {logging_mixin.py:188} INFO - [2026-05-03T00:36:33.292+0000] {dag.py:3834} INFO - Setting next_dagrun for dataset_produces_2 to None, run_after=None
[2026-05-03T00:36:33.314+0000] {processor.py:183} INFO - Processing /home/airflow/.local/lib/python3.8/site-packages/airflow/example_dags/example_datasets.py took 0.096 seconds
[2026-05-03T00:37:03.629+0000] {processor.py:161} INFO - Started process (PID=4079) to work on /home/airflow/.local/lib/python3.8/site-packages/airflow/example_dags/example_datasets.py
[2026-05-03T00:37:03.630+0000] {processor.py:830} INFO - Processing file /home/airflow/.local/lib/python3.8/site-packages/airflow/example_dags/example_datasets.py for tasks to queue
[2026-05-03T00:37:03.632+0000] {logging_mixin.py:188} INFO - [2026-05-03T00:37:03.631+0000] {dagbag.py:540} INFO - Filling up the DagBag from /home/airflow/.local/lib/python3.8/site-packages/airflow/example_dags/example_datasets.py
[2026-05-03T00:37:03.639+0000] {processor.py:840} INFO - DAG(s) 'dataset_produces_2', 'dataset_consumes_1_never_scheduled', 'dataset_consumes_1', 'dataset_consumes_1_and_2', 'dataset_produces_1', 'dataset_consumes_unknown_never_scheduled' retrieved from /home/airflow/.local/lib/python3.8/site-packages/airflow/example_dags/example_datasets.py
[2026-05-03T00:37:03.670+0000] {logging_mixin.py:188} INFO - [2026-05-03T00:37:03.669+0000] {dag.py:3047} INFO - Sync 6 DAGs
[2026-05-03T00:37:03.684+0000] {logging_mixin.py:188} INFO - [2026-05-03T00:37:03.684+0000] {dag.py:3834} INFO - Setting next_dagrun for dataset_consumes_1 to None, run_after=None
[2026-05-03T00:37:03.687+0000] {logging_mixin.py:188} INFO - [2026-05-03T00:37:03.687+0000] {dag.py:3834} INFO - Setting next_dagrun for dataset_consumes_1_and_2 to None, run_after=None
[2026-05-03T00:37:03.688+0000] {logging_mixin.py:188} INFO - [2026-05-03T00:37:03.688+0000] {dag.py:3834} INFO - Setting next_dagrun for dataset_consumes_1_never_scheduled to None, run_after=None
[2026-05-03T00:37:03.689+0000] {logging_mixin.py:188} INFO - [2026-05-03T00:37:03.689+0000] {dag.py:3834} INFO - Setting next_dagrun for dataset_consumes_unknown_never_scheduled to None, run_after=None
[2026-05-03T00:37:03.690+0000] {logging_mixin.py:188} INFO - [2026-05-03T00:37:03.690+0000] {dag.py:3834} INFO - Setting next_dagrun for dataset_produces_1 to 2026-05-02 00:00:00+00:00, run_after=2026-05-03 00:00:00+00:00
[2026-05-03T00:37:03.693+0000] {logging_mixin.py:188} INFO - [2026-05-03T00:37:03.692+0000] {dag.py:3834} INFO - Setting next_dagrun for dataset_produces_2 to None, run_after=None
[2026-05-03T00:37:03.719+0000] {processor.py:183} INFO - Processing /home/airflow/.local/lib/python3.8/site-packages/airflow/example_dags/example_datasets.py took 0.092 seconds
[2026-05-03T00:37:34.198+0000] {processor.py:161} INFO - Started process (PID=4135) to work on /home/airflow/.local/lib/python3.8/site-packages/airflow/example_dags/example_datasets.py
[2026-05-03T00:37:34.199+0000] {processor.py:830} INFO - Processing file /home/airflow/.local/lib/python3.8/site-packages/airflow/example_dags/example_datasets.py for tasks to queue
[2026-05-03T00:37:34.201+0000] {logging_mixin.py:188} INFO - [2026-05-03T00:37:34.200+0000] {dagbag.py:540} INFO - Filling up the DagBag from /home/airflow/.local/lib/python3.8/site-packages/airflow/example_dags/example_datasets.py
[2026-05-03T00:37:34.210+0000] {processor.py:840} INFO - DAG(s) 'dataset_consumes_1_never_scheduled', 'dataset_produces_1', 'dataset_consumes_1', 'dataset_produces_2', 'dataset_consumes_unknown_never_scheduled', 'dataset_consumes_1_and_2' retrieved from /home/airflow/.local/lib/python3.8/site-packages/airflow/example_dags/example_datasets.py
[2026-05-03T00:37:34.238+0000] {logging_mixin.py:188} INFO - [2026-05-03T00:37:34.238+0000] {dag.py:3047} INFO - Sync 6 DAGs
[2026-05-03T00:37:34.256+0000] {logging_mixin.py:188} INFO - [2026-05-03T00:37:34.256+0000] {dag.py:3834} INFO - Setting next_dagrun for dataset_consumes_1 to None, run_after=None
[2026-05-03T00:37:34.259+0000] {logging_mixin.py:188} INFO - [2026-05-03T00:37:34.259+0000] {dag.py:3834} INFO - Setting next_dagrun for dataset_consumes_1_and_2 to None, run_after=None
[2026-05-03T00:37:34.260+0000] {logging_mixin.py:188} INFO - [2026-05-03T00:37:34.260+0000] {dag.py:3834} INFO - Setting next_dagrun for dataset_consumes_1_never_scheduled to None, run_after=None
[2026-05-03T00:37:34.262+0000] {logging_mixin.py:188} INFO - [2026-05-03T00:37:34.262+0000] {dag.py:3834} INFO - Setting next_dagrun for dataset_consumes_unknown_never_scheduled to None, run_after=None
[2026-05-03T00:37:34.264+0000] {logging_mixin.py:188} INFO - [2026-05-03T00:37:34.264+0000] {dag.py:3834} INFO - Setting next_dagrun for dataset_produces_1 to 2026-05-02 00:00:00+00:00, run_after=2026-05-03 00:00:00+00:00
[2026-05-03T00:37:34.265+0000] {logging_mixin.py:188} INFO - [2026-05-03T00:37:34.265+0000] {dag.py:3834} INFO - Setting next_dagrun for dataset_produces_2 to None, run_after=None
[2026-05-03T00:37:34.283+0000] {processor.py:183} INFO - Processing /home/airflow/.local/lib/python3.8/site-packages/airflow/example_dags/example_datasets.py took 0.087 seconds
[2026-05-03T00:38:04.607+0000] {processor.py:161} INFO - Started process (PID=4191) to work on /home/airflow/.local/lib/python3.8/site-packages/airflow/example_dags/example_datasets.py
[2026-05-03T00:38:04.609+0000] {processor.py:830} INFO - Processing file /home/airflow/.local/lib/python3.8/site-packages/airflow/example_dags/example_datasets.py for tasks to queue
[2026-05-03T00:38:04.610+0000] {logging_mixin.py:188} INFO - [2026-05-03T00:38:04.610+0000] {dagbag.py:540} INFO - Filling up the DagBag from /home/airflow/.local/lib/python3.8/site-packages/airflow/example_dags/example_datasets.py
[2026-05-03T00:38:04.618+0000] {processor.py:840} INFO - DAG(s) 'dataset_consumes_1_and_2', 'dataset_produces_1', 'dataset_consumes_1', 'dataset_consumes_1_never_scheduled', 'dataset_consumes_unknown_never_scheduled', 'dataset_produces_2' retrieved from /home/airflow/.local/lib/python3.8/site-packages/airflow/example_dags/example_datasets.py
[2026-05-03T00:38:04.651+0000] {logging_mixin.py:188} INFO - [2026-05-03T00:38:04.651+0000] {dag.py:3047} INFO - Sync 6 DAGs
[2026-05-03T00:38:04.669+0000] {logging_mixin.py:188} INFO - [2026-05-03T00:38:04.669+0000] {dag.py:3834} INFO - Setting next_dagrun for dataset_consumes_1 to None, run_after=None
[2026-05-03T00:38:04.672+0000] {logging_mixin.py:188} INFO - [2026-05-03T00:38:04.671+0000] {dag.py:3834} INFO - Setting next_dagrun for dataset_consumes_1_and_2 to None, run_after=None
[2026-05-03T00:38:04.674+0000] {logging_mixin.py:188} INFO - [2026-05-03T00:38:04.674+0000] {dag.py:3834} INFO - Setting next_dagrun for dataset_consumes_1_never_scheduled to None, run_after=None
[2026-05-03T00:38:04.676+0000] {logging_mixin.py:188} INFO - [2026-05-03T00:38:04.676+0000] {dag.py:3834} INFO - Setting next_dagrun for dataset_consumes_unknown_never_scheduled to None, run_after=None
[2026-05-03T00:38:04.678+0000] {logging_mixin.py:188} INFO - [2026-05-03T00:38:04.677+0000] {dag.py:3834} INFO - Setting next_dagrun for dataset_produces_1 to 2026-05-02 00:00:00+00:00, run_after=2026-05-03 00:00:00+00:00
[2026-05-03T00:38:04.681+0000] {logging_mixin.py:188} INFO - [2026-05-03T00:38:04.680+0000] {dag.py:3834} INFO - Setting next_dagrun for dataset_produces_2 to None, run_after=None
[2026-05-03T00:38:04.704+0000] {processor.py:183} INFO - Processing /home/airflow/.local/lib/python3.8/site-packages/airflow/example_dags/example_datasets.py took 0.100 seconds
[2026-05-03T00:38:35.089+0000] {processor.py:161} INFO - Started process (PID=4247) to work on /home/airflow/.local/lib/python3.8/site-packages/airflow/example_dags/example_datasets.py
[2026-05-03T00:38:35.090+0000] {processor.py:830} INFO - Processing file /home/airflow/.local/lib/python3.8/site-packages/airflow/example_dags/example_datasets.py for tasks to queue
[2026-05-03T00:38:35.091+0000] {logging_mixin.py:188} INFO - [2026-05-03T00:38:35.091+0000] {dagbag.py:540} INFO - Filling up the DagBag from /home/airflow/.local/lib/python3.8/site-packages/airflow/example_dags/example_datasets.py
[2026-05-03T00:38:35.100+0000] {processor.py:840} INFO - DAG(s) 'dataset_produces_1', 'dataset_produces_2', 'dataset_consumes_1', 'dataset_consumes_1_and_2', 'dataset_consumes_unknown_never_scheduled', 'dataset_consumes_1_never_scheduled' retrieved from /home/airflow/.local/lib/python3.8/site-packages/airflow/example_dags/example_datasets.py
[2026-05-03T00:38:35.129+0000] {logging_mixin.py:188} INFO - [2026-05-03T00:38:35.129+0000] {dag.py:3047} INFO - Sync 6 DAGs
[2026-05-03T00:38:35.150+0000] {logging_mixin.py:188} INFO - [2026-05-03T00:38:35.150+0000] {dag.py:3834} INFO - Setting next_dagrun for dataset_consumes_1 to None, run_after=None
[2026-05-03T00:38:35.152+0000] {logging_mixin.py:188} INFO - [2026-05-03T00:38:35.152+0000] {dag.py:3834} INFO - Setting next_dagrun for dataset_consumes_1_and_2 to None, run_after=None
[2026-05-03T00:38:35.153+0000] {logging_mixin.py:188} INFO - [2026-05-03T00:38:35.153+0000] {dag.py:3834} INFO - Setting next_dagrun for dataset_consumes_1_never_scheduled to None, run_after=None
[2026-05-03T00:38:35.154+0000] {logging_mixin.py:188} INFO - [2026-05-03T00:38:35.154+0000] {dag.py:3834} INFO - Setting next_dagrun for dataset_consumes_unknown_never_scheduled to None, run_after=None
[2026-05-03T00:38:35.156+0000] {logging_mixin.py:188} INFO - [2026-05-03T00:38:35.156+0000] {dag.py:3834} INFO - Setting next_dagrun for dataset_produces_1 to 2026-05-02 00:00:00+00:00, run_after=2026-05-03 00:00:00+00:00
[2026-05-03T00:38:35.156+0000] {logging_mixin.py:188} INFO - [2026-05-03T00:38:35.156+0000] {dag.py:3834} INFO - Setting next_dagrun for dataset_produces_2 to None, run_after=None
[2026-05-03T00:38:35.176+0000] {processor.py:183} INFO - Processing /home/airflow/.local/lib/python3.8/site-packages/airflow/example_dags/example_datasets.py took 0.090 seconds
[2026-05-03T00:39:05.413+0000] {processor.py:161} INFO - Started process (PID=4303) to work on /home/airflow/.local/lib/python3.8/site-packages/airflow/example_dags/example_datasets.py
[2026-05-03T00:39:05.414+0000] {processor.py:830} INFO - Processing file /home/airflow/.local/lib/python3.8/site-packages/airflow/example_dags/example_datasets.py for tasks to queue
[2026-05-03T00:39:05.415+0000] {logging_mixin.py:188} INFO - [2026-05-03T00:39:05.415+0000] {dagbag.py:540} INFO - Filling up the DagBag from /home/airflow/.local/lib/python3.8/site-packages/airflow/example_dags/example_datasets.py
[2026-05-03T00:39:05.422+0000] {processor.py:840} INFO - DAG(s) 'dataset_consumes_1_and_2', 'dataset_consumes_1_never_scheduled', 'dataset_produces_1', 'dataset_produces_2', 'dataset_consumes_unknown_never_scheduled', 'dataset_consumes_1' retrieved from /home/airflow/.local/lib/python3.8/site-packages/airflow/example_dags/example_datasets.py
[2026-05-03T00:39:05.457+0000] {logging_mixin.py:188} INFO - [2026-05-03T00:39:05.457+0000] {dag.py:3047} INFO - Sync 6 DAGs
[2026-05-03T00:39:05.474+0000] {logging_mixin.py:188} INFO - [2026-05-03T00:39:05.474+0000] {dag.py:3834} INFO - Setting next_dagrun for dataset_consumes_1 to None, run_after=None
[2026-05-03T00:39:05.476+0000] {logging_mixin.py:188} INFO - [2026-05-03T00:39:05.476+0000] {dag.py:3834} INFO - Setting next_dagrun for dataset_consumes_1_and_2 to None, run_after=None
[2026-05-03T00:39:05.477+0000] {logging_mixin.py:188} INFO - [2026-05-03T00:39:05.477+0000] {dag.py:3834} INFO - Setting next_dagrun for dataset_consumes_1_never_scheduled to None, run_after=None
[2026-05-03T00:39:05.479+0000] {logging_mixin.py:188} INFO - [2026-05-03T00:39:05.479+0000] {dag.py:3834} INFO - Setting next_dagrun for dataset_consumes_unknown_never_scheduled to None, run_after=None
[2026-05-03T00:39:05.481+0000] {logging_mixin.py:188} INFO - [2026-05-03T00:39:05.481+0000] {dag.py:3834} INFO - Setting next_dagrun for dataset_produces_1 to 2026-05-02 00:00:00+00:00, run_after=2026-05-03 00:00:00+00:00
[2026-05-03T00:39:05.482+0000] {logging_mixin.py:188} INFO - [2026-05-03T00:39:05.482+0000] {dag.py:3834} INFO - Setting next_dagrun for dataset_produces_2 to None, run_after=None
[2026-05-03T00:39:05.505+0000] {processor.py:183} INFO - Processing /home/airflow/.local/lib/python3.8/site-packages/airflow/example_dags/example_datasets.py took 0.095 seconds
[2026-05-03T00:39:36.057+0000] {processor.py:161} INFO - Started process (PID=4359) to work on /home/airflow/.local/lib/python3.8/site-packages/airflow/example_dags/example_datasets.py
[2026-05-03T00:39:36.058+0000] {processor.py:830} INFO - Processing file /home/airflow/.local/lib/python3.8/site-packages/airflow/example_dags/example_datasets.py for tasks to queue
[2026-05-03T00:39:36.059+0000] {logging_mixin.py:188} INFO - [2026-05-03T00:39:36.059+0000] {dagbag.py:540} INFO - Filling up the DagBag from /home/airflow/.local/lib/python3.8/site-packages/airflow/example_dags/example_datasets.py
[2026-05-03T00:39:36.072+0000] {processor.py:840} INFO - DAG(s) 'dataset_consumes_unknown_never_scheduled', 'dataset_produces_2', 'dataset_produces_1', 'dataset_consumes_1', 'dataset_consumes_1_and_2', 'dataset_consumes_1_never_scheduled' retrieved from /home/airflow/.local/lib/python3.8/site-packages/airflow/example_dags/example_datasets.py
[2026-05-03T00:39:36.106+0000] {logging_mixin.py:188} INFO - [2026-05-03T00:39:36.106+0000] {dag.py:3047} INFO - Sync 6 DAGs
[2026-05-03T00:39:36.123+0000] {logging_mixin.py:188} INFO - [2026-05-03T00:39:36.123+0000] {dag.py:3834} INFO - Setting next_dagrun for dataset_consumes_1 to None, run_after=None
[2026-05-03T00:39:36.126+0000] {logging_mixin.py:188} INFO - [2026-05-03T00:39:36.126+0000] {dag.py:3834} INFO - Setting next_dagrun for dataset_consumes_1_and_2 to None, run_after=None
[2026-05-03T00:39:36.127+0000] {logging_mixin.py:188} INFO - [2026-05-03T00:39:36.127+0000] {dag.py:3834} INFO - Setting next_dagrun for dataset_consumes_1_never_scheduled to None, run_after=None
[2026-05-03T00:39:36.128+0000] {logging_mixin.py:188} INFO - [2026-05-03T00:39:36.127+0000] {dag.py:3834} INFO - Setting next_dagrun for dataset_consumes_unknown_never_scheduled to None, run_after=None
[2026-05-03T00:39:36.130+0000] {logging_mixin.py:188} INFO - [2026-05-03T00:39:36.130+0000] {dag.py:3834} INFO - Setting next_dagrun for dataset_produces_1 to 2026-05-02 00:00:00+00:00, run_after=2026-05-03 00:00:00+00:00
[2026-05-03T00:39:36.132+0000] {logging_mixin.py:188} INFO - [2026-05-03T00:39:36.132+0000] {dag.py:3834} INFO - Setting next_dagrun for dataset_produces_2 to None, run_after=None
[2026-05-03T00:39:36.167+0000] {processor.py:183} INFO - Processing /home/airflow/.local/lib/python3.8/site-packages/airflow/example_dags/example_datasets.py took 0.113 seconds
