[2026-05-03T00:02:01.145+0000] {processor.py:161} INFO - Started process (PID=2771) to work on /home/airflow/.local/lib/python3.8/site-packages/airflow/example_dags/example_local_kubernetes_executor.py
[2026-05-03T00:02:01.147+0000] {processor.py:830} INFO - Processing file /home/airflow/.local/lib/python3.8/site-packages/airflow/example_dags/example_local_kubernetes_executor.py for tasks to queue
[2026-05-03T00:02:01.150+0000] {logging_mixin.py:188} INFO - [2026-05-03T00:02:01.149+0000] {dagbag.py:540} INFO - Filling up the DagBag from /home/airflow/.local/lib/python3.8/site-packages/airflow/example_dags/example_local_kubernetes_executor.py
[2026-05-03T00:02:01.163+0000] {processor.py:840} INFO - DAG(s) 'example_local_kubernetes_executor' retrieved from /home/airflow/.local/lib/python3.8/site-packages/airflow/example_dags/example_local_kubernetes_executor.py
[2026-05-03T00:02:01.209+0000] {logging_mixin.py:188} INFO - [2026-05-03T00:02:01.208+0000] {dag.py:3047} INFO - Sync 1 DAGs
[2026-05-03T00:02:01.225+0000] {logging_mixin.py:188} INFO - [2026-05-03T00:02:01.224+0000] {dag.py:3834} INFO - Setting next_dagrun for example_local_kubernetes_executor to None, run_after=None
[2026-05-03T00:02:01.246+0000] {processor.py:183} INFO - Processing /home/airflow/.local/lib/python3.8/site-packages/airflow/example_dags/example_local_kubernetes_executor.py took 0.107 seconds
[2026-05-03T00:11:41.931+0000] {processor.py:161} INFO - Started process (PID=2827) to work on /home/airflow/.local/lib/python3.8/site-packages/airflow/example_dags/example_local_kubernetes_executor.py
[2026-05-03T00:11:41.932+0000] {processor.py:830} INFO - Processing file /home/airflow/.local/lib/python3.8/site-packages/airflow/example_dags/example_local_kubernetes_executor.py for tasks to queue
[2026-05-03T00:11:41.934+0000] {logging_mixin.py:188} INFO - [2026-05-03T00:11:41.934+0000] {dagbag.py:540} INFO - Filling up the DagBag from /home/airflow/.local/lib/python3.8/site-packages/airflow/example_dags/example_local_kubernetes_executor.py
[2026-05-03T00:11:41.947+0000] {processor.py:840} INFO - DAG(s) 'example_local_kubernetes_executor' retrieved from /home/airflow/.local/lib/python3.8/site-packages/airflow/example_dags/example_local_kubernetes_executor.py
[2026-05-03T00:11:41.973+0000] {logging_mixin.py:188} INFO - [2026-05-03T00:11:41.973+0000] {dag.py:3047} INFO - Sync 1 DAGs
[2026-05-03T00:11:41.981+0000] {logging_mixin.py:188} INFO - [2026-05-03T00:11:41.981+0000] {dag.py:3834} INFO - Setting next_dagrun for example_local_kubernetes_executor to None, run_after=None
[2026-05-03T00:11:41.992+0000] {processor.py:183} INFO - Processing /home/airflow/.local/lib/python3.8/site-packages/airflow/example_dags/example_local_kubernetes_executor.py took 0.063 seconds
[2026-05-03T00:20:53.644+0000] {processor.py:161} INFO - Started process (PID=2883) to work on /home/airflow/.local/lib/python3.8/site-packages/airflow/example_dags/example_local_kubernetes_executor.py
[2026-05-03T00:20:53.645+0000] {processor.py:830} INFO - Processing file /home/airflow/.local/lib/python3.8/site-packages/airflow/example_dags/example_local_kubernetes_executor.py for tasks to queue
[2026-05-03T00:20:53.647+0000] {logging_mixin.py:188} INFO - [2026-05-03T00:20:53.647+0000] {dagbag.py:540} INFO - Filling up the DagBag from /home/airflow/.local/lib/python3.8/site-packages/airflow/example_dags/example_local_kubernetes_executor.py
[2026-05-03T00:20:53.654+0000] {processor.py:840} INFO - DAG(s) 'example_local_kubernetes_executor' retrieved from /home/airflow/.local/lib/python3.8/site-packages/airflow/example_dags/example_local_kubernetes_executor.py
[2026-05-03T00:20:53.679+0000] {logging_mixin.py:188} INFO - [2026-05-03T00:20:53.679+0000] {dag.py:3047} INFO - Sync 1 DAGs
[2026-05-03T00:20:53.689+0000] {logging_mixin.py:188} INFO - [2026-05-03T00:20:53.689+0000] {dag.py:3834} INFO - Setting next_dagrun for example_local_kubernetes_executor to None, run_after=None
[2026-05-03T00:20:53.701+0000] {processor.py:183} INFO - Processing /home/airflow/.local/lib/python3.8/site-packages/airflow/example_dags/example_local_kubernetes_executor.py took 0.059 seconds
[2026-05-03T00:26:53.897+0000] {processor.py:161} INFO - Started process (PID=2939) to work on /home/airflow/.local/lib/python3.8/site-packages/airflow/example_dags/example_local_kubernetes_executor.py
[2026-05-03T00:26:53.899+0000] {processor.py:830} INFO - Processing file /home/airflow/.local/lib/python3.8/site-packages/airflow/example_dags/example_local_kubernetes_executor.py for tasks to queue
[2026-05-03T00:26:53.900+0000] {logging_mixin.py:188} INFO - [2026-05-03T00:26:53.900+0000] {dagbag.py:540} INFO - Filling up the DagBag from /home/airflow/.local/lib/python3.8/site-packages/airflow/example_dags/example_local_kubernetes_executor.py
[2026-05-03T00:26:53.907+0000] {processor.py:840} INFO - DAG(s) 'example_local_kubernetes_executor' retrieved from /home/airflow/.local/lib/python3.8/site-packages/airflow/example_dags/example_local_kubernetes_executor.py
[2026-05-03T00:26:53.930+0000] {logging_mixin.py:188} INFO - [2026-05-03T00:26:53.930+0000] {dag.py:3047} INFO - Sync 1 DAGs
[2026-05-03T00:26:53.938+0000] {logging_mixin.py:188} INFO - [2026-05-03T00:26:53.938+0000] {dag.py:3834} INFO - Setting next_dagrun for example_local_kubernetes_executor to None, run_after=None
[2026-05-03T00:26:53.952+0000] {processor.py:183} INFO - Processing /home/airflow/.local/lib/python3.8/site-packages/airflow/example_dags/example_local_kubernetes_executor.py took 0.057 seconds
[2026-05-03T00:27:24.185+0000] {processor.py:161} INFO - Started process (PID=2995) to work on /home/airflow/.local/lib/python3.8/site-packages/airflow/example_dags/example_local_kubernetes_executor.py
[2026-05-03T00:27:24.186+0000] {processor.py:830} INFO - Processing file /home/airflow/.local/lib/python3.8/site-packages/airflow/example_dags/example_local_kubernetes_executor.py for tasks to queue
[2026-05-03T00:27:24.187+0000] {logging_mixin.py:188} INFO - [2026-05-03T00:27:24.187+0000] {dagbag.py:540} INFO - Filling up the DagBag from /home/airflow/.local/lib/python3.8/site-packages/airflow/example_dags/example_local_kubernetes_executor.py
[2026-05-03T00:27:24.194+0000] {processor.py:840} INFO - DAG(s) 'example_local_kubernetes_executor' retrieved from /home/airflow/.local/lib/python3.8/site-packages/airflow/example_dags/example_local_kubernetes_executor.py
[2026-05-03T00:27:24.217+0000] {logging_mixin.py:188} INFO - [2026-05-03T00:27:24.217+0000] {dag.py:3047} INFO - Sync 1 DAGs
[2026-05-03T00:27:24.226+0000] {logging_mixin.py:188} INFO - [2026-05-03T00:27:24.226+0000] {dag.py:3834} INFO - Setting next_dagrun for example_local_kubernetes_executor to None, run_after=None
[2026-05-03T00:27:24.236+0000] {processor.py:183} INFO - Processing /home/airflow/.local/lib/python3.8/site-packages/airflow/example_dags/example_local_kubernetes_executor.py took 0.054 seconds
[2026-05-03T00:27:55.208+0000] {processor.py:161} INFO - Started process (PID=3051) to work on /home/airflow/.local/lib/python3.8/site-packages/airflow/example_dags/example_local_kubernetes_executor.py
[2026-05-03T00:27:55.210+0000] {processor.py:830} INFO - Processing file /home/airflow/.local/lib/python3.8/site-packages/airflow/example_dags/example_local_kubernetes_executor.py for tasks to queue
[2026-05-03T00:27:55.211+0000] {logging_mixin.py:188} INFO - [2026-05-03T00:27:55.211+0000] {dagbag.py:540} INFO - Filling up the DagBag from /home/airflow/.local/lib/python3.8/site-packages/airflow/example_dags/example_local_kubernetes_executor.py
[2026-05-03T00:27:55.222+0000] {processor.py:840} INFO - DAG(s) 'example_local_kubernetes_executor' retrieved from /home/airflow/.local/lib/python3.8/site-packages/airflow/example_dags/example_local_kubernetes_executor.py
[2026-05-03T00:27:55.254+0000] {logging_mixin.py:188} INFO - [2026-05-03T00:27:55.254+0000] {dag.py:3047} INFO - Sync 1 DAGs
[2026-05-03T00:27:55.263+0000] {logging_mixin.py:188} INFO - [2026-05-03T00:27:55.263+0000] {dag.py:3834} INFO - Setting next_dagrun for example_local_kubernetes_executor to None, run_after=None
[2026-05-03T00:27:55.278+0000] {processor.py:183} INFO - Processing /home/airflow/.local/lib/python3.8/site-packages/airflow/example_dags/example_local_kubernetes_executor.py took 0.073 seconds
[2026-05-03T00:28:25.576+0000] {processor.py:161} INFO - Started process (PID=3107) to work on /home/airflow/.local/lib/python3.8/site-packages/airflow/example_dags/example_local_kubernetes_executor.py
[2026-05-03T00:28:25.581+0000] {processor.py:830} INFO - Processing file /home/airflow/.local/lib/python3.8/site-packages/airflow/example_dags/example_local_kubernetes_executor.py for tasks to queue
[2026-05-03T00:28:25.584+0000] {logging_mixin.py:188} INFO - [2026-05-03T00:28:25.584+0000] {dagbag.py:540} INFO - Filling up the DagBag from /home/airflow/.local/lib/python3.8/site-packages/airflow/example_dags/example_local_kubernetes_executor.py
[2026-05-03T00:28:25.593+0000] {processor.py:840} INFO - DAG(s) 'example_local_kubernetes_executor' retrieved from /home/airflow/.local/lib/python3.8/site-packages/airflow/example_dags/example_local_kubernetes_executor.py
[2026-05-03T00:28:25.629+0000] {logging_mixin.py:188} INFO - [2026-05-03T00:28:25.628+0000] {dag.py:3047} INFO - Sync 1 DAGs
[2026-05-03T00:28:25.638+0000] {logging_mixin.py:188} INFO - [2026-05-03T00:28:25.638+0000] {dag.py:3834} INFO - Setting next_dagrun for example_local_kubernetes_executor to None, run_after=None
[2026-05-03T00:28:25.650+0000] {processor.py:183} INFO - Processing /home/airflow/.local/lib/python3.8/site-packages/airflow/example_dags/example_local_kubernetes_executor.py took 0.077 seconds
[2026-05-03T00:28:55.933+0000] {processor.py:161} INFO - Started process (PID=3163) to work on /home/airflow/.local/lib/python3.8/site-packages/airflow/example_dags/example_local_kubernetes_executor.py
[2026-05-03T00:28:55.933+0000] {processor.py:830} INFO - Processing file /home/airflow/.local/lib/python3.8/site-packages/airflow/example_dags/example_local_kubernetes_executor.py for tasks to queue
[2026-05-03T00:28:55.935+0000] {logging_mixin.py:188} INFO - [2026-05-03T00:28:55.935+0000] {dagbag.py:540} INFO - Filling up the DagBag from /home/airflow/.local/lib/python3.8/site-packages/airflow/example_dags/example_local_kubernetes_executor.py
[2026-05-03T00:28:55.940+0000] {processor.py:840} INFO - DAG(s) 'example_local_kubernetes_executor' retrieved from /home/airflow/.local/lib/python3.8/site-packages/airflow/example_dags/example_local_kubernetes_executor.py
[2026-05-03T00:28:55.970+0000] {logging_mixin.py:188} INFO - [2026-05-03T00:28:55.970+0000] {dag.py:3047} INFO - Sync 1 DAGs
[2026-05-03T00:28:55.980+0000] {logging_mixin.py:188} INFO - [2026-05-03T00:28:55.980+0000] {dag.py:3834} INFO - Setting next_dagrun for example_local_kubernetes_executor to None, run_after=None
[2026-05-03T00:28:55.991+0000] {processor.py:183} INFO - Processing /home/airflow/.local/lib/python3.8/site-packages/airflow/example_dags/example_local_kubernetes_executor.py took 0.061 seconds
[2026-05-03T00:29:26.173+0000] {processor.py:161} INFO - Started process (PID=3219) to work on /home/airflow/.local/lib/python3.8/site-packages/airflow/example_dags/example_local_kubernetes_executor.py
[2026-05-03T00:29:26.174+0000] {processor.py:830} INFO - Processing file /home/airflow/.local/lib/python3.8/site-packages/airflow/example_dags/example_local_kubernetes_executor.py for tasks to queue
[2026-05-03T00:29:26.175+0000] {logging_mixin.py:188} INFO - [2026-05-03T00:29:26.175+0000] {dagbag.py:540} INFO - Filling up the DagBag from /home/airflow/.local/lib/python3.8/site-packages/airflow/example_dags/example_local_kubernetes_executor.py
[2026-05-03T00:29:26.182+0000] {processor.py:840} INFO - DAG(s) 'example_local_kubernetes_executor' retrieved from /home/airflow/.local/lib/python3.8/site-packages/airflow/example_dags/example_local_kubernetes_executor.py
[2026-05-03T00:29:26.209+0000] {logging_mixin.py:188} INFO - [2026-05-03T00:29:26.209+0000] {dag.py:3047} INFO - Sync 1 DAGs
[2026-05-03T00:29:26.218+0000] {logging_mixin.py:188} INFO - [2026-05-03T00:29:26.218+0000] {dag.py:3834} INFO - Setting next_dagrun for example_local_kubernetes_executor to None, run_after=None
[2026-05-03T00:29:26.232+0000] {processor.py:183} INFO - Processing /home/airflow/.local/lib/python3.8/site-packages/airflow/example_dags/example_local_kubernetes_executor.py took 0.061 seconds
[2026-05-03T00:29:56.566+0000] {processor.py:161} INFO - Started process (PID=3275) to work on /home/airflow/.local/lib/python3.8/site-packages/airflow/example_dags/example_local_kubernetes_executor.py
[2026-05-03T00:29:56.567+0000] {processor.py:830} INFO - Processing file /home/airflow/.local/lib/python3.8/site-packages/airflow/example_dags/example_local_kubernetes_executor.py for tasks to queue
[2026-05-03T00:29:56.568+0000] {logging_mixin.py:188} INFO - [2026-05-03T00:29:56.568+0000] {dagbag.py:540} INFO - Filling up the DagBag from /home/airflow/.local/lib/python3.8/site-packages/airflow/example_dags/example_local_kubernetes_executor.py
[2026-05-03T00:29:56.574+0000] {processor.py:840} INFO - DAG(s) 'example_local_kubernetes_executor' retrieved from /home/airflow/.local/lib/python3.8/site-packages/airflow/example_dags/example_local_kubernetes_executor.py
[2026-05-03T00:29:56.608+0000] {logging_mixin.py:188} INFO - [2026-05-03T00:29:56.608+0000] {dag.py:3047} INFO - Sync 1 DAGs
[2026-05-03T00:29:56.618+0000] {logging_mixin.py:188} INFO - [2026-05-03T00:29:56.618+0000] {dag.py:3834} INFO - Setting next_dagrun for example_local_kubernetes_executor to None, run_after=None
[2026-05-03T00:29:56.632+0000] {processor.py:183} INFO - Processing /home/airflow/.local/lib/python3.8/site-packages/airflow/example_dags/example_local_kubernetes_executor.py took 0.068 seconds
[2026-05-03T00:30:26.855+0000] {processor.py:161} INFO - Started process (PID=3331) to work on /home/airflow/.local/lib/python3.8/site-packages/airflow/example_dags/example_local_kubernetes_executor.py
[2026-05-03T00:30:26.856+0000] {processor.py:830} INFO - Processing file /home/airflow/.local/lib/python3.8/site-packages/airflow/example_dags/example_local_kubernetes_executor.py for tasks to queue
[2026-05-03T00:30:26.857+0000] {logging_mixin.py:188} INFO - [2026-05-03T00:30:26.857+0000] {dagbag.py:540} INFO - Filling up the DagBag from /home/airflow/.local/lib/python3.8/site-packages/airflow/example_dags/example_local_kubernetes_executor.py
[2026-05-03T00:30:26.863+0000] {processor.py:840} INFO - DAG(s) 'example_local_kubernetes_executor' retrieved from /home/airflow/.local/lib/python3.8/site-packages/airflow/example_dags/example_local_kubernetes_executor.py
[2026-05-03T00:30:26.888+0000] {logging_mixin.py:188} INFO - [2026-05-03T00:30:26.888+0000] {dag.py:3047} INFO - Sync 1 DAGs
[2026-05-03T00:30:26.898+0000] {logging_mixin.py:188} INFO - [2026-05-03T00:30:26.898+0000] {dag.py:3834} INFO - Setting next_dagrun for example_local_kubernetes_executor to None, run_after=None
[2026-05-03T00:30:26.914+0000] {processor.py:183} INFO - Processing /home/airflow/.local/lib/python3.8/site-packages/airflow/example_dags/example_local_kubernetes_executor.py took 0.062 seconds
[2026-05-03T00:30:57.114+0000] {processor.py:161} INFO - Started process (PID=3387) to work on /home/airflow/.local/lib/python3.8/site-packages/airflow/example_dags/example_local_kubernetes_executor.py
[2026-05-03T00:30:57.115+0000] {processor.py:830} INFO - Processing file /home/airflow/.local/lib/python3.8/site-packages/airflow/example_dags/example_local_kubernetes_executor.py for tasks to queue
[2026-05-03T00:30:57.117+0000] {logging_mixin.py:188} INFO - [2026-05-03T00:30:57.116+0000] {dagbag.py:540} INFO - Filling up the DagBag from /home/airflow/.local/lib/python3.8/site-packages/airflow/example_dags/example_local_kubernetes_executor.py
[2026-05-03T00:30:57.123+0000] {processor.py:840} INFO - DAG(s) 'example_local_kubernetes_executor' retrieved from /home/airflow/.local/lib/python3.8/site-packages/airflow/example_dags/example_local_kubernetes_executor.py
[2026-05-03T00:30:57.148+0000] {logging_mixin.py:188} INFO - [2026-05-03T00:30:57.148+0000] {dag.py:3047} INFO - Sync 1 DAGs
[2026-05-03T00:30:57.156+0000] {logging_mixin.py:188} INFO - [2026-05-03T00:30:57.156+0000] {dag.py:3834} INFO - Setting next_dagrun for example_local_kubernetes_executor to None, run_after=None
[2026-05-03T00:30:57.171+0000] {processor.py:183} INFO - Processing /home/airflow/.local/lib/python3.8/site-packages/airflow/example_dags/example_local_kubernetes_executor.py took 0.060 seconds
[2026-05-03T00:31:27.871+0000] {processor.py:161} INFO - Started process (PID=3443) to work on /home/airflow/.local/lib/python3.8/site-packages/airflow/example_dags/example_local_kubernetes_executor.py
[2026-05-03T00:31:27.873+0000] {processor.py:830} INFO - Processing file /home/airflow/.local/lib/python3.8/site-packages/airflow/example_dags/example_local_kubernetes_executor.py for tasks to queue
[2026-05-03T00:31:27.875+0000] {logging_mixin.py:188} INFO - [2026-05-03T00:31:27.875+0000] {dagbag.py:540} INFO - Filling up the DagBag from /home/airflow/.local/lib/python3.8/site-packages/airflow/example_dags/example_local_kubernetes_executor.py
[2026-05-03T00:31:27.884+0000] {processor.py:840} INFO - DAG(s) 'example_local_kubernetes_executor' retrieved from /home/airflow/.local/lib/python3.8/site-packages/airflow/example_dags/example_local_kubernetes_executor.py
[2026-05-03T00:31:27.926+0000] {logging_mixin.py:188} INFO - [2026-05-03T00:31:27.926+0000] {dag.py:3047} INFO - Sync 1 DAGs
[2026-05-03T00:31:27.937+0000] {logging_mixin.py:188} INFO - [2026-05-03T00:31:27.936+0000] {dag.py:3834} INFO - Setting next_dagrun for example_local_kubernetes_executor to None, run_after=None
[2026-05-03T00:31:27.951+0000] {processor.py:183} INFO - Processing /home/airflow/.local/lib/python3.8/site-packages/airflow/example_dags/example_local_kubernetes_executor.py took 0.083 seconds
[2026-05-03T00:31:58.987+0000] {processor.py:161} INFO - Started process (PID=3499) to work on /home/airflow/.local/lib/python3.8/site-packages/airflow/example_dags/example_local_kubernetes_executor.py
[2026-05-03T00:31:58.988+0000] {processor.py:830} INFO - Processing file /home/airflow/.local/lib/python3.8/site-packages/airflow/example_dags/example_local_kubernetes_executor.py for tasks to queue
[2026-05-03T00:31:58.989+0000] {logging_mixin.py:188} INFO - [2026-05-03T00:31:58.989+0000] {dagbag.py:540} INFO - Filling up the DagBag from /home/airflow/.local/lib/python3.8/site-packages/airflow/example_dags/example_local_kubernetes_executor.py
[2026-05-03T00:31:58.996+0000] {processor.py:840} INFO - DAG(s) 'example_local_kubernetes_executor' retrieved from /home/airflow/.local/lib/python3.8/site-packages/airflow/example_dags/example_local_kubernetes_executor.py
[2026-05-03T00:31:59.022+0000] {logging_mixin.py:188} INFO - [2026-05-03T00:31:59.022+0000] {dag.py:3047} INFO - Sync 1 DAGs
[2026-05-03T00:31:59.034+0000] {logging_mixin.py:188} INFO - [2026-05-03T00:31:59.033+0000] {dag.py:3834} INFO - Setting next_dagrun for example_local_kubernetes_executor to None, run_after=None
[2026-05-03T00:31:59.047+0000] {processor.py:183} INFO - Processing /home/airflow/.local/lib/python3.8/site-packages/airflow/example_dags/example_local_kubernetes_executor.py took 0.063 seconds
[2026-05-03T00:32:29.322+0000] {processor.py:161} INFO - Started process (PID=3555) to work on /home/airflow/.local/lib/python3.8/site-packages/airflow/example_dags/example_local_kubernetes_executor.py
[2026-05-03T00:32:29.324+0000] {processor.py:830} INFO - Processing file /home/airflow/.local/lib/python3.8/site-packages/airflow/example_dags/example_local_kubernetes_executor.py for tasks to queue
[2026-05-03T00:32:29.325+0000] {logging_mixin.py:188} INFO - [2026-05-03T00:32:29.325+0000] {dagbag.py:540} INFO - Filling up the DagBag from /home/airflow/.local/lib/python3.8/site-packages/airflow/example_dags/example_local_kubernetes_executor.py
[2026-05-03T00:32:29.332+0000] {processor.py:840} INFO - DAG(s) 'example_local_kubernetes_executor' retrieved from /home/airflow/.local/lib/python3.8/site-packages/airflow/example_dags/example_local_kubernetes_executor.py
[2026-05-03T00:32:29.364+0000] {logging_mixin.py:188} INFO - [2026-05-03T00:32:29.364+0000] {dag.py:3047} INFO - Sync 1 DAGs
[2026-05-03T00:32:29.374+0000] {logging_mixin.py:188} INFO - [2026-05-03T00:32:29.374+0000] {dag.py:3834} INFO - Setting next_dagrun for example_local_kubernetes_executor to None, run_after=None
[2026-05-03T00:32:29.391+0000] {processor.py:183} INFO - Processing /home/airflow/.local/lib/python3.8/site-packages/airflow/example_dags/example_local_kubernetes_executor.py took 0.071 seconds
[2026-05-03T00:32:59.486+0000] {processor.py:161} INFO - Started process (PID=3611) to work on /home/airflow/.local/lib/python3.8/site-packages/airflow/example_dags/example_local_kubernetes_executor.py
[2026-05-03T00:32:59.487+0000] {processor.py:830} INFO - Processing file /home/airflow/.local/lib/python3.8/site-packages/airflow/example_dags/example_local_kubernetes_executor.py for tasks to queue
[2026-05-03T00:32:59.488+0000] {logging_mixin.py:188} INFO - [2026-05-03T00:32:59.488+0000] {dagbag.py:540} INFO - Filling up the DagBag from /home/airflow/.local/lib/python3.8/site-packages/airflow/example_dags/example_local_kubernetes_executor.py
[2026-05-03T00:32:59.495+0000] {processor.py:840} INFO - DAG(s) 'example_local_kubernetes_executor' retrieved from /home/airflow/.local/lib/python3.8/site-packages/airflow/example_dags/example_local_kubernetes_executor.py
[2026-05-03T00:32:59.523+0000] {logging_mixin.py:188} INFO - [2026-05-03T00:32:59.523+0000] {dag.py:3047} INFO - Sync 1 DAGs
[2026-05-03T00:32:59.533+0000] {logging_mixin.py:188} INFO - [2026-05-03T00:32:59.533+0000] {dag.py:3834} INFO - Setting next_dagrun for example_local_kubernetes_executor to None, run_after=None
[2026-05-03T00:32:59.544+0000] {processor.py:183} INFO - Processing /home/airflow/.local/lib/python3.8/site-packages/airflow/example_dags/example_local_kubernetes_executor.py took 0.060 seconds
[2026-05-03T00:33:30.054+0000] {processor.py:161} INFO - Started process (PID=3667) to work on /home/airflow/.local/lib/python3.8/site-packages/airflow/example_dags/example_local_kubernetes_executor.py
[2026-05-03T00:33:30.055+0000] {processor.py:830} INFO - Processing file /home/airflow/.local/lib/python3.8/site-packages/airflow/example_dags/example_local_kubernetes_executor.py for tasks to queue
[2026-05-03T00:33:30.057+0000] {logging_mixin.py:188} INFO - [2026-05-03T00:33:30.057+0000] {dagbag.py:540} INFO - Filling up the DagBag from /home/airflow/.local/lib/python3.8/site-packages/airflow/example_dags/example_local_kubernetes_executor.py
[2026-05-03T00:33:30.067+0000] {processor.py:840} INFO - DAG(s) 'example_local_kubernetes_executor' retrieved from /home/airflow/.local/lib/python3.8/site-packages/airflow/example_dags/example_local_kubernetes_executor.py
[2026-05-03T00:33:30.097+0000] {logging_mixin.py:188} INFO - [2026-05-03T00:33:30.096+0000] {dag.py:3047} INFO - Sync 1 DAGs
[2026-05-03T00:33:30.107+0000] {logging_mixin.py:188} INFO - [2026-05-03T00:33:30.107+0000] {dag.py:3834} INFO - Setting next_dagrun for example_local_kubernetes_executor to None, run_after=None
[2026-05-03T00:33:30.118+0000] {processor.py:183} INFO - Processing /home/airflow/.local/lib/python3.8/site-packages/airflow/example_dags/example_local_kubernetes_executor.py took 0.066 seconds
[2026-05-03T00:34:00.702+0000] {processor.py:161} INFO - Started process (PID=3723) to work on /home/airflow/.local/lib/python3.8/site-packages/airflow/example_dags/example_local_kubernetes_executor.py
[2026-05-03T00:34:00.703+0000] {processor.py:830} INFO - Processing file /home/airflow/.local/lib/python3.8/site-packages/airflow/example_dags/example_local_kubernetes_executor.py for tasks to queue
[2026-05-03T00:34:00.706+0000] {logging_mixin.py:188} INFO - [2026-05-03T00:34:00.706+0000] {dagbag.py:540} INFO - Filling up the DagBag from /home/airflow/.local/lib/python3.8/site-packages/airflow/example_dags/example_local_kubernetes_executor.py
[2026-05-03T00:34:00.713+0000] {processor.py:840} INFO - DAG(s) 'example_local_kubernetes_executor' retrieved from /home/airflow/.local/lib/python3.8/site-packages/airflow/example_dags/example_local_kubernetes_executor.py
[2026-05-03T00:34:00.741+0000] {logging_mixin.py:188} INFO - [2026-05-03T00:34:00.741+0000] {dag.py:3047} INFO - Sync 1 DAGs
[2026-05-03T00:34:00.749+0000] {logging_mixin.py:188} INFO - [2026-05-03T00:34:00.749+0000] {dag.py:3834} INFO - Setting next_dagrun for example_local_kubernetes_executor to None, run_after=None
[2026-05-03T00:34:00.763+0000] {processor.py:183} INFO - Processing /home/airflow/.local/lib/python3.8/site-packages/airflow/example_dags/example_local_kubernetes_executor.py took 0.063 seconds
[2026-05-03T00:34:30.849+0000] {processor.py:161} INFO - Started process (PID=3779) to work on /home/airflow/.local/lib/python3.8/site-packages/airflow/example_dags/example_local_kubernetes_executor.py
[2026-05-03T00:34:30.851+0000] {processor.py:830} INFO - Processing file /home/airflow/.local/lib/python3.8/site-packages/airflow/example_dags/example_local_kubernetes_executor.py for tasks to queue
[2026-05-03T00:34:30.852+0000] {logging_mixin.py:188} INFO - [2026-05-03T00:34:30.852+0000] {dagbag.py:540} INFO - Filling up the DagBag from /home/airflow/.local/lib/python3.8/site-packages/airflow/example_dags/example_local_kubernetes_executor.py
[2026-05-03T00:34:30.860+0000] {processor.py:840} INFO - DAG(s) 'example_local_kubernetes_executor' retrieved from /home/airflow/.local/lib/python3.8/site-packages/airflow/example_dags/example_local_kubernetes_executor.py
[2026-05-03T00:34:30.890+0000] {logging_mixin.py:188} INFO - [2026-05-03T00:34:30.890+0000] {dag.py:3047} INFO - Sync 1 DAGs
[2026-05-03T00:34:30.899+0000] {logging_mixin.py:188} INFO - [2026-05-03T00:34:30.899+0000] {dag.py:3834} INFO - Setting next_dagrun for example_local_kubernetes_executor to None, run_after=None
[2026-05-03T00:34:30.912+0000] {processor.py:183} INFO - Processing /home/airflow/.local/lib/python3.8/site-packages/airflow/example_dags/example_local_kubernetes_executor.py took 0.065 seconds
[2026-05-03T00:35:01.013+0000] {processor.py:161} INFO - Started process (PID=3835) to work on /home/airflow/.local/lib/python3.8/site-packages/airflow/example_dags/example_local_kubernetes_executor.py
[2026-05-03T00:35:01.013+0000] {processor.py:830} INFO - Processing file /home/airflow/.local/lib/python3.8/site-packages/airflow/example_dags/example_local_kubernetes_executor.py for tasks to queue
[2026-05-03T00:35:01.015+0000] {logging_mixin.py:188} INFO - [2026-05-03T00:35:01.015+0000] {dagbag.py:540} INFO - Filling up the DagBag from /home/airflow/.local/lib/python3.8/site-packages/airflow/example_dags/example_local_kubernetes_executor.py
[2026-05-03T00:35:01.023+0000] {processor.py:840} INFO - DAG(s) 'example_local_kubernetes_executor' retrieved from /home/airflow/.local/lib/python3.8/site-packages/airflow/example_dags/example_local_kubernetes_executor.py
[2026-05-03T00:35:01.055+0000] {logging_mixin.py:188} INFO - [2026-05-03T00:35:01.055+0000] {dag.py:3047} INFO - Sync 1 DAGs
[2026-05-03T00:35:01.067+0000] {logging_mixin.py:188} INFO - [2026-05-03T00:35:01.067+0000] {dag.py:3834} INFO - Setting next_dagrun for example_local_kubernetes_executor to None, run_after=None
[2026-05-03T00:35:01.080+0000] {processor.py:183} INFO - Processing /home/airflow/.local/lib/python3.8/site-packages/airflow/example_dags/example_local_kubernetes_executor.py took 0.070 seconds
[2026-05-03T00:35:31.433+0000] {processor.py:161} INFO - Started process (PID=3891) to work on /home/airflow/.local/lib/python3.8/site-packages/airflow/example_dags/example_local_kubernetes_executor.py
[2026-05-03T00:35:31.434+0000] {processor.py:830} INFO - Processing file /home/airflow/.local/lib/python3.8/site-packages/airflow/example_dags/example_local_kubernetes_executor.py for tasks to queue
[2026-05-03T00:35:31.436+0000] {logging_mixin.py:188} INFO - [2026-05-03T00:35:31.436+0000] {dagbag.py:540} INFO - Filling up the DagBag from /home/airflow/.local/lib/python3.8/site-packages/airflow/example_dags/example_local_kubernetes_executor.py
[2026-05-03T00:35:31.445+0000] {processor.py:840} INFO - DAG(s) 'example_local_kubernetes_executor' retrieved from /home/airflow/.local/lib/python3.8/site-packages/airflow/example_dags/example_local_kubernetes_executor.py
[2026-05-03T00:35:31.476+0000] {logging_mixin.py:188} INFO - [2026-05-03T00:35:31.476+0000] {dag.py:3047} INFO - Sync 1 DAGs
[2026-05-03T00:35:31.485+0000] {logging_mixin.py:188} INFO - [2026-05-03T00:35:31.484+0000] {dag.py:3834} INFO - Setting next_dagrun for example_local_kubernetes_executor to None, run_after=None
[2026-05-03T00:35:31.497+0000] {processor.py:183} INFO - Processing /home/airflow/.local/lib/python3.8/site-packages/airflow/example_dags/example_local_kubernetes_executor.py took 0.066 seconds
[2026-05-03T00:36:01.897+0000] {processor.py:161} INFO - Started process (PID=3947) to work on /home/airflow/.local/lib/python3.8/site-packages/airflow/example_dags/example_local_kubernetes_executor.py
[2026-05-03T00:36:01.898+0000] {processor.py:830} INFO - Processing file /home/airflow/.local/lib/python3.8/site-packages/airflow/example_dags/example_local_kubernetes_executor.py for tasks to queue
[2026-05-03T00:36:01.900+0000] {logging_mixin.py:188} INFO - [2026-05-03T00:36:01.900+0000] {dagbag.py:540} INFO - Filling up the DagBag from /home/airflow/.local/lib/python3.8/site-packages/airflow/example_dags/example_local_kubernetes_executor.py
[2026-05-03T00:36:01.909+0000] {processor.py:840} INFO - DAG(s) 'example_local_kubernetes_executor' retrieved from /home/airflow/.local/lib/python3.8/site-packages/airflow/example_dags/example_local_kubernetes_executor.py
[2026-05-03T00:36:01.941+0000] {logging_mixin.py:188} INFO - [2026-05-03T00:36:01.941+0000] {dag.py:3047} INFO - Sync 1 DAGs
[2026-05-03T00:36:01.957+0000] {logging_mixin.py:188} INFO - [2026-05-03T00:36:01.956+0000] {dag.py:3834} INFO - Setting next_dagrun for example_local_kubernetes_executor to None, run_after=None
[2026-05-03T00:36:01.975+0000] {processor.py:183} INFO - Processing /home/airflow/.local/lib/python3.8/site-packages/airflow/example_dags/example_local_kubernetes_executor.py took 0.081 seconds
[2026-05-03T00:36:32.334+0000] {processor.py:161} INFO - Started process (PID=4003) to work on /home/airflow/.local/lib/python3.8/site-packages/airflow/example_dags/example_local_kubernetes_executor.py
[2026-05-03T00:36:32.335+0000] {processor.py:830} INFO - Processing file /home/airflow/.local/lib/python3.8/site-packages/airflow/example_dags/example_local_kubernetes_executor.py for tasks to queue
[2026-05-03T00:36:32.336+0000] {logging_mixin.py:188} INFO - [2026-05-03T00:36:32.336+0000] {dagbag.py:540} INFO - Filling up the DagBag from /home/airflow/.local/lib/python3.8/site-packages/airflow/example_dags/example_local_kubernetes_executor.py
[2026-05-03T00:36:32.343+0000] {processor.py:840} INFO - DAG(s) 'example_local_kubernetes_executor' retrieved from /home/airflow/.local/lib/python3.8/site-packages/airflow/example_dags/example_local_kubernetes_executor.py
[2026-05-03T00:36:32.371+0000] {logging_mixin.py:188} INFO - [2026-05-03T00:36:32.371+0000] {dag.py:3047} INFO - Sync 1 DAGs
[2026-05-03T00:36:32.384+0000] {logging_mixin.py:188} INFO - [2026-05-03T00:36:32.384+0000] {dag.py:3834} INFO - Setting next_dagrun for example_local_kubernetes_executor to None, run_after=None
[2026-05-03T00:36:32.401+0000] {processor.py:183} INFO - Processing /home/airflow/.local/lib/python3.8/site-packages/airflow/example_dags/example_local_kubernetes_executor.py took 0.069 seconds
[2026-05-03T00:37:02.790+0000] {processor.py:161} INFO - Started process (PID=4059) to work on /home/airflow/.local/lib/python3.8/site-packages/airflow/example_dags/example_local_kubernetes_executor.py
[2026-05-03T00:37:02.795+0000] {processor.py:830} INFO - Processing file /home/airflow/.local/lib/python3.8/site-packages/airflow/example_dags/example_local_kubernetes_executor.py for tasks to queue
[2026-05-03T00:37:02.796+0000] {logging_mixin.py:188} INFO - [2026-05-03T00:37:02.796+0000] {dagbag.py:540} INFO - Filling up the DagBag from /home/airflow/.local/lib/python3.8/site-packages/airflow/example_dags/example_local_kubernetes_executor.py
[2026-05-03T00:37:02.804+0000] {processor.py:840} INFO - DAG(s) 'example_local_kubernetes_executor' retrieved from /home/airflow/.local/lib/python3.8/site-packages/airflow/example_dags/example_local_kubernetes_executor.py
[2026-05-03T00:37:02.831+0000] {logging_mixin.py:188} INFO - [2026-05-03T00:37:02.831+0000] {dag.py:3047} INFO - Sync 1 DAGs
[2026-05-03T00:37:02.841+0000] {logging_mixin.py:188} INFO - [2026-05-03T00:37:02.841+0000] {dag.py:3834} INFO - Setting next_dagrun for example_local_kubernetes_executor to None, run_after=None
[2026-05-03T00:37:02.852+0000] {processor.py:183} INFO - Processing /home/airflow/.local/lib/python3.8/site-packages/airflow/example_dags/example_local_kubernetes_executor.py took 0.065 seconds
[2026-05-03T00:37:33.358+0000] {processor.py:161} INFO - Started process (PID=4115) to work on /home/airflow/.local/lib/python3.8/site-packages/airflow/example_dags/example_local_kubernetes_executor.py
[2026-05-03T00:37:33.361+0000] {processor.py:830} INFO - Processing file /home/airflow/.local/lib/python3.8/site-packages/airflow/example_dags/example_local_kubernetes_executor.py for tasks to queue
[2026-05-03T00:37:33.363+0000] {logging_mixin.py:188} INFO - [2026-05-03T00:37:33.363+0000] {dagbag.py:540} INFO - Filling up the DagBag from /home/airflow/.local/lib/python3.8/site-packages/airflow/example_dags/example_local_kubernetes_executor.py
[2026-05-03T00:37:33.370+0000] {processor.py:840} INFO - DAG(s) 'example_local_kubernetes_executor' retrieved from /home/airflow/.local/lib/python3.8/site-packages/airflow/example_dags/example_local_kubernetes_executor.py
[2026-05-03T00:37:33.395+0000] {logging_mixin.py:188} INFO - [2026-05-03T00:37:33.395+0000] {dag.py:3047} INFO - Sync 1 DAGs
[2026-05-03T00:37:33.405+0000] {logging_mixin.py:188} INFO - [2026-05-03T00:37:33.405+0000] {dag.py:3834} INFO - Setting next_dagrun for example_local_kubernetes_executor to None, run_after=None
[2026-05-03T00:37:33.419+0000] {processor.py:183} INFO - Processing /home/airflow/.local/lib/python3.8/site-packages/airflow/example_dags/example_local_kubernetes_executor.py took 0.063 seconds
[2026-05-03T00:38:03.676+0000] {processor.py:161} INFO - Started process (PID=4171) to work on /home/airflow/.local/lib/python3.8/site-packages/airflow/example_dags/example_local_kubernetes_executor.py
[2026-05-03T00:38:03.679+0000] {processor.py:830} INFO - Processing file /home/airflow/.local/lib/python3.8/site-packages/airflow/example_dags/example_local_kubernetes_executor.py for tasks to queue
[2026-05-03T00:38:03.680+0000] {logging_mixin.py:188} INFO - [2026-05-03T00:38:03.680+0000] {dagbag.py:540} INFO - Filling up the DagBag from /home/airflow/.local/lib/python3.8/site-packages/airflow/example_dags/example_local_kubernetes_executor.py
[2026-05-03T00:38:03.688+0000] {processor.py:840} INFO - DAG(s) 'example_local_kubernetes_executor' retrieved from /home/airflow/.local/lib/python3.8/site-packages/airflow/example_dags/example_local_kubernetes_executor.py
[2026-05-03T00:38:03.721+0000] {logging_mixin.py:188} INFO - [2026-05-03T00:38:03.720+0000] {dag.py:3047} INFO - Sync 1 DAGs
[2026-05-03T00:38:03.732+0000] {logging_mixin.py:188} INFO - [2026-05-03T00:38:03.732+0000] {dag.py:3834} INFO - Setting next_dagrun for example_local_kubernetes_executor to None, run_after=None
[2026-05-03T00:38:03.758+0000] {processor.py:183} INFO - Processing /home/airflow/.local/lib/python3.8/site-packages/airflow/example_dags/example_local_kubernetes_executor.py took 0.084 seconds
[2026-05-03T00:38:34.287+0000] {processor.py:161} INFO - Started process (PID=4227) to work on /home/airflow/.local/lib/python3.8/site-packages/airflow/example_dags/example_local_kubernetes_executor.py
[2026-05-03T00:38:34.289+0000] {processor.py:830} INFO - Processing file /home/airflow/.local/lib/python3.8/site-packages/airflow/example_dags/example_local_kubernetes_executor.py for tasks to queue
[2026-05-03T00:38:34.290+0000] {logging_mixin.py:188} INFO - [2026-05-03T00:38:34.290+0000] {dagbag.py:540} INFO - Filling up the DagBag from /home/airflow/.local/lib/python3.8/site-packages/airflow/example_dags/example_local_kubernetes_executor.py
[2026-05-03T00:38:34.297+0000] {processor.py:840} INFO - DAG(s) 'example_local_kubernetes_executor' retrieved from /home/airflow/.local/lib/python3.8/site-packages/airflow/example_dags/example_local_kubernetes_executor.py
[2026-05-03T00:38:34.326+0000] {logging_mixin.py:188} INFO - [2026-05-03T00:38:34.326+0000] {dag.py:3047} INFO - Sync 1 DAGs
[2026-05-03T00:38:34.335+0000] {logging_mixin.py:188} INFO - [2026-05-03T00:38:34.335+0000] {dag.py:3834} INFO - Setting next_dagrun for example_local_kubernetes_executor to None, run_after=None
[2026-05-03T00:38:34.351+0000] {processor.py:183} INFO - Processing /home/airflow/.local/lib/python3.8/site-packages/airflow/example_dags/example_local_kubernetes_executor.py took 0.067 seconds
[2026-05-03T00:39:04.568+0000] {processor.py:161} INFO - Started process (PID=4283) to work on /home/airflow/.local/lib/python3.8/site-packages/airflow/example_dags/example_local_kubernetes_executor.py
[2026-05-03T00:39:04.569+0000] {processor.py:830} INFO - Processing file /home/airflow/.local/lib/python3.8/site-packages/airflow/example_dags/example_local_kubernetes_executor.py for tasks to queue
[2026-05-03T00:39:04.571+0000] {logging_mixin.py:188} INFO - [2026-05-03T00:39:04.571+0000] {dagbag.py:540} INFO - Filling up the DagBag from /home/airflow/.local/lib/python3.8/site-packages/airflow/example_dags/example_local_kubernetes_executor.py
[2026-05-03T00:39:04.579+0000] {processor.py:840} INFO - DAG(s) 'example_local_kubernetes_executor' retrieved from /home/airflow/.local/lib/python3.8/site-packages/airflow/example_dags/example_local_kubernetes_executor.py
[2026-05-03T00:39:04.609+0000] {logging_mixin.py:188} INFO - [2026-05-03T00:39:04.609+0000] {dag.py:3047} INFO - Sync 1 DAGs
[2026-05-03T00:39:04.617+0000] {logging_mixin.py:188} INFO - [2026-05-03T00:39:04.617+0000] {dag.py:3834} INFO - Setting next_dagrun for example_local_kubernetes_executor to None, run_after=None
[2026-05-03T00:39:04.635+0000] {processor.py:183} INFO - Processing /home/airflow/.local/lib/python3.8/site-packages/airflow/example_dags/example_local_kubernetes_executor.py took 0.070 seconds
[2026-05-03T00:39:35.064+0000] {processor.py:161} INFO - Started process (PID=4339) to work on /home/airflow/.local/lib/python3.8/site-packages/airflow/example_dags/example_local_kubernetes_executor.py
[2026-05-03T00:39:35.065+0000] {processor.py:830} INFO - Processing file /home/airflow/.local/lib/python3.8/site-packages/airflow/example_dags/example_local_kubernetes_executor.py for tasks to queue
[2026-05-03T00:39:35.067+0000] {logging_mixin.py:188} INFO - [2026-05-03T00:39:35.067+0000] {dagbag.py:540} INFO - Filling up the DagBag from /home/airflow/.local/lib/python3.8/site-packages/airflow/example_dags/example_local_kubernetes_executor.py
[2026-05-03T00:39:35.076+0000] {processor.py:840} INFO - DAG(s) 'example_local_kubernetes_executor' retrieved from /home/airflow/.local/lib/python3.8/site-packages/airflow/example_dags/example_local_kubernetes_executor.py
[2026-05-03T00:39:35.123+0000] {logging_mixin.py:188} INFO - [2026-05-03T00:39:35.122+0000] {dag.py:3047} INFO - Sync 1 DAGs
[2026-05-03T00:39:35.135+0000] {logging_mixin.py:188} INFO - [2026-05-03T00:39:35.135+0000] {dag.py:3834} INFO - Setting next_dagrun for example_local_kubernetes_executor to None, run_after=None
[2026-05-03T00:39:35.155+0000] {processor.py:183} INFO - Processing /home/airflow/.local/lib/python3.8/site-packages/airflow/example_dags/example_local_kubernetes_executor.py took 0.095 seconds
