[2026-05-03T00:02:01.797+0000] {processor.py:161} INFO - Started process (PID=2782) to work on /home/airflow/.local/lib/python3.8/site-packages/airflow/example_dags/example_task_group_decorator.py
[2026-05-03T00:02:01.798+0000] {processor.py:830} INFO - Processing file /home/airflow/.local/lib/python3.8/site-packages/airflow/example_dags/example_task_group_decorator.py for tasks to queue
[2026-05-03T00:02:01.800+0000] {logging_mixin.py:188} INFO - [2026-05-03T00:02:01.799+0000] {dagbag.py:540} INFO - Filling up the DagBag from /home/airflow/.local/lib/python3.8/site-packages/airflow/example_dags/example_task_group_decorator.py
[2026-05-03T00:02:01.810+0000] {processor.py:840} INFO - DAG(s) 'example_task_group_decorator' retrieved from /home/airflow/.local/lib/python3.8/site-packages/airflow/example_dags/example_task_group_decorator.py
[2026-05-03T00:02:01.828+0000] {logging_mixin.py:188} INFO - [2026-05-03T00:02:01.827+0000] {dag.py:3047} INFO - Sync 1 DAGs
[2026-05-03T00:02:01.841+0000] {logging_mixin.py:188} INFO - [2026-05-03T00:02:01.840+0000] {dag.py:3834} INFO - Setting next_dagrun for example_task_group_decorator to 2026-05-02 00:00:00+00:00, run_after=2026-05-03 00:00:00+00:00
[2026-05-03T00:02:01.852+0000] {processor.py:183} INFO - Processing /home/airflow/.local/lib/python3.8/site-packages/airflow/example_dags/example_task_group_decorator.py took 0.058 seconds
[2026-05-03T00:11:42.342+0000] {processor.py:161} INFO - Started process (PID=2838) to work on /home/airflow/.local/lib/python3.8/site-packages/airflow/example_dags/example_task_group_decorator.py
[2026-05-03T00:11:42.343+0000] {processor.py:830} INFO - Processing file /home/airflow/.local/lib/python3.8/site-packages/airflow/example_dags/example_task_group_decorator.py for tasks to queue
[2026-05-03T00:11:42.345+0000] {logging_mixin.py:188} INFO - [2026-05-03T00:11:42.345+0000] {dagbag.py:540} INFO - Filling up the DagBag from /home/airflow/.local/lib/python3.8/site-packages/airflow/example_dags/example_task_group_decorator.py
[2026-05-03T00:11:42.355+0000] {processor.py:840} INFO - DAG(s) 'example_task_group_decorator' retrieved from /home/airflow/.local/lib/python3.8/site-packages/airflow/example_dags/example_task_group_decorator.py
[2026-05-03T00:11:42.371+0000] {logging_mixin.py:188} INFO - [2026-05-03T00:11:42.371+0000] {dag.py:3047} INFO - Sync 1 DAGs
[2026-05-03T00:11:42.385+0000] {logging_mixin.py:188} INFO - [2026-05-03T00:11:42.385+0000] {dag.py:3834} INFO - Setting next_dagrun for example_task_group_decorator to 2026-05-02 00:00:00+00:00, run_after=2026-05-03 00:00:00+00:00
[2026-05-03T00:11:42.395+0000] {processor.py:183} INFO - Processing /home/airflow/.local/lib/python3.8/site-packages/airflow/example_dags/example_task_group_decorator.py took 0.056 seconds
[2026-05-03T00:20:54.057+0000] {processor.py:161} INFO - Started process (PID=2894) to work on /home/airflow/.local/lib/python3.8/site-packages/airflow/example_dags/example_task_group_decorator.py
[2026-05-03T00:20:54.058+0000] {processor.py:830} INFO - Processing file /home/airflow/.local/lib/python3.8/site-packages/airflow/example_dags/example_task_group_decorator.py for tasks to queue
[2026-05-03T00:20:54.060+0000] {logging_mixin.py:188} INFO - [2026-05-03T00:20:54.059+0000] {dagbag.py:540} INFO - Filling up the DagBag from /home/airflow/.local/lib/python3.8/site-packages/airflow/example_dags/example_task_group_decorator.py
[2026-05-03T00:20:54.069+0000] {processor.py:840} INFO - DAG(s) 'example_task_group_decorator' retrieved from /home/airflow/.local/lib/python3.8/site-packages/airflow/example_dags/example_task_group_decorator.py
[2026-05-03T00:20:54.085+0000] {logging_mixin.py:188} INFO - [2026-05-03T00:20:54.085+0000] {dag.py:3047} INFO - Sync 1 DAGs
[2026-05-03T00:20:54.100+0000] {logging_mixin.py:188} INFO - [2026-05-03T00:20:54.100+0000] {dag.py:3834} INFO - Setting next_dagrun for example_task_group_decorator to 2026-05-02 00:00:00+00:00, run_after=2026-05-03 00:00:00+00:00
[2026-05-03T00:20:54.109+0000] {processor.py:183} INFO - Processing /home/airflow/.local/lib/python3.8/site-packages/airflow/example_dags/example_task_group_decorator.py took 0.054 seconds
[2026-05-03T00:26:54.350+0000] {processor.py:161} INFO - Started process (PID=2950) to work on /home/airflow/.local/lib/python3.8/site-packages/airflow/example_dags/example_task_group_decorator.py
[2026-05-03T00:26:54.351+0000] {processor.py:830} INFO - Processing file /home/airflow/.local/lib/python3.8/site-packages/airflow/example_dags/example_task_group_decorator.py for tasks to queue
[2026-05-03T00:26:54.352+0000] {logging_mixin.py:188} INFO - [2026-05-03T00:26:54.352+0000] {dagbag.py:540} INFO - Filling up the DagBag from /home/airflow/.local/lib/python3.8/site-packages/airflow/example_dags/example_task_group_decorator.py
[2026-05-03T00:26:54.363+0000] {processor.py:840} INFO - DAG(s) 'example_task_group_decorator' retrieved from /home/airflow/.local/lib/python3.8/site-packages/airflow/example_dags/example_task_group_decorator.py
[2026-05-03T00:26:54.379+0000] {logging_mixin.py:188} INFO - [2026-05-03T00:26:54.379+0000] {dag.py:3047} INFO - Sync 1 DAGs
[2026-05-03T00:26:54.394+0000] {logging_mixin.py:188} INFO - [2026-05-03T00:26:54.394+0000] {dag.py:3834} INFO - Setting next_dagrun for example_task_group_decorator to 2026-05-02 00:00:00+00:00, run_after=2026-05-03 00:00:00+00:00
[2026-05-03T00:26:54.406+0000] {processor.py:183} INFO - Processing /home/airflow/.local/lib/python3.8/site-packages/airflow/example_dags/example_task_group_decorator.py took 0.059 seconds
[2026-05-03T00:27:24.566+0000] {processor.py:161} INFO - Started process (PID=3006) to work on /home/airflow/.local/lib/python3.8/site-packages/airflow/example_dags/example_task_group_decorator.py
[2026-05-03T00:27:24.567+0000] {processor.py:830} INFO - Processing file /home/airflow/.local/lib/python3.8/site-packages/airflow/example_dags/example_task_group_decorator.py for tasks to queue
[2026-05-03T00:27:24.568+0000] {logging_mixin.py:188} INFO - [2026-05-03T00:27:24.568+0000] {dagbag.py:540} INFO - Filling up the DagBag from /home/airflow/.local/lib/python3.8/site-packages/airflow/example_dags/example_task_group_decorator.py
[2026-05-03T00:27:24.579+0000] {processor.py:840} INFO - DAG(s) 'example_task_group_decorator' retrieved from /home/airflow/.local/lib/python3.8/site-packages/airflow/example_dags/example_task_group_decorator.py
[2026-05-03T00:27:24.596+0000] {logging_mixin.py:188} INFO - [2026-05-03T00:27:24.596+0000] {dag.py:3047} INFO - Sync 1 DAGs
[2026-05-03T00:27:24.611+0000] {logging_mixin.py:188} INFO - [2026-05-03T00:27:24.611+0000] {dag.py:3834} INFO - Setting next_dagrun for example_task_group_decorator to 2026-05-02 00:00:00+00:00, run_after=2026-05-03 00:00:00+00:00
[2026-05-03T00:27:24.622+0000] {processor.py:183} INFO - Processing /home/airflow/.local/lib/python3.8/site-packages/airflow/example_dags/example_task_group_decorator.py took 0.059 seconds
[2026-05-03T00:27:55.683+0000] {processor.py:161} INFO - Started process (PID=3062) to work on /home/airflow/.local/lib/python3.8/site-packages/airflow/example_dags/example_task_group_decorator.py
[2026-05-03T00:27:55.685+0000] {processor.py:830} INFO - Processing file /home/airflow/.local/lib/python3.8/site-packages/airflow/example_dags/example_task_group_decorator.py for tasks to queue
[2026-05-03T00:27:55.687+0000] {logging_mixin.py:188} INFO - [2026-05-03T00:27:55.686+0000] {dagbag.py:540} INFO - Filling up the DagBag from /home/airflow/.local/lib/python3.8/site-packages/airflow/example_dags/example_task_group_decorator.py
[2026-05-03T00:27:55.699+0000] {processor.py:840} INFO - DAG(s) 'example_task_group_decorator' retrieved from /home/airflow/.local/lib/python3.8/site-packages/airflow/example_dags/example_task_group_decorator.py
[2026-05-03T00:27:55.722+0000] {logging_mixin.py:188} INFO - [2026-05-03T00:27:55.721+0000] {dag.py:3047} INFO - Sync 1 DAGs
[2026-05-03T00:27:55.739+0000] {logging_mixin.py:188} INFO - [2026-05-03T00:27:55.739+0000] {dag.py:3834} INFO - Setting next_dagrun for example_task_group_decorator to 2026-05-02 00:00:00+00:00, run_after=2026-05-03 00:00:00+00:00
[2026-05-03T00:27:55.754+0000] {processor.py:183} INFO - Processing /home/airflow/.local/lib/python3.8/site-packages/airflow/example_dags/example_task_group_decorator.py took 0.073 seconds
[2026-05-03T00:28:26.044+0000] {processor.py:161} INFO - Started process (PID=3118) to work on /home/airflow/.local/lib/python3.8/site-packages/airflow/example_dags/example_task_group_decorator.py
[2026-05-03T00:28:26.046+0000] {processor.py:830} INFO - Processing file /home/airflow/.local/lib/python3.8/site-packages/airflow/example_dags/example_task_group_decorator.py for tasks to queue
[2026-05-03T00:28:26.048+0000] {logging_mixin.py:188} INFO - [2026-05-03T00:28:26.048+0000] {dagbag.py:540} INFO - Filling up the DagBag from /home/airflow/.local/lib/python3.8/site-packages/airflow/example_dags/example_task_group_decorator.py
[2026-05-03T00:28:26.059+0000] {processor.py:840} INFO - DAG(s) 'example_task_group_decorator' retrieved from /home/airflow/.local/lib/python3.8/site-packages/airflow/example_dags/example_task_group_decorator.py
[2026-05-03T00:28:26.083+0000] {logging_mixin.py:188} INFO - [2026-05-03T00:28:26.082+0000] {dag.py:3047} INFO - Sync 1 DAGs
[2026-05-03T00:28:26.098+0000] {logging_mixin.py:188} INFO - [2026-05-03T00:28:26.098+0000] {dag.py:3834} INFO - Setting next_dagrun for example_task_group_decorator to 2026-05-02 00:00:00+00:00, run_after=2026-05-03 00:00:00+00:00
[2026-05-03T00:28:26.114+0000] {processor.py:183} INFO - Processing /home/airflow/.local/lib/python3.8/site-packages/airflow/example_dags/example_task_group_decorator.py took 0.072 seconds
[2026-05-03T00:28:56.469+0000] {processor.py:161} INFO - Started process (PID=3174) to work on /home/airflow/.local/lib/python3.8/site-packages/airflow/example_dags/example_task_group_decorator.py
[2026-05-03T00:28:56.472+0000] {processor.py:830} INFO - Processing file /home/airflow/.local/lib/python3.8/site-packages/airflow/example_dags/example_task_group_decorator.py for tasks to queue
[2026-05-03T00:28:56.474+0000] {logging_mixin.py:188} INFO - [2026-05-03T00:28:56.474+0000] {dagbag.py:540} INFO - Filling up the DagBag from /home/airflow/.local/lib/python3.8/site-packages/airflow/example_dags/example_task_group_decorator.py
[2026-05-03T00:28:56.489+0000] {processor.py:840} INFO - DAG(s) 'example_task_group_decorator' retrieved from /home/airflow/.local/lib/python3.8/site-packages/airflow/example_dags/example_task_group_decorator.py
[2026-05-03T00:28:56.514+0000] {logging_mixin.py:188} INFO - [2026-05-03T00:28:56.513+0000] {dag.py:3047} INFO - Sync 1 DAGs
[2026-05-03T00:28:56.527+0000] {logging_mixin.py:188} INFO - [2026-05-03T00:28:56.527+0000] {dag.py:3834} INFO - Setting next_dagrun for example_task_group_decorator to 2026-05-02 00:00:00+00:00, run_after=2026-05-03 00:00:00+00:00
[2026-05-03T00:28:56.541+0000] {processor.py:183} INFO - Processing /home/airflow/.local/lib/python3.8/site-packages/airflow/example_dags/example_task_group_decorator.py took 0.074 seconds
[2026-05-03T00:29:26.702+0000] {processor.py:161} INFO - Started process (PID=3230) to work on /home/airflow/.local/lib/python3.8/site-packages/airflow/example_dags/example_task_group_decorator.py
[2026-05-03T00:29:26.705+0000] {processor.py:830} INFO - Processing file /home/airflow/.local/lib/python3.8/site-packages/airflow/example_dags/example_task_group_decorator.py for tasks to queue
[2026-05-03T00:29:26.707+0000] {logging_mixin.py:188} INFO - [2026-05-03T00:29:26.706+0000] {dagbag.py:540} INFO - Filling up the DagBag from /home/airflow/.local/lib/python3.8/site-packages/airflow/example_dags/example_task_group_decorator.py
[2026-05-03T00:29:26.716+0000] {processor.py:840} INFO - DAG(s) 'example_task_group_decorator' retrieved from /home/airflow/.local/lib/python3.8/site-packages/airflow/example_dags/example_task_group_decorator.py
[2026-05-03T00:29:26.736+0000] {logging_mixin.py:188} INFO - [2026-05-03T00:29:26.736+0000] {dag.py:3047} INFO - Sync 1 DAGs
[2026-05-03T00:29:26.751+0000] {logging_mixin.py:188} INFO - [2026-05-03T00:29:26.750+0000] {dag.py:3834} INFO - Setting next_dagrun for example_task_group_decorator to 2026-05-02 00:00:00+00:00, run_after=2026-05-03 00:00:00+00:00
[2026-05-03T00:29:26.767+0000] {processor.py:183} INFO - Processing /home/airflow/.local/lib/python3.8/site-packages/airflow/example_dags/example_task_group_decorator.py took 0.067 seconds
[2026-05-03T00:29:57.077+0000] {processor.py:161} INFO - Started process (PID=3286) to work on /home/airflow/.local/lib/python3.8/site-packages/airflow/example_dags/example_task_group_decorator.py
[2026-05-03T00:29:57.078+0000] {processor.py:830} INFO - Processing file /home/airflow/.local/lib/python3.8/site-packages/airflow/example_dags/example_task_group_decorator.py for tasks to queue
[2026-05-03T00:29:57.079+0000] {logging_mixin.py:188} INFO - [2026-05-03T00:29:57.079+0000] {dagbag.py:540} INFO - Filling up the DagBag from /home/airflow/.local/lib/python3.8/site-packages/airflow/example_dags/example_task_group_decorator.py
[2026-05-03T00:29:57.088+0000] {processor.py:840} INFO - DAG(s) 'example_task_group_decorator' retrieved from /home/airflow/.local/lib/python3.8/site-packages/airflow/example_dags/example_task_group_decorator.py
[2026-05-03T00:29:57.104+0000] {logging_mixin.py:188} INFO - [2026-05-03T00:29:57.104+0000] {dag.py:3047} INFO - Sync 1 DAGs
[2026-05-03T00:29:57.117+0000] {logging_mixin.py:188} INFO - [2026-05-03T00:29:57.117+0000] {dag.py:3834} INFO - Setting next_dagrun for example_task_group_decorator to 2026-05-02 00:00:00+00:00, run_after=2026-05-03 00:00:00+00:00
[2026-05-03T00:29:57.127+0000] {processor.py:183} INFO - Processing /home/airflow/.local/lib/python3.8/site-packages/airflow/example_dags/example_task_group_decorator.py took 0.052 seconds
[2026-05-03T00:30:27.351+0000] {processor.py:161} INFO - Started process (PID=3342) to work on /home/airflow/.local/lib/python3.8/site-packages/airflow/example_dags/example_task_group_decorator.py
[2026-05-03T00:30:27.351+0000] {processor.py:830} INFO - Processing file /home/airflow/.local/lib/python3.8/site-packages/airflow/example_dags/example_task_group_decorator.py for tasks to queue
[2026-05-03T00:30:27.353+0000] {logging_mixin.py:188} INFO - [2026-05-03T00:30:27.353+0000] {dagbag.py:540} INFO - Filling up the DagBag from /home/airflow/.local/lib/python3.8/site-packages/airflow/example_dags/example_task_group_decorator.py
[2026-05-03T00:30:27.363+0000] {processor.py:840} INFO - DAG(s) 'example_task_group_decorator' retrieved from /home/airflow/.local/lib/python3.8/site-packages/airflow/example_dags/example_task_group_decorator.py
[2026-05-03T00:30:27.383+0000] {logging_mixin.py:188} INFO - [2026-05-03T00:30:27.383+0000] {dag.py:3047} INFO - Sync 1 DAGs
[2026-05-03T00:30:27.397+0000] {logging_mixin.py:188} INFO - [2026-05-03T00:30:27.397+0000] {dag.py:3834} INFO - Setting next_dagrun for example_task_group_decorator to 2026-05-02 00:00:00+00:00, run_after=2026-05-03 00:00:00+00:00
[2026-05-03T00:30:27.414+0000] {processor.py:183} INFO - Processing /home/airflow/.local/lib/python3.8/site-packages/airflow/example_dags/example_task_group_decorator.py took 0.065 seconds
[2026-05-03T00:30:57.527+0000] {processor.py:161} INFO - Started process (PID=3398) to work on /home/airflow/.local/lib/python3.8/site-packages/airflow/example_dags/example_task_group_decorator.py
[2026-05-03T00:30:57.529+0000] {processor.py:830} INFO - Processing file /home/airflow/.local/lib/python3.8/site-packages/airflow/example_dags/example_task_group_decorator.py for tasks to queue
[2026-05-03T00:30:57.531+0000] {logging_mixin.py:188} INFO - [2026-05-03T00:30:57.530+0000] {dagbag.py:540} INFO - Filling up the DagBag from /home/airflow/.local/lib/python3.8/site-packages/airflow/example_dags/example_task_group_decorator.py
[2026-05-03T00:30:57.541+0000] {processor.py:840} INFO - DAG(s) 'example_task_group_decorator' retrieved from /home/airflow/.local/lib/python3.8/site-packages/airflow/example_dags/example_task_group_decorator.py
[2026-05-03T00:30:57.558+0000] {logging_mixin.py:188} INFO - [2026-05-03T00:30:57.558+0000] {dag.py:3047} INFO - Sync 1 DAGs
[2026-05-03T00:30:57.576+0000] {logging_mixin.py:188} INFO - [2026-05-03T00:30:57.576+0000] {dag.py:3834} INFO - Setting next_dagrun for example_task_group_decorator to 2026-05-02 00:00:00+00:00, run_after=2026-05-03 00:00:00+00:00
[2026-05-03T00:30:57.592+0000] {processor.py:183} INFO - Processing /home/airflow/.local/lib/python3.8/site-packages/airflow/example_dags/example_task_group_decorator.py took 0.068 seconds
[2026-05-03T00:31:28.657+0000] {processor.py:161} INFO - Started process (PID=3454) to work on /home/airflow/.local/lib/python3.8/site-packages/airflow/example_dags/example_task_group_decorator.py
[2026-05-03T00:31:28.659+0000] {processor.py:830} INFO - Processing file /home/airflow/.local/lib/python3.8/site-packages/airflow/example_dags/example_task_group_decorator.py for tasks to queue
[2026-05-03T00:31:28.661+0000] {logging_mixin.py:188} INFO - [2026-05-03T00:31:28.661+0000] {dagbag.py:540} INFO - Filling up the DagBag from /home/airflow/.local/lib/python3.8/site-packages/airflow/example_dags/example_task_group_decorator.py
[2026-05-03T00:31:28.679+0000] {processor.py:840} INFO - DAG(s) 'example_task_group_decorator' retrieved from /home/airflow/.local/lib/python3.8/site-packages/airflow/example_dags/example_task_group_decorator.py
[2026-05-03T00:31:28.711+0000] {logging_mixin.py:188} INFO - [2026-05-03T00:31:28.710+0000] {dag.py:3047} INFO - Sync 1 DAGs
[2026-05-03T00:31:28.741+0000] {logging_mixin.py:188} INFO - [2026-05-03T00:31:28.741+0000] {dag.py:3834} INFO - Setting next_dagrun for example_task_group_decorator to 2026-05-02 00:00:00+00:00, run_after=2026-05-03 00:00:00+00:00
[2026-05-03T00:31:28.766+0000] {processor.py:183} INFO - Processing /home/airflow/.local/lib/python3.8/site-packages/airflow/example_dags/example_task_group_decorator.py took 0.115 seconds
[2026-05-03T00:31:59.426+0000] {processor.py:161} INFO - Started process (PID=3510) to work on /home/airflow/.local/lib/python3.8/site-packages/airflow/example_dags/example_task_group_decorator.py
[2026-05-03T00:31:59.427+0000] {processor.py:830} INFO - Processing file /home/airflow/.local/lib/python3.8/site-packages/airflow/example_dags/example_task_group_decorator.py for tasks to queue
[2026-05-03T00:31:59.428+0000] {logging_mixin.py:188} INFO - [2026-05-03T00:31:59.428+0000] {dagbag.py:540} INFO - Filling up the DagBag from /home/airflow/.local/lib/python3.8/site-packages/airflow/example_dags/example_task_group_decorator.py
[2026-05-03T00:31:59.439+0000] {processor.py:840} INFO - DAG(s) 'example_task_group_decorator' retrieved from /home/airflow/.local/lib/python3.8/site-packages/airflow/example_dags/example_task_group_decorator.py
[2026-05-03T00:31:59.456+0000] {logging_mixin.py:188} INFO - [2026-05-03T00:31:59.456+0000] {dag.py:3047} INFO - Sync 1 DAGs
[2026-05-03T00:31:59.470+0000] {logging_mixin.py:188} INFO - [2026-05-03T00:31:59.470+0000] {dag.py:3834} INFO - Setting next_dagrun for example_task_group_decorator to 2026-05-02 00:00:00+00:00, run_after=2026-05-03 00:00:00+00:00
[2026-05-03T00:31:59.481+0000] {processor.py:183} INFO - Processing /home/airflow/.local/lib/python3.8/site-packages/airflow/example_dags/example_task_group_decorator.py took 0.057 seconds
[2026-05-03T00:32:29.755+0000] {processor.py:161} INFO - Started process (PID=3566) to work on /home/airflow/.local/lib/python3.8/site-packages/airflow/example_dags/example_task_group_decorator.py
[2026-05-03T00:32:29.757+0000] {processor.py:830} INFO - Processing file /home/airflow/.local/lib/python3.8/site-packages/airflow/example_dags/example_task_group_decorator.py for tasks to queue
[2026-05-03T00:32:29.758+0000] {logging_mixin.py:188} INFO - [2026-05-03T00:32:29.758+0000] {dagbag.py:540} INFO - Filling up the DagBag from /home/airflow/.local/lib/python3.8/site-packages/airflow/example_dags/example_task_group_decorator.py
[2026-05-03T00:32:29.768+0000] {processor.py:840} INFO - DAG(s) 'example_task_group_decorator' retrieved from /home/airflow/.local/lib/python3.8/site-packages/airflow/example_dags/example_task_group_decorator.py
[2026-05-03T00:32:29.785+0000] {logging_mixin.py:188} INFO - [2026-05-03T00:32:29.785+0000] {dag.py:3047} INFO - Sync 1 DAGs
[2026-05-03T00:32:29.799+0000] {logging_mixin.py:188} INFO - [2026-05-03T00:32:29.799+0000] {dag.py:3834} INFO - Setting next_dagrun for example_task_group_decorator to 2026-05-02 00:00:00+00:00, run_after=2026-05-03 00:00:00+00:00
[2026-05-03T00:32:29.811+0000] {processor.py:183} INFO - Processing /home/airflow/.local/lib/python3.8/site-packages/airflow/example_dags/example_task_group_decorator.py took 0.058 seconds
[2026-05-03T00:32:59.916+0000] {processor.py:161} INFO - Started process (PID=3622) to work on /home/airflow/.local/lib/python3.8/site-packages/airflow/example_dags/example_task_group_decorator.py
[2026-05-03T00:32:59.917+0000] {processor.py:830} INFO - Processing file /home/airflow/.local/lib/python3.8/site-packages/airflow/example_dags/example_task_group_decorator.py for tasks to queue
[2026-05-03T00:32:59.918+0000] {logging_mixin.py:188} INFO - [2026-05-03T00:32:59.918+0000] {dagbag.py:540} INFO - Filling up the DagBag from /home/airflow/.local/lib/python3.8/site-packages/airflow/example_dags/example_task_group_decorator.py
[2026-05-03T00:32:59.928+0000] {processor.py:840} INFO - DAG(s) 'example_task_group_decorator' retrieved from /home/airflow/.local/lib/python3.8/site-packages/airflow/example_dags/example_task_group_decorator.py
[2026-05-03T00:32:59.944+0000] {logging_mixin.py:188} INFO - [2026-05-03T00:32:59.944+0000] {dag.py:3047} INFO - Sync 1 DAGs
[2026-05-03T00:32:59.961+0000] {logging_mixin.py:188} INFO - [2026-05-03T00:32:59.961+0000] {dag.py:3834} INFO - Setting next_dagrun for example_task_group_decorator to 2026-05-02 00:00:00+00:00, run_after=2026-05-03 00:00:00+00:00
[2026-05-03T00:32:59.974+0000] {processor.py:183} INFO - Processing /home/airflow/.local/lib/python3.8/site-packages/airflow/example_dags/example_task_group_decorator.py took 0.060 seconds
[2026-05-03T00:33:30.519+0000] {processor.py:161} INFO - Started process (PID=3678) to work on /home/airflow/.local/lib/python3.8/site-packages/airflow/example_dags/example_task_group_decorator.py
[2026-05-03T00:33:30.520+0000] {processor.py:830} INFO - Processing file /home/airflow/.local/lib/python3.8/site-packages/airflow/example_dags/example_task_group_decorator.py for tasks to queue
[2026-05-03T00:33:30.522+0000] {logging_mixin.py:188} INFO - [2026-05-03T00:33:30.521+0000] {dagbag.py:540} INFO - Filling up the DagBag from /home/airflow/.local/lib/python3.8/site-packages/airflow/example_dags/example_task_group_decorator.py
[2026-05-03T00:33:30.531+0000] {processor.py:840} INFO - DAG(s) 'example_task_group_decorator' retrieved from /home/airflow/.local/lib/python3.8/site-packages/airflow/example_dags/example_task_group_decorator.py
[2026-05-03T00:33:30.551+0000] {logging_mixin.py:188} INFO - [2026-05-03T00:33:30.551+0000] {dag.py:3047} INFO - Sync 1 DAGs
[2026-05-03T00:33:30.566+0000] {logging_mixin.py:188} INFO - [2026-05-03T00:33:30.566+0000] {dag.py:3834} INFO - Setting next_dagrun for example_task_group_decorator to 2026-05-02 00:00:00+00:00, run_after=2026-05-03 00:00:00+00:00
[2026-05-03T00:33:30.581+0000] {processor.py:183} INFO - Processing /home/airflow/.local/lib/python3.8/site-packages/airflow/example_dags/example_task_group_decorator.py took 0.064 seconds
[2026-05-03T00:34:01.114+0000] {processor.py:161} INFO - Started process (PID=3734) to work on /home/airflow/.local/lib/python3.8/site-packages/airflow/example_dags/example_task_group_decorator.py
[2026-05-03T00:34:01.115+0000] {processor.py:830} INFO - Processing file /home/airflow/.local/lib/python3.8/site-packages/airflow/example_dags/example_task_group_decorator.py for tasks to queue
[2026-05-03T00:34:01.117+0000] {logging_mixin.py:188} INFO - [2026-05-03T00:34:01.117+0000] {dagbag.py:540} INFO - Filling up the DagBag from /home/airflow/.local/lib/python3.8/site-packages/airflow/example_dags/example_task_group_decorator.py
[2026-05-03T00:34:01.127+0000] {processor.py:840} INFO - DAG(s) 'example_task_group_decorator' retrieved from /home/airflow/.local/lib/python3.8/site-packages/airflow/example_dags/example_task_group_decorator.py
[2026-05-03T00:34:01.145+0000] {logging_mixin.py:188} INFO - [2026-05-03T00:34:01.145+0000] {dag.py:3047} INFO - Sync 1 DAGs
[2026-05-03T00:34:01.160+0000] {logging_mixin.py:188} INFO - [2026-05-03T00:34:01.160+0000] {dag.py:3834} INFO - Setting next_dagrun for example_task_group_decorator to 2026-05-02 00:00:00+00:00, run_after=2026-05-03 00:00:00+00:00
[2026-05-03T00:34:01.171+0000] {processor.py:183} INFO - Processing /home/airflow/.local/lib/python3.8/site-packages/airflow/example_dags/example_task_group_decorator.py took 0.059 seconds
[2026-05-03T00:34:31.311+0000] {processor.py:161} INFO - Started process (PID=3790) to work on /home/airflow/.local/lib/python3.8/site-packages/airflow/example_dags/example_task_group_decorator.py
[2026-05-03T00:34:31.313+0000] {processor.py:830} INFO - Processing file /home/airflow/.local/lib/python3.8/site-packages/airflow/example_dags/example_task_group_decorator.py for tasks to queue
[2026-05-03T00:34:31.315+0000] {logging_mixin.py:188} INFO - [2026-05-03T00:34:31.315+0000] {dagbag.py:540} INFO - Filling up the DagBag from /home/airflow/.local/lib/python3.8/site-packages/airflow/example_dags/example_task_group_decorator.py
[2026-05-03T00:34:31.327+0000] {processor.py:840} INFO - DAG(s) 'example_task_group_decorator' retrieved from /home/airflow/.local/lib/python3.8/site-packages/airflow/example_dags/example_task_group_decorator.py
[2026-05-03T00:34:31.348+0000] {logging_mixin.py:188} INFO - [2026-05-03T00:34:31.347+0000] {dag.py:3047} INFO - Sync 1 DAGs
[2026-05-03T00:34:31.363+0000] {logging_mixin.py:188} INFO - [2026-05-03T00:34:31.362+0000] {dag.py:3834} INFO - Setting next_dagrun for example_task_group_decorator to 2026-05-02 00:00:00+00:00, run_after=2026-05-03 00:00:00+00:00
[2026-05-03T00:34:31.374+0000] {processor.py:183} INFO - Processing /home/airflow/.local/lib/python3.8/site-packages/airflow/example_dags/example_task_group_decorator.py took 0.065 seconds
[2026-05-03T00:35:01.480+0000] {processor.py:161} INFO - Started process (PID=3846) to work on /home/airflow/.local/lib/python3.8/site-packages/airflow/example_dags/example_task_group_decorator.py
[2026-05-03T00:35:01.481+0000] {processor.py:830} INFO - Processing file /home/airflow/.local/lib/python3.8/site-packages/airflow/example_dags/example_task_group_decorator.py for tasks to queue
[2026-05-03T00:35:01.482+0000] {logging_mixin.py:188} INFO - [2026-05-03T00:35:01.482+0000] {dagbag.py:540} INFO - Filling up the DagBag from /home/airflow/.local/lib/python3.8/site-packages/airflow/example_dags/example_task_group_decorator.py
[2026-05-03T00:35:01.492+0000] {processor.py:840} INFO - DAG(s) 'example_task_group_decorator' retrieved from /home/airflow/.local/lib/python3.8/site-packages/airflow/example_dags/example_task_group_decorator.py
[2026-05-03T00:35:01.512+0000] {logging_mixin.py:188} INFO - [2026-05-03T00:35:01.512+0000] {dag.py:3047} INFO - Sync 1 DAGs
[2026-05-03T00:35:01.529+0000] {logging_mixin.py:188} INFO - [2026-05-03T00:35:01.529+0000] {dag.py:3834} INFO - Setting next_dagrun for example_task_group_decorator to 2026-05-02 00:00:00+00:00, run_after=2026-05-03 00:00:00+00:00
[2026-05-03T00:35:01.541+0000] {processor.py:183} INFO - Processing /home/airflow/.local/lib/python3.8/site-packages/airflow/example_dags/example_task_group_decorator.py took 0.063 seconds
[2026-05-03T00:35:31.878+0000] {processor.py:161} INFO - Started process (PID=3902) to work on /home/airflow/.local/lib/python3.8/site-packages/airflow/example_dags/example_task_group_decorator.py
[2026-05-03T00:35:31.879+0000] {processor.py:830} INFO - Processing file /home/airflow/.local/lib/python3.8/site-packages/airflow/example_dags/example_task_group_decorator.py for tasks to queue
[2026-05-03T00:35:31.881+0000] {logging_mixin.py:188} INFO - [2026-05-03T00:35:31.881+0000] {dagbag.py:540} INFO - Filling up the DagBag from /home/airflow/.local/lib/python3.8/site-packages/airflow/example_dags/example_task_group_decorator.py
[2026-05-03T00:35:31.891+0000] {processor.py:840} INFO - DAG(s) 'example_task_group_decorator' retrieved from /home/airflow/.local/lib/python3.8/site-packages/airflow/example_dags/example_task_group_decorator.py
[2026-05-03T00:35:31.913+0000] {logging_mixin.py:188} INFO - [2026-05-03T00:35:31.913+0000] {dag.py:3047} INFO - Sync 1 DAGs
[2026-05-03T00:35:31.936+0000] {logging_mixin.py:188} INFO - [2026-05-03T00:35:31.936+0000] {dag.py:3834} INFO - Setting next_dagrun for example_task_group_decorator to 2026-05-02 00:00:00+00:00, run_after=2026-05-03 00:00:00+00:00
[2026-05-03T00:35:31.953+0000] {processor.py:183} INFO - Processing /home/airflow/.local/lib/python3.8/site-packages/airflow/example_dags/example_task_group_decorator.py took 0.077 seconds
[2026-05-03T00:36:02.434+0000] {processor.py:161} INFO - Started process (PID=3958) to work on /home/airflow/.local/lib/python3.8/site-packages/airflow/example_dags/example_task_group_decorator.py
[2026-05-03T00:36:02.437+0000] {processor.py:830} INFO - Processing file /home/airflow/.local/lib/python3.8/site-packages/airflow/example_dags/example_task_group_decorator.py for tasks to queue
[2026-05-03T00:36:02.439+0000] {logging_mixin.py:188} INFO - [2026-05-03T00:36:02.439+0000] {dagbag.py:540} INFO - Filling up the DagBag from /home/airflow/.local/lib/python3.8/site-packages/airflow/example_dags/example_task_group_decorator.py
[2026-05-03T00:36:02.451+0000] {processor.py:840} INFO - DAG(s) 'example_task_group_decorator' retrieved from /home/airflow/.local/lib/python3.8/site-packages/airflow/example_dags/example_task_group_decorator.py
[2026-05-03T00:36:02.471+0000] {logging_mixin.py:188} INFO - [2026-05-03T00:36:02.471+0000] {dag.py:3047} INFO - Sync 1 DAGs
[2026-05-03T00:36:02.489+0000] {logging_mixin.py:188} INFO - [2026-05-03T00:36:02.489+0000] {dag.py:3834} INFO - Setting next_dagrun for example_task_group_decorator to 2026-05-02 00:00:00+00:00, run_after=2026-05-03 00:00:00+00:00
[2026-05-03T00:36:02.507+0000] {processor.py:183} INFO - Processing /home/airflow/.local/lib/python3.8/site-packages/airflow/example_dags/example_task_group_decorator.py took 0.076 seconds
[2026-05-03T00:36:32.797+0000] {processor.py:161} INFO - Started process (PID=4014) to work on /home/airflow/.local/lib/python3.8/site-packages/airflow/example_dags/example_task_group_decorator.py
[2026-05-03T00:36:32.798+0000] {processor.py:830} INFO - Processing file /home/airflow/.local/lib/python3.8/site-packages/airflow/example_dags/example_task_group_decorator.py for tasks to queue
[2026-05-03T00:36:32.800+0000] {logging_mixin.py:188} INFO - [2026-05-03T00:36:32.799+0000] {dagbag.py:540} INFO - Filling up the DagBag from /home/airflow/.local/lib/python3.8/site-packages/airflow/example_dags/example_task_group_decorator.py
[2026-05-03T00:36:32.810+0000] {processor.py:840} INFO - DAG(s) 'example_task_group_decorator' retrieved from /home/airflow/.local/lib/python3.8/site-packages/airflow/example_dags/example_task_group_decorator.py
[2026-05-03T00:36:32.837+0000] {logging_mixin.py:188} INFO - [2026-05-03T00:36:32.836+0000] {dag.py:3047} INFO - Sync 1 DAGs
[2026-05-03T00:36:32.853+0000] {logging_mixin.py:188} INFO - [2026-05-03T00:36:32.853+0000] {dag.py:3834} INFO - Setting next_dagrun for example_task_group_decorator to 2026-05-02 00:00:00+00:00, run_after=2026-05-03 00:00:00+00:00
[2026-05-03T00:36:32.864+0000] {processor.py:183} INFO - Processing /home/airflow/.local/lib/python3.8/site-packages/airflow/example_dags/example_task_group_decorator.py took 0.069 seconds
[2026-05-03T00:37:03.237+0000] {processor.py:161} INFO - Started process (PID=4070) to work on /home/airflow/.local/lib/python3.8/site-packages/airflow/example_dags/example_task_group_decorator.py
[2026-05-03T00:37:03.238+0000] {processor.py:830} INFO - Processing file /home/airflow/.local/lib/python3.8/site-packages/airflow/example_dags/example_task_group_decorator.py for tasks to queue
[2026-05-03T00:37:03.241+0000] {logging_mixin.py:188} INFO - [2026-05-03T00:37:03.240+0000] {dagbag.py:540} INFO - Filling up the DagBag from /home/airflow/.local/lib/python3.8/site-packages/airflow/example_dags/example_task_group_decorator.py
[2026-05-03T00:37:03.254+0000] {processor.py:840} INFO - DAG(s) 'example_task_group_decorator' retrieved from /home/airflow/.local/lib/python3.8/site-packages/airflow/example_dags/example_task_group_decorator.py
[2026-05-03T00:37:03.279+0000] {logging_mixin.py:188} INFO - [2026-05-03T00:37:03.279+0000] {dag.py:3047} INFO - Sync 1 DAGs
[2026-05-03T00:37:03.296+0000] {logging_mixin.py:188} INFO - [2026-05-03T00:37:03.296+0000] {dag.py:3834} INFO - Setting next_dagrun for example_task_group_decorator to 2026-05-02 00:00:00+00:00, run_after=2026-05-03 00:00:00+00:00
[2026-05-03T00:37:03.307+0000] {processor.py:183} INFO - Processing /home/airflow/.local/lib/python3.8/site-packages/airflow/example_dags/example_task_group_decorator.py took 0.073 seconds
[2026-05-03T00:37:33.824+0000] {processor.py:161} INFO - Started process (PID=4126) to work on /home/airflow/.local/lib/python3.8/site-packages/airflow/example_dags/example_task_group_decorator.py
[2026-05-03T00:37:33.825+0000] {processor.py:830} INFO - Processing file /home/airflow/.local/lib/python3.8/site-packages/airflow/example_dags/example_task_group_decorator.py for tasks to queue
[2026-05-03T00:37:33.826+0000] {logging_mixin.py:188} INFO - [2026-05-03T00:37:33.826+0000] {dagbag.py:540} INFO - Filling up the DagBag from /home/airflow/.local/lib/python3.8/site-packages/airflow/example_dags/example_task_group_decorator.py
[2026-05-03T00:37:33.836+0000] {processor.py:840} INFO - DAG(s) 'example_task_group_decorator' retrieved from /home/airflow/.local/lib/python3.8/site-packages/airflow/example_dags/example_task_group_decorator.py
[2026-05-03T00:37:33.853+0000] {logging_mixin.py:188} INFO - [2026-05-03T00:37:33.853+0000] {dag.py:3047} INFO - Sync 1 DAGs
[2026-05-03T00:37:33.868+0000] {logging_mixin.py:188} INFO - [2026-05-03T00:37:33.868+0000] {dag.py:3834} INFO - Setting next_dagrun for example_task_group_decorator to 2026-05-02 00:00:00+00:00, run_after=2026-05-03 00:00:00+00:00
[2026-05-03T00:37:33.883+0000] {processor.py:183} INFO - Processing /home/airflow/.local/lib/python3.8/site-packages/airflow/example_dags/example_task_group_decorator.py took 0.061 seconds
[2026-05-03T00:38:04.236+0000] {processor.py:161} INFO - Started process (PID=4182) to work on /home/airflow/.local/lib/python3.8/site-packages/airflow/example_dags/example_task_group_decorator.py
[2026-05-03T00:38:04.237+0000] {processor.py:830} INFO - Processing file /home/airflow/.local/lib/python3.8/site-packages/airflow/example_dags/example_task_group_decorator.py for tasks to queue
[2026-05-03T00:38:04.238+0000] {logging_mixin.py:188} INFO - [2026-05-03T00:38:04.238+0000] {dagbag.py:540} INFO - Filling up the DagBag from /home/airflow/.local/lib/python3.8/site-packages/airflow/example_dags/example_task_group_decorator.py
[2026-05-03T00:38:04.248+0000] {processor.py:840} INFO - DAG(s) 'example_task_group_decorator' retrieved from /home/airflow/.local/lib/python3.8/site-packages/airflow/example_dags/example_task_group_decorator.py
[2026-05-03T00:38:04.265+0000] {logging_mixin.py:188} INFO - [2026-05-03T00:38:04.265+0000] {dag.py:3047} INFO - Sync 1 DAGs
[2026-05-03T00:38:04.280+0000] {logging_mixin.py:188} INFO - [2026-05-03T00:38:04.280+0000] {dag.py:3834} INFO - Setting next_dagrun for example_task_group_decorator to 2026-05-02 00:00:00+00:00, run_after=2026-05-03 00:00:00+00:00
[2026-05-03T00:38:04.302+0000] {processor.py:183} INFO - Processing /home/airflow/.local/lib/python3.8/site-packages/airflow/example_dags/example_task_group_decorator.py took 0.070 seconds
[2026-05-03T00:38:34.744+0000] {processor.py:161} INFO - Started process (PID=4238) to work on /home/airflow/.local/lib/python3.8/site-packages/airflow/example_dags/example_task_group_decorator.py
[2026-05-03T00:38:34.746+0000] {processor.py:830} INFO - Processing file /home/airflow/.local/lib/python3.8/site-packages/airflow/example_dags/example_task_group_decorator.py for tasks to queue
[2026-05-03T00:38:34.747+0000] {logging_mixin.py:188} INFO - [2026-05-03T00:38:34.747+0000] {dagbag.py:540} INFO - Filling up the DagBag from /home/airflow/.local/lib/python3.8/site-packages/airflow/example_dags/example_task_group_decorator.py
[2026-05-03T00:38:34.757+0000] {processor.py:840} INFO - DAG(s) 'example_task_group_decorator' retrieved from /home/airflow/.local/lib/python3.8/site-packages/airflow/example_dags/example_task_group_decorator.py
[2026-05-03T00:38:34.774+0000] {logging_mixin.py:188} INFO - [2026-05-03T00:38:34.774+0000] {dag.py:3047} INFO - Sync 1 DAGs
[2026-05-03T00:38:34.789+0000] {logging_mixin.py:188} INFO - [2026-05-03T00:38:34.788+0000] {dag.py:3834} INFO - Setting next_dagrun for example_task_group_decorator to 2026-05-02 00:00:00+00:00, run_after=2026-05-03 00:00:00+00:00
[2026-05-03T00:38:34.810+0000] {processor.py:183} INFO - Processing /home/airflow/.local/lib/python3.8/site-packages/airflow/example_dags/example_task_group_decorator.py took 0.069 seconds
[2026-05-03T00:39:05.015+0000] {processor.py:161} INFO - Started process (PID=4294) to work on /home/airflow/.local/lib/python3.8/site-packages/airflow/example_dags/example_task_group_decorator.py
[2026-05-03T00:39:05.016+0000] {processor.py:830} INFO - Processing file /home/airflow/.local/lib/python3.8/site-packages/airflow/example_dags/example_task_group_decorator.py for tasks to queue
[2026-05-03T00:39:05.018+0000] {logging_mixin.py:188} INFO - [2026-05-03T00:39:05.017+0000] {dagbag.py:540} INFO - Filling up the DagBag from /home/airflow/.local/lib/python3.8/site-packages/airflow/example_dags/example_task_group_decorator.py
[2026-05-03T00:39:05.028+0000] {processor.py:840} INFO - DAG(s) 'example_task_group_decorator' retrieved from /home/airflow/.local/lib/python3.8/site-packages/airflow/example_dags/example_task_group_decorator.py
[2026-05-03T00:39:05.050+0000] {logging_mixin.py:188} INFO - [2026-05-03T00:39:05.050+0000] {dag.py:3047} INFO - Sync 1 DAGs
[2026-05-03T00:39:05.071+0000] {logging_mixin.py:188} INFO - [2026-05-03T00:39:05.071+0000] {dag.py:3834} INFO - Setting next_dagrun for example_task_group_decorator to 2026-05-02 00:00:00+00:00, run_after=2026-05-03 00:00:00+00:00
[2026-05-03T00:39:05.088+0000] {processor.py:183} INFO - Processing /home/airflow/.local/lib/python3.8/site-packages/airflow/example_dags/example_task_group_decorator.py took 0.075 seconds
[2026-05-03T00:39:35.599+0000] {processor.py:161} INFO - Started process (PID=4350) to work on /home/airflow/.local/lib/python3.8/site-packages/airflow/example_dags/example_task_group_decorator.py
[2026-05-03T00:39:35.600+0000] {processor.py:830} INFO - Processing file /home/airflow/.local/lib/python3.8/site-packages/airflow/example_dags/example_task_group_decorator.py for tasks to queue
[2026-05-03T00:39:35.601+0000] {logging_mixin.py:188} INFO - [2026-05-03T00:39:35.601+0000] {dagbag.py:540} INFO - Filling up the DagBag from /home/airflow/.local/lib/python3.8/site-packages/airflow/example_dags/example_task_group_decorator.py
[2026-05-03T00:39:35.611+0000] {processor.py:840} INFO - DAG(s) 'example_task_group_decorator' retrieved from /home/airflow/.local/lib/python3.8/site-packages/airflow/example_dags/example_task_group_decorator.py
[2026-05-03T00:39:35.630+0000] {logging_mixin.py:188} INFO - [2026-05-03T00:39:35.630+0000] {dag.py:3047} INFO - Sync 1 DAGs
[2026-05-03T00:39:35.649+0000] {logging_mixin.py:188} INFO - [2026-05-03T00:39:35.649+0000] {dag.py:3834} INFO - Setting next_dagrun for example_task_group_decorator to 2026-05-02 00:00:00+00:00, run_after=2026-05-03 00:00:00+00:00
[2026-05-03T00:39:35.668+0000] {processor.py:183} INFO - Processing /home/airflow/.local/lib/python3.8/site-packages/airflow/example_dags/example_task_group_decorator.py took 0.071 seconds
