[2026-05-03T00:02:00.614+0000] {processor.py:161} INFO - Started process (PID=2765) to work on /home/airflow/.local/lib/python3.8/site-packages/airflow/example_dags/example_latest_only_with_trigger.py
[2026-05-03T00:02:00.615+0000] {processor.py:830} INFO - Processing file /home/airflow/.local/lib/python3.8/site-packages/airflow/example_dags/example_latest_only_with_trigger.py for tasks to queue
[2026-05-03T00:02:00.618+0000] {logging_mixin.py:188} INFO - [2026-05-03T00:02:00.618+0000] {dagbag.py:540} INFO - Filling up the DagBag from /home/airflow/.local/lib/python3.8/site-packages/airflow/example_dags/example_latest_only_with_trigger.py
[2026-05-03T00:02:00.627+0000] {processor.py:840} INFO - DAG(s) 'latest_only_with_trigger' retrieved from /home/airflow/.local/lib/python3.8/site-packages/airflow/example_dags/example_latest_only_with_trigger.py
[2026-05-03T00:02:00.653+0000] {logging_mixin.py:188} INFO - [2026-05-03T00:02:00.652+0000] {dag.py:3047} INFO - Sync 1 DAGs
[2026-05-03T00:02:00.684+0000] {logging_mixin.py:188} INFO - [2026-05-03T00:02:00.684+0000] {dag.py:3834} INFO - Setting next_dagrun for latest_only_with_trigger to 2026-05-02 20:00:00+00:00, run_after=2026-05-03 00:00:00+00:00
[2026-05-03T00:02:00.715+0000] {processor.py:183} INFO - Processing /home/airflow/.local/lib/python3.8/site-packages/airflow/example_dags/example_latest_only_with_trigger.py took 0.107 seconds
[2026-05-03T00:11:41.677+0000] {processor.py:161} INFO - Started process (PID=2821) to work on /home/airflow/.local/lib/python3.8/site-packages/airflow/example_dags/example_latest_only_with_trigger.py
[2026-05-03T00:11:41.679+0000] {processor.py:830} INFO - Processing file /home/airflow/.local/lib/python3.8/site-packages/airflow/example_dags/example_latest_only_with_trigger.py for tasks to queue
[2026-05-03T00:11:41.682+0000] {logging_mixin.py:188} INFO - [2026-05-03T00:11:41.681+0000] {dagbag.py:540} INFO - Filling up the DagBag from /home/airflow/.local/lib/python3.8/site-packages/airflow/example_dags/example_latest_only_with_trigger.py
[2026-05-03T00:11:41.686+0000] {processor.py:840} INFO - DAG(s) 'latest_only_with_trigger' retrieved from /home/airflow/.local/lib/python3.8/site-packages/airflow/example_dags/example_latest_only_with_trigger.py
[2026-05-03T00:11:41.700+0000] {logging_mixin.py:188} INFO - [2026-05-03T00:11:41.700+0000] {dag.py:3047} INFO - Sync 1 DAGs
[2026-05-03T00:11:41.717+0000] {logging_mixin.py:188} INFO - [2026-05-03T00:11:41.717+0000] {dag.py:3834} INFO - Setting next_dagrun for latest_only_with_trigger to 2026-05-02 20:00:00+00:00, run_after=2026-05-03 00:00:00+00:00
[2026-05-03T00:11:41.728+0000] {processor.py:183} INFO - Processing /home/airflow/.local/lib/python3.8/site-packages/airflow/example_dags/example_latest_only_with_trigger.py took 0.053 seconds
[2026-05-03T00:20:53.104+0000] {processor.py:161} INFO - Started process (PID=2877) to work on /home/airflow/.local/lib/python3.8/site-packages/airflow/example_dags/example_latest_only_with_trigger.py
[2026-05-03T00:20:53.108+0000] {processor.py:830} INFO - Processing file /home/airflow/.local/lib/python3.8/site-packages/airflow/example_dags/example_latest_only_with_trigger.py for tasks to queue
[2026-05-03T00:20:53.111+0000] {logging_mixin.py:188} INFO - [2026-05-03T00:20:53.111+0000] {dagbag.py:540} INFO - Filling up the DagBag from /home/airflow/.local/lib/python3.8/site-packages/airflow/example_dags/example_latest_only_with_trigger.py
[2026-05-03T00:20:53.124+0000] {processor.py:840} INFO - DAG(s) 'latest_only_with_trigger' retrieved from /home/airflow/.local/lib/python3.8/site-packages/airflow/example_dags/example_latest_only_with_trigger.py
[2026-05-03T00:20:53.155+0000] {logging_mixin.py:188} INFO - [2026-05-03T00:20:53.155+0000] {dag.py:3047} INFO - Sync 1 DAGs
[2026-05-03T00:20:53.185+0000] {logging_mixin.py:188} INFO - [2026-05-03T00:20:53.185+0000] {dag.py:3834} INFO - Setting next_dagrun for latest_only_with_trigger to 2026-05-02 20:00:00+00:00, run_after=2026-05-03 00:00:00+00:00
[2026-05-03T00:20:53.234+0000] {processor.py:183} INFO - Processing /home/airflow/.local/lib/python3.8/site-packages/airflow/example_dags/example_latest_only_with_trigger.py took 0.136 seconds
[2026-05-03T00:26:53.290+0000] {processor.py:161} INFO - Started process (PID=2933) to work on /home/airflow/.local/lib/python3.8/site-packages/airflow/example_dags/example_latest_only_with_trigger.py
[2026-05-03T00:26:53.291+0000] {processor.py:830} INFO - Processing file /home/airflow/.local/lib/python3.8/site-packages/airflow/example_dags/example_latest_only_with_trigger.py for tasks to queue
[2026-05-03T00:26:53.299+0000] {logging_mixin.py:188} INFO - [2026-05-03T00:26:53.297+0000] {dagbag.py:540} INFO - Filling up the DagBag from /home/airflow/.local/lib/python3.8/site-packages/airflow/example_dags/example_latest_only_with_trigger.py
[2026-05-03T00:26:53.310+0000] {processor.py:840} INFO - DAG(s) 'latest_only_with_trigger' retrieved from /home/airflow/.local/lib/python3.8/site-packages/airflow/example_dags/example_latest_only_with_trigger.py
[2026-05-03T00:26:53.355+0000] {logging_mixin.py:188} INFO - [2026-05-03T00:26:53.355+0000] {dag.py:3047} INFO - Sync 1 DAGs
[2026-05-03T00:26:53.402+0000] {logging_mixin.py:188} INFO - [2026-05-03T00:26:53.402+0000] {dag.py:3834} INFO - Setting next_dagrun for latest_only_with_trigger to 2026-05-02 20:00:00+00:00, run_after=2026-05-03 00:00:00+00:00
[2026-05-03T00:26:53.440+0000] {processor.py:183} INFO - Processing /home/airflow/.local/lib/python3.8/site-packages/airflow/example_dags/example_latest_only_with_trigger.py took 0.155 seconds
[2026-05-03T00:27:23.976+0000] {processor.py:161} INFO - Started process (PID=2989) to work on /home/airflow/.local/lib/python3.8/site-packages/airflow/example_dags/example_latest_only_with_trigger.py
[2026-05-03T00:27:23.976+0000] {processor.py:830} INFO - Processing file /home/airflow/.local/lib/python3.8/site-packages/airflow/example_dags/example_latest_only_with_trigger.py for tasks to queue
[2026-05-03T00:27:23.978+0000] {logging_mixin.py:188} INFO - [2026-05-03T00:27:23.978+0000] {dagbag.py:540} INFO - Filling up the DagBag from /home/airflow/.local/lib/python3.8/site-packages/airflow/example_dags/example_latest_only_with_trigger.py
[2026-05-03T00:27:23.982+0000] {processor.py:840} INFO - DAG(s) 'latest_only_with_trigger' retrieved from /home/airflow/.local/lib/python3.8/site-packages/airflow/example_dags/example_latest_only_with_trigger.py
[2026-05-03T00:27:23.996+0000] {logging_mixin.py:188} INFO - [2026-05-03T00:27:23.996+0000] {dag.py:3047} INFO - Sync 1 DAGs
[2026-05-03T00:27:24.010+0000] {logging_mixin.py:188} INFO - [2026-05-03T00:27:24.009+0000] {dag.py:3834} INFO - Setting next_dagrun for latest_only_with_trigger to 2026-05-02 20:00:00+00:00, run_after=2026-05-03 00:00:00+00:00
[2026-05-03T00:27:24.019+0000] {processor.py:183} INFO - Processing /home/airflow/.local/lib/python3.8/site-packages/airflow/example_dags/example_latest_only_with_trigger.py took 0.046 seconds
[2026-05-03T00:27:54.909+0000] {processor.py:161} INFO - Started process (PID=3045) to work on /home/airflow/.local/lib/python3.8/site-packages/airflow/example_dags/example_latest_only_with_trigger.py
[2026-05-03T00:27:54.910+0000] {processor.py:830} INFO - Processing file /home/airflow/.local/lib/python3.8/site-packages/airflow/example_dags/example_latest_only_with_trigger.py for tasks to queue
[2026-05-03T00:27:54.913+0000] {logging_mixin.py:188} INFO - [2026-05-03T00:27:54.912+0000] {dagbag.py:540} INFO - Filling up the DagBag from /home/airflow/.local/lib/python3.8/site-packages/airflow/example_dags/example_latest_only_with_trigger.py
[2026-05-03T00:27:54.919+0000] {processor.py:840} INFO - DAG(s) 'latest_only_with_trigger' retrieved from /home/airflow/.local/lib/python3.8/site-packages/airflow/example_dags/example_latest_only_with_trigger.py
[2026-05-03T00:27:54.937+0000] {logging_mixin.py:188} INFO - [2026-05-03T00:27:54.937+0000] {dag.py:3047} INFO - Sync 1 DAGs
[2026-05-03T00:27:54.957+0000] {logging_mixin.py:188} INFO - [2026-05-03T00:27:54.956+0000] {dag.py:3834} INFO - Setting next_dagrun for latest_only_with_trigger to 2026-05-02 20:00:00+00:00, run_after=2026-05-03 00:00:00+00:00
[2026-05-03T00:27:54.967+0000] {processor.py:183} INFO - Processing /home/airflow/.local/lib/python3.8/site-packages/airflow/example_dags/example_latest_only_with_trigger.py took 0.060 seconds
[2026-05-03T00:28:25.324+0000] {processor.py:161} INFO - Started process (PID=3101) to work on /home/airflow/.local/lib/python3.8/site-packages/airflow/example_dags/example_latest_only_with_trigger.py
[2026-05-03T00:28:25.325+0000] {processor.py:830} INFO - Processing file /home/airflow/.local/lib/python3.8/site-packages/airflow/example_dags/example_latest_only_with_trigger.py for tasks to queue
[2026-05-03T00:28:25.326+0000] {logging_mixin.py:188} INFO - [2026-05-03T00:28:25.326+0000] {dagbag.py:540} INFO - Filling up the DagBag from /home/airflow/.local/lib/python3.8/site-packages/airflow/example_dags/example_latest_only_with_trigger.py
[2026-05-03T00:28:25.330+0000] {processor.py:840} INFO - DAG(s) 'latest_only_with_trigger' retrieved from /home/airflow/.local/lib/python3.8/site-packages/airflow/example_dags/example_latest_only_with_trigger.py
[2026-05-03T00:28:25.345+0000] {logging_mixin.py:188} INFO - [2026-05-03T00:28:25.345+0000] {dag.py:3047} INFO - Sync 1 DAGs
[2026-05-03T00:28:25.360+0000] {logging_mixin.py:188} INFO - [2026-05-03T00:28:25.360+0000] {dag.py:3834} INFO - Setting next_dagrun for latest_only_with_trigger to 2026-05-02 20:00:00+00:00, run_after=2026-05-03 00:00:00+00:00
[2026-05-03T00:28:25.374+0000] {processor.py:183} INFO - Processing /home/airflow/.local/lib/python3.8/site-packages/airflow/example_dags/example_latest_only_with_trigger.py took 0.052 seconds
[2026-05-03T00:28:55.593+0000] {processor.py:161} INFO - Started process (PID=3157) to work on /home/airflow/.local/lib/python3.8/site-packages/airflow/example_dags/example_latest_only_with_trigger.py
[2026-05-03T00:28:55.594+0000] {processor.py:830} INFO - Processing file /home/airflow/.local/lib/python3.8/site-packages/airflow/example_dags/example_latest_only_with_trigger.py for tasks to queue
[2026-05-03T00:28:55.596+0000] {logging_mixin.py:188} INFO - [2026-05-03T00:28:55.595+0000] {dagbag.py:540} INFO - Filling up the DagBag from /home/airflow/.local/lib/python3.8/site-packages/airflow/example_dags/example_latest_only_with_trigger.py
[2026-05-03T00:28:55.600+0000] {processor.py:840} INFO - DAG(s) 'latest_only_with_trigger' retrieved from /home/airflow/.local/lib/python3.8/site-packages/airflow/example_dags/example_latest_only_with_trigger.py
[2026-05-03T00:28:55.624+0000] {logging_mixin.py:188} INFO - [2026-05-03T00:28:55.624+0000] {dag.py:3047} INFO - Sync 1 DAGs
[2026-05-03T00:28:55.645+0000] {logging_mixin.py:188} INFO - [2026-05-03T00:28:55.644+0000] {dag.py:3834} INFO - Setting next_dagrun for latest_only_with_trigger to 2026-05-02 20:00:00+00:00, run_after=2026-05-03 00:00:00+00:00
[2026-05-03T00:28:55.661+0000] {processor.py:183} INFO - Processing /home/airflow/.local/lib/python3.8/site-packages/airflow/example_dags/example_latest_only_with_trigger.py took 0.071 seconds
[2026-05-03T00:29:25.878+0000] {processor.py:161} INFO - Started process (PID=3213) to work on /home/airflow/.local/lib/python3.8/site-packages/airflow/example_dags/example_latest_only_with_trigger.py
[2026-05-03T00:29:25.879+0000] {processor.py:830} INFO - Processing file /home/airflow/.local/lib/python3.8/site-packages/airflow/example_dags/example_latest_only_with_trigger.py for tasks to queue
[2026-05-03T00:29:25.881+0000] {logging_mixin.py:188} INFO - [2026-05-03T00:29:25.881+0000] {dagbag.py:540} INFO - Filling up the DagBag from /home/airflow/.local/lib/python3.8/site-packages/airflow/example_dags/example_latest_only_with_trigger.py
[2026-05-03T00:29:25.885+0000] {processor.py:840} INFO - DAG(s) 'latest_only_with_trigger' retrieved from /home/airflow/.local/lib/python3.8/site-packages/airflow/example_dags/example_latest_only_with_trigger.py
[2026-05-03T00:29:25.899+0000] {logging_mixin.py:188} INFO - [2026-05-03T00:29:25.899+0000] {dag.py:3047} INFO - Sync 1 DAGs
[2026-05-03T00:29:25.913+0000] {logging_mixin.py:188} INFO - [2026-05-03T00:29:25.912+0000] {dag.py:3834} INFO - Setting next_dagrun for latest_only_with_trigger to 2026-05-02 20:00:00+00:00, run_after=2026-05-03 00:00:00+00:00
[2026-05-03T00:29:25.923+0000] {processor.py:183} INFO - Processing /home/airflow/.local/lib/python3.8/site-packages/airflow/example_dags/example_latest_only_with_trigger.py took 0.048 seconds
[2026-05-03T00:29:56.231+0000] {processor.py:161} INFO - Started process (PID=3269) to work on /home/airflow/.local/lib/python3.8/site-packages/airflow/example_dags/example_latest_only_with_trigger.py
[2026-05-03T00:29:56.232+0000] {processor.py:830} INFO - Processing file /home/airflow/.local/lib/python3.8/site-packages/airflow/example_dags/example_latest_only_with_trigger.py for tasks to queue
[2026-05-03T00:29:56.234+0000] {logging_mixin.py:188} INFO - [2026-05-03T00:29:56.233+0000] {dagbag.py:540} INFO - Filling up the DagBag from /home/airflow/.local/lib/python3.8/site-packages/airflow/example_dags/example_latest_only_with_trigger.py
[2026-05-03T00:29:56.238+0000] {processor.py:840} INFO - DAG(s) 'latest_only_with_trigger' retrieved from /home/airflow/.local/lib/python3.8/site-packages/airflow/example_dags/example_latest_only_with_trigger.py
[2026-05-03T00:29:56.259+0000] {logging_mixin.py:188} INFO - [2026-05-03T00:29:56.259+0000] {dag.py:3047} INFO - Sync 1 DAGs
[2026-05-03T00:29:56.278+0000] {logging_mixin.py:188} INFO - [2026-05-03T00:29:56.278+0000] {dag.py:3834} INFO - Setting next_dagrun for latest_only_with_trigger to 2026-05-02 20:00:00+00:00, run_after=2026-05-03 00:00:00+00:00
[2026-05-03T00:29:56.294+0000] {processor.py:183} INFO - Processing /home/airflow/.local/lib/python3.8/site-packages/airflow/example_dags/example_latest_only_with_trigger.py took 0.065 seconds
[2026-05-03T00:30:26.551+0000] {processor.py:161} INFO - Started process (PID=3325) to work on /home/airflow/.local/lib/python3.8/site-packages/airflow/example_dags/example_latest_only_with_trigger.py
[2026-05-03T00:30:26.552+0000] {processor.py:830} INFO - Processing file /home/airflow/.local/lib/python3.8/site-packages/airflow/example_dags/example_latest_only_with_trigger.py for tasks to queue
[2026-05-03T00:30:26.554+0000] {logging_mixin.py:188} INFO - [2026-05-03T00:30:26.553+0000] {dagbag.py:540} INFO - Filling up the DagBag from /home/airflow/.local/lib/python3.8/site-packages/airflow/example_dags/example_latest_only_with_trigger.py
[2026-05-03T00:30:26.557+0000] {processor.py:840} INFO - DAG(s) 'latest_only_with_trigger' retrieved from /home/airflow/.local/lib/python3.8/site-packages/airflow/example_dags/example_latest_only_with_trigger.py
[2026-05-03T00:30:26.574+0000] {logging_mixin.py:188} INFO - [2026-05-03T00:30:26.573+0000] {dag.py:3047} INFO - Sync 1 DAGs
[2026-05-03T00:30:26.590+0000] {logging_mixin.py:188} INFO - [2026-05-03T00:30:26.590+0000] {dag.py:3834} INFO - Setting next_dagrun for latest_only_with_trigger to 2026-05-02 20:00:00+00:00, run_after=2026-05-03 00:00:00+00:00
[2026-05-03T00:30:26.606+0000] {processor.py:183} INFO - Processing /home/airflow/.local/lib/python3.8/site-packages/airflow/example_dags/example_latest_only_with_trigger.py took 0.058 seconds
[2026-05-03T00:30:56.796+0000] {processor.py:161} INFO - Started process (PID=3381) to work on /home/airflow/.local/lib/python3.8/site-packages/airflow/example_dags/example_latest_only_with_trigger.py
[2026-05-03T00:30:56.797+0000] {processor.py:830} INFO - Processing file /home/airflow/.local/lib/python3.8/site-packages/airflow/example_dags/example_latest_only_with_trigger.py for tasks to queue
[2026-05-03T00:30:56.798+0000] {logging_mixin.py:188} INFO - [2026-05-03T00:30:56.798+0000] {dagbag.py:540} INFO - Filling up the DagBag from /home/airflow/.local/lib/python3.8/site-packages/airflow/example_dags/example_latest_only_with_trigger.py
[2026-05-03T00:30:56.802+0000] {processor.py:840} INFO - DAG(s) 'latest_only_with_trigger' retrieved from /home/airflow/.local/lib/python3.8/site-packages/airflow/example_dags/example_latest_only_with_trigger.py
[2026-05-03T00:30:56.821+0000] {logging_mixin.py:188} INFO - [2026-05-03T00:30:56.821+0000] {dag.py:3047} INFO - Sync 1 DAGs
[2026-05-03T00:30:56.837+0000] {logging_mixin.py:188} INFO - [2026-05-03T00:30:56.837+0000] {dag.py:3834} INFO - Setting next_dagrun for latest_only_with_trigger to 2026-05-02 20:00:00+00:00, run_after=2026-05-03 00:00:00+00:00
[2026-05-03T00:30:56.858+0000] {processor.py:183} INFO - Processing /home/airflow/.local/lib/python3.8/site-packages/airflow/example_dags/example_latest_only_with_trigger.py took 0.065 seconds
[2026-05-03T00:31:27.506+0000] {processor.py:161} INFO - Started process (PID=3437) to work on /home/airflow/.local/lib/python3.8/site-packages/airflow/example_dags/example_latest_only_with_trigger.py
[2026-05-03T00:31:27.507+0000] {processor.py:830} INFO - Processing file /home/airflow/.local/lib/python3.8/site-packages/airflow/example_dags/example_latest_only_with_trigger.py for tasks to queue
[2026-05-03T00:31:27.508+0000] {logging_mixin.py:188} INFO - [2026-05-03T00:31:27.508+0000] {dagbag.py:540} INFO - Filling up the DagBag from /home/airflow/.local/lib/python3.8/site-packages/airflow/example_dags/example_latest_only_with_trigger.py
[2026-05-03T00:31:27.515+0000] {processor.py:840} INFO - DAG(s) 'latest_only_with_trigger' retrieved from /home/airflow/.local/lib/python3.8/site-packages/airflow/example_dags/example_latest_only_with_trigger.py
[2026-05-03T00:31:27.538+0000] {logging_mixin.py:188} INFO - [2026-05-03T00:31:27.537+0000] {dag.py:3047} INFO - Sync 1 DAGs
[2026-05-03T00:31:27.558+0000] {logging_mixin.py:188} INFO - [2026-05-03T00:31:27.558+0000] {dag.py:3834} INFO - Setting next_dagrun for latest_only_with_trigger to 2026-05-02 20:00:00+00:00, run_after=2026-05-03 00:00:00+00:00
[2026-05-03T00:31:27.572+0000] {processor.py:183} INFO - Processing /home/airflow/.local/lib/python3.8/site-packages/airflow/example_dags/example_latest_only_with_trigger.py took 0.070 seconds
[2026-05-03T00:31:57.680+0000] {processor.py:161} INFO - Started process (PID=3493) to work on /home/airflow/.local/lib/python3.8/site-packages/airflow/example_dags/example_latest_only_with_trigger.py
[2026-05-03T00:31:57.681+0000] {processor.py:830} INFO - Processing file /home/airflow/.local/lib/python3.8/site-packages/airflow/example_dags/example_latest_only_with_trigger.py for tasks to queue
[2026-05-03T00:31:57.682+0000] {logging_mixin.py:188} INFO - [2026-05-03T00:31:57.682+0000] {dagbag.py:540} INFO - Filling up the DagBag from /home/airflow/.local/lib/python3.8/site-packages/airflow/example_dags/example_latest_only_with_trigger.py
[2026-05-03T00:31:57.686+0000] {processor.py:840} INFO - DAG(s) 'latest_only_with_trigger' retrieved from /home/airflow/.local/lib/python3.8/site-packages/airflow/example_dags/example_latest_only_with_trigger.py
[2026-05-03T00:31:57.705+0000] {logging_mixin.py:188} INFO - [2026-05-03T00:31:57.704+0000] {dag.py:3047} INFO - Sync 1 DAGs
[2026-05-03T00:31:57.721+0000] {logging_mixin.py:188} INFO - [2026-05-03T00:31:57.721+0000] {dag.py:3834} INFO - Setting next_dagrun for latest_only_with_trigger to 2026-05-02 20:00:00+00:00, run_after=2026-05-03 00:00:00+00:00
[2026-05-03T00:31:57.732+0000] {processor.py:183} INFO - Processing /home/airflow/.local/lib/python3.8/site-packages/airflow/example_dags/example_latest_only_with_trigger.py took 0.056 seconds
[2026-05-03T00:32:28.056+0000] {processor.py:161} INFO - Started process (PID=3549) to work on /home/airflow/.local/lib/python3.8/site-packages/airflow/example_dags/example_latest_only_with_trigger.py
[2026-05-03T00:32:28.057+0000] {processor.py:830} INFO - Processing file /home/airflow/.local/lib/python3.8/site-packages/airflow/example_dags/example_latest_only_with_trigger.py for tasks to queue
[2026-05-03T00:32:28.059+0000] {logging_mixin.py:188} INFO - [2026-05-03T00:32:28.059+0000] {dagbag.py:540} INFO - Filling up the DagBag from /home/airflow/.local/lib/python3.8/site-packages/airflow/example_dags/example_latest_only_with_trigger.py
[2026-05-03T00:32:28.064+0000] {processor.py:840} INFO - DAG(s) 'latest_only_with_trigger' retrieved from /home/airflow/.local/lib/python3.8/site-packages/airflow/example_dags/example_latest_only_with_trigger.py
[2026-05-03T00:32:28.084+0000] {logging_mixin.py:188} INFO - [2026-05-03T00:32:28.084+0000] {dag.py:3047} INFO - Sync 1 DAGs
[2026-05-03T00:32:28.098+0000] {logging_mixin.py:188} INFO - [2026-05-03T00:32:28.098+0000] {dag.py:3834} INFO - Setting next_dagrun for latest_only_with_trigger to 2026-05-02 20:00:00+00:00, run_after=2026-05-03 00:00:00+00:00
[2026-05-03T00:32:28.115+0000] {processor.py:183} INFO - Processing /home/airflow/.local/lib/python3.8/site-packages/airflow/example_dags/example_latest_only_with_trigger.py took 0.061 seconds
[2026-05-03T00:32:58.173+0000] {processor.py:161} INFO - Started process (PID=3605) to work on /home/airflow/.local/lib/python3.8/site-packages/airflow/example_dags/example_latest_only_with_trigger.py
[2026-05-03T00:32:58.174+0000] {processor.py:830} INFO - Processing file /home/airflow/.local/lib/python3.8/site-packages/airflow/example_dags/example_latest_only_with_trigger.py for tasks to queue
[2026-05-03T00:32:58.176+0000] {logging_mixin.py:188} INFO - [2026-05-03T00:32:58.176+0000] {dagbag.py:540} INFO - Filling up the DagBag from /home/airflow/.local/lib/python3.8/site-packages/airflow/example_dags/example_latest_only_with_trigger.py
[2026-05-03T00:32:58.180+0000] {processor.py:840} INFO - DAG(s) 'latest_only_with_trigger' retrieved from /home/airflow/.local/lib/python3.8/site-packages/airflow/example_dags/example_latest_only_with_trigger.py
[2026-05-03T00:32:58.196+0000] {logging_mixin.py:188} INFO - [2026-05-03T00:32:58.196+0000] {dag.py:3047} INFO - Sync 1 DAGs
[2026-05-03T00:32:58.212+0000] {logging_mixin.py:188} INFO - [2026-05-03T00:32:58.212+0000] {dag.py:3834} INFO - Setting next_dagrun for latest_only_with_trigger to 2026-05-02 20:00:00+00:00, run_after=2026-05-03 00:00:00+00:00
[2026-05-03T00:32:58.225+0000] {processor.py:183} INFO - Processing /home/airflow/.local/lib/python3.8/site-packages/airflow/example_dags/example_latest_only_with_trigger.py took 0.056 seconds
[2026-05-03T00:33:28.696+0000] {processor.py:161} INFO - Started process (PID=3661) to work on /home/airflow/.local/lib/python3.8/site-packages/airflow/example_dags/example_latest_only_with_trigger.py
[2026-05-03T00:33:28.698+0000] {processor.py:830} INFO - Processing file /home/airflow/.local/lib/python3.8/site-packages/airflow/example_dags/example_latest_only_with_trigger.py for tasks to queue
[2026-05-03T00:33:28.699+0000] {logging_mixin.py:188} INFO - [2026-05-03T00:33:28.699+0000] {dagbag.py:540} INFO - Filling up the DagBag from /home/airflow/.local/lib/python3.8/site-packages/airflow/example_dags/example_latest_only_with_trigger.py
[2026-05-03T00:33:28.704+0000] {processor.py:840} INFO - DAG(s) 'latest_only_with_trigger' retrieved from /home/airflow/.local/lib/python3.8/site-packages/airflow/example_dags/example_latest_only_with_trigger.py
[2026-05-03T00:33:28.719+0000] {logging_mixin.py:188} INFO - [2026-05-03T00:33:28.719+0000] {dag.py:3047} INFO - Sync 1 DAGs
[2026-05-03T00:33:28.734+0000] {logging_mixin.py:188} INFO - [2026-05-03T00:33:28.734+0000] {dag.py:3834} INFO - Setting next_dagrun for latest_only_with_trigger to 2026-05-02 20:00:00+00:00, run_after=2026-05-03 00:00:00+00:00
[2026-05-03T00:33:28.750+0000] {processor.py:183} INFO - Processing /home/airflow/.local/lib/python3.8/site-packages/airflow/example_dags/example_latest_only_with_trigger.py took 0.057 seconds
[2026-05-03T00:33:59.364+0000] {processor.py:161} INFO - Started process (PID=3717) to work on /home/airflow/.local/lib/python3.8/site-packages/airflow/example_dags/example_latest_only_with_trigger.py
[2026-05-03T00:33:59.369+0000] {processor.py:830} INFO - Processing file /home/airflow/.local/lib/python3.8/site-packages/airflow/example_dags/example_latest_only_with_trigger.py for tasks to queue
[2026-05-03T00:33:59.374+0000] {logging_mixin.py:188} INFO - [2026-05-03T00:33:59.373+0000] {dagbag.py:540} INFO - Filling up the DagBag from /home/airflow/.local/lib/python3.8/site-packages/airflow/example_dags/example_latest_only_with_trigger.py
[2026-05-03T00:33:59.380+0000] {processor.py:840} INFO - DAG(s) 'latest_only_with_trigger' retrieved from /home/airflow/.local/lib/python3.8/site-packages/airflow/example_dags/example_latest_only_with_trigger.py
[2026-05-03T00:33:59.402+0000] {logging_mixin.py:188} INFO - [2026-05-03T00:33:59.402+0000] {dag.py:3047} INFO - Sync 1 DAGs
[2026-05-03T00:33:59.416+0000] {logging_mixin.py:188} INFO - [2026-05-03T00:33:59.416+0000] {dag.py:3834} INFO - Setting next_dagrun for latest_only_with_trigger to 2026-05-02 20:00:00+00:00, run_after=2026-05-03 00:00:00+00:00
[2026-05-03T00:33:59.432+0000] {processor.py:183} INFO - Processing /home/airflow/.local/lib/python3.8/site-packages/airflow/example_dags/example_latest_only_with_trigger.py took 0.072 seconds
[2026-05-03T00:34:29.581+0000] {processor.py:161} INFO - Started process (PID=3773) to work on /home/airflow/.local/lib/python3.8/site-packages/airflow/example_dags/example_latest_only_with_trigger.py
[2026-05-03T00:34:29.585+0000] {processor.py:830} INFO - Processing file /home/airflow/.local/lib/python3.8/site-packages/airflow/example_dags/example_latest_only_with_trigger.py for tasks to queue
[2026-05-03T00:34:29.587+0000] {logging_mixin.py:188} INFO - [2026-05-03T00:34:29.587+0000] {dagbag.py:540} INFO - Filling up the DagBag from /home/airflow/.local/lib/python3.8/site-packages/airflow/example_dags/example_latest_only_with_trigger.py
[2026-05-03T00:34:29.592+0000] {processor.py:840} INFO - DAG(s) 'latest_only_with_trigger' retrieved from /home/airflow/.local/lib/python3.8/site-packages/airflow/example_dags/example_latest_only_with_trigger.py
[2026-05-03T00:34:29.609+0000] {logging_mixin.py:188} INFO - [2026-05-03T00:34:29.609+0000] {dag.py:3047} INFO - Sync 1 DAGs
[2026-05-03T00:34:29.624+0000] {logging_mixin.py:188} INFO - [2026-05-03T00:34:29.623+0000] {dag.py:3834} INFO - Setting next_dagrun for latest_only_with_trigger to 2026-05-02 20:00:00+00:00, run_after=2026-05-03 00:00:00+00:00
[2026-05-03T00:34:29.639+0000] {processor.py:183} INFO - Processing /home/airflow/.local/lib/python3.8/site-packages/airflow/example_dags/example_latest_only_with_trigger.py took 0.061 seconds
[2026-05-03T00:34:59.778+0000] {processor.py:161} INFO - Started process (PID=3829) to work on /home/airflow/.local/lib/python3.8/site-packages/airflow/example_dags/example_latest_only_with_trigger.py
[2026-05-03T00:34:59.778+0000] {processor.py:830} INFO - Processing file /home/airflow/.local/lib/python3.8/site-packages/airflow/example_dags/example_latest_only_with_trigger.py for tasks to queue
[2026-05-03T00:34:59.780+0000] {logging_mixin.py:188} INFO - [2026-05-03T00:34:59.779+0000] {dagbag.py:540} INFO - Filling up the DagBag from /home/airflow/.local/lib/python3.8/site-packages/airflow/example_dags/example_latest_only_with_trigger.py
[2026-05-03T00:34:59.784+0000] {processor.py:840} INFO - DAG(s) 'latest_only_with_trigger' retrieved from /home/airflow/.local/lib/python3.8/site-packages/airflow/example_dags/example_latest_only_with_trigger.py
[2026-05-03T00:34:59.800+0000] {logging_mixin.py:188} INFO - [2026-05-03T00:34:59.800+0000] {dag.py:3047} INFO - Sync 1 DAGs
[2026-05-03T00:34:59.815+0000] {logging_mixin.py:188} INFO - [2026-05-03T00:34:59.815+0000] {dag.py:3834} INFO - Setting next_dagrun for latest_only_with_trigger to 2026-05-02 20:00:00+00:00, run_after=2026-05-03 00:00:00+00:00
[2026-05-03T00:34:59.826+0000] {processor.py:183} INFO - Processing /home/airflow/.local/lib/python3.8/site-packages/airflow/example_dags/example_latest_only_with_trigger.py took 0.051 seconds
[2026-05-03T00:35:30.138+0000] {processor.py:161} INFO - Started process (PID=3885) to work on /home/airflow/.local/lib/python3.8/site-packages/airflow/example_dags/example_latest_only_with_trigger.py
[2026-05-03T00:35:30.139+0000] {processor.py:830} INFO - Processing file /home/airflow/.local/lib/python3.8/site-packages/airflow/example_dags/example_latest_only_with_trigger.py for tasks to queue
[2026-05-03T00:35:30.141+0000] {logging_mixin.py:188} INFO - [2026-05-03T00:35:30.140+0000] {dagbag.py:540} INFO - Filling up the DagBag from /home/airflow/.local/lib/python3.8/site-packages/airflow/example_dags/example_latest_only_with_trigger.py
[2026-05-03T00:35:30.146+0000] {processor.py:840} INFO - DAG(s) 'latest_only_with_trigger' retrieved from /home/airflow/.local/lib/python3.8/site-packages/airflow/example_dags/example_latest_only_with_trigger.py
[2026-05-03T00:35:30.161+0000] {logging_mixin.py:188} INFO - [2026-05-03T00:35:30.160+0000] {dag.py:3047} INFO - Sync 1 DAGs
[2026-05-03T00:35:30.175+0000] {logging_mixin.py:188} INFO - [2026-05-03T00:35:30.175+0000] {dag.py:3834} INFO - Setting next_dagrun for latest_only_with_trigger to 2026-05-02 20:00:00+00:00, run_after=2026-05-03 00:00:00+00:00
[2026-05-03T00:35:30.184+0000] {processor.py:183} INFO - Processing /home/airflow/.local/lib/python3.8/site-packages/airflow/example_dags/example_latest_only_with_trigger.py took 0.048 seconds
[2026-05-03T00:36:00.575+0000] {processor.py:161} INFO - Started process (PID=3941) to work on /home/airflow/.local/lib/python3.8/site-packages/airflow/example_dags/example_latest_only_with_trigger.py
[2026-05-03T00:36:00.576+0000] {processor.py:830} INFO - Processing file /home/airflow/.local/lib/python3.8/site-packages/airflow/example_dags/example_latest_only_with_trigger.py for tasks to queue
[2026-05-03T00:36:00.578+0000] {logging_mixin.py:188} INFO - [2026-05-03T00:36:00.577+0000] {dagbag.py:540} INFO - Filling up the DagBag from /home/airflow/.local/lib/python3.8/site-packages/airflow/example_dags/example_latest_only_with_trigger.py
[2026-05-03T00:36:00.582+0000] {processor.py:840} INFO - DAG(s) 'latest_only_with_trigger' retrieved from /home/airflow/.local/lib/python3.8/site-packages/airflow/example_dags/example_latest_only_with_trigger.py
[2026-05-03T00:36:00.602+0000] {logging_mixin.py:188} INFO - [2026-05-03T00:36:00.602+0000] {dag.py:3047} INFO - Sync 1 DAGs
[2026-05-03T00:36:00.621+0000] {logging_mixin.py:188} INFO - [2026-05-03T00:36:00.620+0000] {dag.py:3834} INFO - Setting next_dagrun for latest_only_with_trigger to 2026-05-02 20:00:00+00:00, run_after=2026-05-03 00:00:00+00:00
[2026-05-03T00:36:00.638+0000] {processor.py:183} INFO - Processing /home/airflow/.local/lib/python3.8/site-packages/airflow/example_dags/example_latest_only_with_trigger.py took 0.065 seconds
[2026-05-03T00:36:31.048+0000] {processor.py:161} INFO - Started process (PID=3997) to work on /home/airflow/.local/lib/python3.8/site-packages/airflow/example_dags/example_latest_only_with_trigger.py
[2026-05-03T00:36:31.048+0000] {processor.py:830} INFO - Processing file /home/airflow/.local/lib/python3.8/site-packages/airflow/example_dags/example_latest_only_with_trigger.py for tasks to queue
[2026-05-03T00:36:31.050+0000] {logging_mixin.py:188} INFO - [2026-05-03T00:36:31.050+0000] {dagbag.py:540} INFO - Filling up the DagBag from /home/airflow/.local/lib/python3.8/site-packages/airflow/example_dags/example_latest_only_with_trigger.py
[2026-05-03T00:36:31.054+0000] {processor.py:840} INFO - DAG(s) 'latest_only_with_trigger' retrieved from /home/airflow/.local/lib/python3.8/site-packages/airflow/example_dags/example_latest_only_with_trigger.py
[2026-05-03T00:36:31.069+0000] {logging_mixin.py:188} INFO - [2026-05-03T00:36:31.068+0000] {dag.py:3047} INFO - Sync 1 DAGs
[2026-05-03T00:36:31.082+0000] {logging_mixin.py:188} INFO - [2026-05-03T00:36:31.082+0000] {dag.py:3834} INFO - Setting next_dagrun for latest_only_with_trigger to 2026-05-02 20:00:00+00:00, run_after=2026-05-03 00:00:00+00:00
[2026-05-03T00:36:31.093+0000] {processor.py:183} INFO - Processing /home/airflow/.local/lib/python3.8/site-packages/airflow/example_dags/example_latest_only_with_trigger.py took 0.048 seconds
[2026-05-03T00:37:01.441+0000] {processor.py:161} INFO - Started process (PID=4053) to work on /home/airflow/.local/lib/python3.8/site-packages/airflow/example_dags/example_latest_only_with_trigger.py
[2026-05-03T00:37:01.442+0000] {processor.py:830} INFO - Processing file /home/airflow/.local/lib/python3.8/site-packages/airflow/example_dags/example_latest_only_with_trigger.py for tasks to queue
[2026-05-03T00:37:01.444+0000] {logging_mixin.py:188} INFO - [2026-05-03T00:37:01.444+0000] {dagbag.py:540} INFO - Filling up the DagBag from /home/airflow/.local/lib/python3.8/site-packages/airflow/example_dags/example_latest_only_with_trigger.py
[2026-05-03T00:37:01.450+0000] {processor.py:840} INFO - DAG(s) 'latest_only_with_trigger' retrieved from /home/airflow/.local/lib/python3.8/site-packages/airflow/example_dags/example_latest_only_with_trigger.py
[2026-05-03T00:37:01.467+0000] {logging_mixin.py:188} INFO - [2026-05-03T00:37:01.467+0000] {dag.py:3047} INFO - Sync 1 DAGs
[2026-05-03T00:37:01.482+0000] {logging_mixin.py:188} INFO - [2026-05-03T00:37:01.482+0000] {dag.py:3834} INFO - Setting next_dagrun for latest_only_with_trigger to 2026-05-02 20:00:00+00:00, run_after=2026-05-03 00:00:00+00:00
[2026-05-03T00:37:01.491+0000] {processor.py:183} INFO - Processing /home/airflow/.local/lib/python3.8/site-packages/airflow/example_dags/example_latest_only_with_trigger.py took 0.052 seconds
[2026-05-03T00:37:32.040+0000] {processor.py:161} INFO - Started process (PID=4109) to work on /home/airflow/.local/lib/python3.8/site-packages/airflow/example_dags/example_latest_only_with_trigger.py
[2026-05-03T00:37:32.042+0000] {processor.py:830} INFO - Processing file /home/airflow/.local/lib/python3.8/site-packages/airflow/example_dags/example_latest_only_with_trigger.py for tasks to queue
[2026-05-03T00:37:32.044+0000] {logging_mixin.py:188} INFO - [2026-05-03T00:37:32.044+0000] {dagbag.py:540} INFO - Filling up the DagBag from /home/airflow/.local/lib/python3.8/site-packages/airflow/example_dags/example_latest_only_with_trigger.py
[2026-05-03T00:37:32.049+0000] {processor.py:840} INFO - DAG(s) 'latest_only_with_trigger' retrieved from /home/airflow/.local/lib/python3.8/site-packages/airflow/example_dags/example_latest_only_with_trigger.py
[2026-05-03T00:37:32.066+0000] {logging_mixin.py:188} INFO - [2026-05-03T00:37:32.065+0000] {dag.py:3047} INFO - Sync 1 DAGs
[2026-05-03T00:37:32.086+0000] {logging_mixin.py:188} INFO - [2026-05-03T00:37:32.086+0000] {dag.py:3834} INFO - Setting next_dagrun for latest_only_with_trigger to 2026-05-02 20:00:00+00:00, run_after=2026-05-03 00:00:00+00:00
[2026-05-03T00:37:32.103+0000] {processor.py:183} INFO - Processing /home/airflow/.local/lib/python3.8/site-packages/airflow/example_dags/example_latest_only_with_trigger.py took 0.065 seconds
[2026-05-03T00:38:02.433+0000] {processor.py:161} INFO - Started process (PID=4165) to work on /home/airflow/.local/lib/python3.8/site-packages/airflow/example_dags/example_latest_only_with_trigger.py
[2026-05-03T00:38:02.434+0000] {processor.py:830} INFO - Processing file /home/airflow/.local/lib/python3.8/site-packages/airflow/example_dags/example_latest_only_with_trigger.py for tasks to queue
[2026-05-03T00:38:02.435+0000] {logging_mixin.py:188} INFO - [2026-05-03T00:38:02.435+0000] {dagbag.py:540} INFO - Filling up the DagBag from /home/airflow/.local/lib/python3.8/site-packages/airflow/example_dags/example_latest_only_with_trigger.py
[2026-05-03T00:38:02.439+0000] {processor.py:840} INFO - DAG(s) 'latest_only_with_trigger' retrieved from /home/airflow/.local/lib/python3.8/site-packages/airflow/example_dags/example_latest_only_with_trigger.py
[2026-05-03T00:38:02.457+0000] {logging_mixin.py:188} INFO - [2026-05-03T00:38:02.457+0000] {dag.py:3047} INFO - Sync 1 DAGs
[2026-05-03T00:38:02.475+0000] {logging_mixin.py:188} INFO - [2026-05-03T00:38:02.475+0000] {dag.py:3834} INFO - Setting next_dagrun for latest_only_with_trigger to 2026-05-02 20:00:00+00:00, run_after=2026-05-03 00:00:00+00:00
[2026-05-03T00:38:02.490+0000] {processor.py:183} INFO - Processing /home/airflow/.local/lib/python3.8/site-packages/airflow/example_dags/example_latest_only_with_trigger.py took 0.060 seconds
[2026-05-03T00:38:32.982+0000] {processor.py:161} INFO - Started process (PID=4221) to work on /home/airflow/.local/lib/python3.8/site-packages/airflow/example_dags/example_latest_only_with_trigger.py
[2026-05-03T00:38:32.983+0000] {processor.py:830} INFO - Processing file /home/airflow/.local/lib/python3.8/site-packages/airflow/example_dags/example_latest_only_with_trigger.py for tasks to queue
[2026-05-03T00:38:32.985+0000] {logging_mixin.py:188} INFO - [2026-05-03T00:38:32.984+0000] {dagbag.py:540} INFO - Filling up the DagBag from /home/airflow/.local/lib/python3.8/site-packages/airflow/example_dags/example_latest_only_with_trigger.py
[2026-05-03T00:38:32.989+0000] {processor.py:840} INFO - DAG(s) 'latest_only_with_trigger' retrieved from /home/airflow/.local/lib/python3.8/site-packages/airflow/example_dags/example_latest_only_with_trigger.py
[2026-05-03T00:38:33.005+0000] {logging_mixin.py:188} INFO - [2026-05-03T00:38:33.004+0000] {dag.py:3047} INFO - Sync 1 DAGs
[2026-05-03T00:38:33.025+0000] {logging_mixin.py:188} INFO - [2026-05-03T00:38:33.025+0000] {dag.py:3834} INFO - Setting next_dagrun for latest_only_with_trigger to 2026-05-02 20:00:00+00:00, run_after=2026-05-03 00:00:00+00:00
[2026-05-03T00:38:33.039+0000] {processor.py:183} INFO - Processing /home/airflow/.local/lib/python3.8/site-packages/airflow/example_dags/example_latest_only_with_trigger.py took 0.060 seconds
[2026-05-03T00:39:03.265+0000] {processor.py:161} INFO - Started process (PID=4277) to work on /home/airflow/.local/lib/python3.8/site-packages/airflow/example_dags/example_latest_only_with_trigger.py
[2026-05-03T00:39:03.266+0000] {processor.py:830} INFO - Processing file /home/airflow/.local/lib/python3.8/site-packages/airflow/example_dags/example_latest_only_with_trigger.py for tasks to queue
[2026-05-03T00:39:03.267+0000] {logging_mixin.py:188} INFO - [2026-05-03T00:39:03.267+0000] {dagbag.py:540} INFO - Filling up the DagBag from /home/airflow/.local/lib/python3.8/site-packages/airflow/example_dags/example_latest_only_with_trigger.py
[2026-05-03T00:39:03.271+0000] {processor.py:840} INFO - DAG(s) 'latest_only_with_trigger' retrieved from /home/airflow/.local/lib/python3.8/site-packages/airflow/example_dags/example_latest_only_with_trigger.py
[2026-05-03T00:39:03.291+0000] {logging_mixin.py:188} INFO - [2026-05-03T00:39:03.291+0000] {dag.py:3047} INFO - Sync 1 DAGs
[2026-05-03T00:39:03.308+0000] {logging_mixin.py:188} INFO - [2026-05-03T00:39:03.307+0000] {dag.py:3834} INFO - Setting next_dagrun for latest_only_with_trigger to 2026-05-02 20:00:00+00:00, run_after=2026-05-03 00:00:00+00:00
[2026-05-03T00:39:03.322+0000] {processor.py:183} INFO - Processing /home/airflow/.local/lib/python3.8/site-packages/airflow/example_dags/example_latest_only_with_trigger.py took 0.060 seconds
[2026-05-03T00:39:33.753+0000] {processor.py:161} INFO - Started process (PID=4333) to work on /home/airflow/.local/lib/python3.8/site-packages/airflow/example_dags/example_latest_only_with_trigger.py
[2026-05-03T00:39:33.754+0000] {processor.py:830} INFO - Processing file /home/airflow/.local/lib/python3.8/site-packages/airflow/example_dags/example_latest_only_with_trigger.py for tasks to queue
[2026-05-03T00:39:33.756+0000] {logging_mixin.py:188} INFO - [2026-05-03T00:39:33.755+0000] {dagbag.py:540} INFO - Filling up the DagBag from /home/airflow/.local/lib/python3.8/site-packages/airflow/example_dags/example_latest_only_with_trigger.py
[2026-05-03T00:39:33.760+0000] {processor.py:840} INFO - DAG(s) 'latest_only_with_trigger' retrieved from /home/airflow/.local/lib/python3.8/site-packages/airflow/example_dags/example_latest_only_with_trigger.py
[2026-05-03T00:39:33.777+0000] {logging_mixin.py:188} INFO - [2026-05-03T00:39:33.777+0000] {dag.py:3047} INFO - Sync 1 DAGs
[2026-05-03T00:39:33.793+0000] {logging_mixin.py:188} INFO - [2026-05-03T00:39:33.793+0000] {dag.py:3834} INFO - Setting next_dagrun for latest_only_with_trigger to 2026-05-02 20:00:00+00:00, run_after=2026-05-03 00:00:00+00:00
[2026-05-03T00:39:33.807+0000] {processor.py:183} INFO - Processing /home/airflow/.local/lib/python3.8/site-packages/airflow/example_dags/example_latest_only_with_trigger.py took 0.056 seconds
