[2026-05-03T00:02:01.260+0000] {processor.py:161} INFO - Started process (PID=2772) to work on /home/airflow/.local/lib/python3.8/site-packages/airflow/example_dags/example_nested_branch_dag.py
[2026-05-03T00:02:01.262+0000] {processor.py:830} INFO - Processing file /home/airflow/.local/lib/python3.8/site-packages/airflow/example_dags/example_nested_branch_dag.py for tasks to queue
[2026-05-03T00:02:01.264+0000] {logging_mixin.py:188} INFO - [2026-05-03T00:02:01.264+0000] {dagbag.py:540} INFO - Filling up the DagBag from /home/airflow/.local/lib/python3.8/site-packages/airflow/example_dags/example_nested_branch_dag.py
[2026-05-03T00:02:01.274+0000] {processor.py:840} INFO - DAG(s) 'example_nested_branch_dag' retrieved from /home/airflow/.local/lib/python3.8/site-packages/airflow/example_dags/example_nested_branch_dag.py
[2026-05-03T00:02:01.300+0000] {logging_mixin.py:188} INFO - [2026-05-03T00:02:01.300+0000] {dag.py:3047} INFO - Sync 1 DAGs
[2026-05-03T00:02:01.318+0000] {logging_mixin.py:188} INFO - [2026-05-03T00:02:01.318+0000] {dag.py:3834} INFO - Setting next_dagrun for example_nested_branch_dag to 2026-05-02 00:00:00+00:00, run_after=2026-05-03 00:00:00+00:00
[2026-05-03T00:02:01.338+0000] {processor.py:183} INFO - Processing /home/airflow/.local/lib/python3.8/site-packages/airflow/example_dags/example_nested_branch_dag.py took 0.083 seconds
[2026-05-03T00:11:41.965+0000] {processor.py:161} INFO - Started process (PID=2828) to work on /home/airflow/.local/lib/python3.8/site-packages/airflow/example_dags/example_nested_branch_dag.py
[2026-05-03T00:11:41.966+0000] {processor.py:830} INFO - Processing file /home/airflow/.local/lib/python3.8/site-packages/airflow/example_dags/example_nested_branch_dag.py for tasks to queue
[2026-05-03T00:11:41.967+0000] {logging_mixin.py:188} INFO - [2026-05-03T00:11:41.967+0000] {dagbag.py:540} INFO - Filling up the DagBag from /home/airflow/.local/lib/python3.8/site-packages/airflow/example_dags/example_nested_branch_dag.py
[2026-05-03T00:11:41.976+0000] {processor.py:840} INFO - DAG(s) 'example_nested_branch_dag' retrieved from /home/airflow/.local/lib/python3.8/site-packages/airflow/example_dags/example_nested_branch_dag.py
[2026-05-03T00:11:41.993+0000] {logging_mixin.py:188} INFO - [2026-05-03T00:11:41.993+0000] {dag.py:3047} INFO - Sync 1 DAGs
[2026-05-03T00:11:42.011+0000] {logging_mixin.py:188} INFO - [2026-05-03T00:11:42.010+0000] {dag.py:3834} INFO - Setting next_dagrun for example_nested_branch_dag to 2026-05-02 00:00:00+00:00, run_after=2026-05-03 00:00:00+00:00
[2026-05-03T00:11:42.025+0000] {processor.py:183} INFO - Processing /home/airflow/.local/lib/python3.8/site-packages/airflow/example_dags/example_nested_branch_dag.py took 0.063 seconds
[2026-05-03T00:20:53.690+0000] {processor.py:161} INFO - Started process (PID=2884) to work on /home/airflow/.local/lib/python3.8/site-packages/airflow/example_dags/example_nested_branch_dag.py
[2026-05-03T00:20:53.690+0000] {processor.py:830} INFO - Processing file /home/airflow/.local/lib/python3.8/site-packages/airflow/example_dags/example_nested_branch_dag.py for tasks to queue
[2026-05-03T00:20:53.692+0000] {logging_mixin.py:188} INFO - [2026-05-03T00:20:53.692+0000] {dagbag.py:540} INFO - Filling up the DagBag from /home/airflow/.local/lib/python3.8/site-packages/airflow/example_dags/example_nested_branch_dag.py
[2026-05-03T00:20:53.701+0000] {processor.py:840} INFO - DAG(s) 'example_nested_branch_dag' retrieved from /home/airflow/.local/lib/python3.8/site-packages/airflow/example_dags/example_nested_branch_dag.py
[2026-05-03T00:20:53.724+0000] {logging_mixin.py:188} INFO - [2026-05-03T00:20:53.724+0000] {dag.py:3047} INFO - Sync 1 DAGs
[2026-05-03T00:20:53.741+0000] {logging_mixin.py:188} INFO - [2026-05-03T00:20:53.741+0000] {dag.py:3834} INFO - Setting next_dagrun for example_nested_branch_dag to 2026-05-02 00:00:00+00:00, run_after=2026-05-03 00:00:00+00:00
[2026-05-03T00:20:53.753+0000] {processor.py:183} INFO - Processing /home/airflow/.local/lib/python3.8/site-packages/airflow/example_dags/example_nested_branch_dag.py took 0.066 seconds
[2026-05-03T00:26:53.956+0000] {processor.py:161} INFO - Started process (PID=2940) to work on /home/airflow/.local/lib/python3.8/site-packages/airflow/example_dags/example_nested_branch_dag.py
[2026-05-03T00:26:53.957+0000] {processor.py:830} INFO - Processing file /home/airflow/.local/lib/python3.8/site-packages/airflow/example_dags/example_nested_branch_dag.py for tasks to queue
[2026-05-03T00:26:53.959+0000] {logging_mixin.py:188} INFO - [2026-05-03T00:26:53.958+0000] {dagbag.py:540} INFO - Filling up the DagBag from /home/airflow/.local/lib/python3.8/site-packages/airflow/example_dags/example_nested_branch_dag.py
[2026-05-03T00:26:53.966+0000] {processor.py:840} INFO - DAG(s) 'example_nested_branch_dag' retrieved from /home/airflow/.local/lib/python3.8/site-packages/airflow/example_dags/example_nested_branch_dag.py
[2026-05-03T00:26:53.981+0000] {logging_mixin.py:188} INFO - [2026-05-03T00:26:53.981+0000] {dag.py:3047} INFO - Sync 1 DAGs
[2026-05-03T00:26:53.995+0000] {logging_mixin.py:188} INFO - [2026-05-03T00:26:53.995+0000] {dag.py:3834} INFO - Setting next_dagrun for example_nested_branch_dag to 2026-05-02 00:00:00+00:00, run_after=2026-05-03 00:00:00+00:00
[2026-05-03T00:26:54.006+0000] {processor.py:183} INFO - Processing /home/airflow/.local/lib/python3.8/site-packages/airflow/example_dags/example_nested_branch_dag.py took 0.053 seconds
[2026-05-03T00:27:24.209+0000] {processor.py:161} INFO - Started process (PID=2996) to work on /home/airflow/.local/lib/python3.8/site-packages/airflow/example_dags/example_nested_branch_dag.py
[2026-05-03T00:27:24.210+0000] {processor.py:830} INFO - Processing file /home/airflow/.local/lib/python3.8/site-packages/airflow/example_dags/example_nested_branch_dag.py for tasks to queue
[2026-05-03T00:27:24.214+0000] {logging_mixin.py:188} INFO - [2026-05-03T00:27:24.214+0000] {dagbag.py:540} INFO - Filling up the DagBag from /home/airflow/.local/lib/python3.8/site-packages/airflow/example_dags/example_nested_branch_dag.py
[2026-05-03T00:27:24.222+0000] {processor.py:840} INFO - DAG(s) 'example_nested_branch_dag' retrieved from /home/airflow/.local/lib/python3.8/site-packages/airflow/example_dags/example_nested_branch_dag.py
[2026-05-03T00:27:24.237+0000] {logging_mixin.py:188} INFO - [2026-05-03T00:27:24.236+0000] {dag.py:3047} INFO - Sync 1 DAGs
[2026-05-03T00:27:24.252+0000] {logging_mixin.py:188} INFO - [2026-05-03T00:27:24.252+0000] {dag.py:3834} INFO - Setting next_dagrun for example_nested_branch_dag to 2026-05-02 00:00:00+00:00, run_after=2026-05-03 00:00:00+00:00
[2026-05-03T00:27:24.263+0000] {processor.py:183} INFO - Processing /home/airflow/.local/lib/python3.8/site-packages/airflow/example_dags/example_nested_branch_dag.py took 0.056 seconds
[2026-05-03T00:27:55.281+0000] {processor.py:161} INFO - Started process (PID=3052) to work on /home/airflow/.local/lib/python3.8/site-packages/airflow/example_dags/example_nested_branch_dag.py
[2026-05-03T00:27:55.284+0000] {processor.py:830} INFO - Processing file /home/airflow/.local/lib/python3.8/site-packages/airflow/example_dags/example_nested_branch_dag.py for tasks to queue
[2026-05-03T00:27:55.285+0000] {logging_mixin.py:188} INFO - [2026-05-03T00:27:55.285+0000] {dagbag.py:540} INFO - Filling up the DagBag from /home/airflow/.local/lib/python3.8/site-packages/airflow/example_dags/example_nested_branch_dag.py
[2026-05-03T00:27:55.293+0000] {processor.py:840} INFO - DAG(s) 'example_nested_branch_dag' retrieved from /home/airflow/.local/lib/python3.8/site-packages/airflow/example_dags/example_nested_branch_dag.py
[2026-05-03T00:27:55.312+0000] {logging_mixin.py:188} INFO - [2026-05-03T00:27:55.312+0000] {dag.py:3047} INFO - Sync 1 DAGs
[2026-05-03T00:27:55.327+0000] {logging_mixin.py:188} INFO - [2026-05-03T00:27:55.326+0000] {dag.py:3834} INFO - Setting next_dagrun for example_nested_branch_dag to 2026-05-02 00:00:00+00:00, run_after=2026-05-03 00:00:00+00:00
[2026-05-03T00:27:55.347+0000] {processor.py:183} INFO - Processing /home/airflow/.local/lib/python3.8/site-packages/airflow/example_dags/example_nested_branch_dag.py took 0.069 seconds
[2026-05-03T00:28:25.647+0000] {processor.py:161} INFO - Started process (PID=3108) to work on /home/airflow/.local/lib/python3.8/site-packages/airflow/example_dags/example_nested_branch_dag.py
[2026-05-03T00:28:25.648+0000] {processor.py:830} INFO - Processing file /home/airflow/.local/lib/python3.8/site-packages/airflow/example_dags/example_nested_branch_dag.py for tasks to queue
[2026-05-03T00:28:25.649+0000] {logging_mixin.py:188} INFO - [2026-05-03T00:28:25.649+0000] {dagbag.py:540} INFO - Filling up the DagBag from /home/airflow/.local/lib/python3.8/site-packages/airflow/example_dags/example_nested_branch_dag.py
[2026-05-03T00:28:25.656+0000] {processor.py:840} INFO - DAG(s) 'example_nested_branch_dag' retrieved from /home/airflow/.local/lib/python3.8/site-packages/airflow/example_dags/example_nested_branch_dag.py
[2026-05-03T00:28:25.672+0000] {logging_mixin.py:188} INFO - [2026-05-03T00:28:25.672+0000] {dag.py:3047} INFO - Sync 1 DAGs
[2026-05-03T00:28:25.688+0000] {logging_mixin.py:188} INFO - [2026-05-03T00:28:25.687+0000] {dag.py:3834} INFO - Setting next_dagrun for example_nested_branch_dag to 2026-05-02 00:00:00+00:00, run_after=2026-05-03 00:00:00+00:00
[2026-05-03T00:28:25.708+0000] {processor.py:183} INFO - Processing /home/airflow/.local/lib/python3.8/site-packages/airflow/example_dags/example_nested_branch_dag.py took 0.063 seconds
[2026-05-03T00:28:55.994+0000] {processor.py:161} INFO - Started process (PID=3164) to work on /home/airflow/.local/lib/python3.8/site-packages/airflow/example_dags/example_nested_branch_dag.py
[2026-05-03T00:28:55.995+0000] {processor.py:830} INFO - Processing file /home/airflow/.local/lib/python3.8/site-packages/airflow/example_dags/example_nested_branch_dag.py for tasks to queue
[2026-05-03T00:28:55.997+0000] {logging_mixin.py:188} INFO - [2026-05-03T00:28:55.996+0000] {dagbag.py:540} INFO - Filling up the DagBag from /home/airflow/.local/lib/python3.8/site-packages/airflow/example_dags/example_nested_branch_dag.py
[2026-05-03T00:28:56.004+0000] {processor.py:840} INFO - DAG(s) 'example_nested_branch_dag' retrieved from /home/airflow/.local/lib/python3.8/site-packages/airflow/example_dags/example_nested_branch_dag.py
[2026-05-03T00:28:56.018+0000] {logging_mixin.py:188} INFO - [2026-05-03T00:28:56.018+0000] {dag.py:3047} INFO - Sync 1 DAGs
[2026-05-03T00:28:56.040+0000] {logging_mixin.py:188} INFO - [2026-05-03T00:28:56.040+0000] {dag.py:3834} INFO - Setting next_dagrun for example_nested_branch_dag to 2026-05-02 00:00:00+00:00, run_after=2026-05-03 00:00:00+00:00
[2026-05-03T00:28:56.057+0000] {processor.py:183} INFO - Processing /home/airflow/.local/lib/python3.8/site-packages/airflow/example_dags/example_nested_branch_dag.py took 0.066 seconds
[2026-05-03T00:29:26.176+0000] {processor.py:161} INFO - Started process (PID=3220) to work on /home/airflow/.local/lib/python3.8/site-packages/airflow/example_dags/example_nested_branch_dag.py
[2026-05-03T00:29:26.177+0000] {processor.py:830} INFO - Processing file /home/airflow/.local/lib/python3.8/site-packages/airflow/example_dags/example_nested_branch_dag.py for tasks to queue
[2026-05-03T00:29:26.179+0000] {logging_mixin.py:188} INFO - [2026-05-03T00:29:26.179+0000] {dagbag.py:540} INFO - Filling up the DagBag from /home/airflow/.local/lib/python3.8/site-packages/airflow/example_dags/example_nested_branch_dag.py
[2026-05-03T00:29:26.188+0000] {processor.py:840} INFO - DAG(s) 'example_nested_branch_dag' retrieved from /home/airflow/.local/lib/python3.8/site-packages/airflow/example_dags/example_nested_branch_dag.py
[2026-05-03T00:29:26.204+0000] {logging_mixin.py:188} INFO - [2026-05-03T00:29:26.204+0000] {dag.py:3047} INFO - Sync 1 DAGs
[2026-05-03T00:29:26.221+0000] {logging_mixin.py:188} INFO - [2026-05-03T00:29:26.220+0000] {dag.py:3834} INFO - Setting next_dagrun for example_nested_branch_dag to 2026-05-02 00:00:00+00:00, run_after=2026-05-03 00:00:00+00:00
[2026-05-03T00:29:26.238+0000] {processor.py:183} INFO - Processing /home/airflow/.local/lib/python3.8/site-packages/airflow/example_dags/example_nested_branch_dag.py took 0.065 seconds
[2026-05-03T00:29:56.635+0000] {processor.py:161} INFO - Started process (PID=3276) to work on /home/airflow/.local/lib/python3.8/site-packages/airflow/example_dags/example_nested_branch_dag.py
[2026-05-03T00:29:56.636+0000] {processor.py:830} INFO - Processing file /home/airflow/.local/lib/python3.8/site-packages/airflow/example_dags/example_nested_branch_dag.py for tasks to queue
[2026-05-03T00:29:56.638+0000] {logging_mixin.py:188} INFO - [2026-05-03T00:29:56.637+0000] {dagbag.py:540} INFO - Filling up the DagBag from /home/airflow/.local/lib/python3.8/site-packages/airflow/example_dags/example_nested_branch_dag.py
[2026-05-03T00:29:56.645+0000] {processor.py:840} INFO - DAG(s) 'example_nested_branch_dag' retrieved from /home/airflow/.local/lib/python3.8/site-packages/airflow/example_dags/example_nested_branch_dag.py
[2026-05-03T00:29:56.660+0000] {logging_mixin.py:188} INFO - [2026-05-03T00:29:56.659+0000] {dag.py:3047} INFO - Sync 1 DAGs
[2026-05-03T00:29:56.676+0000] {logging_mixin.py:188} INFO - [2026-05-03T00:29:56.676+0000] {dag.py:3834} INFO - Setting next_dagrun for example_nested_branch_dag to 2026-05-02 00:00:00+00:00, run_after=2026-05-03 00:00:00+00:00
[2026-05-03T00:29:56.692+0000] {processor.py:183} INFO - Processing /home/airflow/.local/lib/python3.8/site-packages/airflow/example_dags/example_nested_branch_dag.py took 0.059 seconds
[2026-05-03T00:30:26.858+0000] {processor.py:161} INFO - Started process (PID=3332) to work on /home/airflow/.local/lib/python3.8/site-packages/airflow/example_dags/example_nested_branch_dag.py
[2026-05-03T00:30:26.860+0000] {processor.py:830} INFO - Processing file /home/airflow/.local/lib/python3.8/site-packages/airflow/example_dags/example_nested_branch_dag.py for tasks to queue
[2026-05-03T00:30:26.862+0000] {logging_mixin.py:188} INFO - [2026-05-03T00:30:26.861+0000] {dagbag.py:540} INFO - Filling up the DagBag from /home/airflow/.local/lib/python3.8/site-packages/airflow/example_dags/example_nested_branch_dag.py
[2026-05-03T00:30:26.869+0000] {processor.py:840} INFO - DAG(s) 'example_nested_branch_dag' retrieved from /home/airflow/.local/lib/python3.8/site-packages/airflow/example_dags/example_nested_branch_dag.py
[2026-05-03T00:30:26.885+0000] {logging_mixin.py:188} INFO - [2026-05-03T00:30:26.885+0000] {dag.py:3047} INFO - Sync 1 DAGs
[2026-05-03T00:30:26.899+0000] {logging_mixin.py:188} INFO - [2026-05-03T00:30:26.899+0000] {dag.py:3834} INFO - Setting next_dagrun for example_nested_branch_dag to 2026-05-02 00:00:00+00:00, run_after=2026-05-03 00:00:00+00:00
[2026-05-03T00:30:26.914+0000] {processor.py:183} INFO - Processing /home/airflow/.local/lib/python3.8/site-packages/airflow/example_dags/example_nested_branch_dag.py took 0.057 seconds
[2026-05-03T00:30:57.146+0000] {processor.py:161} INFO - Started process (PID=3388) to work on /home/airflow/.local/lib/python3.8/site-packages/airflow/example_dags/example_nested_branch_dag.py
[2026-05-03T00:30:57.148+0000] {processor.py:830} INFO - Processing file /home/airflow/.local/lib/python3.8/site-packages/airflow/example_dags/example_nested_branch_dag.py for tasks to queue
[2026-05-03T00:30:57.150+0000] {logging_mixin.py:188} INFO - [2026-05-03T00:30:57.150+0000] {dagbag.py:540} INFO - Filling up the DagBag from /home/airflow/.local/lib/python3.8/site-packages/airflow/example_dags/example_nested_branch_dag.py
[2026-05-03T00:30:57.158+0000] {processor.py:840} INFO - DAG(s) 'example_nested_branch_dag' retrieved from /home/airflow/.local/lib/python3.8/site-packages/airflow/example_dags/example_nested_branch_dag.py
[2026-05-03T00:30:57.173+0000] {logging_mixin.py:188} INFO - [2026-05-03T00:30:57.173+0000] {dag.py:3047} INFO - Sync 1 DAGs
[2026-05-03T00:30:57.188+0000] {logging_mixin.py:188} INFO - [2026-05-03T00:30:57.188+0000] {dag.py:3834} INFO - Setting next_dagrun for example_nested_branch_dag to 2026-05-02 00:00:00+00:00, run_after=2026-05-03 00:00:00+00:00
[2026-05-03T00:30:57.200+0000] {processor.py:183} INFO - Processing /home/airflow/.local/lib/python3.8/site-packages/airflow/example_dags/example_nested_branch_dag.py took 0.057 seconds
[2026-05-03T00:31:27.934+0000] {processor.py:161} INFO - Started process (PID=3444) to work on /home/airflow/.local/lib/python3.8/site-packages/airflow/example_dags/example_nested_branch_dag.py
[2026-05-03T00:31:27.937+0000] {processor.py:830} INFO - Processing file /home/airflow/.local/lib/python3.8/site-packages/airflow/example_dags/example_nested_branch_dag.py for tasks to queue
[2026-05-03T00:31:27.939+0000] {logging_mixin.py:188} INFO - [2026-05-03T00:31:27.939+0000] {dagbag.py:540} INFO - Filling up the DagBag from /home/airflow/.local/lib/python3.8/site-packages/airflow/example_dags/example_nested_branch_dag.py
[2026-05-03T00:31:27.948+0000] {processor.py:840} INFO - DAG(s) 'example_nested_branch_dag' retrieved from /home/airflow/.local/lib/python3.8/site-packages/airflow/example_dags/example_nested_branch_dag.py
[2026-05-03T00:31:27.966+0000] {logging_mixin.py:188} INFO - [2026-05-03T00:31:27.966+0000] {dag.py:3047} INFO - Sync 1 DAGs
[2026-05-03T00:31:27.985+0000] {logging_mixin.py:188} INFO - [2026-05-03T00:31:27.984+0000] {dag.py:3834} INFO - Setting next_dagrun for example_nested_branch_dag to 2026-05-02 00:00:00+00:00, run_after=2026-05-03 00:00:00+00:00
[2026-05-03T00:31:28.010+0000] {processor.py:183} INFO - Processing /home/airflow/.local/lib/python3.8/site-packages/airflow/example_dags/example_nested_branch_dag.py took 0.079 seconds
[2026-05-03T00:31:59.002+0000] {processor.py:161} INFO - Started process (PID=3500) to work on /home/airflow/.local/lib/python3.8/site-packages/airflow/example_dags/example_nested_branch_dag.py
[2026-05-03T00:31:59.004+0000] {processor.py:830} INFO - Processing file /home/airflow/.local/lib/python3.8/site-packages/airflow/example_dags/example_nested_branch_dag.py for tasks to queue
[2026-05-03T00:31:59.005+0000] {logging_mixin.py:188} INFO - [2026-05-03T00:31:59.005+0000] {dagbag.py:540} INFO - Filling up the DagBag from /home/airflow/.local/lib/python3.8/site-packages/airflow/example_dags/example_nested_branch_dag.py
[2026-05-03T00:31:59.012+0000] {processor.py:840} INFO - DAG(s) 'example_nested_branch_dag' retrieved from /home/airflow/.local/lib/python3.8/site-packages/airflow/example_dags/example_nested_branch_dag.py
[2026-05-03T00:31:59.026+0000] {logging_mixin.py:188} INFO - [2026-05-03T00:31:59.026+0000] {dag.py:3047} INFO - Sync 1 DAGs
[2026-05-03T00:31:59.040+0000] {logging_mixin.py:188} INFO - [2026-05-03T00:31:59.040+0000] {dag.py:3834} INFO - Setting next_dagrun for example_nested_branch_dag to 2026-05-02 00:00:00+00:00, run_after=2026-05-03 00:00:00+00:00
[2026-05-03T00:31:59.052+0000] {processor.py:183} INFO - Processing /home/airflow/.local/lib/python3.8/site-packages/airflow/example_dags/example_nested_branch_dag.py took 0.052 seconds
[2026-05-03T00:32:29.369+0000] {processor.py:161} INFO - Started process (PID=3556) to work on /home/airflow/.local/lib/python3.8/site-packages/airflow/example_dags/example_nested_branch_dag.py
[2026-05-03T00:32:29.371+0000] {processor.py:830} INFO - Processing file /home/airflow/.local/lib/python3.8/site-packages/airflow/example_dags/example_nested_branch_dag.py for tasks to queue
[2026-05-03T00:32:29.372+0000] {logging_mixin.py:188} INFO - [2026-05-03T00:32:29.372+0000] {dagbag.py:540} INFO - Filling up the DagBag from /home/airflow/.local/lib/python3.8/site-packages/airflow/example_dags/example_nested_branch_dag.py
[2026-05-03T00:32:29.379+0000] {processor.py:840} INFO - DAG(s) 'example_nested_branch_dag' retrieved from /home/airflow/.local/lib/python3.8/site-packages/airflow/example_dags/example_nested_branch_dag.py
[2026-05-03T00:32:29.395+0000] {logging_mixin.py:188} INFO - [2026-05-03T00:32:29.395+0000] {dag.py:3047} INFO - Sync 1 DAGs
[2026-05-03T00:32:29.410+0000] {logging_mixin.py:188} INFO - [2026-05-03T00:32:29.409+0000] {dag.py:3834} INFO - Setting next_dagrun for example_nested_branch_dag to 2026-05-02 00:00:00+00:00, run_after=2026-05-03 00:00:00+00:00
[2026-05-03T00:32:29.421+0000] {processor.py:183} INFO - Processing /home/airflow/.local/lib/python3.8/site-packages/airflow/example_dags/example_nested_branch_dag.py took 0.055 seconds
[2026-05-03T00:32:59.539+0000] {processor.py:161} INFO - Started process (PID=3612) to work on /home/airflow/.local/lib/python3.8/site-packages/airflow/example_dags/example_nested_branch_dag.py
[2026-05-03T00:32:59.540+0000] {processor.py:830} INFO - Processing file /home/airflow/.local/lib/python3.8/site-packages/airflow/example_dags/example_nested_branch_dag.py for tasks to queue
[2026-05-03T00:32:59.542+0000] {logging_mixin.py:188} INFO - [2026-05-03T00:32:59.541+0000] {dagbag.py:540} INFO - Filling up the DagBag from /home/airflow/.local/lib/python3.8/site-packages/airflow/example_dags/example_nested_branch_dag.py
[2026-05-03T00:32:59.549+0000] {processor.py:840} INFO - DAG(s) 'example_nested_branch_dag' retrieved from /home/airflow/.local/lib/python3.8/site-packages/airflow/example_dags/example_nested_branch_dag.py
[2026-05-03T00:32:59.564+0000] {logging_mixin.py:188} INFO - [2026-05-03T00:32:59.564+0000] {dag.py:3047} INFO - Sync 1 DAGs
[2026-05-03T00:32:59.579+0000] {logging_mixin.py:188} INFO - [2026-05-03T00:32:59.579+0000] {dag.py:3834} INFO - Setting next_dagrun for example_nested_branch_dag to 2026-05-02 00:00:00+00:00, run_after=2026-05-03 00:00:00+00:00
[2026-05-03T00:32:59.591+0000] {processor.py:183} INFO - Processing /home/airflow/.local/lib/python3.8/site-packages/airflow/example_dags/example_nested_branch_dag.py took 0.054 seconds
[2026-05-03T00:33:30.118+0000] {processor.py:161} INFO - Started process (PID=3668) to work on /home/airflow/.local/lib/python3.8/site-packages/airflow/example_dags/example_nested_branch_dag.py
[2026-05-03T00:33:30.119+0000] {processor.py:830} INFO - Processing file /home/airflow/.local/lib/python3.8/site-packages/airflow/example_dags/example_nested_branch_dag.py for tasks to queue
[2026-05-03T00:33:30.123+0000] {logging_mixin.py:188} INFO - [2026-05-03T00:33:30.123+0000] {dagbag.py:540} INFO - Filling up the DagBag from /home/airflow/.local/lib/python3.8/site-packages/airflow/example_dags/example_nested_branch_dag.py
[2026-05-03T00:33:30.131+0000] {processor.py:840} INFO - DAG(s) 'example_nested_branch_dag' retrieved from /home/airflow/.local/lib/python3.8/site-packages/airflow/example_dags/example_nested_branch_dag.py
[2026-05-03T00:33:30.146+0000] {logging_mixin.py:188} INFO - [2026-05-03T00:33:30.146+0000] {dag.py:3047} INFO - Sync 1 DAGs
[2026-05-03T00:33:30.162+0000] {logging_mixin.py:188} INFO - [2026-05-03T00:33:30.162+0000] {dag.py:3834} INFO - Setting next_dagrun for example_nested_branch_dag to 2026-05-02 00:00:00+00:00, run_after=2026-05-03 00:00:00+00:00
[2026-05-03T00:33:30.173+0000] {processor.py:183} INFO - Processing /home/airflow/.local/lib/python3.8/site-packages/airflow/example_dags/example_nested_branch_dag.py took 0.058 seconds
[2026-05-03T00:34:00.732+0000] {processor.py:161} INFO - Started process (PID=3724) to work on /home/airflow/.local/lib/python3.8/site-packages/airflow/example_dags/example_nested_branch_dag.py
[2026-05-03T00:34:00.734+0000] {processor.py:830} INFO - Processing file /home/airflow/.local/lib/python3.8/site-packages/airflow/example_dags/example_nested_branch_dag.py for tasks to queue
[2026-05-03T00:34:00.736+0000] {logging_mixin.py:188} INFO - [2026-05-03T00:34:00.735+0000] {dagbag.py:540} INFO - Filling up the DagBag from /home/airflow/.local/lib/python3.8/site-packages/airflow/example_dags/example_nested_branch_dag.py
[2026-05-03T00:34:00.744+0000] {processor.py:840} INFO - DAG(s) 'example_nested_branch_dag' retrieved from /home/airflow/.local/lib/python3.8/site-packages/airflow/example_dags/example_nested_branch_dag.py
[2026-05-03T00:34:00.763+0000] {logging_mixin.py:188} INFO - [2026-05-03T00:34:00.762+0000] {dag.py:3047} INFO - Sync 1 DAGs
[2026-05-03T00:34:00.776+0000] {logging_mixin.py:188} INFO - [2026-05-03T00:34:00.776+0000] {dag.py:3834} INFO - Setting next_dagrun for example_nested_branch_dag to 2026-05-02 00:00:00+00:00, run_after=2026-05-03 00:00:00+00:00
[2026-05-03T00:34:00.788+0000] {processor.py:183} INFO - Processing /home/airflow/.local/lib/python3.8/site-packages/airflow/example_dags/example_nested_branch_dag.py took 0.059 seconds
[2026-05-03T00:34:30.931+0000] {processor.py:161} INFO - Started process (PID=3780) to work on /home/airflow/.local/lib/python3.8/site-packages/airflow/example_dags/example_nested_branch_dag.py
[2026-05-03T00:34:30.932+0000] {processor.py:830} INFO - Processing file /home/airflow/.local/lib/python3.8/site-packages/airflow/example_dags/example_nested_branch_dag.py for tasks to queue
[2026-05-03T00:34:30.933+0000] {logging_mixin.py:188} INFO - [2026-05-03T00:34:30.933+0000] {dagbag.py:540} INFO - Filling up the DagBag from /home/airflow/.local/lib/python3.8/site-packages/airflow/example_dags/example_nested_branch_dag.py
[2026-05-03T00:34:30.941+0000] {processor.py:840} INFO - DAG(s) 'example_nested_branch_dag' retrieved from /home/airflow/.local/lib/python3.8/site-packages/airflow/example_dags/example_nested_branch_dag.py
[2026-05-03T00:34:30.956+0000] {logging_mixin.py:188} INFO - [2026-05-03T00:34:30.956+0000] {dag.py:3047} INFO - Sync 1 DAGs
[2026-05-03T00:34:30.971+0000] {logging_mixin.py:188} INFO - [2026-05-03T00:34:30.971+0000] {dag.py:3834} INFO - Setting next_dagrun for example_nested_branch_dag to 2026-05-02 00:00:00+00:00, run_after=2026-05-03 00:00:00+00:00
[2026-05-03T00:34:30.985+0000] {processor.py:183} INFO - Processing /home/airflow/.local/lib/python3.8/site-packages/airflow/example_dags/example_nested_branch_dag.py took 0.057 seconds
[2026-05-03T00:35:01.102+0000] {processor.py:161} INFO - Started process (PID=3836) to work on /home/airflow/.local/lib/python3.8/site-packages/airflow/example_dags/example_nested_branch_dag.py
[2026-05-03T00:35:01.103+0000] {processor.py:830} INFO - Processing file /home/airflow/.local/lib/python3.8/site-packages/airflow/example_dags/example_nested_branch_dag.py for tasks to queue
[2026-05-03T00:35:01.104+0000] {logging_mixin.py:188} INFO - [2026-05-03T00:35:01.104+0000] {dagbag.py:540} INFO - Filling up the DagBag from /home/airflow/.local/lib/python3.8/site-packages/airflow/example_dags/example_nested_branch_dag.py
[2026-05-03T00:35:01.111+0000] {processor.py:840} INFO - DAG(s) 'example_nested_branch_dag' retrieved from /home/airflow/.local/lib/python3.8/site-packages/airflow/example_dags/example_nested_branch_dag.py
[2026-05-03T00:35:01.133+0000] {logging_mixin.py:188} INFO - [2026-05-03T00:35:01.133+0000] {dag.py:3047} INFO - Sync 1 DAGs
[2026-05-03T00:35:01.149+0000] {logging_mixin.py:188} INFO - [2026-05-03T00:35:01.148+0000] {dag.py:3834} INFO - Setting next_dagrun for example_nested_branch_dag to 2026-05-02 00:00:00+00:00, run_after=2026-05-03 00:00:00+00:00
[2026-05-03T00:35:01.159+0000] {processor.py:183} INFO - Processing /home/airflow/.local/lib/python3.8/site-packages/airflow/example_dags/example_nested_branch_dag.py took 0.060 seconds
[2026-05-03T00:35:31.461+0000] {processor.py:161} INFO - Started process (PID=3892) to work on /home/airflow/.local/lib/python3.8/site-packages/airflow/example_dags/example_nested_branch_dag.py
[2026-05-03T00:35:31.462+0000] {processor.py:830} INFO - Processing file /home/airflow/.local/lib/python3.8/site-packages/airflow/example_dags/example_nested_branch_dag.py for tasks to queue
[2026-05-03T00:35:31.464+0000] {logging_mixin.py:188} INFO - [2026-05-03T00:35:31.464+0000] {dagbag.py:540} INFO - Filling up the DagBag from /home/airflow/.local/lib/python3.8/site-packages/airflow/example_dags/example_nested_branch_dag.py
[2026-05-03T00:35:31.473+0000] {processor.py:840} INFO - DAG(s) 'example_nested_branch_dag' retrieved from /home/airflow/.local/lib/python3.8/site-packages/airflow/example_dags/example_nested_branch_dag.py
[2026-05-03T00:35:31.496+0000] {logging_mixin.py:188} INFO - [2026-05-03T00:35:31.496+0000] {dag.py:3047} INFO - Sync 1 DAGs
[2026-05-03T00:35:31.513+0000] {logging_mixin.py:188} INFO - [2026-05-03T00:35:31.512+0000] {dag.py:3834} INFO - Setting next_dagrun for example_nested_branch_dag to 2026-05-02 00:00:00+00:00, run_after=2026-05-03 00:00:00+00:00
[2026-05-03T00:35:31.523+0000] {processor.py:183} INFO - Processing /home/airflow/.local/lib/python3.8/site-packages/airflow/example_dags/example_nested_branch_dag.py took 0.065 seconds
[2026-05-03T00:36:01.938+0000] {processor.py:161} INFO - Started process (PID=3948) to work on /home/airflow/.local/lib/python3.8/site-packages/airflow/example_dags/example_nested_branch_dag.py
[2026-05-03T00:36:01.939+0000] {processor.py:830} INFO - Processing file /home/airflow/.local/lib/python3.8/site-packages/airflow/example_dags/example_nested_branch_dag.py for tasks to queue
[2026-05-03T00:36:01.941+0000] {logging_mixin.py:188} INFO - [2026-05-03T00:36:01.940+0000] {dagbag.py:540} INFO - Filling up the DagBag from /home/airflow/.local/lib/python3.8/site-packages/airflow/example_dags/example_nested_branch_dag.py
[2026-05-03T00:36:01.949+0000] {processor.py:840} INFO - DAG(s) 'example_nested_branch_dag' retrieved from /home/airflow/.local/lib/python3.8/site-packages/airflow/example_dags/example_nested_branch_dag.py
[2026-05-03T00:36:01.973+0000] {logging_mixin.py:188} INFO - [2026-05-03T00:36:01.972+0000] {dag.py:3047} INFO - Sync 1 DAGs
[2026-05-03T00:36:01.987+0000] {logging_mixin.py:188} INFO - [2026-05-03T00:36:01.987+0000] {dag.py:3834} INFO - Setting next_dagrun for example_nested_branch_dag to 2026-05-02 00:00:00+00:00, run_after=2026-05-03 00:00:00+00:00
[2026-05-03T00:36:01.999+0000] {processor.py:183} INFO - Processing /home/airflow/.local/lib/python3.8/site-packages/airflow/example_dags/example_nested_branch_dag.py took 0.064 seconds
[2026-05-03T00:36:32.357+0000] {processor.py:161} INFO - Started process (PID=4004) to work on /home/airflow/.local/lib/python3.8/site-packages/airflow/example_dags/example_nested_branch_dag.py
[2026-05-03T00:36:32.359+0000] {processor.py:830} INFO - Processing file /home/airflow/.local/lib/python3.8/site-packages/airflow/example_dags/example_nested_branch_dag.py for tasks to queue
[2026-05-03T00:36:32.362+0000] {logging_mixin.py:188} INFO - [2026-05-03T00:36:32.362+0000] {dagbag.py:540} INFO - Filling up the DagBag from /home/airflow/.local/lib/python3.8/site-packages/airflow/example_dags/example_nested_branch_dag.py
[2026-05-03T00:36:32.370+0000] {processor.py:840} INFO - DAG(s) 'example_nested_branch_dag' retrieved from /home/airflow/.local/lib/python3.8/site-packages/airflow/example_dags/example_nested_branch_dag.py
[2026-05-03T00:36:32.388+0000] {logging_mixin.py:188} INFO - [2026-05-03T00:36:32.388+0000] {dag.py:3047} INFO - Sync 1 DAGs
[2026-05-03T00:36:32.406+0000] {logging_mixin.py:188} INFO - [2026-05-03T00:36:32.406+0000] {dag.py:3834} INFO - Setting next_dagrun for example_nested_branch_dag to 2026-05-02 00:00:00+00:00, run_after=2026-05-03 00:00:00+00:00
[2026-05-03T00:36:32.417+0000] {processor.py:183} INFO - Processing /home/airflow/.local/lib/python3.8/site-packages/airflow/example_dags/example_nested_branch_dag.py took 0.062 seconds
[2026-05-03T00:37:02.855+0000] {processor.py:161} INFO - Started process (PID=4060) to work on /home/airflow/.local/lib/python3.8/site-packages/airflow/example_dags/example_nested_branch_dag.py
[2026-05-03T00:37:02.856+0000] {processor.py:830} INFO - Processing file /home/airflow/.local/lib/python3.8/site-packages/airflow/example_dags/example_nested_branch_dag.py for tasks to queue
[2026-05-03T00:37:02.858+0000] {logging_mixin.py:188} INFO - [2026-05-03T00:37:02.857+0000] {dagbag.py:540} INFO - Filling up the DagBag from /home/airflow/.local/lib/python3.8/site-packages/airflow/example_dags/example_nested_branch_dag.py
[2026-05-03T00:37:02.866+0000] {processor.py:840} INFO - DAG(s) 'example_nested_branch_dag' retrieved from /home/airflow/.local/lib/python3.8/site-packages/airflow/example_dags/example_nested_branch_dag.py
[2026-05-03T00:37:02.894+0000] {logging_mixin.py:188} INFO - [2026-05-03T00:37:02.893+0000] {dag.py:3047} INFO - Sync 1 DAGs
[2026-05-03T00:37:02.910+0000] {logging_mixin.py:188} INFO - [2026-05-03T00:37:02.910+0000] {dag.py:3834} INFO - Setting next_dagrun for example_nested_branch_dag to 2026-05-02 00:00:00+00:00, run_after=2026-05-03 00:00:00+00:00
[2026-05-03T00:37:02.922+0000] {processor.py:183} INFO - Processing /home/airflow/.local/lib/python3.8/site-packages/airflow/example_dags/example_nested_branch_dag.py took 0.070 seconds
[2026-05-03T00:37:33.403+0000] {processor.py:161} INFO - Started process (PID=4116) to work on /home/airflow/.local/lib/python3.8/site-packages/airflow/example_dags/example_nested_branch_dag.py
[2026-05-03T00:37:33.405+0000] {processor.py:830} INFO - Processing file /home/airflow/.local/lib/python3.8/site-packages/airflow/example_dags/example_nested_branch_dag.py for tasks to queue
[2026-05-03T00:37:33.407+0000] {logging_mixin.py:188} INFO - [2026-05-03T00:37:33.407+0000] {dagbag.py:540} INFO - Filling up the DagBag from /home/airflow/.local/lib/python3.8/site-packages/airflow/example_dags/example_nested_branch_dag.py
[2026-05-03T00:37:33.415+0000] {processor.py:840} INFO - DAG(s) 'example_nested_branch_dag' retrieved from /home/airflow/.local/lib/python3.8/site-packages/airflow/example_dags/example_nested_branch_dag.py
[2026-05-03T00:37:33.432+0000] {logging_mixin.py:188} INFO - [2026-05-03T00:37:33.432+0000] {dag.py:3047} INFO - Sync 1 DAGs
[2026-05-03T00:37:33.446+0000] {logging_mixin.py:188} INFO - [2026-05-03T00:37:33.446+0000] {dag.py:3834} INFO - Setting next_dagrun for example_nested_branch_dag to 2026-05-02 00:00:00+00:00, run_after=2026-05-03 00:00:00+00:00
[2026-05-03T00:37:33.469+0000] {processor.py:183} INFO - Processing /home/airflow/.local/lib/python3.8/site-packages/airflow/example_dags/example_nested_branch_dag.py took 0.069 seconds
[2026-05-03T00:38:03.707+0000] {processor.py:161} INFO - Started process (PID=4172) to work on /home/airflow/.local/lib/python3.8/site-packages/airflow/example_dags/example_nested_branch_dag.py
[2026-05-03T00:38:03.709+0000] {processor.py:830} INFO - Processing file /home/airflow/.local/lib/python3.8/site-packages/airflow/example_dags/example_nested_branch_dag.py for tasks to queue
[2026-05-03T00:38:03.711+0000] {logging_mixin.py:188} INFO - [2026-05-03T00:38:03.711+0000] {dagbag.py:540} INFO - Filling up the DagBag from /home/airflow/.local/lib/python3.8/site-packages/airflow/example_dags/example_nested_branch_dag.py
[2026-05-03T00:38:03.721+0000] {processor.py:840} INFO - DAG(s) 'example_nested_branch_dag' retrieved from /home/airflow/.local/lib/python3.8/site-packages/airflow/example_dags/example_nested_branch_dag.py
[2026-05-03T00:38:03.756+0000] {logging_mixin.py:188} INFO - [2026-05-03T00:38:03.756+0000] {dag.py:3047} INFO - Sync 1 DAGs
[2026-05-03T00:38:03.774+0000] {logging_mixin.py:188} INFO - [2026-05-03T00:38:03.774+0000] {dag.py:3834} INFO - Setting next_dagrun for example_nested_branch_dag to 2026-05-02 00:00:00+00:00, run_after=2026-05-03 00:00:00+00:00
[2026-05-03T00:38:03.786+0000] {processor.py:183} INFO - Processing /home/airflow/.local/lib/python3.8/site-packages/airflow/example_dags/example_nested_branch_dag.py took 0.082 seconds
[2026-05-03T00:38:34.318+0000] {processor.py:161} INFO - Started process (PID=4228) to work on /home/airflow/.local/lib/python3.8/site-packages/airflow/example_dags/example_nested_branch_dag.py
[2026-05-03T00:38:34.319+0000] {processor.py:830} INFO - Processing file /home/airflow/.local/lib/python3.8/site-packages/airflow/example_dags/example_nested_branch_dag.py for tasks to queue
[2026-05-03T00:38:34.322+0000] {logging_mixin.py:188} INFO - [2026-05-03T00:38:34.322+0000] {dagbag.py:540} INFO - Filling up the DagBag from /home/airflow/.local/lib/python3.8/site-packages/airflow/example_dags/example_nested_branch_dag.py
[2026-05-03T00:38:34.330+0000] {processor.py:840} INFO - DAG(s) 'example_nested_branch_dag' retrieved from /home/airflow/.local/lib/python3.8/site-packages/airflow/example_dags/example_nested_branch_dag.py
[2026-05-03T00:38:34.347+0000] {logging_mixin.py:188} INFO - [2026-05-03T00:38:34.347+0000] {dag.py:3047} INFO - Sync 1 DAGs
[2026-05-03T00:38:34.366+0000] {logging_mixin.py:188} INFO - [2026-05-03T00:38:34.366+0000] {dag.py:3834} INFO - Setting next_dagrun for example_nested_branch_dag to 2026-05-02 00:00:00+00:00, run_after=2026-05-03 00:00:00+00:00
[2026-05-03T00:38:34.378+0000] {processor.py:183} INFO - Processing /home/airflow/.local/lib/python3.8/site-packages/airflow/example_dags/example_nested_branch_dag.py took 0.064 seconds
[2026-05-03T00:39:04.619+0000] {processor.py:161} INFO - Started process (PID=4284) to work on /home/airflow/.local/lib/python3.8/site-packages/airflow/example_dags/example_nested_branch_dag.py
[2026-05-03T00:39:04.621+0000] {processor.py:830} INFO - Processing file /home/airflow/.local/lib/python3.8/site-packages/airflow/example_dags/example_nested_branch_dag.py for tasks to queue
[2026-05-03T00:39:04.622+0000] {logging_mixin.py:188} INFO - [2026-05-03T00:39:04.622+0000] {dagbag.py:540} INFO - Filling up the DagBag from /home/airflow/.local/lib/python3.8/site-packages/airflow/example_dags/example_nested_branch_dag.py
[2026-05-03T00:39:04.630+0000] {processor.py:840} INFO - DAG(s) 'example_nested_branch_dag' retrieved from /home/airflow/.local/lib/python3.8/site-packages/airflow/example_dags/example_nested_branch_dag.py
[2026-05-03T00:39:04.649+0000] {logging_mixin.py:188} INFO - [2026-05-03T00:39:04.648+0000] {dag.py:3047} INFO - Sync 1 DAGs
[2026-05-03T00:39:04.664+0000] {logging_mixin.py:188} INFO - [2026-05-03T00:39:04.663+0000] {dag.py:3834} INFO - Setting next_dagrun for example_nested_branch_dag to 2026-05-02 00:00:00+00:00, run_after=2026-05-03 00:00:00+00:00
[2026-05-03T00:39:04.677+0000] {processor.py:183} INFO - Processing /home/airflow/.local/lib/python3.8/site-packages/airflow/example_dags/example_nested_branch_dag.py took 0.060 seconds
[2026-05-03T00:39:35.107+0000] {processor.py:161} INFO - Started process (PID=4340) to work on /home/airflow/.local/lib/python3.8/site-packages/airflow/example_dags/example_nested_branch_dag.py
[2026-05-03T00:39:35.109+0000] {processor.py:830} INFO - Processing file /home/airflow/.local/lib/python3.8/site-packages/airflow/example_dags/example_nested_branch_dag.py for tasks to queue
[2026-05-03T00:39:35.114+0000] {logging_mixin.py:188} INFO - [2026-05-03T00:39:35.113+0000] {dagbag.py:540} INFO - Filling up the DagBag from /home/airflow/.local/lib/python3.8/site-packages/airflow/example_dags/example_nested_branch_dag.py
[2026-05-03T00:39:35.132+0000] {processor.py:840} INFO - DAG(s) 'example_nested_branch_dag' retrieved from /home/airflow/.local/lib/python3.8/site-packages/airflow/example_dags/example_nested_branch_dag.py
[2026-05-03T00:39:35.151+0000] {logging_mixin.py:188} INFO - [2026-05-03T00:39:35.151+0000] {dag.py:3047} INFO - Sync 1 DAGs
[2026-05-03T00:39:35.167+0000] {logging_mixin.py:188} INFO - [2026-05-03T00:39:35.167+0000] {dag.py:3834} INFO - Setting next_dagrun for example_nested_branch_dag to 2026-05-02 00:00:00+00:00, run_after=2026-05-03 00:00:00+00:00
[2026-05-03T00:39:35.179+0000] {processor.py:183} INFO - Processing /home/airflow/.local/lib/python3.8/site-packages/airflow/example_dags/example_nested_branch_dag.py took 0.077 seconds
