[2026-05-03T00:02:01.954+0000] {processor.py:161} INFO - Started process (PID=2785) to work on /home/airflow/.local/lib/python3.8/site-packages/airflow/example_dags/example_branch_python_dop_operator_3.py
[2026-05-03T00:02:01.954+0000] {processor.py:830} INFO - Processing file /home/airflow/.local/lib/python3.8/site-packages/airflow/example_dags/example_branch_python_dop_operator_3.py for tasks to queue
[2026-05-03T00:02:01.956+0000] {logging_mixin.py:188} INFO - [2026-05-03T00:02:01.956+0000] {dagbag.py:540} INFO - Filling up the DagBag from /home/airflow/.local/lib/python3.8/site-packages/airflow/example_dags/example_branch_python_dop_operator_3.py
[2026-05-03T00:02:01.964+0000] {processor.py:840} INFO - DAG(s) 'example_branch_dop_operator_v3' retrieved from /home/airflow/.local/lib/python3.8/site-packages/airflow/example_dags/example_branch_python_dop_operator_3.py
[2026-05-03T00:02:01.979+0000] {logging_mixin.py:188} INFO - [2026-05-03T00:02:01.979+0000] {dag.py:3047} INFO - Sync 1 DAGs
[2026-05-03T00:02:01.999+0000] {logging_mixin.py:188} INFO - [2026-05-03T00:02:01.998+0000] {dag.py:3834} INFO - Setting next_dagrun for example_branch_dop_operator_v3 to 2026-05-03 00:01:00+00:00, run_after=2026-05-03 00:02:00+00:00
[2026-05-03T00:02:02.010+0000] {processor.py:183} INFO - Processing /home/airflow/.local/lib/python3.8/site-packages/airflow/example_dags/example_branch_python_dop_operator_3.py took 0.060 seconds
[2026-05-03T00:11:42.421+0000] {processor.py:161} INFO - Started process (PID=2841) to work on /home/airflow/.local/lib/python3.8/site-packages/airflow/example_dags/example_branch_python_dop_operator_3.py
[2026-05-03T00:11:42.422+0000] {processor.py:830} INFO - Processing file /home/airflow/.local/lib/python3.8/site-packages/airflow/example_dags/example_branch_python_dop_operator_3.py for tasks to queue
[2026-05-03T00:11:42.423+0000] {logging_mixin.py:188} INFO - [2026-05-03T00:11:42.423+0000] {dagbag.py:540} INFO - Filling up the DagBag from /home/airflow/.local/lib/python3.8/site-packages/airflow/example_dags/example_branch_python_dop_operator_3.py
[2026-05-03T00:11:42.429+0000] {processor.py:840} INFO - DAG(s) 'example_branch_dop_operator_v3' retrieved from /home/airflow/.local/lib/python3.8/site-packages/airflow/example_dags/example_branch_python_dop_operator_3.py
[2026-05-03T00:11:42.442+0000] {logging_mixin.py:188} INFO - [2026-05-03T00:11:42.442+0000] {dag.py:3047} INFO - Sync 1 DAGs
[2026-05-03T00:11:42.458+0000] {logging_mixin.py:188} INFO - [2026-05-03T00:11:42.458+0000] {dag.py:3834} INFO - Setting next_dagrun for example_branch_dop_operator_v3 to 2026-05-03 00:10:00+00:00, run_after=2026-05-03 00:11:00+00:00
[2026-05-03T00:11:42.470+0000] {processor.py:183} INFO - Processing /home/airflow/.local/lib/python3.8/site-packages/airflow/example_dags/example_branch_python_dop_operator_3.py took 0.052 seconds
[2026-05-03T00:20:54.185+0000] {processor.py:161} INFO - Started process (PID=2897) to work on /home/airflow/.local/lib/python3.8/site-packages/airflow/example_dags/example_branch_python_dop_operator_3.py
[2026-05-03T00:20:54.186+0000] {processor.py:830} INFO - Processing file /home/airflow/.local/lib/python3.8/site-packages/airflow/example_dags/example_branch_python_dop_operator_3.py for tasks to queue
[2026-05-03T00:20:54.188+0000] {logging_mixin.py:188} INFO - [2026-05-03T00:20:54.188+0000] {dagbag.py:540} INFO - Filling up the DagBag from /home/airflow/.local/lib/python3.8/site-packages/airflow/example_dags/example_branch_python_dop_operator_3.py
[2026-05-03T00:20:54.197+0000] {processor.py:840} INFO - DAG(s) 'example_branch_dop_operator_v3' retrieved from /home/airflow/.local/lib/python3.8/site-packages/airflow/example_dags/example_branch_python_dop_operator_3.py
[2026-05-03T00:20:54.215+0000] {logging_mixin.py:188} INFO - [2026-05-03T00:20:54.215+0000] {dag.py:3047} INFO - Sync 1 DAGs
[2026-05-03T00:20:54.232+0000] {logging_mixin.py:188} INFO - [2026-05-03T00:20:54.232+0000] {dag.py:3834} INFO - Setting next_dagrun for example_branch_dop_operator_v3 to 2026-05-03 00:19:00+00:00, run_after=2026-05-03 00:20:00+00:00
[2026-05-03T00:20:54.247+0000] {processor.py:183} INFO - Processing /home/airflow/.local/lib/python3.8/site-packages/airflow/example_dags/example_branch_python_dop_operator_3.py took 0.065 seconds
[2026-05-03T00:26:54.437+0000] {processor.py:161} INFO - Started process (PID=2953) to work on /home/airflow/.local/lib/python3.8/site-packages/airflow/example_dags/example_branch_python_dop_operator_3.py
[2026-05-03T00:26:54.438+0000] {processor.py:830} INFO - Processing file /home/airflow/.local/lib/python3.8/site-packages/airflow/example_dags/example_branch_python_dop_operator_3.py for tasks to queue
[2026-05-03T00:26:54.440+0000] {logging_mixin.py:188} INFO - [2026-05-03T00:26:54.439+0000] {dagbag.py:540} INFO - Filling up the DagBag from /home/airflow/.local/lib/python3.8/site-packages/airflow/example_dags/example_branch_python_dop_operator_3.py
[2026-05-03T00:26:54.448+0000] {processor.py:840} INFO - DAG(s) 'example_branch_dop_operator_v3' retrieved from /home/airflow/.local/lib/python3.8/site-packages/airflow/example_dags/example_branch_python_dop_operator_3.py
[2026-05-03T00:26:54.463+0000] {logging_mixin.py:188} INFO - [2026-05-03T00:26:54.462+0000] {dag.py:3047} INFO - Sync 1 DAGs
[2026-05-03T00:26:54.481+0000] {logging_mixin.py:188} INFO - [2026-05-03T00:26:54.480+0000] {dag.py:3834} INFO - Setting next_dagrun for example_branch_dop_operator_v3 to 2026-05-03 00:25:00+00:00, run_after=2026-05-03 00:26:00+00:00
[2026-05-03T00:26:54.495+0000] {processor.py:183} INFO - Processing /home/airflow/.local/lib/python3.8/site-packages/airflow/example_dags/example_branch_python_dop_operator_3.py took 0.061 seconds
[2026-05-03T00:27:24.649+0000] {processor.py:161} INFO - Started process (PID=3009) to work on /home/airflow/.local/lib/python3.8/site-packages/airflow/example_dags/example_branch_python_dop_operator_3.py
[2026-05-03T00:27:24.650+0000] {processor.py:830} INFO - Processing file /home/airflow/.local/lib/python3.8/site-packages/airflow/example_dags/example_branch_python_dop_operator_3.py for tasks to queue
[2026-05-03T00:27:24.652+0000] {logging_mixin.py:188} INFO - [2026-05-03T00:27:24.651+0000] {dagbag.py:540} INFO - Filling up the DagBag from /home/airflow/.local/lib/python3.8/site-packages/airflow/example_dags/example_branch_python_dop_operator_3.py
[2026-05-03T00:27:24.658+0000] {processor.py:840} INFO - DAG(s) 'example_branch_dop_operator_v3' retrieved from /home/airflow/.local/lib/python3.8/site-packages/airflow/example_dags/example_branch_python_dop_operator_3.py
[2026-05-03T00:27:24.671+0000] {logging_mixin.py:188} INFO - [2026-05-03T00:27:24.671+0000] {dag.py:3047} INFO - Sync 1 DAGs
[2026-05-03T00:27:24.687+0000] {logging_mixin.py:188} INFO - [2026-05-03T00:27:24.687+0000] {dag.py:3834} INFO - Setting next_dagrun for example_branch_dop_operator_v3 to 2026-05-03 00:26:00+00:00, run_after=2026-05-03 00:27:00+00:00
[2026-05-03T00:27:24.699+0000] {processor.py:183} INFO - Processing /home/airflow/.local/lib/python3.8/site-packages/airflow/example_dags/example_branch_python_dop_operator_3.py took 0.052 seconds
[2026-05-03T00:27:55.833+0000] {processor.py:161} INFO - Started process (PID=3065) to work on /home/airflow/.local/lib/python3.8/site-packages/airflow/example_dags/example_branch_python_dop_operator_3.py
[2026-05-03T00:27:55.833+0000] {processor.py:830} INFO - Processing file /home/airflow/.local/lib/python3.8/site-packages/airflow/example_dags/example_branch_python_dop_operator_3.py for tasks to queue
[2026-05-03T00:27:55.836+0000] {logging_mixin.py:188} INFO - [2026-05-03T00:27:55.835+0000] {dagbag.py:540} INFO - Filling up the DagBag from /home/airflow/.local/lib/python3.8/site-packages/airflow/example_dags/example_branch_python_dop_operator_3.py
[2026-05-03T00:27:55.844+0000] {processor.py:840} INFO - DAG(s) 'example_branch_dop_operator_v3' retrieved from /home/airflow/.local/lib/python3.8/site-packages/airflow/example_dags/example_branch_python_dop_operator_3.py
[2026-05-03T00:27:55.859+0000] {logging_mixin.py:188} INFO - [2026-05-03T00:27:55.859+0000] {dag.py:3047} INFO - Sync 1 DAGs
[2026-05-03T00:27:55.881+0000] {logging_mixin.py:188} INFO - [2026-05-03T00:27:55.881+0000] {dag.py:3834} INFO - Setting next_dagrun for example_branch_dop_operator_v3 to 2026-05-03 00:26:00+00:00, run_after=2026-05-03 00:27:00+00:00
[2026-05-03T00:27:55.897+0000] {processor.py:183} INFO - Processing /home/airflow/.local/lib/python3.8/site-packages/airflow/example_dags/example_branch_python_dop_operator_3.py took 0.067 seconds
[2026-05-03T00:28:26.183+0000] {processor.py:161} INFO - Started process (PID=3121) to work on /home/airflow/.local/lib/python3.8/site-packages/airflow/example_dags/example_branch_python_dop_operator_3.py
[2026-05-03T00:28:26.186+0000] {processor.py:830} INFO - Processing file /home/airflow/.local/lib/python3.8/site-packages/airflow/example_dags/example_branch_python_dop_operator_3.py for tasks to queue
[2026-05-03T00:28:26.187+0000] {logging_mixin.py:188} INFO - [2026-05-03T00:28:26.187+0000] {dagbag.py:540} INFO - Filling up the DagBag from /home/airflow/.local/lib/python3.8/site-packages/airflow/example_dags/example_branch_python_dop_operator_3.py
[2026-05-03T00:28:26.193+0000] {processor.py:840} INFO - DAG(s) 'example_branch_dop_operator_v3' retrieved from /home/airflow/.local/lib/python3.8/site-packages/airflow/example_dags/example_branch_python_dop_operator_3.py
[2026-05-03T00:28:26.210+0000] {logging_mixin.py:188} INFO - [2026-05-03T00:28:26.210+0000] {dag.py:3047} INFO - Sync 1 DAGs
[2026-05-03T00:28:26.226+0000] {logging_mixin.py:188} INFO - [2026-05-03T00:28:26.226+0000] {dag.py:3834} INFO - Setting next_dagrun for example_branch_dop_operator_v3 to 2026-05-03 00:27:00+00:00, run_after=2026-05-03 00:28:00+00:00
[2026-05-03T00:28:26.242+0000] {processor.py:183} INFO - Processing /home/airflow/.local/lib/python3.8/site-packages/airflow/example_dags/example_branch_python_dop_operator_3.py took 0.062 seconds
[2026-05-03T00:28:56.557+0000] {processor.py:161} INFO - Started process (PID=3177) to work on /home/airflow/.local/lib/python3.8/site-packages/airflow/example_dags/example_branch_python_dop_operator_3.py
[2026-05-03T00:28:56.558+0000] {processor.py:830} INFO - Processing file /home/airflow/.local/lib/python3.8/site-packages/airflow/example_dags/example_branch_python_dop_operator_3.py for tasks to queue
[2026-05-03T00:28:56.560+0000] {logging_mixin.py:188} INFO - [2026-05-03T00:28:56.560+0000] {dagbag.py:540} INFO - Filling up the DagBag from /home/airflow/.local/lib/python3.8/site-packages/airflow/example_dags/example_branch_python_dop_operator_3.py
[2026-05-03T00:28:56.568+0000] {processor.py:840} INFO - DAG(s) 'example_branch_dop_operator_v3' retrieved from /home/airflow/.local/lib/python3.8/site-packages/airflow/example_dags/example_branch_python_dop_operator_3.py
[2026-05-03T00:28:56.590+0000] {logging_mixin.py:188} INFO - [2026-05-03T00:28:56.590+0000] {dag.py:3047} INFO - Sync 1 DAGs
[2026-05-03T00:28:56.609+0000] {logging_mixin.py:188} INFO - [2026-05-03T00:28:56.609+0000] {dag.py:3834} INFO - Setting next_dagrun for example_branch_dop_operator_v3 to 2026-05-03 00:27:00+00:00, run_after=2026-05-03 00:28:00+00:00
[2026-05-03T00:28:56.620+0000] {processor.py:183} INFO - Processing /home/airflow/.local/lib/python3.8/site-packages/airflow/example_dags/example_branch_python_dop_operator_3.py took 0.065 seconds
[2026-05-03T00:29:26.840+0000] {processor.py:161} INFO - Started process (PID=3233) to work on /home/airflow/.local/lib/python3.8/site-packages/airflow/example_dags/example_branch_python_dop_operator_3.py
[2026-05-03T00:29:26.841+0000] {processor.py:830} INFO - Processing file /home/airflow/.local/lib/python3.8/site-packages/airflow/example_dags/example_branch_python_dop_operator_3.py for tasks to queue
[2026-05-03T00:29:26.843+0000] {logging_mixin.py:188} INFO - [2026-05-03T00:29:26.842+0000] {dagbag.py:540} INFO - Filling up the DagBag from /home/airflow/.local/lib/python3.8/site-packages/airflow/example_dags/example_branch_python_dop_operator_3.py
[2026-05-03T00:29:26.850+0000] {processor.py:840} INFO - DAG(s) 'example_branch_dop_operator_v3' retrieved from /home/airflow/.local/lib/python3.8/site-packages/airflow/example_dags/example_branch_python_dop_operator_3.py
[2026-05-03T00:29:26.867+0000] {logging_mixin.py:188} INFO - [2026-05-03T00:29:26.866+0000] {dag.py:3047} INFO - Sync 1 DAGs
[2026-05-03T00:29:26.886+0000] {logging_mixin.py:188} INFO - [2026-05-03T00:29:26.886+0000] {dag.py:3834} INFO - Setting next_dagrun for example_branch_dop_operator_v3 to 2026-05-03 00:28:00+00:00, run_after=2026-05-03 00:29:00+00:00
[2026-05-03T00:29:26.901+0000] {processor.py:183} INFO - Processing /home/airflow/.local/lib/python3.8/site-packages/airflow/example_dags/example_branch_python_dop_operator_3.py took 0.064 seconds
[2026-05-03T00:29:57.211+0000] {processor.py:161} INFO - Started process (PID=3289) to work on /home/airflow/.local/lib/python3.8/site-packages/airflow/example_dags/example_branch_python_dop_operator_3.py
[2026-05-03T00:29:57.211+0000] {processor.py:830} INFO - Processing file /home/airflow/.local/lib/python3.8/site-packages/airflow/example_dags/example_branch_python_dop_operator_3.py for tasks to queue
[2026-05-03T00:29:57.213+0000] {logging_mixin.py:188} INFO - [2026-05-03T00:29:57.212+0000] {dagbag.py:540} INFO - Filling up the DagBag from /home/airflow/.local/lib/python3.8/site-packages/airflow/example_dags/example_branch_python_dop_operator_3.py
[2026-05-03T00:29:57.220+0000] {processor.py:840} INFO - DAG(s) 'example_branch_dop_operator_v3' retrieved from /home/airflow/.local/lib/python3.8/site-packages/airflow/example_dags/example_branch_python_dop_operator_3.py
[2026-05-03T00:29:57.237+0000] {logging_mixin.py:188} INFO - [2026-05-03T00:29:57.237+0000] {dag.py:3047} INFO - Sync 1 DAGs
[2026-05-03T00:29:57.255+0000] {logging_mixin.py:188} INFO - [2026-05-03T00:29:57.255+0000] {dag.py:3834} INFO - Setting next_dagrun for example_branch_dop_operator_v3 to 2026-05-03 00:28:00+00:00, run_after=2026-05-03 00:29:00+00:00
[2026-05-03T00:29:57.270+0000] {processor.py:183} INFO - Processing /home/airflow/.local/lib/python3.8/site-packages/airflow/example_dags/example_branch_python_dop_operator_3.py took 0.062 seconds
[2026-05-03T00:30:27.449+0000] {processor.py:161} INFO - Started process (PID=3345) to work on /home/airflow/.local/lib/python3.8/site-packages/airflow/example_dags/example_branch_python_dop_operator_3.py
[2026-05-03T00:30:27.450+0000] {processor.py:830} INFO - Processing file /home/airflow/.local/lib/python3.8/site-packages/airflow/example_dags/example_branch_python_dop_operator_3.py for tasks to queue
[2026-05-03T00:30:27.453+0000] {logging_mixin.py:188} INFO - [2026-05-03T00:30:27.453+0000] {dagbag.py:540} INFO - Filling up the DagBag from /home/airflow/.local/lib/python3.8/site-packages/airflow/example_dags/example_branch_python_dop_operator_3.py
[2026-05-03T00:30:27.459+0000] {processor.py:840} INFO - DAG(s) 'example_branch_dop_operator_v3' retrieved from /home/airflow/.local/lib/python3.8/site-packages/airflow/example_dags/example_branch_python_dop_operator_3.py
[2026-05-03T00:30:27.473+0000] {logging_mixin.py:188} INFO - [2026-05-03T00:30:27.473+0000] {dag.py:3047} INFO - Sync 1 DAGs
[2026-05-03T00:30:27.492+0000] {logging_mixin.py:188} INFO - [2026-05-03T00:30:27.492+0000] {dag.py:3834} INFO - Setting next_dagrun for example_branch_dop_operator_v3 to 2026-05-03 00:29:00+00:00, run_after=2026-05-03 00:30:00+00:00
[2026-05-03T00:30:27.506+0000] {processor.py:183} INFO - Processing /home/airflow/.local/lib/python3.8/site-packages/airflow/example_dags/example_branch_python_dop_operator_3.py took 0.060 seconds
[2026-05-03T00:30:57.629+0000] {processor.py:161} INFO - Started process (PID=3401) to work on /home/airflow/.local/lib/python3.8/site-packages/airflow/example_dags/example_branch_python_dop_operator_3.py
[2026-05-03T00:30:57.630+0000] {processor.py:830} INFO - Processing file /home/airflow/.local/lib/python3.8/site-packages/airflow/example_dags/example_branch_python_dop_operator_3.py for tasks to queue
[2026-05-03T00:30:57.632+0000] {logging_mixin.py:188} INFO - [2026-05-03T00:30:57.632+0000] {dagbag.py:540} INFO - Filling up the DagBag from /home/airflow/.local/lib/python3.8/site-packages/airflow/example_dags/example_branch_python_dop_operator_3.py
[2026-05-03T00:30:57.641+0000] {processor.py:840} INFO - DAG(s) 'example_branch_dop_operator_v3' retrieved from /home/airflow/.local/lib/python3.8/site-packages/airflow/example_dags/example_branch_python_dop_operator_3.py
[2026-05-03T00:30:57.658+0000] {logging_mixin.py:188} INFO - [2026-05-03T00:30:57.658+0000] {dag.py:3047} INFO - Sync 1 DAGs
[2026-05-03T00:30:57.675+0000] {logging_mixin.py:188} INFO - [2026-05-03T00:30:57.675+0000] {dag.py:3834} INFO - Setting next_dagrun for example_branch_dop_operator_v3 to 2026-05-03 00:29:00+00:00, run_after=2026-05-03 00:30:00+00:00
[2026-05-03T00:30:57.686+0000] {processor.py:183} INFO - Processing /home/airflow/.local/lib/python3.8/site-packages/airflow/example_dags/example_branch_python_dop_operator_3.py took 0.059 seconds
[2026-05-03T00:31:28.828+0000] {processor.py:161} INFO - Started process (PID=3457) to work on /home/airflow/.local/lib/python3.8/site-packages/airflow/example_dags/example_branch_python_dop_operator_3.py
[2026-05-03T00:31:28.830+0000] {processor.py:830} INFO - Processing file /home/airflow/.local/lib/python3.8/site-packages/airflow/example_dags/example_branch_python_dop_operator_3.py for tasks to queue
[2026-05-03T00:31:28.833+0000] {logging_mixin.py:188} INFO - [2026-05-03T00:31:28.832+0000] {dagbag.py:540} INFO - Filling up the DagBag from /home/airflow/.local/lib/python3.8/site-packages/airflow/example_dags/example_branch_python_dop_operator_3.py
[2026-05-03T00:31:28.844+0000] {processor.py:840} INFO - DAG(s) 'example_branch_dop_operator_v3' retrieved from /home/airflow/.local/lib/python3.8/site-packages/airflow/example_dags/example_branch_python_dop_operator_3.py
[2026-05-03T00:31:28.875+0000] {logging_mixin.py:188} INFO - [2026-05-03T00:31:28.875+0000] {dag.py:3047} INFO - Sync 1 DAGs
[2026-05-03T00:31:28.902+0000] {logging_mixin.py:188} INFO - [2026-05-03T00:31:28.901+0000] {dag.py:3834} INFO - Setting next_dagrun for example_branch_dop_operator_v3 to 2026-05-03 00:30:00+00:00, run_after=2026-05-03 00:31:00+00:00
[2026-05-03T00:31:28.922+0000] {processor.py:183} INFO - Processing /home/airflow/.local/lib/python3.8/site-packages/airflow/example_dags/example_branch_python_dop_operator_3.py took 0.098 seconds
[2026-05-03T00:31:59.550+0000] {processor.py:161} INFO - Started process (PID=3513) to work on /home/airflow/.local/lib/python3.8/site-packages/airflow/example_dags/example_branch_python_dop_operator_3.py
[2026-05-03T00:31:59.551+0000] {processor.py:830} INFO - Processing file /home/airflow/.local/lib/python3.8/site-packages/airflow/example_dags/example_branch_python_dop_operator_3.py for tasks to queue
[2026-05-03T00:31:59.553+0000] {logging_mixin.py:188} INFO - [2026-05-03T00:31:59.553+0000] {dagbag.py:540} INFO - Filling up the DagBag from /home/airflow/.local/lib/python3.8/site-packages/airflow/example_dags/example_branch_python_dop_operator_3.py
[2026-05-03T00:31:59.561+0000] {processor.py:840} INFO - DAG(s) 'example_branch_dop_operator_v3' retrieved from /home/airflow/.local/lib/python3.8/site-packages/airflow/example_dags/example_branch_python_dop_operator_3.py
[2026-05-03T00:31:59.575+0000] {logging_mixin.py:188} INFO - [2026-05-03T00:31:59.575+0000] {dag.py:3047} INFO - Sync 1 DAGs
[2026-05-03T00:31:59.594+0000] {logging_mixin.py:188} INFO - [2026-05-03T00:31:59.594+0000] {dag.py:3834} INFO - Setting next_dagrun for example_branch_dop_operator_v3 to 2026-05-03 00:30:00+00:00, run_after=2026-05-03 00:31:00+00:00
[2026-05-03T00:31:59.610+0000] {processor.py:183} INFO - Processing /home/airflow/.local/lib/python3.8/site-packages/airflow/example_dags/example_branch_python_dop_operator_3.py took 0.063 seconds
[2026-05-03T00:32:29.847+0000] {processor.py:161} INFO - Started process (PID=3569) to work on /home/airflow/.local/lib/python3.8/site-packages/airflow/example_dags/example_branch_python_dop_operator_3.py
[2026-05-03T00:32:29.848+0000] {processor.py:830} INFO - Processing file /home/airflow/.local/lib/python3.8/site-packages/airflow/example_dags/example_branch_python_dop_operator_3.py for tasks to queue
[2026-05-03T00:32:29.850+0000] {logging_mixin.py:188} INFO - [2026-05-03T00:32:29.850+0000] {dagbag.py:540} INFO - Filling up the DagBag from /home/airflow/.local/lib/python3.8/site-packages/airflow/example_dags/example_branch_python_dop_operator_3.py
[2026-05-03T00:32:29.857+0000] {processor.py:840} INFO - DAG(s) 'example_branch_dop_operator_v3' retrieved from /home/airflow/.local/lib/python3.8/site-packages/airflow/example_dags/example_branch_python_dop_operator_3.py
[2026-05-03T00:32:29.872+0000] {logging_mixin.py:188} INFO - [2026-05-03T00:32:29.872+0000] {dag.py:3047} INFO - Sync 1 DAGs
[2026-05-03T00:32:29.888+0000] {logging_mixin.py:188} INFO - [2026-05-03T00:32:29.888+0000] {dag.py:3834} INFO - Setting next_dagrun for example_branch_dop_operator_v3 to 2026-05-03 00:31:00+00:00, run_after=2026-05-03 00:32:00+00:00
[2026-05-03T00:32:29.899+0000] {processor.py:183} INFO - Processing /home/airflow/.local/lib/python3.8/site-packages/airflow/example_dags/example_branch_python_dop_operator_3.py took 0.055 seconds
[2026-05-03T00:33:00.052+0000] {processor.py:161} INFO - Started process (PID=3625) to work on /home/airflow/.local/lib/python3.8/site-packages/airflow/example_dags/example_branch_python_dop_operator_3.py
[2026-05-03T00:33:00.053+0000] {processor.py:830} INFO - Processing file /home/airflow/.local/lib/python3.8/site-packages/airflow/example_dags/example_branch_python_dop_operator_3.py for tasks to queue
[2026-05-03T00:33:00.055+0000] {logging_mixin.py:188} INFO - [2026-05-03T00:33:00.055+0000] {dagbag.py:540} INFO - Filling up the DagBag from /home/airflow/.local/lib/python3.8/site-packages/airflow/example_dags/example_branch_python_dop_operator_3.py
[2026-05-03T00:33:00.064+0000] {processor.py:840} INFO - DAG(s) 'example_branch_dop_operator_v3' retrieved from /home/airflow/.local/lib/python3.8/site-packages/airflow/example_dags/example_branch_python_dop_operator_3.py
[2026-05-03T00:33:00.078+0000] {logging_mixin.py:188} INFO - [2026-05-03T00:33:00.077+0000] {dag.py:3047} INFO - Sync 1 DAGs
[2026-05-03T00:33:00.095+0000] {logging_mixin.py:188} INFO - [2026-05-03T00:33:00.095+0000] {dag.py:3834} INFO - Setting next_dagrun for example_branch_dop_operator_v3 to 2026-05-03 00:32:00+00:00, run_after=2026-05-03 00:33:00+00:00
[2026-05-03T00:33:00.109+0000] {processor.py:183} INFO - Processing /home/airflow/.local/lib/python3.8/site-packages/airflow/example_dags/example_branch_python_dop_operator_3.py took 0.060 seconds
[2026-05-03T00:33:30.668+0000] {processor.py:161} INFO - Started process (PID=3681) to work on /home/airflow/.local/lib/python3.8/site-packages/airflow/example_dags/example_branch_python_dop_operator_3.py
[2026-05-03T00:33:30.669+0000] {processor.py:830} INFO - Processing file /home/airflow/.local/lib/python3.8/site-packages/airflow/example_dags/example_branch_python_dop_operator_3.py for tasks to queue
[2026-05-03T00:33:30.673+0000] {logging_mixin.py:188} INFO - [2026-05-03T00:33:30.673+0000] {dagbag.py:540} INFO - Filling up the DagBag from /home/airflow/.local/lib/python3.8/site-packages/airflow/example_dags/example_branch_python_dop_operator_3.py
[2026-05-03T00:33:30.692+0000] {processor.py:840} INFO - DAG(s) 'example_branch_dop_operator_v3' retrieved from /home/airflow/.local/lib/python3.8/site-packages/airflow/example_dags/example_branch_python_dop_operator_3.py
[2026-05-03T00:33:30.715+0000] {logging_mixin.py:188} INFO - [2026-05-03T00:33:30.715+0000] {dag.py:3047} INFO - Sync 1 DAGs
[2026-05-03T00:33:30.743+0000] {logging_mixin.py:188} INFO - [2026-05-03T00:33:30.743+0000] {dag.py:3834} INFO - Setting next_dagrun for example_branch_dop_operator_v3 to 2026-05-03 00:32:00+00:00, run_after=2026-05-03 00:33:00+00:00
[2026-05-03T00:33:30.756+0000] {processor.py:183} INFO - Processing /home/airflow/.local/lib/python3.8/site-packages/airflow/example_dags/example_branch_python_dop_operator_3.py took 0.093 seconds
[2026-05-03T00:34:01.202+0000] {processor.py:161} INFO - Started process (PID=3737) to work on /home/airflow/.local/lib/python3.8/site-packages/airflow/example_dags/example_branch_python_dop_operator_3.py
[2026-05-03T00:34:01.204+0000] {processor.py:830} INFO - Processing file /home/airflow/.local/lib/python3.8/site-packages/airflow/example_dags/example_branch_python_dop_operator_3.py for tasks to queue
[2026-05-03T00:34:01.205+0000] {logging_mixin.py:188} INFO - [2026-05-03T00:34:01.205+0000] {dagbag.py:540} INFO - Filling up the DagBag from /home/airflow/.local/lib/python3.8/site-packages/airflow/example_dags/example_branch_python_dop_operator_3.py
[2026-05-03T00:34:01.212+0000] {processor.py:840} INFO - DAG(s) 'example_branch_dop_operator_v3' retrieved from /home/airflow/.local/lib/python3.8/site-packages/airflow/example_dags/example_branch_python_dop_operator_3.py
[2026-05-03T00:34:01.228+0000] {logging_mixin.py:188} INFO - [2026-05-03T00:34:01.228+0000] {dag.py:3047} INFO - Sync 1 DAGs
[2026-05-03T00:34:01.245+0000] {logging_mixin.py:188} INFO - [2026-05-03T00:34:01.245+0000] {dag.py:3834} INFO - Setting next_dagrun for example_branch_dop_operator_v3 to 2026-05-03 00:33:00+00:00, run_after=2026-05-03 00:34:00+00:00
[2026-05-03T00:34:01.256+0000] {processor.py:183} INFO - Processing /home/airflow/.local/lib/python3.8/site-packages/airflow/example_dags/example_branch_python_dop_operator_3.py took 0.056 seconds
[2026-05-03T00:34:31.465+0000] {processor.py:161} INFO - Started process (PID=3793) to work on /home/airflow/.local/lib/python3.8/site-packages/airflow/example_dags/example_branch_python_dop_operator_3.py
[2026-05-03T00:34:31.468+0000] {processor.py:830} INFO - Processing file /home/airflow/.local/lib/python3.8/site-packages/airflow/example_dags/example_branch_python_dop_operator_3.py for tasks to queue
[2026-05-03T00:34:31.469+0000] {logging_mixin.py:188} INFO - [2026-05-03T00:34:31.469+0000] {dagbag.py:540} INFO - Filling up the DagBag from /home/airflow/.local/lib/python3.8/site-packages/airflow/example_dags/example_branch_python_dop_operator_3.py
[2026-05-03T00:34:31.476+0000] {processor.py:840} INFO - DAG(s) 'example_branch_dop_operator_v3' retrieved from /home/airflow/.local/lib/python3.8/site-packages/airflow/example_dags/example_branch_python_dop_operator_3.py
[2026-05-03T00:34:31.490+0000] {logging_mixin.py:188} INFO - [2026-05-03T00:34:31.490+0000] {dag.py:3047} INFO - Sync 1 DAGs
[2026-05-03T00:34:31.514+0000] {logging_mixin.py:188} INFO - [2026-05-03T00:34:31.514+0000] {dag.py:3834} INFO - Setting next_dagrun for example_branch_dop_operator_v3 to 2026-05-03 00:33:00+00:00, run_after=2026-05-03 00:34:00+00:00
[2026-05-03T00:34:31.530+0000] {processor.py:183} INFO - Processing /home/airflow/.local/lib/python3.8/site-packages/airflow/example_dags/example_branch_python_dop_operator_3.py took 0.067 seconds
[2026-05-03T00:35:01.611+0000] {processor.py:161} INFO - Started process (PID=3849) to work on /home/airflow/.local/lib/python3.8/site-packages/airflow/example_dags/example_branch_python_dop_operator_3.py
[2026-05-03T00:35:01.615+0000] {processor.py:830} INFO - Processing file /home/airflow/.local/lib/python3.8/site-packages/airflow/example_dags/example_branch_python_dop_operator_3.py for tasks to queue
[2026-05-03T00:35:01.617+0000] {logging_mixin.py:188} INFO - [2026-05-03T00:35:01.617+0000] {dagbag.py:540} INFO - Filling up the DagBag from /home/airflow/.local/lib/python3.8/site-packages/airflow/example_dags/example_branch_python_dop_operator_3.py
[2026-05-03T00:35:01.625+0000] {processor.py:840} INFO - DAG(s) 'example_branch_dop_operator_v3' retrieved from /home/airflow/.local/lib/python3.8/site-packages/airflow/example_dags/example_branch_python_dop_operator_3.py
[2026-05-03T00:35:01.640+0000] {logging_mixin.py:188} INFO - [2026-05-03T00:35:01.640+0000] {dag.py:3047} INFO - Sync 1 DAGs
[2026-05-03T00:35:01.657+0000] {logging_mixin.py:188} INFO - [2026-05-03T00:35:01.656+0000] {dag.py:3834} INFO - Setting next_dagrun for example_branch_dop_operator_v3 to 2026-05-03 00:34:00+00:00, run_after=2026-05-03 00:35:00+00:00
[2026-05-03T00:35:01.670+0000] {processor.py:183} INFO - Processing /home/airflow/.local/lib/python3.8/site-packages/airflow/example_dags/example_branch_python_dop_operator_3.py took 0.061 seconds
[2026-05-03T00:35:32.025+0000] {processor.py:161} INFO - Started process (PID=3905) to work on /home/airflow/.local/lib/python3.8/site-packages/airflow/example_dags/example_branch_python_dop_operator_3.py
[2026-05-03T00:35:32.028+0000] {processor.py:830} INFO - Processing file /home/airflow/.local/lib/python3.8/site-packages/airflow/example_dags/example_branch_python_dop_operator_3.py for tasks to queue
[2026-05-03T00:35:32.030+0000] {logging_mixin.py:188} INFO - [2026-05-03T00:35:32.030+0000] {dagbag.py:540} INFO - Filling up the DagBag from /home/airflow/.local/lib/python3.8/site-packages/airflow/example_dags/example_branch_python_dop_operator_3.py
[2026-05-03T00:35:32.037+0000] {processor.py:840} INFO - DAG(s) 'example_branch_dop_operator_v3' retrieved from /home/airflow/.local/lib/python3.8/site-packages/airflow/example_dags/example_branch_python_dop_operator_3.py
[2026-05-03T00:35:32.057+0000] {logging_mixin.py:188} INFO - [2026-05-03T00:35:32.057+0000] {dag.py:3047} INFO - Sync 1 DAGs
[2026-05-03T00:35:32.077+0000] {logging_mixin.py:188} INFO - [2026-05-03T00:35:32.077+0000] {dag.py:3834} INFO - Setting next_dagrun for example_branch_dop_operator_v3 to 2026-05-03 00:34:00+00:00, run_after=2026-05-03 00:35:00+00:00
[2026-05-03T00:35:32.091+0000] {processor.py:183} INFO - Processing /home/airflow/.local/lib/python3.8/site-packages/airflow/example_dags/example_branch_python_dop_operator_3.py took 0.069 seconds
[2026-05-03T00:36:02.578+0000] {processor.py:161} INFO - Started process (PID=3961) to work on /home/airflow/.local/lib/python3.8/site-packages/airflow/example_dags/example_branch_python_dop_operator_3.py
[2026-05-03T00:36:02.581+0000] {processor.py:830} INFO - Processing file /home/airflow/.local/lib/python3.8/site-packages/airflow/example_dags/example_branch_python_dop_operator_3.py for tasks to queue
[2026-05-03T00:36:02.583+0000] {logging_mixin.py:188} INFO - [2026-05-03T00:36:02.583+0000] {dagbag.py:540} INFO - Filling up the DagBag from /home/airflow/.local/lib/python3.8/site-packages/airflow/example_dags/example_branch_python_dop_operator_3.py
[2026-05-03T00:36:02.589+0000] {processor.py:840} INFO - DAG(s) 'example_branch_dop_operator_v3' retrieved from /home/airflow/.local/lib/python3.8/site-packages/airflow/example_dags/example_branch_python_dop_operator_3.py
[2026-05-03T00:36:02.609+0000] {logging_mixin.py:188} INFO - [2026-05-03T00:36:02.609+0000] {dag.py:3047} INFO - Sync 1 DAGs
[2026-05-03T00:36:02.627+0000] {logging_mixin.py:188} INFO - [2026-05-03T00:36:02.627+0000] {dag.py:3834} INFO - Setting next_dagrun for example_branch_dop_operator_v3 to 2026-05-03 00:35:00+00:00, run_after=2026-05-03 00:36:00+00:00
[2026-05-03T00:36:02.642+0000] {processor.py:183} INFO - Processing /home/airflow/.local/lib/python3.8/site-packages/airflow/example_dags/example_branch_python_dop_operator_3.py took 0.067 seconds
[2026-05-03T00:36:32.934+0000] {processor.py:161} INFO - Started process (PID=4017) to work on /home/airflow/.local/lib/python3.8/site-packages/airflow/example_dags/example_branch_python_dop_operator_3.py
[2026-05-03T00:36:32.935+0000] {processor.py:830} INFO - Processing file /home/airflow/.local/lib/python3.8/site-packages/airflow/example_dags/example_branch_python_dop_operator_3.py for tasks to queue
[2026-05-03T00:36:32.937+0000] {logging_mixin.py:188} INFO - [2026-05-03T00:36:32.936+0000] {dagbag.py:540} INFO - Filling up the DagBag from /home/airflow/.local/lib/python3.8/site-packages/airflow/example_dags/example_branch_python_dop_operator_3.py
[2026-05-03T00:36:32.944+0000] {processor.py:840} INFO - DAG(s) 'example_branch_dop_operator_v3' retrieved from /home/airflow/.local/lib/python3.8/site-packages/airflow/example_dags/example_branch_python_dop_operator_3.py
[2026-05-03T00:36:32.959+0000] {logging_mixin.py:188} INFO - [2026-05-03T00:36:32.959+0000] {dag.py:3047} INFO - Sync 1 DAGs
[2026-05-03T00:36:32.979+0000] {logging_mixin.py:188} INFO - [2026-05-03T00:36:32.979+0000] {dag.py:3834} INFO - Setting next_dagrun for example_branch_dop_operator_v3 to 2026-05-03 00:35:00+00:00, run_after=2026-05-03 00:36:00+00:00
[2026-05-03T00:36:32.995+0000] {processor.py:183} INFO - Processing /home/airflow/.local/lib/python3.8/site-packages/airflow/example_dags/example_branch_python_dop_operator_3.py took 0.064 seconds
[2026-05-03T00:37:03.390+0000] {processor.py:161} INFO - Started process (PID=4073) to work on /home/airflow/.local/lib/python3.8/site-packages/airflow/example_dags/example_branch_python_dop_operator_3.py
[2026-05-03T00:37:03.392+0000] {processor.py:830} INFO - Processing file /home/airflow/.local/lib/python3.8/site-packages/airflow/example_dags/example_branch_python_dop_operator_3.py for tasks to queue
[2026-05-03T00:37:03.393+0000] {logging_mixin.py:188} INFO - [2026-05-03T00:37:03.393+0000] {dagbag.py:540} INFO - Filling up the DagBag from /home/airflow/.local/lib/python3.8/site-packages/airflow/example_dags/example_branch_python_dop_operator_3.py
[2026-05-03T00:37:03.400+0000] {processor.py:840} INFO - DAG(s) 'example_branch_dop_operator_v3' retrieved from /home/airflow/.local/lib/python3.8/site-packages/airflow/example_dags/example_branch_python_dop_operator_3.py
[2026-05-03T00:37:03.414+0000] {logging_mixin.py:188} INFO - [2026-05-03T00:37:03.414+0000] {dag.py:3047} INFO - Sync 1 DAGs
[2026-05-03T00:37:03.433+0000] {logging_mixin.py:188} INFO - [2026-05-03T00:37:03.433+0000] {dag.py:3834} INFO - Setting next_dagrun for example_branch_dop_operator_v3 to 2026-05-03 00:36:00+00:00, run_after=2026-05-03 00:37:00+00:00
[2026-05-03T00:37:03.450+0000] {processor.py:183} INFO - Processing /home/airflow/.local/lib/python3.8/site-packages/airflow/example_dags/example_branch_python_dop_operator_3.py took 0.063 seconds
[2026-05-03T00:37:33.979+0000] {processor.py:161} INFO - Started process (PID=4129) to work on /home/airflow/.local/lib/python3.8/site-packages/airflow/example_dags/example_branch_python_dop_operator_3.py
[2026-05-03T00:37:33.980+0000] {processor.py:830} INFO - Processing file /home/airflow/.local/lib/python3.8/site-packages/airflow/example_dags/example_branch_python_dop_operator_3.py for tasks to queue
[2026-05-03T00:37:33.981+0000] {logging_mixin.py:188} INFO - [2026-05-03T00:37:33.981+0000] {dagbag.py:540} INFO - Filling up the DagBag from /home/airflow/.local/lib/python3.8/site-packages/airflow/example_dags/example_branch_python_dop_operator_3.py
[2026-05-03T00:37:33.988+0000] {processor.py:840} INFO - DAG(s) 'example_branch_dop_operator_v3' retrieved from /home/airflow/.local/lib/python3.8/site-packages/airflow/example_dags/example_branch_python_dop_operator_3.py
[2026-05-03T00:37:34.002+0000] {logging_mixin.py:188} INFO - [2026-05-03T00:37:34.002+0000] {dag.py:3047} INFO - Sync 1 DAGs
[2026-05-03T00:37:34.025+0000] {logging_mixin.py:188} INFO - [2026-05-03T00:37:34.024+0000] {dag.py:3834} INFO - Setting next_dagrun for example_branch_dop_operator_v3 to 2026-05-03 00:36:00+00:00, run_after=2026-05-03 00:37:00+00:00
[2026-05-03T00:37:34.040+0000] {processor.py:183} INFO - Processing /home/airflow/.local/lib/python3.8/site-packages/airflow/example_dags/example_branch_python_dop_operator_3.py took 0.063 seconds
[2026-05-03T00:38:04.336+0000] {processor.py:161} INFO - Started process (PID=4185) to work on /home/airflow/.local/lib/python3.8/site-packages/airflow/example_dags/example_branch_python_dop_operator_3.py
[2026-05-03T00:38:04.338+0000] {processor.py:830} INFO - Processing file /home/airflow/.local/lib/python3.8/site-packages/airflow/example_dags/example_branch_python_dop_operator_3.py for tasks to queue
[2026-05-03T00:38:04.339+0000] {logging_mixin.py:188} INFO - [2026-05-03T00:38:04.339+0000] {dagbag.py:540} INFO - Filling up the DagBag from /home/airflow/.local/lib/python3.8/site-packages/airflow/example_dags/example_branch_python_dop_operator_3.py
[2026-05-03T00:38:04.351+0000] {processor.py:840} INFO - DAG(s) 'example_branch_dop_operator_v3' retrieved from /home/airflow/.local/lib/python3.8/site-packages/airflow/example_dags/example_branch_python_dop_operator_3.py
[2026-05-03T00:38:04.382+0000] {logging_mixin.py:188} INFO - [2026-05-03T00:38:04.381+0000] {dag.py:3047} INFO - Sync 1 DAGs
[2026-05-03T00:38:04.408+0000] {logging_mixin.py:188} INFO - [2026-05-03T00:38:04.408+0000] {dag.py:3834} INFO - Setting next_dagrun for example_branch_dop_operator_v3 to 2026-05-03 00:37:00+00:00, run_after=2026-05-03 00:38:00+00:00
[2026-05-03T00:38:04.420+0000] {processor.py:183} INFO - Processing /home/airflow/.local/lib/python3.8/site-packages/airflow/example_dags/example_branch_python_dop_operator_3.py took 0.086 seconds
[2026-05-03T00:38:34.841+0000] {processor.py:161} INFO - Started process (PID=4241) to work on /home/airflow/.local/lib/python3.8/site-packages/airflow/example_dags/example_branch_python_dop_operator_3.py
[2026-05-03T00:38:34.843+0000] {processor.py:830} INFO - Processing file /home/airflow/.local/lib/python3.8/site-packages/airflow/example_dags/example_branch_python_dop_operator_3.py for tasks to queue
[2026-05-03T00:38:34.845+0000] {logging_mixin.py:188} INFO - [2026-05-03T00:38:34.844+0000] {dagbag.py:540} INFO - Filling up the DagBag from /home/airflow/.local/lib/python3.8/site-packages/airflow/example_dags/example_branch_python_dop_operator_3.py
[2026-05-03T00:38:34.854+0000] {processor.py:840} INFO - DAG(s) 'example_branch_dop_operator_v3' retrieved from /home/airflow/.local/lib/python3.8/site-packages/airflow/example_dags/example_branch_python_dop_operator_3.py
[2026-05-03T00:38:34.874+0000] {logging_mixin.py:188} INFO - [2026-05-03T00:38:34.874+0000] {dag.py:3047} INFO - Sync 1 DAGs
[2026-05-03T00:38:34.894+0000] {logging_mixin.py:188} INFO - [2026-05-03T00:38:34.893+0000] {dag.py:3834} INFO - Setting next_dagrun for example_branch_dop_operator_v3 to 2026-05-03 00:37:00+00:00, run_after=2026-05-03 00:38:00+00:00
[2026-05-03T00:38:34.911+0000] {processor.py:183} INFO - Processing /home/airflow/.local/lib/python3.8/site-packages/airflow/example_dags/example_branch_python_dop_operator_3.py took 0.072 seconds
[2026-05-03T00:39:05.162+0000] {processor.py:161} INFO - Started process (PID=4297) to work on /home/airflow/.local/lib/python3.8/site-packages/airflow/example_dags/example_branch_python_dop_operator_3.py
[2026-05-03T00:39:05.165+0000] {processor.py:830} INFO - Processing file /home/airflow/.local/lib/python3.8/site-packages/airflow/example_dags/example_branch_python_dop_operator_3.py for tasks to queue
[2026-05-03T00:39:05.167+0000] {logging_mixin.py:188} INFO - [2026-05-03T00:39:05.167+0000] {dagbag.py:540} INFO - Filling up the DagBag from /home/airflow/.local/lib/python3.8/site-packages/airflow/example_dags/example_branch_python_dop_operator_3.py
[2026-05-03T00:39:05.174+0000] {processor.py:840} INFO - DAG(s) 'example_branch_dop_operator_v3' retrieved from /home/airflow/.local/lib/python3.8/site-packages/airflow/example_dags/example_branch_python_dop_operator_3.py
[2026-05-03T00:39:05.193+0000] {logging_mixin.py:188} INFO - [2026-05-03T00:39:05.193+0000] {dag.py:3047} INFO - Sync 1 DAGs
[2026-05-03T00:39:05.216+0000] {logging_mixin.py:188} INFO - [2026-05-03T00:39:05.215+0000] {dag.py:3834} INFO - Setting next_dagrun for example_branch_dop_operator_v3 to 2026-05-03 00:38:00+00:00, run_after=2026-05-03 00:39:00+00:00
[2026-05-03T00:39:05.235+0000] {processor.py:183} INFO - Processing /home/airflow/.local/lib/python3.8/site-packages/airflow/example_dags/example_branch_python_dop_operator_3.py took 0.075 seconds
[2026-05-03T00:39:35.759+0000] {processor.py:161} INFO - Started process (PID=4353) to work on /home/airflow/.local/lib/python3.8/site-packages/airflow/example_dags/example_branch_python_dop_operator_3.py
[2026-05-03T00:39:35.762+0000] {processor.py:830} INFO - Processing file /home/airflow/.local/lib/python3.8/site-packages/airflow/example_dags/example_branch_python_dop_operator_3.py for tasks to queue
[2026-05-03T00:39:35.764+0000] {logging_mixin.py:188} INFO - [2026-05-03T00:39:35.763+0000] {dagbag.py:540} INFO - Filling up the DagBag from /home/airflow/.local/lib/python3.8/site-packages/airflow/example_dags/example_branch_python_dop_operator_3.py
[2026-05-03T00:39:35.771+0000] {processor.py:840} INFO - DAG(s) 'example_branch_dop_operator_v3' retrieved from /home/airflow/.local/lib/python3.8/site-packages/airflow/example_dags/example_branch_python_dop_operator_3.py
[2026-05-03T00:39:35.790+0000] {logging_mixin.py:188} INFO - [2026-05-03T00:39:35.789+0000] {dag.py:3047} INFO - Sync 1 DAGs
[2026-05-03T00:39:35.810+0000] {logging_mixin.py:188} INFO - [2026-05-03T00:39:35.810+0000] {dag.py:3834} INFO - Setting next_dagrun for example_branch_dop_operator_v3 to 2026-05-03 00:38:00+00:00, run_after=2026-05-03 00:39:00+00:00
[2026-05-03T00:39:35.826+0000] {processor.py:183} INFO - Processing /home/airflow/.local/lib/python3.8/site-packages/airflow/example_dags/example_branch_python_dop_operator_3.py took 0.071 seconds
