[2026-05-03T00:02:02.505+0000] {processor.py:161} INFO - Started process (PID=2798) to work on /home/airflow/.local/lib/python3.8/site-packages/airflow/example_dags/example_external_task_marker_dag.py
[2026-05-03T00:02:02.506+0000] {processor.py:830} INFO - Processing file /home/airflow/.local/lib/python3.8/site-packages/airflow/example_dags/example_external_task_marker_dag.py for tasks to queue
[2026-05-03T00:02:02.510+0000] {logging_mixin.py:188} INFO - [2026-05-03T00:02:02.509+0000] {dagbag.py:540} INFO - Filling up the DagBag from /home/airflow/.local/lib/python3.8/site-packages/airflow/example_dags/example_external_task_marker_dag.py
[2026-05-03T00:02:02.519+0000] {processor.py:840} INFO - DAG(s) 'example_external_task_marker_child', 'example_external_task_marker_parent' retrieved from /home/airflow/.local/lib/python3.8/site-packages/airflow/example_dags/example_external_task_marker_dag.py
[2026-05-03T00:02:02.538+0000] {logging_mixin.py:188} INFO - [2026-05-03T00:02:02.537+0000] {dag.py:3047} INFO - Sync 2 DAGs
[2026-05-03T00:02:02.548+0000] {logging_mixin.py:188} INFO - [2026-05-03T00:02:02.548+0000] {dag.py:3834} INFO - Setting next_dagrun for example_external_task_marker_child to None, run_after=None
[2026-05-03T00:02:02.551+0000] {logging_mixin.py:188} INFO - [2026-05-03T00:02:02.550+0000] {dag.py:3834} INFO - Setting next_dagrun for example_external_task_marker_parent to None, run_after=None
[2026-05-03T00:02:02.564+0000] {processor.py:183} INFO - Processing /home/airflow/.local/lib/python3.8/site-packages/airflow/example_dags/example_external_task_marker_dag.py took 0.063 seconds
[2026-05-03T00:11:42.891+0000] {processor.py:161} INFO - Started process (PID=2854) to work on /home/airflow/.local/lib/python3.8/site-packages/airflow/example_dags/example_external_task_marker_dag.py
[2026-05-03T00:11:42.895+0000] {processor.py:830} INFO - Processing file /home/airflow/.local/lib/python3.8/site-packages/airflow/example_dags/example_external_task_marker_dag.py for tasks to queue
[2026-05-03T00:11:42.896+0000] {logging_mixin.py:188} INFO - [2026-05-03T00:11:42.896+0000] {dagbag.py:540} INFO - Filling up the DagBag from /home/airflow/.local/lib/python3.8/site-packages/airflow/example_dags/example_external_task_marker_dag.py
[2026-05-03T00:11:42.902+0000] {processor.py:840} INFO - DAG(s) 'example_external_task_marker_child', 'example_external_task_marker_parent' retrieved from /home/airflow/.local/lib/python3.8/site-packages/airflow/example_dags/example_external_task_marker_dag.py
[2026-05-03T00:11:42.917+0000] {logging_mixin.py:188} INFO - [2026-05-03T00:11:42.917+0000] {dag.py:3047} INFO - Sync 2 DAGs
[2026-05-03T00:11:42.926+0000] {logging_mixin.py:188} INFO - [2026-05-03T00:11:42.926+0000] {dag.py:3834} INFO - Setting next_dagrun for example_external_task_marker_child to None, run_after=None
[2026-05-03T00:11:42.929+0000] {logging_mixin.py:188} INFO - [2026-05-03T00:11:42.928+0000] {dag.py:3834} INFO - Setting next_dagrun for example_external_task_marker_parent to None, run_after=None
[2026-05-03T00:11:42.939+0000] {processor.py:183} INFO - Processing /home/airflow/.local/lib/python3.8/site-packages/airflow/example_dags/example_external_task_marker_dag.py took 0.050 seconds
[2026-05-03T00:20:54.673+0000] {processor.py:161} INFO - Started process (PID=2910) to work on /home/airflow/.local/lib/python3.8/site-packages/airflow/example_dags/example_external_task_marker_dag.py
[2026-05-03T00:20:54.677+0000] {processor.py:830} INFO - Processing file /home/airflow/.local/lib/python3.8/site-packages/airflow/example_dags/example_external_task_marker_dag.py for tasks to queue
[2026-05-03T00:20:54.680+0000] {logging_mixin.py:188} INFO - [2026-05-03T00:20:54.680+0000] {dagbag.py:540} INFO - Filling up the DagBag from /home/airflow/.local/lib/python3.8/site-packages/airflow/example_dags/example_external_task_marker_dag.py
[2026-05-03T00:20:54.687+0000] {processor.py:840} INFO - DAG(s) 'example_external_task_marker_parent', 'example_external_task_marker_child' retrieved from /home/airflow/.local/lib/python3.8/site-packages/airflow/example_dags/example_external_task_marker_dag.py
[2026-05-03T00:20:54.703+0000] {logging_mixin.py:188} INFO - [2026-05-03T00:20:54.703+0000] {dag.py:3047} INFO - Sync 2 DAGs
[2026-05-03T00:20:54.712+0000] {logging_mixin.py:188} INFO - [2026-05-03T00:20:54.711+0000] {dag.py:3834} INFO - Setting next_dagrun for example_external_task_marker_child to None, run_after=None
[2026-05-03T00:20:54.714+0000] {logging_mixin.py:188} INFO - [2026-05-03T00:20:54.714+0000] {dag.py:3834} INFO - Setting next_dagrun for example_external_task_marker_parent to None, run_after=None
[2026-05-03T00:20:54.723+0000] {processor.py:183} INFO - Processing /home/airflow/.local/lib/python3.8/site-packages/airflow/example_dags/example_external_task_marker_dag.py took 0.053 seconds
[2026-05-03T00:26:55.810+0000] {processor.py:161} INFO - Started process (PID=2966) to work on /home/airflow/.local/lib/python3.8/site-packages/airflow/example_dags/example_external_task_marker_dag.py
[2026-05-03T00:26:55.814+0000] {processor.py:830} INFO - Processing file /home/airflow/.local/lib/python3.8/site-packages/airflow/example_dags/example_external_task_marker_dag.py for tasks to queue
[2026-05-03T00:26:55.818+0000] {logging_mixin.py:188} INFO - [2026-05-03T00:26:55.818+0000] {dagbag.py:540} INFO - Filling up the DagBag from /home/airflow/.local/lib/python3.8/site-packages/airflow/example_dags/example_external_task_marker_dag.py
[2026-05-03T00:26:55.827+0000] {processor.py:840} INFO - DAG(s) 'example_external_task_marker_parent', 'example_external_task_marker_child' retrieved from /home/airflow/.local/lib/python3.8/site-packages/airflow/example_dags/example_external_task_marker_dag.py
[2026-05-03T00:26:55.859+0000] {logging_mixin.py:188} INFO - [2026-05-03T00:26:55.859+0000] {dag.py:3047} INFO - Sync 2 DAGs
[2026-05-03T00:26:55.876+0000] {logging_mixin.py:188} INFO - [2026-05-03T00:26:55.876+0000] {dag.py:3834} INFO - Setting next_dagrun for example_external_task_marker_child to None, run_after=None
[2026-05-03T00:26:55.887+0000] {logging_mixin.py:188} INFO - [2026-05-03T00:26:55.887+0000] {dag.py:3834} INFO - Setting next_dagrun for example_external_task_marker_parent to None, run_after=None
[2026-05-03T00:26:55.955+0000] {processor.py:183} INFO - Processing /home/airflow/.local/lib/python3.8/site-packages/airflow/example_dags/example_external_task_marker_dag.py took 0.150 seconds
[2026-05-03T00:27:26.069+0000] {processor.py:161} INFO - Started process (PID=3022) to work on /home/airflow/.local/lib/python3.8/site-packages/airflow/example_dags/example_external_task_marker_dag.py
[2026-05-03T00:27:26.070+0000] {processor.py:830} INFO - Processing file /home/airflow/.local/lib/python3.8/site-packages/airflow/example_dags/example_external_task_marker_dag.py for tasks to queue
[2026-05-03T00:27:26.071+0000] {logging_mixin.py:188} INFO - [2026-05-03T00:27:26.071+0000] {dagbag.py:540} INFO - Filling up the DagBag from /home/airflow/.local/lib/python3.8/site-packages/airflow/example_dags/example_external_task_marker_dag.py
[2026-05-03T00:27:26.076+0000] {processor.py:840} INFO - DAG(s) 'example_external_task_marker_child', 'example_external_task_marker_parent' retrieved from /home/airflow/.local/lib/python3.8/site-packages/airflow/example_dags/example_external_task_marker_dag.py
[2026-05-03T00:27:26.090+0000] {logging_mixin.py:188} INFO - [2026-05-03T00:27:26.090+0000] {dag.py:3047} INFO - Sync 2 DAGs
[2026-05-03T00:27:26.098+0000] {logging_mixin.py:188} INFO - [2026-05-03T00:27:26.098+0000] {dag.py:3834} INFO - Setting next_dagrun for example_external_task_marker_child to None, run_after=None
[2026-05-03T00:27:26.101+0000] {logging_mixin.py:188} INFO - [2026-05-03T00:27:26.100+0000] {dag.py:3834} INFO - Setting next_dagrun for example_external_task_marker_parent to None, run_after=None
[2026-05-03T00:27:26.110+0000] {processor.py:183} INFO - Processing /home/airflow/.local/lib/python3.8/site-packages/airflow/example_dags/example_external_task_marker_dag.py took 0.044 seconds
[2026-05-03T00:27:56.473+0000] {processor.py:161} INFO - Started process (PID=3078) to work on /home/airflow/.local/lib/python3.8/site-packages/airflow/example_dags/example_external_task_marker_dag.py
[2026-05-03T00:27:56.476+0000] {processor.py:830} INFO - Processing file /home/airflow/.local/lib/python3.8/site-packages/airflow/example_dags/example_external_task_marker_dag.py for tasks to queue
[2026-05-03T00:27:56.478+0000] {logging_mixin.py:188} INFO - [2026-05-03T00:27:56.477+0000] {dagbag.py:540} INFO - Filling up the DagBag from /home/airflow/.local/lib/python3.8/site-packages/airflow/example_dags/example_external_task_marker_dag.py
[2026-05-03T00:27:56.484+0000] {processor.py:840} INFO - DAG(s) 'example_external_task_marker_parent', 'example_external_task_marker_child' retrieved from /home/airflow/.local/lib/python3.8/site-packages/airflow/example_dags/example_external_task_marker_dag.py
[2026-05-03T00:27:56.503+0000] {logging_mixin.py:188} INFO - [2026-05-03T00:27:56.503+0000] {dag.py:3047} INFO - Sync 2 DAGs
[2026-05-03T00:27:56.511+0000] {logging_mixin.py:188} INFO - [2026-05-03T00:27:56.511+0000] {dag.py:3834} INFO - Setting next_dagrun for example_external_task_marker_child to None, run_after=None
[2026-05-03T00:27:56.513+0000] {logging_mixin.py:188} INFO - [2026-05-03T00:27:56.513+0000] {dag.py:3834} INFO - Setting next_dagrun for example_external_task_marker_parent to None, run_after=None
[2026-05-03T00:27:56.523+0000] {processor.py:183} INFO - Processing /home/airflow/.local/lib/python3.8/site-packages/airflow/example_dags/example_external_task_marker_dag.py took 0.053 seconds
[2026-05-03T00:28:26.770+0000] {processor.py:161} INFO - Started process (PID=3134) to work on /home/airflow/.local/lib/python3.8/site-packages/airflow/example_dags/example_external_task_marker_dag.py
[2026-05-03T00:28:26.772+0000] {processor.py:830} INFO - Processing file /home/airflow/.local/lib/python3.8/site-packages/airflow/example_dags/example_external_task_marker_dag.py for tasks to queue
[2026-05-03T00:28:26.773+0000] {logging_mixin.py:188} INFO - [2026-05-03T00:28:26.773+0000] {dagbag.py:540} INFO - Filling up the DagBag from /home/airflow/.local/lib/python3.8/site-packages/airflow/example_dags/example_external_task_marker_dag.py
[2026-05-03T00:28:26.778+0000] {processor.py:840} INFO - DAG(s) 'example_external_task_marker_child', 'example_external_task_marker_parent' retrieved from /home/airflow/.local/lib/python3.8/site-packages/airflow/example_dags/example_external_task_marker_dag.py
[2026-05-03T00:28:26.793+0000] {logging_mixin.py:188} INFO - [2026-05-03T00:28:26.793+0000] {dag.py:3047} INFO - Sync 2 DAGs
[2026-05-03T00:28:26.803+0000] {logging_mixin.py:188} INFO - [2026-05-03T00:28:26.803+0000] {dag.py:3834} INFO - Setting next_dagrun for example_external_task_marker_child to None, run_after=None
[2026-05-03T00:28:26.805+0000] {logging_mixin.py:188} INFO - [2026-05-03T00:28:26.805+0000] {dag.py:3834} INFO - Setting next_dagrun for example_external_task_marker_parent to None, run_after=None
[2026-05-03T00:28:26.814+0000] {processor.py:183} INFO - Processing /home/airflow/.local/lib/python3.8/site-packages/airflow/example_dags/example_external_task_marker_dag.py took 0.047 seconds
[2026-05-03T00:28:57.083+0000] {processor.py:161} INFO - Started process (PID=3190) to work on /home/airflow/.local/lib/python3.8/site-packages/airflow/example_dags/example_external_task_marker_dag.py
[2026-05-03T00:28:57.085+0000] {processor.py:830} INFO - Processing file /home/airflow/.local/lib/python3.8/site-packages/airflow/example_dags/example_external_task_marker_dag.py for tasks to queue
[2026-05-03T00:28:57.087+0000] {logging_mixin.py:188} INFO - [2026-05-03T00:28:57.087+0000] {dagbag.py:540} INFO - Filling up the DagBag from /home/airflow/.local/lib/python3.8/site-packages/airflow/example_dags/example_external_task_marker_dag.py
[2026-05-03T00:28:57.094+0000] {processor.py:840} INFO - DAG(s) 'example_external_task_marker_parent', 'example_external_task_marker_child' retrieved from /home/airflow/.local/lib/python3.8/site-packages/airflow/example_dags/example_external_task_marker_dag.py
[2026-05-03T00:28:57.115+0000] {logging_mixin.py:188} INFO - [2026-05-03T00:28:57.115+0000] {dag.py:3047} INFO - Sync 2 DAGs
[2026-05-03T00:28:57.123+0000] {logging_mixin.py:188} INFO - [2026-05-03T00:28:57.123+0000] {dag.py:3834} INFO - Setting next_dagrun for example_external_task_marker_child to None, run_after=None
[2026-05-03T00:28:57.125+0000] {logging_mixin.py:188} INFO - [2026-05-03T00:28:57.125+0000] {dag.py:3834} INFO - Setting next_dagrun for example_external_task_marker_parent to None, run_after=None
[2026-05-03T00:28:57.138+0000] {processor.py:183} INFO - Processing /home/airflow/.local/lib/python3.8/site-packages/airflow/example_dags/example_external_task_marker_dag.py took 0.057 seconds
[2026-05-03T00:29:27.442+0000] {processor.py:161} INFO - Started process (PID=3246) to work on /home/airflow/.local/lib/python3.8/site-packages/airflow/example_dags/example_external_task_marker_dag.py
[2026-05-03T00:29:27.443+0000] {processor.py:830} INFO - Processing file /home/airflow/.local/lib/python3.8/site-packages/airflow/example_dags/example_external_task_marker_dag.py for tasks to queue
[2026-05-03T00:29:27.444+0000] {logging_mixin.py:188} INFO - [2026-05-03T00:29:27.444+0000] {dagbag.py:540} INFO - Filling up the DagBag from /home/airflow/.local/lib/python3.8/site-packages/airflow/example_dags/example_external_task_marker_dag.py
[2026-05-03T00:29:27.449+0000] {processor.py:840} INFO - DAG(s) 'example_external_task_marker_parent', 'example_external_task_marker_child' retrieved from /home/airflow/.local/lib/python3.8/site-packages/airflow/example_dags/example_external_task_marker_dag.py
[2026-05-03T00:29:27.470+0000] {logging_mixin.py:188} INFO - [2026-05-03T00:29:27.470+0000] {dag.py:3047} INFO - Sync 2 DAGs
[2026-05-03T00:29:27.480+0000] {logging_mixin.py:188} INFO - [2026-05-03T00:29:27.480+0000] {dag.py:3834} INFO - Setting next_dagrun for example_external_task_marker_child to None, run_after=None
[2026-05-03T00:29:27.483+0000] {logging_mixin.py:188} INFO - [2026-05-03T00:29:27.483+0000] {dag.py:3834} INFO - Setting next_dagrun for example_external_task_marker_parent to None, run_after=None
[2026-05-03T00:29:27.497+0000] {processor.py:183} INFO - Processing /home/airflow/.local/lib/python3.8/site-packages/airflow/example_dags/example_external_task_marker_dag.py took 0.058 seconds
[2026-05-03T00:29:57.693+0000] {processor.py:161} INFO - Started process (PID=3302) to work on /home/airflow/.local/lib/python3.8/site-packages/airflow/example_dags/example_external_task_marker_dag.py
[2026-05-03T00:29:57.697+0000] {processor.py:830} INFO - Processing file /home/airflow/.local/lib/python3.8/site-packages/airflow/example_dags/example_external_task_marker_dag.py for tasks to queue
[2026-05-03T00:29:57.699+0000] {logging_mixin.py:188} INFO - [2026-05-03T00:29:57.699+0000] {dagbag.py:540} INFO - Filling up the DagBag from /home/airflow/.local/lib/python3.8/site-packages/airflow/example_dags/example_external_task_marker_dag.py
[2026-05-03T00:29:57.704+0000] {processor.py:840} INFO - DAG(s) 'example_external_task_marker_child', 'example_external_task_marker_parent' retrieved from /home/airflow/.local/lib/python3.8/site-packages/airflow/example_dags/example_external_task_marker_dag.py
[2026-05-03T00:29:57.726+0000] {logging_mixin.py:188} INFO - [2026-05-03T00:29:57.726+0000] {dag.py:3047} INFO - Sync 2 DAGs
[2026-05-03T00:29:57.736+0000] {logging_mixin.py:188} INFO - [2026-05-03T00:29:57.736+0000] {dag.py:3834} INFO - Setting next_dagrun for example_external_task_marker_child to None, run_after=None
[2026-05-03T00:29:57.739+0000] {logging_mixin.py:188} INFO - [2026-05-03T00:29:57.739+0000] {dag.py:3834} INFO - Setting next_dagrun for example_external_task_marker_parent to None, run_after=None
[2026-05-03T00:29:57.754+0000] {processor.py:183} INFO - Processing /home/airflow/.local/lib/python3.8/site-packages/airflow/example_dags/example_external_task_marker_dag.py took 0.064 seconds
[2026-05-03T00:30:27.924+0000] {processor.py:161} INFO - Started process (PID=3358) to work on /home/airflow/.local/lib/python3.8/site-packages/airflow/example_dags/example_external_task_marker_dag.py
[2026-05-03T00:30:27.925+0000] {processor.py:830} INFO - Processing file /home/airflow/.local/lib/python3.8/site-packages/airflow/example_dags/example_external_task_marker_dag.py for tasks to queue
[2026-05-03T00:30:27.926+0000] {logging_mixin.py:188} INFO - [2026-05-03T00:30:27.926+0000] {dagbag.py:540} INFO - Filling up the DagBag from /home/airflow/.local/lib/python3.8/site-packages/airflow/example_dags/example_external_task_marker_dag.py
[2026-05-03T00:30:27.931+0000] {processor.py:840} INFO - DAG(s) 'example_external_task_marker_parent', 'example_external_task_marker_child' retrieved from /home/airflow/.local/lib/python3.8/site-packages/airflow/example_dags/example_external_task_marker_dag.py
[2026-05-03T00:30:27.949+0000] {logging_mixin.py:188} INFO - [2026-05-03T00:30:27.949+0000] {dag.py:3047} INFO - Sync 2 DAGs
[2026-05-03T00:30:27.958+0000] {logging_mixin.py:188} INFO - [2026-05-03T00:30:27.958+0000] {dag.py:3834} INFO - Setting next_dagrun for example_external_task_marker_child to None, run_after=None
[2026-05-03T00:30:27.961+0000] {logging_mixin.py:188} INFO - [2026-05-03T00:30:27.961+0000] {dag.py:3834} INFO - Setting next_dagrun for example_external_task_marker_parent to None, run_after=None
[2026-05-03T00:30:27.970+0000] {processor.py:183} INFO - Processing /home/airflow/.local/lib/python3.8/site-packages/airflow/example_dags/example_external_task_marker_dag.py took 0.050 seconds
[2026-05-03T00:30:58.151+0000] {processor.py:161} INFO - Started process (PID=3414) to work on /home/airflow/.local/lib/python3.8/site-packages/airflow/example_dags/example_external_task_marker_dag.py
[2026-05-03T00:30:58.152+0000] {processor.py:830} INFO - Processing file /home/airflow/.local/lib/python3.8/site-packages/airflow/example_dags/example_external_task_marker_dag.py for tasks to queue
[2026-05-03T00:30:58.153+0000] {logging_mixin.py:188} INFO - [2026-05-03T00:30:58.153+0000] {dagbag.py:540} INFO - Filling up the DagBag from /home/airflow/.local/lib/python3.8/site-packages/airflow/example_dags/example_external_task_marker_dag.py
[2026-05-03T00:30:58.158+0000] {processor.py:840} INFO - DAG(s) 'example_external_task_marker_child', 'example_external_task_marker_parent' retrieved from /home/airflow/.local/lib/python3.8/site-packages/airflow/example_dags/example_external_task_marker_dag.py
[2026-05-03T00:30:58.176+0000] {logging_mixin.py:188} INFO - [2026-05-03T00:30:58.176+0000] {dag.py:3047} INFO - Sync 2 DAGs
[2026-05-03T00:30:58.186+0000] {logging_mixin.py:188} INFO - [2026-05-03T00:30:58.186+0000] {dag.py:3834} INFO - Setting next_dagrun for example_external_task_marker_child to None, run_after=None
[2026-05-03T00:30:58.189+0000] {logging_mixin.py:188} INFO - [2026-05-03T00:30:58.188+0000] {dag.py:3834} INFO - Setting next_dagrun for example_external_task_marker_parent to None, run_after=None
[2026-05-03T00:30:58.199+0000] {processor.py:183} INFO - Processing /home/airflow/.local/lib/python3.8/site-packages/airflow/example_dags/example_external_task_marker_dag.py took 0.052 seconds
[2026-05-03T00:31:29.572+0000] {processor.py:161} INFO - Started process (PID=3470) to work on /home/airflow/.local/lib/python3.8/site-packages/airflow/example_dags/example_external_task_marker_dag.py
[2026-05-03T00:31:29.576+0000] {processor.py:830} INFO - Processing file /home/airflow/.local/lib/python3.8/site-packages/airflow/example_dags/example_external_task_marker_dag.py for tasks to queue
[2026-05-03T00:31:29.578+0000] {logging_mixin.py:188} INFO - [2026-05-03T00:31:29.578+0000] {dagbag.py:540} INFO - Filling up the DagBag from /home/airflow/.local/lib/python3.8/site-packages/airflow/example_dags/example_external_task_marker_dag.py
[2026-05-03T00:31:29.584+0000] {processor.py:840} INFO - DAG(s) 'example_external_task_marker_child', 'example_external_task_marker_parent' retrieved from /home/airflow/.local/lib/python3.8/site-packages/airflow/example_dags/example_external_task_marker_dag.py
[2026-05-03T00:31:29.616+0000] {logging_mixin.py:188} INFO - [2026-05-03T00:31:29.615+0000] {dag.py:3047} INFO - Sync 2 DAGs
[2026-05-03T00:31:29.633+0000] {logging_mixin.py:188} INFO - [2026-05-03T00:31:29.632+0000] {dag.py:3834} INFO - Setting next_dagrun for example_external_task_marker_child to None, run_after=None
[2026-05-03T00:31:29.638+0000] {logging_mixin.py:188} INFO - [2026-05-03T00:31:29.638+0000] {dag.py:3834} INFO - Setting next_dagrun for example_external_task_marker_parent to None, run_after=None
[2026-05-03T00:31:29.659+0000] {processor.py:183} INFO - Processing /home/airflow/.local/lib/python3.8/site-packages/airflow/example_dags/example_external_task_marker_dag.py took 0.095 seconds
[2026-05-03T00:32:00.050+0000] {processor.py:161} INFO - Started process (PID=3526) to work on /home/airflow/.local/lib/python3.8/site-packages/airflow/example_dags/example_external_task_marker_dag.py
[2026-05-03T00:32:00.051+0000] {processor.py:830} INFO - Processing file /home/airflow/.local/lib/python3.8/site-packages/airflow/example_dags/example_external_task_marker_dag.py for tasks to queue
[2026-05-03T00:32:00.053+0000] {logging_mixin.py:188} INFO - [2026-05-03T00:32:00.053+0000] {dagbag.py:540} INFO - Filling up the DagBag from /home/airflow/.local/lib/python3.8/site-packages/airflow/example_dags/example_external_task_marker_dag.py
[2026-05-03T00:32:00.058+0000] {processor.py:840} INFO - DAG(s) 'example_external_task_marker_parent', 'example_external_task_marker_child' retrieved from /home/airflow/.local/lib/python3.8/site-packages/airflow/example_dags/example_external_task_marker_dag.py
[2026-05-03T00:32:00.079+0000] {logging_mixin.py:188} INFO - [2026-05-03T00:32:00.079+0000] {dag.py:3047} INFO - Sync 2 DAGs
[2026-05-03T00:32:00.088+0000] {logging_mixin.py:188} INFO - [2026-05-03T00:32:00.088+0000] {dag.py:3834} INFO - Setting next_dagrun for example_external_task_marker_child to None, run_after=None
[2026-05-03T00:32:00.091+0000] {logging_mixin.py:188} INFO - [2026-05-03T00:32:00.091+0000] {dag.py:3834} INFO - Setting next_dagrun for example_external_task_marker_parent to None, run_after=None
[2026-05-03T00:32:00.106+0000] {processor.py:183} INFO - Processing /home/airflow/.local/lib/python3.8/site-packages/airflow/example_dags/example_external_task_marker_dag.py took 0.059 seconds
[2026-05-03T00:32:30.320+0000] {processor.py:161} INFO - Started process (PID=3582) to work on /home/airflow/.local/lib/python3.8/site-packages/airflow/example_dags/example_external_task_marker_dag.py
[2026-05-03T00:32:30.321+0000] {processor.py:830} INFO - Processing file /home/airflow/.local/lib/python3.8/site-packages/airflow/example_dags/example_external_task_marker_dag.py for tasks to queue
[2026-05-03T00:32:30.322+0000] {logging_mixin.py:188} INFO - [2026-05-03T00:32:30.322+0000] {dagbag.py:540} INFO - Filling up the DagBag from /home/airflow/.local/lib/python3.8/site-packages/airflow/example_dags/example_external_task_marker_dag.py
[2026-05-03T00:32:30.327+0000] {processor.py:840} INFO - DAG(s) 'example_external_task_marker_parent', 'example_external_task_marker_child' retrieved from /home/airflow/.local/lib/python3.8/site-packages/airflow/example_dags/example_external_task_marker_dag.py
[2026-05-03T00:32:30.343+0000] {logging_mixin.py:188} INFO - [2026-05-03T00:32:30.343+0000] {dag.py:3047} INFO - Sync 2 DAGs
[2026-05-03T00:32:30.352+0000] {logging_mixin.py:188} INFO - [2026-05-03T00:32:30.352+0000] {dag.py:3834} INFO - Setting next_dagrun for example_external_task_marker_child to None, run_after=None
[2026-05-03T00:32:30.356+0000] {logging_mixin.py:188} INFO - [2026-05-03T00:32:30.356+0000] {dag.py:3834} INFO - Setting next_dagrun for example_external_task_marker_parent to None, run_after=None
[2026-05-03T00:32:30.367+0000] {processor.py:183} INFO - Processing /home/airflow/.local/lib/python3.8/site-packages/airflow/example_dags/example_external_task_marker_dag.py took 0.050 seconds
[2026-05-03T00:33:00.583+0000] {processor.py:161} INFO - Started process (PID=3639) to work on /home/airflow/.local/lib/python3.8/site-packages/airflow/example_dags/example_external_task_marker_dag.py
[2026-05-03T00:33:00.584+0000] {processor.py:830} INFO - Processing file /home/airflow/.local/lib/python3.8/site-packages/airflow/example_dags/example_external_task_marker_dag.py for tasks to queue
[2026-05-03T00:33:00.585+0000] {logging_mixin.py:188} INFO - [2026-05-03T00:33:00.585+0000] {dagbag.py:540} INFO - Filling up the DagBag from /home/airflow/.local/lib/python3.8/site-packages/airflow/example_dags/example_external_task_marker_dag.py
[2026-05-03T00:33:00.589+0000] {processor.py:840} INFO - DAG(s) 'example_external_task_marker_parent', 'example_external_task_marker_child' retrieved from /home/airflow/.local/lib/python3.8/site-packages/airflow/example_dags/example_external_task_marker_dag.py
[2026-05-03T00:33:00.606+0000] {logging_mixin.py:188} INFO - [2026-05-03T00:33:00.606+0000] {dag.py:3047} INFO - Sync 2 DAGs
[2026-05-03T00:33:00.615+0000] {logging_mixin.py:188} INFO - [2026-05-03T00:33:00.615+0000] {dag.py:3834} INFO - Setting next_dagrun for example_external_task_marker_child to None, run_after=None
[2026-05-03T00:33:00.618+0000] {logging_mixin.py:188} INFO - [2026-05-03T00:33:00.618+0000] {dag.py:3834} INFO - Setting next_dagrun for example_external_task_marker_parent to None, run_after=None
[2026-05-03T00:33:00.627+0000] {processor.py:183} INFO - Processing /home/airflow/.local/lib/python3.8/site-packages/airflow/example_dags/example_external_task_marker_dag.py took 0.048 seconds
[2026-05-03T00:33:31.160+0000] {processor.py:161} INFO - Started process (PID=3694) to work on /home/airflow/.local/lib/python3.8/site-packages/airflow/example_dags/example_external_task_marker_dag.py
[2026-05-03T00:33:31.162+0000] {processor.py:830} INFO - Processing file /home/airflow/.local/lib/python3.8/site-packages/airflow/example_dags/example_external_task_marker_dag.py for tasks to queue
[2026-05-03T00:33:31.165+0000] {logging_mixin.py:188} INFO - [2026-05-03T00:33:31.165+0000] {dagbag.py:540} INFO - Filling up the DagBag from /home/airflow/.local/lib/python3.8/site-packages/airflow/example_dags/example_external_task_marker_dag.py
[2026-05-03T00:33:31.169+0000] {processor.py:840} INFO - DAG(s) 'example_external_task_marker_child', 'example_external_task_marker_parent' retrieved from /home/airflow/.local/lib/python3.8/site-packages/airflow/example_dags/example_external_task_marker_dag.py
[2026-05-03T00:33:31.189+0000] {logging_mixin.py:188} INFO - [2026-05-03T00:33:31.189+0000] {dag.py:3047} INFO - Sync 2 DAGs
[2026-05-03T00:33:31.199+0000] {logging_mixin.py:188} INFO - [2026-05-03T00:33:31.199+0000] {dag.py:3834} INFO - Setting next_dagrun for example_external_task_marker_child to None, run_after=None
[2026-05-03T00:33:31.202+0000] {logging_mixin.py:188} INFO - [2026-05-03T00:33:31.201+0000] {dag.py:3834} INFO - Setting next_dagrun for example_external_task_marker_parent to None, run_after=None
[2026-05-03T00:33:31.211+0000] {processor.py:183} INFO - Processing /home/airflow/.local/lib/python3.8/site-packages/airflow/example_dags/example_external_task_marker_dag.py took 0.054 seconds
[2026-05-03T00:34:01.716+0000] {processor.py:161} INFO - Started process (PID=3750) to work on /home/airflow/.local/lib/python3.8/site-packages/airflow/example_dags/example_external_task_marker_dag.py
[2026-05-03T00:34:01.719+0000] {processor.py:830} INFO - Processing file /home/airflow/.local/lib/python3.8/site-packages/airflow/example_dags/example_external_task_marker_dag.py for tasks to queue
[2026-05-03T00:34:01.721+0000] {logging_mixin.py:188} INFO - [2026-05-03T00:34:01.720+0000] {dagbag.py:540} INFO - Filling up the DagBag from /home/airflow/.local/lib/python3.8/site-packages/airflow/example_dags/example_external_task_marker_dag.py
[2026-05-03T00:34:01.727+0000] {processor.py:840} INFO - DAG(s) 'example_external_task_marker_parent', 'example_external_task_marker_child' retrieved from /home/airflow/.local/lib/python3.8/site-packages/airflow/example_dags/example_external_task_marker_dag.py
[2026-05-03T00:34:01.749+0000] {logging_mixin.py:188} INFO - [2026-05-03T00:34:01.749+0000] {dag.py:3047} INFO - Sync 2 DAGs
[2026-05-03T00:34:01.758+0000] {logging_mixin.py:188} INFO - [2026-05-03T00:34:01.757+0000] {dag.py:3834} INFO - Setting next_dagrun for example_external_task_marker_child to None, run_after=None
[2026-05-03T00:34:01.761+0000] {logging_mixin.py:188} INFO - [2026-05-03T00:34:01.761+0000] {dag.py:3834} INFO - Setting next_dagrun for example_external_task_marker_parent to None, run_after=None
[2026-05-03T00:34:01.772+0000] {processor.py:183} INFO - Processing /home/airflow/.local/lib/python3.8/site-packages/airflow/example_dags/example_external_task_marker_dag.py took 0.059 seconds
[2026-05-03T00:34:31.974+0000] {processor.py:161} INFO - Started process (PID=3806) to work on /home/airflow/.local/lib/python3.8/site-packages/airflow/example_dags/example_external_task_marker_dag.py
[2026-05-03T00:34:31.976+0000] {processor.py:830} INFO - Processing file /home/airflow/.local/lib/python3.8/site-packages/airflow/example_dags/example_external_task_marker_dag.py for tasks to queue
[2026-05-03T00:34:31.978+0000] {logging_mixin.py:188} INFO - [2026-05-03T00:34:31.977+0000] {dagbag.py:540} INFO - Filling up the DagBag from /home/airflow/.local/lib/python3.8/site-packages/airflow/example_dags/example_external_task_marker_dag.py
[2026-05-03T00:34:31.982+0000] {processor.py:840} INFO - DAG(s) 'example_external_task_marker_child', 'example_external_task_marker_parent' retrieved from /home/airflow/.local/lib/python3.8/site-packages/airflow/example_dags/example_external_task_marker_dag.py
[2026-05-03T00:34:32.029+0000] {logging_mixin.py:188} INFO - [2026-05-03T00:34:32.029+0000] {dag.py:3047} INFO - Sync 2 DAGs
[2026-05-03T00:34:32.040+0000] {logging_mixin.py:188} INFO - [2026-05-03T00:34:32.039+0000] {dag.py:3834} INFO - Setting next_dagrun for example_external_task_marker_child to None, run_after=None
[2026-05-03T00:34:32.042+0000] {logging_mixin.py:188} INFO - [2026-05-03T00:34:32.042+0000] {dag.py:3834} INFO - Setting next_dagrun for example_external_task_marker_parent to None, run_after=None
[2026-05-03T00:34:32.053+0000] {processor.py:183} INFO - Processing /home/airflow/.local/lib/python3.8/site-packages/airflow/example_dags/example_external_task_marker_dag.py took 0.082 seconds
[2026-05-03T00:35:02.181+0000] {processor.py:161} INFO - Started process (PID=3862) to work on /home/airflow/.local/lib/python3.8/site-packages/airflow/example_dags/example_external_task_marker_dag.py
[2026-05-03T00:35:02.181+0000] {processor.py:830} INFO - Processing file /home/airflow/.local/lib/python3.8/site-packages/airflow/example_dags/example_external_task_marker_dag.py for tasks to queue
[2026-05-03T00:35:02.183+0000] {logging_mixin.py:188} INFO - [2026-05-03T00:35:02.183+0000] {dagbag.py:540} INFO - Filling up the DagBag from /home/airflow/.local/lib/python3.8/site-packages/airflow/example_dags/example_external_task_marker_dag.py
[2026-05-03T00:35:02.187+0000] {processor.py:840} INFO - DAG(s) 'example_external_task_marker_parent', 'example_external_task_marker_child' retrieved from /home/airflow/.local/lib/python3.8/site-packages/airflow/example_dags/example_external_task_marker_dag.py
[2026-05-03T00:35:02.202+0000] {logging_mixin.py:188} INFO - [2026-05-03T00:35:02.202+0000] {dag.py:3047} INFO - Sync 2 DAGs
[2026-05-03T00:35:02.210+0000] {logging_mixin.py:188} INFO - [2026-05-03T00:35:02.210+0000] {dag.py:3834} INFO - Setting next_dagrun for example_external_task_marker_child to None, run_after=None
[2026-05-03T00:35:02.212+0000] {logging_mixin.py:188} INFO - [2026-05-03T00:35:02.212+0000] {dag.py:3834} INFO - Setting next_dagrun for example_external_task_marker_parent to None, run_after=None
[2026-05-03T00:35:02.221+0000] {processor.py:183} INFO - Processing /home/airflow/.local/lib/python3.8/site-packages/airflow/example_dags/example_external_task_marker_dag.py took 0.043 seconds
[2026-05-03T00:35:32.490+0000] {processor.py:161} INFO - Started process (PID=3918) to work on /home/airflow/.local/lib/python3.8/site-packages/airflow/example_dags/example_external_task_marker_dag.py
[2026-05-03T00:35:32.491+0000] {processor.py:830} INFO - Processing file /home/airflow/.local/lib/python3.8/site-packages/airflow/example_dags/example_external_task_marker_dag.py for tasks to queue
[2026-05-03T00:35:32.492+0000] {logging_mixin.py:188} INFO - [2026-05-03T00:35:32.492+0000] {dagbag.py:540} INFO - Filling up the DagBag from /home/airflow/.local/lib/python3.8/site-packages/airflow/example_dags/example_external_task_marker_dag.py
[2026-05-03T00:35:32.499+0000] {processor.py:840} INFO - DAG(s) 'example_external_task_marker_child', 'example_external_task_marker_parent' retrieved from /home/airflow/.local/lib/python3.8/site-packages/airflow/example_dags/example_external_task_marker_dag.py
[2026-05-03T00:35:32.518+0000] {logging_mixin.py:188} INFO - [2026-05-03T00:35:32.518+0000] {dag.py:3047} INFO - Sync 2 DAGs
[2026-05-03T00:35:32.527+0000] {logging_mixin.py:188} INFO - [2026-05-03T00:35:32.527+0000] {dag.py:3834} INFO - Setting next_dagrun for example_external_task_marker_child to None, run_after=None
[2026-05-03T00:35:32.531+0000] {logging_mixin.py:188} INFO - [2026-05-03T00:35:32.531+0000] {dag.py:3834} INFO - Setting next_dagrun for example_external_task_marker_parent to None, run_after=None
[2026-05-03T00:35:32.541+0000] {processor.py:183} INFO - Processing /home/airflow/.local/lib/python3.8/site-packages/airflow/example_dags/example_external_task_marker_dag.py took 0.054 seconds
[2026-05-03T00:36:03.203+0000] {processor.py:161} INFO - Started process (PID=3974) to work on /home/airflow/.local/lib/python3.8/site-packages/airflow/example_dags/example_external_task_marker_dag.py
[2026-05-03T00:36:03.204+0000] {processor.py:830} INFO - Processing file /home/airflow/.local/lib/python3.8/site-packages/airflow/example_dags/example_external_task_marker_dag.py for tasks to queue
[2026-05-03T00:36:03.209+0000] {logging_mixin.py:188} INFO - [2026-05-03T00:36:03.209+0000] {dagbag.py:540} INFO - Filling up the DagBag from /home/airflow/.local/lib/python3.8/site-packages/airflow/example_dags/example_external_task_marker_dag.py
[2026-05-03T00:36:03.214+0000] {processor.py:840} INFO - DAG(s) 'example_external_task_marker_parent', 'example_external_task_marker_child' retrieved from /home/airflow/.local/lib/python3.8/site-packages/airflow/example_dags/example_external_task_marker_dag.py
[2026-05-03T00:36:03.236+0000] {logging_mixin.py:188} INFO - [2026-05-03T00:36:03.235+0000] {dag.py:3047} INFO - Sync 2 DAGs
[2026-05-03T00:36:03.244+0000] {logging_mixin.py:188} INFO - [2026-05-03T00:36:03.244+0000] {dag.py:3834} INFO - Setting next_dagrun for example_external_task_marker_child to None, run_after=None
[2026-05-03T00:36:03.246+0000] {logging_mixin.py:188} INFO - [2026-05-03T00:36:03.246+0000] {dag.py:3834} INFO - Setting next_dagrun for example_external_task_marker_parent to None, run_after=None
[2026-05-03T00:36:03.259+0000] {processor.py:183} INFO - Processing /home/airflow/.local/lib/python3.8/site-packages/airflow/example_dags/example_external_task_marker_dag.py took 0.059 seconds
[2026-05-03T00:36:33.489+0000] {processor.py:161} INFO - Started process (PID=4030) to work on /home/airflow/.local/lib/python3.8/site-packages/airflow/example_dags/example_external_task_marker_dag.py
[2026-05-03T00:36:33.490+0000] {processor.py:830} INFO - Processing file /home/airflow/.local/lib/python3.8/site-packages/airflow/example_dags/example_external_task_marker_dag.py for tasks to queue
[2026-05-03T00:36:33.491+0000] {logging_mixin.py:188} INFO - [2026-05-03T00:36:33.491+0000] {dagbag.py:540} INFO - Filling up the DagBag from /home/airflow/.local/lib/python3.8/site-packages/airflow/example_dags/example_external_task_marker_dag.py
[2026-05-03T00:36:33.495+0000] {processor.py:840} INFO - DAG(s) 'example_external_task_marker_child', 'example_external_task_marker_parent' retrieved from /home/airflow/.local/lib/python3.8/site-packages/airflow/example_dags/example_external_task_marker_dag.py
[2026-05-03T00:36:33.510+0000] {logging_mixin.py:188} INFO - [2026-05-03T00:36:33.510+0000] {dag.py:3047} INFO - Sync 2 DAGs
[2026-05-03T00:36:33.518+0000] {logging_mixin.py:188} INFO - [2026-05-03T00:36:33.518+0000] {dag.py:3834} INFO - Setting next_dagrun for example_external_task_marker_child to None, run_after=None
[2026-05-03T00:36:33.520+0000] {logging_mixin.py:188} INFO - [2026-05-03T00:36:33.520+0000] {dag.py:3834} INFO - Setting next_dagrun for example_external_task_marker_parent to None, run_after=None
[2026-05-03T00:36:33.528+0000] {processor.py:183} INFO - Processing /home/airflow/.local/lib/python3.8/site-packages/airflow/example_dags/example_external_task_marker_dag.py took 0.042 seconds
[2026-05-03T00:37:03.890+0000] {processor.py:161} INFO - Started process (PID=4086) to work on /home/airflow/.local/lib/python3.8/site-packages/airflow/example_dags/example_external_task_marker_dag.py
[2026-05-03T00:37:03.898+0000] {processor.py:830} INFO - Processing file /home/airflow/.local/lib/python3.8/site-packages/airflow/example_dags/example_external_task_marker_dag.py for tasks to queue
[2026-05-03T00:37:03.902+0000] {logging_mixin.py:188} INFO - [2026-05-03T00:37:03.902+0000] {dagbag.py:540} INFO - Filling up the DagBag from /home/airflow/.local/lib/python3.8/site-packages/airflow/example_dags/example_external_task_marker_dag.py
[2026-05-03T00:37:03.912+0000] {processor.py:840} INFO - DAG(s) 'example_external_task_marker_parent', 'example_external_task_marker_child' retrieved from /home/airflow/.local/lib/python3.8/site-packages/airflow/example_dags/example_external_task_marker_dag.py
[2026-05-03T00:37:03.937+0000] {logging_mixin.py:188} INFO - [2026-05-03T00:37:03.937+0000] {dag.py:3047} INFO - Sync 2 DAGs
[2026-05-03T00:37:03.949+0000] {logging_mixin.py:188} INFO - [2026-05-03T00:37:03.949+0000] {dag.py:3834} INFO - Setting next_dagrun for example_external_task_marker_child to None, run_after=None
[2026-05-03T00:37:03.956+0000] {logging_mixin.py:188} INFO - [2026-05-03T00:37:03.956+0000] {dag.py:3834} INFO - Setting next_dagrun for example_external_task_marker_parent to None, run_after=None
[2026-05-03T00:37:03.975+0000] {processor.py:183} INFO - Processing /home/airflow/.local/lib/python3.8/site-packages/airflow/example_dags/example_external_task_marker_dag.py took 0.089 seconds
[2026-05-03T00:37:34.492+0000] {processor.py:161} INFO - Started process (PID=4142) to work on /home/airflow/.local/lib/python3.8/site-packages/airflow/example_dags/example_external_task_marker_dag.py
[2026-05-03T00:37:34.494+0000] {processor.py:830} INFO - Processing file /home/airflow/.local/lib/python3.8/site-packages/airflow/example_dags/example_external_task_marker_dag.py for tasks to queue
[2026-05-03T00:37:34.495+0000] {logging_mixin.py:188} INFO - [2026-05-03T00:37:34.495+0000] {dagbag.py:540} INFO - Filling up the DagBag from /home/airflow/.local/lib/python3.8/site-packages/airflow/example_dags/example_external_task_marker_dag.py
[2026-05-03T00:37:34.499+0000] {processor.py:840} INFO - DAG(s) 'example_external_task_marker_parent', 'example_external_task_marker_child' retrieved from /home/airflow/.local/lib/python3.8/site-packages/airflow/example_dags/example_external_task_marker_dag.py
[2026-05-03T00:37:34.521+0000] {logging_mixin.py:188} INFO - [2026-05-03T00:37:34.521+0000] {dag.py:3047} INFO - Sync 2 DAGs
[2026-05-03T00:37:34.531+0000] {logging_mixin.py:188} INFO - [2026-05-03T00:37:34.531+0000] {dag.py:3834} INFO - Setting next_dagrun for example_external_task_marker_child to None, run_after=None
[2026-05-03T00:37:34.534+0000] {logging_mixin.py:188} INFO - [2026-05-03T00:37:34.534+0000] {dag.py:3834} INFO - Setting next_dagrun for example_external_task_marker_parent to None, run_after=None
[2026-05-03T00:37:34.546+0000] {processor.py:183} INFO - Processing /home/airflow/.local/lib/python3.8/site-packages/airflow/example_dags/example_external_task_marker_dag.py took 0.056 seconds
[2026-05-03T00:38:04.911+0000] {processor.py:161} INFO - Started process (PID=4198) to work on /home/airflow/.local/lib/python3.8/site-packages/airflow/example_dags/example_external_task_marker_dag.py
[2026-05-03T00:38:04.912+0000] {processor.py:830} INFO - Processing file /home/airflow/.local/lib/python3.8/site-packages/airflow/example_dags/example_external_task_marker_dag.py for tasks to queue
[2026-05-03T00:38:04.914+0000] {logging_mixin.py:188} INFO - [2026-05-03T00:38:04.914+0000] {dagbag.py:540} INFO - Filling up the DagBag from /home/airflow/.local/lib/python3.8/site-packages/airflow/example_dags/example_external_task_marker_dag.py
[2026-05-03T00:38:04.922+0000] {processor.py:840} INFO - DAG(s) 'example_external_task_marker_child', 'example_external_task_marker_parent' retrieved from /home/airflow/.local/lib/python3.8/site-packages/airflow/example_dags/example_external_task_marker_dag.py
[2026-05-03T00:38:04.940+0000] {logging_mixin.py:188} INFO - [2026-05-03T00:38:04.939+0000] {dag.py:3047} INFO - Sync 2 DAGs
[2026-05-03T00:38:04.949+0000] {logging_mixin.py:188} INFO - [2026-05-03T00:38:04.949+0000] {dag.py:3834} INFO - Setting next_dagrun for example_external_task_marker_child to None, run_after=None
[2026-05-03T00:38:04.953+0000] {logging_mixin.py:188} INFO - [2026-05-03T00:38:04.953+0000] {dag.py:3834} INFO - Setting next_dagrun for example_external_task_marker_parent to None, run_after=None
[2026-05-03T00:38:04.966+0000] {processor.py:183} INFO - Processing /home/airflow/.local/lib/python3.8/site-packages/airflow/example_dags/example_external_task_marker_dag.py took 0.057 seconds
[2026-05-03T00:38:35.375+0000] {processor.py:161} INFO - Started process (PID=4254) to work on /home/airflow/.local/lib/python3.8/site-packages/airflow/example_dags/example_external_task_marker_dag.py
[2026-05-03T00:38:35.377+0000] {processor.py:830} INFO - Processing file /home/airflow/.local/lib/python3.8/site-packages/airflow/example_dags/example_external_task_marker_dag.py for tasks to queue
[2026-05-03T00:38:35.379+0000] {logging_mixin.py:188} INFO - [2026-05-03T00:38:35.379+0000] {dagbag.py:540} INFO - Filling up the DagBag from /home/airflow/.local/lib/python3.8/site-packages/airflow/example_dags/example_external_task_marker_dag.py
[2026-05-03T00:38:35.383+0000] {processor.py:840} INFO - DAG(s) 'example_external_task_marker_child', 'example_external_task_marker_parent' retrieved from /home/airflow/.local/lib/python3.8/site-packages/airflow/example_dags/example_external_task_marker_dag.py
[2026-05-03T00:38:35.400+0000] {logging_mixin.py:188} INFO - [2026-05-03T00:38:35.400+0000] {dag.py:3047} INFO - Sync 2 DAGs
[2026-05-03T00:38:35.409+0000] {logging_mixin.py:188} INFO - [2026-05-03T00:38:35.409+0000] {dag.py:3834} INFO - Setting next_dagrun for example_external_task_marker_child to None, run_after=None
[2026-05-03T00:38:35.413+0000] {logging_mixin.py:188} INFO - [2026-05-03T00:38:35.413+0000] {dag.py:3834} INFO - Setting next_dagrun for example_external_task_marker_parent to None, run_after=None
[2026-05-03T00:38:35.431+0000] {processor.py:183} INFO - Processing /home/airflow/.local/lib/python3.8/site-packages/airflow/example_dags/example_external_task_marker_dag.py took 0.059 seconds
[2026-05-03T00:39:05.688+0000] {processor.py:161} INFO - Started process (PID=4310) to work on /home/airflow/.local/lib/python3.8/site-packages/airflow/example_dags/example_external_task_marker_dag.py
[2026-05-03T00:39:05.689+0000] {processor.py:830} INFO - Processing file /home/airflow/.local/lib/python3.8/site-packages/airflow/example_dags/example_external_task_marker_dag.py for tasks to queue
[2026-05-03T00:39:05.691+0000] {logging_mixin.py:188} INFO - [2026-05-03T00:39:05.690+0000] {dagbag.py:540} INFO - Filling up the DagBag from /home/airflow/.local/lib/python3.8/site-packages/airflow/example_dags/example_external_task_marker_dag.py
[2026-05-03T00:39:05.697+0000] {processor.py:840} INFO - DAG(s) 'example_external_task_marker_parent', 'example_external_task_marker_child' retrieved from /home/airflow/.local/lib/python3.8/site-packages/airflow/example_dags/example_external_task_marker_dag.py
[2026-05-03T00:39:05.718+0000] {logging_mixin.py:188} INFO - [2026-05-03T00:39:05.718+0000] {dag.py:3047} INFO - Sync 2 DAGs
[2026-05-03T00:39:05.728+0000] {logging_mixin.py:188} INFO - [2026-05-03T00:39:05.727+0000] {dag.py:3834} INFO - Setting next_dagrun for example_external_task_marker_child to None, run_after=None
[2026-05-03T00:39:05.730+0000] {logging_mixin.py:188} INFO - [2026-05-03T00:39:05.730+0000] {dag.py:3834} INFO - Setting next_dagrun for example_external_task_marker_parent to None, run_after=None
[2026-05-03T00:39:05.744+0000] {processor.py:183} INFO - Processing /home/airflow/.local/lib/python3.8/site-packages/airflow/example_dags/example_external_task_marker_dag.py took 0.059 seconds
[2026-05-03T00:39:36.368+0000] {processor.py:161} INFO - Started process (PID=4366) to work on /home/airflow/.local/lib/python3.8/site-packages/airflow/example_dags/example_external_task_marker_dag.py
[2026-05-03T00:39:36.369+0000] {processor.py:830} INFO - Processing file /home/airflow/.local/lib/python3.8/site-packages/airflow/example_dags/example_external_task_marker_dag.py for tasks to queue
[2026-05-03T00:39:36.371+0000] {logging_mixin.py:188} INFO - [2026-05-03T00:39:36.371+0000] {dagbag.py:540} INFO - Filling up the DagBag from /home/airflow/.local/lib/python3.8/site-packages/airflow/example_dags/example_external_task_marker_dag.py
[2026-05-03T00:39:36.377+0000] {processor.py:840} INFO - DAG(s) 'example_external_task_marker_child', 'example_external_task_marker_parent' retrieved from /home/airflow/.local/lib/python3.8/site-packages/airflow/example_dags/example_external_task_marker_dag.py
[2026-05-03T00:39:36.401+0000] {logging_mixin.py:188} INFO - [2026-05-03T00:39:36.400+0000] {dag.py:3047} INFO - Sync 2 DAGs
[2026-05-03T00:39:36.412+0000] {logging_mixin.py:188} INFO - [2026-05-03T00:39:36.412+0000] {dag.py:3834} INFO - Setting next_dagrun for example_external_task_marker_child to None, run_after=None
[2026-05-03T00:39:36.416+0000] {logging_mixin.py:188} INFO - [2026-05-03T00:39:36.416+0000] {dag.py:3834} INFO - Setting next_dagrun for example_external_task_marker_parent to None, run_after=None
[2026-05-03T00:39:36.429+0000] {processor.py:183} INFO - Processing /home/airflow/.local/lib/python3.8/site-packages/airflow/example_dags/example_external_task_marker_dag.py took 0.064 seconds
