[2026-05-03T00:02:02.358+0000] {processor.py:161} INFO - Started process (PID=2794) to work on /home/airflow/.local/lib/python3.8/site-packages/airflow/example_dags/example_python_decorator.py
[2026-05-03T00:02:02.360+0000] {processor.py:830} INFO - Processing file /home/airflow/.local/lib/python3.8/site-packages/airflow/example_dags/example_python_decorator.py for tasks to queue
[2026-05-03T00:02:02.361+0000] {logging_mixin.py:188} INFO - [2026-05-03T00:02:02.361+0000] {dagbag.py:540} INFO - Filling up the DagBag from /home/airflow/.local/lib/python3.8/site-packages/airflow/example_dags/example_python_decorator.py
[2026-05-03T00:02:02.371+0000] {processor.py:840} INFO - DAG(s) 'example_python_decorator' retrieved from /home/airflow/.local/lib/python3.8/site-packages/airflow/example_dags/example_python_decorator.py
[2026-05-03T00:02:02.387+0000] {logging_mixin.py:188} INFO - [2026-05-03T00:02:02.386+0000] {dag.py:3047} INFO - Sync 1 DAGs
[2026-05-03T00:02:02.397+0000] {logging_mixin.py:188} INFO - [2026-05-03T00:02:02.397+0000] {dag.py:3834} INFO - Setting next_dagrun for example_python_decorator to None, run_after=None
[2026-05-03T00:02:02.412+0000] {processor.py:183} INFO - Processing /home/airflow/.local/lib/python3.8/site-packages/airflow/example_dags/example_python_decorator.py took 0.057 seconds
[2026-05-03T00:11:42.776+0000] {processor.py:161} INFO - Started process (PID=2850) to work on /home/airflow/.local/lib/python3.8/site-packages/airflow/example_dags/example_python_decorator.py
[2026-05-03T00:11:42.777+0000] {processor.py:830} INFO - Processing file /home/airflow/.local/lib/python3.8/site-packages/airflow/example_dags/example_python_decorator.py for tasks to queue
[2026-05-03T00:11:42.779+0000] {logging_mixin.py:188} INFO - [2026-05-03T00:11:42.779+0000] {dagbag.py:540} INFO - Filling up the DagBag from /home/airflow/.local/lib/python3.8/site-packages/airflow/example_dags/example_python_decorator.py
[2026-05-03T00:11:42.790+0000] {processor.py:840} INFO - DAG(s) 'example_python_decorator' retrieved from /home/airflow/.local/lib/python3.8/site-packages/airflow/example_dags/example_python_decorator.py
[2026-05-03T00:11:42.804+0000] {logging_mixin.py:188} INFO - [2026-05-03T00:11:42.803+0000] {dag.py:3047} INFO - Sync 1 DAGs
[2026-05-03T00:11:42.810+0000] {logging_mixin.py:188} INFO - [2026-05-03T00:11:42.810+0000] {dag.py:3834} INFO - Setting next_dagrun for example_python_decorator to None, run_after=None
[2026-05-03T00:11:42.820+0000] {processor.py:183} INFO - Processing /home/airflow/.local/lib/python3.8/site-packages/airflow/example_dags/example_python_decorator.py took 0.047 seconds
[2026-05-03T00:20:54.547+0000] {processor.py:161} INFO - Started process (PID=2906) to work on /home/airflow/.local/lib/python3.8/site-packages/airflow/example_dags/example_python_decorator.py
[2026-05-03T00:20:54.548+0000] {processor.py:830} INFO - Processing file /home/airflow/.local/lib/python3.8/site-packages/airflow/example_dags/example_python_decorator.py for tasks to queue
[2026-05-03T00:20:54.550+0000] {logging_mixin.py:188} INFO - [2026-05-03T00:20:54.550+0000] {dagbag.py:540} INFO - Filling up the DagBag from /home/airflow/.local/lib/python3.8/site-packages/airflow/example_dags/example_python_decorator.py
[2026-05-03T00:20:54.560+0000] {processor.py:840} INFO - DAG(s) 'example_python_decorator' retrieved from /home/airflow/.local/lib/python3.8/site-packages/airflow/example_dags/example_python_decorator.py
[2026-05-03T00:20:54.577+0000] {logging_mixin.py:188} INFO - [2026-05-03T00:20:54.577+0000] {dag.py:3047} INFO - Sync 1 DAGs
[2026-05-03T00:20:54.584+0000] {logging_mixin.py:188} INFO - [2026-05-03T00:20:54.584+0000] {dag.py:3834} INFO - Setting next_dagrun for example_python_decorator to None, run_after=None
[2026-05-03T00:20:54.595+0000] {processor.py:183} INFO - Processing /home/airflow/.local/lib/python3.8/site-packages/airflow/example_dags/example_python_decorator.py took 0.051 seconds
[2026-05-03T00:26:55.311+0000] {processor.py:161} INFO - Started process (PID=2962) to work on /home/airflow/.local/lib/python3.8/site-packages/airflow/example_dags/example_python_decorator.py
[2026-05-03T00:26:55.315+0000] {processor.py:830} INFO - Processing file /home/airflow/.local/lib/python3.8/site-packages/airflow/example_dags/example_python_decorator.py for tasks to queue
[2026-05-03T00:26:55.317+0000] {logging_mixin.py:188} INFO - [2026-05-03T00:26:55.317+0000] {dagbag.py:540} INFO - Filling up the DagBag from /home/airflow/.local/lib/python3.8/site-packages/airflow/example_dags/example_python_decorator.py
[2026-05-03T00:26:55.356+0000] {processor.py:840} INFO - DAG(s) 'example_python_decorator' retrieved from /home/airflow/.local/lib/python3.8/site-packages/airflow/example_dags/example_python_decorator.py
[2026-05-03T00:26:55.384+0000] {logging_mixin.py:188} INFO - [2026-05-03T00:26:55.383+0000] {dag.py:3047} INFO - Sync 1 DAGs
[2026-05-03T00:26:55.398+0000] {logging_mixin.py:188} INFO - [2026-05-03T00:26:55.398+0000] {dag.py:3834} INFO - Setting next_dagrun for example_python_decorator to None, run_after=None
[2026-05-03T00:26:55.581+0000] {processor.py:183} INFO - Processing /home/airflow/.local/lib/python3.8/site-packages/airflow/example_dags/example_python_decorator.py took 0.278 seconds
[2026-05-03T00:27:25.955+0000] {processor.py:161} INFO - Started process (PID=3018) to work on /home/airflow/.local/lib/python3.8/site-packages/airflow/example_dags/example_python_decorator.py
[2026-05-03T00:27:25.956+0000] {processor.py:830} INFO - Processing file /home/airflow/.local/lib/python3.8/site-packages/airflow/example_dags/example_python_decorator.py for tasks to queue
[2026-05-03T00:27:25.957+0000] {logging_mixin.py:188} INFO - [2026-05-03T00:27:25.957+0000] {dagbag.py:540} INFO - Filling up the DagBag from /home/airflow/.local/lib/python3.8/site-packages/airflow/example_dags/example_python_decorator.py
[2026-05-03T00:27:25.967+0000] {processor.py:840} INFO - DAG(s) 'example_python_decorator' retrieved from /home/airflow/.local/lib/python3.8/site-packages/airflow/example_dags/example_python_decorator.py
[2026-05-03T00:27:25.982+0000] {logging_mixin.py:188} INFO - [2026-05-03T00:27:25.982+0000] {dag.py:3047} INFO - Sync 1 DAGs
[2026-05-03T00:27:25.990+0000] {logging_mixin.py:188} INFO - [2026-05-03T00:27:25.990+0000] {dag.py:3834} INFO - Setting next_dagrun for example_python_decorator to None, run_after=None
[2026-05-03T00:27:26.002+0000] {processor.py:183} INFO - Processing /home/airflow/.local/lib/python3.8/site-packages/airflow/example_dags/example_python_decorator.py took 0.050 seconds
[2026-05-03T00:27:56.327+0000] {processor.py:161} INFO - Started process (PID=3074) to work on /home/airflow/.local/lib/python3.8/site-packages/airflow/example_dags/example_python_decorator.py
[2026-05-03T00:27:56.329+0000] {processor.py:830} INFO - Processing file /home/airflow/.local/lib/python3.8/site-packages/airflow/example_dags/example_python_decorator.py for tasks to queue
[2026-05-03T00:27:56.330+0000] {logging_mixin.py:188} INFO - [2026-05-03T00:27:56.330+0000] {dagbag.py:540} INFO - Filling up the DagBag from /home/airflow/.local/lib/python3.8/site-packages/airflow/example_dags/example_python_decorator.py
[2026-05-03T00:27:56.343+0000] {processor.py:840} INFO - DAG(s) 'example_python_decorator' retrieved from /home/airflow/.local/lib/python3.8/site-packages/airflow/example_dags/example_python_decorator.py
[2026-05-03T00:27:56.363+0000] {logging_mixin.py:188} INFO - [2026-05-03T00:27:56.362+0000] {dag.py:3047} INFO - Sync 1 DAGs
[2026-05-03T00:27:56.371+0000] {logging_mixin.py:188} INFO - [2026-05-03T00:27:56.371+0000] {dag.py:3834} INFO - Setting next_dagrun for example_python_decorator to None, run_after=None
[2026-05-03T00:27:56.386+0000] {processor.py:183} INFO - Processing /home/airflow/.local/lib/python3.8/site-packages/airflow/example_dags/example_python_decorator.py took 0.062 seconds
[2026-05-03T00:28:26.636+0000] {processor.py:161} INFO - Started process (PID=3130) to work on /home/airflow/.local/lib/python3.8/site-packages/airflow/example_dags/example_python_decorator.py
[2026-05-03T00:28:26.637+0000] {processor.py:830} INFO - Processing file /home/airflow/.local/lib/python3.8/site-packages/airflow/example_dags/example_python_decorator.py for tasks to queue
[2026-05-03T00:28:26.642+0000] {logging_mixin.py:188} INFO - [2026-05-03T00:28:26.642+0000] {dagbag.py:540} INFO - Filling up the DagBag from /home/airflow/.local/lib/python3.8/site-packages/airflow/example_dags/example_python_decorator.py
[2026-05-03T00:28:26.651+0000] {processor.py:840} INFO - DAG(s) 'example_python_decorator' retrieved from /home/airflow/.local/lib/python3.8/site-packages/airflow/example_dags/example_python_decorator.py
[2026-05-03T00:28:26.666+0000] {logging_mixin.py:188} INFO - [2026-05-03T00:28:26.666+0000] {dag.py:3047} INFO - Sync 1 DAGs
[2026-05-03T00:28:26.674+0000] {logging_mixin.py:188} INFO - [2026-05-03T00:28:26.674+0000] {dag.py:3834} INFO - Setting next_dagrun for example_python_decorator to None, run_after=None
[2026-05-03T00:28:26.684+0000] {processor.py:183} INFO - Processing /home/airflow/.local/lib/python3.8/site-packages/airflow/example_dags/example_python_decorator.py took 0.051 seconds
[2026-05-03T00:28:56.931+0000] {processor.py:161} INFO - Started process (PID=3186) to work on /home/airflow/.local/lib/python3.8/site-packages/airflow/example_dags/example_python_decorator.py
[2026-05-03T00:28:56.931+0000] {processor.py:830} INFO - Processing file /home/airflow/.local/lib/python3.8/site-packages/airflow/example_dags/example_python_decorator.py for tasks to queue
[2026-05-03T00:28:56.933+0000] {logging_mixin.py:188} INFO - [2026-05-03T00:28:56.933+0000] {dagbag.py:540} INFO - Filling up the DagBag from /home/airflow/.local/lib/python3.8/site-packages/airflow/example_dags/example_python_decorator.py
[2026-05-03T00:28:56.942+0000] {processor.py:840} INFO - DAG(s) 'example_python_decorator' retrieved from /home/airflow/.local/lib/python3.8/site-packages/airflow/example_dags/example_python_decorator.py
[2026-05-03T00:28:56.964+0000] {logging_mixin.py:188} INFO - [2026-05-03T00:28:56.964+0000] {dag.py:3047} INFO - Sync 1 DAGs
[2026-05-03T00:28:56.974+0000] {logging_mixin.py:188} INFO - [2026-05-03T00:28:56.974+0000] {dag.py:3834} INFO - Setting next_dagrun for example_python_decorator to None, run_after=None
[2026-05-03T00:28:56.989+0000] {processor.py:183} INFO - Processing /home/airflow/.local/lib/python3.8/site-packages/airflow/example_dags/example_python_decorator.py took 0.062 seconds
[2026-05-03T00:29:27.267+0000] {processor.py:161} INFO - Started process (PID=3242) to work on /home/airflow/.local/lib/python3.8/site-packages/airflow/example_dags/example_python_decorator.py
[2026-05-03T00:29:27.268+0000] {processor.py:830} INFO - Processing file /home/airflow/.local/lib/python3.8/site-packages/airflow/example_dags/example_python_decorator.py for tasks to queue
[2026-05-03T00:29:27.269+0000] {logging_mixin.py:188} INFO - [2026-05-03T00:29:27.269+0000] {dagbag.py:540} INFO - Filling up the DagBag from /home/airflow/.local/lib/python3.8/site-packages/airflow/example_dags/example_python_decorator.py
[2026-05-03T00:29:27.278+0000] {processor.py:840} INFO - DAG(s) 'example_python_decorator' retrieved from /home/airflow/.local/lib/python3.8/site-packages/airflow/example_dags/example_python_decorator.py
[2026-05-03T00:29:27.293+0000] {logging_mixin.py:188} INFO - [2026-05-03T00:29:27.293+0000] {dag.py:3047} INFO - Sync 1 DAGs
[2026-05-03T00:29:27.300+0000] {logging_mixin.py:188} INFO - [2026-05-03T00:29:27.300+0000] {dag.py:3834} INFO - Setting next_dagrun for example_python_decorator to None, run_after=None
[2026-05-03T00:29:27.310+0000] {processor.py:183} INFO - Processing /home/airflow/.local/lib/python3.8/site-packages/airflow/example_dags/example_python_decorator.py took 0.046 seconds
[2026-05-03T00:29:57.549+0000] {processor.py:161} INFO - Started process (PID=3298) to work on /home/airflow/.local/lib/python3.8/site-packages/airflow/example_dags/example_python_decorator.py
[2026-05-03T00:29:57.552+0000] {processor.py:830} INFO - Processing file /home/airflow/.local/lib/python3.8/site-packages/airflow/example_dags/example_python_decorator.py for tasks to queue
[2026-05-03T00:29:57.554+0000] {logging_mixin.py:188} INFO - [2026-05-03T00:29:57.554+0000] {dagbag.py:540} INFO - Filling up the DagBag from /home/airflow/.local/lib/python3.8/site-packages/airflow/example_dags/example_python_decorator.py
[2026-05-03T00:29:57.563+0000] {processor.py:840} INFO - DAG(s) 'example_python_decorator' retrieved from /home/airflow/.local/lib/python3.8/site-packages/airflow/example_dags/example_python_decorator.py
[2026-05-03T00:29:57.582+0000] {logging_mixin.py:188} INFO - [2026-05-03T00:29:57.582+0000] {dag.py:3047} INFO - Sync 1 DAGs
[2026-05-03T00:29:57.590+0000] {logging_mixin.py:188} INFO - [2026-05-03T00:29:57.590+0000] {dag.py:3834} INFO - Setting next_dagrun for example_python_decorator to None, run_after=None
[2026-05-03T00:29:57.606+0000] {processor.py:183} INFO - Processing /home/airflow/.local/lib/python3.8/site-packages/airflow/example_dags/example_python_decorator.py took 0.060 seconds
[2026-05-03T00:30:27.794+0000] {processor.py:161} INFO - Started process (PID=3354) to work on /home/airflow/.local/lib/python3.8/site-packages/airflow/example_dags/example_python_decorator.py
[2026-05-03T00:30:27.797+0000] {processor.py:830} INFO - Processing file /home/airflow/.local/lib/python3.8/site-packages/airflow/example_dags/example_python_decorator.py for tasks to queue
[2026-05-03T00:30:27.799+0000] {logging_mixin.py:188} INFO - [2026-05-03T00:30:27.799+0000] {dagbag.py:540} INFO - Filling up the DagBag from /home/airflow/.local/lib/python3.8/site-packages/airflow/example_dags/example_python_decorator.py
[2026-05-03T00:30:27.809+0000] {processor.py:840} INFO - DAG(s) 'example_python_decorator' retrieved from /home/airflow/.local/lib/python3.8/site-packages/airflow/example_dags/example_python_decorator.py
[2026-05-03T00:30:27.826+0000] {logging_mixin.py:188} INFO - [2026-05-03T00:30:27.826+0000] {dag.py:3047} INFO - Sync 1 DAGs
[2026-05-03T00:30:27.835+0000] {logging_mixin.py:188} INFO - [2026-05-03T00:30:27.835+0000] {dag.py:3834} INFO - Setting next_dagrun for example_python_decorator to None, run_after=None
[2026-05-03T00:30:27.846+0000] {processor.py:183} INFO - Processing /home/airflow/.local/lib/python3.8/site-packages/airflow/example_dags/example_python_decorator.py took 0.056 seconds
[2026-05-03T00:30:58.002+0000] {processor.py:161} INFO - Started process (PID=3410) to work on /home/airflow/.local/lib/python3.8/site-packages/airflow/example_dags/example_python_decorator.py
[2026-05-03T00:30:58.003+0000] {processor.py:830} INFO - Processing file /home/airflow/.local/lib/python3.8/site-packages/airflow/example_dags/example_python_decorator.py for tasks to queue
[2026-05-03T00:30:58.006+0000] {logging_mixin.py:188} INFO - [2026-05-03T00:30:58.006+0000] {dagbag.py:540} INFO - Filling up the DagBag from /home/airflow/.local/lib/python3.8/site-packages/airflow/example_dags/example_python_decorator.py
[2026-05-03T00:30:58.017+0000] {processor.py:840} INFO - DAG(s) 'example_python_decorator' retrieved from /home/airflow/.local/lib/python3.8/site-packages/airflow/example_dags/example_python_decorator.py
[2026-05-03T00:30:58.036+0000] {logging_mixin.py:188} INFO - [2026-05-03T00:30:58.036+0000] {dag.py:3047} INFO - Sync 1 DAGs
[2026-05-03T00:30:58.045+0000] {logging_mixin.py:188} INFO - [2026-05-03T00:30:58.045+0000] {dag.py:3834} INFO - Setting next_dagrun for example_python_decorator to None, run_after=None
[2026-05-03T00:30:58.060+0000] {processor.py:183} INFO - Processing /home/airflow/.local/lib/python3.8/site-packages/airflow/example_dags/example_python_decorator.py took 0.060 seconds
[2026-05-03T00:31:29.352+0000] {processor.py:161} INFO - Started process (PID=3466) to work on /home/airflow/.local/lib/python3.8/site-packages/airflow/example_dags/example_python_decorator.py
[2026-05-03T00:31:29.353+0000] {processor.py:830} INFO - Processing file /home/airflow/.local/lib/python3.8/site-packages/airflow/example_dags/example_python_decorator.py for tasks to queue
[2026-05-03T00:31:29.355+0000] {logging_mixin.py:188} INFO - [2026-05-03T00:31:29.355+0000] {dagbag.py:540} INFO - Filling up the DagBag from /home/airflow/.local/lib/python3.8/site-packages/airflow/example_dags/example_python_decorator.py
[2026-05-03T00:31:29.365+0000] {processor.py:840} INFO - DAG(s) 'example_python_decorator' retrieved from /home/airflow/.local/lib/python3.8/site-packages/airflow/example_dags/example_python_decorator.py
[2026-05-03T00:31:29.390+0000] {logging_mixin.py:188} INFO - [2026-05-03T00:31:29.390+0000] {dag.py:3047} INFO - Sync 1 DAGs
[2026-05-03T00:31:29.402+0000] {logging_mixin.py:188} INFO - [2026-05-03T00:31:29.402+0000] {dag.py:3834} INFO - Setting next_dagrun for example_python_decorator to None, run_after=None
[2026-05-03T00:31:29.423+0000] {processor.py:183} INFO - Processing /home/airflow/.local/lib/python3.8/site-packages/airflow/example_dags/example_python_decorator.py took 0.075 seconds
[2026-05-03T00:31:59.891+0000] {processor.py:161} INFO - Started process (PID=3522) to work on /home/airflow/.local/lib/python3.8/site-packages/airflow/example_dags/example_python_decorator.py
[2026-05-03T00:31:59.892+0000] {processor.py:830} INFO - Processing file /home/airflow/.local/lib/python3.8/site-packages/airflow/example_dags/example_python_decorator.py for tasks to queue
[2026-05-03T00:31:59.894+0000] {logging_mixin.py:188} INFO - [2026-05-03T00:31:59.894+0000] {dagbag.py:540} INFO - Filling up the DagBag from /home/airflow/.local/lib/python3.8/site-packages/airflow/example_dags/example_python_decorator.py
[2026-05-03T00:31:59.907+0000] {processor.py:840} INFO - DAG(s) 'example_python_decorator' retrieved from /home/airflow/.local/lib/python3.8/site-packages/airflow/example_dags/example_python_decorator.py
[2026-05-03T00:31:59.925+0000] {logging_mixin.py:188} INFO - [2026-05-03T00:31:59.925+0000] {dag.py:3047} INFO - Sync 1 DAGs
[2026-05-03T00:31:59.934+0000] {logging_mixin.py:188} INFO - [2026-05-03T00:31:59.934+0000] {dag.py:3834} INFO - Setting next_dagrun for example_python_decorator to None, run_after=None
[2026-05-03T00:31:59.951+0000] {processor.py:183} INFO - Processing /home/airflow/.local/lib/python3.8/site-packages/airflow/example_dags/example_python_decorator.py took 0.063 seconds
[2026-05-03T00:32:30.180+0000] {processor.py:161} INFO - Started process (PID=3578) to work on /home/airflow/.local/lib/python3.8/site-packages/airflow/example_dags/example_python_decorator.py
[2026-05-03T00:32:30.183+0000] {processor.py:830} INFO - Processing file /home/airflow/.local/lib/python3.8/site-packages/airflow/example_dags/example_python_decorator.py for tasks to queue
[2026-05-03T00:32:30.184+0000] {logging_mixin.py:188} INFO - [2026-05-03T00:32:30.184+0000] {dagbag.py:540} INFO - Filling up the DagBag from /home/airflow/.local/lib/python3.8/site-packages/airflow/example_dags/example_python_decorator.py
[2026-05-03T00:32:30.194+0000] {processor.py:840} INFO - DAG(s) 'example_python_decorator' retrieved from /home/airflow/.local/lib/python3.8/site-packages/airflow/example_dags/example_python_decorator.py
[2026-05-03T00:32:30.212+0000] {logging_mixin.py:188} INFO - [2026-05-03T00:32:30.211+0000] {dag.py:3047} INFO - Sync 1 DAGs
[2026-05-03T00:32:30.220+0000] {logging_mixin.py:188} INFO - [2026-05-03T00:32:30.220+0000] {dag.py:3834} INFO - Setting next_dagrun for example_python_decorator to None, run_after=None
[2026-05-03T00:32:30.239+0000] {processor.py:183} INFO - Processing /home/airflow/.local/lib/python3.8/site-packages/airflow/example_dags/example_python_decorator.py took 0.062 seconds
[2026-05-03T00:33:00.425+0000] {processor.py:161} INFO - Started process (PID=3634) to work on /home/airflow/.local/lib/python3.8/site-packages/airflow/example_dags/example_python_decorator.py
[2026-05-03T00:33:00.426+0000] {processor.py:830} INFO - Processing file /home/airflow/.local/lib/python3.8/site-packages/airflow/example_dags/example_python_decorator.py for tasks to queue
[2026-05-03T00:33:00.427+0000] {logging_mixin.py:188} INFO - [2026-05-03T00:33:00.427+0000] {dagbag.py:540} INFO - Filling up the DagBag from /home/airflow/.local/lib/python3.8/site-packages/airflow/example_dags/example_python_decorator.py
[2026-05-03T00:33:00.436+0000] {processor.py:840} INFO - DAG(s) 'example_python_decorator' retrieved from /home/airflow/.local/lib/python3.8/site-packages/airflow/example_dags/example_python_decorator.py
[2026-05-03T00:33:00.453+0000] {logging_mixin.py:188} INFO - [2026-05-03T00:33:00.453+0000] {dag.py:3047} INFO - Sync 1 DAGs
[2026-05-03T00:33:00.466+0000] {logging_mixin.py:188} INFO - [2026-05-03T00:33:00.466+0000] {dag.py:3834} INFO - Setting next_dagrun for example_python_decorator to None, run_after=None
[2026-05-03T00:33:00.478+0000] {processor.py:183} INFO - Processing /home/airflow/.local/lib/python3.8/site-packages/airflow/example_dags/example_python_decorator.py took 0.056 seconds
[2026-05-03T00:33:31.021+0000] {processor.py:161} INFO - Started process (PID=3690) to work on /home/airflow/.local/lib/python3.8/site-packages/airflow/example_dags/example_python_decorator.py
[2026-05-03T00:33:31.022+0000] {processor.py:830} INFO - Processing file /home/airflow/.local/lib/python3.8/site-packages/airflow/example_dags/example_python_decorator.py for tasks to queue
[2026-05-03T00:33:31.023+0000] {logging_mixin.py:188} INFO - [2026-05-03T00:33:31.023+0000] {dagbag.py:540} INFO - Filling up the DagBag from /home/airflow/.local/lib/python3.8/site-packages/airflow/example_dags/example_python_decorator.py
[2026-05-03T00:33:31.039+0000] {processor.py:840} INFO - DAG(s) 'example_python_decorator' retrieved from /home/airflow/.local/lib/python3.8/site-packages/airflow/example_dags/example_python_decorator.py
[2026-05-03T00:33:31.056+0000] {logging_mixin.py:188} INFO - [2026-05-03T00:33:31.056+0000] {dag.py:3047} INFO - Sync 1 DAGs
[2026-05-03T00:33:31.063+0000] {logging_mixin.py:188} INFO - [2026-05-03T00:33:31.063+0000] {dag.py:3834} INFO - Setting next_dagrun for example_python_decorator to None, run_after=None
[2026-05-03T00:33:31.075+0000] {processor.py:183} INFO - Processing /home/airflow/.local/lib/python3.8/site-packages/airflow/example_dags/example_python_decorator.py took 0.058 seconds
[2026-05-03T00:34:01.587+0000] {processor.py:161} INFO - Started process (PID=3746) to work on /home/airflow/.local/lib/python3.8/site-packages/airflow/example_dags/example_python_decorator.py
[2026-05-03T00:34:01.590+0000] {processor.py:830} INFO - Processing file /home/airflow/.local/lib/python3.8/site-packages/airflow/example_dags/example_python_decorator.py for tasks to queue
[2026-05-03T00:34:01.592+0000] {logging_mixin.py:188} INFO - [2026-05-03T00:34:01.592+0000] {dagbag.py:540} INFO - Filling up the DagBag from /home/airflow/.local/lib/python3.8/site-packages/airflow/example_dags/example_python_decorator.py
[2026-05-03T00:34:01.605+0000] {processor.py:840} INFO - DAG(s) 'example_python_decorator' retrieved from /home/airflow/.local/lib/python3.8/site-packages/airflow/example_dags/example_python_decorator.py
[2026-05-03T00:34:01.627+0000] {logging_mixin.py:188} INFO - [2026-05-03T00:34:01.626+0000] {dag.py:3047} INFO - Sync 1 DAGs
[2026-05-03T00:34:01.634+0000] {logging_mixin.py:188} INFO - [2026-05-03T00:34:01.633+0000] {dag.py:3834} INFO - Setting next_dagrun for example_python_decorator to None, run_after=None
[2026-05-03T00:34:01.646+0000] {processor.py:183} INFO - Processing /home/airflow/.local/lib/python3.8/site-packages/airflow/example_dags/example_python_decorator.py took 0.062 seconds
[2026-05-03T00:34:31.834+0000] {processor.py:161} INFO - Started process (PID=3802) to work on /home/airflow/.local/lib/python3.8/site-packages/airflow/example_dags/example_python_decorator.py
[2026-05-03T00:34:31.835+0000] {processor.py:830} INFO - Processing file /home/airflow/.local/lib/python3.8/site-packages/airflow/example_dags/example_python_decorator.py for tasks to queue
[2026-05-03T00:34:31.837+0000] {logging_mixin.py:188} INFO - [2026-05-03T00:34:31.837+0000] {dagbag.py:540} INFO - Filling up the DagBag from /home/airflow/.local/lib/python3.8/site-packages/airflow/example_dags/example_python_decorator.py
[2026-05-03T00:34:31.847+0000] {processor.py:840} INFO - DAG(s) 'example_python_decorator' retrieved from /home/airflow/.local/lib/python3.8/site-packages/airflow/example_dags/example_python_decorator.py
[2026-05-03T00:34:31.861+0000] {logging_mixin.py:188} INFO - [2026-05-03T00:34:31.861+0000] {dag.py:3047} INFO - Sync 1 DAGs
[2026-05-03T00:34:31.870+0000] {logging_mixin.py:188} INFO - [2026-05-03T00:34:31.870+0000] {dag.py:3834} INFO - Setting next_dagrun for example_python_decorator to None, run_after=None
[2026-05-03T00:34:31.889+0000] {processor.py:183} INFO - Processing /home/airflow/.local/lib/python3.8/site-packages/airflow/example_dags/example_python_decorator.py took 0.057 seconds
[2026-05-03T00:35:02.007+0000] {processor.py:161} INFO - Started process (PID=3858) to work on /home/airflow/.local/lib/python3.8/site-packages/airflow/example_dags/example_python_decorator.py
[2026-05-03T00:35:02.008+0000] {processor.py:830} INFO - Processing file /home/airflow/.local/lib/python3.8/site-packages/airflow/example_dags/example_python_decorator.py for tasks to queue
[2026-05-03T00:35:02.009+0000] {logging_mixin.py:188} INFO - [2026-05-03T00:35:02.009+0000] {dagbag.py:540} INFO - Filling up the DagBag from /home/airflow/.local/lib/python3.8/site-packages/airflow/example_dags/example_python_decorator.py
[2026-05-03T00:35:02.019+0000] {processor.py:840} INFO - DAG(s) 'example_python_decorator' retrieved from /home/airflow/.local/lib/python3.8/site-packages/airflow/example_dags/example_python_decorator.py
[2026-05-03T00:35:02.034+0000] {logging_mixin.py:188} INFO - [2026-05-03T00:35:02.034+0000] {dag.py:3047} INFO - Sync 1 DAGs
[2026-05-03T00:35:02.042+0000] {logging_mixin.py:188} INFO - [2026-05-03T00:35:02.042+0000] {dag.py:3834} INFO - Setting next_dagrun for example_python_decorator to None, run_after=None
[2026-05-03T00:35:02.054+0000] {processor.py:183} INFO - Processing /home/airflow/.local/lib/python3.8/site-packages/airflow/example_dags/example_python_decorator.py took 0.049 seconds
[2026-05-03T00:35:32.353+0000] {processor.py:161} INFO - Started process (PID=3914) to work on /home/airflow/.local/lib/python3.8/site-packages/airflow/example_dags/example_python_decorator.py
[2026-05-03T00:35:32.354+0000] {processor.py:830} INFO - Processing file /home/airflow/.local/lib/python3.8/site-packages/airflow/example_dags/example_python_decorator.py for tasks to queue
[2026-05-03T00:35:32.356+0000] {logging_mixin.py:188} INFO - [2026-05-03T00:35:32.355+0000] {dagbag.py:540} INFO - Filling up the DagBag from /home/airflow/.local/lib/python3.8/site-packages/airflow/example_dags/example_python_decorator.py
[2026-05-03T00:35:32.367+0000] {processor.py:840} INFO - DAG(s) 'example_python_decorator' retrieved from /home/airflow/.local/lib/python3.8/site-packages/airflow/example_dags/example_python_decorator.py
[2026-05-03T00:35:32.385+0000] {logging_mixin.py:188} INFO - [2026-05-03T00:35:32.385+0000] {dag.py:3047} INFO - Sync 1 DAGs
[2026-05-03T00:35:32.394+0000] {logging_mixin.py:188} INFO - [2026-05-03T00:35:32.394+0000] {dag.py:3834} INFO - Setting next_dagrun for example_python_decorator to None, run_after=None
[2026-05-03T00:35:32.408+0000] {processor.py:183} INFO - Processing /home/airflow/.local/lib/python3.8/site-packages/airflow/example_dags/example_python_decorator.py took 0.057 seconds
[2026-05-03T00:36:03.055+0000] {processor.py:161} INFO - Started process (PID=3970) to work on /home/airflow/.local/lib/python3.8/site-packages/airflow/example_dags/example_python_decorator.py
[2026-05-03T00:36:03.056+0000] {processor.py:830} INFO - Processing file /home/airflow/.local/lib/python3.8/site-packages/airflow/example_dags/example_python_decorator.py for tasks to queue
[2026-05-03T00:36:03.057+0000] {logging_mixin.py:188} INFO - [2026-05-03T00:36:03.057+0000] {dagbag.py:540} INFO - Filling up the DagBag from /home/airflow/.local/lib/python3.8/site-packages/airflow/example_dags/example_python_decorator.py
[2026-05-03T00:36:03.071+0000] {processor.py:840} INFO - DAG(s) 'example_python_decorator' retrieved from /home/airflow/.local/lib/python3.8/site-packages/airflow/example_dags/example_python_decorator.py
[2026-05-03T00:36:03.092+0000] {logging_mixin.py:188} INFO - [2026-05-03T00:36:03.091+0000] {dag.py:3047} INFO - Sync 1 DAGs
[2026-05-03T00:36:03.103+0000] {logging_mixin.py:188} INFO - [2026-05-03T00:36:03.103+0000] {dag.py:3834} INFO - Setting next_dagrun for example_python_decorator to None, run_after=None
[2026-05-03T00:36:03.114+0000] {processor.py:183} INFO - Processing /home/airflow/.local/lib/python3.8/site-packages/airflow/example_dags/example_python_decorator.py took 0.062 seconds
[2026-05-03T00:36:33.332+0000] {processor.py:161} INFO - Started process (PID=4026) to work on /home/airflow/.local/lib/python3.8/site-packages/airflow/example_dags/example_python_decorator.py
[2026-05-03T00:36:33.333+0000] {processor.py:830} INFO - Processing file /home/airflow/.local/lib/python3.8/site-packages/airflow/example_dags/example_python_decorator.py for tasks to queue
[2026-05-03T00:36:33.334+0000] {logging_mixin.py:188} INFO - [2026-05-03T00:36:33.334+0000] {dagbag.py:540} INFO - Filling up the DagBag from /home/airflow/.local/lib/python3.8/site-packages/airflow/example_dags/example_python_decorator.py
[2026-05-03T00:36:33.345+0000] {processor.py:840} INFO - DAG(s) 'example_python_decorator' retrieved from /home/airflow/.local/lib/python3.8/site-packages/airflow/example_dags/example_python_decorator.py
[2026-05-03T00:36:33.364+0000] {logging_mixin.py:188} INFO - [2026-05-03T00:36:33.364+0000] {dag.py:3047} INFO - Sync 1 DAGs
[2026-05-03T00:36:33.375+0000] {logging_mixin.py:188} INFO - [2026-05-03T00:36:33.375+0000] {dag.py:3834} INFO - Setting next_dagrun for example_python_decorator to None, run_after=None
[2026-05-03T00:36:33.398+0000] {processor.py:183} INFO - Processing /home/airflow/.local/lib/python3.8/site-packages/airflow/example_dags/example_python_decorator.py took 0.069 seconds
[2026-05-03T00:37:03.740+0000] {processor.py:161} INFO - Started process (PID=4082) to work on /home/airflow/.local/lib/python3.8/site-packages/airflow/example_dags/example_python_decorator.py
[2026-05-03T00:37:03.741+0000] {processor.py:830} INFO - Processing file /home/airflow/.local/lib/python3.8/site-packages/airflow/example_dags/example_python_decorator.py for tasks to queue
[2026-05-03T00:37:03.746+0000] {logging_mixin.py:188} INFO - [2026-05-03T00:37:03.746+0000] {dagbag.py:540} INFO - Filling up the DagBag from /home/airflow/.local/lib/python3.8/site-packages/airflow/example_dags/example_python_decorator.py
[2026-05-03T00:37:03.756+0000] {processor.py:840} INFO - DAG(s) 'example_python_decorator' retrieved from /home/airflow/.local/lib/python3.8/site-packages/airflow/example_dags/example_python_decorator.py
[2026-05-03T00:37:03.778+0000] {logging_mixin.py:188} INFO - [2026-05-03T00:37:03.778+0000] {dag.py:3047} INFO - Sync 1 DAGs
[2026-05-03T00:37:03.786+0000] {logging_mixin.py:188} INFO - [2026-05-03T00:37:03.786+0000] {dag.py:3834} INFO - Setting next_dagrun for example_python_decorator to None, run_after=None
[2026-05-03T00:37:03.797+0000] {processor.py:183} INFO - Processing /home/airflow/.local/lib/python3.8/site-packages/airflow/example_dags/example_python_decorator.py took 0.060 seconds
[2026-05-03T00:37:34.357+0000] {processor.py:161} INFO - Started process (PID=4138) to work on /home/airflow/.local/lib/python3.8/site-packages/airflow/example_dags/example_python_decorator.py
[2026-05-03T00:37:34.358+0000] {processor.py:830} INFO - Processing file /home/airflow/.local/lib/python3.8/site-packages/airflow/example_dags/example_python_decorator.py for tasks to queue
[2026-05-03T00:37:34.360+0000] {logging_mixin.py:188} INFO - [2026-05-03T00:37:34.359+0000] {dagbag.py:540} INFO - Filling up the DagBag from /home/airflow/.local/lib/python3.8/site-packages/airflow/example_dags/example_python_decorator.py
[2026-05-03T00:37:34.370+0000] {processor.py:840} INFO - DAG(s) 'example_python_decorator' retrieved from /home/airflow/.local/lib/python3.8/site-packages/airflow/example_dags/example_python_decorator.py
[2026-05-03T00:37:34.392+0000] {logging_mixin.py:188} INFO - [2026-05-03T00:37:34.392+0000] {dag.py:3047} INFO - Sync 1 DAGs
[2026-05-03T00:37:34.402+0000] {logging_mixin.py:188} INFO - [2026-05-03T00:37:34.401+0000] {dag.py:3834} INFO - Setting next_dagrun for example_python_decorator to None, run_after=None
[2026-05-03T00:37:34.418+0000] {processor.py:183} INFO - Processing /home/airflow/.local/lib/python3.8/site-packages/airflow/example_dags/example_python_decorator.py took 0.063 seconds
[2026-05-03T00:38:04.776+0000] {processor.py:161} INFO - Started process (PID=4194) to work on /home/airflow/.local/lib/python3.8/site-packages/airflow/example_dags/example_python_decorator.py
[2026-05-03T00:38:04.777+0000] {processor.py:830} INFO - Processing file /home/airflow/.local/lib/python3.8/site-packages/airflow/example_dags/example_python_decorator.py for tasks to queue
[2026-05-03T00:38:04.778+0000] {logging_mixin.py:188} INFO - [2026-05-03T00:38:04.778+0000] {dagbag.py:540} INFO - Filling up the DagBag from /home/airflow/.local/lib/python3.8/site-packages/airflow/example_dags/example_python_decorator.py
[2026-05-03T00:38:04.788+0000] {processor.py:840} INFO - DAG(s) 'example_python_decorator' retrieved from /home/airflow/.local/lib/python3.8/site-packages/airflow/example_dags/example_python_decorator.py
[2026-05-03T00:38:04.809+0000] {logging_mixin.py:188} INFO - [2026-05-03T00:38:04.809+0000] {dag.py:3047} INFO - Sync 1 DAGs
[2026-05-03T00:38:04.824+0000] {logging_mixin.py:188} INFO - [2026-05-03T00:38:04.824+0000] {dag.py:3834} INFO - Setting next_dagrun for example_python_decorator to None, run_after=None
[2026-05-03T00:38:04.843+0000] {processor.py:183} INFO - Processing /home/airflow/.local/lib/python3.8/site-packages/airflow/example_dags/example_python_decorator.py took 0.070 seconds
[2026-05-03T00:38:35.248+0000] {processor.py:161} INFO - Started process (PID=4250) to work on /home/airflow/.local/lib/python3.8/site-packages/airflow/example_dags/example_python_decorator.py
[2026-05-03T00:38:35.249+0000] {processor.py:830} INFO - Processing file /home/airflow/.local/lib/python3.8/site-packages/airflow/example_dags/example_python_decorator.py for tasks to queue
[2026-05-03T00:38:35.251+0000] {logging_mixin.py:188} INFO - [2026-05-03T00:38:35.251+0000] {dagbag.py:540} INFO - Filling up the DagBag from /home/airflow/.local/lib/python3.8/site-packages/airflow/example_dags/example_python_decorator.py
[2026-05-03T00:38:35.261+0000] {processor.py:840} INFO - DAG(s) 'example_python_decorator' retrieved from /home/airflow/.local/lib/python3.8/site-packages/airflow/example_dags/example_python_decorator.py
[2026-05-03T00:38:35.276+0000] {logging_mixin.py:188} INFO - [2026-05-03T00:38:35.276+0000] {dag.py:3047} INFO - Sync 1 DAGs
[2026-05-03T00:38:35.284+0000] {logging_mixin.py:188} INFO - [2026-05-03T00:38:35.284+0000] {dag.py:3834} INFO - Setting next_dagrun for example_python_decorator to None, run_after=None
[2026-05-03T00:38:35.296+0000] {processor.py:183} INFO - Processing /home/airflow/.local/lib/python3.8/site-packages/airflow/example_dags/example_python_decorator.py took 0.050 seconds
[2026-05-03T00:39:05.525+0000] {processor.py:161} INFO - Started process (PID=4306) to work on /home/airflow/.local/lib/python3.8/site-packages/airflow/example_dags/example_python_decorator.py
[2026-05-03T00:39:05.526+0000] {processor.py:830} INFO - Processing file /home/airflow/.local/lib/python3.8/site-packages/airflow/example_dags/example_python_decorator.py for tasks to queue
[2026-05-03T00:39:05.530+0000] {logging_mixin.py:188} INFO - [2026-05-03T00:39:05.530+0000] {dagbag.py:540} INFO - Filling up the DagBag from /home/airflow/.local/lib/python3.8/site-packages/airflow/example_dags/example_python_decorator.py
[2026-05-03T00:39:05.542+0000] {processor.py:840} INFO - DAG(s) 'example_python_decorator' retrieved from /home/airflow/.local/lib/python3.8/site-packages/airflow/example_dags/example_python_decorator.py
[2026-05-03T00:39:05.562+0000] {logging_mixin.py:188} INFO - [2026-05-03T00:39:05.562+0000] {dag.py:3047} INFO - Sync 1 DAGs
[2026-05-03T00:39:05.570+0000] {logging_mixin.py:188} INFO - [2026-05-03T00:39:05.569+0000] {dag.py:3834} INFO - Setting next_dagrun for example_python_decorator to None, run_after=None
[2026-05-03T00:39:05.582+0000] {processor.py:183} INFO - Processing /home/airflow/.local/lib/python3.8/site-packages/airflow/example_dags/example_python_decorator.py took 0.060 seconds
[2026-05-03T00:39:36.191+0000] {processor.py:161} INFO - Started process (PID=4362) to work on /home/airflow/.local/lib/python3.8/site-packages/airflow/example_dags/example_python_decorator.py
[2026-05-03T00:39:36.192+0000] {processor.py:830} INFO - Processing file /home/airflow/.local/lib/python3.8/site-packages/airflow/example_dags/example_python_decorator.py for tasks to queue
[2026-05-03T00:39:36.195+0000] {logging_mixin.py:188} INFO - [2026-05-03T00:39:36.195+0000] {dagbag.py:540} INFO - Filling up the DagBag from /home/airflow/.local/lib/python3.8/site-packages/airflow/example_dags/example_python_decorator.py
[2026-05-03T00:39:36.211+0000] {processor.py:840} INFO - DAG(s) 'example_python_decorator' retrieved from /home/airflow/.local/lib/python3.8/site-packages/airflow/example_dags/example_python_decorator.py
[2026-05-03T00:39:36.233+0000] {logging_mixin.py:188} INFO - [2026-05-03T00:39:36.233+0000] {dag.py:3047} INFO - Sync 1 DAGs
[2026-05-03T00:39:36.242+0000] {logging_mixin.py:188} INFO - [2026-05-03T00:39:36.241+0000] {dag.py:3834} INFO - Setting next_dagrun for example_python_decorator to None, run_after=None
[2026-05-03T00:39:36.260+0000] {processor.py:183} INFO - Processing /home/airflow/.local/lib/python3.8/site-packages/airflow/example_dags/example_python_decorator.py took 0.073 seconds
