[2026-05-03T00:02:01.044+0000] {processor.py:161} INFO - Started process (PID=2769) to work on /home/airflow/.local/lib/python3.8/site-packages/airflow/example_dags/example_setup_teardown.py
[2026-05-03T00:02:01.045+0000] {processor.py:830} INFO - Processing file /home/airflow/.local/lib/python3.8/site-packages/airflow/example_dags/example_setup_teardown.py for tasks to queue
[2026-05-03T00:02:01.049+0000] {logging_mixin.py:188} INFO - [2026-05-03T00:02:01.048+0000] {dagbag.py:540} INFO - Filling up the DagBag from /home/airflow/.local/lib/python3.8/site-packages/airflow/example_dags/example_setup_teardown.py
[2026-05-03T00:02:01.057+0000] {processor.py:840} INFO - DAG(s) 'example_setup_teardown' retrieved from /home/airflow/.local/lib/python3.8/site-packages/airflow/example_dags/example_setup_teardown.py
[2026-05-03T00:02:01.075+0000] {logging_mixin.py:188} INFO - [2026-05-03T00:02:01.075+0000] {dag.py:3047} INFO - Sync 1 DAGs
[2026-05-03T00:02:01.094+0000] {logging_mixin.py:188} INFO - [2026-05-03T00:02:01.094+0000] {dag.py:3834} INFO - Setting next_dagrun for example_setup_teardown to 2026-05-02 00:00:00+00:00, run_after=2026-05-03 00:00:00+00:00
[2026-05-03T00:02:01.111+0000] {processor.py:183} INFO - Processing /home/airflow/.local/lib/python3.8/site-packages/airflow/example_dags/example_setup_teardown.py took 0.073 seconds
[2026-05-03T00:11:41.835+0000] {processor.py:161} INFO - Started process (PID=2825) to work on /home/airflow/.local/lib/python3.8/site-packages/airflow/example_dags/example_setup_teardown.py
[2026-05-03T00:11:41.836+0000] {processor.py:830} INFO - Processing file /home/airflow/.local/lib/python3.8/site-packages/airflow/example_dags/example_setup_teardown.py for tasks to queue
[2026-05-03T00:11:41.837+0000] {logging_mixin.py:188} INFO - [2026-05-03T00:11:41.837+0000] {dagbag.py:540} INFO - Filling up the DagBag from /home/airflow/.local/lib/python3.8/site-packages/airflow/example_dags/example_setup_teardown.py
[2026-05-03T00:11:41.842+0000] {processor.py:840} INFO - DAG(s) 'example_setup_teardown' retrieved from /home/airflow/.local/lib/python3.8/site-packages/airflow/example_dags/example_setup_teardown.py
[2026-05-03T00:11:41.857+0000] {logging_mixin.py:188} INFO - [2026-05-03T00:11:41.856+0000] {dag.py:3047} INFO - Sync 1 DAGs
[2026-05-03T00:11:41.872+0000] {logging_mixin.py:188} INFO - [2026-05-03T00:11:41.872+0000] {dag.py:3834} INFO - Setting next_dagrun for example_setup_teardown to 2026-05-02 00:00:00+00:00, run_after=2026-05-03 00:00:00+00:00
[2026-05-03T00:11:41.882+0000] {processor.py:183} INFO - Processing /home/airflow/.local/lib/python3.8/site-packages/airflow/example_dags/example_setup_teardown.py took 0.050 seconds
[2026-05-03T00:20:53.560+0000] {processor.py:161} INFO - Started process (PID=2881) to work on /home/airflow/.local/lib/python3.8/site-packages/airflow/example_dags/example_setup_teardown.py
[2026-05-03T00:20:53.561+0000] {processor.py:830} INFO - Processing file /home/airflow/.local/lib/python3.8/site-packages/airflow/example_dags/example_setup_teardown.py for tasks to queue
[2026-05-03T00:20:53.563+0000] {logging_mixin.py:188} INFO - [2026-05-03T00:20:53.562+0000] {dagbag.py:540} INFO - Filling up the DagBag from /home/airflow/.local/lib/python3.8/site-packages/airflow/example_dags/example_setup_teardown.py
[2026-05-03T00:20:53.570+0000] {processor.py:840} INFO - DAG(s) 'example_setup_teardown' retrieved from /home/airflow/.local/lib/python3.8/site-packages/airflow/example_dags/example_setup_teardown.py
[2026-05-03T00:20:53.588+0000] {logging_mixin.py:188} INFO - [2026-05-03T00:20:53.588+0000] {dag.py:3047} INFO - Sync 1 DAGs
[2026-05-03T00:20:53.607+0000] {logging_mixin.py:188} INFO - [2026-05-03T00:20:53.607+0000] {dag.py:3834} INFO - Setting next_dagrun for example_setup_teardown to 2026-05-02 00:00:00+00:00, run_after=2026-05-03 00:00:00+00:00
[2026-05-03T00:20:53.623+0000] {processor.py:183} INFO - Processing /home/airflow/.local/lib/python3.8/site-packages/airflow/example_dags/example_setup_teardown.py took 0.067 seconds
[2026-05-03T00:26:53.805+0000] {processor.py:161} INFO - Started process (PID=2937) to work on /home/airflow/.local/lib/python3.8/site-packages/airflow/example_dags/example_setup_teardown.py
[2026-05-03T00:26:53.806+0000] {processor.py:830} INFO - Processing file /home/airflow/.local/lib/python3.8/site-packages/airflow/example_dags/example_setup_teardown.py for tasks to queue
[2026-05-03T00:26:53.808+0000] {logging_mixin.py:188} INFO - [2026-05-03T00:26:53.808+0000] {dagbag.py:540} INFO - Filling up the DagBag from /home/airflow/.local/lib/python3.8/site-packages/airflow/example_dags/example_setup_teardown.py
[2026-05-03T00:26:53.815+0000] {processor.py:840} INFO - DAG(s) 'example_setup_teardown' retrieved from /home/airflow/.local/lib/python3.8/site-packages/airflow/example_dags/example_setup_teardown.py
[2026-05-03T00:26:53.843+0000] {logging_mixin.py:188} INFO - [2026-05-03T00:26:53.843+0000] {dag.py:3047} INFO - Sync 1 DAGs
[2026-05-03T00:26:53.862+0000] {logging_mixin.py:188} INFO - [2026-05-03T00:26:53.862+0000] {dag.py:3834} INFO - Setting next_dagrun for example_setup_teardown to 2026-05-02 00:00:00+00:00, run_after=2026-05-03 00:00:00+00:00
[2026-05-03T00:26:53.874+0000] {processor.py:183} INFO - Processing /home/airflow/.local/lib/python3.8/site-packages/airflow/example_dags/example_setup_teardown.py took 0.074 seconds
[2026-05-03T00:27:24.124+0000] {processor.py:161} INFO - Started process (PID=2993) to work on /home/airflow/.local/lib/python3.8/site-packages/airflow/example_dags/example_setup_teardown.py
[2026-05-03T00:27:24.124+0000] {processor.py:830} INFO - Processing file /home/airflow/.local/lib/python3.8/site-packages/airflow/example_dags/example_setup_teardown.py for tasks to queue
[2026-05-03T00:27:24.126+0000] {logging_mixin.py:188} INFO - [2026-05-03T00:27:24.126+0000] {dagbag.py:540} INFO - Filling up the DagBag from /home/airflow/.local/lib/python3.8/site-packages/airflow/example_dags/example_setup_teardown.py
[2026-05-03T00:27:24.131+0000] {processor.py:840} INFO - DAG(s) 'example_setup_teardown' retrieved from /home/airflow/.local/lib/python3.8/site-packages/airflow/example_dags/example_setup_teardown.py
[2026-05-03T00:27:24.144+0000] {logging_mixin.py:188} INFO - [2026-05-03T00:27:24.144+0000] {dag.py:3047} INFO - Sync 1 DAGs
[2026-05-03T00:27:24.160+0000] {logging_mixin.py:188} INFO - [2026-05-03T00:27:24.160+0000] {dag.py:3834} INFO - Setting next_dagrun for example_setup_teardown to 2026-05-02 00:00:00+00:00, run_after=2026-05-03 00:00:00+00:00
[2026-05-03T00:27:24.170+0000] {processor.py:183} INFO - Processing /home/airflow/.local/lib/python3.8/site-packages/airflow/example_dags/example_setup_teardown.py took 0.049 seconds
[2026-05-03T00:27:55.135+0000] {processor.py:161} INFO - Started process (PID=3049) to work on /home/airflow/.local/lib/python3.8/site-packages/airflow/example_dags/example_setup_teardown.py
[2026-05-03T00:27:55.136+0000] {processor.py:830} INFO - Processing file /home/airflow/.local/lib/python3.8/site-packages/airflow/example_dags/example_setup_teardown.py for tasks to queue
[2026-05-03T00:27:55.138+0000] {logging_mixin.py:188} INFO - [2026-05-03T00:27:55.137+0000] {dagbag.py:540} INFO - Filling up the DagBag from /home/airflow/.local/lib/python3.8/site-packages/airflow/example_dags/example_setup_teardown.py
[2026-05-03T00:27:55.143+0000] {processor.py:840} INFO - DAG(s) 'example_setup_teardown' retrieved from /home/airflow/.local/lib/python3.8/site-packages/airflow/example_dags/example_setup_teardown.py
[2026-05-03T00:27:55.157+0000] {logging_mixin.py:188} INFO - [2026-05-03T00:27:55.157+0000] {dag.py:3047} INFO - Sync 1 DAGs
[2026-05-03T00:27:55.170+0000] {logging_mixin.py:188} INFO - [2026-05-03T00:27:55.169+0000] {dag.py:3834} INFO - Setting next_dagrun for example_setup_teardown to 2026-05-02 00:00:00+00:00, run_after=2026-05-03 00:00:00+00:00
[2026-05-03T00:27:55.185+0000] {processor.py:183} INFO - Processing /home/airflow/.local/lib/python3.8/site-packages/airflow/example_dags/example_setup_teardown.py took 0.053 seconds
[2026-05-03T00:28:25.497+0000] {processor.py:161} INFO - Started process (PID=3105) to work on /home/airflow/.local/lib/python3.8/site-packages/airflow/example_dags/example_setup_teardown.py
[2026-05-03T00:28:25.500+0000] {processor.py:830} INFO - Processing file /home/airflow/.local/lib/python3.8/site-packages/airflow/example_dags/example_setup_teardown.py for tasks to queue
[2026-05-03T00:28:25.502+0000] {logging_mixin.py:188} INFO - [2026-05-03T00:28:25.501+0000] {dagbag.py:540} INFO - Filling up the DagBag from /home/airflow/.local/lib/python3.8/site-packages/airflow/example_dags/example_setup_teardown.py
[2026-05-03T00:28:25.506+0000] {processor.py:840} INFO - DAG(s) 'example_setup_teardown' retrieved from /home/airflow/.local/lib/python3.8/site-packages/airflow/example_dags/example_setup_teardown.py
[2026-05-03T00:28:25.521+0000] {logging_mixin.py:188} INFO - [2026-05-03T00:28:25.520+0000] {dag.py:3047} INFO - Sync 1 DAGs
[2026-05-03T00:28:25.534+0000] {logging_mixin.py:188} INFO - [2026-05-03T00:28:25.534+0000] {dag.py:3834} INFO - Setting next_dagrun for example_setup_teardown to 2026-05-02 00:00:00+00:00, run_after=2026-05-03 00:00:00+00:00
[2026-05-03T00:28:25.544+0000] {processor.py:183} INFO - Processing /home/airflow/.local/lib/python3.8/site-packages/airflow/example_dags/example_setup_teardown.py took 0.050 seconds
[2026-05-03T00:28:55.846+0000] {processor.py:161} INFO - Started process (PID=3161) to work on /home/airflow/.local/lib/python3.8/site-packages/airflow/example_dags/example_setup_teardown.py
[2026-05-03T00:28:55.847+0000] {processor.py:830} INFO - Processing file /home/airflow/.local/lib/python3.8/site-packages/airflow/example_dags/example_setup_teardown.py for tasks to queue
[2026-05-03T00:28:55.848+0000] {logging_mixin.py:188} INFO - [2026-05-03T00:28:55.848+0000] {dagbag.py:540} INFO - Filling up the DagBag from /home/airflow/.local/lib/python3.8/site-packages/airflow/example_dags/example_setup_teardown.py
[2026-05-03T00:28:55.852+0000] {processor.py:840} INFO - DAG(s) 'example_setup_teardown' retrieved from /home/airflow/.local/lib/python3.8/site-packages/airflow/example_dags/example_setup_teardown.py
[2026-05-03T00:28:55.866+0000] {logging_mixin.py:188} INFO - [2026-05-03T00:28:55.865+0000] {dag.py:3047} INFO - Sync 1 DAGs
[2026-05-03T00:28:55.880+0000] {logging_mixin.py:188} INFO - [2026-05-03T00:28:55.880+0000] {dag.py:3834} INFO - Setting next_dagrun for example_setup_teardown to 2026-05-02 00:00:00+00:00, run_after=2026-05-03 00:00:00+00:00
[2026-05-03T00:28:55.901+0000] {processor.py:183} INFO - Processing /home/airflow/.local/lib/python3.8/site-packages/airflow/example_dags/example_setup_teardown.py took 0.057 seconds
[2026-05-03T00:29:26.053+0000] {processor.py:161} INFO - Started process (PID=3217) to work on /home/airflow/.local/lib/python3.8/site-packages/airflow/example_dags/example_setup_teardown.py
[2026-05-03T00:29:26.054+0000] {processor.py:830} INFO - Processing file /home/airflow/.local/lib/python3.8/site-packages/airflow/example_dags/example_setup_teardown.py for tasks to queue
[2026-05-03T00:29:26.055+0000] {logging_mixin.py:188} INFO - [2026-05-03T00:29:26.055+0000] {dagbag.py:540} INFO - Filling up the DagBag from /home/airflow/.local/lib/python3.8/site-packages/airflow/example_dags/example_setup_teardown.py
[2026-05-03T00:29:26.060+0000] {processor.py:840} INFO - DAG(s) 'example_setup_teardown' retrieved from /home/airflow/.local/lib/python3.8/site-packages/airflow/example_dags/example_setup_teardown.py
[2026-05-03T00:29:26.074+0000] {logging_mixin.py:188} INFO - [2026-05-03T00:29:26.073+0000] {dag.py:3047} INFO - Sync 1 DAGs
[2026-05-03T00:29:26.087+0000] {logging_mixin.py:188} INFO - [2026-05-03T00:29:26.087+0000] {dag.py:3834} INFO - Setting next_dagrun for example_setup_teardown to 2026-05-02 00:00:00+00:00, run_after=2026-05-03 00:00:00+00:00
[2026-05-03T00:29:26.101+0000] {processor.py:183} INFO - Processing /home/airflow/.local/lib/python3.8/site-packages/airflow/example_dags/example_setup_teardown.py took 0.050 seconds
[2026-05-03T00:29:56.482+0000] {processor.py:161} INFO - Started process (PID=3273) to work on /home/airflow/.local/lib/python3.8/site-packages/airflow/example_dags/example_setup_teardown.py
[2026-05-03T00:29:56.485+0000] {processor.py:830} INFO - Processing file /home/airflow/.local/lib/python3.8/site-packages/airflow/example_dags/example_setup_teardown.py for tasks to queue
[2026-05-03T00:29:56.487+0000] {logging_mixin.py:188} INFO - [2026-05-03T00:29:56.487+0000] {dagbag.py:540} INFO - Filling up the DagBag from /home/airflow/.local/lib/python3.8/site-packages/airflow/example_dags/example_setup_teardown.py
[2026-05-03T00:29:56.493+0000] {processor.py:840} INFO - DAG(s) 'example_setup_teardown' retrieved from /home/airflow/.local/lib/python3.8/site-packages/airflow/example_dags/example_setup_teardown.py
[2026-05-03T00:29:56.509+0000] {logging_mixin.py:188} INFO - [2026-05-03T00:29:56.509+0000] {dag.py:3047} INFO - Sync 1 DAGs
[2026-05-03T00:29:56.522+0000] {logging_mixin.py:188} INFO - [2026-05-03T00:29:56.522+0000] {dag.py:3834} INFO - Setting next_dagrun for example_setup_teardown to 2026-05-02 00:00:00+00:00, run_after=2026-05-03 00:00:00+00:00
[2026-05-03T00:29:56.538+0000] {processor.py:183} INFO - Processing /home/airflow/.local/lib/python3.8/site-packages/airflow/example_dags/example_setup_teardown.py took 0.058 seconds
[2026-05-03T00:30:26.736+0000] {processor.py:161} INFO - Started process (PID=3329) to work on /home/airflow/.local/lib/python3.8/site-packages/airflow/example_dags/example_setup_teardown.py
[2026-05-03T00:30:26.736+0000] {processor.py:830} INFO - Processing file /home/airflow/.local/lib/python3.8/site-packages/airflow/example_dags/example_setup_teardown.py for tasks to queue
[2026-05-03T00:30:26.738+0000] {logging_mixin.py:188} INFO - [2026-05-03T00:30:26.738+0000] {dagbag.py:540} INFO - Filling up the DagBag from /home/airflow/.local/lib/python3.8/site-packages/airflow/example_dags/example_setup_teardown.py
[2026-05-03T00:30:26.743+0000] {processor.py:840} INFO - DAG(s) 'example_setup_teardown' retrieved from /home/airflow/.local/lib/python3.8/site-packages/airflow/example_dags/example_setup_teardown.py
[2026-05-03T00:30:26.757+0000] {logging_mixin.py:188} INFO - [2026-05-03T00:30:26.757+0000] {dag.py:3047} INFO - Sync 1 DAGs
[2026-05-03T00:30:26.771+0000] {logging_mixin.py:188} INFO - [2026-05-03T00:30:26.771+0000] {dag.py:3834} INFO - Setting next_dagrun for example_setup_teardown to 2026-05-02 00:00:00+00:00, run_after=2026-05-03 00:00:00+00:00
[2026-05-03T00:30:26.785+0000] {processor.py:183} INFO - Processing /home/airflow/.local/lib/python3.8/site-packages/airflow/example_dags/example_setup_teardown.py took 0.052 seconds
[2026-05-03T00:30:56.965+0000] {processor.py:161} INFO - Started process (PID=3385) to work on /home/airflow/.local/lib/python3.8/site-packages/airflow/example_dags/example_setup_teardown.py
[2026-05-03T00:30:56.967+0000] {processor.py:830} INFO - Processing file /home/airflow/.local/lib/python3.8/site-packages/airflow/example_dags/example_setup_teardown.py for tasks to queue
[2026-05-03T00:30:56.969+0000] {logging_mixin.py:188} INFO - [2026-05-03T00:30:56.969+0000] {dagbag.py:540} INFO - Filling up the DagBag from /home/airflow/.local/lib/python3.8/site-packages/airflow/example_dags/example_setup_teardown.py
[2026-05-03T00:30:56.974+0000] {processor.py:840} INFO - DAG(s) 'example_setup_teardown' retrieved from /home/airflow/.local/lib/python3.8/site-packages/airflow/example_dags/example_setup_teardown.py
[2026-05-03T00:30:56.991+0000] {logging_mixin.py:188} INFO - [2026-05-03T00:30:56.990+0000] {dag.py:3047} INFO - Sync 1 DAGs
[2026-05-03T00:30:57.006+0000] {logging_mixin.py:188} INFO - [2026-05-03T00:30:57.006+0000] {dag.py:3834} INFO - Setting next_dagrun for example_setup_teardown to 2026-05-02 00:00:00+00:00, run_after=2026-05-03 00:00:00+00:00
[2026-05-03T00:30:57.017+0000] {processor.py:183} INFO - Processing /home/airflow/.local/lib/python3.8/site-packages/airflow/example_dags/example_setup_teardown.py took 0.055 seconds
[2026-05-03T00:31:27.787+0000] {processor.py:161} INFO - Started process (PID=3441) to work on /home/airflow/.local/lib/python3.8/site-packages/airflow/example_dags/example_setup_teardown.py
[2026-05-03T00:31:27.792+0000] {processor.py:830} INFO - Processing file /home/airflow/.local/lib/python3.8/site-packages/airflow/example_dags/example_setup_teardown.py for tasks to queue
[2026-05-03T00:31:27.794+0000] {logging_mixin.py:188} INFO - [2026-05-03T00:31:27.793+0000] {dagbag.py:540} INFO - Filling up the DagBag from /home/airflow/.local/lib/python3.8/site-packages/airflow/example_dags/example_setup_teardown.py
[2026-05-03T00:31:27.799+0000] {processor.py:840} INFO - DAG(s) 'example_setup_teardown' retrieved from /home/airflow/.local/lib/python3.8/site-packages/airflow/example_dags/example_setup_teardown.py
[2026-05-03T00:31:27.819+0000] {logging_mixin.py:188} INFO - [2026-05-03T00:31:27.819+0000] {dag.py:3047} INFO - Sync 1 DAGs
[2026-05-03T00:31:27.836+0000] {logging_mixin.py:188} INFO - [2026-05-03T00:31:27.836+0000] {dag.py:3834} INFO - Setting next_dagrun for example_setup_teardown to 2026-05-02 00:00:00+00:00, run_after=2026-05-03 00:00:00+00:00
[2026-05-03T00:31:27.849+0000] {processor.py:183} INFO - Processing /home/airflow/.local/lib/python3.8/site-packages/airflow/example_dags/example_setup_teardown.py took 0.066 seconds
[2026-05-03T00:31:58.869+0000] {processor.py:161} INFO - Started process (PID=3497) to work on /home/airflow/.local/lib/python3.8/site-packages/airflow/example_dags/example_setup_teardown.py
[2026-05-03T00:31:58.870+0000] {processor.py:830} INFO - Processing file /home/airflow/.local/lib/python3.8/site-packages/airflow/example_dags/example_setup_teardown.py for tasks to queue
[2026-05-03T00:31:58.872+0000] {logging_mixin.py:188} INFO - [2026-05-03T00:31:58.872+0000] {dagbag.py:540} INFO - Filling up the DagBag from /home/airflow/.local/lib/python3.8/site-packages/airflow/example_dags/example_setup_teardown.py
[2026-05-03T00:31:58.877+0000] {processor.py:840} INFO - DAG(s) 'example_setup_teardown' retrieved from /home/airflow/.local/lib/python3.8/site-packages/airflow/example_dags/example_setup_teardown.py
[2026-05-03T00:31:58.894+0000] {logging_mixin.py:188} INFO - [2026-05-03T00:31:58.894+0000] {dag.py:3047} INFO - Sync 1 DAGs
[2026-05-03T00:31:58.909+0000] {logging_mixin.py:188} INFO - [2026-05-03T00:31:58.909+0000] {dag.py:3834} INFO - Setting next_dagrun for example_setup_teardown to 2026-05-02 00:00:00+00:00, run_after=2026-05-03 00:00:00+00:00
[2026-05-03T00:31:58.920+0000] {processor.py:183} INFO - Processing /home/airflow/.local/lib/python3.8/site-packages/airflow/example_dags/example_setup_teardown.py took 0.054 seconds
[2026-05-03T00:32:29.223+0000] {processor.py:161} INFO - Started process (PID=3553) to work on /home/airflow/.local/lib/python3.8/site-packages/airflow/example_dags/example_setup_teardown.py
[2026-05-03T00:32:29.224+0000] {processor.py:830} INFO - Processing file /home/airflow/.local/lib/python3.8/site-packages/airflow/example_dags/example_setup_teardown.py for tasks to queue
[2026-05-03T00:32:29.226+0000] {logging_mixin.py:188} INFO - [2026-05-03T00:32:29.226+0000] {dagbag.py:540} INFO - Filling up the DagBag from /home/airflow/.local/lib/python3.8/site-packages/airflow/example_dags/example_setup_teardown.py
[2026-05-03T00:32:29.231+0000] {processor.py:840} INFO - DAG(s) 'example_setup_teardown' retrieved from /home/airflow/.local/lib/python3.8/site-packages/airflow/example_dags/example_setup_teardown.py
[2026-05-03T00:32:29.249+0000] {logging_mixin.py:188} INFO - [2026-05-03T00:32:29.249+0000] {dag.py:3047} INFO - Sync 1 DAGs
[2026-05-03T00:32:29.267+0000] {logging_mixin.py:188} INFO - [2026-05-03T00:32:29.267+0000] {dag.py:3834} INFO - Setting next_dagrun for example_setup_teardown to 2026-05-02 00:00:00+00:00, run_after=2026-05-03 00:00:00+00:00
[2026-05-03T00:32:29.279+0000] {processor.py:183} INFO - Processing /home/airflow/.local/lib/python3.8/site-packages/airflow/example_dags/example_setup_teardown.py took 0.059 seconds
[2026-05-03T00:32:59.350+0000] {processor.py:161} INFO - Started process (PID=3609) to work on /home/airflow/.local/lib/python3.8/site-packages/airflow/example_dags/example_setup_teardown.py
[2026-05-03T00:32:59.352+0000] {processor.py:830} INFO - Processing file /home/airflow/.local/lib/python3.8/site-packages/airflow/example_dags/example_setup_teardown.py for tasks to queue
[2026-05-03T00:32:59.356+0000] {logging_mixin.py:188} INFO - [2026-05-03T00:32:59.355+0000] {dagbag.py:540} INFO - Filling up the DagBag from /home/airflow/.local/lib/python3.8/site-packages/airflow/example_dags/example_setup_teardown.py
[2026-05-03T00:32:59.362+0000] {processor.py:840} INFO - DAG(s) 'example_setup_teardown' retrieved from /home/airflow/.local/lib/python3.8/site-packages/airflow/example_dags/example_setup_teardown.py
[2026-05-03T00:32:59.377+0000] {logging_mixin.py:188} INFO - [2026-05-03T00:32:59.377+0000] {dag.py:3047} INFO - Sync 1 DAGs
[2026-05-03T00:32:59.394+0000] {logging_mixin.py:188} INFO - [2026-05-03T00:32:59.394+0000] {dag.py:3834} INFO - Setting next_dagrun for example_setup_teardown to 2026-05-02 00:00:00+00:00, run_after=2026-05-03 00:00:00+00:00
[2026-05-03T00:32:59.405+0000] {processor.py:183} INFO - Processing /home/airflow/.local/lib/python3.8/site-packages/airflow/example_dags/example_setup_teardown.py took 0.058 seconds
[2026-05-03T00:33:29.940+0000] {processor.py:161} INFO - Started process (PID=3665) to work on /home/airflow/.local/lib/python3.8/site-packages/airflow/example_dags/example_setup_teardown.py
[2026-05-03T00:33:29.942+0000] {processor.py:830} INFO - Processing file /home/airflow/.local/lib/python3.8/site-packages/airflow/example_dags/example_setup_teardown.py for tasks to queue
[2026-05-03T00:33:29.945+0000] {logging_mixin.py:188} INFO - [2026-05-03T00:33:29.944+0000] {dagbag.py:540} INFO - Filling up the DagBag from /home/airflow/.local/lib/python3.8/site-packages/airflow/example_dags/example_setup_teardown.py
[2026-05-03T00:33:29.951+0000] {processor.py:840} INFO - DAG(s) 'example_setup_teardown' retrieved from /home/airflow/.local/lib/python3.8/site-packages/airflow/example_dags/example_setup_teardown.py
[2026-05-03T00:33:29.978+0000] {logging_mixin.py:188} INFO - [2026-05-03T00:33:29.978+0000] {dag.py:3047} INFO - Sync 1 DAGs
[2026-05-03T00:33:30.001+0000] {logging_mixin.py:188} INFO - [2026-05-03T00:33:30.001+0000] {dag.py:3834} INFO - Setting next_dagrun for example_setup_teardown to 2026-05-02 00:00:00+00:00, run_after=2026-05-03 00:00:00+00:00
[2026-05-03T00:33:30.015+0000] {processor.py:183} INFO - Processing /home/airflow/.local/lib/python3.8/site-packages/airflow/example_dags/example_setup_teardown.py took 0.078 seconds
[2026-05-03T00:34:00.572+0000] {processor.py:161} INFO - Started process (PID=3721) to work on /home/airflow/.local/lib/python3.8/site-packages/airflow/example_dags/example_setup_teardown.py
[2026-05-03T00:34:00.575+0000] {processor.py:830} INFO - Processing file /home/airflow/.local/lib/python3.8/site-packages/airflow/example_dags/example_setup_teardown.py for tasks to queue
[2026-05-03T00:34:00.578+0000] {logging_mixin.py:188} INFO - [2026-05-03T00:34:00.578+0000] {dagbag.py:540} INFO - Filling up the DagBag from /home/airflow/.local/lib/python3.8/site-packages/airflow/example_dags/example_setup_teardown.py
[2026-05-03T00:34:00.585+0000] {processor.py:840} INFO - DAG(s) 'example_setup_teardown' retrieved from /home/airflow/.local/lib/python3.8/site-packages/airflow/example_dags/example_setup_teardown.py
[2026-05-03T00:34:00.605+0000] {logging_mixin.py:188} INFO - [2026-05-03T00:34:00.605+0000] {dag.py:3047} INFO - Sync 1 DAGs
[2026-05-03T00:34:00.622+0000] {logging_mixin.py:188} INFO - [2026-05-03T00:34:00.622+0000] {dag.py:3834} INFO - Setting next_dagrun for example_setup_teardown to 2026-05-02 00:00:00+00:00, run_after=2026-05-03 00:00:00+00:00
[2026-05-03T00:34:00.636+0000] {processor.py:183} INFO - Processing /home/airflow/.local/lib/python3.8/site-packages/airflow/example_dags/example_setup_teardown.py took 0.067 seconds
[2026-05-03T00:34:30.688+0000] {processor.py:161} INFO - Started process (PID=3776) to work on /home/airflow/.local/lib/python3.8/site-packages/airflow/example_dags/example_setup_teardown.py
[2026-05-03T00:34:30.693+0000] {processor.py:830} INFO - Processing file /home/airflow/.local/lib/python3.8/site-packages/airflow/example_dags/example_setup_teardown.py for tasks to queue
[2026-05-03T00:34:30.696+0000] {logging_mixin.py:188} INFO - [2026-05-03T00:34:30.696+0000] {dagbag.py:540} INFO - Filling up the DagBag from /home/airflow/.local/lib/python3.8/site-packages/airflow/example_dags/example_setup_teardown.py
[2026-05-03T00:34:30.702+0000] {processor.py:840} INFO - DAG(s) 'example_setup_teardown' retrieved from /home/airflow/.local/lib/python3.8/site-packages/airflow/example_dags/example_setup_teardown.py
[2026-05-03T00:34:30.717+0000] {logging_mixin.py:188} INFO - [2026-05-03T00:34:30.716+0000] {dag.py:3047} INFO - Sync 1 DAGs
[2026-05-03T00:34:30.730+0000] {logging_mixin.py:188} INFO - [2026-05-03T00:34:30.729+0000] {dag.py:3834} INFO - Setting next_dagrun for example_setup_teardown to 2026-05-02 00:00:00+00:00, run_after=2026-05-03 00:00:00+00:00
[2026-05-03T00:34:30.741+0000] {processor.py:183} INFO - Processing /home/airflow/.local/lib/python3.8/site-packages/airflow/example_dags/example_setup_teardown.py took 0.055 seconds
[2026-05-03T00:35:00.880+0000] {processor.py:161} INFO - Started process (PID=3832) to work on /home/airflow/.local/lib/python3.8/site-packages/airflow/example_dags/example_setup_teardown.py
[2026-05-03T00:35:00.887+0000] {processor.py:830} INFO - Processing file /home/airflow/.local/lib/python3.8/site-packages/airflow/example_dags/example_setup_teardown.py for tasks to queue
[2026-05-03T00:35:00.888+0000] {logging_mixin.py:188} INFO - [2026-05-03T00:35:00.888+0000] {dagbag.py:540} INFO - Filling up the DagBag from /home/airflow/.local/lib/python3.8/site-packages/airflow/example_dags/example_setup_teardown.py
[2026-05-03T00:35:00.892+0000] {processor.py:840} INFO - DAG(s) 'example_setup_teardown' retrieved from /home/airflow/.local/lib/python3.8/site-packages/airflow/example_dags/example_setup_teardown.py
[2026-05-03T00:35:00.907+0000] {logging_mixin.py:188} INFO - [2026-05-03T00:35:00.906+0000] {dag.py:3047} INFO - Sync 1 DAGs
[2026-05-03T00:35:00.920+0000] {logging_mixin.py:188} INFO - [2026-05-03T00:35:00.920+0000] {dag.py:3834} INFO - Setting next_dagrun for example_setup_teardown to 2026-05-02 00:00:00+00:00, run_after=2026-05-03 00:00:00+00:00
[2026-05-03T00:35:00.931+0000] {processor.py:183} INFO - Processing /home/airflow/.local/lib/python3.8/site-packages/airflow/example_dags/example_setup_teardown.py took 0.053 seconds
[2026-05-03T00:35:31.318+0000] {processor.py:161} INFO - Started process (PID=3889) to work on /home/airflow/.local/lib/python3.8/site-packages/airflow/example_dags/example_setup_teardown.py
[2026-05-03T00:35:31.324+0000] {processor.py:830} INFO - Processing file /home/airflow/.local/lib/python3.8/site-packages/airflow/example_dags/example_setup_teardown.py for tasks to queue
[2026-05-03T00:35:31.325+0000] {logging_mixin.py:188} INFO - [2026-05-03T00:35:31.325+0000] {dagbag.py:540} INFO - Filling up the DagBag from /home/airflow/.local/lib/python3.8/site-packages/airflow/example_dags/example_setup_teardown.py
[2026-05-03T00:35:31.331+0000] {processor.py:840} INFO - DAG(s) 'example_setup_teardown' retrieved from /home/airflow/.local/lib/python3.8/site-packages/airflow/example_dags/example_setup_teardown.py
[2026-05-03T00:35:31.346+0000] {logging_mixin.py:188} INFO - [2026-05-03T00:35:31.346+0000] {dag.py:3047} INFO - Sync 1 DAGs
[2026-05-03T00:35:31.361+0000] {logging_mixin.py:188} INFO - [2026-05-03T00:35:31.361+0000] {dag.py:3834} INFO - Setting next_dagrun for example_setup_teardown to 2026-05-02 00:00:00+00:00, run_after=2026-05-03 00:00:00+00:00
[2026-05-03T00:35:31.372+0000] {processor.py:183} INFO - Processing /home/airflow/.local/lib/python3.8/site-packages/airflow/example_dags/example_setup_teardown.py took 0.056 seconds
[2026-05-03T00:36:01.775+0000] {processor.py:161} INFO - Started process (PID=3945) to work on /home/airflow/.local/lib/python3.8/site-packages/airflow/example_dags/example_setup_teardown.py
[2026-05-03T00:36:01.779+0000] {processor.py:830} INFO - Processing file /home/airflow/.local/lib/python3.8/site-packages/airflow/example_dags/example_setup_teardown.py for tasks to queue
[2026-05-03T00:36:01.783+0000] {logging_mixin.py:188} INFO - [2026-05-03T00:36:01.782+0000] {dagbag.py:540} INFO - Filling up the DagBag from /home/airflow/.local/lib/python3.8/site-packages/airflow/example_dags/example_setup_teardown.py
[2026-05-03T00:36:01.788+0000] {processor.py:840} INFO - DAG(s) 'example_setup_teardown' retrieved from /home/airflow/.local/lib/python3.8/site-packages/airflow/example_dags/example_setup_teardown.py
[2026-05-03T00:36:01.805+0000] {logging_mixin.py:188} INFO - [2026-05-03T00:36:01.805+0000] {dag.py:3047} INFO - Sync 1 DAGs
[2026-05-03T00:36:01.821+0000] {logging_mixin.py:188} INFO - [2026-05-03T00:36:01.821+0000] {dag.py:3834} INFO - Setting next_dagrun for example_setup_teardown to 2026-05-02 00:00:00+00:00, run_after=2026-05-03 00:00:00+00:00
[2026-05-03T00:36:01.837+0000] {processor.py:183} INFO - Processing /home/airflow/.local/lib/python3.8/site-packages/airflow/example_dags/example_setup_teardown.py took 0.065 seconds
[2026-05-03T00:36:32.216+0000] {processor.py:161} INFO - Started process (PID=4001) to work on /home/airflow/.local/lib/python3.8/site-packages/airflow/example_dags/example_setup_teardown.py
[2026-05-03T00:36:32.217+0000] {processor.py:830} INFO - Processing file /home/airflow/.local/lib/python3.8/site-packages/airflow/example_dags/example_setup_teardown.py for tasks to queue
[2026-05-03T00:36:32.219+0000] {logging_mixin.py:188} INFO - [2026-05-03T00:36:32.219+0000] {dagbag.py:540} INFO - Filling up the DagBag from /home/airflow/.local/lib/python3.8/site-packages/airflow/example_dags/example_setup_teardown.py
[2026-05-03T00:36:32.228+0000] {processor.py:840} INFO - DAG(s) 'example_setup_teardown' retrieved from /home/airflow/.local/lib/python3.8/site-packages/airflow/example_dags/example_setup_teardown.py
[2026-05-03T00:36:32.247+0000] {logging_mixin.py:188} INFO - [2026-05-03T00:36:32.246+0000] {dag.py:3047} INFO - Sync 1 DAGs
[2026-05-03T00:36:32.261+0000] {logging_mixin.py:188} INFO - [2026-05-03T00:36:32.261+0000] {dag.py:3834} INFO - Setting next_dagrun for example_setup_teardown to 2026-05-02 00:00:00+00:00, run_after=2026-05-03 00:00:00+00:00
[2026-05-03T00:36:32.272+0000] {processor.py:183} INFO - Processing /home/airflow/.local/lib/python3.8/site-packages/airflow/example_dags/example_setup_teardown.py took 0.059 seconds
[2026-05-03T00:37:02.652+0000] {processor.py:161} INFO - Started process (PID=4057) to work on /home/airflow/.local/lib/python3.8/site-packages/airflow/example_dags/example_setup_teardown.py
[2026-05-03T00:37:02.655+0000] {processor.py:830} INFO - Processing file /home/airflow/.local/lib/python3.8/site-packages/airflow/example_dags/example_setup_teardown.py for tasks to queue
[2026-05-03T00:37:02.662+0000] {logging_mixin.py:188} INFO - [2026-05-03T00:37:02.662+0000] {dagbag.py:540} INFO - Filling up the DagBag from /home/airflow/.local/lib/python3.8/site-packages/airflow/example_dags/example_setup_teardown.py
[2026-05-03T00:37:02.675+0000] {processor.py:840} INFO - DAG(s) 'example_setup_teardown' retrieved from /home/airflow/.local/lib/python3.8/site-packages/airflow/example_dags/example_setup_teardown.py
[2026-05-03T00:37:02.701+0000] {logging_mixin.py:188} INFO - [2026-05-03T00:37:02.701+0000] {dag.py:3047} INFO - Sync 1 DAGs
[2026-05-03T00:37:02.724+0000] {logging_mixin.py:188} INFO - [2026-05-03T00:37:02.724+0000] {dag.py:3834} INFO - Setting next_dagrun for example_setup_teardown to 2026-05-02 00:00:00+00:00, run_after=2026-05-03 00:00:00+00:00
[2026-05-03T00:37:02.745+0000] {processor.py:183} INFO - Processing /home/airflow/.local/lib/python3.8/site-packages/airflow/example_dags/example_setup_teardown.py took 0.100 seconds
[2026-05-03T00:37:33.237+0000] {processor.py:161} INFO - Started process (PID=4113) to work on /home/airflow/.local/lib/python3.8/site-packages/airflow/example_dags/example_setup_teardown.py
[2026-05-03T00:37:33.239+0000] {processor.py:830} INFO - Processing file /home/airflow/.local/lib/python3.8/site-packages/airflow/example_dags/example_setup_teardown.py for tasks to queue
[2026-05-03T00:37:33.241+0000] {logging_mixin.py:188} INFO - [2026-05-03T00:37:33.241+0000] {dagbag.py:540} INFO - Filling up the DagBag from /home/airflow/.local/lib/python3.8/site-packages/airflow/example_dags/example_setup_teardown.py
[2026-05-03T00:37:33.247+0000] {processor.py:840} INFO - DAG(s) 'example_setup_teardown' retrieved from /home/airflow/.local/lib/python3.8/site-packages/airflow/example_dags/example_setup_teardown.py
[2026-05-03T00:37:33.269+0000] {logging_mixin.py:188} INFO - [2026-05-03T00:37:33.268+0000] {dag.py:3047} INFO - Sync 1 DAGs
[2026-05-03T00:37:33.296+0000] {logging_mixin.py:188} INFO - [2026-05-03T00:37:33.295+0000] {dag.py:3834} INFO - Setting next_dagrun for example_setup_teardown to 2026-05-02 00:00:00+00:00, run_after=2026-05-03 00:00:00+00:00
[2026-05-03T00:37:33.312+0000] {processor.py:183} INFO - Processing /home/airflow/.local/lib/python3.8/site-packages/airflow/example_dags/example_setup_teardown.py took 0.077 seconds
[2026-05-03T00:38:03.551+0000] {processor.py:161} INFO - Started process (PID=4169) to work on /home/airflow/.local/lib/python3.8/site-packages/airflow/example_dags/example_setup_teardown.py
[2026-05-03T00:38:03.553+0000] {processor.py:830} INFO - Processing file /home/airflow/.local/lib/python3.8/site-packages/airflow/example_dags/example_setup_teardown.py for tasks to queue
[2026-05-03T00:38:03.555+0000] {logging_mixin.py:188} INFO - [2026-05-03T00:38:03.555+0000] {dagbag.py:540} INFO - Filling up the DagBag from /home/airflow/.local/lib/python3.8/site-packages/airflow/example_dags/example_setup_teardown.py
[2026-05-03T00:38:03.560+0000] {processor.py:840} INFO - DAG(s) 'example_setup_teardown' retrieved from /home/airflow/.local/lib/python3.8/site-packages/airflow/example_dags/example_setup_teardown.py
[2026-05-03T00:38:03.584+0000] {logging_mixin.py:188} INFO - [2026-05-03T00:38:03.584+0000] {dag.py:3047} INFO - Sync 1 DAGs
[2026-05-03T00:38:03.600+0000] {logging_mixin.py:188} INFO - [2026-05-03T00:38:03.600+0000] {dag.py:3834} INFO - Setting next_dagrun for example_setup_teardown to 2026-05-02 00:00:00+00:00, run_after=2026-05-03 00:00:00+00:00
[2026-05-03T00:38:03.615+0000] {processor.py:183} INFO - Processing /home/airflow/.local/lib/python3.8/site-packages/airflow/example_dags/example_setup_teardown.py took 0.066 seconds
[2026-05-03T00:38:34.164+0000] {processor.py:161} INFO - Started process (PID=4225) to work on /home/airflow/.local/lib/python3.8/site-packages/airflow/example_dags/example_setup_teardown.py
[2026-05-03T00:38:34.165+0000] {processor.py:830} INFO - Processing file /home/airflow/.local/lib/python3.8/site-packages/airflow/example_dags/example_setup_teardown.py for tasks to queue
[2026-05-03T00:38:34.167+0000] {logging_mixin.py:188} INFO - [2026-05-03T00:38:34.167+0000] {dagbag.py:540} INFO - Filling up the DagBag from /home/airflow/.local/lib/python3.8/site-packages/airflow/example_dags/example_setup_teardown.py
[2026-05-03T00:38:34.179+0000] {processor.py:840} INFO - DAG(s) 'example_setup_teardown' retrieved from /home/airflow/.local/lib/python3.8/site-packages/airflow/example_dags/example_setup_teardown.py
[2026-05-03T00:38:34.196+0000] {logging_mixin.py:188} INFO - [2026-05-03T00:38:34.196+0000] {dag.py:3047} INFO - Sync 1 DAGs
[2026-05-03T00:38:34.211+0000] {logging_mixin.py:188} INFO - [2026-05-03T00:38:34.211+0000] {dag.py:3834} INFO - Setting next_dagrun for example_setup_teardown to 2026-05-02 00:00:00+00:00, run_after=2026-05-03 00:00:00+00:00
[2026-05-03T00:38:34.222+0000] {processor.py:183} INFO - Processing /home/airflow/.local/lib/python3.8/site-packages/airflow/example_dags/example_setup_teardown.py took 0.060 seconds
[2026-05-03T00:39:04.465+0000] {processor.py:161} INFO - Started process (PID=4281) to work on /home/airflow/.local/lib/python3.8/site-packages/airflow/example_dags/example_setup_teardown.py
[2026-05-03T00:39:04.467+0000] {processor.py:830} INFO - Processing file /home/airflow/.local/lib/python3.8/site-packages/airflow/example_dags/example_setup_teardown.py for tasks to queue
[2026-05-03T00:39:04.468+0000] {logging_mixin.py:188} INFO - [2026-05-03T00:39:04.468+0000] {dagbag.py:540} INFO - Filling up the DagBag from /home/airflow/.local/lib/python3.8/site-packages/airflow/example_dags/example_setup_teardown.py
[2026-05-03T00:39:04.474+0000] {processor.py:840} INFO - DAG(s) 'example_setup_teardown' retrieved from /home/airflow/.local/lib/python3.8/site-packages/airflow/example_dags/example_setup_teardown.py
[2026-05-03T00:39:04.489+0000] {logging_mixin.py:188} INFO - [2026-05-03T00:39:04.489+0000] {dag.py:3047} INFO - Sync 1 DAGs
[2026-05-03T00:39:04.504+0000] {logging_mixin.py:188} INFO - [2026-05-03T00:39:04.504+0000] {dag.py:3834} INFO - Setting next_dagrun for example_setup_teardown to 2026-05-02 00:00:00+00:00, run_after=2026-05-03 00:00:00+00:00
[2026-05-03T00:39:04.515+0000] {processor.py:183} INFO - Processing /home/airflow/.local/lib/python3.8/site-packages/airflow/example_dags/example_setup_teardown.py took 0.053 seconds
[2026-05-03T00:39:34.938+0000] {processor.py:161} INFO - Started process (PID=4337) to work on /home/airflow/.local/lib/python3.8/site-packages/airflow/example_dags/example_setup_teardown.py
[2026-05-03T00:39:34.940+0000] {processor.py:830} INFO - Processing file /home/airflow/.local/lib/python3.8/site-packages/airflow/example_dags/example_setup_teardown.py for tasks to queue
[2026-05-03T00:39:34.942+0000] {logging_mixin.py:188} INFO - [2026-05-03T00:39:34.942+0000] {dagbag.py:540} INFO - Filling up the DagBag from /home/airflow/.local/lib/python3.8/site-packages/airflow/example_dags/example_setup_teardown.py
[2026-05-03T00:39:34.948+0000] {processor.py:840} INFO - DAG(s) 'example_setup_teardown' retrieved from /home/airflow/.local/lib/python3.8/site-packages/airflow/example_dags/example_setup_teardown.py
[2026-05-03T00:39:34.963+0000] {logging_mixin.py:188} INFO - [2026-05-03T00:39:34.963+0000] {dag.py:3047} INFO - Sync 1 DAGs
[2026-05-03T00:39:34.979+0000] {logging_mixin.py:188} INFO - [2026-05-03T00:39:34.979+0000] {dag.py:3834} INFO - Setting next_dagrun for example_setup_teardown to 2026-05-02 00:00:00+00:00, run_after=2026-05-03 00:00:00+00:00
[2026-05-03T00:39:34.993+0000] {processor.py:183} INFO - Processing /home/airflow/.local/lib/python3.8/site-packages/airflow/example_dags/example_setup_teardown.py took 0.057 seconds
