[2026-05-03T00:01:59.831+0000] {processor.py:161} INFO - Started process (PID=2757) to work on /home/airflow/.local/lib/python3.8/site-packages/airflow/example_dags/example_sensors.py
[2026-05-03T00:01:59.832+0000] {processor.py:830} INFO - Processing file /home/airflow/.local/lib/python3.8/site-packages/airflow/example_dags/example_sensors.py for tasks to queue
[2026-05-03T00:01:59.834+0000] {logging_mixin.py:188} INFO - [2026-05-03T00:01:59.834+0000] {dagbag.py:540} INFO - Filling up the DagBag from /home/airflow/.local/lib/python3.8/site-packages/airflow/example_dags/example_sensors.py
[2026-05-03T00:01:59.840+0000] {processor.py:840} INFO - DAG(s) 'example_sensors' retrieved from /home/airflow/.local/lib/python3.8/site-packages/airflow/example_dags/example_sensors.py
[2026-05-03T00:01:59.866+0000] {logging_mixin.py:188} INFO - [2026-05-03T00:01:59.866+0000] {dag.py:3047} INFO - Sync 1 DAGs
[2026-05-03T00:01:59.881+0000] {logging_mixin.py:188} INFO - [2026-05-03T00:01:59.881+0000] {dag.py:3834} INFO - Setting next_dagrun for example_sensors to None, run_after=None
[2026-05-03T00:01:59.904+0000] {processor.py:183} INFO - Processing /home/airflow/.local/lib/python3.8/site-packages/airflow/example_dags/example_sensors.py took 0.076 seconds
[2026-05-03T00:11:41.351+0000] {processor.py:161} INFO - Started process (PID=2813) to work on /home/airflow/.local/lib/python3.8/site-packages/airflow/example_dags/example_sensors.py
[2026-05-03T00:11:41.353+0000] {processor.py:830} INFO - Processing file /home/airflow/.local/lib/python3.8/site-packages/airflow/example_dags/example_sensors.py for tasks to queue
[2026-05-03T00:11:41.355+0000] {logging_mixin.py:188} INFO - [2026-05-03T00:11:41.355+0000] {dagbag.py:540} INFO - Filling up the DagBag from /home/airflow/.local/lib/python3.8/site-packages/airflow/example_dags/example_sensors.py
[2026-05-03T00:11:41.364+0000] {processor.py:840} INFO - DAG(s) 'example_sensors' retrieved from /home/airflow/.local/lib/python3.8/site-packages/airflow/example_dags/example_sensors.py
[2026-05-03T00:11:41.384+0000] {logging_mixin.py:188} INFO - [2026-05-03T00:11:41.384+0000] {dag.py:3047} INFO - Sync 1 DAGs
[2026-05-03T00:11:41.396+0000] {logging_mixin.py:188} INFO - [2026-05-03T00:11:41.395+0000] {dag.py:3834} INFO - Setting next_dagrun for example_sensors to None, run_after=None
[2026-05-03T00:11:41.414+0000] {processor.py:183} INFO - Processing /home/airflow/.local/lib/python3.8/site-packages/airflow/example_dags/example_sensors.py took 0.067 seconds
[2026-05-03T00:20:52.401+0000] {processor.py:161} INFO - Started process (PID=2869) to work on /home/airflow/.local/lib/python3.8/site-packages/airflow/example_dags/example_sensors.py
[2026-05-03T00:20:52.403+0000] {processor.py:830} INFO - Processing file /home/airflow/.local/lib/python3.8/site-packages/airflow/example_dags/example_sensors.py for tasks to queue
[2026-05-03T00:20:52.404+0000] {logging_mixin.py:188} INFO - [2026-05-03T00:20:52.404+0000] {dagbag.py:540} INFO - Filling up the DagBag from /home/airflow/.local/lib/python3.8/site-packages/airflow/example_dags/example_sensors.py
[2026-05-03T00:20:52.411+0000] {processor.py:840} INFO - DAG(s) 'example_sensors' retrieved from /home/airflow/.local/lib/python3.8/site-packages/airflow/example_dags/example_sensors.py
[2026-05-03T00:20:52.426+0000] {logging_mixin.py:188} INFO - [2026-05-03T00:20:52.425+0000] {dag.py:3047} INFO - Sync 1 DAGs
[2026-05-03T00:20:52.433+0000] {logging_mixin.py:188} INFO - [2026-05-03T00:20:52.433+0000] {dag.py:3834} INFO - Setting next_dagrun for example_sensors to None, run_after=None
[2026-05-03T00:20:52.446+0000] {processor.py:183} INFO - Processing /home/airflow/.local/lib/python3.8/site-packages/airflow/example_dags/example_sensors.py took 0.047 seconds
[2026-05-03T00:26:52.469+0000] {processor.py:161} INFO - Started process (PID=2925) to work on /home/airflow/.local/lib/python3.8/site-packages/airflow/example_dags/example_sensors.py
[2026-05-03T00:26:52.470+0000] {processor.py:830} INFO - Processing file /home/airflow/.local/lib/python3.8/site-packages/airflow/example_dags/example_sensors.py for tasks to queue
[2026-05-03T00:26:52.472+0000] {logging_mixin.py:188} INFO - [2026-05-03T00:26:52.472+0000] {dagbag.py:540} INFO - Filling up the DagBag from /home/airflow/.local/lib/python3.8/site-packages/airflow/example_dags/example_sensors.py
[2026-05-03T00:26:52.483+0000] {processor.py:840} INFO - DAG(s) 'example_sensors' retrieved from /home/airflow/.local/lib/python3.8/site-packages/airflow/example_dags/example_sensors.py
[2026-05-03T00:26:52.508+0000] {logging_mixin.py:188} INFO - [2026-05-03T00:26:52.508+0000] {dag.py:3047} INFO - Sync 1 DAGs
[2026-05-03T00:26:52.519+0000] {logging_mixin.py:188} INFO - [2026-05-03T00:26:52.519+0000] {dag.py:3834} INFO - Setting next_dagrun for example_sensors to None, run_after=None
[2026-05-03T00:26:52.537+0000] {processor.py:183} INFO - Processing /home/airflow/.local/lib/python3.8/site-packages/airflow/example_dags/example_sensors.py took 0.071 seconds
[2026-05-03T00:27:22.644+0000] {processor.py:161} INFO - Started process (PID=2981) to work on /home/airflow/.local/lib/python3.8/site-packages/airflow/example_dags/example_sensors.py
[2026-05-03T00:27:22.644+0000] {processor.py:830} INFO - Processing file /home/airflow/.local/lib/python3.8/site-packages/airflow/example_dags/example_sensors.py for tasks to queue
[2026-05-03T00:27:22.646+0000] {logging_mixin.py:188} INFO - [2026-05-03T00:27:22.645+0000] {dagbag.py:540} INFO - Filling up the DagBag from /home/airflow/.local/lib/python3.8/site-packages/airflow/example_dags/example_sensors.py
[2026-05-03T00:27:22.651+0000] {processor.py:840} INFO - DAG(s) 'example_sensors' retrieved from /home/airflow/.local/lib/python3.8/site-packages/airflow/example_dags/example_sensors.py
[2026-05-03T00:27:22.666+0000] {logging_mixin.py:188} INFO - [2026-05-03T00:27:22.666+0000] {dag.py:3047} INFO - Sync 1 DAGs
[2026-05-03T00:27:22.673+0000] {logging_mixin.py:188} INFO - [2026-05-03T00:27:22.673+0000] {dag.py:3834} INFO - Setting next_dagrun for example_sensors to None, run_after=None
[2026-05-03T00:27:22.684+0000] {processor.py:183} INFO - Processing /home/airflow/.local/lib/python3.8/site-packages/airflow/example_dags/example_sensors.py took 0.042 seconds
[2026-05-03T00:27:53.569+0000] {processor.py:161} INFO - Started process (PID=3037) to work on /home/airflow/.local/lib/python3.8/site-packages/airflow/example_dags/example_sensors.py
[2026-05-03T00:27:53.572+0000] {processor.py:830} INFO - Processing file /home/airflow/.local/lib/python3.8/site-packages/airflow/example_dags/example_sensors.py for tasks to queue
[2026-05-03T00:27:53.575+0000] {logging_mixin.py:188} INFO - [2026-05-03T00:27:53.574+0000] {dagbag.py:540} INFO - Filling up the DagBag from /home/airflow/.local/lib/python3.8/site-packages/airflow/example_dags/example_sensors.py
[2026-05-03T00:27:53.583+0000] {processor.py:840} INFO - DAG(s) 'example_sensors' retrieved from /home/airflow/.local/lib/python3.8/site-packages/airflow/example_dags/example_sensors.py
[2026-05-03T00:27:53.600+0000] {logging_mixin.py:188} INFO - [2026-05-03T00:27:53.599+0000] {dag.py:3047} INFO - Sync 1 DAGs
[2026-05-03T00:27:53.609+0000] {logging_mixin.py:188} INFO - [2026-05-03T00:27:53.608+0000] {dag.py:3834} INFO - Setting next_dagrun for example_sensors to None, run_after=None
[2026-05-03T00:27:53.626+0000] {processor.py:183} INFO - Processing /home/airflow/.local/lib/python3.8/site-packages/airflow/example_dags/example_sensors.py took 0.060 seconds
[2026-05-03T00:28:23.969+0000] {processor.py:161} INFO - Started process (PID=3093) to work on /home/airflow/.local/lib/python3.8/site-packages/airflow/example_dags/example_sensors.py
[2026-05-03T00:28:23.971+0000] {processor.py:830} INFO - Processing file /home/airflow/.local/lib/python3.8/site-packages/airflow/example_dags/example_sensors.py for tasks to queue
[2026-05-03T00:28:23.972+0000] {logging_mixin.py:188} INFO - [2026-05-03T00:28:23.972+0000] {dagbag.py:540} INFO - Filling up the DagBag from /home/airflow/.local/lib/python3.8/site-packages/airflow/example_dags/example_sensors.py
[2026-05-03T00:28:23.983+0000] {processor.py:840} INFO - DAG(s) 'example_sensors' retrieved from /home/airflow/.local/lib/python3.8/site-packages/airflow/example_dags/example_sensors.py
[2026-05-03T00:28:24.006+0000] {logging_mixin.py:188} INFO - [2026-05-03T00:28:24.006+0000] {dag.py:3047} INFO - Sync 1 DAGs
[2026-05-03T00:28:24.015+0000] {logging_mixin.py:188} INFO - [2026-05-03T00:28:24.015+0000] {dag.py:3834} INFO - Setting next_dagrun for example_sensors to None, run_after=None
[2026-05-03T00:28:24.031+0000] {processor.py:183} INFO - Processing /home/airflow/.local/lib/python3.8/site-packages/airflow/example_dags/example_sensors.py took 0.065 seconds
[2026-05-03T00:28:54.248+0000] {processor.py:161} INFO - Started process (PID=3149) to work on /home/airflow/.local/lib/python3.8/site-packages/airflow/example_dags/example_sensors.py
[2026-05-03T00:28:54.249+0000] {processor.py:830} INFO - Processing file /home/airflow/.local/lib/python3.8/site-packages/airflow/example_dags/example_sensors.py for tasks to queue
[2026-05-03T00:28:54.250+0000] {logging_mixin.py:188} INFO - [2026-05-03T00:28:54.250+0000] {dagbag.py:540} INFO - Filling up the DagBag from /home/airflow/.local/lib/python3.8/site-packages/airflow/example_dags/example_sensors.py
[2026-05-03T00:28:54.258+0000] {processor.py:840} INFO - DAG(s) 'example_sensors' retrieved from /home/airflow/.local/lib/python3.8/site-packages/airflow/example_dags/example_sensors.py
[2026-05-03T00:28:54.282+0000] {logging_mixin.py:188} INFO - [2026-05-03T00:28:54.282+0000] {dag.py:3047} INFO - Sync 1 DAGs
[2026-05-03T00:28:54.291+0000] {logging_mixin.py:188} INFO - [2026-05-03T00:28:54.291+0000] {dag.py:3834} INFO - Setting next_dagrun for example_sensors to None, run_after=None
[2026-05-03T00:28:54.307+0000] {processor.py:183} INFO - Processing /home/airflow/.local/lib/python3.8/site-packages/airflow/example_dags/example_sensors.py took 0.062 seconds
[2026-05-03T00:29:24.539+0000] {processor.py:161} INFO - Started process (PID=3205) to work on /home/airflow/.local/lib/python3.8/site-packages/airflow/example_dags/example_sensors.py
[2026-05-03T00:29:24.540+0000] {processor.py:830} INFO - Processing file /home/airflow/.local/lib/python3.8/site-packages/airflow/example_dags/example_sensors.py for tasks to queue
[2026-05-03T00:29:24.542+0000] {logging_mixin.py:188} INFO - [2026-05-03T00:29:24.542+0000] {dagbag.py:540} INFO - Filling up the DagBag from /home/airflow/.local/lib/python3.8/site-packages/airflow/example_dags/example_sensors.py
[2026-05-03T00:29:24.551+0000] {processor.py:840} INFO - DAG(s) 'example_sensors' retrieved from /home/airflow/.local/lib/python3.8/site-packages/airflow/example_dags/example_sensors.py
[2026-05-03T00:29:24.575+0000] {logging_mixin.py:188} INFO - [2026-05-03T00:29:24.575+0000] {dag.py:3047} INFO - Sync 1 DAGs
[2026-05-03T00:29:24.582+0000] {logging_mixin.py:188} INFO - [2026-05-03T00:29:24.582+0000] {dag.py:3834} INFO - Setting next_dagrun for example_sensors to None, run_after=None
[2026-05-03T00:29:24.596+0000] {processor.py:183} INFO - Processing /home/airflow/.local/lib/python3.8/site-packages/airflow/example_dags/example_sensors.py took 0.060 seconds
[2026-05-03T00:29:54.893+0000] {processor.py:161} INFO - Started process (PID=3261) to work on /home/airflow/.local/lib/python3.8/site-packages/airflow/example_dags/example_sensors.py
[2026-05-03T00:29:54.893+0000] {processor.py:830} INFO - Processing file /home/airflow/.local/lib/python3.8/site-packages/airflow/example_dags/example_sensors.py for tasks to queue
[2026-05-03T00:29:54.895+0000] {logging_mixin.py:188} INFO - [2026-05-03T00:29:54.894+0000] {dagbag.py:540} INFO - Filling up the DagBag from /home/airflow/.local/lib/python3.8/site-packages/airflow/example_dags/example_sensors.py
[2026-05-03T00:29:54.902+0000] {processor.py:840} INFO - DAG(s) 'example_sensors' retrieved from /home/airflow/.local/lib/python3.8/site-packages/airflow/example_dags/example_sensors.py
[2026-05-03T00:29:54.927+0000] {logging_mixin.py:188} INFO - [2026-05-03T00:29:54.927+0000] {dag.py:3047} INFO - Sync 1 DAGs
[2026-05-03T00:29:54.937+0000] {logging_mixin.py:188} INFO - [2026-05-03T00:29:54.937+0000] {dag.py:3834} INFO - Setting next_dagrun for example_sensors to None, run_after=None
[2026-05-03T00:29:54.950+0000] {processor.py:183} INFO - Processing /home/airflow/.local/lib/python3.8/site-packages/airflow/example_dags/example_sensors.py took 0.060 seconds
[2026-05-03T00:30:25.202+0000] {processor.py:161} INFO - Started process (PID=3317) to work on /home/airflow/.local/lib/python3.8/site-packages/airflow/example_dags/example_sensors.py
[2026-05-03T00:30:25.202+0000] {processor.py:830} INFO - Processing file /home/airflow/.local/lib/python3.8/site-packages/airflow/example_dags/example_sensors.py for tasks to queue
[2026-05-03T00:30:25.204+0000] {logging_mixin.py:188} INFO - [2026-05-03T00:30:25.204+0000] {dagbag.py:540} INFO - Filling up the DagBag from /home/airflow/.local/lib/python3.8/site-packages/airflow/example_dags/example_sensors.py
[2026-05-03T00:30:25.212+0000] {processor.py:840} INFO - DAG(s) 'example_sensors' retrieved from /home/airflow/.local/lib/python3.8/site-packages/airflow/example_dags/example_sensors.py
[2026-05-03T00:30:25.238+0000] {logging_mixin.py:188} INFO - [2026-05-03T00:30:25.237+0000] {dag.py:3047} INFO - Sync 1 DAGs
[2026-05-03T00:30:25.247+0000] {logging_mixin.py:188} INFO - [2026-05-03T00:30:25.247+0000] {dag.py:3834} INFO - Setting next_dagrun for example_sensors to None, run_after=None
[2026-05-03T00:30:25.267+0000] {processor.py:183} INFO - Processing /home/airflow/.local/lib/python3.8/site-packages/airflow/example_dags/example_sensors.py took 0.069 seconds
[2026-05-03T00:30:55.446+0000] {processor.py:161} INFO - Started process (PID=3373) to work on /home/airflow/.local/lib/python3.8/site-packages/airflow/example_dags/example_sensors.py
[2026-05-03T00:30:55.447+0000] {processor.py:830} INFO - Processing file /home/airflow/.local/lib/python3.8/site-packages/airflow/example_dags/example_sensors.py for tasks to queue
[2026-05-03T00:30:55.448+0000] {logging_mixin.py:188} INFO - [2026-05-03T00:30:55.448+0000] {dagbag.py:540} INFO - Filling up the DagBag from /home/airflow/.local/lib/python3.8/site-packages/airflow/example_dags/example_sensors.py
[2026-05-03T00:30:55.457+0000] {processor.py:840} INFO - DAG(s) 'example_sensors' retrieved from /home/airflow/.local/lib/python3.8/site-packages/airflow/example_dags/example_sensors.py
[2026-05-03T00:30:55.480+0000] {logging_mixin.py:188} INFO - [2026-05-03T00:30:55.480+0000] {dag.py:3047} INFO - Sync 1 DAGs
[2026-05-03T00:30:55.488+0000] {logging_mixin.py:188} INFO - [2026-05-03T00:30:55.488+0000] {dag.py:3834} INFO - Setting next_dagrun for example_sensors to None, run_after=None
[2026-05-03T00:30:55.502+0000] {processor.py:183} INFO - Processing /home/airflow/.local/lib/python3.8/site-packages/airflow/example_dags/example_sensors.py took 0.059 seconds
[2026-05-03T00:31:25.986+0000] {processor.py:161} INFO - Started process (PID=3429) to work on /home/airflow/.local/lib/python3.8/site-packages/airflow/example_dags/example_sensors.py
[2026-05-03T00:31:25.988+0000] {processor.py:830} INFO - Processing file /home/airflow/.local/lib/python3.8/site-packages/airflow/example_dags/example_sensors.py for tasks to queue
[2026-05-03T00:31:25.990+0000] {logging_mixin.py:188} INFO - [2026-05-03T00:31:25.989+0000] {dagbag.py:540} INFO - Filling up the DagBag from /home/airflow/.local/lib/python3.8/site-packages/airflow/example_dags/example_sensors.py
[2026-05-03T00:31:25.996+0000] {processor.py:840} INFO - DAG(s) 'example_sensors' retrieved from /home/airflow/.local/lib/python3.8/site-packages/airflow/example_dags/example_sensors.py
[2026-05-03T00:31:26.035+0000] {logging_mixin.py:188} INFO - [2026-05-03T00:31:26.035+0000] {dag.py:3047} INFO - Sync 1 DAGs
[2026-05-03T00:31:26.045+0000] {logging_mixin.py:188} INFO - [2026-05-03T00:31:26.045+0000] {dag.py:3834} INFO - Setting next_dagrun for example_sensors to None, run_after=None
[2026-05-03T00:31:26.076+0000] {processor.py:183} INFO - Processing /home/airflow/.local/lib/python3.8/site-packages/airflow/example_dags/example_sensors.py took 0.093 seconds
[2026-05-03T00:31:56.260+0000] {processor.py:161} INFO - Started process (PID=3485) to work on /home/airflow/.local/lib/python3.8/site-packages/airflow/example_dags/example_sensors.py
[2026-05-03T00:31:56.263+0000] {processor.py:830} INFO - Processing file /home/airflow/.local/lib/python3.8/site-packages/airflow/example_dags/example_sensors.py for tasks to queue
[2026-05-03T00:31:56.265+0000] {logging_mixin.py:188} INFO - [2026-05-03T00:31:56.264+0000] {dagbag.py:540} INFO - Filling up the DagBag from /home/airflow/.local/lib/python3.8/site-packages/airflow/example_dags/example_sensors.py
[2026-05-03T00:31:56.272+0000] {processor.py:840} INFO - DAG(s) 'example_sensors' retrieved from /home/airflow/.local/lib/python3.8/site-packages/airflow/example_dags/example_sensors.py
[2026-05-03T00:31:56.300+0000] {logging_mixin.py:188} INFO - [2026-05-03T00:31:56.299+0000] {dag.py:3047} INFO - Sync 1 DAGs
[2026-05-03T00:31:56.318+0000] {logging_mixin.py:188} INFO - [2026-05-03T00:31:56.318+0000] {dag.py:3834} INFO - Setting next_dagrun for example_sensors to None, run_after=None
[2026-05-03T00:31:56.342+0000] {processor.py:183} INFO - Processing /home/airflow/.local/lib/python3.8/site-packages/airflow/example_dags/example_sensors.py took 0.085 seconds
[2026-05-03T00:32:26.697+0000] {processor.py:161} INFO - Started process (PID=3541) to work on /home/airflow/.local/lib/python3.8/site-packages/airflow/example_dags/example_sensors.py
[2026-05-03T00:32:26.698+0000] {processor.py:830} INFO - Processing file /home/airflow/.local/lib/python3.8/site-packages/airflow/example_dags/example_sensors.py for tasks to queue
[2026-05-03T00:32:26.699+0000] {logging_mixin.py:188} INFO - [2026-05-03T00:32:26.699+0000] {dagbag.py:540} INFO - Filling up the DagBag from /home/airflow/.local/lib/python3.8/site-packages/airflow/example_dags/example_sensors.py
[2026-05-03T00:32:26.707+0000] {processor.py:840} INFO - DAG(s) 'example_sensors' retrieved from /home/airflow/.local/lib/python3.8/site-packages/airflow/example_dags/example_sensors.py
[2026-05-03T00:32:26.729+0000] {logging_mixin.py:188} INFO - [2026-05-03T00:32:26.729+0000] {dag.py:3047} INFO - Sync 1 DAGs
[2026-05-03T00:32:26.741+0000] {logging_mixin.py:188} INFO - [2026-05-03T00:32:26.741+0000] {dag.py:3834} INFO - Setting next_dagrun for example_sensors to None, run_after=None
[2026-05-03T00:32:26.760+0000] {processor.py:183} INFO - Processing /home/airflow/.local/lib/python3.8/site-packages/airflow/example_dags/example_sensors.py took 0.066 seconds
[2026-05-03T00:32:56.836+0000] {processor.py:161} INFO - Started process (PID=3597) to work on /home/airflow/.local/lib/python3.8/site-packages/airflow/example_dags/example_sensors.py
[2026-05-03T00:32:56.837+0000] {processor.py:830} INFO - Processing file /home/airflow/.local/lib/python3.8/site-packages/airflow/example_dags/example_sensors.py for tasks to queue
[2026-05-03T00:32:56.839+0000] {logging_mixin.py:188} INFO - [2026-05-03T00:32:56.838+0000] {dagbag.py:540} INFO - Filling up the DagBag from /home/airflow/.local/lib/python3.8/site-packages/airflow/example_dags/example_sensors.py
[2026-05-03T00:32:56.845+0000] {processor.py:840} INFO - DAG(s) 'example_sensors' retrieved from /home/airflow/.local/lib/python3.8/site-packages/airflow/example_dags/example_sensors.py
[2026-05-03T00:32:56.866+0000] {logging_mixin.py:188} INFO - [2026-05-03T00:32:56.866+0000] {dag.py:3047} INFO - Sync 1 DAGs
[2026-05-03T00:32:56.876+0000] {logging_mixin.py:188} INFO - [2026-05-03T00:32:56.876+0000] {dag.py:3834} INFO - Setting next_dagrun for example_sensors to None, run_after=None
[2026-05-03T00:32:56.887+0000] {processor.py:183} INFO - Processing /home/airflow/.local/lib/python3.8/site-packages/airflow/example_dags/example_sensors.py took 0.054 seconds
[2026-05-03T00:33:27.347+0000] {processor.py:161} INFO - Started process (PID=3653) to work on /home/airflow/.local/lib/python3.8/site-packages/airflow/example_dags/example_sensors.py
[2026-05-03T00:33:27.348+0000] {processor.py:830} INFO - Processing file /home/airflow/.local/lib/python3.8/site-packages/airflow/example_dags/example_sensors.py for tasks to queue
[2026-05-03T00:33:27.350+0000] {logging_mixin.py:188} INFO - [2026-05-03T00:33:27.350+0000] {dagbag.py:540} INFO - Filling up the DagBag from /home/airflow/.local/lib/python3.8/site-packages/airflow/example_dags/example_sensors.py
[2026-05-03T00:33:27.356+0000] {processor.py:840} INFO - DAG(s) 'example_sensors' retrieved from /home/airflow/.local/lib/python3.8/site-packages/airflow/example_dags/example_sensors.py
[2026-05-03T00:33:27.381+0000] {logging_mixin.py:188} INFO - [2026-05-03T00:33:27.381+0000] {dag.py:3047} INFO - Sync 1 DAGs
[2026-05-03T00:33:27.389+0000] {logging_mixin.py:188} INFO - [2026-05-03T00:33:27.389+0000] {dag.py:3834} INFO - Setting next_dagrun for example_sensors to None, run_after=None
[2026-05-03T00:33:27.403+0000] {processor.py:183} INFO - Processing /home/airflow/.local/lib/python3.8/site-packages/airflow/example_dags/example_sensors.py took 0.059 seconds
[2026-05-03T00:33:57.894+0000] {processor.py:161} INFO - Started process (PID=3709) to work on /home/airflow/.local/lib/python3.8/site-packages/airflow/example_dags/example_sensors.py
[2026-05-03T00:33:57.898+0000] {processor.py:830} INFO - Processing file /home/airflow/.local/lib/python3.8/site-packages/airflow/example_dags/example_sensors.py for tasks to queue
[2026-05-03T00:33:57.902+0000] {logging_mixin.py:188} INFO - [2026-05-03T00:33:57.901+0000] {dagbag.py:540} INFO - Filling up the DagBag from /home/airflow/.local/lib/python3.8/site-packages/airflow/example_dags/example_sensors.py
[2026-05-03T00:33:57.914+0000] {processor.py:840} INFO - DAG(s) 'example_sensors' retrieved from /home/airflow/.local/lib/python3.8/site-packages/airflow/example_dags/example_sensors.py
[2026-05-03T00:33:57.950+0000] {logging_mixin.py:188} INFO - [2026-05-03T00:33:57.950+0000] {dag.py:3047} INFO - Sync 1 DAGs
[2026-05-03T00:33:57.967+0000] {logging_mixin.py:188} INFO - [2026-05-03T00:33:57.967+0000] {dag.py:3834} INFO - Setting next_dagrun for example_sensors to None, run_after=None
[2026-05-03T00:33:58.000+0000] {processor.py:183} INFO - Processing /home/airflow/.local/lib/python3.8/site-packages/airflow/example_dags/example_sensors.py took 0.120 seconds
[2026-05-03T00:34:28.246+0000] {processor.py:161} INFO - Started process (PID=3765) to work on /home/airflow/.local/lib/python3.8/site-packages/airflow/example_dags/example_sensors.py
[2026-05-03T00:34:28.247+0000] {processor.py:830} INFO - Processing file /home/airflow/.local/lib/python3.8/site-packages/airflow/example_dags/example_sensors.py for tasks to queue
[2026-05-03T00:34:28.249+0000] {logging_mixin.py:188} INFO - [2026-05-03T00:34:28.248+0000] {dagbag.py:540} INFO - Filling up the DagBag from /home/airflow/.local/lib/python3.8/site-packages/airflow/example_dags/example_sensors.py
[2026-05-03T00:34:28.256+0000] {processor.py:840} INFO - DAG(s) 'example_sensors' retrieved from /home/airflow/.local/lib/python3.8/site-packages/airflow/example_dags/example_sensors.py
[2026-05-03T00:34:28.278+0000] {logging_mixin.py:188} INFO - [2026-05-03T00:34:28.278+0000] {dag.py:3047} INFO - Sync 1 DAGs
[2026-05-03T00:34:28.288+0000] {logging_mixin.py:188} INFO - [2026-05-03T00:34:28.287+0000] {dag.py:3834} INFO - Setting next_dagrun for example_sensors to None, run_after=None
[2026-05-03T00:34:28.305+0000] {processor.py:183} INFO - Processing /home/airflow/.local/lib/python3.8/site-packages/airflow/example_dags/example_sensors.py took 0.061 seconds
[2026-05-03T00:34:58.473+0000] {processor.py:161} INFO - Started process (PID=3821) to work on /home/airflow/.local/lib/python3.8/site-packages/airflow/example_dags/example_sensors.py
[2026-05-03T00:34:58.474+0000] {processor.py:830} INFO - Processing file /home/airflow/.local/lib/python3.8/site-packages/airflow/example_dags/example_sensors.py for tasks to queue
[2026-05-03T00:34:58.476+0000] {logging_mixin.py:188} INFO - [2026-05-03T00:34:58.475+0000] {dagbag.py:540} INFO - Filling up the DagBag from /home/airflow/.local/lib/python3.8/site-packages/airflow/example_dags/example_sensors.py
[2026-05-03T00:34:58.482+0000] {processor.py:840} INFO - DAG(s) 'example_sensors' retrieved from /home/airflow/.local/lib/python3.8/site-packages/airflow/example_dags/example_sensors.py
[2026-05-03T00:34:58.501+0000] {logging_mixin.py:188} INFO - [2026-05-03T00:34:58.501+0000] {dag.py:3047} INFO - Sync 1 DAGs
[2026-05-03T00:34:58.510+0000] {logging_mixin.py:188} INFO - [2026-05-03T00:34:58.509+0000] {dag.py:3834} INFO - Setting next_dagrun for example_sensors to None, run_after=None
[2026-05-03T00:34:58.522+0000] {processor.py:183} INFO - Processing /home/airflow/.local/lib/python3.8/site-packages/airflow/example_dags/example_sensors.py took 0.051 seconds
[2026-05-03T00:35:28.735+0000] {processor.py:161} INFO - Started process (PID=3877) to work on /home/airflow/.local/lib/python3.8/site-packages/airflow/example_dags/example_sensors.py
[2026-05-03T00:35:28.736+0000] {processor.py:830} INFO - Processing file /home/airflow/.local/lib/python3.8/site-packages/airflow/example_dags/example_sensors.py for tasks to queue
[2026-05-03T00:35:28.737+0000] {logging_mixin.py:188} INFO - [2026-05-03T00:35:28.737+0000] {dagbag.py:540} INFO - Filling up the DagBag from /home/airflow/.local/lib/python3.8/site-packages/airflow/example_dags/example_sensors.py
[2026-05-03T00:35:28.746+0000] {processor.py:840} INFO - DAG(s) 'example_sensors' retrieved from /home/airflow/.local/lib/python3.8/site-packages/airflow/example_dags/example_sensors.py
[2026-05-03T00:35:28.771+0000] {logging_mixin.py:188} INFO - [2026-05-03T00:35:28.771+0000] {dag.py:3047} INFO - Sync 1 DAGs
[2026-05-03T00:35:28.784+0000] {logging_mixin.py:188} INFO - [2026-05-03T00:35:28.783+0000] {dag.py:3834} INFO - Setting next_dagrun for example_sensors to None, run_after=None
[2026-05-03T00:35:28.800+0000] {processor.py:183} INFO - Processing /home/airflow/.local/lib/python3.8/site-packages/airflow/example_dags/example_sensors.py took 0.069 seconds
[2026-05-03T00:35:59.219+0000] {processor.py:161} INFO - Started process (PID=3933) to work on /home/airflow/.local/lib/python3.8/site-packages/airflow/example_dags/example_sensors.py
[2026-05-03T00:35:59.220+0000] {processor.py:830} INFO - Processing file /home/airflow/.local/lib/python3.8/site-packages/airflow/example_dags/example_sensors.py for tasks to queue
[2026-05-03T00:35:59.221+0000] {logging_mixin.py:188} INFO - [2026-05-03T00:35:59.221+0000] {dagbag.py:540} INFO - Filling up the DagBag from /home/airflow/.local/lib/python3.8/site-packages/airflow/example_dags/example_sensors.py
[2026-05-03T00:35:59.228+0000] {processor.py:840} INFO - DAG(s) 'example_sensors' retrieved from /home/airflow/.local/lib/python3.8/site-packages/airflow/example_dags/example_sensors.py
[2026-05-03T00:35:59.257+0000] {logging_mixin.py:188} INFO - [2026-05-03T00:35:59.257+0000] {dag.py:3047} INFO - Sync 1 DAGs
[2026-05-03T00:35:59.267+0000] {logging_mixin.py:188} INFO - [2026-05-03T00:35:59.266+0000] {dag.py:3834} INFO - Setting next_dagrun for example_sensors to None, run_after=None
[2026-05-03T00:35:59.285+0000] {processor.py:183} INFO - Processing /home/airflow/.local/lib/python3.8/site-packages/airflow/example_dags/example_sensors.py took 0.070 seconds
[2026-05-03T00:36:29.695+0000] {processor.py:161} INFO - Started process (PID=3989) to work on /home/airflow/.local/lib/python3.8/site-packages/airflow/example_dags/example_sensors.py
[2026-05-03T00:36:29.696+0000] {processor.py:830} INFO - Processing file /home/airflow/.local/lib/python3.8/site-packages/airflow/example_dags/example_sensors.py for tasks to queue
[2026-05-03T00:36:29.697+0000] {logging_mixin.py:188} INFO - [2026-05-03T00:36:29.697+0000] {dagbag.py:540} INFO - Filling up the DagBag from /home/airflow/.local/lib/python3.8/site-packages/airflow/example_dags/example_sensors.py
[2026-05-03T00:36:29.707+0000] {processor.py:840} INFO - DAG(s) 'example_sensors' retrieved from /home/airflow/.local/lib/python3.8/site-packages/airflow/example_dags/example_sensors.py
[2026-05-03T00:36:29.730+0000] {logging_mixin.py:188} INFO - [2026-05-03T00:36:29.729+0000] {dag.py:3047} INFO - Sync 1 DAGs
[2026-05-03T00:36:29.738+0000] {logging_mixin.py:188} INFO - [2026-05-03T00:36:29.738+0000] {dag.py:3834} INFO - Setting next_dagrun for example_sensors to None, run_after=None
[2026-05-03T00:36:29.753+0000] {processor.py:183} INFO - Processing /home/airflow/.local/lib/python3.8/site-packages/airflow/example_dags/example_sensors.py took 0.061 seconds
[2026-05-03T00:37:00.104+0000] {processor.py:161} INFO - Started process (PID=4045) to work on /home/airflow/.local/lib/python3.8/site-packages/airflow/example_dags/example_sensors.py
[2026-05-03T00:37:00.105+0000] {processor.py:830} INFO - Processing file /home/airflow/.local/lib/python3.8/site-packages/airflow/example_dags/example_sensors.py for tasks to queue
[2026-05-03T00:37:00.107+0000] {logging_mixin.py:188} INFO - [2026-05-03T00:37:00.107+0000] {dagbag.py:540} INFO - Filling up the DagBag from /home/airflow/.local/lib/python3.8/site-packages/airflow/example_dags/example_sensors.py
[2026-05-03T00:37:00.113+0000] {processor.py:840} INFO - DAG(s) 'example_sensors' retrieved from /home/airflow/.local/lib/python3.8/site-packages/airflow/example_dags/example_sensors.py
[2026-05-03T00:37:00.129+0000] {logging_mixin.py:188} INFO - [2026-05-03T00:37:00.129+0000] {dag.py:3047} INFO - Sync 1 DAGs
[2026-05-03T00:37:00.137+0000] {logging_mixin.py:188} INFO - [2026-05-03T00:37:00.137+0000] {dag.py:3834} INFO - Setting next_dagrun for example_sensors to None, run_after=None
[2026-05-03T00:37:00.152+0000] {processor.py:183} INFO - Processing /home/airflow/.local/lib/python3.8/site-packages/airflow/example_dags/example_sensors.py took 0.050 seconds
[2026-05-03T00:37:30.625+0000] {processor.py:161} INFO - Started process (PID=4101) to work on /home/airflow/.local/lib/python3.8/site-packages/airflow/example_dags/example_sensors.py
[2026-05-03T00:37:30.626+0000] {processor.py:830} INFO - Processing file /home/airflow/.local/lib/python3.8/site-packages/airflow/example_dags/example_sensors.py for tasks to queue
[2026-05-03T00:37:30.628+0000] {logging_mixin.py:188} INFO - [2026-05-03T00:37:30.627+0000] {dagbag.py:540} INFO - Filling up the DagBag from /home/airflow/.local/lib/python3.8/site-packages/airflow/example_dags/example_sensors.py
[2026-05-03T00:37:30.637+0000] {processor.py:840} INFO - DAG(s) 'example_sensors' retrieved from /home/airflow/.local/lib/python3.8/site-packages/airflow/example_dags/example_sensors.py
[2026-05-03T00:37:30.688+0000] {logging_mixin.py:188} INFO - [2026-05-03T00:37:30.688+0000] {dag.py:3047} INFO - Sync 1 DAGs
[2026-05-03T00:37:30.698+0000] {logging_mixin.py:188} INFO - [2026-05-03T00:37:30.698+0000] {dag.py:3834} INFO - Setting next_dagrun for example_sensors to None, run_after=None
[2026-05-03T00:37:30.717+0000] {processor.py:183} INFO - Processing /home/airflow/.local/lib/python3.8/site-packages/airflow/example_dags/example_sensors.py took 0.096 seconds
[2026-05-03T00:38:01.047+0000] {processor.py:161} INFO - Started process (PID=4157) to work on /home/airflow/.local/lib/python3.8/site-packages/airflow/example_dags/example_sensors.py
[2026-05-03T00:38:01.049+0000] {processor.py:830} INFO - Processing file /home/airflow/.local/lib/python3.8/site-packages/airflow/example_dags/example_sensors.py for tasks to queue
[2026-05-03T00:38:01.051+0000] {logging_mixin.py:188} INFO - [2026-05-03T00:38:01.051+0000] {dagbag.py:540} INFO - Filling up the DagBag from /home/airflow/.local/lib/python3.8/site-packages/airflow/example_dags/example_sensors.py
[2026-05-03T00:38:01.062+0000] {processor.py:840} INFO - DAG(s) 'example_sensors' retrieved from /home/airflow/.local/lib/python3.8/site-packages/airflow/example_dags/example_sensors.py
[2026-05-03T00:38:01.092+0000] {logging_mixin.py:188} INFO - [2026-05-03T00:38:01.092+0000] {dag.py:3047} INFO - Sync 1 DAGs
[2026-05-03T00:38:01.102+0000] {logging_mixin.py:188} INFO - [2026-05-03T00:38:01.101+0000] {dag.py:3834} INFO - Setting next_dagrun for example_sensors to None, run_after=None
[2026-05-03T00:38:01.119+0000] {processor.py:183} INFO - Processing /home/airflow/.local/lib/python3.8/site-packages/airflow/example_dags/example_sensors.py took 0.074 seconds
[2026-05-03T00:38:31.625+0000] {processor.py:161} INFO - Started process (PID=4213) to work on /home/airflow/.local/lib/python3.8/site-packages/airflow/example_dags/example_sensors.py
[2026-05-03T00:38:31.626+0000] {processor.py:830} INFO - Processing file /home/airflow/.local/lib/python3.8/site-packages/airflow/example_dags/example_sensors.py for tasks to queue
[2026-05-03T00:38:31.627+0000] {logging_mixin.py:188} INFO - [2026-05-03T00:38:31.627+0000] {dagbag.py:540} INFO - Filling up the DagBag from /home/airflow/.local/lib/python3.8/site-packages/airflow/example_dags/example_sensors.py
[2026-05-03T00:38:31.634+0000] {processor.py:840} INFO - DAG(s) 'example_sensors' retrieved from /home/airflow/.local/lib/python3.8/site-packages/airflow/example_dags/example_sensors.py
[2026-05-03T00:38:31.653+0000] {logging_mixin.py:188} INFO - [2026-05-03T00:38:31.653+0000] {dag.py:3047} INFO - Sync 1 DAGs
[2026-05-03T00:38:31.664+0000] {logging_mixin.py:188} INFO - [2026-05-03T00:38:31.664+0000] {dag.py:3834} INFO - Setting next_dagrun for example_sensors to None, run_after=None
[2026-05-03T00:38:31.679+0000] {processor.py:183} INFO - Processing /home/airflow/.local/lib/python3.8/site-packages/airflow/example_dags/example_sensors.py took 0.057 seconds
[2026-05-03T00:39:01.788+0000] {processor.py:161} INFO - Started process (PID=4269) to work on /home/airflow/.local/lib/python3.8/site-packages/airflow/example_dags/example_sensors.py
[2026-05-03T00:39:01.789+0000] {processor.py:830} INFO - Processing file /home/airflow/.local/lib/python3.8/site-packages/airflow/example_dags/example_sensors.py for tasks to queue
[2026-05-03T00:39:01.790+0000] {logging_mixin.py:188} INFO - [2026-05-03T00:39:01.790+0000] {dagbag.py:540} INFO - Filling up the DagBag from /home/airflow/.local/lib/python3.8/site-packages/airflow/example_dags/example_sensors.py
[2026-05-03T00:39:01.799+0000] {processor.py:840} INFO - DAG(s) 'example_sensors' retrieved from /home/airflow/.local/lib/python3.8/site-packages/airflow/example_dags/example_sensors.py
[2026-05-03T00:39:01.825+0000] {logging_mixin.py:188} INFO - [2026-05-03T00:39:01.825+0000] {dag.py:3047} INFO - Sync 1 DAGs
[2026-05-03T00:39:01.834+0000] {logging_mixin.py:188} INFO - [2026-05-03T00:39:01.834+0000] {dag.py:3834} INFO - Setting next_dagrun for example_sensors to None, run_after=None
[2026-05-03T00:39:01.846+0000] {processor.py:183} INFO - Processing /home/airflow/.local/lib/python3.8/site-packages/airflow/example_dags/example_sensors.py took 0.061 seconds
[2026-05-03T00:39:32.333+0000] {processor.py:161} INFO - Started process (PID=4325) to work on /home/airflow/.local/lib/python3.8/site-packages/airflow/example_dags/example_sensors.py
[2026-05-03T00:39:32.335+0000] {processor.py:830} INFO - Processing file /home/airflow/.local/lib/python3.8/site-packages/airflow/example_dags/example_sensors.py for tasks to queue
[2026-05-03T00:39:32.336+0000] {logging_mixin.py:188} INFO - [2026-05-03T00:39:32.336+0000] {dagbag.py:540} INFO - Filling up the DagBag from /home/airflow/.local/lib/python3.8/site-packages/airflow/example_dags/example_sensors.py
[2026-05-03T00:39:32.343+0000] {processor.py:840} INFO - DAG(s) 'example_sensors' retrieved from /home/airflow/.local/lib/python3.8/site-packages/airflow/example_dags/example_sensors.py
[2026-05-03T00:39:32.370+0000] {logging_mixin.py:188} INFO - [2026-05-03T00:39:32.370+0000] {dag.py:3047} INFO - Sync 1 DAGs
[2026-05-03T00:39:32.382+0000] {logging_mixin.py:188} INFO - [2026-05-03T00:39:32.382+0000] {dag.py:3834} INFO - Setting next_dagrun for example_sensors to None, run_after=None
[2026-05-03T00:39:32.400+0000] {processor.py:183} INFO - Processing /home/airflow/.local/lib/python3.8/site-packages/airflow/example_dags/example_sensors.py took 0.071 seconds
