[2026-05-03T00:02:01.368+0000] {processor.py:161} INFO - Started process (PID=2775) to work on /home/airflow/.local/lib/python3.8/site-packages/airflow/example_dags/example_latest_only.py
[2026-05-03T00:02:01.371+0000] {processor.py:830} INFO - Processing file /home/airflow/.local/lib/python3.8/site-packages/airflow/example_dags/example_latest_only.py for tasks to queue
[2026-05-03T00:02:01.372+0000] {logging_mixin.py:188} INFO - [2026-05-03T00:02:01.372+0000] {dagbag.py:540} INFO - Filling up the DagBag from /home/airflow/.local/lib/python3.8/site-packages/airflow/example_dags/example_latest_only.py
[2026-05-03T00:02:01.377+0000] {processor.py:840} INFO - DAG(s) 'latest_only' retrieved from /home/airflow/.local/lib/python3.8/site-packages/airflow/example_dags/example_latest_only.py
[2026-05-03T00:02:01.392+0000] {logging_mixin.py:188} INFO - [2026-05-03T00:02:01.392+0000] {dag.py:3047} INFO - Sync 1 DAGs
[2026-05-03T00:02:01.407+0000] {logging_mixin.py:188} INFO - [2026-05-03T00:02:01.407+0000] {dag.py:3834} INFO - Setting next_dagrun for latest_only to 2026-05-02 20:00:00+00:00, run_after=2026-05-03 00:00:00+00:00
[2026-05-03T00:02:01.423+0000] {processor.py:183} INFO - Processing /home/airflow/.local/lib/python3.8/site-packages/airflow/example_dags/example_latest_only.py took 0.057 seconds
[2026-05-03T00:11:42.082+0000] {processor.py:161} INFO - Started process (PID=2831) to work on /home/airflow/.local/lib/python3.8/site-packages/airflow/example_dags/example_latest_only.py
[2026-05-03T00:11:42.083+0000] {processor.py:830} INFO - Processing file /home/airflow/.local/lib/python3.8/site-packages/airflow/example_dags/example_latest_only.py for tasks to queue
[2026-05-03T00:11:42.084+0000] {logging_mixin.py:188} INFO - [2026-05-03T00:11:42.084+0000] {dagbag.py:540} INFO - Filling up the DagBag from /home/airflow/.local/lib/python3.8/site-packages/airflow/example_dags/example_latest_only.py
[2026-05-03T00:11:42.088+0000] {processor.py:840} INFO - DAG(s) 'latest_only' retrieved from /home/airflow/.local/lib/python3.8/site-packages/airflow/example_dags/example_latest_only.py
[2026-05-03T00:11:42.101+0000] {logging_mixin.py:188} INFO - [2026-05-03T00:11:42.101+0000] {dag.py:3047} INFO - Sync 1 DAGs
[2026-05-03T00:11:42.118+0000] {logging_mixin.py:188} INFO - [2026-05-03T00:11:42.118+0000] {dag.py:3834} INFO - Setting next_dagrun for latest_only to 2026-05-02 20:00:00+00:00, run_after=2026-05-03 00:00:00+00:00
[2026-05-03T00:11:42.128+0000] {processor.py:183} INFO - Processing /home/airflow/.local/lib/python3.8/site-packages/airflow/example_dags/example_latest_only.py took 0.048 seconds
[2026-05-03T00:20:53.804+0000] {processor.py:161} INFO - Started process (PID=2887) to work on /home/airflow/.local/lib/python3.8/site-packages/airflow/example_dags/example_latest_only.py
[2026-05-03T00:20:53.807+0000] {processor.py:830} INFO - Processing file /home/airflow/.local/lib/python3.8/site-packages/airflow/example_dags/example_latest_only.py for tasks to queue
[2026-05-03T00:20:53.808+0000] {logging_mixin.py:188} INFO - [2026-05-03T00:20:53.808+0000] {dagbag.py:540} INFO - Filling up the DagBag from /home/airflow/.local/lib/python3.8/site-packages/airflow/example_dags/example_latest_only.py
[2026-05-03T00:20:53.812+0000] {processor.py:840} INFO - DAG(s) 'latest_only' retrieved from /home/airflow/.local/lib/python3.8/site-packages/airflow/example_dags/example_latest_only.py
[2026-05-03T00:20:53.825+0000] {logging_mixin.py:188} INFO - [2026-05-03T00:20:53.825+0000] {dag.py:3047} INFO - Sync 1 DAGs
[2026-05-03T00:20:53.839+0000] {logging_mixin.py:188} INFO - [2026-05-03T00:20:53.839+0000] {dag.py:3834} INFO - Setting next_dagrun for latest_only to 2026-05-02 20:00:00+00:00, run_after=2026-05-03 00:00:00+00:00
[2026-05-03T00:20:53.850+0000] {processor.py:183} INFO - Processing /home/airflow/.local/lib/python3.8/site-packages/airflow/example_dags/example_latest_only.py took 0.049 seconds
[2026-05-03T00:26:54.054+0000] {processor.py:161} INFO - Started process (PID=2943) to work on /home/airflow/.local/lib/python3.8/site-packages/airflow/example_dags/example_latest_only.py
[2026-05-03T00:26:54.055+0000] {processor.py:830} INFO - Processing file /home/airflow/.local/lib/python3.8/site-packages/airflow/example_dags/example_latest_only.py for tasks to queue
[2026-05-03T00:26:54.057+0000] {logging_mixin.py:188} INFO - [2026-05-03T00:26:54.057+0000] {dagbag.py:540} INFO - Filling up the DagBag from /home/airflow/.local/lib/python3.8/site-packages/airflow/example_dags/example_latest_only.py
[2026-05-03T00:26:54.060+0000] {processor.py:840} INFO - DAG(s) 'latest_only' retrieved from /home/airflow/.local/lib/python3.8/site-packages/airflow/example_dags/example_latest_only.py
[2026-05-03T00:26:54.074+0000] {logging_mixin.py:188} INFO - [2026-05-03T00:26:54.074+0000] {dag.py:3047} INFO - Sync 1 DAGs
[2026-05-03T00:26:54.089+0000] {logging_mixin.py:188} INFO - [2026-05-03T00:26:54.089+0000] {dag.py:3834} INFO - Setting next_dagrun for latest_only to 2026-05-02 20:00:00+00:00, run_after=2026-05-03 00:00:00+00:00
[2026-05-03T00:26:54.101+0000] {processor.py:183} INFO - Processing /home/airflow/.local/lib/python3.8/site-packages/airflow/example_dags/example_latest_only.py took 0.049 seconds
[2026-05-03T00:27:24.326+0000] {processor.py:161} INFO - Started process (PID=2999) to work on /home/airflow/.local/lib/python3.8/site-packages/airflow/example_dags/example_latest_only.py
[2026-05-03T00:27:24.327+0000] {processor.py:830} INFO - Processing file /home/airflow/.local/lib/python3.8/site-packages/airflow/example_dags/example_latest_only.py for tasks to queue
[2026-05-03T00:27:24.328+0000] {logging_mixin.py:188} INFO - [2026-05-03T00:27:24.328+0000] {dagbag.py:540} INFO - Filling up the DagBag from /home/airflow/.local/lib/python3.8/site-packages/airflow/example_dags/example_latest_only.py
[2026-05-03T00:27:24.332+0000] {processor.py:840} INFO - DAG(s) 'latest_only' retrieved from /home/airflow/.local/lib/python3.8/site-packages/airflow/example_dags/example_latest_only.py
[2026-05-03T00:27:24.345+0000] {logging_mixin.py:188} INFO - [2026-05-03T00:27:24.345+0000] {dag.py:3047} INFO - Sync 1 DAGs
[2026-05-03T00:27:24.359+0000] {logging_mixin.py:188} INFO - [2026-05-03T00:27:24.359+0000] {dag.py:3834} INFO - Setting next_dagrun for latest_only to 2026-05-02 20:00:00+00:00, run_after=2026-05-03 00:00:00+00:00
[2026-05-03T00:27:24.369+0000] {processor.py:183} INFO - Processing /home/airflow/.local/lib/python3.8/site-packages/airflow/example_dags/example_latest_only.py took 0.045 seconds
[2026-05-03T00:27:55.393+0000] {processor.py:161} INFO - Started process (PID=3055) to work on /home/airflow/.local/lib/python3.8/site-packages/airflow/example_dags/example_latest_only.py
[2026-05-03T00:27:55.395+0000] {processor.py:830} INFO - Processing file /home/airflow/.local/lib/python3.8/site-packages/airflow/example_dags/example_latest_only.py for tasks to queue
[2026-05-03T00:27:55.397+0000] {logging_mixin.py:188} INFO - [2026-05-03T00:27:55.396+0000] {dagbag.py:540} INFO - Filling up the DagBag from /home/airflow/.local/lib/python3.8/site-packages/airflow/example_dags/example_latest_only.py
[2026-05-03T00:27:55.401+0000] {processor.py:840} INFO - DAG(s) 'latest_only' retrieved from /home/airflow/.local/lib/python3.8/site-packages/airflow/example_dags/example_latest_only.py
[2026-05-03T00:27:55.416+0000] {logging_mixin.py:188} INFO - [2026-05-03T00:27:55.416+0000] {dag.py:3047} INFO - Sync 1 DAGs
[2026-05-03T00:27:55.430+0000] {logging_mixin.py:188} INFO - [2026-05-03T00:27:55.430+0000] {dag.py:3834} INFO - Setting next_dagrun for latest_only to 2026-05-02 20:00:00+00:00, run_after=2026-05-03 00:00:00+00:00
[2026-05-03T00:27:55.441+0000] {processor.py:183} INFO - Processing /home/airflow/.local/lib/python3.8/site-packages/airflow/example_dags/example_latest_only.py took 0.050 seconds
[2026-05-03T00:28:25.766+0000] {processor.py:161} INFO - Started process (PID=3111) to work on /home/airflow/.local/lib/python3.8/site-packages/airflow/example_dags/example_latest_only.py
[2026-05-03T00:28:25.767+0000] {processor.py:830} INFO - Processing file /home/airflow/.local/lib/python3.8/site-packages/airflow/example_dags/example_latest_only.py for tasks to queue
[2026-05-03T00:28:25.768+0000] {logging_mixin.py:188} INFO - [2026-05-03T00:28:25.768+0000] {dagbag.py:540} INFO - Filling up the DagBag from /home/airflow/.local/lib/python3.8/site-packages/airflow/example_dags/example_latest_only.py
[2026-05-03T00:28:25.772+0000] {processor.py:840} INFO - DAG(s) 'latest_only' retrieved from /home/airflow/.local/lib/python3.8/site-packages/airflow/example_dags/example_latest_only.py
[2026-05-03T00:28:25.794+0000] {logging_mixin.py:188} INFO - [2026-05-03T00:28:25.794+0000] {dag.py:3047} INFO - Sync 1 DAGs
[2026-05-03T00:28:25.812+0000] {logging_mixin.py:188} INFO - [2026-05-03T00:28:25.812+0000] {dag.py:3834} INFO - Setting next_dagrun for latest_only to 2026-05-02 20:00:00+00:00, run_after=2026-05-03 00:00:00+00:00
[2026-05-03T00:28:25.828+0000] {processor.py:183} INFO - Processing /home/airflow/.local/lib/python3.8/site-packages/airflow/example_dags/example_latest_only.py took 0.064 seconds
[2026-05-03T00:28:56.090+0000] {processor.py:161} INFO - Started process (PID=3167) to work on /home/airflow/.local/lib/python3.8/site-packages/airflow/example_dags/example_latest_only.py
[2026-05-03T00:28:56.091+0000] {processor.py:830} INFO - Processing file /home/airflow/.local/lib/python3.8/site-packages/airflow/example_dags/example_latest_only.py for tasks to queue
[2026-05-03T00:28:56.092+0000] {logging_mixin.py:188} INFO - [2026-05-03T00:28:56.092+0000] {dagbag.py:540} INFO - Filling up the DagBag from /home/airflow/.local/lib/python3.8/site-packages/airflow/example_dags/example_latest_only.py
[2026-05-03T00:28:56.096+0000] {processor.py:840} INFO - DAG(s) 'latest_only' retrieved from /home/airflow/.local/lib/python3.8/site-packages/airflow/example_dags/example_latest_only.py
[2026-05-03T00:28:56.109+0000] {logging_mixin.py:188} INFO - [2026-05-03T00:28:56.109+0000] {dag.py:3047} INFO - Sync 1 DAGs
[2026-05-03T00:28:56.123+0000] {logging_mixin.py:188} INFO - [2026-05-03T00:28:56.123+0000] {dag.py:3834} INFO - Setting next_dagrun for latest_only to 2026-05-02 20:00:00+00:00, run_after=2026-05-03 00:00:00+00:00
[2026-05-03T00:28:56.139+0000] {processor.py:183} INFO - Processing /home/airflow/.local/lib/python3.8/site-packages/airflow/example_dags/example_latest_only.py took 0.052 seconds
[2026-05-03T00:29:26.342+0000] {processor.py:161} INFO - Started process (PID=3223) to work on /home/airflow/.local/lib/python3.8/site-packages/airflow/example_dags/example_latest_only.py
[2026-05-03T00:29:26.345+0000] {processor.py:830} INFO - Processing file /home/airflow/.local/lib/python3.8/site-packages/airflow/example_dags/example_latest_only.py for tasks to queue
[2026-05-03T00:29:26.347+0000] {logging_mixin.py:188} INFO - [2026-05-03T00:29:26.347+0000] {dagbag.py:540} INFO - Filling up the DagBag from /home/airflow/.local/lib/python3.8/site-packages/airflow/example_dags/example_latest_only.py
[2026-05-03T00:29:26.352+0000] {processor.py:840} INFO - DAG(s) 'latest_only' retrieved from /home/airflow/.local/lib/python3.8/site-packages/airflow/example_dags/example_latest_only.py
[2026-05-03T00:29:26.366+0000] {logging_mixin.py:188} INFO - [2026-05-03T00:29:26.366+0000] {dag.py:3047} INFO - Sync 1 DAGs
[2026-05-03T00:29:26.380+0000] {logging_mixin.py:188} INFO - [2026-05-03T00:29:26.380+0000] {dag.py:3834} INFO - Setting next_dagrun for latest_only to 2026-05-02 20:00:00+00:00, run_after=2026-05-03 00:00:00+00:00
[2026-05-03T00:29:26.392+0000] {processor.py:183} INFO - Processing /home/airflow/.local/lib/python3.8/site-packages/airflow/example_dags/example_latest_only.py took 0.053 seconds
[2026-05-03T00:29:56.741+0000] {processor.py:161} INFO - Started process (PID=3279) to work on /home/airflow/.local/lib/python3.8/site-packages/airflow/example_dags/example_latest_only.py
[2026-05-03T00:29:56.742+0000] {processor.py:830} INFO - Processing file /home/airflow/.local/lib/python3.8/site-packages/airflow/example_dags/example_latest_only.py for tasks to queue
[2026-05-03T00:29:56.744+0000] {logging_mixin.py:188} INFO - [2026-05-03T00:29:56.744+0000] {dagbag.py:540} INFO - Filling up the DagBag from /home/airflow/.local/lib/python3.8/site-packages/airflow/example_dags/example_latest_only.py
[2026-05-03T00:29:56.749+0000] {processor.py:840} INFO - DAG(s) 'latest_only' retrieved from /home/airflow/.local/lib/python3.8/site-packages/airflow/example_dags/example_latest_only.py
[2026-05-03T00:29:56.764+0000] {logging_mixin.py:188} INFO - [2026-05-03T00:29:56.764+0000] {dag.py:3047} INFO - Sync 1 DAGs
[2026-05-03T00:29:56.778+0000] {logging_mixin.py:188} INFO - [2026-05-03T00:29:56.778+0000] {dag.py:3834} INFO - Setting next_dagrun for latest_only to 2026-05-02 20:00:00+00:00, run_after=2026-05-03 00:00:00+00:00
[2026-05-03T00:29:56.789+0000] {processor.py:183} INFO - Processing /home/airflow/.local/lib/python3.8/site-packages/airflow/example_dags/example_latest_only.py took 0.051 seconds
[2026-05-03T00:30:27.056+0000] {processor.py:161} INFO - Started process (PID=3335) to work on /home/airflow/.local/lib/python3.8/site-packages/airflow/example_dags/example_latest_only.py
[2026-05-03T00:30:27.056+0000] {processor.py:830} INFO - Processing file /home/airflow/.local/lib/python3.8/site-packages/airflow/example_dags/example_latest_only.py for tasks to queue
[2026-05-03T00:30:27.058+0000] {logging_mixin.py:188} INFO - [2026-05-03T00:30:27.057+0000] {dagbag.py:540} INFO - Filling up the DagBag from /home/airflow/.local/lib/python3.8/site-packages/airflow/example_dags/example_latest_only.py
[2026-05-03T00:30:27.061+0000] {processor.py:840} INFO - DAG(s) 'latest_only' retrieved from /home/airflow/.local/lib/python3.8/site-packages/airflow/example_dags/example_latest_only.py
[2026-05-03T00:30:27.078+0000] {logging_mixin.py:188} INFO - [2026-05-03T00:30:27.078+0000] {dag.py:3047} INFO - Sync 1 DAGs
[2026-05-03T00:30:27.140+0000] {logging_mixin.py:188} INFO - [2026-05-03T00:30:27.140+0000] {dag.py:3834} INFO - Setting next_dagrun for latest_only to 2026-05-02 20:00:00+00:00, run_after=2026-05-03 00:00:00+00:00
[2026-05-03T00:30:27.163+0000] {processor.py:183} INFO - Processing /home/airflow/.local/lib/python3.8/site-packages/airflow/example_dags/example_latest_only.py took 0.110 seconds
[2026-05-03T00:30:57.269+0000] {processor.py:161} INFO - Started process (PID=3391) to work on /home/airflow/.local/lib/python3.8/site-packages/airflow/example_dags/example_latest_only.py
[2026-05-03T00:30:57.271+0000] {processor.py:830} INFO - Processing file /home/airflow/.local/lib/python3.8/site-packages/airflow/example_dags/example_latest_only.py for tasks to queue
[2026-05-03T00:30:57.272+0000] {logging_mixin.py:188} INFO - [2026-05-03T00:30:57.272+0000] {dagbag.py:540} INFO - Filling up the DagBag from /home/airflow/.local/lib/python3.8/site-packages/airflow/example_dags/example_latest_only.py
[2026-05-03T00:30:57.276+0000] {processor.py:840} INFO - DAG(s) 'latest_only' retrieved from /home/airflow/.local/lib/python3.8/site-packages/airflow/example_dags/example_latest_only.py
[2026-05-03T00:30:57.290+0000] {logging_mixin.py:188} INFO - [2026-05-03T00:30:57.290+0000] {dag.py:3047} INFO - Sync 1 DAGs
[2026-05-03T00:30:57.304+0000] {logging_mixin.py:188} INFO - [2026-05-03T00:30:57.304+0000] {dag.py:3834} INFO - Setting next_dagrun for latest_only to 2026-05-02 20:00:00+00:00, run_after=2026-05-03 00:00:00+00:00
[2026-05-03T00:30:57.316+0000] {processor.py:183} INFO - Processing /home/airflow/.local/lib/python3.8/site-packages/airflow/example_dags/example_latest_only.py took 0.050 seconds
[2026-05-03T00:31:28.145+0000] {processor.py:161} INFO - Started process (PID=3447) to work on /home/airflow/.local/lib/python3.8/site-packages/airflow/example_dags/example_latest_only.py
[2026-05-03T00:31:28.147+0000] {processor.py:830} INFO - Processing file /home/airflow/.local/lib/python3.8/site-packages/airflow/example_dags/example_latest_only.py for tasks to queue
[2026-05-03T00:31:28.150+0000] {logging_mixin.py:188} INFO - [2026-05-03T00:31:28.149+0000] {dagbag.py:540} INFO - Filling up the DagBag from /home/airflow/.local/lib/python3.8/site-packages/airflow/example_dags/example_latest_only.py
[2026-05-03T00:31:28.155+0000] {processor.py:840} INFO - DAG(s) 'latest_only' retrieved from /home/airflow/.local/lib/python3.8/site-packages/airflow/example_dags/example_latest_only.py
[2026-05-03T00:31:28.196+0000] {logging_mixin.py:188} INFO - [2026-05-03T00:31:28.196+0000] {dag.py:3047} INFO - Sync 1 DAGs
[2026-05-03T00:31:28.220+0000] {logging_mixin.py:188} INFO - [2026-05-03T00:31:28.219+0000] {dag.py:3834} INFO - Setting next_dagrun for latest_only to 2026-05-02 20:00:00+00:00, run_after=2026-05-03 00:00:00+00:00
[2026-05-03T00:31:28.251+0000] {processor.py:183} INFO - Processing /home/airflow/.local/lib/python3.8/site-packages/airflow/example_dags/example_latest_only.py took 0.110 seconds
[2026-05-03T00:31:59.134+0000] {processor.py:161} INFO - Started process (PID=3503) to work on /home/airflow/.local/lib/python3.8/site-packages/airflow/example_dags/example_latest_only.py
[2026-05-03T00:31:59.135+0000] {processor.py:830} INFO - Processing file /home/airflow/.local/lib/python3.8/site-packages/airflow/example_dags/example_latest_only.py for tasks to queue
[2026-05-03T00:31:59.137+0000] {logging_mixin.py:188} INFO - [2026-05-03T00:31:59.137+0000] {dagbag.py:540} INFO - Filling up the DagBag from /home/airflow/.local/lib/python3.8/site-packages/airflow/example_dags/example_latest_only.py
[2026-05-03T00:31:59.145+0000] {processor.py:840} INFO - DAG(s) 'latest_only' retrieved from /home/airflow/.local/lib/python3.8/site-packages/airflow/example_dags/example_latest_only.py
[2026-05-03T00:31:59.161+0000] {logging_mixin.py:188} INFO - [2026-05-03T00:31:59.161+0000] {dag.py:3047} INFO - Sync 1 DAGs
[2026-05-03T00:31:59.174+0000] {logging_mixin.py:188} INFO - [2026-05-03T00:31:59.174+0000] {dag.py:3834} INFO - Setting next_dagrun for latest_only to 2026-05-02 20:00:00+00:00, run_after=2026-05-03 00:00:00+00:00
[2026-05-03T00:31:59.187+0000] {processor.py:183} INFO - Processing /home/airflow/.local/lib/python3.8/site-packages/airflow/example_dags/example_latest_only.py took 0.055 seconds
[2026-05-03T00:32:29.497+0000] {processor.py:161} INFO - Started process (PID=3559) to work on /home/airflow/.local/lib/python3.8/site-packages/airflow/example_dags/example_latest_only.py
[2026-05-03T00:32:29.498+0000] {processor.py:830} INFO - Processing file /home/airflow/.local/lib/python3.8/site-packages/airflow/example_dags/example_latest_only.py for tasks to queue
[2026-05-03T00:32:29.500+0000] {logging_mixin.py:188} INFO - [2026-05-03T00:32:29.500+0000] {dagbag.py:540} INFO - Filling up the DagBag from /home/airflow/.local/lib/python3.8/site-packages/airflow/example_dags/example_latest_only.py
[2026-05-03T00:32:29.504+0000] {processor.py:840} INFO - DAG(s) 'latest_only' retrieved from /home/airflow/.local/lib/python3.8/site-packages/airflow/example_dags/example_latest_only.py
[2026-05-03T00:32:29.520+0000] {logging_mixin.py:188} INFO - [2026-05-03T00:32:29.519+0000] {dag.py:3047} INFO - Sync 1 DAGs
[2026-05-03T00:32:29.535+0000] {logging_mixin.py:188} INFO - [2026-05-03T00:32:29.534+0000] {dag.py:3834} INFO - Setting next_dagrun for latest_only to 2026-05-02 20:00:00+00:00, run_after=2026-05-03 00:00:00+00:00
[2026-05-03T00:32:29.546+0000] {processor.py:183} INFO - Processing /home/airflow/.local/lib/python3.8/site-packages/airflow/example_dags/example_latest_only.py took 0.051 seconds
[2026-05-03T00:32:59.643+0000] {processor.py:161} INFO - Started process (PID=3615) to work on /home/airflow/.local/lib/python3.8/site-packages/airflow/example_dags/example_latest_only.py
[2026-05-03T00:32:59.646+0000] {processor.py:830} INFO - Processing file /home/airflow/.local/lib/python3.8/site-packages/airflow/example_dags/example_latest_only.py for tasks to queue
[2026-05-03T00:32:59.648+0000] {logging_mixin.py:188} INFO - [2026-05-03T00:32:59.648+0000] {dagbag.py:540} INFO - Filling up the DagBag from /home/airflow/.local/lib/python3.8/site-packages/airflow/example_dags/example_latest_only.py
[2026-05-03T00:32:59.652+0000] {processor.py:840} INFO - DAG(s) 'latest_only' retrieved from /home/airflow/.local/lib/python3.8/site-packages/airflow/example_dags/example_latest_only.py
[2026-05-03T00:32:59.669+0000] {logging_mixin.py:188} INFO - [2026-05-03T00:32:59.669+0000] {dag.py:3047} INFO - Sync 1 DAGs
[2026-05-03T00:32:59.685+0000] {logging_mixin.py:188} INFO - [2026-05-03T00:32:59.685+0000] {dag.py:3834} INFO - Setting next_dagrun for latest_only to 2026-05-02 20:00:00+00:00, run_after=2026-05-03 00:00:00+00:00
[2026-05-03T00:32:59.696+0000] {processor.py:183} INFO - Processing /home/airflow/.local/lib/python3.8/site-packages/airflow/example_dags/example_latest_only.py took 0.056 seconds
[2026-05-03T00:33:30.219+0000] {processor.py:161} INFO - Started process (PID=3671) to work on /home/airflow/.local/lib/python3.8/site-packages/airflow/example_dags/example_latest_only.py
[2026-05-03T00:33:30.220+0000] {processor.py:830} INFO - Processing file /home/airflow/.local/lib/python3.8/site-packages/airflow/example_dags/example_latest_only.py for tasks to queue
[2026-05-03T00:33:30.224+0000] {logging_mixin.py:188} INFO - [2026-05-03T00:33:30.223+0000] {dagbag.py:540} INFO - Filling up the DagBag from /home/airflow/.local/lib/python3.8/site-packages/airflow/example_dags/example_latest_only.py
[2026-05-03T00:33:30.227+0000] {processor.py:840} INFO - DAG(s) 'latest_only' retrieved from /home/airflow/.local/lib/python3.8/site-packages/airflow/example_dags/example_latest_only.py
[2026-05-03T00:33:30.243+0000] {logging_mixin.py:188} INFO - [2026-05-03T00:33:30.243+0000] {dag.py:3047} INFO - Sync 1 DAGs
[2026-05-03T00:33:30.259+0000] {logging_mixin.py:188} INFO - [2026-05-03T00:33:30.259+0000] {dag.py:3834} INFO - Setting next_dagrun for latest_only to 2026-05-02 20:00:00+00:00, run_after=2026-05-03 00:00:00+00:00
[2026-05-03T00:33:30.269+0000] {processor.py:183} INFO - Processing /home/airflow/.local/lib/python3.8/site-packages/airflow/example_dags/example_latest_only.py took 0.053 seconds
[2026-05-03T00:34:00.860+0000] {processor.py:161} INFO - Started process (PID=3727) to work on /home/airflow/.local/lib/python3.8/site-packages/airflow/example_dags/example_latest_only.py
[2026-05-03T00:34:00.861+0000] {processor.py:830} INFO - Processing file /home/airflow/.local/lib/python3.8/site-packages/airflow/example_dags/example_latest_only.py for tasks to queue
[2026-05-03T00:34:00.863+0000] {logging_mixin.py:188} INFO - [2026-05-03T00:34:00.863+0000] {dagbag.py:540} INFO - Filling up the DagBag from /home/airflow/.local/lib/python3.8/site-packages/airflow/example_dags/example_latest_only.py
[2026-05-03T00:34:00.867+0000] {processor.py:840} INFO - DAG(s) 'latest_only' retrieved from /home/airflow/.local/lib/python3.8/site-packages/airflow/example_dags/example_latest_only.py
[2026-05-03T00:34:00.880+0000] {logging_mixin.py:188} INFO - [2026-05-03T00:34:00.880+0000] {dag.py:3047} INFO - Sync 1 DAGs
[2026-05-03T00:34:00.895+0000] {logging_mixin.py:188} INFO - [2026-05-03T00:34:00.895+0000] {dag.py:3834} INFO - Setting next_dagrun for latest_only to 2026-05-02 20:00:00+00:00, run_after=2026-05-03 00:00:00+00:00
[2026-05-03T00:34:00.907+0000] {processor.py:183} INFO - Processing /home/airflow/.local/lib/python3.8/site-packages/airflow/example_dags/example_latest_only.py took 0.049 seconds
[2026-05-03T00:34:31.034+0000] {processor.py:161} INFO - Started process (PID=3783) to work on /home/airflow/.local/lib/python3.8/site-packages/airflow/example_dags/example_latest_only.py
[2026-05-03T00:34:31.034+0000] {processor.py:830} INFO - Processing file /home/airflow/.local/lib/python3.8/site-packages/airflow/example_dags/example_latest_only.py for tasks to queue
[2026-05-03T00:34:31.036+0000] {logging_mixin.py:188} INFO - [2026-05-03T00:34:31.036+0000] {dagbag.py:540} INFO - Filling up the DagBag from /home/airflow/.local/lib/python3.8/site-packages/airflow/example_dags/example_latest_only.py
[2026-05-03T00:34:31.040+0000] {processor.py:840} INFO - DAG(s) 'latest_only' retrieved from /home/airflow/.local/lib/python3.8/site-packages/airflow/example_dags/example_latest_only.py
[2026-05-03T00:34:31.056+0000] {logging_mixin.py:188} INFO - [2026-05-03T00:34:31.056+0000] {dag.py:3047} INFO - Sync 1 DAGs
[2026-05-03T00:34:31.072+0000] {logging_mixin.py:188} INFO - [2026-05-03T00:34:31.072+0000] {dag.py:3834} INFO - Setting next_dagrun for latest_only to 2026-05-02 20:00:00+00:00, run_after=2026-05-03 00:00:00+00:00
[2026-05-03T00:34:31.082+0000] {processor.py:183} INFO - Processing /home/airflow/.local/lib/python3.8/site-packages/airflow/example_dags/example_latest_only.py took 0.051 seconds
[2026-05-03T00:35:01.225+0000] {processor.py:161} INFO - Started process (PID=3839) to work on /home/airflow/.local/lib/python3.8/site-packages/airflow/example_dags/example_latest_only.py
[2026-05-03T00:35:01.228+0000] {processor.py:830} INFO - Processing file /home/airflow/.local/lib/python3.8/site-packages/airflow/example_dags/example_latest_only.py for tasks to queue
[2026-05-03T00:35:01.229+0000] {logging_mixin.py:188} INFO - [2026-05-03T00:35:01.229+0000] {dagbag.py:540} INFO - Filling up the DagBag from /home/airflow/.local/lib/python3.8/site-packages/airflow/example_dags/example_latest_only.py
[2026-05-03T00:35:01.233+0000] {processor.py:840} INFO - DAG(s) 'latest_only' retrieved from /home/airflow/.local/lib/python3.8/site-packages/airflow/example_dags/example_latest_only.py
[2026-05-03T00:35:01.248+0000] {logging_mixin.py:188} INFO - [2026-05-03T00:35:01.248+0000] {dag.py:3047} INFO - Sync 1 DAGs
[2026-05-03T00:35:01.262+0000] {logging_mixin.py:188} INFO - [2026-05-03T00:35:01.262+0000] {dag.py:3834} INFO - Setting next_dagrun for latest_only to 2026-05-02 20:00:00+00:00, run_after=2026-05-03 00:00:00+00:00
[2026-05-03T00:35:01.273+0000] {processor.py:183} INFO - Processing /home/airflow/.local/lib/python3.8/site-packages/airflow/example_dags/example_latest_only.py took 0.051 seconds
[2026-05-03T00:35:31.602+0000] {processor.py:161} INFO - Started process (PID=3895) to work on /home/airflow/.local/lib/python3.8/site-packages/airflow/example_dags/example_latest_only.py
[2026-05-03T00:35:31.603+0000] {processor.py:830} INFO - Processing file /home/airflow/.local/lib/python3.8/site-packages/airflow/example_dags/example_latest_only.py for tasks to queue
[2026-05-03T00:35:31.604+0000] {logging_mixin.py:188} INFO - [2026-05-03T00:35:31.604+0000] {dagbag.py:540} INFO - Filling up the DagBag from /home/airflow/.local/lib/python3.8/site-packages/airflow/example_dags/example_latest_only.py
[2026-05-03T00:35:31.608+0000] {processor.py:840} INFO - DAG(s) 'latest_only' retrieved from /home/airflow/.local/lib/python3.8/site-packages/airflow/example_dags/example_latest_only.py
[2026-05-03T00:35:31.622+0000] {logging_mixin.py:188} INFO - [2026-05-03T00:35:31.621+0000] {dag.py:3047} INFO - Sync 1 DAGs
[2026-05-03T00:35:31.640+0000] {logging_mixin.py:188} INFO - [2026-05-03T00:35:31.640+0000] {dag.py:3834} INFO - Setting next_dagrun for latest_only to 2026-05-02 20:00:00+00:00, run_after=2026-05-03 00:00:00+00:00
[2026-05-03T00:35:31.654+0000] {processor.py:183} INFO - Processing /home/airflow/.local/lib/python3.8/site-packages/airflow/example_dags/example_latest_only.py took 0.055 seconds
[2026-05-03T00:36:02.082+0000] {processor.py:161} INFO - Started process (PID=3951) to work on /home/airflow/.local/lib/python3.8/site-packages/airflow/example_dags/example_latest_only.py
[2026-05-03T00:36:02.083+0000] {processor.py:830} INFO - Processing file /home/airflow/.local/lib/python3.8/site-packages/airflow/example_dags/example_latest_only.py for tasks to queue
[2026-05-03T00:36:02.084+0000] {logging_mixin.py:188} INFO - [2026-05-03T00:36:02.084+0000] {dagbag.py:540} INFO - Filling up the DagBag from /home/airflow/.local/lib/python3.8/site-packages/airflow/example_dags/example_latest_only.py
[2026-05-03T00:36:02.088+0000] {processor.py:840} INFO - DAG(s) 'latest_only' retrieved from /home/airflow/.local/lib/python3.8/site-packages/airflow/example_dags/example_latest_only.py
[2026-05-03T00:36:02.101+0000] {logging_mixin.py:188} INFO - [2026-05-03T00:36:02.101+0000] {dag.py:3047} INFO - Sync 1 DAGs
[2026-05-03T00:36:02.114+0000] {logging_mixin.py:188} INFO - [2026-05-03T00:36:02.114+0000] {dag.py:3834} INFO - Setting next_dagrun for latest_only to 2026-05-02 20:00:00+00:00, run_after=2026-05-03 00:00:00+00:00
[2026-05-03T00:36:02.123+0000] {processor.py:183} INFO - Processing /home/airflow/.local/lib/python3.8/site-packages/airflow/example_dags/example_latest_only.py took 0.043 seconds
[2026-05-03T00:36:32.508+0000] {processor.py:161} INFO - Started process (PID=4007) to work on /home/airflow/.local/lib/python3.8/site-packages/airflow/example_dags/example_latest_only.py
[2026-05-03T00:36:32.509+0000] {processor.py:830} INFO - Processing file /home/airflow/.local/lib/python3.8/site-packages/airflow/example_dags/example_latest_only.py for tasks to queue
[2026-05-03T00:36:32.511+0000] {logging_mixin.py:188} INFO - [2026-05-03T00:36:32.510+0000] {dagbag.py:540} INFO - Filling up the DagBag from /home/airflow/.local/lib/python3.8/site-packages/airflow/example_dags/example_latest_only.py
[2026-05-03T00:36:32.514+0000] {processor.py:840} INFO - DAG(s) 'latest_only' retrieved from /home/airflow/.local/lib/python3.8/site-packages/airflow/example_dags/example_latest_only.py
[2026-05-03T00:36:32.527+0000] {logging_mixin.py:188} INFO - [2026-05-03T00:36:32.526+0000] {dag.py:3047} INFO - Sync 1 DAGs
[2026-05-03T00:36:32.540+0000] {logging_mixin.py:188} INFO - [2026-05-03T00:36:32.540+0000] {dag.py:3834} INFO - Setting next_dagrun for latest_only to 2026-05-02 20:00:00+00:00, run_after=2026-05-03 00:00:00+00:00
[2026-05-03T00:36:32.549+0000] {processor.py:183} INFO - Processing /home/airflow/.local/lib/python3.8/site-packages/airflow/example_dags/example_latest_only.py took 0.043 seconds
[2026-05-03T00:37:02.971+0000] {processor.py:161} INFO - Started process (PID=4063) to work on /home/airflow/.local/lib/python3.8/site-packages/airflow/example_dags/example_latest_only.py
[2026-05-03T00:37:02.973+0000] {processor.py:830} INFO - Processing file /home/airflow/.local/lib/python3.8/site-packages/airflow/example_dags/example_latest_only.py for tasks to queue
[2026-05-03T00:37:02.976+0000] {logging_mixin.py:188} INFO - [2026-05-03T00:37:02.976+0000] {dagbag.py:540} INFO - Filling up the DagBag from /home/airflow/.local/lib/python3.8/site-packages/airflow/example_dags/example_latest_only.py
[2026-05-03T00:37:02.979+0000] {processor.py:840} INFO - DAG(s) 'latest_only' retrieved from /home/airflow/.local/lib/python3.8/site-packages/airflow/example_dags/example_latest_only.py
[2026-05-03T00:37:02.992+0000] {logging_mixin.py:188} INFO - [2026-05-03T00:37:02.992+0000] {dag.py:3047} INFO - Sync 1 DAGs
[2026-05-03T00:37:03.008+0000] {logging_mixin.py:188} INFO - [2026-05-03T00:37:03.008+0000] {dag.py:3834} INFO - Setting next_dagrun for latest_only to 2026-05-02 20:00:00+00:00, run_after=2026-05-03 00:00:00+00:00
[2026-05-03T00:37:03.020+0000] {processor.py:183} INFO - Processing /home/airflow/.local/lib/python3.8/site-packages/airflow/example_dags/example_latest_only.py took 0.052 seconds
[2026-05-03T00:37:33.523+0000] {processor.py:161} INFO - Started process (PID=4119) to work on /home/airflow/.local/lib/python3.8/site-packages/airflow/example_dags/example_latest_only.py
[2026-05-03T00:37:33.525+0000] {processor.py:830} INFO - Processing file /home/airflow/.local/lib/python3.8/site-packages/airflow/example_dags/example_latest_only.py for tasks to queue
[2026-05-03T00:37:33.529+0000] {logging_mixin.py:188} INFO - [2026-05-03T00:37:33.529+0000] {dagbag.py:540} INFO - Filling up the DagBag from /home/airflow/.local/lib/python3.8/site-packages/airflow/example_dags/example_latest_only.py
[2026-05-03T00:37:33.534+0000] {processor.py:840} INFO - DAG(s) 'latest_only' retrieved from /home/airflow/.local/lib/python3.8/site-packages/airflow/example_dags/example_latest_only.py
[2026-05-03T00:37:33.558+0000] {logging_mixin.py:188} INFO - [2026-05-03T00:37:33.558+0000] {dag.py:3047} INFO - Sync 1 DAGs
[2026-05-03T00:37:33.574+0000] {logging_mixin.py:188} INFO - [2026-05-03T00:37:33.574+0000] {dag.py:3834} INFO - Setting next_dagrun for latest_only to 2026-05-02 20:00:00+00:00, run_after=2026-05-03 00:00:00+00:00
[2026-05-03T00:37:33.590+0000] {processor.py:183} INFO - Processing /home/airflow/.local/lib/python3.8/site-packages/airflow/example_dags/example_latest_only.py took 0.070 seconds
[2026-05-03T00:38:03.881+0000] {processor.py:161} INFO - Started process (PID=4175) to work on /home/airflow/.local/lib/python3.8/site-packages/airflow/example_dags/example_latest_only.py
[2026-05-03T00:38:03.883+0000] {processor.py:830} INFO - Processing file /home/airflow/.local/lib/python3.8/site-packages/airflow/example_dags/example_latest_only.py for tasks to queue
[2026-05-03T00:38:03.884+0000] {logging_mixin.py:188} INFO - [2026-05-03T00:38:03.884+0000] {dagbag.py:540} INFO - Filling up the DagBag from /home/airflow/.local/lib/python3.8/site-packages/airflow/example_dags/example_latest_only.py
[2026-05-03T00:38:03.888+0000] {processor.py:840} INFO - DAG(s) 'latest_only' retrieved from /home/airflow/.local/lib/python3.8/site-packages/airflow/example_dags/example_latest_only.py
[2026-05-03T00:38:03.915+0000] {logging_mixin.py:188} INFO - [2026-05-03T00:38:03.914+0000] {dag.py:3047} INFO - Sync 1 DAGs
[2026-05-03T00:38:03.947+0000] {logging_mixin.py:188} INFO - [2026-05-03T00:38:03.947+0000] {dag.py:3834} INFO - Setting next_dagrun for latest_only to 2026-05-02 20:00:00+00:00, run_after=2026-05-03 00:00:00+00:00
[2026-05-03T00:38:03.973+0000] {processor.py:183} INFO - Processing /home/airflow/.local/lib/python3.8/site-packages/airflow/example_dags/example_latest_only.py took 0.095 seconds
[2026-05-03T00:38:34.458+0000] {processor.py:161} INFO - Started process (PID=4231) to work on /home/airflow/.local/lib/python3.8/site-packages/airflow/example_dags/example_latest_only.py
[2026-05-03T00:38:34.460+0000] {processor.py:830} INFO - Processing file /home/airflow/.local/lib/python3.8/site-packages/airflow/example_dags/example_latest_only.py for tasks to queue
[2026-05-03T00:38:34.461+0000] {logging_mixin.py:188} INFO - [2026-05-03T00:38:34.461+0000] {dagbag.py:540} INFO - Filling up the DagBag from /home/airflow/.local/lib/python3.8/site-packages/airflow/example_dags/example_latest_only.py
[2026-05-03T00:38:34.465+0000] {processor.py:840} INFO - DAG(s) 'latest_only' retrieved from /home/airflow/.local/lib/python3.8/site-packages/airflow/example_dags/example_latest_only.py
[2026-05-03T00:38:34.479+0000] {logging_mixin.py:188} INFO - [2026-05-03T00:38:34.479+0000] {dag.py:3047} INFO - Sync 1 DAGs
[2026-05-03T00:38:34.494+0000] {logging_mixin.py:188} INFO - [2026-05-03T00:38:34.494+0000] {dag.py:3834} INFO - Setting next_dagrun for latest_only to 2026-05-02 20:00:00+00:00, run_after=2026-05-03 00:00:00+00:00
[2026-05-03T00:38:34.514+0000] {processor.py:183} INFO - Processing /home/airflow/.local/lib/python3.8/site-packages/airflow/example_dags/example_latest_only.py took 0.059 seconds
[2026-05-03T00:39:04.732+0000] {processor.py:161} INFO - Started process (PID=4287) to work on /home/airflow/.local/lib/python3.8/site-packages/airflow/example_dags/example_latest_only.py
[2026-05-03T00:39:04.733+0000] {processor.py:830} INFO - Processing file /home/airflow/.local/lib/python3.8/site-packages/airflow/example_dags/example_latest_only.py for tasks to queue
[2026-05-03T00:39:04.735+0000] {logging_mixin.py:188} INFO - [2026-05-03T00:39:04.734+0000] {dagbag.py:540} INFO - Filling up the DagBag from /home/airflow/.local/lib/python3.8/site-packages/airflow/example_dags/example_latest_only.py
[2026-05-03T00:39:04.739+0000] {processor.py:840} INFO - DAG(s) 'latest_only' retrieved from /home/airflow/.local/lib/python3.8/site-packages/airflow/example_dags/example_latest_only.py
[2026-05-03T00:39:04.754+0000] {logging_mixin.py:188} INFO - [2026-05-03T00:39:04.754+0000] {dag.py:3047} INFO - Sync 1 DAGs
[2026-05-03T00:39:04.773+0000] {logging_mixin.py:188} INFO - [2026-05-03T00:39:04.772+0000] {dag.py:3834} INFO - Setting next_dagrun for latest_only to 2026-05-02 20:00:00+00:00, run_after=2026-05-03 00:00:00+00:00
[2026-05-03T00:39:04.794+0000] {processor.py:183} INFO - Processing /home/airflow/.local/lib/python3.8/site-packages/airflow/example_dags/example_latest_only.py took 0.065 seconds
[2026-05-03T00:39:35.270+0000] {processor.py:161} INFO - Started process (PID=4343) to work on /home/airflow/.local/lib/python3.8/site-packages/airflow/example_dags/example_latest_only.py
[2026-05-03T00:39:35.271+0000] {processor.py:830} INFO - Processing file /home/airflow/.local/lib/python3.8/site-packages/airflow/example_dags/example_latest_only.py for tasks to queue
[2026-05-03T00:39:35.272+0000] {logging_mixin.py:188} INFO - [2026-05-03T00:39:35.272+0000] {dagbag.py:540} INFO - Filling up the DagBag from /home/airflow/.local/lib/python3.8/site-packages/airflow/example_dags/example_latest_only.py
[2026-05-03T00:39:35.276+0000] {processor.py:840} INFO - DAG(s) 'latest_only' retrieved from /home/airflow/.local/lib/python3.8/site-packages/airflow/example_dags/example_latest_only.py
[2026-05-03T00:39:35.289+0000] {logging_mixin.py:188} INFO - [2026-05-03T00:39:35.288+0000] {dag.py:3047} INFO - Sync 1 DAGs
[2026-05-03T00:39:35.302+0000] {logging_mixin.py:188} INFO - [2026-05-03T00:39:35.302+0000] {dag.py:3834} INFO - Setting next_dagrun for latest_only to 2026-05-02 20:00:00+00:00, run_after=2026-05-03 00:00:00+00:00
[2026-05-03T00:39:35.311+0000] {processor.py:183} INFO - Processing /home/airflow/.local/lib/python3.8/site-packages/airflow/example_dags/example_latest_only.py took 0.045 seconds
