[2026-05-03T00:02:00.865+0000] {processor.py:161} INFO - Started process (PID=2768) to work on /home/airflow/.local/lib/python3.8/site-packages/airflow/example_dags/example_branch_operator_decorator.py
[2026-05-03T00:02:00.875+0000] {processor.py:830} INFO - Processing file /home/airflow/.local/lib/python3.8/site-packages/airflow/example_dags/example_branch_operator_decorator.py for tasks to queue
[2026-05-03T00:02:00.880+0000] {logging_mixin.py:188} INFO - [2026-05-03T00:02:00.879+0000] {dagbag.py:540} INFO - Filling up the DagBag from /home/airflow/.local/lib/python3.8/site-packages/airflow/example_dags/example_branch_operator_decorator.py
[2026-05-03T00:02:00.917+0000] {processor.py:840} INFO - DAG(s) 'example_branch_python_operator_decorator' retrieved from /home/airflow/.local/lib/python3.8/site-packages/airflow/example_dags/example_branch_operator_decorator.py
[2026-05-03T00:02:00.971+0000] {logging_mixin.py:188} INFO - [2026-05-03T00:02:00.971+0000] {dag.py:3047} INFO - Sync 1 DAGs
[2026-05-03T00:02:01.001+0000] {logging_mixin.py:188} INFO - [2026-05-03T00:02:01.000+0000] {dag.py:3834} INFO - Setting next_dagrun for example_branch_python_operator_decorator to 2026-05-02 00:00:00+00:00, run_after=2026-05-03 00:00:00+00:00
[2026-05-03T00:02:01.021+0000] {processor.py:183} INFO - Processing /home/airflow/.local/lib/python3.8/site-packages/airflow/example_dags/example_branch_operator_decorator.py took 0.160 seconds
[2026-05-03T00:11:41.757+0000] {processor.py:161} INFO - Started process (PID=2824) to work on /home/airflow/.local/lib/python3.8/site-packages/airflow/example_dags/example_branch_operator_decorator.py
[2026-05-03T00:11:41.758+0000] {processor.py:830} INFO - Processing file /home/airflow/.local/lib/python3.8/site-packages/airflow/example_dags/example_branch_operator_decorator.py for tasks to queue
[2026-05-03T00:11:41.759+0000] {logging_mixin.py:188} INFO - [2026-05-03T00:11:41.759+0000] {dagbag.py:540} INFO - Filling up the DagBag from /home/airflow/.local/lib/python3.8/site-packages/airflow/example_dags/example_branch_operator_decorator.py
[2026-05-03T00:11:41.773+0000] {processor.py:840} INFO - DAG(s) 'example_branch_python_operator_decorator' retrieved from /home/airflow/.local/lib/python3.8/site-packages/airflow/example_dags/example_branch_operator_decorator.py
[2026-05-03T00:11:41.792+0000] {logging_mixin.py:188} INFO - [2026-05-03T00:11:41.792+0000] {dag.py:3047} INFO - Sync 1 DAGs
[2026-05-03T00:11:41.808+0000] {logging_mixin.py:188} INFO - [2026-05-03T00:11:41.807+0000] {dag.py:3834} INFO - Setting next_dagrun for example_branch_python_operator_decorator to 2026-05-02 00:00:00+00:00, run_after=2026-05-03 00:00:00+00:00
[2026-05-03T00:11:41.818+0000] {processor.py:183} INFO - Processing /home/airflow/.local/lib/python3.8/site-packages/airflow/example_dags/example_branch_operator_decorator.py took 0.064 seconds
[2026-05-03T00:20:53.371+0000] {processor.py:161} INFO - Started process (PID=2880) to work on /home/airflow/.local/lib/python3.8/site-packages/airflow/example_dags/example_branch_operator_decorator.py
[2026-05-03T00:20:53.372+0000] {processor.py:830} INFO - Processing file /home/airflow/.local/lib/python3.8/site-packages/airflow/example_dags/example_branch_operator_decorator.py for tasks to queue
[2026-05-03T00:20:53.375+0000] {logging_mixin.py:188} INFO - [2026-05-03T00:20:53.375+0000] {dagbag.py:540} INFO - Filling up the DagBag from /home/airflow/.local/lib/python3.8/site-packages/airflow/example_dags/example_branch_operator_decorator.py
[2026-05-03T00:20:53.402+0000] {processor.py:840} INFO - DAG(s) 'example_branch_python_operator_decorator' retrieved from /home/airflow/.local/lib/python3.8/site-packages/airflow/example_dags/example_branch_operator_decorator.py
[2026-05-03T00:20:53.434+0000] {logging_mixin.py:188} INFO - [2026-05-03T00:20:53.434+0000] {dag.py:3047} INFO - Sync 1 DAGs
[2026-05-03T00:20:53.476+0000] {logging_mixin.py:188} INFO - [2026-05-03T00:20:53.475+0000] {dag.py:3834} INFO - Setting next_dagrun for example_branch_python_operator_decorator to 2026-05-02 00:00:00+00:00, run_after=2026-05-03 00:00:00+00:00
[2026-05-03T00:20:53.529+0000] {processor.py:183} INFO - Processing /home/airflow/.local/lib/python3.8/site-packages/airflow/example_dags/example_branch_operator_decorator.py took 0.163 seconds
[2026-05-03T00:26:53.574+0000] {processor.py:161} INFO - Started process (PID=2936) to work on /home/airflow/.local/lib/python3.8/site-packages/airflow/example_dags/example_branch_operator_decorator.py
[2026-05-03T00:26:53.579+0000] {processor.py:830} INFO - Processing file /home/airflow/.local/lib/python3.8/site-packages/airflow/example_dags/example_branch_operator_decorator.py for tasks to queue
[2026-05-03T00:26:53.583+0000] {logging_mixin.py:188} INFO - [2026-05-03T00:26:53.582+0000] {dagbag.py:540} INFO - Filling up the DagBag from /home/airflow/.local/lib/python3.8/site-packages/airflow/example_dags/example_branch_operator_decorator.py
[2026-05-03T00:26:53.641+0000] {processor.py:840} INFO - DAG(s) 'example_branch_python_operator_decorator' retrieved from /home/airflow/.local/lib/python3.8/site-packages/airflow/example_dags/example_branch_operator_decorator.py
[2026-05-03T00:26:53.714+0000] {logging_mixin.py:188} INFO - [2026-05-03T00:26:53.713+0000] {dag.py:3047} INFO - Sync 1 DAGs
[2026-05-03T00:26:53.761+0000] {logging_mixin.py:188} INFO - [2026-05-03T00:26:53.760+0000] {dag.py:3834} INFO - Setting next_dagrun for example_branch_python_operator_decorator to 2026-05-02 00:00:00+00:00, run_after=2026-05-03 00:00:00+00:00
[2026-05-03T00:26:53.781+0000] {processor.py:183} INFO - Processing /home/airflow/.local/lib/python3.8/site-packages/airflow/example_dags/example_branch_operator_decorator.py took 0.218 seconds
[2026-05-03T00:27:24.049+0000] {processor.py:161} INFO - Started process (PID=2992) to work on /home/airflow/.local/lib/python3.8/site-packages/airflow/example_dags/example_branch_operator_decorator.py
[2026-05-03T00:27:24.050+0000] {processor.py:830} INFO - Processing file /home/airflow/.local/lib/python3.8/site-packages/airflow/example_dags/example_branch_operator_decorator.py for tasks to queue
[2026-05-03T00:27:24.051+0000] {logging_mixin.py:188} INFO - [2026-05-03T00:27:24.051+0000] {dagbag.py:540} INFO - Filling up the DagBag from /home/airflow/.local/lib/python3.8/site-packages/airflow/example_dags/example_branch_operator_decorator.py
[2026-05-03T00:27:24.066+0000] {processor.py:840} INFO - DAG(s) 'example_branch_python_operator_decorator' retrieved from /home/airflow/.local/lib/python3.8/site-packages/airflow/example_dags/example_branch_operator_decorator.py
[2026-05-03T00:27:24.084+0000] {logging_mixin.py:188} INFO - [2026-05-03T00:27:24.084+0000] {dag.py:3047} INFO - Sync 1 DAGs
[2026-05-03T00:27:24.098+0000] {logging_mixin.py:188} INFO - [2026-05-03T00:27:24.098+0000] {dag.py:3834} INFO - Setting next_dagrun for example_branch_python_operator_decorator to 2026-05-02 00:00:00+00:00, run_after=2026-05-03 00:00:00+00:00
[2026-05-03T00:27:24.110+0000] {processor.py:183} INFO - Processing /home/airflow/.local/lib/python3.8/site-packages/airflow/example_dags/example_branch_operator_decorator.py took 0.063 seconds
[2026-05-03T00:27:55.052+0000] {processor.py:161} INFO - Started process (PID=3048) to work on /home/airflow/.local/lib/python3.8/site-packages/airflow/example_dags/example_branch_operator_decorator.py
[2026-05-03T00:27:55.053+0000] {processor.py:830} INFO - Processing file /home/airflow/.local/lib/python3.8/site-packages/airflow/example_dags/example_branch_operator_decorator.py for tasks to queue
[2026-05-03T00:27:55.054+0000] {logging_mixin.py:188} INFO - [2026-05-03T00:27:55.054+0000] {dagbag.py:540} INFO - Filling up the DagBag from /home/airflow/.local/lib/python3.8/site-packages/airflow/example_dags/example_branch_operator_decorator.py
[2026-05-03T00:27:55.070+0000] {processor.py:840} INFO - DAG(s) 'example_branch_python_operator_decorator' retrieved from /home/airflow/.local/lib/python3.8/site-packages/airflow/example_dags/example_branch_operator_decorator.py
[2026-05-03T00:27:55.090+0000] {logging_mixin.py:188} INFO - [2026-05-03T00:27:55.090+0000] {dag.py:3047} INFO - Sync 1 DAGs
[2026-05-03T00:27:55.108+0000] {logging_mixin.py:188} INFO - [2026-05-03T00:27:55.108+0000] {dag.py:3834} INFO - Setting next_dagrun for example_branch_python_operator_decorator to 2026-05-02 00:00:00+00:00, run_after=2026-05-03 00:00:00+00:00
[2026-05-03T00:27:55.120+0000] {processor.py:183} INFO - Processing /home/airflow/.local/lib/python3.8/site-packages/airflow/example_dags/example_branch_operator_decorator.py took 0.071 seconds
[2026-05-03T00:28:25.411+0000] {processor.py:161} INFO - Started process (PID=3104) to work on /home/airflow/.local/lib/python3.8/site-packages/airflow/example_dags/example_branch_operator_decorator.py
[2026-05-03T00:28:25.412+0000] {processor.py:830} INFO - Processing file /home/airflow/.local/lib/python3.8/site-packages/airflow/example_dags/example_branch_operator_decorator.py for tasks to queue
[2026-05-03T00:28:25.413+0000] {logging_mixin.py:188} INFO - [2026-05-03T00:28:25.413+0000] {dagbag.py:540} INFO - Filling up the DagBag from /home/airflow/.local/lib/python3.8/site-packages/airflow/example_dags/example_branch_operator_decorator.py
[2026-05-03T00:28:25.427+0000] {processor.py:840} INFO - DAG(s) 'example_branch_python_operator_decorator' retrieved from /home/airflow/.local/lib/python3.8/site-packages/airflow/example_dags/example_branch_operator_decorator.py
[2026-05-03T00:28:25.445+0000] {logging_mixin.py:188} INFO - [2026-05-03T00:28:25.445+0000] {dag.py:3047} INFO - Sync 1 DAGs
[2026-05-03T00:28:25.459+0000] {logging_mixin.py:188} INFO - [2026-05-03T00:28:25.459+0000] {dag.py:3834} INFO - Setting next_dagrun for example_branch_python_operator_decorator to 2026-05-02 00:00:00+00:00, run_after=2026-05-03 00:00:00+00:00
[2026-05-03T00:28:25.476+0000] {processor.py:183} INFO - Processing /home/airflow/.local/lib/python3.8/site-packages/airflow/example_dags/example_branch_operator_decorator.py took 0.067 seconds
[2026-05-03T00:28:55.841+0000] {processor.py:161} INFO - Started process (PID=3160) to work on /home/airflow/.local/lib/python3.8/site-packages/airflow/example_dags/example_branch_operator_decorator.py
[2026-05-03T00:28:55.842+0000] {processor.py:830} INFO - Processing file /home/airflow/.local/lib/python3.8/site-packages/airflow/example_dags/example_branch_operator_decorator.py for tasks to queue
[2026-05-03T00:28:55.843+0000] {logging_mixin.py:188} INFO - [2026-05-03T00:28:55.843+0000] {dagbag.py:540} INFO - Filling up the DagBag from /home/airflow/.local/lib/python3.8/site-packages/airflow/example_dags/example_branch_operator_decorator.py
[2026-05-03T00:28:55.860+0000] {processor.py:840} INFO - DAG(s) 'example_branch_python_operator_decorator' retrieved from /home/airflow/.local/lib/python3.8/site-packages/airflow/example_dags/example_branch_operator_decorator.py
[2026-05-03T00:28:55.889+0000] {logging_mixin.py:188} INFO - [2026-05-03T00:28:55.889+0000] {dag.py:3047} INFO - Sync 1 DAGs
[2026-05-03T00:28:55.907+0000] {logging_mixin.py:188} INFO - [2026-05-03T00:28:55.906+0000] {dag.py:3834} INFO - Setting next_dagrun for example_branch_python_operator_decorator to 2026-05-02 00:00:00+00:00, run_after=2026-05-03 00:00:00+00:00
[2026-05-03T00:28:55.917+0000] {processor.py:183} INFO - Processing /home/airflow/.local/lib/python3.8/site-packages/airflow/example_dags/example_branch_operator_decorator.py took 0.078 seconds
[2026-05-03T00:29:25.959+0000] {processor.py:161} INFO - Started process (PID=3216) to work on /home/airflow/.local/lib/python3.8/site-packages/airflow/example_dags/example_branch_operator_decorator.py
[2026-05-03T00:29:25.960+0000] {processor.py:830} INFO - Processing file /home/airflow/.local/lib/python3.8/site-packages/airflow/example_dags/example_branch_operator_decorator.py for tasks to queue
[2026-05-03T00:29:25.961+0000] {logging_mixin.py:188} INFO - [2026-05-03T00:29:25.961+0000] {dagbag.py:540} INFO - Filling up the DagBag from /home/airflow/.local/lib/python3.8/site-packages/airflow/example_dags/example_branch_operator_decorator.py
[2026-05-03T00:29:25.975+0000] {processor.py:840} INFO - DAG(s) 'example_branch_python_operator_decorator' retrieved from /home/airflow/.local/lib/python3.8/site-packages/airflow/example_dags/example_branch_operator_decorator.py
[2026-05-03T00:29:25.994+0000] {logging_mixin.py:188} INFO - [2026-05-03T00:29:25.994+0000] {dag.py:3047} INFO - Sync 1 DAGs
[2026-05-03T00:29:26.012+0000] {logging_mixin.py:188} INFO - [2026-05-03T00:29:26.011+0000] {dag.py:3834} INFO - Setting next_dagrun for example_branch_python_operator_decorator to 2026-05-02 00:00:00+00:00, run_after=2026-05-03 00:00:00+00:00
[2026-05-03T00:29:26.036+0000] {processor.py:183} INFO - Processing /home/airflow/.local/lib/python3.8/site-packages/airflow/example_dags/example_branch_operator_decorator.py took 0.080 seconds
[2026-05-03T00:29:56.477+0000] {processor.py:161} INFO - Started process (PID=3272) to work on /home/airflow/.local/lib/python3.8/site-packages/airflow/example_dags/example_branch_operator_decorator.py
[2026-05-03T00:29:56.478+0000] {processor.py:830} INFO - Processing file /home/airflow/.local/lib/python3.8/site-packages/airflow/example_dags/example_branch_operator_decorator.py for tasks to queue
[2026-05-03T00:29:56.480+0000] {logging_mixin.py:188} INFO - [2026-05-03T00:29:56.479+0000] {dagbag.py:540} INFO - Filling up the DagBag from /home/airflow/.local/lib/python3.8/site-packages/airflow/example_dags/example_branch_operator_decorator.py
[2026-05-03T00:29:56.494+0000] {processor.py:840} INFO - DAG(s) 'example_branch_python_operator_decorator' retrieved from /home/airflow/.local/lib/python3.8/site-packages/airflow/example_dags/example_branch_operator_decorator.py
[2026-05-03T00:29:56.515+0000] {logging_mixin.py:188} INFO - [2026-05-03T00:29:56.515+0000] {dag.py:3047} INFO - Sync 1 DAGs
[2026-05-03T00:29:56.532+0000] {logging_mixin.py:188} INFO - [2026-05-03T00:29:56.532+0000] {dag.py:3834} INFO - Setting next_dagrun for example_branch_python_operator_decorator to 2026-05-02 00:00:00+00:00, run_after=2026-05-03 00:00:00+00:00
[2026-05-03T00:29:56.548+0000] {processor.py:183} INFO - Processing /home/airflow/.local/lib/python3.8/site-packages/airflow/example_dags/example_branch_operator_decorator.py took 0.073 seconds
[2026-05-03T00:30:26.650+0000] {processor.py:161} INFO - Started process (PID=3328) to work on /home/airflow/.local/lib/python3.8/site-packages/airflow/example_dags/example_branch_operator_decorator.py
[2026-05-03T00:30:26.651+0000] {processor.py:830} INFO - Processing file /home/airflow/.local/lib/python3.8/site-packages/airflow/example_dags/example_branch_operator_decorator.py for tasks to queue
[2026-05-03T00:30:26.654+0000] {logging_mixin.py:188} INFO - [2026-05-03T00:30:26.654+0000] {dagbag.py:540} INFO - Filling up the DagBag from /home/airflow/.local/lib/python3.8/site-packages/airflow/example_dags/example_branch_operator_decorator.py
[2026-05-03T00:30:26.669+0000] {processor.py:840} INFO - DAG(s) 'example_branch_python_operator_decorator' retrieved from /home/airflow/.local/lib/python3.8/site-packages/airflow/example_dags/example_branch_operator_decorator.py
[2026-05-03T00:30:26.688+0000] {logging_mixin.py:188} INFO - [2026-05-03T00:30:26.687+0000] {dag.py:3047} INFO - Sync 1 DAGs
[2026-05-03T00:30:26.705+0000] {logging_mixin.py:188} INFO - [2026-05-03T00:30:26.705+0000] {dag.py:3834} INFO - Setting next_dagrun for example_branch_python_operator_decorator to 2026-05-02 00:00:00+00:00, run_after=2026-05-03 00:00:00+00:00
[2026-05-03T00:30:26.721+0000] {processor.py:183} INFO - Processing /home/airflow/.local/lib/python3.8/site-packages/airflow/example_dags/example_branch_operator_decorator.py took 0.074 seconds
[2026-05-03T00:30:56.877+0000] {processor.py:161} INFO - Started process (PID=3383) to work on /home/airflow/.local/lib/python3.8/site-packages/airflow/example_dags/example_branch_operator_decorator.py
[2026-05-03T00:30:56.878+0000] {processor.py:830} INFO - Processing file /home/airflow/.local/lib/python3.8/site-packages/airflow/example_dags/example_branch_operator_decorator.py for tasks to queue
[2026-05-03T00:30:56.880+0000] {logging_mixin.py:188} INFO - [2026-05-03T00:30:56.879+0000] {dagbag.py:540} INFO - Filling up the DagBag from /home/airflow/.local/lib/python3.8/site-packages/airflow/example_dags/example_branch_operator_decorator.py
[2026-05-03T00:30:56.895+0000] {processor.py:840} INFO - DAG(s) 'example_branch_python_operator_decorator' retrieved from /home/airflow/.local/lib/python3.8/site-packages/airflow/example_dags/example_branch_operator_decorator.py
[2026-05-03T00:30:56.914+0000] {logging_mixin.py:188} INFO - [2026-05-03T00:30:56.914+0000] {dag.py:3047} INFO - Sync 1 DAGs
[2026-05-03T00:30:56.930+0000] {logging_mixin.py:188} INFO - [2026-05-03T00:30:56.930+0000] {dag.py:3834} INFO - Setting next_dagrun for example_branch_python_operator_decorator to 2026-05-02 00:00:00+00:00, run_after=2026-05-03 00:00:00+00:00
[2026-05-03T00:30:56.942+0000] {processor.py:183} INFO - Processing /home/airflow/.local/lib/python3.8/site-packages/airflow/example_dags/example_branch_operator_decorator.py took 0.068 seconds
[2026-05-03T00:31:27.669+0000] {processor.py:161} INFO - Started process (PID=3440) to work on /home/airflow/.local/lib/python3.8/site-packages/airflow/example_dags/example_branch_operator_decorator.py
[2026-05-03T00:31:27.674+0000] {processor.py:830} INFO - Processing file /home/airflow/.local/lib/python3.8/site-packages/airflow/example_dags/example_branch_operator_decorator.py for tasks to queue
[2026-05-03T00:31:27.675+0000] {logging_mixin.py:188} INFO - [2026-05-03T00:31:27.675+0000] {dagbag.py:540} INFO - Filling up the DagBag from /home/airflow/.local/lib/python3.8/site-packages/airflow/example_dags/example_branch_operator_decorator.py
[2026-05-03T00:31:27.691+0000] {processor.py:840} INFO - DAG(s) 'example_branch_python_operator_decorator' retrieved from /home/airflow/.local/lib/python3.8/site-packages/airflow/example_dags/example_branch_operator_decorator.py
[2026-05-03T00:31:27.721+0000] {logging_mixin.py:188} INFO - [2026-05-03T00:31:27.721+0000] {dag.py:3047} INFO - Sync 1 DAGs
[2026-05-03T00:31:27.746+0000] {logging_mixin.py:188} INFO - [2026-05-03T00:31:27.746+0000] {dag.py:3834} INFO - Setting next_dagrun for example_branch_python_operator_decorator to 2026-05-02 00:00:00+00:00, run_after=2026-05-03 00:00:00+00:00
[2026-05-03T00:31:27.763+0000] {processor.py:183} INFO - Processing /home/airflow/.local/lib/python3.8/site-packages/airflow/example_dags/example_branch_operator_decorator.py took 0.098 seconds
[2026-05-03T00:31:58.777+0000] {processor.py:161} INFO - Started process (PID=3496) to work on /home/airflow/.local/lib/python3.8/site-packages/airflow/example_dags/example_branch_operator_decorator.py
[2026-05-03T00:31:58.781+0000] {processor.py:830} INFO - Processing file /home/airflow/.local/lib/python3.8/site-packages/airflow/example_dags/example_branch_operator_decorator.py for tasks to queue
[2026-05-03T00:31:58.785+0000] {logging_mixin.py:188} INFO - [2026-05-03T00:31:58.785+0000] {dagbag.py:540} INFO - Filling up the DagBag from /home/airflow/.local/lib/python3.8/site-packages/airflow/example_dags/example_branch_operator_decorator.py
[2026-05-03T00:31:58.804+0000] {processor.py:840} INFO - DAG(s) 'example_branch_python_operator_decorator' retrieved from /home/airflow/.local/lib/python3.8/site-packages/airflow/example_dags/example_branch_operator_decorator.py
[2026-05-03T00:31:58.824+0000] {logging_mixin.py:188} INFO - [2026-05-03T00:31:58.824+0000] {dag.py:3047} INFO - Sync 1 DAGs
[2026-05-03T00:31:58.839+0000] {logging_mixin.py:188} INFO - [2026-05-03T00:31:58.839+0000] {dag.py:3834} INFO - Setting next_dagrun for example_branch_python_operator_decorator to 2026-05-02 00:00:00+00:00, run_after=2026-05-03 00:00:00+00:00
[2026-05-03T00:31:58.852+0000] {processor.py:183} INFO - Processing /home/airflow/.local/lib/python3.8/site-packages/airflow/example_dags/example_branch_operator_decorator.py took 0.078 seconds
[2026-05-03T00:32:29.104+0000] {processor.py:161} INFO - Started process (PID=3552) to work on /home/airflow/.local/lib/python3.8/site-packages/airflow/example_dags/example_branch_operator_decorator.py
[2026-05-03T00:32:29.109+0000] {processor.py:830} INFO - Processing file /home/airflow/.local/lib/python3.8/site-packages/airflow/example_dags/example_branch_operator_decorator.py for tasks to queue
[2026-05-03T00:32:29.114+0000] {logging_mixin.py:188} INFO - [2026-05-03T00:32:29.114+0000] {dagbag.py:540} INFO - Filling up the DagBag from /home/airflow/.local/lib/python3.8/site-packages/airflow/example_dags/example_branch_operator_decorator.py
[2026-05-03T00:32:29.133+0000] {processor.py:840} INFO - DAG(s) 'example_branch_python_operator_decorator' retrieved from /home/airflow/.local/lib/python3.8/site-packages/airflow/example_dags/example_branch_operator_decorator.py
[2026-05-03T00:32:29.158+0000] {logging_mixin.py:188} INFO - [2026-05-03T00:32:29.157+0000] {dag.py:3047} INFO - Sync 1 DAGs
[2026-05-03T00:32:29.183+0000] {logging_mixin.py:188} INFO - [2026-05-03T00:32:29.183+0000] {dag.py:3834} INFO - Setting next_dagrun for example_branch_python_operator_decorator to 2026-05-02 00:00:00+00:00, run_after=2026-05-03 00:00:00+00:00
[2026-05-03T00:32:29.206+0000] {processor.py:183} INFO - Processing /home/airflow/.local/lib/python3.8/site-packages/airflow/example_dags/example_branch_operator_decorator.py took 0.105 seconds
[2026-05-03T00:32:59.265+0000] {processor.py:161} INFO - Started process (PID=3607) to work on /home/airflow/.local/lib/python3.8/site-packages/airflow/example_dags/example_branch_operator_decorator.py
[2026-05-03T00:32:59.266+0000] {processor.py:830} INFO - Processing file /home/airflow/.local/lib/python3.8/site-packages/airflow/example_dags/example_branch_operator_decorator.py for tasks to queue
[2026-05-03T00:32:59.268+0000] {logging_mixin.py:188} INFO - [2026-05-03T00:32:59.268+0000] {dagbag.py:540} INFO - Filling up the DagBag from /home/airflow/.local/lib/python3.8/site-packages/airflow/example_dags/example_branch_operator_decorator.py
[2026-05-03T00:32:59.284+0000] {processor.py:840} INFO - DAG(s) 'example_branch_python_operator_decorator' retrieved from /home/airflow/.local/lib/python3.8/site-packages/airflow/example_dags/example_branch_operator_decorator.py
[2026-05-03T00:32:59.303+0000] {logging_mixin.py:188} INFO - [2026-05-03T00:32:59.303+0000] {dag.py:3047} INFO - Sync 1 DAGs
[2026-05-03T00:32:59.318+0000] {logging_mixin.py:188} INFO - [2026-05-03T00:32:59.317+0000] {dag.py:3834} INFO - Setting next_dagrun for example_branch_python_operator_decorator to 2026-05-02 00:00:00+00:00, run_after=2026-05-03 00:00:00+00:00
[2026-05-03T00:32:59.331+0000] {processor.py:183} INFO - Processing /home/airflow/.local/lib/python3.8/site-packages/airflow/example_dags/example_branch_operator_decorator.py took 0.070 seconds
[2026-05-03T00:33:29.798+0000] {processor.py:161} INFO - Started process (PID=3664) to work on /home/airflow/.local/lib/python3.8/site-packages/airflow/example_dags/example_branch_operator_decorator.py
[2026-05-03T00:33:29.802+0000] {processor.py:830} INFO - Processing file /home/airflow/.local/lib/python3.8/site-packages/airflow/example_dags/example_branch_operator_decorator.py for tasks to queue
[2026-05-03T00:33:29.805+0000] {logging_mixin.py:188} INFO - [2026-05-03T00:33:29.804+0000] {dagbag.py:540} INFO - Filling up the DagBag from /home/airflow/.local/lib/python3.8/site-packages/airflow/example_dags/example_branch_operator_decorator.py
[2026-05-03T00:33:29.821+0000] {processor.py:840} INFO - DAG(s) 'example_branch_python_operator_decorator' retrieved from /home/airflow/.local/lib/python3.8/site-packages/airflow/example_dags/example_branch_operator_decorator.py
[2026-05-03T00:33:29.847+0000] {logging_mixin.py:188} INFO - [2026-05-03T00:33:29.847+0000] {dag.py:3047} INFO - Sync 1 DAGs
[2026-05-03T00:33:29.863+0000] {logging_mixin.py:188} INFO - [2026-05-03T00:33:29.863+0000] {dag.py:3834} INFO - Setting next_dagrun for example_branch_python_operator_decorator to 2026-05-02 00:00:00+00:00, run_after=2026-05-03 00:00:00+00:00
[2026-05-03T00:33:29.902+0000] {processor.py:183} INFO - Processing /home/airflow/.local/lib/python3.8/site-packages/airflow/example_dags/example_branch_operator_decorator.py took 0.106 seconds
[2026-05-03T00:34:00.494+0000] {processor.py:161} INFO - Started process (PID=3720) to work on /home/airflow/.local/lib/python3.8/site-packages/airflow/example_dags/example_branch_operator_decorator.py
[2026-05-03T00:34:00.495+0000] {processor.py:830} INFO - Processing file /home/airflow/.local/lib/python3.8/site-packages/airflow/example_dags/example_branch_operator_decorator.py for tasks to queue
[2026-05-03T00:34:00.497+0000] {logging_mixin.py:188} INFO - [2026-05-03T00:34:00.497+0000] {dagbag.py:540} INFO - Filling up the DagBag from /home/airflow/.local/lib/python3.8/site-packages/airflow/example_dags/example_branch_operator_decorator.py
[2026-05-03T00:34:00.513+0000] {processor.py:840} INFO - DAG(s) 'example_branch_python_operator_decorator' retrieved from /home/airflow/.local/lib/python3.8/site-packages/airflow/example_dags/example_branch_operator_decorator.py
[2026-05-03T00:34:00.530+0000] {logging_mixin.py:188} INFO - [2026-05-03T00:34:00.530+0000] {dag.py:3047} INFO - Sync 1 DAGs
[2026-05-03T00:34:00.545+0000] {logging_mixin.py:188} INFO - [2026-05-03T00:34:00.545+0000] {dag.py:3834} INFO - Setting next_dagrun for example_branch_python_operator_decorator to 2026-05-02 00:00:00+00:00, run_after=2026-05-03 00:00:00+00:00
[2026-05-03T00:34:00.557+0000] {processor.py:183} INFO - Processing /home/airflow/.local/lib/python3.8/site-packages/airflow/example_dags/example_branch_operator_decorator.py took 0.065 seconds
[2026-05-03T00:34:30.685+0000] {processor.py:161} INFO - Started process (PID=3775) to work on /home/airflow/.local/lib/python3.8/site-packages/airflow/example_dags/example_branch_operator_decorator.py
[2026-05-03T00:34:30.687+0000] {processor.py:830} INFO - Processing file /home/airflow/.local/lib/python3.8/site-packages/airflow/example_dags/example_branch_operator_decorator.py for tasks to queue
[2026-05-03T00:34:30.688+0000] {logging_mixin.py:188} INFO - [2026-05-03T00:34:30.688+0000] {dagbag.py:540} INFO - Filling up the DagBag from /home/airflow/.local/lib/python3.8/site-packages/airflow/example_dags/example_branch_operator_decorator.py
[2026-05-03T00:34:30.709+0000] {processor.py:840} INFO - DAG(s) 'example_branch_python_operator_decorator' retrieved from /home/airflow/.local/lib/python3.8/site-packages/airflow/example_dags/example_branch_operator_decorator.py
[2026-05-03T00:34:30.729+0000] {logging_mixin.py:188} INFO - [2026-05-03T00:34:30.729+0000] {dag.py:3047} INFO - Sync 1 DAGs
[2026-05-03T00:34:30.744+0000] {logging_mixin.py:188} INFO - [2026-05-03T00:34:30.744+0000] {dag.py:3834} INFO - Setting next_dagrun for example_branch_python_operator_decorator to 2026-05-02 00:00:00+00:00, run_after=2026-05-03 00:00:00+00:00
[2026-05-03T00:34:30.756+0000] {processor.py:183} INFO - Processing /home/airflow/.local/lib/python3.8/site-packages/airflow/example_dags/example_branch_operator_decorator.py took 0.074 seconds
[2026-05-03T00:35:00.877+0000] {processor.py:161} INFO - Started process (PID=3831) to work on /home/airflow/.local/lib/python3.8/site-packages/airflow/example_dags/example_branch_operator_decorator.py
[2026-05-03T00:35:00.878+0000] {processor.py:830} INFO - Processing file /home/airflow/.local/lib/python3.8/site-packages/airflow/example_dags/example_branch_operator_decorator.py for tasks to queue
[2026-05-03T00:35:00.879+0000] {logging_mixin.py:188} INFO - [2026-05-03T00:35:00.879+0000] {dagbag.py:540} INFO - Filling up the DagBag from /home/airflow/.local/lib/python3.8/site-packages/airflow/example_dags/example_branch_operator_decorator.py
[2026-05-03T00:35:00.898+0000] {processor.py:840} INFO - DAG(s) 'example_branch_python_operator_decorator' retrieved from /home/airflow/.local/lib/python3.8/site-packages/airflow/example_dags/example_branch_operator_decorator.py
[2026-05-03T00:35:00.915+0000] {logging_mixin.py:188} INFO - [2026-05-03T00:35:00.915+0000] {dag.py:3047} INFO - Sync 1 DAGs
[2026-05-03T00:35:00.928+0000] {logging_mixin.py:188} INFO - [2026-05-03T00:35:00.928+0000] {dag.py:3834} INFO - Setting next_dagrun for example_branch_python_operator_decorator to 2026-05-02 00:00:00+00:00, run_after=2026-05-03 00:00:00+00:00
[2026-05-03T00:35:00.940+0000] {processor.py:183} INFO - Processing /home/airflow/.local/lib/python3.8/site-packages/airflow/example_dags/example_branch_operator_decorator.py took 0.066 seconds
[2026-05-03T00:35:31.230+0000] {processor.py:161} INFO - Started process (PID=3888) to work on /home/airflow/.local/lib/python3.8/site-packages/airflow/example_dags/example_branch_operator_decorator.py
[2026-05-03T00:35:31.235+0000] {processor.py:830} INFO - Processing file /home/airflow/.local/lib/python3.8/site-packages/airflow/example_dags/example_branch_operator_decorator.py for tasks to queue
[2026-05-03T00:35:31.239+0000] {logging_mixin.py:188} INFO - [2026-05-03T00:35:31.239+0000] {dagbag.py:540} INFO - Filling up the DagBag from /home/airflow/.local/lib/python3.8/site-packages/airflow/example_dags/example_branch_operator_decorator.py
[2026-05-03T00:35:31.254+0000] {processor.py:840} INFO - DAG(s) 'example_branch_python_operator_decorator' retrieved from /home/airflow/.local/lib/python3.8/site-packages/airflow/example_dags/example_branch_operator_decorator.py
[2026-05-03T00:35:31.273+0000] {logging_mixin.py:188} INFO - [2026-05-03T00:35:31.273+0000] {dag.py:3047} INFO - Sync 1 DAGs
[2026-05-03T00:35:31.288+0000] {logging_mixin.py:188} INFO - [2026-05-03T00:35:31.288+0000] {dag.py:3834} INFO - Setting next_dagrun for example_branch_python_operator_decorator to 2026-05-02 00:00:00+00:00, run_after=2026-05-03 00:00:00+00:00
[2026-05-03T00:35:31.301+0000] {processor.py:183} INFO - Processing /home/airflow/.local/lib/python3.8/site-packages/airflow/example_dags/example_branch_operator_decorator.py took 0.074 seconds
[2026-05-03T00:36:01.686+0000] {processor.py:161} INFO - Started process (PID=3944) to work on /home/airflow/.local/lib/python3.8/site-packages/airflow/example_dags/example_branch_operator_decorator.py
[2026-05-03T00:36:01.691+0000] {processor.py:830} INFO - Processing file /home/airflow/.local/lib/python3.8/site-packages/airflow/example_dags/example_branch_operator_decorator.py for tasks to queue
[2026-05-03T00:36:01.697+0000] {logging_mixin.py:188} INFO - [2026-05-03T00:36:01.696+0000] {dagbag.py:540} INFO - Filling up the DagBag from /home/airflow/.local/lib/python3.8/site-packages/airflow/example_dags/example_branch_operator_decorator.py
[2026-05-03T00:36:01.714+0000] {processor.py:840} INFO - DAG(s) 'example_branch_python_operator_decorator' retrieved from /home/airflow/.local/lib/python3.8/site-packages/airflow/example_dags/example_branch_operator_decorator.py
[2026-05-03T00:36:01.734+0000] {logging_mixin.py:188} INFO - [2026-05-03T00:36:01.733+0000] {dag.py:3047} INFO - Sync 1 DAGs
[2026-05-03T00:36:01.749+0000] {logging_mixin.py:188} INFO - [2026-05-03T00:36:01.749+0000] {dag.py:3834} INFO - Setting next_dagrun for example_branch_python_operator_decorator to 2026-05-02 00:00:00+00:00, run_after=2026-05-03 00:00:00+00:00
[2026-05-03T00:36:01.760+0000] {processor.py:183} INFO - Processing /home/airflow/.local/lib/python3.8/site-packages/airflow/example_dags/example_branch_operator_decorator.py took 0.077 seconds
[2026-05-03T00:36:32.139+0000] {processor.py:161} INFO - Started process (PID=4000) to work on /home/airflow/.local/lib/python3.8/site-packages/airflow/example_dags/example_branch_operator_decorator.py
[2026-05-03T00:36:32.140+0000] {processor.py:830} INFO - Processing file /home/airflow/.local/lib/python3.8/site-packages/airflow/example_dags/example_branch_operator_decorator.py for tasks to queue
[2026-05-03T00:36:32.143+0000] {logging_mixin.py:188} INFO - [2026-05-03T00:36:32.143+0000] {dagbag.py:540} INFO - Filling up the DagBag from /home/airflow/.local/lib/python3.8/site-packages/airflow/example_dags/example_branch_operator_decorator.py
[2026-05-03T00:36:32.158+0000] {processor.py:840} INFO - DAG(s) 'example_branch_python_operator_decorator' retrieved from /home/airflow/.local/lib/python3.8/site-packages/airflow/example_dags/example_branch_operator_decorator.py
[2026-05-03T00:36:32.175+0000] {logging_mixin.py:188} INFO - [2026-05-03T00:36:32.175+0000] {dag.py:3047} INFO - Sync 1 DAGs
[2026-05-03T00:36:32.190+0000] {logging_mixin.py:188} INFO - [2026-05-03T00:36:32.190+0000] {dag.py:3834} INFO - Setting next_dagrun for example_branch_python_operator_decorator to 2026-05-02 00:00:00+00:00, run_after=2026-05-03 00:00:00+00:00
[2026-05-03T00:36:32.201+0000] {processor.py:183} INFO - Processing /home/airflow/.local/lib/python3.8/site-packages/airflow/example_dags/example_branch_operator_decorator.py took 0.065 seconds
[2026-05-03T00:37:02.559+0000] {processor.py:161} INFO - Started process (PID=4056) to work on /home/airflow/.local/lib/python3.8/site-packages/airflow/example_dags/example_branch_operator_decorator.py
[2026-05-03T00:37:02.568+0000] {processor.py:830} INFO - Processing file /home/airflow/.local/lib/python3.8/site-packages/airflow/example_dags/example_branch_operator_decorator.py for tasks to queue
[2026-05-03T00:37:02.569+0000] {logging_mixin.py:188} INFO - [2026-05-03T00:37:02.569+0000] {dagbag.py:540} INFO - Filling up the DagBag from /home/airflow/.local/lib/python3.8/site-packages/airflow/example_dags/example_branch_operator_decorator.py
[2026-05-03T00:37:02.584+0000] {processor.py:840} INFO - DAG(s) 'example_branch_python_operator_decorator' retrieved from /home/airflow/.local/lib/python3.8/site-packages/airflow/example_dags/example_branch_operator_decorator.py
[2026-05-03T00:37:02.602+0000] {logging_mixin.py:188} INFO - [2026-05-03T00:37:02.602+0000] {dag.py:3047} INFO - Sync 1 DAGs
[2026-05-03T00:37:02.617+0000] {logging_mixin.py:188} INFO - [2026-05-03T00:37:02.617+0000] {dag.py:3834} INFO - Setting next_dagrun for example_branch_python_operator_decorator to 2026-05-02 00:00:00+00:00, run_after=2026-05-03 00:00:00+00:00
[2026-05-03T00:37:02.628+0000] {processor.py:183} INFO - Processing /home/airflow/.local/lib/python3.8/site-packages/airflow/example_dags/example_branch_operator_decorator.py took 0.072 seconds
[2026-05-03T00:37:33.148+0000] {processor.py:161} INFO - Started process (PID=4112) to work on /home/airflow/.local/lib/python3.8/site-packages/airflow/example_dags/example_branch_operator_decorator.py
[2026-05-03T00:37:33.156+0000] {processor.py:830} INFO - Processing file /home/airflow/.local/lib/python3.8/site-packages/airflow/example_dags/example_branch_operator_decorator.py for tasks to queue
[2026-05-03T00:37:33.157+0000] {logging_mixin.py:188} INFO - [2026-05-03T00:37:33.157+0000] {dagbag.py:540} INFO - Filling up the DagBag from /home/airflow/.local/lib/python3.8/site-packages/airflow/example_dags/example_branch_operator_decorator.py
[2026-05-03T00:37:33.171+0000] {processor.py:840} INFO - DAG(s) 'example_branch_python_operator_decorator' retrieved from /home/airflow/.local/lib/python3.8/site-packages/airflow/example_dags/example_branch_operator_decorator.py
[2026-05-03T00:37:33.191+0000] {logging_mixin.py:188} INFO - [2026-05-03T00:37:33.191+0000] {dag.py:3047} INFO - Sync 1 DAGs
[2026-05-03T00:37:33.207+0000] {logging_mixin.py:188} INFO - [2026-05-03T00:37:33.207+0000] {dag.py:3834} INFO - Setting next_dagrun for example_branch_python_operator_decorator to 2026-05-02 00:00:00+00:00, run_after=2026-05-03 00:00:00+00:00
[2026-05-03T00:37:33.223+0000] {processor.py:183} INFO - Processing /home/airflow/.local/lib/python3.8/site-packages/airflow/example_dags/example_branch_operator_decorator.py took 0.078 seconds
[2026-05-03T00:38:03.460+0000] {processor.py:161} INFO - Started process (PID=4168) to work on /home/airflow/.local/lib/python3.8/site-packages/airflow/example_dags/example_branch_operator_decorator.py
[2026-05-03T00:38:03.464+0000] {processor.py:830} INFO - Processing file /home/airflow/.local/lib/python3.8/site-packages/airflow/example_dags/example_branch_operator_decorator.py for tasks to queue
[2026-05-03T00:38:03.467+0000] {logging_mixin.py:188} INFO - [2026-05-03T00:38:03.467+0000] {dagbag.py:540} INFO - Filling up the DagBag from /home/airflow/.local/lib/python3.8/site-packages/airflow/example_dags/example_branch_operator_decorator.py
[2026-05-03T00:38:03.483+0000] {processor.py:840} INFO - DAG(s) 'example_branch_python_operator_decorator' retrieved from /home/airflow/.local/lib/python3.8/site-packages/airflow/example_dags/example_branch_operator_decorator.py
[2026-05-03T00:38:03.507+0000] {logging_mixin.py:188} INFO - [2026-05-03T00:38:03.507+0000] {dag.py:3047} INFO - Sync 1 DAGs
[2026-05-03T00:38:03.522+0000] {logging_mixin.py:188} INFO - [2026-05-03T00:38:03.522+0000] {dag.py:3834} INFO - Setting next_dagrun for example_branch_python_operator_decorator to 2026-05-02 00:00:00+00:00, run_after=2026-05-03 00:00:00+00:00
[2026-05-03T00:38:03.535+0000] {processor.py:183} INFO - Processing /home/airflow/.local/lib/python3.8/site-packages/airflow/example_dags/example_branch_operator_decorator.py took 0.077 seconds
[2026-05-03T00:38:34.075+0000] {processor.py:161} INFO - Started process (PID=4224) to work on /home/airflow/.local/lib/python3.8/site-packages/airflow/example_dags/example_branch_operator_decorator.py
[2026-05-03T00:38:34.079+0000] {processor.py:830} INFO - Processing file /home/airflow/.local/lib/python3.8/site-packages/airflow/example_dags/example_branch_operator_decorator.py for tasks to queue
[2026-05-03T00:38:34.080+0000] {logging_mixin.py:188} INFO - [2026-05-03T00:38:34.080+0000] {dagbag.py:540} INFO - Filling up the DagBag from /home/airflow/.local/lib/python3.8/site-packages/airflow/example_dags/example_branch_operator_decorator.py
[2026-05-03T00:38:34.099+0000] {processor.py:840} INFO - DAG(s) 'example_branch_python_operator_decorator' retrieved from /home/airflow/.local/lib/python3.8/site-packages/airflow/example_dags/example_branch_operator_decorator.py
[2026-05-03T00:38:34.118+0000] {logging_mixin.py:188} INFO - [2026-05-03T00:38:34.118+0000] {dag.py:3047} INFO - Sync 1 DAGs
[2026-05-03T00:38:34.134+0000] {logging_mixin.py:188} INFO - [2026-05-03T00:38:34.134+0000] {dag.py:3834} INFO - Setting next_dagrun for example_branch_python_operator_decorator to 2026-05-02 00:00:00+00:00, run_after=2026-05-03 00:00:00+00:00
[2026-05-03T00:38:34.147+0000] {processor.py:183} INFO - Processing /home/airflow/.local/lib/python3.8/site-packages/airflow/example_dags/example_branch_operator_decorator.py took 0.074 seconds
[2026-05-03T00:39:04.368+0000] {processor.py:161} INFO - Started process (PID=4280) to work on /home/airflow/.local/lib/python3.8/site-packages/airflow/example_dags/example_branch_operator_decorator.py
[2026-05-03T00:39:04.377+0000] {processor.py:830} INFO - Processing file /home/airflow/.local/lib/python3.8/site-packages/airflow/example_dags/example_branch_operator_decorator.py for tasks to queue
[2026-05-03T00:39:04.378+0000] {logging_mixin.py:188} INFO - [2026-05-03T00:39:04.378+0000] {dagbag.py:540} INFO - Filling up the DagBag from /home/airflow/.local/lib/python3.8/site-packages/airflow/example_dags/example_branch_operator_decorator.py
[2026-05-03T00:39:04.395+0000] {processor.py:840} INFO - DAG(s) 'example_branch_python_operator_decorator' retrieved from /home/airflow/.local/lib/python3.8/site-packages/airflow/example_dags/example_branch_operator_decorator.py
[2026-05-03T00:39:04.419+0000] {logging_mixin.py:188} INFO - [2026-05-03T00:39:04.419+0000] {dag.py:3047} INFO - Sync 1 DAGs
[2026-05-03T00:39:04.436+0000] {logging_mixin.py:188} INFO - [2026-05-03T00:39:04.436+0000] {dag.py:3834} INFO - Setting next_dagrun for example_branch_python_operator_decorator to 2026-05-02 00:00:00+00:00, run_after=2026-05-03 00:00:00+00:00
[2026-05-03T00:39:04.449+0000] {processor.py:183} INFO - Processing /home/airflow/.local/lib/python3.8/site-packages/airflow/example_dags/example_branch_operator_decorator.py took 0.084 seconds
[2026-05-03T00:39:34.853+0000] {processor.py:161} INFO - Started process (PID=4336) to work on /home/airflow/.local/lib/python3.8/site-packages/airflow/example_dags/example_branch_operator_decorator.py
[2026-05-03T00:39:34.859+0000] {processor.py:830} INFO - Processing file /home/airflow/.local/lib/python3.8/site-packages/airflow/example_dags/example_branch_operator_decorator.py for tasks to queue
[2026-05-03T00:39:34.860+0000] {logging_mixin.py:188} INFO - [2026-05-03T00:39:34.860+0000] {dagbag.py:540} INFO - Filling up the DagBag from /home/airflow/.local/lib/python3.8/site-packages/airflow/example_dags/example_branch_operator_decorator.py
[2026-05-03T00:39:34.878+0000] {processor.py:840} INFO - DAG(s) 'example_branch_python_operator_decorator' retrieved from /home/airflow/.local/lib/python3.8/site-packages/airflow/example_dags/example_branch_operator_decorator.py
[2026-05-03T00:39:34.896+0000] {logging_mixin.py:188} INFO - [2026-05-03T00:39:34.896+0000] {dag.py:3047} INFO - Sync 1 DAGs
[2026-05-03T00:39:34.910+0000] {logging_mixin.py:188} INFO - [2026-05-03T00:39:34.910+0000] {dag.py:3834} INFO - Setting next_dagrun for example_branch_python_operator_decorator to 2026-05-02 00:00:00+00:00, run_after=2026-05-03 00:00:00+00:00
[2026-05-03T00:39:34.922+0000] {processor.py:183} INFO - Processing /home/airflow/.local/lib/python3.8/site-packages/airflow/example_dags/example_branch_operator_decorator.py took 0.071 seconds
