[2026-05-03T00:02:01.357+0000] {processor.py:161} INFO - Started process (PID=2774) to work on /home/airflow/.local/lib/python3.8/site-packages/airflow/example_dags/example_complex.py
[2026-05-03T00:02:01.358+0000] {processor.py:830} INFO - Processing file /home/airflow/.local/lib/python3.8/site-packages/airflow/example_dags/example_complex.py for tasks to queue
[2026-05-03T00:02:01.360+0000] {logging_mixin.py:188} INFO - [2026-05-03T00:02:01.360+0000] {dagbag.py:540} INFO - Filling up the DagBag from /home/airflow/.local/lib/python3.8/site-packages/airflow/example_dags/example_complex.py
[2026-05-03T00:02:01.368+0000] {processor.py:840} INFO - DAG(s) 'example_complex' retrieved from /home/airflow/.local/lib/python3.8/site-packages/airflow/example_dags/example_complex.py
[2026-05-03T00:02:01.395+0000] {logging_mixin.py:188} INFO - [2026-05-03T00:02:01.395+0000] {dag.py:3047} INFO - Sync 1 DAGs
[2026-05-03T00:02:01.407+0000] {logging_mixin.py:188} INFO - [2026-05-03T00:02:01.407+0000] {dag.py:3834} INFO - Setting next_dagrun for example_complex to None, run_after=None
[2026-05-03T00:02:01.423+0000] {processor.py:183} INFO - Processing /home/airflow/.local/lib/python3.8/site-packages/airflow/example_dags/example_complex.py took 0.068 seconds
[2026-05-03T00:11:42.042+0000] {processor.py:161} INFO - Started process (PID=2830) to work on /home/airflow/.local/lib/python3.8/site-packages/airflow/example_dags/example_complex.py
[2026-05-03T00:11:42.043+0000] {processor.py:830} INFO - Processing file /home/airflow/.local/lib/python3.8/site-packages/airflow/example_dags/example_complex.py for tasks to queue
[2026-05-03T00:11:42.045+0000] {logging_mixin.py:188} INFO - [2026-05-03T00:11:42.044+0000] {dagbag.py:540} INFO - Filling up the DagBag from /home/airflow/.local/lib/python3.8/site-packages/airflow/example_dags/example_complex.py
[2026-05-03T00:11:42.052+0000] {processor.py:840} INFO - DAG(s) 'example_complex' retrieved from /home/airflow/.local/lib/python3.8/site-packages/airflow/example_dags/example_complex.py
[2026-05-03T00:11:42.072+0000] {logging_mixin.py:188} INFO - [2026-05-03T00:11:42.072+0000] {dag.py:3047} INFO - Sync 1 DAGs
[2026-05-03T00:11:42.080+0000] {logging_mixin.py:188} INFO - [2026-05-03T00:11:42.080+0000] {dag.py:3834} INFO - Setting next_dagrun for example_complex to None, run_after=None
[2026-05-03T00:11:42.091+0000] {processor.py:183} INFO - Processing /home/airflow/.local/lib/python3.8/site-packages/airflow/example_dags/example_complex.py took 0.051 seconds
[2026-05-03T00:20:53.769+0000] {processor.py:161} INFO - Started process (PID=2886) to work on /home/airflow/.local/lib/python3.8/site-packages/airflow/example_dags/example_complex.py
[2026-05-03T00:20:53.770+0000] {processor.py:830} INFO - Processing file /home/airflow/.local/lib/python3.8/site-packages/airflow/example_dags/example_complex.py for tasks to queue
[2026-05-03T00:20:53.774+0000] {logging_mixin.py:188} INFO - [2026-05-03T00:20:53.774+0000] {dagbag.py:540} INFO - Filling up the DagBag from /home/airflow/.local/lib/python3.8/site-packages/airflow/example_dags/example_complex.py
[2026-05-03T00:20:53.781+0000] {processor.py:840} INFO - DAG(s) 'example_complex' retrieved from /home/airflow/.local/lib/python3.8/site-packages/airflow/example_dags/example_complex.py
[2026-05-03T00:20:53.803+0000] {logging_mixin.py:188} INFO - [2026-05-03T00:20:53.803+0000] {dag.py:3047} INFO - Sync 1 DAGs
[2026-05-03T00:20:53.811+0000] {logging_mixin.py:188} INFO - [2026-05-03T00:20:53.811+0000] {dag.py:3834} INFO - Setting next_dagrun for example_complex to None, run_after=None
[2026-05-03T00:20:53.822+0000] {processor.py:183} INFO - Processing /home/airflow/.local/lib/python3.8/site-packages/airflow/example_dags/example_complex.py took 0.055 seconds
[2026-05-03T00:26:54.024+0000] {processor.py:161} INFO - Started process (PID=2942) to work on /home/airflow/.local/lib/python3.8/site-packages/airflow/example_dags/example_complex.py
[2026-05-03T00:26:54.025+0000] {processor.py:830} INFO - Processing file /home/airflow/.local/lib/python3.8/site-packages/airflow/example_dags/example_complex.py for tasks to queue
[2026-05-03T00:26:54.027+0000] {logging_mixin.py:188} INFO - [2026-05-03T00:26:54.027+0000] {dagbag.py:540} INFO - Filling up the DagBag from /home/airflow/.local/lib/python3.8/site-packages/airflow/example_dags/example_complex.py
[2026-05-03T00:26:54.035+0000] {processor.py:840} INFO - DAG(s) 'example_complex' retrieved from /home/airflow/.local/lib/python3.8/site-packages/airflow/example_dags/example_complex.py
[2026-05-03T00:26:54.057+0000] {logging_mixin.py:188} INFO - [2026-05-03T00:26:54.057+0000] {dag.py:3047} INFO - Sync 1 DAGs
[2026-05-03T00:26:54.066+0000] {logging_mixin.py:188} INFO - [2026-05-03T00:26:54.066+0000] {dag.py:3834} INFO - Setting next_dagrun for example_complex to None, run_after=None
[2026-05-03T00:26:54.078+0000] {processor.py:183} INFO - Processing /home/airflow/.local/lib/python3.8/site-packages/airflow/example_dags/example_complex.py took 0.057 seconds
[2026-05-03T00:27:24.278+0000] {processor.py:161} INFO - Started process (PID=2998) to work on /home/airflow/.local/lib/python3.8/site-packages/airflow/example_dags/example_complex.py
[2026-05-03T00:27:24.279+0000] {processor.py:830} INFO - Processing file /home/airflow/.local/lib/python3.8/site-packages/airflow/example_dags/example_complex.py for tasks to queue
[2026-05-03T00:27:24.280+0000] {logging_mixin.py:188} INFO - [2026-05-03T00:27:24.280+0000] {dagbag.py:540} INFO - Filling up the DagBag from /home/airflow/.local/lib/python3.8/site-packages/airflow/example_dags/example_complex.py
[2026-05-03T00:27:24.288+0000] {processor.py:840} INFO - DAG(s) 'example_complex' retrieved from /home/airflow/.local/lib/python3.8/site-packages/airflow/example_dags/example_complex.py
[2026-05-03T00:27:24.308+0000] {logging_mixin.py:188} INFO - [2026-05-03T00:27:24.308+0000] {dag.py:3047} INFO - Sync 1 DAGs
[2026-05-03T00:27:24.316+0000] {logging_mixin.py:188} INFO - [2026-05-03T00:27:24.316+0000] {dag.py:3834} INFO - Setting next_dagrun for example_complex to None, run_after=None
[2026-05-03T00:27:24.328+0000] {processor.py:183} INFO - Processing /home/airflow/.local/lib/python3.8/site-packages/airflow/example_dags/example_complex.py took 0.052 seconds
[2026-05-03T00:27:55.366+0000] {processor.py:161} INFO - Started process (PID=3054) to work on /home/airflow/.local/lib/python3.8/site-packages/airflow/example_dags/example_complex.py
[2026-05-03T00:27:55.367+0000] {processor.py:830} INFO - Processing file /home/airflow/.local/lib/python3.8/site-packages/airflow/example_dags/example_complex.py for tasks to queue
[2026-05-03T00:27:55.369+0000] {logging_mixin.py:188} INFO - [2026-05-03T00:27:55.369+0000] {dagbag.py:540} INFO - Filling up the DagBag from /home/airflow/.local/lib/python3.8/site-packages/airflow/example_dags/example_complex.py
[2026-05-03T00:27:55.378+0000] {processor.py:840} INFO - DAG(s) 'example_complex' retrieved from /home/airflow/.local/lib/python3.8/site-packages/airflow/example_dags/example_complex.py
[2026-05-03T00:27:55.403+0000] {logging_mixin.py:188} INFO - [2026-05-03T00:27:55.403+0000] {dag.py:3047} INFO - Sync 1 DAGs
[2026-05-03T00:27:55.412+0000] {logging_mixin.py:188} INFO - [2026-05-03T00:27:55.412+0000] {dag.py:3834} INFO - Setting next_dagrun for example_complex to None, run_after=None
[2026-05-03T00:27:55.423+0000] {processor.py:183} INFO - Processing /home/airflow/.local/lib/python3.8/site-packages/airflow/example_dags/example_complex.py took 0.060 seconds
[2026-05-03T00:28:25.727+0000] {processor.py:161} INFO - Started process (PID=3110) to work on /home/airflow/.local/lib/python3.8/site-packages/airflow/example_dags/example_complex.py
[2026-05-03T00:28:25.728+0000] {processor.py:830} INFO - Processing file /home/airflow/.local/lib/python3.8/site-packages/airflow/example_dags/example_complex.py for tasks to queue
[2026-05-03T00:28:25.729+0000] {logging_mixin.py:188} INFO - [2026-05-03T00:28:25.729+0000] {dagbag.py:540} INFO - Filling up the DagBag from /home/airflow/.local/lib/python3.8/site-packages/airflow/example_dags/example_complex.py
[2026-05-03T00:28:25.740+0000] {processor.py:840} INFO - DAG(s) 'example_complex' retrieved from /home/airflow/.local/lib/python3.8/site-packages/airflow/example_dags/example_complex.py
[2026-05-03T00:28:25.771+0000] {logging_mixin.py:188} INFO - [2026-05-03T00:28:25.771+0000] {dag.py:3047} INFO - Sync 1 DAGs
[2026-05-03T00:28:25.785+0000] {logging_mixin.py:188} INFO - [2026-05-03T00:28:25.785+0000] {dag.py:3834} INFO - Setting next_dagrun for example_complex to None, run_after=None
[2026-05-03T00:28:25.802+0000] {processor.py:183} INFO - Processing /home/airflow/.local/lib/python3.8/site-packages/airflow/example_dags/example_complex.py took 0.077 seconds
[2026-05-03T00:28:56.074+0000] {processor.py:161} INFO - Started process (PID=3166) to work on /home/airflow/.local/lib/python3.8/site-packages/airflow/example_dags/example_complex.py
[2026-05-03T00:28:56.077+0000] {processor.py:830} INFO - Processing file /home/airflow/.local/lib/python3.8/site-packages/airflow/example_dags/example_complex.py for tasks to queue
[2026-05-03T00:28:56.079+0000] {logging_mixin.py:188} INFO - [2026-05-03T00:28:56.079+0000] {dagbag.py:540} INFO - Filling up the DagBag from /home/airflow/.local/lib/python3.8/site-packages/airflow/example_dags/example_complex.py
[2026-05-03T00:28:56.086+0000] {processor.py:840} INFO - DAG(s) 'example_complex' retrieved from /home/airflow/.local/lib/python3.8/site-packages/airflow/example_dags/example_complex.py
[2026-05-03T00:28:56.107+0000] {logging_mixin.py:188} INFO - [2026-05-03T00:28:56.107+0000] {dag.py:3047} INFO - Sync 1 DAGs
[2026-05-03T00:28:56.116+0000] {logging_mixin.py:188} INFO - [2026-05-03T00:28:56.116+0000] {dag.py:3834} INFO - Setting next_dagrun for example_complex to None, run_after=None
[2026-05-03T00:28:56.131+0000] {processor.py:183} INFO - Processing /home/airflow/.local/lib/python3.8/site-packages/airflow/example_dags/example_complex.py took 0.060 seconds
[2026-05-03T00:29:26.338+0000] {processor.py:161} INFO - Started process (PID=3222) to work on /home/airflow/.local/lib/python3.8/site-packages/airflow/example_dags/example_complex.py
[2026-05-03T00:29:26.339+0000] {processor.py:830} INFO - Processing file /home/airflow/.local/lib/python3.8/site-packages/airflow/example_dags/example_complex.py for tasks to queue
[2026-05-03T00:29:26.341+0000] {logging_mixin.py:188} INFO - [2026-05-03T00:29:26.340+0000] {dagbag.py:540} INFO - Filling up the DagBag from /home/airflow/.local/lib/python3.8/site-packages/airflow/example_dags/example_complex.py
[2026-05-03T00:29:26.350+0000] {processor.py:840} INFO - DAG(s) 'example_complex' retrieved from /home/airflow/.local/lib/python3.8/site-packages/airflow/example_dags/example_complex.py
[2026-05-03T00:29:26.373+0000] {logging_mixin.py:188} INFO - [2026-05-03T00:29:26.372+0000] {dag.py:3047} INFO - Sync 1 DAGs
[2026-05-03T00:29:26.384+0000] {logging_mixin.py:188} INFO - [2026-05-03T00:29:26.384+0000] {dag.py:3834} INFO - Setting next_dagrun for example_complex to None, run_after=None
[2026-05-03T00:29:26.400+0000] {processor.py:183} INFO - Processing /home/airflow/.local/lib/python3.8/site-packages/airflow/example_dags/example_complex.py took 0.065 seconds
[2026-05-03T00:29:56.708+0000] {processor.py:161} INFO - Started process (PID=3278) to work on /home/airflow/.local/lib/python3.8/site-packages/airflow/example_dags/example_complex.py
[2026-05-03T00:29:56.711+0000] {processor.py:830} INFO - Processing file /home/airflow/.local/lib/python3.8/site-packages/airflow/example_dags/example_complex.py for tasks to queue
[2026-05-03T00:29:56.713+0000] {logging_mixin.py:188} INFO - [2026-05-03T00:29:56.713+0000] {dagbag.py:540} INFO - Filling up the DagBag from /home/airflow/.local/lib/python3.8/site-packages/airflow/example_dags/example_complex.py
[2026-05-03T00:29:56.723+0000] {processor.py:840} INFO - DAG(s) 'example_complex' retrieved from /home/airflow/.local/lib/python3.8/site-packages/airflow/example_dags/example_complex.py
[2026-05-03T00:29:56.748+0000] {logging_mixin.py:188} INFO - [2026-05-03T00:29:56.748+0000] {dag.py:3047} INFO - Sync 1 DAGs
[2026-05-03T00:29:56.757+0000] {logging_mixin.py:188} INFO - [2026-05-03T00:29:56.757+0000] {dag.py:3834} INFO - Setting next_dagrun for example_complex to None, run_after=None
[2026-05-03T00:29:56.774+0000] {processor.py:183} INFO - Processing /home/airflow/.local/lib/python3.8/site-packages/airflow/example_dags/example_complex.py took 0.069 seconds
[2026-05-03T00:30:26.995+0000] {processor.py:161} INFO - Started process (PID=3334) to work on /home/airflow/.local/lib/python3.8/site-packages/airflow/example_dags/example_complex.py
[2026-05-03T00:30:26.995+0000] {processor.py:830} INFO - Processing file /home/airflow/.local/lib/python3.8/site-packages/airflow/example_dags/example_complex.py for tasks to queue
[2026-05-03T00:30:26.996+0000] {logging_mixin.py:188} INFO - [2026-05-03T00:30:26.996+0000] {dagbag.py:540} INFO - Filling up the DagBag from /home/airflow/.local/lib/python3.8/site-packages/airflow/example_dags/example_complex.py
[2026-05-03T00:30:27.004+0000] {processor.py:840} INFO - DAG(s) 'example_complex' retrieved from /home/airflow/.local/lib/python3.8/site-packages/airflow/example_dags/example_complex.py
[2026-05-03T00:30:27.024+0000] {logging_mixin.py:188} INFO - [2026-05-03T00:30:27.024+0000] {dag.py:3047} INFO - Sync 1 DAGs
[2026-05-03T00:30:27.032+0000] {logging_mixin.py:188} INFO - [2026-05-03T00:30:27.032+0000] {dag.py:3834} INFO - Setting next_dagrun for example_complex to None, run_after=None
[2026-05-03T00:30:27.042+0000] {processor.py:183} INFO - Processing /home/airflow/.local/lib/python3.8/site-packages/airflow/example_dags/example_complex.py took 0.049 seconds
[2026-05-03T00:30:57.221+0000] {processor.py:161} INFO - Started process (PID=3390) to work on /home/airflow/.local/lib/python3.8/site-packages/airflow/example_dags/example_complex.py
[2026-05-03T00:30:57.222+0000] {processor.py:830} INFO - Processing file /home/airflow/.local/lib/python3.8/site-packages/airflow/example_dags/example_complex.py for tasks to queue
[2026-05-03T00:30:57.224+0000] {logging_mixin.py:188} INFO - [2026-05-03T00:30:57.224+0000] {dagbag.py:540} INFO - Filling up the DagBag from /home/airflow/.local/lib/python3.8/site-packages/airflow/example_dags/example_complex.py
[2026-05-03T00:30:57.232+0000] {processor.py:840} INFO - DAG(s) 'example_complex' retrieved from /home/airflow/.local/lib/python3.8/site-packages/airflow/example_dags/example_complex.py
[2026-05-03T00:30:57.259+0000] {logging_mixin.py:188} INFO - [2026-05-03T00:30:57.259+0000] {dag.py:3047} INFO - Sync 1 DAGs
[2026-05-03T00:30:57.267+0000] {logging_mixin.py:188} INFO - [2026-05-03T00:30:57.267+0000] {dag.py:3834} INFO - Setting next_dagrun for example_complex to None, run_after=None
[2026-05-03T00:30:57.279+0000] {processor.py:183} INFO - Processing /home/airflow/.local/lib/python3.8/site-packages/airflow/example_dags/example_complex.py took 0.061 seconds
[2026-05-03T00:31:28.034+0000] {processor.py:161} INFO - Started process (PID=3446) to work on /home/airflow/.local/lib/python3.8/site-packages/airflow/example_dags/example_complex.py
[2026-05-03T00:31:28.036+0000] {processor.py:830} INFO - Processing file /home/airflow/.local/lib/python3.8/site-packages/airflow/example_dags/example_complex.py for tasks to queue
[2026-05-03T00:31:28.039+0000] {logging_mixin.py:188} INFO - [2026-05-03T00:31:28.039+0000] {dagbag.py:540} INFO - Filling up the DagBag from /home/airflow/.local/lib/python3.8/site-packages/airflow/example_dags/example_complex.py
[2026-05-03T00:31:28.068+0000] {processor.py:840} INFO - DAG(s) 'example_complex' retrieved from /home/airflow/.local/lib/python3.8/site-packages/airflow/example_dags/example_complex.py
[2026-05-03T00:31:28.135+0000] {logging_mixin.py:188} INFO - [2026-05-03T00:31:28.134+0000] {dag.py:3047} INFO - Sync 1 DAGs
[2026-05-03T00:31:28.150+0000] {logging_mixin.py:188} INFO - [2026-05-03T00:31:28.150+0000] {dag.py:3834} INFO - Setting next_dagrun for example_complex to None, run_after=None
[2026-05-03T00:31:28.188+0000] {processor.py:183} INFO - Processing /home/airflow/.local/lib/python3.8/site-packages/airflow/example_dags/example_complex.py took 0.158 seconds
[2026-05-03T00:31:59.132+0000] {processor.py:161} INFO - Started process (PID=3502) to work on /home/airflow/.local/lib/python3.8/site-packages/airflow/example_dags/example_complex.py
[2026-05-03T00:31:59.136+0000] {processor.py:830} INFO - Processing file /home/airflow/.local/lib/python3.8/site-packages/airflow/example_dags/example_complex.py for tasks to queue
[2026-05-03T00:31:59.137+0000] {logging_mixin.py:188} INFO - [2026-05-03T00:31:59.137+0000] {dagbag.py:540} INFO - Filling up the DagBag from /home/airflow/.local/lib/python3.8/site-packages/airflow/example_dags/example_complex.py
[2026-05-03T00:31:59.145+0000] {processor.py:840} INFO - DAG(s) 'example_complex' retrieved from /home/airflow/.local/lib/python3.8/site-packages/airflow/example_dags/example_complex.py
[2026-05-03T00:31:59.170+0000] {logging_mixin.py:188} INFO - [2026-05-03T00:31:59.170+0000] {dag.py:3047} INFO - Sync 1 DAGs
[2026-05-03T00:31:59.179+0000] {logging_mixin.py:188} INFO - [2026-05-03T00:31:59.179+0000] {dag.py:3834} INFO - Setting next_dagrun for example_complex to None, run_after=None
[2026-05-03T00:31:59.192+0000] {processor.py:183} INFO - Processing /home/airflow/.local/lib/python3.8/site-packages/airflow/example_dags/example_complex.py took 0.063 seconds
[2026-05-03T00:32:29.441+0000] {processor.py:161} INFO - Started process (PID=3558) to work on /home/airflow/.local/lib/python3.8/site-packages/airflow/example_dags/example_complex.py
[2026-05-03T00:32:29.442+0000] {processor.py:830} INFO - Processing file /home/airflow/.local/lib/python3.8/site-packages/airflow/example_dags/example_complex.py for tasks to queue
[2026-05-03T00:32:29.443+0000] {logging_mixin.py:188} INFO - [2026-05-03T00:32:29.443+0000] {dagbag.py:540} INFO - Filling up the DagBag from /home/airflow/.local/lib/python3.8/site-packages/airflow/example_dags/example_complex.py
[2026-05-03T00:32:29.451+0000] {processor.py:840} INFO - DAG(s) 'example_complex' retrieved from /home/airflow/.local/lib/python3.8/site-packages/airflow/example_dags/example_complex.py
[2026-05-03T00:32:29.484+0000] {logging_mixin.py:188} INFO - [2026-05-03T00:32:29.484+0000] {dag.py:3047} INFO - Sync 1 DAGs
[2026-05-03T00:32:29.495+0000] {logging_mixin.py:188} INFO - [2026-05-03T00:32:29.495+0000] {dag.py:3834} INFO - Setting next_dagrun for example_complex to None, run_after=None
[2026-05-03T00:32:29.510+0000] {processor.py:183} INFO - Processing /home/airflow/.local/lib/python3.8/site-packages/airflow/example_dags/example_complex.py took 0.072 seconds
[2026-05-03T00:32:59.607+0000] {processor.py:161} INFO - Started process (PID=3614) to work on /home/airflow/.local/lib/python3.8/site-packages/airflow/example_dags/example_complex.py
[2026-05-03T00:32:59.608+0000] {processor.py:830} INFO - Processing file /home/airflow/.local/lib/python3.8/site-packages/airflow/example_dags/example_complex.py for tasks to queue
[2026-05-03T00:32:59.610+0000] {logging_mixin.py:188} INFO - [2026-05-03T00:32:59.610+0000] {dagbag.py:540} INFO - Filling up the DagBag from /home/airflow/.local/lib/python3.8/site-packages/airflow/example_dags/example_complex.py
[2026-05-03T00:32:59.618+0000] {processor.py:840} INFO - DAG(s) 'example_complex' retrieved from /home/airflow/.local/lib/python3.8/site-packages/airflow/example_dags/example_complex.py
[2026-05-03T00:32:59.642+0000] {logging_mixin.py:188} INFO - [2026-05-03T00:32:59.642+0000] {dag.py:3047} INFO - Sync 1 DAGs
[2026-05-03T00:32:59.650+0000] {logging_mixin.py:188} INFO - [2026-05-03T00:32:59.650+0000] {dag.py:3834} INFO - Setting next_dagrun for example_complex to None, run_after=None
[2026-05-03T00:32:59.665+0000] {processor.py:183} INFO - Processing /home/airflow/.local/lib/python3.8/site-packages/airflow/example_dags/example_complex.py took 0.060 seconds
[2026-05-03T00:33:30.189+0000] {processor.py:161} INFO - Started process (PID=3670) to work on /home/airflow/.local/lib/python3.8/site-packages/airflow/example_dags/example_complex.py
[2026-05-03T00:33:30.190+0000] {processor.py:830} INFO - Processing file /home/airflow/.local/lib/python3.8/site-packages/airflow/example_dags/example_complex.py for tasks to queue
[2026-05-03T00:33:30.192+0000] {logging_mixin.py:188} INFO - [2026-05-03T00:33:30.191+0000] {dagbag.py:540} INFO - Filling up the DagBag from /home/airflow/.local/lib/python3.8/site-packages/airflow/example_dags/example_complex.py
[2026-05-03T00:33:30.199+0000] {processor.py:840} INFO - DAG(s) 'example_complex' retrieved from /home/airflow/.local/lib/python3.8/site-packages/airflow/example_dags/example_complex.py
[2026-05-03T00:33:30.221+0000] {logging_mixin.py:188} INFO - [2026-05-03T00:33:30.221+0000] {dag.py:3047} INFO - Sync 1 DAGs
[2026-05-03T00:33:30.232+0000] {logging_mixin.py:188} INFO - [2026-05-03T00:33:30.232+0000] {dag.py:3834} INFO - Setting next_dagrun for example_complex to None, run_after=None
[2026-05-03T00:33:30.248+0000] {processor.py:183} INFO - Processing /home/airflow/.local/lib/python3.8/site-packages/airflow/example_dags/example_complex.py took 0.061 seconds
[2026-05-03T00:34:00.813+0000] {processor.py:161} INFO - Started process (PID=3726) to work on /home/airflow/.local/lib/python3.8/site-packages/airflow/example_dags/example_complex.py
[2026-05-03T00:34:00.815+0000] {processor.py:830} INFO - Processing file /home/airflow/.local/lib/python3.8/site-packages/airflow/example_dags/example_complex.py for tasks to queue
[2026-05-03T00:34:00.817+0000] {logging_mixin.py:188} INFO - [2026-05-03T00:34:00.816+0000] {dagbag.py:540} INFO - Filling up the DagBag from /home/airflow/.local/lib/python3.8/site-packages/airflow/example_dags/example_complex.py
[2026-05-03T00:34:00.825+0000] {processor.py:840} INFO - DAG(s) 'example_complex' retrieved from /home/airflow/.local/lib/python3.8/site-packages/airflow/example_dags/example_complex.py
[2026-05-03T00:34:00.846+0000] {logging_mixin.py:188} INFO - [2026-05-03T00:34:00.846+0000] {dag.py:3047} INFO - Sync 1 DAGs
[2026-05-03T00:34:00.856+0000] {logging_mixin.py:188} INFO - [2026-05-03T00:34:00.856+0000] {dag.py:3834} INFO - Setting next_dagrun for example_complex to None, run_after=None
[2026-05-03T00:34:00.869+0000] {processor.py:183} INFO - Processing /home/airflow/.local/lib/python3.8/site-packages/airflow/example_dags/example_complex.py took 0.058 seconds
[2026-05-03T00:34:31.003+0000] {processor.py:161} INFO - Started process (PID=3782) to work on /home/airflow/.local/lib/python3.8/site-packages/airflow/example_dags/example_complex.py
[2026-05-03T00:34:31.004+0000] {processor.py:830} INFO - Processing file /home/airflow/.local/lib/python3.8/site-packages/airflow/example_dags/example_complex.py for tasks to queue
[2026-05-03T00:34:31.005+0000] {logging_mixin.py:188} INFO - [2026-05-03T00:34:31.005+0000] {dagbag.py:540} INFO - Filling up the DagBag from /home/airflow/.local/lib/python3.8/site-packages/airflow/example_dags/example_complex.py
[2026-05-03T00:34:31.013+0000] {processor.py:840} INFO - DAG(s) 'example_complex' retrieved from /home/airflow/.local/lib/python3.8/site-packages/airflow/example_dags/example_complex.py
[2026-05-03T00:34:31.035+0000] {logging_mixin.py:188} INFO - [2026-05-03T00:34:31.035+0000] {dag.py:3047} INFO - Sync 1 DAGs
[2026-05-03T00:34:31.044+0000] {logging_mixin.py:188} INFO - [2026-05-03T00:34:31.044+0000] {dag.py:3834} INFO - Setting next_dagrun for example_complex to None, run_after=None
[2026-05-03T00:34:31.060+0000] {processor.py:183} INFO - Processing /home/airflow/.local/lib/python3.8/site-packages/airflow/example_dags/example_complex.py took 0.059 seconds
[2026-05-03T00:35:01.182+0000] {processor.py:161} INFO - Started process (PID=3838) to work on /home/airflow/.local/lib/python3.8/site-packages/airflow/example_dags/example_complex.py
[2026-05-03T00:35:01.184+0000] {processor.py:830} INFO - Processing file /home/airflow/.local/lib/python3.8/site-packages/airflow/example_dags/example_complex.py for tasks to queue
[2026-05-03T00:35:01.185+0000] {logging_mixin.py:188} INFO - [2026-05-03T00:35:01.185+0000] {dagbag.py:540} INFO - Filling up the DagBag from /home/airflow/.local/lib/python3.8/site-packages/airflow/example_dags/example_complex.py
[2026-05-03T00:35:01.193+0000] {processor.py:840} INFO - DAG(s) 'example_complex' retrieved from /home/airflow/.local/lib/python3.8/site-packages/airflow/example_dags/example_complex.py
[2026-05-03T00:35:01.216+0000] {logging_mixin.py:188} INFO - [2026-05-03T00:35:01.216+0000] {dag.py:3047} INFO - Sync 1 DAGs
[2026-05-03T00:35:01.223+0000] {logging_mixin.py:188} INFO - [2026-05-03T00:35:01.223+0000] {dag.py:3834} INFO - Setting next_dagrun for example_complex to None, run_after=None
[2026-05-03T00:35:01.235+0000] {processor.py:183} INFO - Processing /home/airflow/.local/lib/python3.8/site-packages/airflow/example_dags/example_complex.py took 0.055 seconds
[2026-05-03T00:35:31.548+0000] {processor.py:161} INFO - Started process (PID=3894) to work on /home/airflow/.local/lib/python3.8/site-packages/airflow/example_dags/example_complex.py
[2026-05-03T00:35:31.549+0000] {processor.py:830} INFO - Processing file /home/airflow/.local/lib/python3.8/site-packages/airflow/example_dags/example_complex.py for tasks to queue
[2026-05-03T00:35:31.551+0000] {logging_mixin.py:188} INFO - [2026-05-03T00:35:31.551+0000] {dagbag.py:540} INFO - Filling up the DagBag from /home/airflow/.local/lib/python3.8/site-packages/airflow/example_dags/example_complex.py
[2026-05-03T00:35:31.560+0000] {processor.py:840} INFO - DAG(s) 'example_complex' retrieved from /home/airflow/.local/lib/python3.8/site-packages/airflow/example_dags/example_complex.py
[2026-05-03T00:35:31.589+0000] {logging_mixin.py:188} INFO - [2026-05-03T00:35:31.589+0000] {dag.py:3047} INFO - Sync 1 DAGs
[2026-05-03T00:35:31.597+0000] {logging_mixin.py:188} INFO - [2026-05-03T00:35:31.597+0000] {dag.py:3834} INFO - Setting next_dagrun for example_complex to None, run_after=None
[2026-05-03T00:35:31.608+0000] {processor.py:183} INFO - Processing /home/airflow/.local/lib/python3.8/site-packages/airflow/example_dags/example_complex.py took 0.064 seconds
[2026-05-03T00:36:02.017+0000] {processor.py:161} INFO - Started process (PID=3950) to work on /home/airflow/.local/lib/python3.8/site-packages/airflow/example_dags/example_complex.py
[2026-05-03T00:36:02.018+0000] {processor.py:830} INFO - Processing file /home/airflow/.local/lib/python3.8/site-packages/airflow/example_dags/example_complex.py for tasks to queue
[2026-05-03T00:36:02.020+0000] {logging_mixin.py:188} INFO - [2026-05-03T00:36:02.019+0000] {dagbag.py:540} INFO - Filling up the DagBag from /home/airflow/.local/lib/python3.8/site-packages/airflow/example_dags/example_complex.py
[2026-05-03T00:36:02.027+0000] {processor.py:840} INFO - DAG(s) 'example_complex' retrieved from /home/airflow/.local/lib/python3.8/site-packages/airflow/example_dags/example_complex.py
[2026-05-03T00:36:02.048+0000] {logging_mixin.py:188} INFO - [2026-05-03T00:36:02.048+0000] {dag.py:3047} INFO - Sync 1 DAGs
[2026-05-03T00:36:02.056+0000] {logging_mixin.py:188} INFO - [2026-05-03T00:36:02.056+0000] {dag.py:3834} INFO - Setting next_dagrun for example_complex to None, run_after=None
[2026-05-03T00:36:02.072+0000] {processor.py:183} INFO - Processing /home/airflow/.local/lib/python3.8/site-packages/airflow/example_dags/example_complex.py took 0.057 seconds
[2026-05-03T00:36:32.435+0000] {processor.py:161} INFO - Started process (PID=4006) to work on /home/airflow/.local/lib/python3.8/site-packages/airflow/example_dags/example_complex.py
[2026-05-03T00:36:32.437+0000] {processor.py:830} INFO - Processing file /home/airflow/.local/lib/python3.8/site-packages/airflow/example_dags/example_complex.py for tasks to queue
[2026-05-03T00:36:32.438+0000] {logging_mixin.py:188} INFO - [2026-05-03T00:36:32.438+0000] {dagbag.py:540} INFO - Filling up the DagBag from /home/airflow/.local/lib/python3.8/site-packages/airflow/example_dags/example_complex.py
[2026-05-03T00:36:32.446+0000] {processor.py:840} INFO - DAG(s) 'example_complex' retrieved from /home/airflow/.local/lib/python3.8/site-packages/airflow/example_dags/example_complex.py
[2026-05-03T00:36:32.471+0000] {logging_mixin.py:188} INFO - [2026-05-03T00:36:32.471+0000] {dag.py:3047} INFO - Sync 1 DAGs
[2026-05-03T00:36:32.479+0000] {logging_mixin.py:188} INFO - [2026-05-03T00:36:32.479+0000] {dag.py:3834} INFO - Setting next_dagrun for example_complex to None, run_after=None
[2026-05-03T00:36:32.494+0000] {processor.py:183} INFO - Processing /home/airflow/.local/lib/python3.8/site-packages/airflow/example_dags/example_complex.py took 0.061 seconds
[2026-05-03T00:37:02.940+0000] {processor.py:161} INFO - Started process (PID=4062) to work on /home/airflow/.local/lib/python3.8/site-packages/airflow/example_dags/example_complex.py
[2026-05-03T00:37:02.941+0000] {processor.py:830} INFO - Processing file /home/airflow/.local/lib/python3.8/site-packages/airflow/example_dags/example_complex.py for tasks to queue
[2026-05-03T00:37:02.944+0000] {logging_mixin.py:188} INFO - [2026-05-03T00:37:02.943+0000] {dagbag.py:540} INFO - Filling up the DagBag from /home/airflow/.local/lib/python3.8/site-packages/airflow/example_dags/example_complex.py
[2026-05-03T00:37:02.956+0000] {processor.py:840} INFO - DAG(s) 'example_complex' retrieved from /home/airflow/.local/lib/python3.8/site-packages/airflow/example_dags/example_complex.py
[2026-05-03T00:37:02.979+0000] {logging_mixin.py:188} INFO - [2026-05-03T00:37:02.979+0000] {dag.py:3047} INFO - Sync 1 DAGs
[2026-05-03T00:37:02.989+0000] {logging_mixin.py:188} INFO - [2026-05-03T00:37:02.989+0000] {dag.py:3834} INFO - Setting next_dagrun for example_complex to None, run_after=None
[2026-05-03T00:37:03.000+0000] {processor.py:183} INFO - Processing /home/airflow/.local/lib/python3.8/site-packages/airflow/example_dags/example_complex.py took 0.062 seconds
[2026-05-03T00:37:33.491+0000] {processor.py:161} INFO - Started process (PID=4118) to work on /home/airflow/.local/lib/python3.8/site-packages/airflow/example_dags/example_complex.py
[2026-05-03T00:37:33.493+0000] {processor.py:830} INFO - Processing file /home/airflow/.local/lib/python3.8/site-packages/airflow/example_dags/example_complex.py for tasks to queue
[2026-05-03T00:37:33.495+0000] {logging_mixin.py:188} INFO - [2026-05-03T00:37:33.495+0000] {dagbag.py:540} INFO - Filling up the DagBag from /home/airflow/.local/lib/python3.8/site-packages/airflow/example_dags/example_complex.py
[2026-05-03T00:37:33.506+0000] {processor.py:840} INFO - DAG(s) 'example_complex' retrieved from /home/airflow/.local/lib/python3.8/site-packages/airflow/example_dags/example_complex.py
[2026-05-03T00:37:33.532+0000] {logging_mixin.py:188} INFO - [2026-05-03T00:37:33.532+0000] {dag.py:3047} INFO - Sync 1 DAGs
[2026-05-03T00:37:33.540+0000] {logging_mixin.py:188} INFO - [2026-05-03T00:37:33.540+0000] {dag.py:3834} INFO - Setting next_dagrun for example_complex to None, run_after=None
[2026-05-03T00:37:33.556+0000] {processor.py:183} INFO - Processing /home/airflow/.local/lib/python3.8/site-packages/airflow/example_dags/example_complex.py took 0.067 seconds
[2026-05-03T00:38:03.809+0000] {processor.py:161} INFO - Started process (PID=4174) to work on /home/airflow/.local/lib/python3.8/site-packages/airflow/example_dags/example_complex.py
[2026-05-03T00:38:03.810+0000] {processor.py:830} INFO - Processing file /home/airflow/.local/lib/python3.8/site-packages/airflow/example_dags/example_complex.py for tasks to queue
[2026-05-03T00:38:03.811+0000] {logging_mixin.py:188} INFO - [2026-05-03T00:38:03.811+0000] {dagbag.py:540} INFO - Filling up the DagBag from /home/airflow/.local/lib/python3.8/site-packages/airflow/example_dags/example_complex.py
[2026-05-03T00:38:03.827+0000] {processor.py:840} INFO - DAG(s) 'example_complex' retrieved from /home/airflow/.local/lib/python3.8/site-packages/airflow/example_dags/example_complex.py
[2026-05-03T00:38:03.868+0000] {logging_mixin.py:188} INFO - [2026-05-03T00:38:03.868+0000] {dag.py:3047} INFO - Sync 1 DAGs
[2026-05-03T00:38:03.877+0000] {logging_mixin.py:188} INFO - [2026-05-03T00:38:03.877+0000] {dag.py:3834} INFO - Setting next_dagrun for example_complex to None, run_after=None
[2026-05-03T00:38:03.889+0000] {processor.py:183} INFO - Processing /home/airflow/.local/lib/python3.8/site-packages/airflow/example_dags/example_complex.py took 0.084 seconds
[2026-05-03T00:38:34.401+0000] {processor.py:161} INFO - Started process (PID=4230) to work on /home/airflow/.local/lib/python3.8/site-packages/airflow/example_dags/example_complex.py
[2026-05-03T00:38:34.403+0000] {processor.py:830} INFO - Processing file /home/airflow/.local/lib/python3.8/site-packages/airflow/example_dags/example_complex.py for tasks to queue
[2026-05-03T00:38:34.405+0000] {logging_mixin.py:188} INFO - [2026-05-03T00:38:34.405+0000] {dagbag.py:540} INFO - Filling up the DagBag from /home/airflow/.local/lib/python3.8/site-packages/airflow/example_dags/example_complex.py
[2026-05-03T00:38:34.416+0000] {processor.py:840} INFO - DAG(s) 'example_complex' retrieved from /home/airflow/.local/lib/python3.8/site-packages/airflow/example_dags/example_complex.py
[2026-05-03T00:38:34.437+0000] {logging_mixin.py:188} INFO - [2026-05-03T00:38:34.437+0000] {dag.py:3047} INFO - Sync 1 DAGs
[2026-05-03T00:38:34.447+0000] {logging_mixin.py:188} INFO - [2026-05-03T00:38:34.447+0000] {dag.py:3834} INFO - Setting next_dagrun for example_complex to None, run_after=None
[2026-05-03T00:38:34.459+0000] {processor.py:183} INFO - Processing /home/airflow/.local/lib/python3.8/site-packages/airflow/example_dags/example_complex.py took 0.061 seconds
[2026-05-03T00:39:04.693+0000] {processor.py:161} INFO - Started process (PID=4286) to work on /home/airflow/.local/lib/python3.8/site-packages/airflow/example_dags/example_complex.py
[2026-05-03T00:39:04.694+0000] {processor.py:830} INFO - Processing file /home/airflow/.local/lib/python3.8/site-packages/airflow/example_dags/example_complex.py for tasks to queue
[2026-05-03T00:39:04.698+0000] {logging_mixin.py:188} INFO - [2026-05-03T00:39:04.698+0000] {dagbag.py:540} INFO - Filling up the DagBag from /home/airflow/.local/lib/python3.8/site-packages/airflow/example_dags/example_complex.py
[2026-05-03T00:39:04.706+0000] {processor.py:840} INFO - DAG(s) 'example_complex' retrieved from /home/airflow/.local/lib/python3.8/site-packages/airflow/example_dags/example_complex.py
[2026-05-03T00:39:04.731+0000] {logging_mixin.py:188} INFO - [2026-05-03T00:39:04.731+0000] {dag.py:3047} INFO - Sync 1 DAGs
[2026-05-03T00:39:04.742+0000] {logging_mixin.py:188} INFO - [2026-05-03T00:39:04.742+0000] {dag.py:3834} INFO - Setting next_dagrun for example_complex to None, run_after=None
[2026-05-03T00:39:04.754+0000] {processor.py:183} INFO - Processing /home/airflow/.local/lib/python3.8/site-packages/airflow/example_dags/example_complex.py took 0.063 seconds
[2026-05-03T00:39:35.200+0000] {processor.py:161} INFO - Started process (PID=4342) to work on /home/airflow/.local/lib/python3.8/site-packages/airflow/example_dags/example_complex.py
[2026-05-03T00:39:35.201+0000] {processor.py:830} INFO - Processing file /home/airflow/.local/lib/python3.8/site-packages/airflow/example_dags/example_complex.py for tasks to queue
[2026-05-03T00:39:35.203+0000] {logging_mixin.py:188} INFO - [2026-05-03T00:39:35.202+0000] {dagbag.py:540} INFO - Filling up the DagBag from /home/airflow/.local/lib/python3.8/site-packages/airflow/example_dags/example_complex.py
[2026-05-03T00:39:35.211+0000] {processor.py:840} INFO - DAG(s) 'example_complex' retrieved from /home/airflow/.local/lib/python3.8/site-packages/airflow/example_dags/example_complex.py
[2026-05-03T00:39:35.231+0000] {logging_mixin.py:188} INFO - [2026-05-03T00:39:35.230+0000] {dag.py:3047} INFO - Sync 1 DAGs
[2026-05-03T00:39:35.239+0000] {logging_mixin.py:188} INFO - [2026-05-03T00:39:35.239+0000] {dag.py:3834} INFO - Setting next_dagrun for example_complex to None, run_after=None
[2026-05-03T00:39:35.254+0000] {processor.py:183} INFO - Processing /home/airflow/.local/lib/python3.8/site-packages/airflow/example_dags/example_complex.py took 0.057 seconds
