[2026-05-03T00:02:01.618+0000] {processor.py:161} INFO - Started process (PID=2779) to work on /home/airflow/.local/lib/python3.8/site-packages/airflow/example_dags/example_python_operator.py
[2026-05-03T00:02:01.619+0000] {processor.py:830} INFO - Processing file /home/airflow/.local/lib/python3.8/site-packages/airflow/example_dags/example_python_operator.py for tasks to queue
[2026-05-03T00:02:01.621+0000] {logging_mixin.py:188} INFO - [2026-05-03T00:02:01.621+0000] {dagbag.py:540} INFO - Filling up the DagBag from /home/airflow/.local/lib/python3.8/site-packages/airflow/example_dags/example_python_operator.py
[2026-05-03T00:02:01.635+0000] {processor.py:840} INFO - DAG(s) 'example_python_operator' retrieved from /home/airflow/.local/lib/python3.8/site-packages/airflow/example_dags/example_python_operator.py
[2026-05-03T00:02:01.658+0000] {logging_mixin.py:188} INFO - [2026-05-03T00:02:01.657+0000] {dag.py:3047} INFO - Sync 1 DAGs
[2026-05-03T00:02:01.668+0000] {logging_mixin.py:188} INFO - [2026-05-03T00:02:01.668+0000] {dag.py:3834} INFO - Setting next_dagrun for example_python_operator to None, run_after=None
[2026-05-03T00:02:01.683+0000] {processor.py:183} INFO - Processing /home/airflow/.local/lib/python3.8/site-packages/airflow/example_dags/example_python_operator.py took 0.069 seconds
[2026-05-03T00:11:42.222+0000] {processor.py:161} INFO - Started process (PID=2835) to work on /home/airflow/.local/lib/python3.8/site-packages/airflow/example_dags/example_python_operator.py
[2026-05-03T00:11:42.223+0000] {processor.py:830} INFO - Processing file /home/airflow/.local/lib/python3.8/site-packages/airflow/example_dags/example_python_operator.py for tasks to queue
[2026-05-03T00:11:42.228+0000] {logging_mixin.py:188} INFO - [2026-05-03T00:11:42.228+0000] {dagbag.py:540} INFO - Filling up the DagBag from /home/airflow/.local/lib/python3.8/site-packages/airflow/example_dags/example_python_operator.py
[2026-05-03T00:11:42.238+0000] {processor.py:840} INFO - DAG(s) 'example_python_operator' retrieved from /home/airflow/.local/lib/python3.8/site-packages/airflow/example_dags/example_python_operator.py
[2026-05-03T00:11:42.256+0000] {logging_mixin.py:188} INFO - [2026-05-03T00:11:42.255+0000] {dag.py:3047} INFO - Sync 1 DAGs
[2026-05-03T00:11:42.265+0000] {logging_mixin.py:188} INFO - [2026-05-03T00:11:42.265+0000] {dag.py:3834} INFO - Setting next_dagrun for example_python_operator to None, run_after=None
[2026-05-03T00:11:42.277+0000] {processor.py:183} INFO - Processing /home/airflow/.local/lib/python3.8/site-packages/airflow/example_dags/example_python_operator.py took 0.058 seconds
[2026-05-03T00:20:53.937+0000] {processor.py:161} INFO - Started process (PID=2891) to work on /home/airflow/.local/lib/python3.8/site-packages/airflow/example_dags/example_python_operator.py
[2026-05-03T00:20:53.938+0000] {processor.py:830} INFO - Processing file /home/airflow/.local/lib/python3.8/site-packages/airflow/example_dags/example_python_operator.py for tasks to queue
[2026-05-03T00:20:53.939+0000] {logging_mixin.py:188} INFO - [2026-05-03T00:20:53.939+0000] {dagbag.py:540} INFO - Filling up the DagBag from /home/airflow/.local/lib/python3.8/site-packages/airflow/example_dags/example_python_operator.py
[2026-05-03T00:20:53.948+0000] {processor.py:840} INFO - DAG(s) 'example_python_operator' retrieved from /home/airflow/.local/lib/python3.8/site-packages/airflow/example_dags/example_python_operator.py
[2026-05-03T00:20:53.963+0000] {logging_mixin.py:188} INFO - [2026-05-03T00:20:53.963+0000] {dag.py:3047} INFO - Sync 1 DAGs
[2026-05-03T00:20:53.970+0000] {logging_mixin.py:188} INFO - [2026-05-03T00:20:53.970+0000] {dag.py:3834} INFO - Setting next_dagrun for example_python_operator to None, run_after=None
[2026-05-03T00:20:53.981+0000] {processor.py:183} INFO - Processing /home/airflow/.local/lib/python3.8/site-packages/airflow/example_dags/example_python_operator.py took 0.047 seconds
[2026-05-03T00:26:54.208+0000] {processor.py:161} INFO - Started process (PID=2947) to work on /home/airflow/.local/lib/python3.8/site-packages/airflow/example_dags/example_python_operator.py
[2026-05-03T00:26:54.209+0000] {processor.py:830} INFO - Processing file /home/airflow/.local/lib/python3.8/site-packages/airflow/example_dags/example_python_operator.py for tasks to queue
[2026-05-03T00:26:54.213+0000] {logging_mixin.py:188} INFO - [2026-05-03T00:26:54.213+0000] {dagbag.py:540} INFO - Filling up the DagBag from /home/airflow/.local/lib/python3.8/site-packages/airflow/example_dags/example_python_operator.py
[2026-05-03T00:26:54.221+0000] {processor.py:840} INFO - DAG(s) 'example_python_operator' retrieved from /home/airflow/.local/lib/python3.8/site-packages/airflow/example_dags/example_python_operator.py
[2026-05-03T00:26:54.240+0000] {logging_mixin.py:188} INFO - [2026-05-03T00:26:54.239+0000] {dag.py:3047} INFO - Sync 1 DAGs
[2026-05-03T00:26:54.251+0000] {logging_mixin.py:188} INFO - [2026-05-03T00:26:54.251+0000] {dag.py:3834} INFO - Setting next_dagrun for example_python_operator to None, run_after=None
[2026-05-03T00:26:54.264+0000] {processor.py:183} INFO - Processing /home/airflow/.local/lib/python3.8/site-packages/airflow/example_dags/example_python_operator.py took 0.058 seconds
[2026-05-03T00:27:24.459+0000] {processor.py:161} INFO - Started process (PID=3003) to work on /home/airflow/.local/lib/python3.8/site-packages/airflow/example_dags/example_python_operator.py
[2026-05-03T00:27:24.460+0000] {processor.py:830} INFO - Processing file /home/airflow/.local/lib/python3.8/site-packages/airflow/example_dags/example_python_operator.py for tasks to queue
[2026-05-03T00:27:24.461+0000] {logging_mixin.py:188} INFO - [2026-05-03T00:27:24.461+0000] {dagbag.py:540} INFO - Filling up the DagBag from /home/airflow/.local/lib/python3.8/site-packages/airflow/example_dags/example_python_operator.py
[2026-05-03T00:27:24.470+0000] {processor.py:840} INFO - DAG(s) 'example_python_operator' retrieved from /home/airflow/.local/lib/python3.8/site-packages/airflow/example_dags/example_python_operator.py
[2026-05-03T00:27:24.485+0000] {logging_mixin.py:188} INFO - [2026-05-03T00:27:24.485+0000] {dag.py:3047} INFO - Sync 1 DAGs
[2026-05-03T00:27:24.492+0000] {logging_mixin.py:188} INFO - [2026-05-03T00:27:24.492+0000] {dag.py:3834} INFO - Setting next_dagrun for example_python_operator to None, run_after=None
[2026-05-03T00:27:24.504+0000] {processor.py:183} INFO - Processing /home/airflow/.local/lib/python3.8/site-packages/airflow/example_dags/example_python_operator.py took 0.048 seconds
[2026-05-03T00:27:55.544+0000] {processor.py:161} INFO - Started process (PID=3059) to work on /home/airflow/.local/lib/python3.8/site-packages/airflow/example_dags/example_python_operator.py
[2026-05-03T00:27:55.545+0000] {processor.py:830} INFO - Processing file /home/airflow/.local/lib/python3.8/site-packages/airflow/example_dags/example_python_operator.py for tasks to queue
[2026-05-03T00:27:55.546+0000] {logging_mixin.py:188} INFO - [2026-05-03T00:27:55.546+0000] {dagbag.py:540} INFO - Filling up the DagBag from /home/airflow/.local/lib/python3.8/site-packages/airflow/example_dags/example_python_operator.py
[2026-05-03T00:27:55.556+0000] {processor.py:840} INFO - DAG(s) 'example_python_operator' retrieved from /home/airflow/.local/lib/python3.8/site-packages/airflow/example_dags/example_python_operator.py
[2026-05-03T00:27:55.578+0000] {logging_mixin.py:188} INFO - [2026-05-03T00:27:55.578+0000] {dag.py:3047} INFO - Sync 1 DAGs
[2026-05-03T00:27:55.588+0000] {logging_mixin.py:188} INFO - [2026-05-03T00:27:55.588+0000] {dag.py:3834} INFO - Setting next_dagrun for example_python_operator to None, run_after=None
[2026-05-03T00:27:55.605+0000] {processor.py:183} INFO - Processing /home/airflow/.local/lib/python3.8/site-packages/airflow/example_dags/example_python_operator.py took 0.064 seconds
[2026-05-03T00:28:25.919+0000] {processor.py:161} INFO - Started process (PID=3115) to work on /home/airflow/.local/lib/python3.8/site-packages/airflow/example_dags/example_python_operator.py
[2026-05-03T00:28:25.920+0000] {processor.py:830} INFO - Processing file /home/airflow/.local/lib/python3.8/site-packages/airflow/example_dags/example_python_operator.py for tasks to queue
[2026-05-03T00:28:25.921+0000] {logging_mixin.py:188} INFO - [2026-05-03T00:28:25.921+0000] {dagbag.py:540} INFO - Filling up the DagBag from /home/airflow/.local/lib/python3.8/site-packages/airflow/example_dags/example_python_operator.py
[2026-05-03T00:28:25.929+0000] {processor.py:840} INFO - DAG(s) 'example_python_operator' retrieved from /home/airflow/.local/lib/python3.8/site-packages/airflow/example_dags/example_python_operator.py
[2026-05-03T00:28:25.944+0000] {logging_mixin.py:188} INFO - [2026-05-03T00:28:25.944+0000] {dag.py:3047} INFO - Sync 1 DAGs
[2026-05-03T00:28:25.952+0000] {logging_mixin.py:188} INFO - [2026-05-03T00:28:25.952+0000] {dag.py:3834} INFO - Setting next_dagrun for example_python_operator to None, run_after=None
[2026-05-03T00:28:25.967+0000] {processor.py:183} INFO - Processing /home/airflow/.local/lib/python3.8/site-packages/airflow/example_dags/example_python_operator.py took 0.051 seconds
[2026-05-03T00:28:56.315+0000] {processor.py:161} INFO - Started process (PID=3171) to work on /home/airflow/.local/lib/python3.8/site-packages/airflow/example_dags/example_python_operator.py
[2026-05-03T00:28:56.317+0000] {processor.py:830} INFO - Processing file /home/airflow/.local/lib/python3.8/site-packages/airflow/example_dags/example_python_operator.py for tasks to queue
[2026-05-03T00:28:56.320+0000] {logging_mixin.py:188} INFO - [2026-05-03T00:28:56.319+0000] {dagbag.py:540} INFO - Filling up the DagBag from /home/airflow/.local/lib/python3.8/site-packages/airflow/example_dags/example_python_operator.py
[2026-05-03T00:28:56.330+0000] {processor.py:840} INFO - DAG(s) 'example_python_operator' retrieved from /home/airflow/.local/lib/python3.8/site-packages/airflow/example_dags/example_python_operator.py
[2026-05-03T00:28:56.361+0000] {logging_mixin.py:188} INFO - [2026-05-03T00:28:56.361+0000] {dag.py:3047} INFO - Sync 1 DAGs
[2026-05-03T00:28:56.374+0000] {logging_mixin.py:188} INFO - [2026-05-03T00:28:56.374+0000] {dag.py:3834} INFO - Setting next_dagrun for example_python_operator to None, run_after=None
[2026-05-03T00:28:56.392+0000] {processor.py:183} INFO - Processing /home/airflow/.local/lib/python3.8/site-packages/airflow/example_dags/example_python_operator.py took 0.080 seconds
[2026-05-03T00:29:26.577+0000] {processor.py:161} INFO - Started process (PID=3227) to work on /home/airflow/.local/lib/python3.8/site-packages/airflow/example_dags/example_python_operator.py
[2026-05-03T00:29:26.581+0000] {processor.py:830} INFO - Processing file /home/airflow/.local/lib/python3.8/site-packages/airflow/example_dags/example_python_operator.py for tasks to queue
[2026-05-03T00:29:26.583+0000] {logging_mixin.py:188} INFO - [2026-05-03T00:29:26.583+0000] {dagbag.py:540} INFO - Filling up the DagBag from /home/airflow/.local/lib/python3.8/site-packages/airflow/example_dags/example_python_operator.py
[2026-05-03T00:29:26.591+0000] {processor.py:840} INFO - DAG(s) 'example_python_operator' retrieved from /home/airflow/.local/lib/python3.8/site-packages/airflow/example_dags/example_python_operator.py
[2026-05-03T00:29:26.607+0000] {logging_mixin.py:188} INFO - [2026-05-03T00:29:26.607+0000] {dag.py:3047} INFO - Sync 1 DAGs
[2026-05-03T00:29:26.616+0000] {logging_mixin.py:188} INFO - [2026-05-03T00:29:26.616+0000] {dag.py:3834} INFO - Setting next_dagrun for example_python_operator to None, run_after=None
[2026-05-03T00:29:26.632+0000] {processor.py:183} INFO - Processing /home/airflow/.local/lib/python3.8/site-packages/airflow/example_dags/example_python_operator.py took 0.057 seconds
[2026-05-03T00:29:56.948+0000] {processor.py:161} INFO - Started process (PID=3283) to work on /home/airflow/.local/lib/python3.8/site-packages/airflow/example_dags/example_python_operator.py
[2026-05-03T00:29:56.949+0000] {processor.py:830} INFO - Processing file /home/airflow/.local/lib/python3.8/site-packages/airflow/example_dags/example_python_operator.py for tasks to queue
[2026-05-03T00:29:56.950+0000] {logging_mixin.py:188} INFO - [2026-05-03T00:29:56.950+0000] {dagbag.py:540} INFO - Filling up the DagBag from /home/airflow/.local/lib/python3.8/site-packages/airflow/example_dags/example_python_operator.py
[2026-05-03T00:29:56.958+0000] {processor.py:840} INFO - DAG(s) 'example_python_operator' retrieved from /home/airflow/.local/lib/python3.8/site-packages/airflow/example_dags/example_python_operator.py
[2026-05-03T00:29:56.972+0000] {logging_mixin.py:188} INFO - [2026-05-03T00:29:56.972+0000] {dag.py:3047} INFO - Sync 1 DAGs
[2026-05-03T00:29:56.979+0000] {logging_mixin.py:188} INFO - [2026-05-03T00:29:56.979+0000] {dag.py:3834} INFO - Setting next_dagrun for example_python_operator to None, run_after=None
[2026-05-03T00:29:56.990+0000] {processor.py:183} INFO - Processing /home/airflow/.local/lib/python3.8/site-packages/airflow/example_dags/example_python_operator.py took 0.044 seconds
[2026-05-03T00:30:27.252+0000] {processor.py:161} INFO - Started process (PID=3339) to work on /home/airflow/.local/lib/python3.8/site-packages/airflow/example_dags/example_python_operator.py
[2026-05-03T00:30:27.253+0000] {processor.py:830} INFO - Processing file /home/airflow/.local/lib/python3.8/site-packages/airflow/example_dags/example_python_operator.py for tasks to queue
[2026-05-03T00:30:27.255+0000] {logging_mixin.py:188} INFO - [2026-05-03T00:30:27.255+0000] {dagbag.py:540} INFO - Filling up the DagBag from /home/airflow/.local/lib/python3.8/site-packages/airflow/example_dags/example_python_operator.py
[2026-05-03T00:30:27.263+0000] {processor.py:840} INFO - DAG(s) 'example_python_operator' retrieved from /home/airflow/.local/lib/python3.8/site-packages/airflow/example_dags/example_python_operator.py
[2026-05-03T00:30:27.280+0000] {logging_mixin.py:188} INFO - [2026-05-03T00:30:27.279+0000] {dag.py:3047} INFO - Sync 1 DAGs
[2026-05-03T00:30:27.287+0000] {logging_mixin.py:188} INFO - [2026-05-03T00:30:27.287+0000] {dag.py:3834} INFO - Setting next_dagrun for example_python_operator to None, run_after=None
[2026-05-03T00:30:27.301+0000] {processor.py:183} INFO - Processing /home/airflow/.local/lib/python3.8/site-packages/airflow/example_dags/example_python_operator.py took 0.051 seconds
[2026-05-03T00:30:57.417+0000] {processor.py:161} INFO - Started process (PID=3395) to work on /home/airflow/.local/lib/python3.8/site-packages/airflow/example_dags/example_python_operator.py
[2026-05-03T00:30:57.418+0000] {processor.py:830} INFO - Processing file /home/airflow/.local/lib/python3.8/site-packages/airflow/example_dags/example_python_operator.py for tasks to queue
[2026-05-03T00:30:57.420+0000] {logging_mixin.py:188} INFO - [2026-05-03T00:30:57.420+0000] {dagbag.py:540} INFO - Filling up the DagBag from /home/airflow/.local/lib/python3.8/site-packages/airflow/example_dags/example_python_operator.py
[2026-05-03T00:30:57.429+0000] {processor.py:840} INFO - DAG(s) 'example_python_operator' retrieved from /home/airflow/.local/lib/python3.8/site-packages/airflow/example_dags/example_python_operator.py
[2026-05-03T00:30:57.447+0000] {logging_mixin.py:188} INFO - [2026-05-03T00:30:57.447+0000] {dag.py:3047} INFO - Sync 1 DAGs
[2026-05-03T00:30:57.455+0000] {logging_mixin.py:188} INFO - [2026-05-03T00:30:57.454+0000] {dag.py:3834} INFO - Setting next_dagrun for example_python_operator to None, run_after=None
[2026-05-03T00:30:57.467+0000] {processor.py:183} INFO - Processing /home/airflow/.local/lib/python3.8/site-packages/airflow/example_dags/example_python_operator.py took 0.053 seconds
[2026-05-03T00:31:28.417+0000] {processor.py:161} INFO - Started process (PID=3451) to work on /home/airflow/.local/lib/python3.8/site-packages/airflow/example_dags/example_python_operator.py
[2026-05-03T00:31:28.419+0000] {processor.py:830} INFO - Processing file /home/airflow/.local/lib/python3.8/site-packages/airflow/example_dags/example_python_operator.py for tasks to queue
[2026-05-03T00:31:28.421+0000] {logging_mixin.py:188} INFO - [2026-05-03T00:31:28.421+0000] {dagbag.py:540} INFO - Filling up the DagBag from /home/airflow/.local/lib/python3.8/site-packages/airflow/example_dags/example_python_operator.py
[2026-05-03T00:31:28.450+0000] {processor.py:840} INFO - DAG(s) 'example_python_operator' retrieved from /home/airflow/.local/lib/python3.8/site-packages/airflow/example_dags/example_python_operator.py
[2026-05-03T00:31:28.482+0000] {logging_mixin.py:188} INFO - [2026-05-03T00:31:28.481+0000] {dag.py:3047} INFO - Sync 1 DAGs
[2026-05-03T00:31:28.499+0000] {logging_mixin.py:188} INFO - [2026-05-03T00:31:28.499+0000] {dag.py:3834} INFO - Setting next_dagrun for example_python_operator to None, run_after=None
[2026-05-03T00:31:28.527+0000] {processor.py:183} INFO - Processing /home/airflow/.local/lib/python3.8/site-packages/airflow/example_dags/example_python_operator.py took 0.118 seconds
[2026-05-03T00:31:59.352+0000] {processor.py:161} INFO - Started process (PID=3507) to work on /home/airflow/.local/lib/python3.8/site-packages/airflow/example_dags/example_python_operator.py
[2026-05-03T00:31:59.353+0000] {processor.py:830} INFO - Processing file /home/airflow/.local/lib/python3.8/site-packages/airflow/example_dags/example_python_operator.py for tasks to queue
[2026-05-03T00:31:59.354+0000] {logging_mixin.py:188} INFO - [2026-05-03T00:31:59.354+0000] {dagbag.py:540} INFO - Filling up the DagBag from /home/airflow/.local/lib/python3.8/site-packages/airflow/example_dags/example_python_operator.py
[2026-05-03T00:31:59.363+0000] {processor.py:840} INFO - DAG(s) 'example_python_operator' retrieved from /home/airflow/.local/lib/python3.8/site-packages/airflow/example_dags/example_python_operator.py
[2026-05-03T00:31:59.378+0000] {logging_mixin.py:188} INFO - [2026-05-03T00:31:59.378+0000] {dag.py:3047} INFO - Sync 1 DAGs
[2026-05-03T00:31:59.387+0000] {logging_mixin.py:188} INFO - [2026-05-03T00:31:59.387+0000] {dag.py:3834} INFO - Setting next_dagrun for example_python_operator to None, run_after=None
[2026-05-03T00:31:59.402+0000] {processor.py:183} INFO - Processing /home/airflow/.local/lib/python3.8/site-packages/airflow/example_dags/example_python_operator.py took 0.052 seconds
[2026-05-03T00:32:29.644+0000] {processor.py:161} INFO - Started process (PID=3563) to work on /home/airflow/.local/lib/python3.8/site-packages/airflow/example_dags/example_python_operator.py
[2026-05-03T00:32:29.645+0000] {processor.py:830} INFO - Processing file /home/airflow/.local/lib/python3.8/site-packages/airflow/example_dags/example_python_operator.py for tasks to queue
[2026-05-03T00:32:29.646+0000] {logging_mixin.py:188} INFO - [2026-05-03T00:32:29.646+0000] {dagbag.py:540} INFO - Filling up the DagBag from /home/airflow/.local/lib/python3.8/site-packages/airflow/example_dags/example_python_operator.py
[2026-05-03T00:32:29.654+0000] {processor.py:840} INFO - DAG(s) 'example_python_operator' retrieved from /home/airflow/.local/lib/python3.8/site-packages/airflow/example_dags/example_python_operator.py
[2026-05-03T00:32:29.673+0000] {logging_mixin.py:188} INFO - [2026-05-03T00:32:29.673+0000] {dag.py:3047} INFO - Sync 1 DAGs
[2026-05-03T00:32:29.683+0000] {logging_mixin.py:188} INFO - [2026-05-03T00:32:29.683+0000] {dag.py:3834} INFO - Setting next_dagrun for example_python_operator to None, run_after=None
[2026-05-03T00:32:29.696+0000] {processor.py:183} INFO - Processing /home/airflow/.local/lib/python3.8/site-packages/airflow/example_dags/example_python_operator.py took 0.055 seconds
[2026-05-03T00:32:59.791+0000] {processor.py:161} INFO - Started process (PID=3619) to work on /home/airflow/.local/lib/python3.8/site-packages/airflow/example_dags/example_python_operator.py
[2026-05-03T00:32:59.794+0000] {processor.py:830} INFO - Processing file /home/airflow/.local/lib/python3.8/site-packages/airflow/example_dags/example_python_operator.py for tasks to queue
[2026-05-03T00:32:59.796+0000] {logging_mixin.py:188} INFO - [2026-05-03T00:32:59.796+0000] {dagbag.py:540} INFO - Filling up the DagBag from /home/airflow/.local/lib/python3.8/site-packages/airflow/example_dags/example_python_operator.py
[2026-05-03T00:32:59.803+0000] {processor.py:840} INFO - DAG(s) 'example_python_operator' retrieved from /home/airflow/.local/lib/python3.8/site-packages/airflow/example_dags/example_python_operator.py
[2026-05-03T00:32:59.820+0000] {logging_mixin.py:188} INFO - [2026-05-03T00:32:59.820+0000] {dag.py:3047} INFO - Sync 1 DAGs
[2026-05-03T00:32:59.829+0000] {logging_mixin.py:188} INFO - [2026-05-03T00:32:59.829+0000] {dag.py:3834} INFO - Setting next_dagrun for example_python_operator to None, run_after=None
[2026-05-03T00:32:59.845+0000] {processor.py:183} INFO - Processing /home/airflow/.local/lib/python3.8/site-packages/airflow/example_dags/example_python_operator.py took 0.056 seconds
[2026-05-03T00:33:30.380+0000] {processor.py:161} INFO - Started process (PID=3675) to work on /home/airflow/.local/lib/python3.8/site-packages/airflow/example_dags/example_python_operator.py
[2026-05-03T00:33:30.381+0000] {processor.py:830} INFO - Processing file /home/airflow/.local/lib/python3.8/site-packages/airflow/example_dags/example_python_operator.py for tasks to queue
[2026-05-03T00:33:30.383+0000] {logging_mixin.py:188} INFO - [2026-05-03T00:33:30.383+0000] {dagbag.py:540} INFO - Filling up the DagBag from /home/airflow/.local/lib/python3.8/site-packages/airflow/example_dags/example_python_operator.py
[2026-05-03T00:33:30.390+0000] {processor.py:840} INFO - DAG(s) 'example_python_operator' retrieved from /home/airflow/.local/lib/python3.8/site-packages/airflow/example_dags/example_python_operator.py
[2026-05-03T00:33:30.408+0000] {logging_mixin.py:188} INFO - [2026-05-03T00:33:30.407+0000] {dag.py:3047} INFO - Sync 1 DAGs
[2026-05-03T00:33:30.422+0000] {logging_mixin.py:188} INFO - [2026-05-03T00:33:30.421+0000] {dag.py:3834} INFO - Setting next_dagrun for example_python_operator to None, run_after=None
[2026-05-03T00:33:30.436+0000] {processor.py:183} INFO - Processing /home/airflow/.local/lib/python3.8/site-packages/airflow/example_dags/example_python_operator.py took 0.059 seconds
[2026-05-03T00:34:01.008+0000] {processor.py:161} INFO - Started process (PID=3731) to work on /home/airflow/.local/lib/python3.8/site-packages/airflow/example_dags/example_python_operator.py
[2026-05-03T00:34:01.009+0000] {processor.py:830} INFO - Processing file /home/airflow/.local/lib/python3.8/site-packages/airflow/example_dags/example_python_operator.py for tasks to queue
[2026-05-03T00:34:01.011+0000] {logging_mixin.py:188} INFO - [2026-05-03T00:34:01.011+0000] {dagbag.py:540} INFO - Filling up the DagBag from /home/airflow/.local/lib/python3.8/site-packages/airflow/example_dags/example_python_operator.py
[2026-05-03T00:34:01.019+0000] {processor.py:840} INFO - DAG(s) 'example_python_operator' retrieved from /home/airflow/.local/lib/python3.8/site-packages/airflow/example_dags/example_python_operator.py
[2026-05-03T00:34:01.034+0000] {logging_mixin.py:188} INFO - [2026-05-03T00:34:01.034+0000] {dag.py:3047} INFO - Sync 1 DAGs
[2026-05-03T00:34:01.042+0000] {logging_mixin.py:188} INFO - [2026-05-03T00:34:01.041+0000] {dag.py:3834} INFO - Setting next_dagrun for example_python_operator to None, run_after=None
[2026-05-03T00:34:01.053+0000] {processor.py:183} INFO - Processing /home/airflow/.local/lib/python3.8/site-packages/airflow/example_dags/example_python_operator.py took 0.047 seconds
[2026-05-03T00:34:31.184+0000] {processor.py:161} INFO - Started process (PID=3787) to work on /home/airflow/.local/lib/python3.8/site-packages/airflow/example_dags/example_python_operator.py
[2026-05-03T00:34:31.185+0000] {processor.py:830} INFO - Processing file /home/airflow/.local/lib/python3.8/site-packages/airflow/example_dags/example_python_operator.py for tasks to queue
[2026-05-03T00:34:31.186+0000] {logging_mixin.py:188} INFO - [2026-05-03T00:34:31.186+0000] {dagbag.py:540} INFO - Filling up the DagBag from /home/airflow/.local/lib/python3.8/site-packages/airflow/example_dags/example_python_operator.py
[2026-05-03T00:34:31.195+0000] {processor.py:840} INFO - DAG(s) 'example_python_operator' retrieved from /home/airflow/.local/lib/python3.8/site-packages/airflow/example_dags/example_python_operator.py
[2026-05-03T00:34:31.212+0000] {logging_mixin.py:188} INFO - [2026-05-03T00:34:31.212+0000] {dag.py:3047} INFO - Sync 1 DAGs
[2026-05-03T00:34:31.220+0000] {logging_mixin.py:188} INFO - [2026-05-03T00:34:31.220+0000] {dag.py:3834} INFO - Setting next_dagrun for example_python_operator to None, run_after=None
[2026-05-03T00:34:31.235+0000] {processor.py:183} INFO - Processing /home/airflow/.local/lib/python3.8/site-packages/airflow/example_dags/example_python_operator.py took 0.054 seconds
[2026-05-03T00:35:01.366+0000] {processor.py:161} INFO - Started process (PID=3843) to work on /home/airflow/.local/lib/python3.8/site-packages/airflow/example_dags/example_python_operator.py
[2026-05-03T00:35:01.367+0000] {processor.py:830} INFO - Processing file /home/airflow/.local/lib/python3.8/site-packages/airflow/example_dags/example_python_operator.py for tasks to queue
[2026-05-03T00:35:01.368+0000] {logging_mixin.py:188} INFO - [2026-05-03T00:35:01.368+0000] {dagbag.py:540} INFO - Filling up the DagBag from /home/airflow/.local/lib/python3.8/site-packages/airflow/example_dags/example_python_operator.py
[2026-05-03T00:35:01.376+0000] {processor.py:840} INFO - DAG(s) 'example_python_operator' retrieved from /home/airflow/.local/lib/python3.8/site-packages/airflow/example_dags/example_python_operator.py
[2026-05-03T00:35:01.391+0000] {logging_mixin.py:188} INFO - [2026-05-03T00:35:01.391+0000] {dag.py:3047} INFO - Sync 1 DAGs
[2026-05-03T00:35:01.399+0000] {logging_mixin.py:188} INFO - [2026-05-03T00:35:01.399+0000] {dag.py:3834} INFO - Setting next_dagrun for example_python_operator to None, run_after=None
[2026-05-03T00:35:01.411+0000] {processor.py:183} INFO - Processing /home/airflow/.local/lib/python3.8/site-packages/airflow/example_dags/example_python_operator.py took 0.047 seconds
[2026-05-03T00:35:31.751+0000] {processor.py:161} INFO - Started process (PID=3899) to work on /home/airflow/.local/lib/python3.8/site-packages/airflow/example_dags/example_python_operator.py
[2026-05-03T00:35:31.755+0000] {processor.py:830} INFO - Processing file /home/airflow/.local/lib/python3.8/site-packages/airflow/example_dags/example_python_operator.py for tasks to queue
[2026-05-03T00:35:31.756+0000] {logging_mixin.py:188} INFO - [2026-05-03T00:35:31.756+0000] {dagbag.py:540} INFO - Filling up the DagBag from /home/airflow/.local/lib/python3.8/site-packages/airflow/example_dags/example_python_operator.py
[2026-05-03T00:35:31.764+0000] {processor.py:840} INFO - DAG(s) 'example_python_operator' retrieved from /home/airflow/.local/lib/python3.8/site-packages/airflow/example_dags/example_python_operator.py
[2026-05-03T00:35:31.779+0000] {logging_mixin.py:188} INFO - [2026-05-03T00:35:31.778+0000] {dag.py:3047} INFO - Sync 1 DAGs
[2026-05-03T00:35:31.788+0000] {logging_mixin.py:188} INFO - [2026-05-03T00:35:31.787+0000] {dag.py:3834} INFO - Setting next_dagrun for example_python_operator to None, run_after=None
[2026-05-03T00:35:31.798+0000] {processor.py:183} INFO - Processing /home/airflow/.local/lib/python3.8/site-packages/airflow/example_dags/example_python_operator.py took 0.049 seconds
[2026-05-03T00:36:02.294+0000] {processor.py:161} INFO - Started process (PID=3955) to work on /home/airflow/.local/lib/python3.8/site-packages/airflow/example_dags/example_python_operator.py
[2026-05-03T00:36:02.297+0000] {processor.py:830} INFO - Processing file /home/airflow/.local/lib/python3.8/site-packages/airflow/example_dags/example_python_operator.py for tasks to queue
[2026-05-03T00:36:02.299+0000] {logging_mixin.py:188} INFO - [2026-05-03T00:36:02.299+0000] {dagbag.py:540} INFO - Filling up the DagBag from /home/airflow/.local/lib/python3.8/site-packages/airflow/example_dags/example_python_operator.py
[2026-05-03T00:36:02.308+0000] {processor.py:840} INFO - DAG(s) 'example_python_operator' retrieved from /home/airflow/.local/lib/python3.8/site-packages/airflow/example_dags/example_python_operator.py
[2026-05-03T00:36:02.330+0000] {logging_mixin.py:188} INFO - [2026-05-03T00:36:02.330+0000] {dag.py:3047} INFO - Sync 1 DAGs
[2026-05-03T00:36:02.337+0000] {logging_mixin.py:188} INFO - [2026-05-03T00:36:02.337+0000] {dag.py:3834} INFO - Setting next_dagrun for example_python_operator to None, run_after=None
[2026-05-03T00:36:02.360+0000] {processor.py:183} INFO - Processing /home/airflow/.local/lib/python3.8/site-packages/airflow/example_dags/example_python_operator.py took 0.069 seconds
[2026-05-03T00:36:32.713+0000] {processor.py:161} INFO - Started process (PID=4011) to work on /home/airflow/.local/lib/python3.8/site-packages/airflow/example_dags/example_python_operator.py
[2026-05-03T00:36:32.716+0000] {processor.py:830} INFO - Processing file /home/airflow/.local/lib/python3.8/site-packages/airflow/example_dags/example_python_operator.py for tasks to queue
[2026-05-03T00:36:32.718+0000] {logging_mixin.py:188} INFO - [2026-05-03T00:36:32.718+0000] {dagbag.py:540} INFO - Filling up the DagBag from /home/airflow/.local/lib/python3.8/site-packages/airflow/example_dags/example_python_operator.py
[2026-05-03T00:36:32.727+0000] {processor.py:840} INFO - DAG(s) 'example_python_operator' retrieved from /home/airflow/.local/lib/python3.8/site-packages/airflow/example_dags/example_python_operator.py
[2026-05-03T00:36:32.750+0000] {logging_mixin.py:188} INFO - [2026-05-03T00:36:32.750+0000] {dag.py:3047} INFO - Sync 1 DAGs
[2026-05-03T00:36:32.761+0000] {logging_mixin.py:188} INFO - [2026-05-03T00:36:32.761+0000] {dag.py:3834} INFO - Setting next_dagrun for example_python_operator to None, run_after=None
[2026-05-03T00:36:32.777+0000] {processor.py:183} INFO - Processing /home/airflow/.local/lib/python3.8/site-packages/airflow/example_dags/example_python_operator.py took 0.066 seconds
[2026-05-03T00:37:03.111+0000] {processor.py:161} INFO - Started process (PID=4067) to work on /home/airflow/.local/lib/python3.8/site-packages/airflow/example_dags/example_python_operator.py
[2026-05-03T00:37:03.112+0000] {processor.py:830} INFO - Processing file /home/airflow/.local/lib/python3.8/site-packages/airflow/example_dags/example_python_operator.py for tasks to queue
[2026-05-03T00:37:03.113+0000] {logging_mixin.py:188} INFO - [2026-05-03T00:37:03.113+0000] {dagbag.py:540} INFO - Filling up the DagBag from /home/airflow/.local/lib/python3.8/site-packages/airflow/example_dags/example_python_operator.py
[2026-05-03T00:37:03.121+0000] {processor.py:840} INFO - DAG(s) 'example_python_operator' retrieved from /home/airflow/.local/lib/python3.8/site-packages/airflow/example_dags/example_python_operator.py
[2026-05-03T00:37:03.136+0000] {logging_mixin.py:188} INFO - [2026-05-03T00:37:03.135+0000] {dag.py:3047} INFO - Sync 1 DAGs
[2026-05-03T00:37:03.144+0000] {logging_mixin.py:188} INFO - [2026-05-03T00:37:03.144+0000] {dag.py:3834} INFO - Setting next_dagrun for example_python_operator to None, run_after=None
[2026-05-03T00:37:03.159+0000] {processor.py:183} INFO - Processing /home/airflow/.local/lib/python3.8/site-packages/airflow/example_dags/example_python_operator.py took 0.051 seconds
[2026-05-03T00:37:33.701+0000] {processor.py:161} INFO - Started process (PID=4123) to work on /home/airflow/.local/lib/python3.8/site-packages/airflow/example_dags/example_python_operator.py
[2026-05-03T00:37:33.703+0000] {processor.py:830} INFO - Processing file /home/airflow/.local/lib/python3.8/site-packages/airflow/example_dags/example_python_operator.py for tasks to queue
[2026-05-03T00:37:33.704+0000] {logging_mixin.py:188} INFO - [2026-05-03T00:37:33.704+0000] {dagbag.py:540} INFO - Filling up the DagBag from /home/airflow/.local/lib/python3.8/site-packages/airflow/example_dags/example_python_operator.py
[2026-05-03T00:37:33.711+0000] {processor.py:840} INFO - DAG(s) 'example_python_operator' retrieved from /home/airflow/.local/lib/python3.8/site-packages/airflow/example_dags/example_python_operator.py
[2026-05-03T00:37:33.730+0000] {logging_mixin.py:188} INFO - [2026-05-03T00:37:33.730+0000] {dag.py:3047} INFO - Sync 1 DAGs
[2026-05-03T00:37:33.742+0000] {logging_mixin.py:188} INFO - [2026-05-03T00:37:33.742+0000] {dag.py:3834} INFO - Setting next_dagrun for example_python_operator to None, run_after=None
[2026-05-03T00:37:33.754+0000] {processor.py:183} INFO - Processing /home/airflow/.local/lib/python3.8/site-packages/airflow/example_dags/example_python_operator.py took 0.055 seconds
[2026-05-03T00:38:04.117+0000] {processor.py:161} INFO - Started process (PID=4179) to work on /home/airflow/.local/lib/python3.8/site-packages/airflow/example_dags/example_python_operator.py
[2026-05-03T00:38:04.118+0000] {processor.py:830} INFO - Processing file /home/airflow/.local/lib/python3.8/site-packages/airflow/example_dags/example_python_operator.py for tasks to queue
[2026-05-03T00:38:04.119+0000] {logging_mixin.py:188} INFO - [2026-05-03T00:38:04.119+0000] {dagbag.py:540} INFO - Filling up the DagBag from /home/airflow/.local/lib/python3.8/site-packages/airflow/example_dags/example_python_operator.py
[2026-05-03T00:38:04.128+0000] {processor.py:840} INFO - DAG(s) 'example_python_operator' retrieved from /home/airflow/.local/lib/python3.8/site-packages/airflow/example_dags/example_python_operator.py
[2026-05-03T00:38:04.144+0000] {logging_mixin.py:188} INFO - [2026-05-03T00:38:04.144+0000] {dag.py:3047} INFO - Sync 1 DAGs
[2026-05-03T00:38:04.152+0000] {logging_mixin.py:188} INFO - [2026-05-03T00:38:04.152+0000] {dag.py:3834} INFO - Setting next_dagrun for example_python_operator to None, run_after=None
[2026-05-03T00:38:04.172+0000] {processor.py:183} INFO - Processing /home/airflow/.local/lib/python3.8/site-packages/airflow/example_dags/example_python_operator.py took 0.058 seconds
[2026-05-03T00:38:34.620+0000] {processor.py:161} INFO - Started process (PID=4235) to work on /home/airflow/.local/lib/python3.8/site-packages/airflow/example_dags/example_python_operator.py
[2026-05-03T00:38:34.622+0000] {processor.py:830} INFO - Processing file /home/airflow/.local/lib/python3.8/site-packages/airflow/example_dags/example_python_operator.py for tasks to queue
[2026-05-03T00:38:34.623+0000] {logging_mixin.py:188} INFO - [2026-05-03T00:38:34.623+0000] {dagbag.py:540} INFO - Filling up the DagBag from /home/airflow/.local/lib/python3.8/site-packages/airflow/example_dags/example_python_operator.py
[2026-05-03T00:38:34.633+0000] {processor.py:840} INFO - DAG(s) 'example_python_operator' retrieved from /home/airflow/.local/lib/python3.8/site-packages/airflow/example_dags/example_python_operator.py
[2026-05-03T00:38:34.652+0000] {logging_mixin.py:188} INFO - [2026-05-03T00:38:34.651+0000] {dag.py:3047} INFO - Sync 1 DAGs
[2026-05-03T00:38:34.660+0000] {logging_mixin.py:188} INFO - [2026-05-03T00:38:34.660+0000] {dag.py:3834} INFO - Setting next_dagrun for example_python_operator to None, run_after=None
[2026-05-03T00:38:34.671+0000] {processor.py:183} INFO - Processing /home/airflow/.local/lib/python3.8/site-packages/airflow/example_dags/example_python_operator.py took 0.054 seconds
[2026-05-03T00:39:04.894+0000] {processor.py:161} INFO - Started process (PID=4291) to work on /home/airflow/.local/lib/python3.8/site-packages/airflow/example_dags/example_python_operator.py
[2026-05-03T00:39:04.895+0000] {processor.py:830} INFO - Processing file /home/airflow/.local/lib/python3.8/site-packages/airflow/example_dags/example_python_operator.py for tasks to queue
[2026-05-03T00:39:04.896+0000] {logging_mixin.py:188} INFO - [2026-05-03T00:39:04.896+0000] {dagbag.py:540} INFO - Filling up the DagBag from /home/airflow/.local/lib/python3.8/site-packages/airflow/example_dags/example_python_operator.py
[2026-05-03T00:39:04.904+0000] {processor.py:840} INFO - DAG(s) 'example_python_operator' retrieved from /home/airflow/.local/lib/python3.8/site-packages/airflow/example_dags/example_python_operator.py
[2026-05-03T00:39:04.925+0000] {logging_mixin.py:188} INFO - [2026-05-03T00:39:04.925+0000] {dag.py:3047} INFO - Sync 1 DAGs
[2026-05-03T00:39:04.933+0000] {logging_mixin.py:188} INFO - [2026-05-03T00:39:04.933+0000] {dag.py:3834} INFO - Setting next_dagrun for example_python_operator to None, run_after=None
[2026-05-03T00:39:04.944+0000] {processor.py:183} INFO - Processing /home/airflow/.local/lib/python3.8/site-packages/airflow/example_dags/example_python_operator.py took 0.052 seconds
[2026-05-03T00:39:35.476+0000] {processor.py:161} INFO - Started process (PID=4347) to work on /home/airflow/.local/lib/python3.8/site-packages/airflow/example_dags/example_python_operator.py
[2026-05-03T00:39:35.480+0000] {processor.py:830} INFO - Processing file /home/airflow/.local/lib/python3.8/site-packages/airflow/example_dags/example_python_operator.py for tasks to queue
[2026-05-03T00:39:35.484+0000] {logging_mixin.py:188} INFO - [2026-05-03T00:39:35.484+0000] {dagbag.py:540} INFO - Filling up the DagBag from /home/airflow/.local/lib/python3.8/site-packages/airflow/example_dags/example_python_operator.py
[2026-05-03T00:39:35.492+0000] {processor.py:840} INFO - DAG(s) 'example_python_operator' retrieved from /home/airflow/.local/lib/python3.8/site-packages/airflow/example_dags/example_python_operator.py
[2026-05-03T00:39:35.508+0000] {logging_mixin.py:188} INFO - [2026-05-03T00:39:35.508+0000] {dag.py:3047} INFO - Sync 1 DAGs
[2026-05-03T00:39:35.515+0000] {logging_mixin.py:188} INFO - [2026-05-03T00:39:35.515+0000] {dag.py:3834} INFO - Setting next_dagrun for example_python_operator to None, run_after=None
[2026-05-03T00:39:35.529+0000] {processor.py:183} INFO - Processing /home/airflow/.local/lib/python3.8/site-packages/airflow/example_dags/example_python_operator.py took 0.056 seconds
