[2026-05-03T00:01:59.841+0000] {processor.py:161} INFO - Started process (PID=2758) to work on /home/airflow/.local/lib/python3.8/site-packages/airflow/example_dags/example_xcomargs.py
[2026-05-03T00:01:59.842+0000] {processor.py:830} INFO - Processing file /home/airflow/.local/lib/python3.8/site-packages/airflow/example_dags/example_xcomargs.py for tasks to queue
[2026-05-03T00:01:59.844+0000] {logging_mixin.py:188} INFO - [2026-05-03T00:01:59.843+0000] {dagbag.py:540} INFO - Filling up the DagBag from /home/airflow/.local/lib/python3.8/site-packages/airflow/example_dags/example_xcomargs.py
[2026-05-03T00:01:59.853+0000] {processor.py:840} INFO - DAG(s) 'example_xcom_args_with_operators', 'example_xcom_args' retrieved from /home/airflow/.local/lib/python3.8/site-packages/airflow/example_dags/example_xcomargs.py
[2026-05-03T00:01:59.894+0000] {logging_mixin.py:188} INFO - [2026-05-03T00:01:59.893+0000] {dag.py:3047} INFO - Sync 2 DAGs
[2026-05-03T00:01:59.912+0000] {logging_mixin.py:188} INFO - [2026-05-03T00:01:59.911+0000] {dag.py:3834} INFO - Setting next_dagrun for example_xcom_args to None, run_after=None
[2026-05-03T00:01:59.917+0000] {logging_mixin.py:188} INFO - [2026-05-03T00:01:59.916+0000] {dag.py:3834} INFO - Setting next_dagrun for example_xcom_args_with_operators to None, run_after=None
[2026-05-03T00:01:59.935+0000] {processor.py:183} INFO - Processing /home/airflow/.local/lib/python3.8/site-packages/airflow/example_dags/example_xcomargs.py took 0.097 seconds
[2026-05-03T00:11:41.424+0000] {processor.py:161} INFO - Started process (PID=2814) to work on /home/airflow/.local/lib/python3.8/site-packages/airflow/example_dags/example_xcomargs.py
[2026-05-03T00:11:41.425+0000] {processor.py:830} INFO - Processing file /home/airflow/.local/lib/python3.8/site-packages/airflow/example_dags/example_xcomargs.py for tasks to queue
[2026-05-03T00:11:41.427+0000] {logging_mixin.py:188} INFO - [2026-05-03T00:11:41.426+0000] {dagbag.py:540} INFO - Filling up the DagBag from /home/airflow/.local/lib/python3.8/site-packages/airflow/example_dags/example_xcomargs.py
[2026-05-03T00:11:41.433+0000] {processor.py:840} INFO - DAG(s) 'example_xcom_args', 'example_xcom_args_with_operators' retrieved from /home/airflow/.local/lib/python3.8/site-packages/airflow/example_dags/example_xcomargs.py
[2026-05-03T00:11:41.451+0000] {logging_mixin.py:188} INFO - [2026-05-03T00:11:41.450+0000] {dag.py:3047} INFO - Sync 2 DAGs
[2026-05-03T00:11:41.460+0000] {logging_mixin.py:188} INFO - [2026-05-03T00:11:41.460+0000] {dag.py:3834} INFO - Setting next_dagrun for example_xcom_args to None, run_after=None
[2026-05-03T00:11:41.463+0000] {logging_mixin.py:188} INFO - [2026-05-03T00:11:41.462+0000] {dag.py:3834} INFO - Setting next_dagrun for example_xcom_args_with_operators to None, run_after=None
[2026-05-03T00:11:41.472+0000] {processor.py:183} INFO - Processing /home/airflow/.local/lib/python3.8/site-packages/airflow/example_dags/example_xcomargs.py took 0.050 seconds
[2026-05-03T00:20:52.459+0000] {processor.py:161} INFO - Started process (PID=2870) to work on /home/airflow/.local/lib/python3.8/site-packages/airflow/example_dags/example_xcomargs.py
[2026-05-03T00:20:52.460+0000] {processor.py:830} INFO - Processing file /home/airflow/.local/lib/python3.8/site-packages/airflow/example_dags/example_xcomargs.py for tasks to queue
[2026-05-03T00:20:52.461+0000] {logging_mixin.py:188} INFO - [2026-05-03T00:20:52.461+0000] {dagbag.py:540} INFO - Filling up the DagBag from /home/airflow/.local/lib/python3.8/site-packages/airflow/example_dags/example_xcomargs.py
[2026-05-03T00:20:52.467+0000] {processor.py:840} INFO - DAG(s) 'example_xcom_args', 'example_xcom_args_with_operators' retrieved from /home/airflow/.local/lib/python3.8/site-packages/airflow/example_dags/example_xcomargs.py
[2026-05-03T00:20:52.482+0000] {logging_mixin.py:188} INFO - [2026-05-03T00:20:52.482+0000] {dag.py:3047} INFO - Sync 2 DAGs
[2026-05-03T00:20:52.489+0000] {logging_mixin.py:188} INFO - [2026-05-03T00:20:52.489+0000] {dag.py:3834} INFO - Setting next_dagrun for example_xcom_args to None, run_after=None
[2026-05-03T00:20:52.491+0000] {logging_mixin.py:188} INFO - [2026-05-03T00:20:52.491+0000] {dag.py:3834} INFO - Setting next_dagrun for example_xcom_args_with_operators to None, run_after=None
[2026-05-03T00:20:52.500+0000] {processor.py:183} INFO - Processing /home/airflow/.local/lib/python3.8/site-packages/airflow/example_dags/example_xcomargs.py took 0.043 seconds
[2026-05-03T00:26:52.549+0000] {processor.py:161} INFO - Started process (PID=2926) to work on /home/airflow/.local/lib/python3.8/site-packages/airflow/example_dags/example_xcomargs.py
[2026-05-03T00:26:52.550+0000] {processor.py:830} INFO - Processing file /home/airflow/.local/lib/python3.8/site-packages/airflow/example_dags/example_xcomargs.py for tasks to queue
[2026-05-03T00:26:52.552+0000] {logging_mixin.py:188} INFO - [2026-05-03T00:26:52.551+0000] {dagbag.py:540} INFO - Filling up the DagBag from /home/airflow/.local/lib/python3.8/site-packages/airflow/example_dags/example_xcomargs.py
[2026-05-03T00:26:52.558+0000] {processor.py:840} INFO - DAG(s) 'example_xcom_args_with_operators', 'example_xcom_args' retrieved from /home/airflow/.local/lib/python3.8/site-packages/airflow/example_dags/example_xcomargs.py
[2026-05-03T00:26:52.579+0000] {logging_mixin.py:188} INFO - [2026-05-03T00:26:52.579+0000] {dag.py:3047} INFO - Sync 2 DAGs
[2026-05-03T00:26:52.591+0000] {logging_mixin.py:188} INFO - [2026-05-03T00:26:52.591+0000] {dag.py:3834} INFO - Setting next_dagrun for example_xcom_args to None, run_after=None
[2026-05-03T00:26:52.596+0000] {logging_mixin.py:188} INFO - [2026-05-03T00:26:52.595+0000] {dag.py:3834} INFO - Setting next_dagrun for example_xcom_args_with_operators to None, run_after=None
[2026-05-03T00:26:52.617+0000] {processor.py:183} INFO - Processing /home/airflow/.local/lib/python3.8/site-packages/airflow/example_dags/example_xcomargs.py took 0.071 seconds
[2026-05-03T00:27:22.698+0000] {processor.py:161} INFO - Started process (PID=2982) to work on /home/airflow/.local/lib/python3.8/site-packages/airflow/example_dags/example_xcomargs.py
[2026-05-03T00:27:22.699+0000] {processor.py:830} INFO - Processing file /home/airflow/.local/lib/python3.8/site-packages/airflow/example_dags/example_xcomargs.py for tasks to queue
[2026-05-03T00:27:22.700+0000] {logging_mixin.py:188} INFO - [2026-05-03T00:27:22.700+0000] {dagbag.py:540} INFO - Filling up the DagBag from /home/airflow/.local/lib/python3.8/site-packages/airflow/example_dags/example_xcomargs.py
[2026-05-03T00:27:22.706+0000] {processor.py:840} INFO - DAG(s) 'example_xcom_args_with_operators', 'example_xcom_args' retrieved from /home/airflow/.local/lib/python3.8/site-packages/airflow/example_dags/example_xcomargs.py
[2026-05-03T00:27:22.721+0000] {logging_mixin.py:188} INFO - [2026-05-03T00:27:22.721+0000] {dag.py:3047} INFO - Sync 2 DAGs
[2026-05-03T00:27:22.729+0000] {logging_mixin.py:188} INFO - [2026-05-03T00:27:22.728+0000] {dag.py:3834} INFO - Setting next_dagrun for example_xcom_args to None, run_after=None
[2026-05-03T00:27:22.731+0000] {logging_mixin.py:188} INFO - [2026-05-03T00:27:22.730+0000] {dag.py:3834} INFO - Setting next_dagrun for example_xcom_args_with_operators to None, run_after=None
[2026-05-03T00:27:22.739+0000] {processor.py:183} INFO - Processing /home/airflow/.local/lib/python3.8/site-packages/airflow/example_dags/example_xcomargs.py took 0.043 seconds
[2026-05-03T00:27:53.645+0000] {processor.py:161} INFO - Started process (PID=3038) to work on /home/airflow/.local/lib/python3.8/site-packages/airflow/example_dags/example_xcomargs.py
[2026-05-03T00:27:53.646+0000] {processor.py:830} INFO - Processing file /home/airflow/.local/lib/python3.8/site-packages/airflow/example_dags/example_xcomargs.py for tasks to queue
[2026-05-03T00:27:53.647+0000] {logging_mixin.py:188} INFO - [2026-05-03T00:27:53.647+0000] {dagbag.py:540} INFO - Filling up the DagBag from /home/airflow/.local/lib/python3.8/site-packages/airflow/example_dags/example_xcomargs.py
[2026-05-03T00:27:53.655+0000] {processor.py:840} INFO - DAG(s) 'example_xcom_args_with_operators', 'example_xcom_args' retrieved from /home/airflow/.local/lib/python3.8/site-packages/airflow/example_dags/example_xcomargs.py
[2026-05-03T00:27:53.672+0000] {logging_mixin.py:188} INFO - [2026-05-03T00:27:53.672+0000] {dag.py:3047} INFO - Sync 2 DAGs
[2026-05-03T00:27:53.680+0000] {logging_mixin.py:188} INFO - [2026-05-03T00:27:53.680+0000] {dag.py:3834} INFO - Setting next_dagrun for example_xcom_args to None, run_after=None
[2026-05-03T00:27:53.683+0000] {logging_mixin.py:188} INFO - [2026-05-03T00:27:53.682+0000] {dag.py:3834} INFO - Setting next_dagrun for example_xcom_args_with_operators to None, run_after=None
[2026-05-03T00:27:53.695+0000] {processor.py:183} INFO - Processing /home/airflow/.local/lib/python3.8/site-packages/airflow/example_dags/example_xcomargs.py took 0.053 seconds
[2026-05-03T00:28:24.041+0000] {processor.py:161} INFO - Started process (PID=3094) to work on /home/airflow/.local/lib/python3.8/site-packages/airflow/example_dags/example_xcomargs.py
[2026-05-03T00:28:24.041+0000] {processor.py:830} INFO - Processing file /home/airflow/.local/lib/python3.8/site-packages/airflow/example_dags/example_xcomargs.py for tasks to queue
[2026-05-03T00:28:24.043+0000] {logging_mixin.py:188} INFO - [2026-05-03T00:28:24.042+0000] {dagbag.py:540} INFO - Filling up the DagBag from /home/airflow/.local/lib/python3.8/site-packages/airflow/example_dags/example_xcomargs.py
[2026-05-03T00:28:24.050+0000] {processor.py:840} INFO - DAG(s) 'example_xcom_args', 'example_xcom_args_with_operators' retrieved from /home/airflow/.local/lib/python3.8/site-packages/airflow/example_dags/example_xcomargs.py
[2026-05-03T00:28:24.065+0000] {logging_mixin.py:188} INFO - [2026-05-03T00:28:24.065+0000] {dag.py:3047} INFO - Sync 2 DAGs
[2026-05-03T00:28:24.073+0000] {logging_mixin.py:188} INFO - [2026-05-03T00:28:24.073+0000] {dag.py:3834} INFO - Setting next_dagrun for example_xcom_args to None, run_after=None
[2026-05-03T00:28:24.075+0000] {logging_mixin.py:188} INFO - [2026-05-03T00:28:24.075+0000] {dag.py:3834} INFO - Setting next_dagrun for example_xcom_args_with_operators to None, run_after=None
[2026-05-03T00:28:24.084+0000] {processor.py:183} INFO - Processing /home/airflow/.local/lib/python3.8/site-packages/airflow/example_dags/example_xcomargs.py took 0.046 seconds
[2026-05-03T00:28:54.317+0000] {processor.py:161} INFO - Started process (PID=3150) to work on /home/airflow/.local/lib/python3.8/site-packages/airflow/example_dags/example_xcomargs.py
[2026-05-03T00:28:54.318+0000] {processor.py:830} INFO - Processing file /home/airflow/.local/lib/python3.8/site-packages/airflow/example_dags/example_xcomargs.py for tasks to queue
[2026-05-03T00:28:54.319+0000] {logging_mixin.py:188} INFO - [2026-05-03T00:28:54.319+0000] {dagbag.py:540} INFO - Filling up the DagBag from /home/airflow/.local/lib/python3.8/site-packages/airflow/example_dags/example_xcomargs.py
[2026-05-03T00:28:54.325+0000] {processor.py:840} INFO - DAG(s) 'example_xcom_args_with_operators', 'example_xcom_args' retrieved from /home/airflow/.local/lib/python3.8/site-packages/airflow/example_dags/example_xcomargs.py
[2026-05-03T00:28:54.340+0000] {logging_mixin.py:188} INFO - [2026-05-03T00:28:54.339+0000] {dag.py:3047} INFO - Sync 2 DAGs
[2026-05-03T00:28:54.347+0000] {logging_mixin.py:188} INFO - [2026-05-03T00:28:54.347+0000] {dag.py:3834} INFO - Setting next_dagrun for example_xcom_args to None, run_after=None
[2026-05-03T00:28:54.349+0000] {logging_mixin.py:188} INFO - [2026-05-03T00:28:54.349+0000] {dag.py:3834} INFO - Setting next_dagrun for example_xcom_args_with_operators to None, run_after=None
[2026-05-03T00:28:54.358+0000] {processor.py:183} INFO - Processing /home/airflow/.local/lib/python3.8/site-packages/airflow/example_dags/example_xcomargs.py took 0.043 seconds
[2026-05-03T00:29:24.603+0000] {processor.py:161} INFO - Started process (PID=3206) to work on /home/airflow/.local/lib/python3.8/site-packages/airflow/example_dags/example_xcomargs.py
[2026-05-03T00:29:24.604+0000] {processor.py:830} INFO - Processing file /home/airflow/.local/lib/python3.8/site-packages/airflow/example_dags/example_xcomargs.py for tasks to queue
[2026-05-03T00:29:24.606+0000] {logging_mixin.py:188} INFO - [2026-05-03T00:29:24.606+0000] {dagbag.py:540} INFO - Filling up the DagBag from /home/airflow/.local/lib/python3.8/site-packages/airflow/example_dags/example_xcomargs.py
[2026-05-03T00:29:24.612+0000] {processor.py:840} INFO - DAG(s) 'example_xcom_args', 'example_xcom_args_with_operators' retrieved from /home/airflow/.local/lib/python3.8/site-packages/airflow/example_dags/example_xcomargs.py
[2026-05-03T00:29:24.634+0000] {logging_mixin.py:188} INFO - [2026-05-03T00:29:24.633+0000] {dag.py:3047} INFO - Sync 2 DAGs
[2026-05-03T00:29:24.642+0000] {logging_mixin.py:188} INFO - [2026-05-03T00:29:24.642+0000] {dag.py:3834} INFO - Setting next_dagrun for example_xcom_args to None, run_after=None
[2026-05-03T00:29:24.649+0000] {logging_mixin.py:188} INFO - [2026-05-03T00:29:24.648+0000] {dag.py:3834} INFO - Setting next_dagrun for example_xcom_args_with_operators to None, run_after=None
[2026-05-03T00:29:24.664+0000] {processor.py:183} INFO - Processing /home/airflow/.local/lib/python3.8/site-packages/airflow/example_dags/example_xcomargs.py took 0.063 seconds
[2026-05-03T00:29:54.952+0000] {processor.py:161} INFO - Started process (PID=3262) to work on /home/airflow/.local/lib/python3.8/site-packages/airflow/example_dags/example_xcomargs.py
[2026-05-03T00:29:54.954+0000] {processor.py:830} INFO - Processing file /home/airflow/.local/lib/python3.8/site-packages/airflow/example_dags/example_xcomargs.py for tasks to queue
[2026-05-03T00:29:54.957+0000] {logging_mixin.py:188} INFO - [2026-05-03T00:29:54.956+0000] {dagbag.py:540} INFO - Filling up the DagBag from /home/airflow/.local/lib/python3.8/site-packages/airflow/example_dags/example_xcomargs.py
[2026-05-03T00:29:54.962+0000] {processor.py:840} INFO - DAG(s) 'example_xcom_args_with_operators', 'example_xcom_args' retrieved from /home/airflow/.local/lib/python3.8/site-packages/airflow/example_dags/example_xcomargs.py
[2026-05-03T00:29:54.978+0000] {logging_mixin.py:188} INFO - [2026-05-03T00:29:54.978+0000] {dag.py:3047} INFO - Sync 2 DAGs
[2026-05-03T00:29:54.988+0000] {logging_mixin.py:188} INFO - [2026-05-03T00:29:54.988+0000] {dag.py:3834} INFO - Setting next_dagrun for example_xcom_args to None, run_after=None
[2026-05-03T00:29:54.990+0000] {logging_mixin.py:188} INFO - [2026-05-03T00:29:54.990+0000] {dag.py:3834} INFO - Setting next_dagrun for example_xcom_args_with_operators to None, run_after=None
[2026-05-03T00:29:55.000+0000] {processor.py:183} INFO - Processing /home/airflow/.local/lib/python3.8/site-packages/airflow/example_dags/example_xcomargs.py took 0.050 seconds
[2026-05-03T00:30:25.279+0000] {processor.py:161} INFO - Started process (PID=3318) to work on /home/airflow/.local/lib/python3.8/site-packages/airflow/example_dags/example_xcomargs.py
[2026-05-03T00:30:25.279+0000] {processor.py:830} INFO - Processing file /home/airflow/.local/lib/python3.8/site-packages/airflow/example_dags/example_xcomargs.py for tasks to queue
[2026-05-03T00:30:25.281+0000] {logging_mixin.py:188} INFO - [2026-05-03T00:30:25.281+0000] {dagbag.py:540} INFO - Filling up the DagBag from /home/airflow/.local/lib/python3.8/site-packages/airflow/example_dags/example_xcomargs.py
[2026-05-03T00:30:25.287+0000] {processor.py:840} INFO - DAG(s) 'example_xcom_args_with_operators', 'example_xcom_args' retrieved from /home/airflow/.local/lib/python3.8/site-packages/airflow/example_dags/example_xcomargs.py
[2026-05-03T00:30:25.306+0000] {logging_mixin.py:188} INFO - [2026-05-03T00:30:25.305+0000] {dag.py:3047} INFO - Sync 2 DAGs
[2026-05-03T00:30:25.315+0000] {logging_mixin.py:188} INFO - [2026-05-03T00:30:25.315+0000] {dag.py:3834} INFO - Setting next_dagrun for example_xcom_args to None, run_after=None
[2026-05-03T00:30:25.318+0000] {logging_mixin.py:188} INFO - [2026-05-03T00:30:25.318+0000] {dag.py:3834} INFO - Setting next_dagrun for example_xcom_args_with_operators to None, run_after=None
[2026-05-03T00:30:25.328+0000] {processor.py:183} INFO - Processing /home/airflow/.local/lib/python3.8/site-packages/airflow/example_dags/example_xcomargs.py took 0.052 seconds
[2026-05-03T00:30:55.512+0000] {processor.py:161} INFO - Started process (PID=3374) to work on /home/airflow/.local/lib/python3.8/site-packages/airflow/example_dags/example_xcomargs.py
[2026-05-03T00:30:55.512+0000] {processor.py:830} INFO - Processing file /home/airflow/.local/lib/python3.8/site-packages/airflow/example_dags/example_xcomargs.py for tasks to queue
[2026-05-03T00:30:55.514+0000] {logging_mixin.py:188} INFO - [2026-05-03T00:30:55.514+0000] {dagbag.py:540} INFO - Filling up the DagBag from /home/airflow/.local/lib/python3.8/site-packages/airflow/example_dags/example_xcomargs.py
[2026-05-03T00:30:55.520+0000] {processor.py:840} INFO - DAG(s) 'example_xcom_args', 'example_xcom_args_with_operators' retrieved from /home/airflow/.local/lib/python3.8/site-packages/airflow/example_dags/example_xcomargs.py
[2026-05-03T00:30:55.545+0000] {logging_mixin.py:188} INFO - [2026-05-03T00:30:55.545+0000] {dag.py:3047} INFO - Sync 2 DAGs
[2026-05-03T00:30:55.556+0000] {logging_mixin.py:188} INFO - [2026-05-03T00:30:55.555+0000] {dag.py:3834} INFO - Setting next_dagrun for example_xcom_args to None, run_after=None
[2026-05-03T00:30:55.558+0000] {logging_mixin.py:188} INFO - [2026-05-03T00:30:55.558+0000] {dag.py:3834} INFO - Setting next_dagrun for example_xcom_args_with_operators to None, run_after=None
[2026-05-03T00:30:55.575+0000] {processor.py:183} INFO - Processing /home/airflow/.local/lib/python3.8/site-packages/airflow/example_dags/example_xcomargs.py took 0.065 seconds
[2026-05-03T00:31:26.094+0000] {processor.py:161} INFO - Started process (PID=3430) to work on /home/airflow/.local/lib/python3.8/site-packages/airflow/example_dags/example_xcomargs.py
[2026-05-03T00:31:26.095+0000] {processor.py:830} INFO - Processing file /home/airflow/.local/lib/python3.8/site-packages/airflow/example_dags/example_xcomargs.py for tasks to queue
[2026-05-03T00:31:26.096+0000] {logging_mixin.py:188} INFO - [2026-05-03T00:31:26.096+0000] {dagbag.py:540} INFO - Filling up the DagBag from /home/airflow/.local/lib/python3.8/site-packages/airflow/example_dags/example_xcomargs.py
[2026-05-03T00:31:26.109+0000] {processor.py:840} INFO - DAG(s) 'example_xcom_args', 'example_xcom_args_with_operators' retrieved from /home/airflow/.local/lib/python3.8/site-packages/airflow/example_dags/example_xcomargs.py
[2026-05-03T00:31:26.135+0000] {logging_mixin.py:188} INFO - [2026-05-03T00:31:26.134+0000] {dag.py:3047} INFO - Sync 2 DAGs
[2026-05-03T00:31:26.145+0000] {logging_mixin.py:188} INFO - [2026-05-03T00:31:26.145+0000] {dag.py:3834} INFO - Setting next_dagrun for example_xcom_args to None, run_after=None
[2026-05-03T00:31:26.147+0000] {logging_mixin.py:188} INFO - [2026-05-03T00:31:26.147+0000] {dag.py:3834} INFO - Setting next_dagrun for example_xcom_args_with_operators to None, run_after=None
[2026-05-03T00:31:26.158+0000] {processor.py:183} INFO - Processing /home/airflow/.local/lib/python3.8/site-packages/airflow/example_dags/example_xcomargs.py took 0.067 seconds
[2026-05-03T00:31:56.353+0000] {processor.py:161} INFO - Started process (PID=3486) to work on /home/airflow/.local/lib/python3.8/site-packages/airflow/example_dags/example_xcomargs.py
[2026-05-03T00:31:56.354+0000] {processor.py:830} INFO - Processing file /home/airflow/.local/lib/python3.8/site-packages/airflow/example_dags/example_xcomargs.py for tasks to queue
[2026-05-03T00:31:56.355+0000] {logging_mixin.py:188} INFO - [2026-05-03T00:31:56.355+0000] {dagbag.py:540} INFO - Filling up the DagBag from /home/airflow/.local/lib/python3.8/site-packages/airflow/example_dags/example_xcomargs.py
[2026-05-03T00:31:56.361+0000] {processor.py:840} INFO - DAG(s) 'example_xcom_args_with_operators', 'example_xcom_args' retrieved from /home/airflow/.local/lib/python3.8/site-packages/airflow/example_dags/example_xcomargs.py
[2026-05-03T00:31:56.383+0000] {logging_mixin.py:188} INFO - [2026-05-03T00:31:56.383+0000] {dag.py:3047} INFO - Sync 2 DAGs
[2026-05-03T00:31:56.392+0000] {logging_mixin.py:188} INFO - [2026-05-03T00:31:56.392+0000] {dag.py:3834} INFO - Setting next_dagrun for example_xcom_args to None, run_after=None
[2026-05-03T00:31:56.394+0000] {logging_mixin.py:188} INFO - [2026-05-03T00:31:56.394+0000] {dag.py:3834} INFO - Setting next_dagrun for example_xcom_args_with_operators to None, run_after=None
[2026-05-03T00:31:56.406+0000] {processor.py:183} INFO - Processing /home/airflow/.local/lib/python3.8/site-packages/airflow/example_dags/example_xcomargs.py took 0.055 seconds
[2026-05-03T00:32:26.713+0000] {processor.py:161} INFO - Started process (PID=3542) to work on /home/airflow/.local/lib/python3.8/site-packages/airflow/example_dags/example_xcomargs.py
[2026-05-03T00:32:26.715+0000] {processor.py:830} INFO - Processing file /home/airflow/.local/lib/python3.8/site-packages/airflow/example_dags/example_xcomargs.py for tasks to queue
[2026-05-03T00:32:26.716+0000] {logging_mixin.py:188} INFO - [2026-05-03T00:32:26.716+0000] {dagbag.py:540} INFO - Filling up the DagBag from /home/airflow/.local/lib/python3.8/site-packages/airflow/example_dags/example_xcomargs.py
[2026-05-03T00:32:26.722+0000] {processor.py:840} INFO - DAG(s) 'example_xcom_args', 'example_xcom_args_with_operators' retrieved from /home/airflow/.local/lib/python3.8/site-packages/airflow/example_dags/example_xcomargs.py
[2026-05-03T00:32:26.744+0000] {logging_mixin.py:188} INFO - [2026-05-03T00:32:26.744+0000] {dag.py:3047} INFO - Sync 2 DAGs
[2026-05-03T00:32:26.752+0000] {logging_mixin.py:188} INFO - [2026-05-03T00:32:26.752+0000] {dag.py:3834} INFO - Setting next_dagrun for example_xcom_args to None, run_after=None
[2026-05-03T00:32:26.755+0000] {logging_mixin.py:188} INFO - [2026-05-03T00:32:26.755+0000] {dag.py:3834} INFO - Setting next_dagrun for example_xcom_args_with_operators to None, run_after=None
[2026-05-03T00:32:26.768+0000] {processor.py:183} INFO - Processing /home/airflow/.local/lib/python3.8/site-packages/airflow/example_dags/example_xcomargs.py took 0.070 seconds
[2026-05-03T00:32:56.897+0000] {processor.py:161} INFO - Started process (PID=3598) to work on /home/airflow/.local/lib/python3.8/site-packages/airflow/example_dags/example_xcomargs.py
[2026-05-03T00:32:56.898+0000] {processor.py:830} INFO - Processing file /home/airflow/.local/lib/python3.8/site-packages/airflow/example_dags/example_xcomargs.py for tasks to queue
[2026-05-03T00:32:56.899+0000] {logging_mixin.py:188} INFO - [2026-05-03T00:32:56.899+0000] {dagbag.py:540} INFO - Filling up the DagBag from /home/airflow/.local/lib/python3.8/site-packages/airflow/example_dags/example_xcomargs.py
[2026-05-03T00:32:56.905+0000] {processor.py:840} INFO - DAG(s) 'example_xcom_args', 'example_xcom_args_with_operators' retrieved from /home/airflow/.local/lib/python3.8/site-packages/airflow/example_dags/example_xcomargs.py
[2026-05-03T00:32:56.923+0000] {logging_mixin.py:188} INFO - [2026-05-03T00:32:56.923+0000] {dag.py:3047} INFO - Sync 2 DAGs
[2026-05-03T00:32:56.931+0000] {logging_mixin.py:188} INFO - [2026-05-03T00:32:56.931+0000] {dag.py:3834} INFO - Setting next_dagrun for example_xcom_args to None, run_after=None
[2026-05-03T00:32:56.934+0000] {logging_mixin.py:188} INFO - [2026-05-03T00:32:56.934+0000] {dag.py:3834} INFO - Setting next_dagrun for example_xcom_args_with_operators to None, run_after=None
[2026-05-03T00:32:56.944+0000] {processor.py:183} INFO - Processing /home/airflow/.local/lib/python3.8/site-packages/airflow/example_dags/example_xcomargs.py took 0.049 seconds
[2026-05-03T00:33:27.351+0000] {processor.py:161} INFO - Started process (PID=3654) to work on /home/airflow/.local/lib/python3.8/site-packages/airflow/example_dags/example_xcomargs.py
[2026-05-03T00:33:27.354+0000] {processor.py:830} INFO - Processing file /home/airflow/.local/lib/python3.8/site-packages/airflow/example_dags/example_xcomargs.py for tasks to queue
[2026-05-03T00:33:27.357+0000] {logging_mixin.py:188} INFO - [2026-05-03T00:33:27.356+0000] {dagbag.py:540} INFO - Filling up the DagBag from /home/airflow/.local/lib/python3.8/site-packages/airflow/example_dags/example_xcomargs.py
[2026-05-03T00:33:27.368+0000] {processor.py:840} INFO - DAG(s) 'example_xcom_args', 'example_xcom_args_with_operators' retrieved from /home/airflow/.local/lib/python3.8/site-packages/airflow/example_dags/example_xcomargs.py
[2026-05-03T00:33:27.384+0000] {logging_mixin.py:188} INFO - [2026-05-03T00:33:27.383+0000] {dag.py:3047} INFO - Sync 2 DAGs
[2026-05-03T00:33:27.393+0000] {logging_mixin.py:188} INFO - [2026-05-03T00:33:27.393+0000] {dag.py:3834} INFO - Setting next_dagrun for example_xcom_args to None, run_after=None
[2026-05-03T00:33:27.395+0000] {logging_mixin.py:188} INFO - [2026-05-03T00:33:27.395+0000] {dag.py:3834} INFO - Setting next_dagrun for example_xcom_args_with_operators to None, run_after=None
[2026-05-03T00:33:27.408+0000] {processor.py:183} INFO - Processing /home/airflow/.local/lib/python3.8/site-packages/airflow/example_dags/example_xcomargs.py took 0.059 seconds
[2026-05-03T00:33:57.904+0000] {processor.py:161} INFO - Started process (PID=3710) to work on /home/airflow/.local/lib/python3.8/site-packages/airflow/example_dags/example_xcomargs.py
[2026-05-03T00:33:57.913+0000] {processor.py:830} INFO - Processing file /home/airflow/.local/lib/python3.8/site-packages/airflow/example_dags/example_xcomargs.py for tasks to queue
[2026-05-03T00:33:57.915+0000] {logging_mixin.py:188} INFO - [2026-05-03T00:33:57.914+0000] {dagbag.py:540} INFO - Filling up the DagBag from /home/airflow/.local/lib/python3.8/site-packages/airflow/example_dags/example_xcomargs.py
[2026-05-03T00:33:57.924+0000] {processor.py:840} INFO - DAG(s) 'example_xcom_args', 'example_xcom_args_with_operators' retrieved from /home/airflow/.local/lib/python3.8/site-packages/airflow/example_dags/example_xcomargs.py
[2026-05-03T00:33:57.967+0000] {logging_mixin.py:188} INFO - [2026-05-03T00:33:57.967+0000] {dag.py:3047} INFO - Sync 2 DAGs
[2026-05-03T00:33:57.989+0000] {logging_mixin.py:188} INFO - [2026-05-03T00:33:57.989+0000] {dag.py:3834} INFO - Setting next_dagrun for example_xcom_args to None, run_after=None
[2026-05-03T00:33:57.995+0000] {logging_mixin.py:188} INFO - [2026-05-03T00:33:57.995+0000] {dag.py:3834} INFO - Setting next_dagrun for example_xcom_args_with_operators to None, run_after=None
[2026-05-03T00:33:58.010+0000] {processor.py:183} INFO - Processing /home/airflow/.local/lib/python3.8/site-packages/airflow/example_dags/example_xcomargs.py took 0.113 seconds
[2026-05-03T00:34:28.251+0000] {processor.py:161} INFO - Started process (PID=3766) to work on /home/airflow/.local/lib/python3.8/site-packages/airflow/example_dags/example_xcomargs.py
[2026-05-03T00:34:28.256+0000] {processor.py:830} INFO - Processing file /home/airflow/.local/lib/python3.8/site-packages/airflow/example_dags/example_xcomargs.py for tasks to queue
[2026-05-03T00:34:28.259+0000] {logging_mixin.py:188} INFO - [2026-05-03T00:34:28.259+0000] {dagbag.py:540} INFO - Filling up the DagBag from /home/airflow/.local/lib/python3.8/site-packages/airflow/example_dags/example_xcomargs.py
[2026-05-03T00:34:28.266+0000] {processor.py:840} INFO - DAG(s) 'example_xcom_args', 'example_xcom_args_with_operators' retrieved from /home/airflow/.local/lib/python3.8/site-packages/airflow/example_dags/example_xcomargs.py
[2026-05-03T00:34:28.284+0000] {logging_mixin.py:188} INFO - [2026-05-03T00:34:28.284+0000] {dag.py:3047} INFO - Sync 2 DAGs
[2026-05-03T00:34:28.292+0000] {logging_mixin.py:188} INFO - [2026-05-03T00:34:28.292+0000] {dag.py:3834} INFO - Setting next_dagrun for example_xcom_args to None, run_after=None
[2026-05-03T00:34:28.295+0000] {logging_mixin.py:188} INFO - [2026-05-03T00:34:28.295+0000] {dag.py:3834} INFO - Setting next_dagrun for example_xcom_args_with_operators to None, run_after=None
[2026-05-03T00:34:28.308+0000] {processor.py:183} INFO - Processing /home/airflow/.local/lib/python3.8/site-packages/airflow/example_dags/example_xcomargs.py took 0.060 seconds
[2026-05-03T00:34:58.532+0000] {processor.py:161} INFO - Started process (PID=3822) to work on /home/airflow/.local/lib/python3.8/site-packages/airflow/example_dags/example_xcomargs.py
[2026-05-03T00:34:58.533+0000] {processor.py:830} INFO - Processing file /home/airflow/.local/lib/python3.8/site-packages/airflow/example_dags/example_xcomargs.py for tasks to queue
[2026-05-03T00:34:58.534+0000] {logging_mixin.py:188} INFO - [2026-05-03T00:34:58.534+0000] {dagbag.py:540} INFO - Filling up the DagBag from /home/airflow/.local/lib/python3.8/site-packages/airflow/example_dags/example_xcomargs.py
[2026-05-03T00:34:58.540+0000] {processor.py:840} INFO - DAG(s) 'example_xcom_args', 'example_xcom_args_with_operators' retrieved from /home/airflow/.local/lib/python3.8/site-packages/airflow/example_dags/example_xcomargs.py
[2026-05-03T00:34:58.556+0000] {logging_mixin.py:188} INFO - [2026-05-03T00:34:58.555+0000] {dag.py:3047} INFO - Sync 2 DAGs
[2026-05-03T00:34:58.564+0000] {logging_mixin.py:188} INFO - [2026-05-03T00:34:58.564+0000] {dag.py:3834} INFO - Setting next_dagrun for example_xcom_args to None, run_after=None
[2026-05-03T00:34:58.566+0000] {logging_mixin.py:188} INFO - [2026-05-03T00:34:58.566+0000] {dag.py:3834} INFO - Setting next_dagrun for example_xcom_args_with_operators to None, run_after=None
[2026-05-03T00:34:58.575+0000] {processor.py:183} INFO - Processing /home/airflow/.local/lib/python3.8/site-packages/airflow/example_dags/example_xcomargs.py took 0.046 seconds
[2026-05-03T00:35:28.808+0000] {processor.py:161} INFO - Started process (PID=3878) to work on /home/airflow/.local/lib/python3.8/site-packages/airflow/example_dags/example_xcomargs.py
[2026-05-03T00:35:28.809+0000] {processor.py:830} INFO - Processing file /home/airflow/.local/lib/python3.8/site-packages/airflow/example_dags/example_xcomargs.py for tasks to queue
[2026-05-03T00:35:28.810+0000] {logging_mixin.py:188} INFO - [2026-05-03T00:35:28.810+0000] {dagbag.py:540} INFO - Filling up the DagBag from /home/airflow/.local/lib/python3.8/site-packages/airflow/example_dags/example_xcomargs.py
[2026-05-03T00:35:28.817+0000] {processor.py:840} INFO - DAG(s) 'example_xcom_args', 'example_xcom_args_with_operators' retrieved from /home/airflow/.local/lib/python3.8/site-packages/airflow/example_dags/example_xcomargs.py
[2026-05-03T00:35:28.844+0000] {logging_mixin.py:188} INFO - [2026-05-03T00:35:28.844+0000] {dag.py:3047} INFO - Sync 2 DAGs
[2026-05-03T00:35:28.853+0000] {logging_mixin.py:188} INFO - [2026-05-03T00:35:28.853+0000] {dag.py:3834} INFO - Setting next_dagrun for example_xcom_args to None, run_after=None
[2026-05-03T00:35:28.855+0000] {logging_mixin.py:188} INFO - [2026-05-03T00:35:28.855+0000] {dag.py:3834} INFO - Setting next_dagrun for example_xcom_args_with_operators to None, run_after=None
[2026-05-03T00:35:28.871+0000] {processor.py:183} INFO - Processing /home/airflow/.local/lib/python3.8/site-packages/airflow/example_dags/example_xcomargs.py took 0.066 seconds
[2026-05-03T00:35:59.222+0000] {processor.py:161} INFO - Started process (PID=3934) to work on /home/airflow/.local/lib/python3.8/site-packages/airflow/example_dags/example_xcomargs.py
[2026-05-03T00:35:59.228+0000] {processor.py:830} INFO - Processing file /home/airflow/.local/lib/python3.8/site-packages/airflow/example_dags/example_xcomargs.py for tasks to queue
[2026-05-03T00:35:59.229+0000] {logging_mixin.py:188} INFO - [2026-05-03T00:35:59.229+0000] {dagbag.py:540} INFO - Filling up the DagBag from /home/airflow/.local/lib/python3.8/site-packages/airflow/example_dags/example_xcomargs.py
[2026-05-03T00:35:59.238+0000] {processor.py:840} INFO - DAG(s) 'example_xcom_args', 'example_xcom_args_with_operators' retrieved from /home/airflow/.local/lib/python3.8/site-packages/airflow/example_dags/example_xcomargs.py
[2026-05-03T00:35:59.256+0000] {logging_mixin.py:188} INFO - [2026-05-03T00:35:59.256+0000] {dag.py:3047} INFO - Sync 2 DAGs
[2026-05-03T00:35:59.265+0000] {logging_mixin.py:188} INFO - [2026-05-03T00:35:59.265+0000] {dag.py:3834} INFO - Setting next_dagrun for example_xcom_args to None, run_after=None
[2026-05-03T00:35:59.267+0000] {logging_mixin.py:188} INFO - [2026-05-03T00:35:59.267+0000] {dag.py:3834} INFO - Setting next_dagrun for example_xcom_args_with_operators to None, run_after=None
[2026-05-03T00:35:59.281+0000] {processor.py:183} INFO - Processing /home/airflow/.local/lib/python3.8/site-packages/airflow/example_dags/example_xcomargs.py took 0.061 seconds
[2026-05-03T00:36:29.761+0000] {processor.py:161} INFO - Started process (PID=3990) to work on /home/airflow/.local/lib/python3.8/site-packages/airflow/example_dags/example_xcomargs.py
[2026-05-03T00:36:29.762+0000] {processor.py:830} INFO - Processing file /home/airflow/.local/lib/python3.8/site-packages/airflow/example_dags/example_xcomargs.py for tasks to queue
[2026-05-03T00:36:29.763+0000] {logging_mixin.py:188} INFO - [2026-05-03T00:36:29.763+0000] {dagbag.py:540} INFO - Filling up the DagBag from /home/airflow/.local/lib/python3.8/site-packages/airflow/example_dags/example_xcomargs.py
[2026-05-03T00:36:29.769+0000] {processor.py:840} INFO - DAG(s) 'example_xcom_args', 'example_xcom_args_with_operators' retrieved from /home/airflow/.local/lib/python3.8/site-packages/airflow/example_dags/example_xcomargs.py
[2026-05-03T00:36:29.796+0000] {logging_mixin.py:188} INFO - [2026-05-03T00:36:29.796+0000] {dag.py:3047} INFO - Sync 2 DAGs
[2026-05-03T00:36:29.805+0000] {logging_mixin.py:188} INFO - [2026-05-03T00:36:29.805+0000] {dag.py:3834} INFO - Setting next_dagrun for example_xcom_args to None, run_after=None
[2026-05-03T00:36:29.809+0000] {logging_mixin.py:188} INFO - [2026-05-03T00:36:29.809+0000] {dag.py:3834} INFO - Setting next_dagrun for example_xcom_args_with_operators to None, run_after=None
[2026-05-03T00:36:29.824+0000] {processor.py:183} INFO - Processing /home/airflow/.local/lib/python3.8/site-packages/airflow/example_dags/example_xcomargs.py took 0.065 seconds
[2026-05-03T00:37:00.169+0000] {processor.py:161} INFO - Started process (PID=4046) to work on /home/airflow/.local/lib/python3.8/site-packages/airflow/example_dags/example_xcomargs.py
[2026-05-03T00:37:00.170+0000] {processor.py:830} INFO - Processing file /home/airflow/.local/lib/python3.8/site-packages/airflow/example_dags/example_xcomargs.py for tasks to queue
[2026-05-03T00:37:00.172+0000] {logging_mixin.py:188} INFO - [2026-05-03T00:37:00.172+0000] {dagbag.py:540} INFO - Filling up the DagBag from /home/airflow/.local/lib/python3.8/site-packages/airflow/example_dags/example_xcomargs.py
[2026-05-03T00:37:00.179+0000] {processor.py:840} INFO - DAG(s) 'example_xcom_args', 'example_xcom_args_with_operators' retrieved from /home/airflow/.local/lib/python3.8/site-packages/airflow/example_dags/example_xcomargs.py
[2026-05-03T00:37:00.201+0000] {logging_mixin.py:188} INFO - [2026-05-03T00:37:00.201+0000] {dag.py:3047} INFO - Sync 2 DAGs
[2026-05-03T00:37:00.212+0000] {logging_mixin.py:188} INFO - [2026-05-03T00:37:00.211+0000] {dag.py:3834} INFO - Setting next_dagrun for example_xcom_args to None, run_after=None
[2026-05-03T00:37:00.215+0000] {logging_mixin.py:188} INFO - [2026-05-03T00:37:00.215+0000] {dag.py:3834} INFO - Setting next_dagrun for example_xcom_args_with_operators to None, run_after=None
[2026-05-03T00:37:00.226+0000] {processor.py:183} INFO - Processing /home/airflow/.local/lib/python3.8/site-packages/airflow/example_dags/example_xcomargs.py took 0.059 seconds
[2026-05-03T00:37:30.632+0000] {processor.py:161} INFO - Started process (PID=4102) to work on /home/airflow/.local/lib/python3.8/site-packages/airflow/example_dags/example_xcomargs.py
[2026-05-03T00:37:30.635+0000] {processor.py:830} INFO - Processing file /home/airflow/.local/lib/python3.8/site-packages/airflow/example_dags/example_xcomargs.py for tasks to queue
[2026-05-03T00:37:30.638+0000] {logging_mixin.py:188} INFO - [2026-05-03T00:37:30.638+0000] {dagbag.py:540} INFO - Filling up the DagBag from /home/airflow/.local/lib/python3.8/site-packages/airflow/example_dags/example_xcomargs.py
[2026-05-03T00:37:30.659+0000] {processor.py:840} INFO - DAG(s) 'example_xcom_args_with_operators', 'example_xcom_args' retrieved from /home/airflow/.local/lib/python3.8/site-packages/airflow/example_dags/example_xcomargs.py
[2026-05-03T00:37:30.704+0000] {logging_mixin.py:188} INFO - [2026-05-03T00:37:30.703+0000] {dag.py:3047} INFO - Sync 2 DAGs
[2026-05-03T00:37:30.717+0000] {logging_mixin.py:188} INFO - [2026-05-03T00:37:30.717+0000] {dag.py:3834} INFO - Setting next_dagrun for example_xcom_args to None, run_after=None
[2026-05-03T00:37:30.720+0000] {logging_mixin.py:188} INFO - [2026-05-03T00:37:30.720+0000] {dag.py:3834} INFO - Setting next_dagrun for example_xcom_args_with_operators to None, run_after=None
[2026-05-03T00:37:30.733+0000] {processor.py:183} INFO - Processing /home/airflow/.local/lib/python3.8/site-packages/airflow/example_dags/example_xcomargs.py took 0.105 seconds
[2026-05-03T00:38:01.127+0000] {processor.py:161} INFO - Started process (PID=4158) to work on /home/airflow/.local/lib/python3.8/site-packages/airflow/example_dags/example_xcomargs.py
[2026-05-03T00:38:01.128+0000] {processor.py:830} INFO - Processing file /home/airflow/.local/lib/python3.8/site-packages/airflow/example_dags/example_xcomargs.py for tasks to queue
[2026-05-03T00:38:01.129+0000] {logging_mixin.py:188} INFO - [2026-05-03T00:38:01.129+0000] {dagbag.py:540} INFO - Filling up the DagBag from /home/airflow/.local/lib/python3.8/site-packages/airflow/example_dags/example_xcomargs.py
[2026-05-03T00:38:01.136+0000] {processor.py:840} INFO - DAG(s) 'example_xcom_args_with_operators', 'example_xcom_args' retrieved from /home/airflow/.local/lib/python3.8/site-packages/airflow/example_dags/example_xcomargs.py
[2026-05-03T00:38:01.153+0000] {logging_mixin.py:188} INFO - [2026-05-03T00:38:01.152+0000] {dag.py:3047} INFO - Sync 2 DAGs
[2026-05-03T00:38:01.161+0000] {logging_mixin.py:188} INFO - [2026-05-03T00:38:01.161+0000] {dag.py:3834} INFO - Setting next_dagrun for example_xcom_args to None, run_after=None
[2026-05-03T00:38:01.166+0000] {logging_mixin.py:188} INFO - [2026-05-03T00:38:01.166+0000] {dag.py:3834} INFO - Setting next_dagrun for example_xcom_args_with_operators to None, run_after=None
[2026-05-03T00:38:01.188+0000] {processor.py:183} INFO - Processing /home/airflow/.local/lib/python3.8/site-packages/airflow/example_dags/example_xcomargs.py took 0.063 seconds
[2026-05-03T00:38:31.631+0000] {processor.py:161} INFO - Started process (PID=4214) to work on /home/airflow/.local/lib/python3.8/site-packages/airflow/example_dags/example_xcomargs.py
[2026-05-03T00:38:31.634+0000] {processor.py:830} INFO - Processing file /home/airflow/.local/lib/python3.8/site-packages/airflow/example_dags/example_xcomargs.py for tasks to queue
[2026-05-03T00:38:31.635+0000] {logging_mixin.py:188} INFO - [2026-05-03T00:38:31.635+0000] {dagbag.py:540} INFO - Filling up the DagBag from /home/airflow/.local/lib/python3.8/site-packages/airflow/example_dags/example_xcomargs.py
[2026-05-03T00:38:31.641+0000] {processor.py:840} INFO - DAG(s) 'example_xcom_args', 'example_xcom_args_with_operators' retrieved from /home/airflow/.local/lib/python3.8/site-packages/airflow/example_dags/example_xcomargs.py
[2026-05-03T00:38:31.658+0000] {logging_mixin.py:188} INFO - [2026-05-03T00:38:31.658+0000] {dag.py:3047} INFO - Sync 2 DAGs
[2026-05-03T00:38:31.669+0000] {logging_mixin.py:188} INFO - [2026-05-03T00:38:31.669+0000] {dag.py:3834} INFO - Setting next_dagrun for example_xcom_args to None, run_after=None
[2026-05-03T00:38:31.673+0000] {logging_mixin.py:188} INFO - [2026-05-03T00:38:31.671+0000] {dag.py:3834} INFO - Setting next_dagrun for example_xcom_args_with_operators to None, run_after=None
[2026-05-03T00:38:31.686+0000] {processor.py:183} INFO - Processing /home/airflow/.local/lib/python3.8/site-packages/airflow/example_dags/example_xcomargs.py took 0.058 seconds
[2026-05-03T00:39:01.856+0000] {processor.py:161} INFO - Started process (PID=4270) to work on /home/airflow/.local/lib/python3.8/site-packages/airflow/example_dags/example_xcomargs.py
[2026-05-03T00:39:01.857+0000] {processor.py:830} INFO - Processing file /home/airflow/.local/lib/python3.8/site-packages/airflow/example_dags/example_xcomargs.py for tasks to queue
[2026-05-03T00:39:01.858+0000] {logging_mixin.py:188} INFO - [2026-05-03T00:39:01.858+0000] {dagbag.py:540} INFO - Filling up the DagBag from /home/airflow/.local/lib/python3.8/site-packages/airflow/example_dags/example_xcomargs.py
[2026-05-03T00:39:01.864+0000] {processor.py:840} INFO - DAG(s) 'example_xcom_args_with_operators', 'example_xcom_args' retrieved from /home/airflow/.local/lib/python3.8/site-packages/airflow/example_dags/example_xcomargs.py
[2026-05-03T00:39:01.878+0000] {logging_mixin.py:188} INFO - [2026-05-03T00:39:01.878+0000] {dag.py:3047} INFO - Sync 2 DAGs
[2026-05-03T00:39:01.886+0000] {logging_mixin.py:188} INFO - [2026-05-03T00:39:01.886+0000] {dag.py:3834} INFO - Setting next_dagrun for example_xcom_args to None, run_after=None
[2026-05-03T00:39:01.888+0000] {logging_mixin.py:188} INFO - [2026-05-03T00:39:01.888+0000] {dag.py:3834} INFO - Setting next_dagrun for example_xcom_args_with_operators to None, run_after=None
[2026-05-03T00:39:01.897+0000] {processor.py:183} INFO - Processing /home/airflow/.local/lib/python3.8/site-packages/airflow/example_dags/example_xcomargs.py took 0.044 seconds
[2026-05-03T00:39:32.343+0000] {processor.py:161} INFO - Started process (PID=4326) to work on /home/airflow/.local/lib/python3.8/site-packages/airflow/example_dags/example_xcomargs.py
[2026-05-03T00:39:32.346+0000] {processor.py:830} INFO - Processing file /home/airflow/.local/lib/python3.8/site-packages/airflow/example_dags/example_xcomargs.py for tasks to queue
[2026-05-03T00:39:32.348+0000] {logging_mixin.py:188} INFO - [2026-05-03T00:39:32.347+0000] {dagbag.py:540} INFO - Filling up the DagBag from /home/airflow/.local/lib/python3.8/site-packages/airflow/example_dags/example_xcomargs.py
[2026-05-03T00:39:32.363+0000] {processor.py:840} INFO - DAG(s) 'example_xcom_args', 'example_xcom_args_with_operators' retrieved from /home/airflow/.local/lib/python3.8/site-packages/airflow/example_dags/example_xcomargs.py
[2026-05-03T00:39:32.392+0000] {logging_mixin.py:188} INFO - [2026-05-03T00:39:32.391+0000] {dag.py:3047} INFO - Sync 2 DAGs
[2026-05-03T00:39:32.406+0000] {logging_mixin.py:188} INFO - [2026-05-03T00:39:32.406+0000] {dag.py:3834} INFO - Setting next_dagrun for example_xcom_args to None, run_after=None
[2026-05-03T00:39:32.409+0000] {logging_mixin.py:188} INFO - [2026-05-03T00:39:32.409+0000] {dag.py:3834} INFO - Setting next_dagrun for example_xcom_args_with_operators to None, run_after=None
[2026-05-03T00:39:32.422+0000] {processor.py:183} INFO - Processing /home/airflow/.local/lib/python3.8/site-packages/airflow/example_dags/example_xcomargs.py took 0.082 seconds
