[2026-05-03T00:02:00.154+0000] {processor.py:161} INFO - Started process (PID=2761) to work on /home/airflow/.local/lib/python3.8/site-packages/airflow/example_dags/example_subdag_operator.py
[2026-05-03T00:02:00.159+0000] {processor.py:830} INFO - Processing file /home/airflow/.local/lib/python3.8/site-packages/airflow/example_dags/example_subdag_operator.py for tasks to queue
[2026-05-03T00:02:00.163+0000] {logging_mixin.py:188} INFO - [2026-05-03T00:02:00.163+0000] {dagbag.py:540} INFO - Filling up the DagBag from /home/airflow/.local/lib/python3.8/site-packages/airflow/example_dags/example_subdag_operator.py
[2026-05-03T00:02:00.207+0000] {processor.py:840} INFO - DAG(s) 'example_subdag_operator.section-1', 'example_subdag_operator.section-2', 'example_subdag_operator' retrieved from /home/airflow/.local/lib/python3.8/site-packages/airflow/example_dags/example_subdag_operator.py
[2026-05-03T00:02:00.241+0000] {logging_mixin.py:188} INFO - [2026-05-03T00:02:00.240+0000] {dag.py:3047} INFO - Sync 3 DAGs
[2026-05-03T00:02:00.290+0000] {logging_mixin.py:188} INFO - [2026-05-03T00:02:00.290+0000] {dag.py:3834} INFO - Setting next_dagrun for example_subdag_operator to 2022-01-01 00:00:00+00:00, run_after=2022-01-01 00:00:00+00:00
[2026-05-03T00:02:00.297+0000] {logging_mixin.py:188} INFO - [2026-05-03T00:02:00.296+0000] {dag.py:3834} INFO - Setting next_dagrun for example_subdag_operator.section-1 to None, run_after=None
[2026-05-03T00:02:00.299+0000] {logging_mixin.py:188} INFO - [2026-05-03T00:02:00.299+0000] {dag.py:3834} INFO - Setting next_dagrun for example_subdag_operator.section-2 to None, run_after=None
[2026-05-03T00:02:00.313+0000] {logging_mixin.py:188} INFO - [2026-05-03T00:02:00.313+0000] {dag.py:3047} INFO - Sync 2 DAGs
[2026-05-03T00:02:00.319+0000] {logging_mixin.py:188} INFO - [2026-05-03T00:02:00.319+0000] {dag.py:3834} INFO - Setting next_dagrun for example_subdag_operator.section-1 to None, run_after=None
[2026-05-03T00:02:00.320+0000] {logging_mixin.py:188} INFO - [2026-05-03T00:02:00.320+0000] {dag.py:3834} INFO - Setting next_dagrun for example_subdag_operator.section-2 to None, run_after=None
[2026-05-03T00:02:00.340+0000] {processor.py:183} INFO - Processing /home/airflow/.local/lib/python3.8/site-packages/airflow/example_dags/example_subdag_operator.py took 0.196 seconds
[2026-05-03T00:11:41.510+0000] {processor.py:161} INFO - Started process (PID=2817) to work on /home/airflow/.local/lib/python3.8/site-packages/airflow/example_dags/example_subdag_operator.py
[2026-05-03T00:11:41.513+0000] {processor.py:830} INFO - Processing file /home/airflow/.local/lib/python3.8/site-packages/airflow/example_dags/example_subdag_operator.py for tasks to queue
[2026-05-03T00:11:41.514+0000] {logging_mixin.py:188} INFO - [2026-05-03T00:11:41.514+0000] {dagbag.py:540} INFO - Filling up the DagBag from /home/airflow/.local/lib/python3.8/site-packages/airflow/example_dags/example_subdag_operator.py
[2026-05-03T00:11:41.531+0000] {processor.py:840} INFO - DAG(s) 'example_subdag_operator.section-1', 'example_subdag_operator.section-2', 'example_subdag_operator' retrieved from /home/airflow/.local/lib/python3.8/site-packages/airflow/example_dags/example_subdag_operator.py
[2026-05-03T00:11:41.541+0000] {logging_mixin.py:188} INFO - [2026-05-03T00:11:41.541+0000] {dag.py:3047} INFO - Sync 3 DAGs
[2026-05-03T00:11:41.555+0000] {logging_mixin.py:188} INFO - [2026-05-03T00:11:41.555+0000] {dag.py:3834} INFO - Setting next_dagrun for example_subdag_operator to 2022-01-01 00:00:00+00:00, run_after=2022-01-01 00:00:00+00:00
[2026-05-03T00:11:41.557+0000] {logging_mixin.py:188} INFO - [2026-05-03T00:11:41.557+0000] {dag.py:3834} INFO - Setting next_dagrun for example_subdag_operator.section-1 to None, run_after=None
[2026-05-03T00:11:41.558+0000] {logging_mixin.py:188} INFO - [2026-05-03T00:11:41.558+0000] {dag.py:3834} INFO - Setting next_dagrun for example_subdag_operator.section-2 to None, run_after=None
[2026-05-03T00:11:41.562+0000] {logging_mixin.py:188} INFO - [2026-05-03T00:11:41.562+0000] {dag.py:3047} INFO - Sync 2 DAGs
[2026-05-03T00:11:41.565+0000] {logging_mixin.py:188} INFO - [2026-05-03T00:11:41.565+0000] {dag.py:3834} INFO - Setting next_dagrun for example_subdag_operator.section-1 to None, run_after=None
[2026-05-03T00:11:41.566+0000] {logging_mixin.py:188} INFO - [2026-05-03T00:11:41.566+0000] {dag.py:3834} INFO - Setting next_dagrun for example_subdag_operator.section-2 to None, run_after=None
[2026-05-03T00:11:41.572+0000] {processor.py:183} INFO - Processing /home/airflow/.local/lib/python3.8/site-packages/airflow/example_dags/example_subdag_operator.py took 0.065 seconds
[2026-05-03T00:20:52.665+0000] {processor.py:161} INFO - Started process (PID=2873) to work on /home/airflow/.local/lib/python3.8/site-packages/airflow/example_dags/example_subdag_operator.py
[2026-05-03T00:20:52.667+0000] {processor.py:830} INFO - Processing file /home/airflow/.local/lib/python3.8/site-packages/airflow/example_dags/example_subdag_operator.py for tasks to queue
[2026-05-03T00:20:52.671+0000] {logging_mixin.py:188} INFO - [2026-05-03T00:20:52.671+0000] {dagbag.py:540} INFO - Filling up the DagBag from /home/airflow/.local/lib/python3.8/site-packages/airflow/example_dags/example_subdag_operator.py
[2026-05-03T00:20:52.714+0000] {processor.py:840} INFO - DAG(s) 'example_subdag_operator.section-1', 'example_subdag_operator.section-2', 'example_subdag_operator' retrieved from /home/airflow/.local/lib/python3.8/site-packages/airflow/example_dags/example_subdag_operator.py
[2026-05-03T00:20:52.740+0000] {logging_mixin.py:188} INFO - [2026-05-03T00:20:52.739+0000] {dag.py:3047} INFO - Sync 3 DAGs
[2026-05-03T00:20:52.776+0000] {logging_mixin.py:188} INFO - [2026-05-03T00:20:52.775+0000] {dag.py:3834} INFO - Setting next_dagrun for example_subdag_operator to 2022-01-01 00:00:00+00:00, run_after=2022-01-01 00:00:00+00:00
[2026-05-03T00:20:52.781+0000] {logging_mixin.py:188} INFO - [2026-05-03T00:20:52.781+0000] {dag.py:3834} INFO - Setting next_dagrun for example_subdag_operator.section-1 to None, run_after=None
[2026-05-03T00:20:52.783+0000] {logging_mixin.py:188} INFO - [2026-05-03T00:20:52.783+0000] {dag.py:3834} INFO - Setting next_dagrun for example_subdag_operator.section-2 to None, run_after=None
[2026-05-03T00:20:52.796+0000] {logging_mixin.py:188} INFO - [2026-05-03T00:20:52.796+0000] {dag.py:3047} INFO - Sync 2 DAGs
[2026-05-03T00:20:52.804+0000] {logging_mixin.py:188} INFO - [2026-05-03T00:20:52.804+0000] {dag.py:3834} INFO - Setting next_dagrun for example_subdag_operator.section-1 to None, run_after=None
[2026-05-03T00:20:52.805+0000] {logging_mixin.py:188} INFO - [2026-05-03T00:20:52.804+0000] {dag.py:3834} INFO - Setting next_dagrun for example_subdag_operator.section-2 to None, run_after=None
[2026-05-03T00:20:52.822+0000] {processor.py:183} INFO - Processing /home/airflow/.local/lib/python3.8/site-packages/airflow/example_dags/example_subdag_operator.py took 0.159 seconds
[2026-05-03T00:26:52.688+0000] {processor.py:161} INFO - Started process (PID=2929) to work on /home/airflow/.local/lib/python3.8/site-packages/airflow/example_dags/example_subdag_operator.py
[2026-05-03T00:26:52.690+0000] {processor.py:830} INFO - Processing file /home/airflow/.local/lib/python3.8/site-packages/airflow/example_dags/example_subdag_operator.py for tasks to queue
[2026-05-03T00:26:52.693+0000] {logging_mixin.py:188} INFO - [2026-05-03T00:26:52.693+0000] {dagbag.py:540} INFO - Filling up the DagBag from /home/airflow/.local/lib/python3.8/site-packages/airflow/example_dags/example_subdag_operator.py
[2026-05-03T00:26:52.748+0000] {processor.py:840} INFO - DAG(s) 'example_subdag_operator.section-1', 'example_subdag_operator.section-2', 'example_subdag_operator' retrieved from /home/airflow/.local/lib/python3.8/site-packages/airflow/example_dags/example_subdag_operator.py
[2026-05-03T00:26:52.778+0000] {logging_mixin.py:188} INFO - [2026-05-03T00:26:52.777+0000] {dag.py:3047} INFO - Sync 3 DAGs
[2026-05-03T00:26:52.825+0000] {logging_mixin.py:188} INFO - [2026-05-03T00:26:52.824+0000] {dag.py:3834} INFO - Setting next_dagrun for example_subdag_operator to 2022-01-01 00:00:00+00:00, run_after=2022-01-01 00:00:00+00:00
[2026-05-03T00:26:52.834+0000] {logging_mixin.py:188} INFO - [2026-05-03T00:26:52.834+0000] {dag.py:3834} INFO - Setting next_dagrun for example_subdag_operator.section-1 to None, run_after=None
[2026-05-03T00:26:52.841+0000] {logging_mixin.py:188} INFO - [2026-05-03T00:26:52.841+0000] {dag.py:3834} INFO - Setting next_dagrun for example_subdag_operator.section-2 to None, run_after=None
[2026-05-03T00:26:52.856+0000] {logging_mixin.py:188} INFO - [2026-05-03T00:26:52.856+0000] {dag.py:3047} INFO - Sync 2 DAGs
[2026-05-03T00:26:52.870+0000] {logging_mixin.py:188} INFO - [2026-05-03T00:26:52.870+0000] {dag.py:3834} INFO - Setting next_dagrun for example_subdag_operator.section-1 to None, run_after=None
[2026-05-03T00:26:52.873+0000] {logging_mixin.py:188} INFO - [2026-05-03T00:26:52.872+0000] {dag.py:3834} INFO - Setting next_dagrun for example_subdag_operator.section-2 to None, run_after=None
[2026-05-03T00:26:52.922+0000] {processor.py:183} INFO - Processing /home/airflow/.local/lib/python3.8/site-packages/airflow/example_dags/example_subdag_operator.py took 0.239 seconds
[2026-05-03T00:27:23.834+0000] {processor.py:161} INFO - Started process (PID=2985) to work on /home/airflow/.local/lib/python3.8/site-packages/airflow/example_dags/example_subdag_operator.py
[2026-05-03T00:27:23.835+0000] {processor.py:830} INFO - Processing file /home/airflow/.local/lib/python3.8/site-packages/airflow/example_dags/example_subdag_operator.py for tasks to queue
[2026-05-03T00:27:23.837+0000] {logging_mixin.py:188} INFO - [2026-05-03T00:27:23.837+0000] {dagbag.py:540} INFO - Filling up the DagBag from /home/airflow/.local/lib/python3.8/site-packages/airflow/example_dags/example_subdag_operator.py
[2026-05-03T00:27:23.854+0000] {processor.py:840} INFO - DAG(s) 'example_subdag_operator.section-1', 'example_subdag_operator.section-2', 'example_subdag_operator' retrieved from /home/airflow/.local/lib/python3.8/site-packages/airflow/example_dags/example_subdag_operator.py
[2026-05-03T00:27:23.865+0000] {logging_mixin.py:188} INFO - [2026-05-03T00:27:23.865+0000] {dag.py:3047} INFO - Sync 3 DAGs
[2026-05-03T00:27:23.878+0000] {logging_mixin.py:188} INFO - [2026-05-03T00:27:23.877+0000] {dag.py:3834} INFO - Setting next_dagrun for example_subdag_operator to 2022-01-01 00:00:00+00:00, run_after=2022-01-01 00:00:00+00:00
[2026-05-03T00:27:23.880+0000] {logging_mixin.py:188} INFO - [2026-05-03T00:27:23.879+0000] {dag.py:3834} INFO - Setting next_dagrun for example_subdag_operator.section-1 to None, run_after=None
[2026-05-03T00:27:23.880+0000] {logging_mixin.py:188} INFO - [2026-05-03T00:27:23.880+0000] {dag.py:3834} INFO - Setting next_dagrun for example_subdag_operator.section-2 to None, run_after=None
[2026-05-03T00:27:23.884+0000] {logging_mixin.py:188} INFO - [2026-05-03T00:27:23.884+0000] {dag.py:3047} INFO - Sync 2 DAGs
[2026-05-03T00:27:23.887+0000] {logging_mixin.py:188} INFO - [2026-05-03T00:27:23.887+0000] {dag.py:3834} INFO - Setting next_dagrun for example_subdag_operator.section-1 to None, run_after=None
[2026-05-03T00:27:23.888+0000] {logging_mixin.py:188} INFO - [2026-05-03T00:27:23.887+0000] {dag.py:3834} INFO - Setting next_dagrun for example_subdag_operator.section-2 to None, run_after=None
[2026-05-03T00:27:23.896+0000] {processor.py:183} INFO - Processing /home/airflow/.local/lib/python3.8/site-packages/airflow/example_dags/example_subdag_operator.py took 0.065 seconds
[2026-05-03T00:27:54.729+0000] {processor.py:161} INFO - Started process (PID=3041) to work on /home/airflow/.local/lib/python3.8/site-packages/airflow/example_dags/example_subdag_operator.py
[2026-05-03T00:27:54.730+0000] {processor.py:830} INFO - Processing file /home/airflow/.local/lib/python3.8/site-packages/airflow/example_dags/example_subdag_operator.py for tasks to queue
[2026-05-03T00:27:54.731+0000] {logging_mixin.py:188} INFO - [2026-05-03T00:27:54.731+0000] {dagbag.py:540} INFO - Filling up the DagBag from /home/airflow/.local/lib/python3.8/site-packages/airflow/example_dags/example_subdag_operator.py
[2026-05-03T00:27:54.756+0000] {processor.py:840} INFO - DAG(s) 'example_subdag_operator.section-1', 'example_subdag_operator.section-2', 'example_subdag_operator' retrieved from /home/airflow/.local/lib/python3.8/site-packages/airflow/example_dags/example_subdag_operator.py
[2026-05-03T00:27:54.772+0000] {logging_mixin.py:188} INFO - [2026-05-03T00:27:54.771+0000] {dag.py:3047} INFO - Sync 3 DAGs
[2026-05-03T00:27:54.795+0000] {logging_mixin.py:188} INFO - [2026-05-03T00:27:54.794+0000] {dag.py:3834} INFO - Setting next_dagrun for example_subdag_operator to 2022-01-01 00:00:00+00:00, run_after=2022-01-01 00:00:00+00:00
[2026-05-03T00:27:54.797+0000] {logging_mixin.py:188} INFO - [2026-05-03T00:27:54.797+0000] {dag.py:3834} INFO - Setting next_dagrun for example_subdag_operator.section-1 to None, run_after=None
[2026-05-03T00:27:54.798+0000] {logging_mixin.py:188} INFO - [2026-05-03T00:27:54.798+0000] {dag.py:3834} INFO - Setting next_dagrun for example_subdag_operator.section-2 to None, run_after=None
[2026-05-03T00:27:54.804+0000] {logging_mixin.py:188} INFO - [2026-05-03T00:27:54.803+0000] {dag.py:3047} INFO - Sync 2 DAGs
[2026-05-03T00:27:54.809+0000] {logging_mixin.py:188} INFO - [2026-05-03T00:27:54.809+0000] {dag.py:3834} INFO - Setting next_dagrun for example_subdag_operator.section-1 to None, run_after=None
[2026-05-03T00:27:54.809+0000] {logging_mixin.py:188} INFO - [2026-05-03T00:27:54.809+0000] {dag.py:3834} INFO - Setting next_dagrun for example_subdag_operator.section-2 to None, run_after=None
[2026-05-03T00:27:54.821+0000] {processor.py:183} INFO - Processing /home/airflow/.local/lib/python3.8/site-packages/airflow/example_dags/example_subdag_operator.py took 0.095 seconds
[2026-05-03T00:28:25.125+0000] {processor.py:161} INFO - Started process (PID=3097) to work on /home/airflow/.local/lib/python3.8/site-packages/airflow/example_dags/example_subdag_operator.py
[2026-05-03T00:28:25.129+0000] {processor.py:830} INFO - Processing file /home/airflow/.local/lib/python3.8/site-packages/airflow/example_dags/example_subdag_operator.py for tasks to queue
[2026-05-03T00:28:25.131+0000] {logging_mixin.py:188} INFO - [2026-05-03T00:28:25.131+0000] {dagbag.py:540} INFO - Filling up the DagBag from /home/airflow/.local/lib/python3.8/site-packages/airflow/example_dags/example_subdag_operator.py
[2026-05-03T00:28:25.156+0000] {processor.py:840} INFO - DAG(s) 'example_subdag_operator.section-1', 'example_subdag_operator.section-2', 'example_subdag_operator' retrieved from /home/airflow/.local/lib/python3.8/site-packages/airflow/example_dags/example_subdag_operator.py
[2026-05-03T00:28:25.169+0000] {logging_mixin.py:188} INFO - [2026-05-03T00:28:25.169+0000] {dag.py:3047} INFO - Sync 3 DAGs
[2026-05-03T00:28:25.185+0000] {logging_mixin.py:188} INFO - [2026-05-03T00:28:25.185+0000] {dag.py:3834} INFO - Setting next_dagrun for example_subdag_operator to 2022-01-01 00:00:00+00:00, run_after=2022-01-01 00:00:00+00:00
[2026-05-03T00:28:25.187+0000] {logging_mixin.py:188} INFO - [2026-05-03T00:28:25.187+0000] {dag.py:3834} INFO - Setting next_dagrun for example_subdag_operator.section-1 to None, run_after=None
[2026-05-03T00:28:25.188+0000] {logging_mixin.py:188} INFO - [2026-05-03T00:28:25.188+0000] {dag.py:3834} INFO - Setting next_dagrun for example_subdag_operator.section-2 to None, run_after=None
[2026-05-03T00:28:25.196+0000] {logging_mixin.py:188} INFO - [2026-05-03T00:28:25.196+0000] {dag.py:3047} INFO - Sync 2 DAGs
[2026-05-03T00:28:25.203+0000] {logging_mixin.py:188} INFO - [2026-05-03T00:28:25.203+0000] {dag.py:3834} INFO - Setting next_dagrun for example_subdag_operator.section-1 to None, run_after=None
[2026-05-03T00:28:25.203+0000] {logging_mixin.py:188} INFO - [2026-05-03T00:28:25.203+0000] {dag.py:3834} INFO - Setting next_dagrun for example_subdag_operator.section-2 to None, run_after=None
[2026-05-03T00:28:25.211+0000] {processor.py:183} INFO - Processing /home/airflow/.local/lib/python3.8/site-packages/airflow/example_dags/example_subdag_operator.py took 0.091 seconds
[2026-05-03T00:28:55.404+0000] {processor.py:161} INFO - Started process (PID=3153) to work on /home/airflow/.local/lib/python3.8/site-packages/airflow/example_dags/example_subdag_operator.py
[2026-05-03T00:28:55.405+0000] {processor.py:830} INFO - Processing file /home/airflow/.local/lib/python3.8/site-packages/airflow/example_dags/example_subdag_operator.py for tasks to queue
[2026-05-03T00:28:55.407+0000] {logging_mixin.py:188} INFO - [2026-05-03T00:28:55.406+0000] {dagbag.py:540} INFO - Filling up the DagBag from /home/airflow/.local/lib/python3.8/site-packages/airflow/example_dags/example_subdag_operator.py
[2026-05-03T00:28:55.433+0000] {processor.py:840} INFO - DAG(s) 'example_subdag_operator.section-1', 'example_subdag_operator.section-2', 'example_subdag_operator' retrieved from /home/airflow/.local/lib/python3.8/site-packages/airflow/example_dags/example_subdag_operator.py
[2026-05-03T00:28:55.448+0000] {logging_mixin.py:188} INFO - [2026-05-03T00:28:55.448+0000] {dag.py:3047} INFO - Sync 3 DAGs
[2026-05-03T00:28:55.464+0000] {logging_mixin.py:188} INFO - [2026-05-03T00:28:55.464+0000] {dag.py:3834} INFO - Setting next_dagrun for example_subdag_operator to 2022-01-01 00:00:00+00:00, run_after=2022-01-01 00:00:00+00:00
[2026-05-03T00:28:55.470+0000] {logging_mixin.py:188} INFO - [2026-05-03T00:28:55.470+0000] {dag.py:3834} INFO - Setting next_dagrun for example_subdag_operator.section-1 to None, run_after=None
[2026-05-03T00:28:55.471+0000] {logging_mixin.py:188} INFO - [2026-05-03T00:28:55.471+0000] {dag.py:3834} INFO - Setting next_dagrun for example_subdag_operator.section-2 to None, run_after=None
[2026-05-03T00:28:55.477+0000] {logging_mixin.py:188} INFO - [2026-05-03T00:28:55.477+0000] {dag.py:3047} INFO - Sync 2 DAGs
[2026-05-03T00:28:55.483+0000] {logging_mixin.py:188} INFO - [2026-05-03T00:28:55.483+0000] {dag.py:3834} INFO - Setting next_dagrun for example_subdag_operator.section-1 to None, run_after=None
[2026-05-03T00:28:55.484+0000] {logging_mixin.py:188} INFO - [2026-05-03T00:28:55.484+0000] {dag.py:3834} INFO - Setting next_dagrun for example_subdag_operator.section-2 to None, run_after=None
[2026-05-03T00:28:55.490+0000] {processor.py:183} INFO - Processing /home/airflow/.local/lib/python3.8/site-packages/airflow/example_dags/example_subdag_operator.py took 0.091 seconds
[2026-05-03T00:29:25.707+0000] {processor.py:161} INFO - Started process (PID=3209) to work on /home/airflow/.local/lib/python3.8/site-packages/airflow/example_dags/example_subdag_operator.py
[2026-05-03T00:29:25.712+0000] {processor.py:830} INFO - Processing file /home/airflow/.local/lib/python3.8/site-packages/airflow/example_dags/example_subdag_operator.py for tasks to queue
[2026-05-03T00:29:25.715+0000] {logging_mixin.py:188} INFO - [2026-05-03T00:29:25.714+0000] {dagbag.py:540} INFO - Filling up the DagBag from /home/airflow/.local/lib/python3.8/site-packages/airflow/example_dags/example_subdag_operator.py
[2026-05-03T00:29:25.736+0000] {processor.py:840} INFO - DAG(s) 'example_subdag_operator.section-1', 'example_subdag_operator.section-2', 'example_subdag_operator' retrieved from /home/airflow/.local/lib/python3.8/site-packages/airflow/example_dags/example_subdag_operator.py
[2026-05-03T00:29:25.746+0000] {logging_mixin.py:188} INFO - [2026-05-03T00:29:25.746+0000] {dag.py:3047} INFO - Sync 3 DAGs
[2026-05-03T00:29:25.769+0000] {logging_mixin.py:188} INFO - [2026-05-03T00:29:25.769+0000] {dag.py:3834} INFO - Setting next_dagrun for example_subdag_operator to 2022-01-01 00:00:00+00:00, run_after=2022-01-01 00:00:00+00:00
[2026-05-03T00:29:25.771+0000] {logging_mixin.py:188} INFO - [2026-05-03T00:29:25.771+0000] {dag.py:3834} INFO - Setting next_dagrun for example_subdag_operator.section-1 to None, run_after=None
[2026-05-03T00:29:25.776+0000] {logging_mixin.py:188} INFO - [2026-05-03T00:29:25.775+0000] {dag.py:3834} INFO - Setting next_dagrun for example_subdag_operator.section-2 to None, run_after=None
[2026-05-03T00:29:25.780+0000] {logging_mixin.py:188} INFO - [2026-05-03T00:29:25.780+0000] {dag.py:3047} INFO - Sync 2 DAGs
[2026-05-03T00:29:25.783+0000] {logging_mixin.py:188} INFO - [2026-05-03T00:29:25.783+0000] {dag.py:3834} INFO - Setting next_dagrun for example_subdag_operator.section-1 to None, run_after=None
[2026-05-03T00:29:25.784+0000] {logging_mixin.py:188} INFO - [2026-05-03T00:29:25.784+0000] {dag.py:3834} INFO - Setting next_dagrun for example_subdag_operator.section-2 to None, run_after=None
[2026-05-03T00:29:25.794+0000] {processor.py:183} INFO - Processing /home/airflow/.local/lib/python3.8/site-packages/airflow/example_dags/example_subdag_operator.py took 0.091 seconds
[2026-05-03T00:29:56.060+0000] {processor.py:161} INFO - Started process (PID=3265) to work on /home/airflow/.local/lib/python3.8/site-packages/airflow/example_dags/example_subdag_operator.py
[2026-05-03T00:29:56.061+0000] {processor.py:830} INFO - Processing file /home/airflow/.local/lib/python3.8/site-packages/airflow/example_dags/example_subdag_operator.py for tasks to queue
[2026-05-03T00:29:56.063+0000] {logging_mixin.py:188} INFO - [2026-05-03T00:29:56.062+0000] {dagbag.py:540} INFO - Filling up the DagBag from /home/airflow/.local/lib/python3.8/site-packages/airflow/example_dags/example_subdag_operator.py
[2026-05-03T00:29:56.083+0000] {processor.py:840} INFO - DAG(s) 'example_subdag_operator.section-1', 'example_subdag_operator.section-2', 'example_subdag_operator' retrieved from /home/airflow/.local/lib/python3.8/site-packages/airflow/example_dags/example_subdag_operator.py
[2026-05-03T00:29:56.094+0000] {logging_mixin.py:188} INFO - [2026-05-03T00:29:56.094+0000] {dag.py:3047} INFO - Sync 3 DAGs
[2026-05-03T00:29:56.110+0000] {logging_mixin.py:188} INFO - [2026-05-03T00:29:56.110+0000] {dag.py:3834} INFO - Setting next_dagrun for example_subdag_operator to 2022-01-01 00:00:00+00:00, run_after=2022-01-01 00:00:00+00:00
[2026-05-03T00:29:56.114+0000] {logging_mixin.py:188} INFO - [2026-05-03T00:29:56.113+0000] {dag.py:3834} INFO - Setting next_dagrun for example_subdag_operator.section-1 to None, run_after=None
[2026-05-03T00:29:56.115+0000] {logging_mixin.py:188} INFO - [2026-05-03T00:29:56.115+0000] {dag.py:3834} INFO - Setting next_dagrun for example_subdag_operator.section-2 to None, run_after=None
[2026-05-03T00:29:56.120+0000] {logging_mixin.py:188} INFO - [2026-05-03T00:29:56.120+0000] {dag.py:3047} INFO - Sync 2 DAGs
[2026-05-03T00:29:56.124+0000] {logging_mixin.py:188} INFO - [2026-05-03T00:29:56.124+0000] {dag.py:3834} INFO - Setting next_dagrun for example_subdag_operator.section-1 to None, run_after=None
[2026-05-03T00:29:56.125+0000] {logging_mixin.py:188} INFO - [2026-05-03T00:29:56.125+0000] {dag.py:3834} INFO - Setting next_dagrun for example_subdag_operator.section-2 to None, run_after=None
[2026-05-03T00:29:56.132+0000] {processor.py:183} INFO - Processing /home/airflow/.local/lib/python3.8/site-packages/airflow/example_dags/example_subdag_operator.py took 0.076 seconds
[2026-05-03T00:30:26.371+0000] {processor.py:161} INFO - Started process (PID=3321) to work on /home/airflow/.local/lib/python3.8/site-packages/airflow/example_dags/example_subdag_operator.py
[2026-05-03T00:30:26.372+0000] {processor.py:830} INFO - Processing file /home/airflow/.local/lib/python3.8/site-packages/airflow/example_dags/example_subdag_operator.py for tasks to queue
[2026-05-03T00:30:26.376+0000] {logging_mixin.py:188} INFO - [2026-05-03T00:30:26.376+0000] {dagbag.py:540} INFO - Filling up the DagBag from /home/airflow/.local/lib/python3.8/site-packages/airflow/example_dags/example_subdag_operator.py
[2026-05-03T00:30:26.405+0000] {processor.py:840} INFO - DAG(s) 'example_subdag_operator.section-1', 'example_subdag_operator.section-2', 'example_subdag_operator' retrieved from /home/airflow/.local/lib/python3.8/site-packages/airflow/example_dags/example_subdag_operator.py
[2026-05-03T00:30:26.419+0000] {logging_mixin.py:188} INFO - [2026-05-03T00:30:26.419+0000] {dag.py:3047} INFO - Sync 3 DAGs
[2026-05-03T00:30:26.432+0000] {logging_mixin.py:188} INFO - [2026-05-03T00:30:26.431+0000] {dag.py:3834} INFO - Setting next_dagrun for example_subdag_operator to 2022-01-01 00:00:00+00:00, run_after=2022-01-01 00:00:00+00:00
[2026-05-03T00:30:26.437+0000] {logging_mixin.py:188} INFO - [2026-05-03T00:30:26.437+0000] {dag.py:3834} INFO - Setting next_dagrun for example_subdag_operator.section-1 to None, run_after=None
[2026-05-03T00:30:26.438+0000] {logging_mixin.py:188} INFO - [2026-05-03T00:30:26.438+0000] {dag.py:3834} INFO - Setting next_dagrun for example_subdag_operator.section-2 to None, run_after=None
[2026-05-03T00:30:26.442+0000] {logging_mixin.py:188} INFO - [2026-05-03T00:30:26.442+0000] {dag.py:3047} INFO - Sync 2 DAGs
[2026-05-03T00:30:26.448+0000] {logging_mixin.py:188} INFO - [2026-05-03T00:30:26.448+0000] {dag.py:3834} INFO - Setting next_dagrun for example_subdag_operator.section-1 to None, run_after=None
[2026-05-03T00:30:26.449+0000] {logging_mixin.py:188} INFO - [2026-05-03T00:30:26.449+0000] {dag.py:3834} INFO - Setting next_dagrun for example_subdag_operator.section-2 to None, run_after=None
[2026-05-03T00:30:26.456+0000] {processor.py:183} INFO - Processing /home/airflow/.local/lib/python3.8/site-packages/airflow/example_dags/example_subdag_operator.py took 0.087 seconds
[2026-05-03T00:30:56.602+0000] {processor.py:161} INFO - Started process (PID=3377) to work on /home/airflow/.local/lib/python3.8/site-packages/airflow/example_dags/example_subdag_operator.py
[2026-05-03T00:30:56.603+0000] {processor.py:830} INFO - Processing file /home/airflow/.local/lib/python3.8/site-packages/airflow/example_dags/example_subdag_operator.py for tasks to queue
[2026-05-03T00:30:56.604+0000] {logging_mixin.py:188} INFO - [2026-05-03T00:30:56.604+0000] {dagbag.py:540} INFO - Filling up the DagBag from /home/airflow/.local/lib/python3.8/site-packages/airflow/example_dags/example_subdag_operator.py
[2026-05-03T00:30:56.626+0000] {processor.py:840} INFO - DAG(s) 'example_subdag_operator.section-1', 'example_subdag_operator.section-2', 'example_subdag_operator' retrieved from /home/airflow/.local/lib/python3.8/site-packages/airflow/example_dags/example_subdag_operator.py
[2026-05-03T00:30:56.639+0000] {logging_mixin.py:188} INFO - [2026-05-03T00:30:56.638+0000] {dag.py:3047} INFO - Sync 3 DAGs
[2026-05-03T00:30:56.657+0000] {logging_mixin.py:188} INFO - [2026-05-03T00:30:56.657+0000] {dag.py:3834} INFO - Setting next_dagrun for example_subdag_operator to 2022-01-01 00:00:00+00:00, run_after=2022-01-01 00:00:00+00:00
[2026-05-03T00:30:56.662+0000] {logging_mixin.py:188} INFO - [2026-05-03T00:30:56.662+0000] {dag.py:3834} INFO - Setting next_dagrun for example_subdag_operator.section-1 to None, run_after=None
[2026-05-03T00:30:56.664+0000] {logging_mixin.py:188} INFO - [2026-05-03T00:30:56.663+0000] {dag.py:3834} INFO - Setting next_dagrun for example_subdag_operator.section-2 to None, run_after=None
[2026-05-03T00:30:56.673+0000] {logging_mixin.py:188} INFO - [2026-05-03T00:30:56.673+0000] {dag.py:3047} INFO - Sync 2 DAGs
[2026-05-03T00:30:56.679+0000] {logging_mixin.py:188} INFO - [2026-05-03T00:30:56.679+0000] {dag.py:3834} INFO - Setting next_dagrun for example_subdag_operator.section-1 to None, run_after=None
[2026-05-03T00:30:56.681+0000] {logging_mixin.py:188} INFO - [2026-05-03T00:30:56.681+0000] {dag.py:3834} INFO - Setting next_dagrun for example_subdag_operator.section-2 to None, run_after=None
[2026-05-03T00:30:56.691+0000] {processor.py:183} INFO - Processing /home/airflow/.local/lib/python3.8/site-packages/airflow/example_dags/example_subdag_operator.py took 0.092 seconds
[2026-05-03T00:31:27.188+0000] {processor.py:161} INFO - Started process (PID=3433) to work on /home/airflow/.local/lib/python3.8/site-packages/airflow/example_dags/example_subdag_operator.py
[2026-05-03T00:31:27.191+0000] {processor.py:830} INFO - Processing file /home/airflow/.local/lib/python3.8/site-packages/airflow/example_dags/example_subdag_operator.py for tasks to queue
[2026-05-03T00:31:27.193+0000] {logging_mixin.py:188} INFO - [2026-05-03T00:31:27.192+0000] {dagbag.py:540} INFO - Filling up the DagBag from /home/airflow/.local/lib/python3.8/site-packages/airflow/example_dags/example_subdag_operator.py
[2026-05-03T00:31:27.213+0000] {processor.py:840} INFO - DAG(s) 'example_subdag_operator.section-1', 'example_subdag_operator.section-2', 'example_subdag_operator' retrieved from /home/airflow/.local/lib/python3.8/site-packages/airflow/example_dags/example_subdag_operator.py
[2026-05-03T00:31:27.231+0000] {logging_mixin.py:188} INFO - [2026-05-03T00:31:27.230+0000] {dag.py:3047} INFO - Sync 3 DAGs
[2026-05-03T00:31:27.246+0000] {logging_mixin.py:188} INFO - [2026-05-03T00:31:27.246+0000] {dag.py:3834} INFO - Setting next_dagrun for example_subdag_operator to 2022-01-01 00:00:00+00:00, run_after=2022-01-01 00:00:00+00:00
[2026-05-03T00:31:27.249+0000] {logging_mixin.py:188} INFO - [2026-05-03T00:31:27.248+0000] {dag.py:3834} INFO - Setting next_dagrun for example_subdag_operator.section-1 to None, run_after=None
[2026-05-03T00:31:27.249+0000] {logging_mixin.py:188} INFO - [2026-05-03T00:31:27.249+0000] {dag.py:3834} INFO - Setting next_dagrun for example_subdag_operator.section-2 to None, run_after=None
[2026-05-03T00:31:27.255+0000] {logging_mixin.py:188} INFO - [2026-05-03T00:31:27.255+0000] {dag.py:3047} INFO - Sync 2 DAGs
[2026-05-03T00:31:27.259+0000] {logging_mixin.py:188} INFO - [2026-05-03T00:31:27.259+0000] {dag.py:3834} INFO - Setting next_dagrun for example_subdag_operator.section-1 to None, run_after=None
[2026-05-03T00:31:27.259+0000] {logging_mixin.py:188} INFO - [2026-05-03T00:31:27.259+0000] {dag.py:3834} INFO - Setting next_dagrun for example_subdag_operator.section-2 to None, run_after=None
[2026-05-03T00:31:27.267+0000] {processor.py:183} INFO - Processing /home/airflow/.local/lib/python3.8/site-packages/airflow/example_dags/example_subdag_operator.py took 0.082 seconds
[2026-05-03T00:31:57.515+0000] {processor.py:161} INFO - Started process (PID=3489) to work on /home/airflow/.local/lib/python3.8/site-packages/airflow/example_dags/example_subdag_operator.py
[2026-05-03T00:31:57.517+0000] {processor.py:830} INFO - Processing file /home/airflow/.local/lib/python3.8/site-packages/airflow/example_dags/example_subdag_operator.py for tasks to queue
[2026-05-03T00:31:57.519+0000] {logging_mixin.py:188} INFO - [2026-05-03T00:31:57.519+0000] {dagbag.py:540} INFO - Filling up the DagBag from /home/airflow/.local/lib/python3.8/site-packages/airflow/example_dags/example_subdag_operator.py
[2026-05-03T00:31:57.543+0000] {processor.py:840} INFO - DAG(s) 'example_subdag_operator.section-1', 'example_subdag_operator.section-2', 'example_subdag_operator' retrieved from /home/airflow/.local/lib/python3.8/site-packages/airflow/example_dags/example_subdag_operator.py
[2026-05-03T00:31:57.554+0000] {logging_mixin.py:188} INFO - [2026-05-03T00:31:57.554+0000] {dag.py:3047} INFO - Sync 3 DAGs
[2026-05-03T00:31:57.567+0000] {logging_mixin.py:188} INFO - [2026-05-03T00:31:57.567+0000] {dag.py:3834} INFO - Setting next_dagrun for example_subdag_operator to 2022-01-01 00:00:00+00:00, run_after=2022-01-01 00:00:00+00:00
[2026-05-03T00:31:57.570+0000] {logging_mixin.py:188} INFO - [2026-05-03T00:31:57.570+0000] {dag.py:3834} INFO - Setting next_dagrun for example_subdag_operator.section-1 to None, run_after=None
[2026-05-03T00:31:57.571+0000] {logging_mixin.py:188} INFO - [2026-05-03T00:31:57.571+0000] {dag.py:3834} INFO - Setting next_dagrun for example_subdag_operator.section-2 to None, run_after=None
[2026-05-03T00:31:57.576+0000] {logging_mixin.py:188} INFO - [2026-05-03T00:31:57.576+0000] {dag.py:3047} INFO - Sync 2 DAGs
[2026-05-03T00:31:57.579+0000] {logging_mixin.py:188} INFO - [2026-05-03T00:31:57.579+0000] {dag.py:3834} INFO - Setting next_dagrun for example_subdag_operator.section-1 to None, run_after=None
[2026-05-03T00:31:57.579+0000] {logging_mixin.py:188} INFO - [2026-05-03T00:31:57.579+0000] {dag.py:3834} INFO - Setting next_dagrun for example_subdag_operator.section-2 to None, run_after=None
[2026-05-03T00:31:57.585+0000] {processor.py:183} INFO - Processing /home/airflow/.local/lib/python3.8/site-packages/airflow/example_dags/example_subdag_operator.py took 0.075 seconds
[2026-05-03T00:32:27.873+0000] {processor.py:161} INFO - Started process (PID=3545) to work on /home/airflow/.local/lib/python3.8/site-packages/airflow/example_dags/example_subdag_operator.py
[2026-05-03T00:32:27.876+0000] {processor.py:830} INFO - Processing file /home/airflow/.local/lib/python3.8/site-packages/airflow/example_dags/example_subdag_operator.py for tasks to queue
[2026-05-03T00:32:27.878+0000] {logging_mixin.py:188} INFO - [2026-05-03T00:32:27.877+0000] {dagbag.py:540} INFO - Filling up the DagBag from /home/airflow/.local/lib/python3.8/site-packages/airflow/example_dags/example_subdag_operator.py
[2026-05-03T00:32:27.894+0000] {processor.py:840} INFO - DAG(s) 'example_subdag_operator.section-1', 'example_subdag_operator.section-2', 'example_subdag_operator' retrieved from /home/airflow/.local/lib/python3.8/site-packages/airflow/example_dags/example_subdag_operator.py
[2026-05-03T00:32:27.904+0000] {logging_mixin.py:188} INFO - [2026-05-03T00:32:27.903+0000] {dag.py:3047} INFO - Sync 3 DAGs
[2026-05-03T00:32:27.917+0000] {logging_mixin.py:188} INFO - [2026-05-03T00:32:27.917+0000] {dag.py:3834} INFO - Setting next_dagrun for example_subdag_operator to 2022-01-01 00:00:00+00:00, run_after=2022-01-01 00:00:00+00:00
[2026-05-03T00:32:27.921+0000] {logging_mixin.py:188} INFO - [2026-05-03T00:32:27.921+0000] {dag.py:3834} INFO - Setting next_dagrun for example_subdag_operator.section-1 to None, run_after=None
[2026-05-03T00:32:27.922+0000] {logging_mixin.py:188} INFO - [2026-05-03T00:32:27.922+0000] {dag.py:3834} INFO - Setting next_dagrun for example_subdag_operator.section-2 to None, run_after=None
[2026-05-03T00:32:27.927+0000] {logging_mixin.py:188} INFO - [2026-05-03T00:32:27.926+0000] {dag.py:3047} INFO - Sync 2 DAGs
[2026-05-03T00:32:27.930+0000] {logging_mixin.py:188} INFO - [2026-05-03T00:32:27.930+0000] {dag.py:3834} INFO - Setting next_dagrun for example_subdag_operator.section-1 to None, run_after=None
[2026-05-03T00:32:27.931+0000] {logging_mixin.py:188} INFO - [2026-05-03T00:32:27.931+0000] {dag.py:3834} INFO - Setting next_dagrun for example_subdag_operator.section-2 to None, run_after=None
[2026-05-03T00:32:27.940+0000] {processor.py:183} INFO - Processing /home/airflow/.local/lib/python3.8/site-packages/airflow/example_dags/example_subdag_operator.py took 0.072 seconds
[2026-05-03T00:32:58.001+0000] {processor.py:161} INFO - Started process (PID=3601) to work on /home/airflow/.local/lib/python3.8/site-packages/airflow/example_dags/example_subdag_operator.py
[2026-05-03T00:32:58.002+0000] {processor.py:830} INFO - Processing file /home/airflow/.local/lib/python3.8/site-packages/airflow/example_dags/example_subdag_operator.py for tasks to queue
[2026-05-03T00:32:58.004+0000] {logging_mixin.py:188} INFO - [2026-05-03T00:32:58.004+0000] {dagbag.py:540} INFO - Filling up the DagBag from /home/airflow/.local/lib/python3.8/site-packages/airflow/example_dags/example_subdag_operator.py
[2026-05-03T00:32:58.027+0000] {processor.py:840} INFO - DAG(s) 'example_subdag_operator.section-1', 'example_subdag_operator.section-2', 'example_subdag_operator' retrieved from /home/airflow/.local/lib/python3.8/site-packages/airflow/example_dags/example_subdag_operator.py
[2026-05-03T00:32:58.037+0000] {logging_mixin.py:188} INFO - [2026-05-03T00:32:58.037+0000] {dag.py:3047} INFO - Sync 3 DAGs
[2026-05-03T00:32:58.053+0000] {logging_mixin.py:188} INFO - [2026-05-03T00:32:58.053+0000] {dag.py:3834} INFO - Setting next_dagrun for example_subdag_operator to 2022-01-01 00:00:00+00:00, run_after=2022-01-01 00:00:00+00:00
[2026-05-03T00:32:58.055+0000] {logging_mixin.py:188} INFO - [2026-05-03T00:32:58.055+0000] {dag.py:3834} INFO - Setting next_dagrun for example_subdag_operator.section-1 to None, run_after=None
[2026-05-03T00:32:58.057+0000] {logging_mixin.py:188} INFO - [2026-05-03T00:32:58.057+0000] {dag.py:3834} INFO - Setting next_dagrun for example_subdag_operator.section-2 to None, run_after=None
[2026-05-03T00:32:58.062+0000] {logging_mixin.py:188} INFO - [2026-05-03T00:32:58.062+0000] {dag.py:3047} INFO - Sync 2 DAGs
[2026-05-03T00:32:58.066+0000] {logging_mixin.py:188} INFO - [2026-05-03T00:32:58.066+0000] {dag.py:3834} INFO - Setting next_dagrun for example_subdag_operator.section-1 to None, run_after=None
[2026-05-03T00:32:58.067+0000] {logging_mixin.py:188} INFO - [2026-05-03T00:32:58.067+0000] {dag.py:3834} INFO - Setting next_dagrun for example_subdag_operator.section-2 to None, run_after=None
[2026-05-03T00:32:58.075+0000] {processor.py:183} INFO - Processing /home/airflow/.local/lib/python3.8/site-packages/airflow/example_dags/example_subdag_operator.py took 0.079 seconds
[2026-05-03T00:33:28.516+0000] {processor.py:161} INFO - Started process (PID=3657) to work on /home/airflow/.local/lib/python3.8/site-packages/airflow/example_dags/example_subdag_operator.py
[2026-05-03T00:33:28.518+0000] {processor.py:830} INFO - Processing file /home/airflow/.local/lib/python3.8/site-packages/airflow/example_dags/example_subdag_operator.py for tasks to queue
[2026-05-03T00:33:28.520+0000] {logging_mixin.py:188} INFO - [2026-05-03T00:33:28.520+0000] {dagbag.py:540} INFO - Filling up the DagBag from /home/airflow/.local/lib/python3.8/site-packages/airflow/example_dags/example_subdag_operator.py
[2026-05-03T00:33:28.543+0000] {processor.py:840} INFO - DAG(s) 'example_subdag_operator.section-1', 'example_subdag_operator.section-2', 'example_subdag_operator' retrieved from /home/airflow/.local/lib/python3.8/site-packages/airflow/example_dags/example_subdag_operator.py
[2026-05-03T00:33:28.554+0000] {logging_mixin.py:188} INFO - [2026-05-03T00:33:28.553+0000] {dag.py:3047} INFO - Sync 3 DAGs
[2026-05-03T00:33:28.567+0000] {logging_mixin.py:188} INFO - [2026-05-03T00:33:28.566+0000] {dag.py:3834} INFO - Setting next_dagrun for example_subdag_operator to 2022-01-01 00:00:00+00:00, run_after=2022-01-01 00:00:00+00:00
[2026-05-03T00:33:28.570+0000] {logging_mixin.py:188} INFO - [2026-05-03T00:33:28.570+0000] {dag.py:3834} INFO - Setting next_dagrun for example_subdag_operator.section-1 to None, run_after=None
[2026-05-03T00:33:28.572+0000] {logging_mixin.py:188} INFO - [2026-05-03T00:33:28.572+0000] {dag.py:3834} INFO - Setting next_dagrun for example_subdag_operator.section-2 to None, run_after=None
[2026-05-03T00:33:28.580+0000] {logging_mixin.py:188} INFO - [2026-05-03T00:33:28.580+0000] {dag.py:3047} INFO - Sync 2 DAGs
[2026-05-03T00:33:28.586+0000] {logging_mixin.py:188} INFO - [2026-05-03T00:33:28.586+0000] {dag.py:3834} INFO - Setting next_dagrun for example_subdag_operator.section-1 to None, run_after=None
[2026-05-03T00:33:28.586+0000] {logging_mixin.py:188} INFO - [2026-05-03T00:33:28.586+0000] {dag.py:3834} INFO - Setting next_dagrun for example_subdag_operator.section-2 to None, run_after=None
[2026-05-03T00:33:28.593+0000] {processor.py:183} INFO - Processing /home/airflow/.local/lib/python3.8/site-packages/airflow/example_dags/example_subdag_operator.py took 0.082 seconds
[2026-05-03T00:33:59.122+0000] {processor.py:161} INFO - Started process (PID=3713) to work on /home/airflow/.local/lib/python3.8/site-packages/airflow/example_dags/example_subdag_operator.py
[2026-05-03T00:33:59.124+0000] {processor.py:830} INFO - Processing file /home/airflow/.local/lib/python3.8/site-packages/airflow/example_dags/example_subdag_operator.py for tasks to queue
[2026-05-03T00:33:59.126+0000] {logging_mixin.py:188} INFO - [2026-05-03T00:33:59.125+0000] {dagbag.py:540} INFO - Filling up the DagBag from /home/airflow/.local/lib/python3.8/site-packages/airflow/example_dags/example_subdag_operator.py
[2026-05-03T00:33:59.145+0000] {processor.py:840} INFO - DAG(s) 'example_subdag_operator.section-1', 'example_subdag_operator.section-2', 'example_subdag_operator' retrieved from /home/airflow/.local/lib/python3.8/site-packages/airflow/example_dags/example_subdag_operator.py
[2026-05-03T00:33:59.156+0000] {logging_mixin.py:188} INFO - [2026-05-03T00:33:59.156+0000] {dag.py:3047} INFO - Sync 3 DAGs
[2026-05-03T00:33:59.170+0000] {logging_mixin.py:188} INFO - [2026-05-03T00:33:59.170+0000] {dag.py:3834} INFO - Setting next_dagrun for example_subdag_operator to 2022-01-01 00:00:00+00:00, run_after=2022-01-01 00:00:00+00:00
[2026-05-03T00:33:59.174+0000] {logging_mixin.py:188} INFO - [2026-05-03T00:33:59.174+0000] {dag.py:3834} INFO - Setting next_dagrun for example_subdag_operator.section-1 to None, run_after=None
[2026-05-03T00:33:59.177+0000] {logging_mixin.py:188} INFO - [2026-05-03T00:33:59.177+0000] {dag.py:3834} INFO - Setting next_dagrun for example_subdag_operator.section-2 to None, run_after=None
[2026-05-03T00:33:59.181+0000] {logging_mixin.py:188} INFO - [2026-05-03T00:33:59.181+0000] {dag.py:3047} INFO - Sync 2 DAGs
[2026-05-03T00:33:59.185+0000] {logging_mixin.py:188} INFO - [2026-05-03T00:33:59.184+0000] {dag.py:3834} INFO - Setting next_dagrun for example_subdag_operator.section-1 to None, run_after=None
[2026-05-03T00:33:59.185+0000] {logging_mixin.py:188} INFO - [2026-05-03T00:33:59.185+0000] {dag.py:3834} INFO - Setting next_dagrun for example_subdag_operator.section-2 to None, run_after=None
[2026-05-03T00:33:59.195+0000] {processor.py:183} INFO - Processing /home/airflow/.local/lib/python3.8/site-packages/airflow/example_dags/example_subdag_operator.py took 0.078 seconds
[2026-05-03T00:34:29.410+0000] {processor.py:161} INFO - Started process (PID=3769) to work on /home/airflow/.local/lib/python3.8/site-packages/airflow/example_dags/example_subdag_operator.py
[2026-05-03T00:34:29.412+0000] {processor.py:830} INFO - Processing file /home/airflow/.local/lib/python3.8/site-packages/airflow/example_dags/example_subdag_operator.py for tasks to queue
[2026-05-03T00:34:29.414+0000] {logging_mixin.py:188} INFO - [2026-05-03T00:34:29.414+0000] {dagbag.py:540} INFO - Filling up the DagBag from /home/airflow/.local/lib/python3.8/site-packages/airflow/example_dags/example_subdag_operator.py
[2026-05-03T00:34:29.438+0000] {processor.py:840} INFO - DAG(s) 'example_subdag_operator.section-1', 'example_subdag_operator.section-2', 'example_subdag_operator' retrieved from /home/airflow/.local/lib/python3.8/site-packages/airflow/example_dags/example_subdag_operator.py
[2026-05-03T00:34:29.448+0000] {logging_mixin.py:188} INFO - [2026-05-03T00:34:29.448+0000] {dag.py:3047} INFO - Sync 3 DAGs
[2026-05-03T00:34:29.462+0000] {logging_mixin.py:188} INFO - [2026-05-03T00:34:29.462+0000] {dag.py:3834} INFO - Setting next_dagrun for example_subdag_operator to 2022-01-01 00:00:00+00:00, run_after=2022-01-01 00:00:00+00:00
[2026-05-03T00:34:29.464+0000] {logging_mixin.py:188} INFO - [2026-05-03T00:34:29.464+0000] {dag.py:3834} INFO - Setting next_dagrun for example_subdag_operator.section-1 to None, run_after=None
[2026-05-03T00:34:29.465+0000] {logging_mixin.py:188} INFO - [2026-05-03T00:34:29.465+0000] {dag.py:3834} INFO - Setting next_dagrun for example_subdag_operator.section-2 to None, run_after=None
[2026-05-03T00:34:29.471+0000] {logging_mixin.py:188} INFO - [2026-05-03T00:34:29.471+0000] {dag.py:3047} INFO - Sync 2 DAGs
[2026-05-03T00:34:29.475+0000] {logging_mixin.py:188} INFO - [2026-05-03T00:34:29.475+0000] {dag.py:3834} INFO - Setting next_dagrun for example_subdag_operator.section-1 to None, run_after=None
[2026-05-03T00:34:29.476+0000] {logging_mixin.py:188} INFO - [2026-05-03T00:34:29.475+0000] {dag.py:3834} INFO - Setting next_dagrun for example_subdag_operator.section-2 to None, run_after=None
[2026-05-03T00:34:29.486+0000] {processor.py:183} INFO - Processing /home/airflow/.local/lib/python3.8/site-packages/airflow/example_dags/example_subdag_operator.py took 0.081 seconds
[2026-05-03T00:34:59.619+0000] {processor.py:161} INFO - Started process (PID=3825) to work on /home/airflow/.local/lib/python3.8/site-packages/airflow/example_dags/example_subdag_operator.py
[2026-05-03T00:34:59.620+0000] {processor.py:830} INFO - Processing file /home/airflow/.local/lib/python3.8/site-packages/airflow/example_dags/example_subdag_operator.py for tasks to queue
[2026-05-03T00:34:59.622+0000] {logging_mixin.py:188} INFO - [2026-05-03T00:34:59.621+0000] {dagbag.py:540} INFO - Filling up the DagBag from /home/airflow/.local/lib/python3.8/site-packages/airflow/example_dags/example_subdag_operator.py
[2026-05-03T00:34:59.641+0000] {processor.py:840} INFO - DAG(s) 'example_subdag_operator.section-1', 'example_subdag_operator.section-2', 'example_subdag_operator' retrieved from /home/airflow/.local/lib/python3.8/site-packages/airflow/example_dags/example_subdag_operator.py
[2026-05-03T00:34:59.650+0000] {logging_mixin.py:188} INFO - [2026-05-03T00:34:59.650+0000] {dag.py:3047} INFO - Sync 3 DAGs
[2026-05-03T00:34:59.663+0000] {logging_mixin.py:188} INFO - [2026-05-03T00:34:59.663+0000] {dag.py:3834} INFO - Setting next_dagrun for example_subdag_operator to 2022-01-01 00:00:00+00:00, run_after=2022-01-01 00:00:00+00:00
[2026-05-03T00:34:59.666+0000] {logging_mixin.py:188} INFO - [2026-05-03T00:34:59.665+0000] {dag.py:3834} INFO - Setting next_dagrun for example_subdag_operator.section-1 to None, run_after=None
[2026-05-03T00:34:59.666+0000] {logging_mixin.py:188} INFO - [2026-05-03T00:34:59.666+0000] {dag.py:3834} INFO - Setting next_dagrun for example_subdag_operator.section-2 to None, run_after=None
[2026-05-03T00:34:59.671+0000] {logging_mixin.py:188} INFO - [2026-05-03T00:34:59.671+0000] {dag.py:3047} INFO - Sync 2 DAGs
[2026-05-03T00:34:59.675+0000] {logging_mixin.py:188} INFO - [2026-05-03T00:34:59.675+0000] {dag.py:3834} INFO - Setting next_dagrun for example_subdag_operator.section-1 to None, run_after=None
[2026-05-03T00:34:59.675+0000] {logging_mixin.py:188} INFO - [2026-05-03T00:34:59.675+0000] {dag.py:3834} INFO - Setting next_dagrun for example_subdag_operator.section-2 to None, run_after=None
[2026-05-03T00:34:59.684+0000] {processor.py:183} INFO - Processing /home/airflow/.local/lib/python3.8/site-packages/airflow/example_dags/example_subdag_operator.py took 0.069 seconds
[2026-05-03T00:35:29.927+0000] {processor.py:161} INFO - Started process (PID=3881) to work on /home/airflow/.local/lib/python3.8/site-packages/airflow/example_dags/example_subdag_operator.py
[2026-05-03T00:35:29.931+0000] {processor.py:830} INFO - Processing file /home/airflow/.local/lib/python3.8/site-packages/airflow/example_dags/example_subdag_operator.py for tasks to queue
[2026-05-03T00:35:29.933+0000] {logging_mixin.py:188} INFO - [2026-05-03T00:35:29.933+0000] {dagbag.py:540} INFO - Filling up the DagBag from /home/airflow/.local/lib/python3.8/site-packages/airflow/example_dags/example_subdag_operator.py
[2026-05-03T00:35:29.966+0000] {processor.py:840} INFO - DAG(s) 'example_subdag_operator.section-1', 'example_subdag_operator.section-2', 'example_subdag_operator' retrieved from /home/airflow/.local/lib/python3.8/site-packages/airflow/example_dags/example_subdag_operator.py
[2026-05-03T00:35:29.978+0000] {logging_mixin.py:188} INFO - [2026-05-03T00:35:29.978+0000] {dag.py:3047} INFO - Sync 3 DAGs
[2026-05-03T00:35:29.993+0000] {logging_mixin.py:188} INFO - [2026-05-03T00:35:29.993+0000] {dag.py:3834} INFO - Setting next_dagrun for example_subdag_operator to 2022-01-01 00:00:00+00:00, run_after=2022-01-01 00:00:00+00:00
[2026-05-03T00:35:29.995+0000] {logging_mixin.py:188} INFO - [2026-05-03T00:35:29.995+0000] {dag.py:3834} INFO - Setting next_dagrun for example_subdag_operator.section-1 to None, run_after=None
[2026-05-03T00:35:29.996+0000] {logging_mixin.py:188} INFO - [2026-05-03T00:35:29.996+0000] {dag.py:3834} INFO - Setting next_dagrun for example_subdag_operator.section-2 to None, run_after=None
[2026-05-03T00:35:30.001+0000] {logging_mixin.py:188} INFO - [2026-05-03T00:35:30.001+0000] {dag.py:3047} INFO - Sync 2 DAGs
[2026-05-03T00:35:30.005+0000] {logging_mixin.py:188} INFO - [2026-05-03T00:35:30.004+0000] {dag.py:3834} INFO - Setting next_dagrun for example_subdag_operator.section-1 to None, run_after=None
[2026-05-03T00:35:30.005+0000] {logging_mixin.py:188} INFO - [2026-05-03T00:35:30.005+0000] {dag.py:3834} INFO - Setting next_dagrun for example_subdag_operator.section-2 to None, run_after=None
[2026-05-03T00:35:30.015+0000] {processor.py:183} INFO - Processing /home/airflow/.local/lib/python3.8/site-packages/airflow/example_dags/example_subdag_operator.py took 0.094 seconds
[2026-05-03T00:36:00.374+0000] {processor.py:161} INFO - Started process (PID=3937) to work on /home/airflow/.local/lib/python3.8/site-packages/airflow/example_dags/example_subdag_operator.py
[2026-05-03T00:36:00.376+0000] {processor.py:830} INFO - Processing file /home/airflow/.local/lib/python3.8/site-packages/airflow/example_dags/example_subdag_operator.py for tasks to queue
[2026-05-03T00:36:00.377+0000] {logging_mixin.py:188} INFO - [2026-05-03T00:36:00.377+0000] {dagbag.py:540} INFO - Filling up the DagBag from /home/airflow/.local/lib/python3.8/site-packages/airflow/example_dags/example_subdag_operator.py
[2026-05-03T00:36:00.400+0000] {processor.py:840} INFO - DAG(s) 'example_subdag_operator.section-1', 'example_subdag_operator.section-2', 'example_subdag_operator' retrieved from /home/airflow/.local/lib/python3.8/site-packages/airflow/example_dags/example_subdag_operator.py
[2026-05-03T00:36:00.412+0000] {logging_mixin.py:188} INFO - [2026-05-03T00:36:00.412+0000] {dag.py:3047} INFO - Sync 3 DAGs
[2026-05-03T00:36:00.432+0000] {logging_mixin.py:188} INFO - [2026-05-03T00:36:00.432+0000] {dag.py:3834} INFO - Setting next_dagrun for example_subdag_operator to 2022-01-01 00:00:00+00:00, run_after=2022-01-01 00:00:00+00:00
[2026-05-03T00:36:00.436+0000] {logging_mixin.py:188} INFO - [2026-05-03T00:36:00.436+0000] {dag.py:3834} INFO - Setting next_dagrun for example_subdag_operator.section-1 to None, run_after=None
[2026-05-03T00:36:00.437+0000] {logging_mixin.py:188} INFO - [2026-05-03T00:36:00.437+0000] {dag.py:3834} INFO - Setting next_dagrun for example_subdag_operator.section-2 to None, run_after=None
[2026-05-03T00:36:00.442+0000] {logging_mixin.py:188} INFO - [2026-05-03T00:36:00.442+0000] {dag.py:3047} INFO - Sync 2 DAGs
[2026-05-03T00:36:00.449+0000] {logging_mixin.py:188} INFO - [2026-05-03T00:36:00.449+0000] {dag.py:3834} INFO - Setting next_dagrun for example_subdag_operator.section-1 to None, run_after=None
[2026-05-03T00:36:00.450+0000] {logging_mixin.py:188} INFO - [2026-05-03T00:36:00.450+0000] {dag.py:3834} INFO - Setting next_dagrun for example_subdag_operator.section-2 to None, run_after=None
[2026-05-03T00:36:00.457+0000] {processor.py:183} INFO - Processing /home/airflow/.local/lib/python3.8/site-packages/airflow/example_dags/example_subdag_operator.py took 0.085 seconds
[2026-05-03T00:36:30.866+0000] {processor.py:161} INFO - Started process (PID=3993) to work on /home/airflow/.local/lib/python3.8/site-packages/airflow/example_dags/example_subdag_operator.py
[2026-05-03T00:36:30.868+0000] {processor.py:830} INFO - Processing file /home/airflow/.local/lib/python3.8/site-packages/airflow/example_dags/example_subdag_operator.py for tasks to queue
[2026-05-03T00:36:30.869+0000] {logging_mixin.py:188} INFO - [2026-05-03T00:36:30.869+0000] {dagbag.py:540} INFO - Filling up the DagBag from /home/airflow/.local/lib/python3.8/site-packages/airflow/example_dags/example_subdag_operator.py
[2026-05-03T00:36:30.893+0000] {processor.py:840} INFO - DAG(s) 'example_subdag_operator.section-1', 'example_subdag_operator.section-2', 'example_subdag_operator' retrieved from /home/airflow/.local/lib/python3.8/site-packages/airflow/example_dags/example_subdag_operator.py
[2026-05-03T00:36:30.902+0000] {logging_mixin.py:188} INFO - [2026-05-03T00:36:30.902+0000] {dag.py:3047} INFO - Sync 3 DAGs
[2026-05-03T00:36:30.917+0000] {logging_mixin.py:188} INFO - [2026-05-03T00:36:30.917+0000] {dag.py:3834} INFO - Setting next_dagrun for example_subdag_operator to 2022-01-01 00:00:00+00:00, run_after=2022-01-01 00:00:00+00:00
[2026-05-03T00:36:30.919+0000] {logging_mixin.py:188} INFO - [2026-05-03T00:36:30.919+0000] {dag.py:3834} INFO - Setting next_dagrun for example_subdag_operator.section-1 to None, run_after=None
[2026-05-03T00:36:30.921+0000] {logging_mixin.py:188} INFO - [2026-05-03T00:36:30.921+0000] {dag.py:3834} INFO - Setting next_dagrun for example_subdag_operator.section-2 to None, run_after=None
[2026-05-03T00:36:30.926+0000] {logging_mixin.py:188} INFO - [2026-05-03T00:36:30.926+0000] {dag.py:3047} INFO - Sync 2 DAGs
[2026-05-03T00:36:30.929+0000] {logging_mixin.py:188} INFO - [2026-05-03T00:36:30.929+0000] {dag.py:3834} INFO - Setting next_dagrun for example_subdag_operator.section-1 to None, run_after=None
[2026-05-03T00:36:30.930+0000] {logging_mixin.py:188} INFO - [2026-05-03T00:36:30.930+0000] {dag.py:3834} INFO - Setting next_dagrun for example_subdag_operator.section-2 to None, run_after=None
[2026-05-03T00:36:30.940+0000] {processor.py:183} INFO - Processing /home/airflow/.local/lib/python3.8/site-packages/airflow/example_dags/example_subdag_operator.py took 0.078 seconds
[2026-05-03T00:37:01.277+0000] {processor.py:161} INFO - Started process (PID=4049) to work on /home/airflow/.local/lib/python3.8/site-packages/airflow/example_dags/example_subdag_operator.py
[2026-05-03T00:37:01.280+0000] {processor.py:830} INFO - Processing file /home/airflow/.local/lib/python3.8/site-packages/airflow/example_dags/example_subdag_operator.py for tasks to queue
[2026-05-03T00:37:01.282+0000] {logging_mixin.py:188} INFO - [2026-05-03T00:37:01.281+0000] {dagbag.py:540} INFO - Filling up the DagBag from /home/airflow/.local/lib/python3.8/site-packages/airflow/example_dags/example_subdag_operator.py
[2026-05-03T00:37:01.300+0000] {processor.py:840} INFO - DAG(s) 'example_subdag_operator.section-1', 'example_subdag_operator.section-2', 'example_subdag_operator' retrieved from /home/airflow/.local/lib/python3.8/site-packages/airflow/example_dags/example_subdag_operator.py
[2026-05-03T00:37:01.310+0000] {logging_mixin.py:188} INFO - [2026-05-03T00:37:01.310+0000] {dag.py:3047} INFO - Sync 3 DAGs
[2026-05-03T00:37:01.323+0000] {logging_mixin.py:188} INFO - [2026-05-03T00:37:01.323+0000] {dag.py:3834} INFO - Setting next_dagrun for example_subdag_operator to 2022-01-01 00:00:00+00:00, run_after=2022-01-01 00:00:00+00:00
[2026-05-03T00:37:01.325+0000] {logging_mixin.py:188} INFO - [2026-05-03T00:37:01.325+0000] {dag.py:3834} INFO - Setting next_dagrun for example_subdag_operator.section-1 to None, run_after=None
[2026-05-03T00:37:01.326+0000] {logging_mixin.py:188} INFO - [2026-05-03T00:37:01.326+0000] {dag.py:3834} INFO - Setting next_dagrun for example_subdag_operator.section-2 to None, run_after=None
[2026-05-03T00:37:01.332+0000] {logging_mixin.py:188} INFO - [2026-05-03T00:37:01.332+0000] {dag.py:3047} INFO - Sync 2 DAGs
[2026-05-03T00:37:01.335+0000] {logging_mixin.py:188} INFO - [2026-05-03T00:37:01.335+0000] {dag.py:3834} INFO - Setting next_dagrun for example_subdag_operator.section-1 to None, run_after=None
[2026-05-03T00:37:01.335+0000] {logging_mixin.py:188} INFO - [2026-05-03T00:37:01.335+0000] {dag.py:3834} INFO - Setting next_dagrun for example_subdag_operator.section-2 to None, run_after=None
[2026-05-03T00:37:01.346+0000] {processor.py:183} INFO - Processing /home/airflow/.local/lib/python3.8/site-packages/airflow/example_dags/example_subdag_operator.py took 0.073 seconds
[2026-05-03T00:37:31.849+0000] {processor.py:161} INFO - Started process (PID=4105) to work on /home/airflow/.local/lib/python3.8/site-packages/airflow/example_dags/example_subdag_operator.py
[2026-05-03T00:37:31.850+0000] {processor.py:830} INFO - Processing file /home/airflow/.local/lib/python3.8/site-packages/airflow/example_dags/example_subdag_operator.py for tasks to queue
[2026-05-03T00:37:31.852+0000] {logging_mixin.py:188} INFO - [2026-05-03T00:37:31.852+0000] {dagbag.py:540} INFO - Filling up the DagBag from /home/airflow/.local/lib/python3.8/site-packages/airflow/example_dags/example_subdag_operator.py
[2026-05-03T00:37:31.881+0000] {processor.py:840} INFO - DAG(s) 'example_subdag_operator.section-1', 'example_subdag_operator.section-2', 'example_subdag_operator' retrieved from /home/airflow/.local/lib/python3.8/site-packages/airflow/example_dags/example_subdag_operator.py
[2026-05-03T00:37:31.893+0000] {logging_mixin.py:188} INFO - [2026-05-03T00:37:31.893+0000] {dag.py:3047} INFO - Sync 3 DAGs
[2026-05-03T00:37:31.908+0000] {logging_mixin.py:188} INFO - [2026-05-03T00:37:31.908+0000] {dag.py:3834} INFO - Setting next_dagrun for example_subdag_operator to 2022-01-01 00:00:00+00:00, run_after=2022-01-01 00:00:00+00:00
[2026-05-03T00:37:31.911+0000] {logging_mixin.py:188} INFO - [2026-05-03T00:37:31.911+0000] {dag.py:3834} INFO - Setting next_dagrun for example_subdag_operator.section-1 to None, run_after=None
[2026-05-03T00:37:31.913+0000] {logging_mixin.py:188} INFO - [2026-05-03T00:37:31.913+0000] {dag.py:3834} INFO - Setting next_dagrun for example_subdag_operator.section-2 to None, run_after=None
[2026-05-03T00:37:31.919+0000] {logging_mixin.py:188} INFO - [2026-05-03T00:37:31.919+0000] {dag.py:3047} INFO - Sync 2 DAGs
[2026-05-03T00:37:31.925+0000] {logging_mixin.py:188} INFO - [2026-05-03T00:37:31.924+0000] {dag.py:3834} INFO - Setting next_dagrun for example_subdag_operator.section-1 to None, run_after=None
[2026-05-03T00:37:31.925+0000] {logging_mixin.py:188} INFO - [2026-05-03T00:37:31.925+0000] {dag.py:3834} INFO - Setting next_dagrun for example_subdag_operator.section-2 to None, run_after=None
[2026-05-03T00:37:31.933+0000] {processor.py:183} INFO - Processing /home/airflow/.local/lib/python3.8/site-packages/airflow/example_dags/example_subdag_operator.py took 0.090 seconds
[2026-05-03T00:38:02.243+0000] {processor.py:161} INFO - Started process (PID=4161) to work on /home/airflow/.local/lib/python3.8/site-packages/airflow/example_dags/example_subdag_operator.py
[2026-05-03T00:38:02.244+0000] {processor.py:830} INFO - Processing file /home/airflow/.local/lib/python3.8/site-packages/airflow/example_dags/example_subdag_operator.py for tasks to queue
[2026-05-03T00:38:02.246+0000] {logging_mixin.py:188} INFO - [2026-05-03T00:38:02.246+0000] {dagbag.py:540} INFO - Filling up the DagBag from /home/airflow/.local/lib/python3.8/site-packages/airflow/example_dags/example_subdag_operator.py
[2026-05-03T00:38:02.267+0000] {processor.py:840} INFO - DAG(s) 'example_subdag_operator.section-1', 'example_subdag_operator.section-2', 'example_subdag_operator' retrieved from /home/airflow/.local/lib/python3.8/site-packages/airflow/example_dags/example_subdag_operator.py
[2026-05-03T00:38:02.278+0000] {logging_mixin.py:188} INFO - [2026-05-03T00:38:02.277+0000] {dag.py:3047} INFO - Sync 3 DAGs
[2026-05-03T00:38:02.293+0000] {logging_mixin.py:188} INFO - [2026-05-03T00:38:02.292+0000] {dag.py:3834} INFO - Setting next_dagrun for example_subdag_operator to 2022-01-01 00:00:00+00:00, run_after=2022-01-01 00:00:00+00:00
[2026-05-03T00:38:02.296+0000] {logging_mixin.py:188} INFO - [2026-05-03T00:38:02.296+0000] {dag.py:3834} INFO - Setting next_dagrun for example_subdag_operator.section-1 to None, run_after=None
[2026-05-03T00:38:02.299+0000] {logging_mixin.py:188} INFO - [2026-05-03T00:38:02.299+0000] {dag.py:3834} INFO - Setting next_dagrun for example_subdag_operator.section-2 to None, run_after=None
[2026-05-03T00:38:02.304+0000] {logging_mixin.py:188} INFO - [2026-05-03T00:38:02.304+0000] {dag.py:3047} INFO - Sync 2 DAGs
[2026-05-03T00:38:02.310+0000] {logging_mixin.py:188} INFO - [2026-05-03T00:38:02.310+0000] {dag.py:3834} INFO - Setting next_dagrun for example_subdag_operator.section-1 to None, run_after=None
[2026-05-03T00:38:02.312+0000] {logging_mixin.py:188} INFO - [2026-05-03T00:38:02.312+0000] {dag.py:3834} INFO - Setting next_dagrun for example_subdag_operator.section-2 to None, run_after=None
[2026-05-03T00:38:02.319+0000] {processor.py:183} INFO - Processing /home/airflow/.local/lib/python3.8/site-packages/airflow/example_dags/example_subdag_operator.py took 0.081 seconds
[2026-05-03T00:38:32.795+0000] {processor.py:161} INFO - Started process (PID=4217) to work on /home/airflow/.local/lib/python3.8/site-packages/airflow/example_dags/example_subdag_operator.py
[2026-05-03T00:38:32.797+0000] {processor.py:830} INFO - Processing file /home/airflow/.local/lib/python3.8/site-packages/airflow/example_dags/example_subdag_operator.py for tasks to queue
[2026-05-03T00:38:32.798+0000] {logging_mixin.py:188} INFO - [2026-05-03T00:38:32.798+0000] {dagbag.py:540} INFO - Filling up the DagBag from /home/airflow/.local/lib/python3.8/site-packages/airflow/example_dags/example_subdag_operator.py
[2026-05-03T00:38:32.822+0000] {processor.py:840} INFO - DAG(s) 'example_subdag_operator.section-1', 'example_subdag_operator.section-2', 'example_subdag_operator' retrieved from /home/airflow/.local/lib/python3.8/site-packages/airflow/example_dags/example_subdag_operator.py
[2026-05-03T00:38:32.836+0000] {logging_mixin.py:188} INFO - [2026-05-03T00:38:32.836+0000] {dag.py:3047} INFO - Sync 3 DAGs
[2026-05-03T00:38:32.849+0000] {logging_mixin.py:188} INFO - [2026-05-03T00:38:32.849+0000] {dag.py:3834} INFO - Setting next_dagrun for example_subdag_operator to 2022-01-01 00:00:00+00:00, run_after=2022-01-01 00:00:00+00:00
[2026-05-03T00:38:32.852+0000] {logging_mixin.py:188} INFO - [2026-05-03T00:38:32.852+0000] {dag.py:3834} INFO - Setting next_dagrun for example_subdag_operator.section-1 to None, run_after=None
[2026-05-03T00:38:32.853+0000] {logging_mixin.py:188} INFO - [2026-05-03T00:38:32.853+0000] {dag.py:3834} INFO - Setting next_dagrun for example_subdag_operator.section-2 to None, run_after=None
[2026-05-03T00:38:32.860+0000] {logging_mixin.py:188} INFO - [2026-05-03T00:38:32.860+0000] {dag.py:3047} INFO - Sync 2 DAGs
[2026-05-03T00:38:32.865+0000] {logging_mixin.py:188} INFO - [2026-05-03T00:38:32.864+0000] {dag.py:3834} INFO - Setting next_dagrun for example_subdag_operator.section-1 to None, run_after=None
[2026-05-03T00:38:32.866+0000] {logging_mixin.py:188} INFO - [2026-05-03T00:38:32.866+0000] {dag.py:3834} INFO - Setting next_dagrun for example_subdag_operator.section-2 to None, run_after=None
[2026-05-03T00:38:32.873+0000] {processor.py:183} INFO - Processing /home/airflow/.local/lib/python3.8/site-packages/airflow/example_dags/example_subdag_operator.py took 0.085 seconds
[2026-05-03T00:39:03.008+0000] {processor.py:161} INFO - Started process (PID=4273) to work on /home/airflow/.local/lib/python3.8/site-packages/airflow/example_dags/example_subdag_operator.py
[2026-05-03T00:39:03.010+0000] {processor.py:830} INFO - Processing file /home/airflow/.local/lib/python3.8/site-packages/airflow/example_dags/example_subdag_operator.py for tasks to queue
[2026-05-03T00:39:03.011+0000] {logging_mixin.py:188} INFO - [2026-05-03T00:39:03.011+0000] {dagbag.py:540} INFO - Filling up the DagBag from /home/airflow/.local/lib/python3.8/site-packages/airflow/example_dags/example_subdag_operator.py
[2026-05-03T00:39:03.034+0000] {processor.py:840} INFO - DAG(s) 'example_subdag_operator.section-1', 'example_subdag_operator.section-2', 'example_subdag_operator' retrieved from /home/airflow/.local/lib/python3.8/site-packages/airflow/example_dags/example_subdag_operator.py
[2026-05-03T00:39:03.046+0000] {logging_mixin.py:188} INFO - [2026-05-03T00:39:03.046+0000] {dag.py:3047} INFO - Sync 3 DAGs
[2026-05-03T00:39:03.061+0000] {logging_mixin.py:188} INFO - [2026-05-03T00:39:03.061+0000] {dag.py:3834} INFO - Setting next_dagrun for example_subdag_operator to 2022-01-01 00:00:00+00:00, run_after=2022-01-01 00:00:00+00:00
[2026-05-03T00:39:03.064+0000] {logging_mixin.py:188} INFO - [2026-05-03T00:39:03.064+0000] {dag.py:3834} INFO - Setting next_dagrun for example_subdag_operator.section-1 to None, run_after=None
[2026-05-03T00:39:03.064+0000] {logging_mixin.py:188} INFO - [2026-05-03T00:39:03.064+0000] {dag.py:3834} INFO - Setting next_dagrun for example_subdag_operator.section-2 to None, run_after=None
[2026-05-03T00:39:03.070+0000] {logging_mixin.py:188} INFO - [2026-05-03T00:39:03.070+0000] {dag.py:3047} INFO - Sync 2 DAGs
[2026-05-03T00:39:03.075+0000] {logging_mixin.py:188} INFO - [2026-05-03T00:39:03.075+0000] {dag.py:3834} INFO - Setting next_dagrun for example_subdag_operator.section-1 to None, run_after=None
[2026-05-03T00:39:03.075+0000] {logging_mixin.py:188} INFO - [2026-05-03T00:39:03.075+0000] {dag.py:3834} INFO - Setting next_dagrun for example_subdag_operator.section-2 to None, run_after=None
[2026-05-03T00:39:03.086+0000] {processor.py:183} INFO - Processing /home/airflow/.local/lib/python3.8/site-packages/airflow/example_dags/example_subdag_operator.py took 0.083 seconds
[2026-05-03T00:39:33.525+0000] {processor.py:161} INFO - Started process (PID=4329) to work on /home/airflow/.local/lib/python3.8/site-packages/airflow/example_dags/example_subdag_operator.py
[2026-05-03T00:39:33.529+0000] {processor.py:830} INFO - Processing file /home/airflow/.local/lib/python3.8/site-packages/airflow/example_dags/example_subdag_operator.py for tasks to queue
[2026-05-03T00:39:33.532+0000] {logging_mixin.py:188} INFO - [2026-05-03T00:39:33.532+0000] {dagbag.py:540} INFO - Filling up the DagBag from /home/airflow/.local/lib/python3.8/site-packages/airflow/example_dags/example_subdag_operator.py
[2026-05-03T00:39:33.555+0000] {processor.py:840} INFO - DAG(s) 'example_subdag_operator.section-1', 'example_subdag_operator.section-2', 'example_subdag_operator' retrieved from /home/airflow/.local/lib/python3.8/site-packages/airflow/example_dags/example_subdag_operator.py
[2026-05-03T00:39:33.570+0000] {logging_mixin.py:188} INFO - [2026-05-03T00:39:33.570+0000] {dag.py:3047} INFO - Sync 3 DAGs
[2026-05-03T00:39:33.588+0000] {logging_mixin.py:188} INFO - [2026-05-03T00:39:33.588+0000] {dag.py:3834} INFO - Setting next_dagrun for example_subdag_operator to 2022-01-01 00:00:00+00:00, run_after=2022-01-01 00:00:00+00:00
[2026-05-03T00:39:33.591+0000] {logging_mixin.py:188} INFO - [2026-05-03T00:39:33.590+0000] {dag.py:3834} INFO - Setting next_dagrun for example_subdag_operator.section-1 to None, run_after=None
[2026-05-03T00:39:33.592+0000] {logging_mixin.py:188} INFO - [2026-05-03T00:39:33.591+0000] {dag.py:3834} INFO - Setting next_dagrun for example_subdag_operator.section-2 to None, run_after=None
[2026-05-03T00:39:33.599+0000] {logging_mixin.py:188} INFO - [2026-05-03T00:39:33.599+0000] {dag.py:3047} INFO - Sync 2 DAGs
[2026-05-03T00:39:33.603+0000] {logging_mixin.py:188} INFO - [2026-05-03T00:39:33.603+0000] {dag.py:3834} INFO - Setting next_dagrun for example_subdag_operator.section-1 to None, run_after=None
[2026-05-03T00:39:33.604+0000] {logging_mixin.py:188} INFO - [2026-05-03T00:39:33.604+0000] {dag.py:3834} INFO - Setting next_dagrun for example_subdag_operator.section-2 to None, run_after=None
[2026-05-03T00:39:33.616+0000] {processor.py:183} INFO - Processing /home/airflow/.local/lib/python3.8/site-packages/airflow/example_dags/example_subdag_operator.py took 0.096 seconds
