[2026-05-03T00:02:00.855+0000] {processor.py:161} INFO - Started process (PID=2767) to work on /home/airflow/.local/lib/python3.8/site-packages/airflow/example_dags/example_dag_decorator.py
[2026-05-03T00:02:00.857+0000] {processor.py:830} INFO - Processing file /home/airflow/.local/lib/python3.8/site-packages/airflow/example_dags/example_dag_decorator.py for tasks to queue
[2026-05-03T00:02:00.861+0000] {logging_mixin.py:188} INFO - [2026-05-03T00:02:00.860+0000] {dagbag.py:540} INFO - Filling up the DagBag from /home/airflow/.local/lib/python3.8/site-packages/airflow/example_dags/example_dag_decorator.py
[2026-05-03T00:02:00.995+0000] {processor.py:840} INFO - DAG(s) 'example_dag_decorator' retrieved from /home/airflow/.local/lib/python3.8/site-packages/airflow/example_dags/example_dag_decorator.py
[2026-05-03T00:02:01.092+0000] {logging_mixin.py:188} INFO - [2026-05-03T00:02:01.092+0000] {dag.py:3047} INFO - Sync 1 DAGs
[2026-05-03T00:02:01.101+0000] {logging_mixin.py:188} INFO - [2026-05-03T00:02:01.101+0000] {dag.py:3834} INFO - Setting next_dagrun for example_dag_decorator to None, run_after=None
[2026-05-03T00:02:01.119+0000] {processor.py:183} INFO - Processing /home/airflow/.local/lib/python3.8/site-packages/airflow/example_dags/example_dag_decorator.py took 0.269 seconds
[2026-05-03T00:11:41.745+0000] {processor.py:161} INFO - Started process (PID=2823) to work on /home/airflow/.local/lib/python3.8/site-packages/airflow/example_dags/example_dag_decorator.py
[2026-05-03T00:11:41.746+0000] {processor.py:830} INFO - Processing file /home/airflow/.local/lib/python3.8/site-packages/airflow/example_dags/example_dag_decorator.py for tasks to queue
[2026-05-03T00:11:41.747+0000] {logging_mixin.py:188} INFO - [2026-05-03T00:11:41.747+0000] {dagbag.py:540} INFO - Filling up the DagBag from /home/airflow/.local/lib/python3.8/site-packages/airflow/example_dags/example_dag_decorator.py
[2026-05-03T00:11:41.817+0000] {processor.py:840} INFO - DAG(s) 'example_dag_decorator' retrieved from /home/airflow/.local/lib/python3.8/site-packages/airflow/example_dags/example_dag_decorator.py
[2026-05-03T00:11:41.897+0000] {logging_mixin.py:188} INFO - [2026-05-03T00:11:41.897+0000] {dag.py:3047} INFO - Sync 1 DAGs
[2026-05-03T00:11:41.905+0000] {logging_mixin.py:188} INFO - [2026-05-03T00:11:41.905+0000] {dag.py:3834} INFO - Setting next_dagrun for example_dag_decorator to None, run_after=None
[2026-05-03T00:11:41.916+0000] {processor.py:183} INFO - Processing /home/airflow/.local/lib/python3.8/site-packages/airflow/example_dags/example_dag_decorator.py took 0.174 seconds
[2026-05-03T00:20:53.271+0000] {processor.py:161} INFO - Started process (PID=2879) to work on /home/airflow/.local/lib/python3.8/site-packages/airflow/example_dags/example_dag_decorator.py
[2026-05-03T00:20:53.273+0000] {processor.py:830} INFO - Processing file /home/airflow/.local/lib/python3.8/site-packages/airflow/example_dags/example_dag_decorator.py for tasks to queue
[2026-05-03T00:20:53.275+0000] {logging_mixin.py:188} INFO - [2026-05-03T00:20:53.275+0000] {dagbag.py:540} INFO - Filling up the DagBag from /home/airflow/.local/lib/python3.8/site-packages/airflow/example_dags/example_dag_decorator.py
[2026-05-03T00:20:53.396+0000] {processor.py:840} INFO - DAG(s) 'example_dag_decorator' retrieved from /home/airflow/.local/lib/python3.8/site-packages/airflow/example_dags/example_dag_decorator.py
[2026-05-03T00:20:53.560+0000] {logging_mixin.py:188} INFO - [2026-05-03T00:20:53.560+0000] {dag.py:3047} INFO - Sync 1 DAGs
[2026-05-03T00:20:53.572+0000] {logging_mixin.py:188} INFO - [2026-05-03T00:20:53.572+0000] {dag.py:3834} INFO - Setting next_dagrun for example_dag_decorator to None, run_after=None
[2026-05-03T00:20:53.587+0000] {processor.py:183} INFO - Processing /home/airflow/.local/lib/python3.8/site-packages/airflow/example_dags/example_dag_decorator.py took 0.320 seconds
[2026-05-03T00:26:53.477+0000] {processor.py:161} INFO - Started process (PID=2935) to work on /home/airflow/.local/lib/python3.8/site-packages/airflow/example_dags/example_dag_decorator.py
[2026-05-03T00:26:53.481+0000] {processor.py:830} INFO - Processing file /home/airflow/.local/lib/python3.8/site-packages/airflow/example_dags/example_dag_decorator.py for tasks to queue
[2026-05-03T00:26:53.487+0000] {logging_mixin.py:188} INFO - [2026-05-03T00:26:53.486+0000] {dagbag.py:540} INFO - Filling up the DagBag from /home/airflow/.local/lib/python3.8/site-packages/airflow/example_dags/example_dag_decorator.py
[2026-05-03T00:26:53.706+0000] {processor.py:840} INFO - DAG(s) 'example_dag_decorator' retrieved from /home/airflow/.local/lib/python3.8/site-packages/airflow/example_dags/example_dag_decorator.py
[2026-05-03T00:26:53.745+0000] {logging_mixin.py:188} INFO - [2026-05-03T00:26:53.745+0000] {dag.py:3047} INFO - Sync 1 DAGs
[2026-05-03T00:26:53.761+0000] {logging_mixin.py:188} INFO - [2026-05-03T00:26:53.761+0000] {dag.py:3834} INFO - Setting next_dagrun for example_dag_decorator to None, run_after=None
[2026-05-03T00:26:53.779+0000] {processor.py:183} INFO - Processing /home/airflow/.local/lib/python3.8/site-packages/airflow/example_dags/example_dag_decorator.py took 0.306 seconds
[2026-05-03T00:27:24.034+0000] {processor.py:161} INFO - Started process (PID=2991) to work on /home/airflow/.local/lib/python3.8/site-packages/airflow/example_dags/example_dag_decorator.py
[2026-05-03T00:27:24.035+0000] {processor.py:830} INFO - Processing file /home/airflow/.local/lib/python3.8/site-packages/airflow/example_dags/example_dag_decorator.py for tasks to queue
[2026-05-03T00:27:24.037+0000] {logging_mixin.py:188} INFO - [2026-05-03T00:27:24.036+0000] {dagbag.py:540} INFO - Filling up the DagBag from /home/airflow/.local/lib/python3.8/site-packages/airflow/example_dags/example_dag_decorator.py
[2026-05-03T00:27:24.104+0000] {processor.py:840} INFO - DAG(s) 'example_dag_decorator' retrieved from /home/airflow/.local/lib/python3.8/site-packages/airflow/example_dags/example_dag_decorator.py
[2026-05-03T00:27:24.119+0000] {logging_mixin.py:188} INFO - [2026-05-03T00:27:24.118+0000] {dag.py:3047} INFO - Sync 1 DAGs
[2026-05-03T00:27:24.126+0000] {logging_mixin.py:188} INFO - [2026-05-03T00:27:24.126+0000] {dag.py:3834} INFO - Setting next_dagrun for example_dag_decorator to None, run_after=None
[2026-05-03T00:27:24.137+0000] {processor.py:183} INFO - Processing /home/airflow/.local/lib/python3.8/site-packages/airflow/example_dags/example_dag_decorator.py took 0.105 seconds
[2026-05-03T00:27:55.014+0000] {processor.py:161} INFO - Started process (PID=3047) to work on /home/airflow/.local/lib/python3.8/site-packages/airflow/example_dags/example_dag_decorator.py
[2026-05-03T00:27:55.017+0000] {processor.py:830} INFO - Processing file /home/airflow/.local/lib/python3.8/site-packages/airflow/example_dags/example_dag_decorator.py for tasks to queue
[2026-05-03T00:27:55.018+0000] {logging_mixin.py:188} INFO - [2026-05-03T00:27:55.018+0000] {dagbag.py:540} INFO - Filling up the DagBag from /home/airflow/.local/lib/python3.8/site-packages/airflow/example_dags/example_dag_decorator.py
[2026-05-03T00:27:55.086+0000] {processor.py:840} INFO - DAG(s) 'example_dag_decorator' retrieved from /home/airflow/.local/lib/python3.8/site-packages/airflow/example_dags/example_dag_decorator.py
[2026-05-03T00:27:55.165+0000] {logging_mixin.py:188} INFO - [2026-05-03T00:27:55.165+0000] {dag.py:3047} INFO - Sync 1 DAGs
[2026-05-03T00:27:55.173+0000] {logging_mixin.py:188} INFO - [2026-05-03T00:27:55.173+0000] {dag.py:3834} INFO - Setting next_dagrun for example_dag_decorator to None, run_after=None
[2026-05-03T00:27:55.192+0000] {processor.py:183} INFO - Processing /home/airflow/.local/lib/python3.8/site-packages/airflow/example_dags/example_dag_decorator.py took 0.181 seconds
[2026-05-03T00:28:25.391+0000] {processor.py:161} INFO - Started process (PID=3103) to work on /home/airflow/.local/lib/python3.8/site-packages/airflow/example_dags/example_dag_decorator.py
[2026-05-03T00:28:25.392+0000] {processor.py:830} INFO - Processing file /home/airflow/.local/lib/python3.8/site-packages/airflow/example_dags/example_dag_decorator.py for tasks to queue
[2026-05-03T00:28:25.394+0000] {logging_mixin.py:188} INFO - [2026-05-03T00:28:25.394+0000] {dagbag.py:540} INFO - Filling up the DagBag from /home/airflow/.local/lib/python3.8/site-packages/airflow/example_dags/example_dag_decorator.py
[2026-05-03T00:28:25.461+0000] {processor.py:840} INFO - DAG(s) 'example_dag_decorator' retrieved from /home/airflow/.local/lib/python3.8/site-packages/airflow/example_dags/example_dag_decorator.py
[2026-05-03T00:28:25.541+0000] {logging_mixin.py:188} INFO - [2026-05-03T00:28:25.541+0000] {dag.py:3047} INFO - Sync 1 DAGs
[2026-05-03T00:28:25.547+0000] {logging_mixin.py:188} INFO - [2026-05-03T00:28:25.547+0000] {dag.py:3834} INFO - Setting next_dagrun for example_dag_decorator to None, run_after=None
[2026-05-03T00:28:25.558+0000] {processor.py:183} INFO - Processing /home/airflow/.local/lib/python3.8/site-packages/airflow/example_dags/example_dag_decorator.py took 0.170 seconds
[2026-05-03T00:28:55.676+0000] {processor.py:161} INFO - Started process (PID=3159) to work on /home/airflow/.local/lib/python3.8/site-packages/airflow/example_dags/example_dag_decorator.py
[2026-05-03T00:28:55.677+0000] {processor.py:830} INFO - Processing file /home/airflow/.local/lib/python3.8/site-packages/airflow/example_dags/example_dag_decorator.py for tasks to queue
[2026-05-03T00:28:55.678+0000] {logging_mixin.py:188} INFO - [2026-05-03T00:28:55.678+0000] {dagbag.py:540} INFO - Filling up the DagBag from /home/airflow/.local/lib/python3.8/site-packages/airflow/example_dags/example_dag_decorator.py
[2026-05-03T00:28:55.735+0000] {processor.py:840} INFO - DAG(s) 'example_dag_decorator' retrieved from /home/airflow/.local/lib/python3.8/site-packages/airflow/example_dags/example_dag_decorator.py
[2026-05-03T00:28:55.808+0000] {logging_mixin.py:188} INFO - [2026-05-03T00:28:55.807+0000] {dag.py:3047} INFO - Sync 1 DAGs
[2026-05-03T00:28:55.814+0000] {logging_mixin.py:188} INFO - [2026-05-03T00:28:55.814+0000] {dag.py:3834} INFO - Setting next_dagrun for example_dag_decorator to None, run_after=None
[2026-05-03T00:28:55.825+0000] {processor.py:183} INFO - Processing /home/airflow/.local/lib/python3.8/site-packages/airflow/example_dags/example_dag_decorator.py took 0.151 seconds
[2026-05-03T00:29:25.942+0000] {processor.py:161} INFO - Started process (PID=3215) to work on /home/airflow/.local/lib/python3.8/site-packages/airflow/example_dags/example_dag_decorator.py
[2026-05-03T00:29:25.943+0000] {processor.py:830} INFO - Processing file /home/airflow/.local/lib/python3.8/site-packages/airflow/example_dags/example_dag_decorator.py for tasks to queue
[2026-05-03T00:29:25.945+0000] {logging_mixin.py:188} INFO - [2026-05-03T00:29:25.945+0000] {dagbag.py:540} INFO - Filling up the DagBag from /home/airflow/.local/lib/python3.8/site-packages/airflow/example_dags/example_dag_decorator.py
[2026-05-03T00:29:26.009+0000] {processor.py:840} INFO - DAG(s) 'example_dag_decorator' retrieved from /home/airflow/.local/lib/python3.8/site-packages/airflow/example_dags/example_dag_decorator.py
[2026-05-03T00:29:26.080+0000] {logging_mixin.py:188} INFO - [2026-05-03T00:29:26.080+0000] {dag.py:3047} INFO - Sync 1 DAGs
[2026-05-03T00:29:26.091+0000] {logging_mixin.py:188} INFO - [2026-05-03T00:29:26.091+0000] {dag.py:3834} INFO - Setting next_dagrun for example_dag_decorator to None, run_after=None
[2026-05-03T00:29:26.105+0000] {processor.py:183} INFO - Processing /home/airflow/.local/lib/python3.8/site-packages/airflow/example_dags/example_dag_decorator.py took 0.166 seconds
[2026-05-03T00:29:56.303+0000] {processor.py:161} INFO - Started process (PID=3271) to work on /home/airflow/.local/lib/python3.8/site-packages/airflow/example_dags/example_dag_decorator.py
[2026-05-03T00:29:56.304+0000] {processor.py:830} INFO - Processing file /home/airflow/.local/lib/python3.8/site-packages/airflow/example_dags/example_dag_decorator.py for tasks to queue
[2026-05-03T00:29:56.305+0000] {logging_mixin.py:188} INFO - [2026-05-03T00:29:56.305+0000] {dagbag.py:540} INFO - Filling up the DagBag from /home/airflow/.local/lib/python3.8/site-packages/airflow/example_dags/example_dag_decorator.py
[2026-05-03T00:29:56.365+0000] {processor.py:840} INFO - DAG(s) 'example_dag_decorator' retrieved from /home/airflow/.local/lib/python3.8/site-packages/airflow/example_dags/example_dag_decorator.py
[2026-05-03T00:29:56.445+0000] {logging_mixin.py:188} INFO - [2026-05-03T00:29:56.445+0000] {dag.py:3047} INFO - Sync 1 DAGs
[2026-05-03T00:29:56.451+0000] {logging_mixin.py:188} INFO - [2026-05-03T00:29:56.451+0000] {dag.py:3834} INFO - Setting next_dagrun for example_dag_decorator to None, run_after=None
[2026-05-03T00:29:56.462+0000] {processor.py:183} INFO - Processing /home/airflow/.local/lib/python3.8/site-packages/airflow/example_dags/example_dag_decorator.py took 0.161 seconds
[2026-05-03T00:30:26.626+0000] {processor.py:161} INFO - Started process (PID=3327) to work on /home/airflow/.local/lib/python3.8/site-packages/airflow/example_dags/example_dag_decorator.py
[2026-05-03T00:30:26.627+0000] {processor.py:830} INFO - Processing file /home/airflow/.local/lib/python3.8/site-packages/airflow/example_dags/example_dag_decorator.py for tasks to queue
[2026-05-03T00:30:26.629+0000] {logging_mixin.py:188} INFO - [2026-05-03T00:30:26.629+0000] {dagbag.py:540} INFO - Filling up the DagBag from /home/airflow/.local/lib/python3.8/site-packages/airflow/example_dags/example_dag_decorator.py
[2026-05-03T00:30:26.692+0000] {processor.py:840} INFO - DAG(s) 'example_dag_decorator' retrieved from /home/airflow/.local/lib/python3.8/site-packages/airflow/example_dags/example_dag_decorator.py
[2026-05-03T00:30:26.766+0000] {logging_mixin.py:188} INFO - [2026-05-03T00:30:26.765+0000] {dag.py:3047} INFO - Sync 1 DAGs
[2026-05-03T00:30:26.772+0000] {logging_mixin.py:188} INFO - [2026-05-03T00:30:26.772+0000] {dag.py:3834} INFO - Setting next_dagrun for example_dag_decorator to None, run_after=None
[2026-05-03T00:30:26.788+0000] {processor.py:183} INFO - Processing /home/airflow/.local/lib/python3.8/site-packages/airflow/example_dags/example_dag_decorator.py took 0.166 seconds
[2026-05-03T00:30:56.960+0000] {processor.py:161} INFO - Started process (PID=3384) to work on /home/airflow/.local/lib/python3.8/site-packages/airflow/example_dags/example_dag_decorator.py
[2026-05-03T00:30:56.961+0000] {processor.py:830} INFO - Processing file /home/airflow/.local/lib/python3.8/site-packages/airflow/example_dags/example_dag_decorator.py for tasks to queue
[2026-05-03T00:30:56.962+0000] {logging_mixin.py:188} INFO - [2026-05-03T00:30:56.962+0000] {dagbag.py:540} INFO - Filling up the DagBag from /home/airflow/.local/lib/python3.8/site-packages/airflow/example_dags/example_dag_decorator.py
[2026-05-03T00:30:57.025+0000] {processor.py:840} INFO - DAG(s) 'example_dag_decorator' retrieved from /home/airflow/.local/lib/python3.8/site-packages/airflow/example_dags/example_dag_decorator.py
[2026-05-03T00:30:57.103+0000] {logging_mixin.py:188} INFO - [2026-05-03T00:30:57.102+0000] {dag.py:3047} INFO - Sync 1 DAGs
[2026-05-03T00:30:57.110+0000] {logging_mixin.py:188} INFO - [2026-05-03T00:30:57.110+0000] {dag.py:3834} INFO - Setting next_dagrun for example_dag_decorator to None, run_after=None
[2026-05-03T00:30:57.125+0000] {processor.py:183} INFO - Processing /home/airflow/.local/lib/python3.8/site-packages/airflow/example_dags/example_dag_decorator.py took 0.168 seconds
[2026-05-03T00:31:27.595+0000] {processor.py:161} INFO - Started process (PID=3439) to work on /home/airflow/.local/lib/python3.8/site-packages/airflow/example_dags/example_dag_decorator.py
[2026-05-03T00:31:27.598+0000] {processor.py:830} INFO - Processing file /home/airflow/.local/lib/python3.8/site-packages/airflow/example_dags/example_dag_decorator.py for tasks to queue
[2026-05-03T00:31:27.600+0000] {logging_mixin.py:188} INFO - [2026-05-03T00:31:27.600+0000] {dagbag.py:540} INFO - Filling up the DagBag from /home/airflow/.local/lib/python3.8/site-packages/airflow/example_dags/example_dag_decorator.py
[2026-05-03T00:31:27.689+0000] {processor.py:840} INFO - DAG(s) 'example_dag_decorator' retrieved from /home/airflow/.local/lib/python3.8/site-packages/airflow/example_dags/example_dag_decorator.py
[2026-05-03T00:31:27.787+0000] {logging_mixin.py:188} INFO - [2026-05-03T00:31:27.786+0000] {dag.py:3047} INFO - Sync 1 DAGs
[2026-05-03T00:31:27.795+0000] {logging_mixin.py:188} INFO - [2026-05-03T00:31:27.795+0000] {dag.py:3834} INFO - Setting next_dagrun for example_dag_decorator to None, run_after=None
[2026-05-03T00:31:27.819+0000] {processor.py:183} INFO - Processing /home/airflow/.local/lib/python3.8/site-packages/airflow/example_dags/example_dag_decorator.py took 0.226 seconds
[2026-05-03T00:31:58.770+0000] {processor.py:161} INFO - Started process (PID=3495) to work on /home/airflow/.local/lib/python3.8/site-packages/airflow/example_dags/example_dag_decorator.py
[2026-05-03T00:31:58.771+0000] {processor.py:830} INFO - Processing file /home/airflow/.local/lib/python3.8/site-packages/airflow/example_dags/example_dag_decorator.py for tasks to queue
[2026-05-03T00:31:58.774+0000] {logging_mixin.py:188} INFO - [2026-05-03T00:31:58.773+0000] {dagbag.py:540} INFO - Filling up the DagBag from /home/airflow/.local/lib/python3.8/site-packages/airflow/example_dags/example_dag_decorator.py
[2026-05-03T00:31:58.854+0000] {processor.py:840} INFO - DAG(s) 'example_dag_decorator' retrieved from /home/airflow/.local/lib/python3.8/site-packages/airflow/example_dags/example_dag_decorator.py
[2026-05-03T00:31:58.941+0000] {logging_mixin.py:188} INFO - [2026-05-03T00:31:58.941+0000] {dag.py:3047} INFO - Sync 1 DAGs
[2026-05-03T00:31:58.949+0000] {logging_mixin.py:188} INFO - [2026-05-03T00:31:58.949+0000] {dag.py:3834} INFO - Setting next_dagrun for example_dag_decorator to None, run_after=None
[2026-05-03T00:31:58.966+0000] {processor.py:183} INFO - Processing /home/airflow/.local/lib/python3.8/site-packages/airflow/example_dags/example_dag_decorator.py took 0.200 seconds
[2026-05-03T00:32:29.092+0000] {processor.py:161} INFO - Started process (PID=3551) to work on /home/airflow/.local/lib/python3.8/site-packages/airflow/example_dags/example_dag_decorator.py
[2026-05-03T00:32:29.094+0000] {processor.py:830} INFO - Processing file /home/airflow/.local/lib/python3.8/site-packages/airflow/example_dags/example_dag_decorator.py for tasks to queue
[2026-05-03T00:32:29.096+0000] {logging_mixin.py:188} INFO - [2026-05-03T00:32:29.096+0000] {dagbag.py:540} INFO - Filling up the DagBag from /home/airflow/.local/lib/python3.8/site-packages/airflow/example_dags/example_dag_decorator.py
[2026-05-03T00:32:29.186+0000] {processor.py:840} INFO - DAG(s) 'example_dag_decorator' retrieved from /home/airflow/.local/lib/python3.8/site-packages/airflow/example_dags/example_dag_decorator.py
[2026-05-03T00:32:29.280+0000] {logging_mixin.py:188} INFO - [2026-05-03T00:32:29.280+0000] {dag.py:3047} INFO - Sync 1 DAGs
[2026-05-03T00:32:29.290+0000] {logging_mixin.py:188} INFO - [2026-05-03T00:32:29.290+0000] {dag.py:3834} INFO - Setting next_dagrun for example_dag_decorator to None, run_after=None
[2026-05-03T00:32:29.302+0000] {processor.py:183} INFO - Processing /home/airflow/.local/lib/python3.8/site-packages/airflow/example_dags/example_dag_decorator.py took 0.215 seconds
[2026-05-03T00:32:59.346+0000] {processor.py:161} INFO - Started process (PID=3608) to work on /home/airflow/.local/lib/python3.8/site-packages/airflow/example_dags/example_dag_decorator.py
[2026-05-03T00:32:59.347+0000] {processor.py:830} INFO - Processing file /home/airflow/.local/lib/python3.8/site-packages/airflow/example_dags/example_dag_decorator.py for tasks to queue
[2026-05-03T00:32:59.348+0000] {logging_mixin.py:188} INFO - [2026-05-03T00:32:59.348+0000] {dagbag.py:540} INFO - Filling up the DagBag from /home/airflow/.local/lib/python3.8/site-packages/airflow/example_dags/example_dag_decorator.py
[2026-05-03T00:32:59.422+0000] {processor.py:840} INFO - DAG(s) 'example_dag_decorator' retrieved from /home/airflow/.local/lib/python3.8/site-packages/airflow/example_dags/example_dag_decorator.py
[2026-05-03T00:32:59.497+0000] {logging_mixin.py:188} INFO - [2026-05-03T00:32:59.497+0000] {dag.py:3047} INFO - Sync 1 DAGs
[2026-05-03T00:32:59.505+0000] {logging_mixin.py:188} INFO - [2026-05-03T00:32:59.505+0000] {dag.py:3834} INFO - Setting next_dagrun for example_dag_decorator to None, run_after=None
[2026-05-03T00:32:59.519+0000] {processor.py:183} INFO - Processing /home/airflow/.local/lib/python3.8/site-packages/airflow/example_dags/example_dag_decorator.py took 0.176 seconds
[2026-05-03T00:33:29.792+0000] {processor.py:161} INFO - Started process (PID=3663) to work on /home/airflow/.local/lib/python3.8/site-packages/airflow/example_dags/example_dag_decorator.py
[2026-05-03T00:33:29.794+0000] {processor.py:830} INFO - Processing file /home/airflow/.local/lib/python3.8/site-packages/airflow/example_dags/example_dag_decorator.py for tasks to queue
[2026-05-03T00:33:29.795+0000] {logging_mixin.py:188} INFO - [2026-05-03T00:33:29.795+0000] {dagbag.py:540} INFO - Filling up the DagBag from /home/airflow/.local/lib/python3.8/site-packages/airflow/example_dags/example_dag_decorator.py
[2026-05-03T00:33:29.867+0000] {processor.py:840} INFO - DAG(s) 'example_dag_decorator' retrieved from /home/airflow/.local/lib/python3.8/site-packages/airflow/example_dags/example_dag_decorator.py
[2026-05-03T00:33:30.011+0000] {logging_mixin.py:188} INFO - [2026-05-03T00:33:30.011+0000] {dag.py:3047} INFO - Sync 1 DAGs
[2026-05-03T00:33:30.020+0000] {logging_mixin.py:188} INFO - [2026-05-03T00:33:30.020+0000] {dag.py:3834} INFO - Setting next_dagrun for example_dag_decorator to None, run_after=None
[2026-05-03T00:33:30.033+0000] {processor.py:183} INFO - Processing /home/airflow/.local/lib/python3.8/site-packages/airflow/example_dags/example_dag_decorator.py took 0.246 seconds
[2026-05-03T00:34:00.487+0000] {processor.py:161} INFO - Started process (PID=3719) to work on /home/airflow/.local/lib/python3.8/site-packages/airflow/example_dags/example_dag_decorator.py
[2026-05-03T00:34:00.489+0000] {processor.py:830} INFO - Processing file /home/airflow/.local/lib/python3.8/site-packages/airflow/example_dags/example_dag_decorator.py for tasks to queue
[2026-05-03T00:34:00.491+0000] {logging_mixin.py:188} INFO - [2026-05-03T00:34:00.490+0000] {dagbag.py:540} INFO - Filling up the DagBag from /home/airflow/.local/lib/python3.8/site-packages/airflow/example_dags/example_dag_decorator.py
[2026-05-03T00:34:00.564+0000] {processor.py:840} INFO - DAG(s) 'example_dag_decorator' retrieved from /home/airflow/.local/lib/python3.8/site-packages/airflow/example_dags/example_dag_decorator.py
[2026-05-03T00:34:00.651+0000] {logging_mixin.py:188} INFO - [2026-05-03T00:34:00.651+0000] {dag.py:3047} INFO - Sync 1 DAGs
[2026-05-03T00:34:00.660+0000] {logging_mixin.py:188} INFO - [2026-05-03T00:34:00.660+0000] {dag.py:3834} INFO - Setting next_dagrun for example_dag_decorator to None, run_after=None
[2026-05-03T00:34:00.677+0000] {processor.py:183} INFO - Processing /home/airflow/.local/lib/python3.8/site-packages/airflow/example_dags/example_dag_decorator.py took 0.195 seconds
[2026-05-03T00:34:30.756+0000] {processor.py:161} INFO - Started process (PID=3777) to work on /home/airflow/.local/lib/python3.8/site-packages/airflow/example_dags/example_dag_decorator.py
[2026-05-03T00:34:30.760+0000] {processor.py:830} INFO - Processing file /home/airflow/.local/lib/python3.8/site-packages/airflow/example_dags/example_dag_decorator.py for tasks to queue
[2026-05-03T00:34:30.761+0000] {logging_mixin.py:188} INFO - [2026-05-03T00:34:30.761+0000] {dagbag.py:540} INFO - Filling up the DagBag from /home/airflow/.local/lib/python3.8/site-packages/airflow/example_dags/example_dag_decorator.py
[2026-05-03T00:34:30.834+0000] {processor.py:840} INFO - DAG(s) 'example_dag_decorator' retrieved from /home/airflow/.local/lib/python3.8/site-packages/airflow/example_dags/example_dag_decorator.py
[2026-05-03T00:34:30.914+0000] {logging_mixin.py:188} INFO - [2026-05-03T00:34:30.914+0000] {dag.py:3047} INFO - Sync 1 DAGs
[2026-05-03T00:34:30.922+0000] {logging_mixin.py:188} INFO - [2026-05-03T00:34:30.922+0000] {dag.py:3834} INFO - Setting next_dagrun for example_dag_decorator to None, run_after=None
[2026-05-03T00:34:30.933+0000] {processor.py:183} INFO - Processing /home/airflow/.local/lib/python3.8/site-packages/airflow/example_dags/example_dag_decorator.py took 0.180 seconds
[2026-05-03T00:35:00.957+0000] {processor.py:161} INFO - Started process (PID=3834) to work on /home/airflow/.local/lib/python3.8/site-packages/airflow/example_dags/example_dag_decorator.py
[2026-05-03T00:35:00.958+0000] {processor.py:830} INFO - Processing file /home/airflow/.local/lib/python3.8/site-packages/airflow/example_dags/example_dag_decorator.py for tasks to queue
[2026-05-03T00:35:00.960+0000] {logging_mixin.py:188} INFO - [2026-05-03T00:35:00.959+0000] {dagbag.py:540} INFO - Filling up the DagBag from /home/airflow/.local/lib/python3.8/site-packages/airflow/example_dags/example_dag_decorator.py
[2026-05-03T00:35:01.029+0000] {processor.py:840} INFO - DAG(s) 'example_dag_decorator' retrieved from /home/airflow/.local/lib/python3.8/site-packages/airflow/example_dags/example_dag_decorator.py
[2026-05-03T00:35:01.110+0000] {logging_mixin.py:188} INFO - [2026-05-03T00:35:01.109+0000] {dag.py:3047} INFO - Sync 1 DAGs
[2026-05-03T00:35:01.118+0000] {logging_mixin.py:188} INFO - [2026-05-03T00:35:01.118+0000] {dag.py:3834} INFO - Setting next_dagrun for example_dag_decorator to None, run_after=None
[2026-05-03T00:35:01.129+0000] {processor.py:183} INFO - Processing /home/airflow/.local/lib/python3.8/site-packages/airflow/example_dags/example_dag_decorator.py took 0.175 seconds
[2026-05-03T00:35:31.223+0000] {processor.py:161} INFO - Started process (PID=3887) to work on /home/airflow/.local/lib/python3.8/site-packages/airflow/example_dags/example_dag_decorator.py
[2026-05-03T00:35:31.225+0000] {processor.py:830} INFO - Processing file /home/airflow/.local/lib/python3.8/site-packages/airflow/example_dags/example_dag_decorator.py for tasks to queue
[2026-05-03T00:35:31.227+0000] {logging_mixin.py:188} INFO - [2026-05-03T00:35:31.227+0000] {dagbag.py:540} INFO - Filling up the DagBag from /home/airflow/.local/lib/python3.8/site-packages/airflow/example_dags/example_dag_decorator.py
[2026-05-03T00:35:31.299+0000] {processor.py:840} INFO - DAG(s) 'example_dag_decorator' retrieved from /home/airflow/.local/lib/python3.8/site-packages/airflow/example_dags/example_dag_decorator.py
[2026-05-03T00:35:31.385+0000] {logging_mixin.py:188} INFO - [2026-05-03T00:35:31.385+0000] {dag.py:3047} INFO - Sync 1 DAGs
[2026-05-03T00:35:31.393+0000] {logging_mixin.py:188} INFO - [2026-05-03T00:35:31.393+0000] {dag.py:3834} INFO - Setting next_dagrun for example_dag_decorator to None, run_after=None
[2026-05-03T00:35:31.415+0000] {processor.py:183} INFO - Processing /home/airflow/.local/lib/python3.8/site-packages/airflow/example_dags/example_dag_decorator.py took 0.196 seconds
[2026-05-03T00:36:01.678+0000] {processor.py:161} INFO - Started process (PID=3943) to work on /home/airflow/.local/lib/python3.8/site-packages/airflow/example_dags/example_dag_decorator.py
[2026-05-03T00:36:01.680+0000] {processor.py:830} INFO - Processing file /home/airflow/.local/lib/python3.8/site-packages/airflow/example_dags/example_dag_decorator.py for tasks to queue
[2026-05-03T00:36:01.683+0000] {logging_mixin.py:188} INFO - [2026-05-03T00:36:01.682+0000] {dagbag.py:540} INFO - Filling up the DagBag from /home/airflow/.local/lib/python3.8/site-packages/airflow/example_dags/example_dag_decorator.py
[2026-05-03T00:36:01.768+0000] {processor.py:840} INFO - DAG(s) 'example_dag_decorator' retrieved from /home/airflow/.local/lib/python3.8/site-packages/airflow/example_dags/example_dag_decorator.py
[2026-05-03T00:36:01.853+0000] {logging_mixin.py:188} INFO - [2026-05-03T00:36:01.853+0000] {dag.py:3047} INFO - Sync 1 DAGs
[2026-05-03T00:36:01.866+0000] {logging_mixin.py:188} INFO - [2026-05-03T00:36:01.865+0000] {dag.py:3834} INFO - Setting next_dagrun for example_dag_decorator to None, run_after=None
[2026-05-03T00:36:01.878+0000] {processor.py:183} INFO - Processing /home/airflow/.local/lib/python3.8/site-packages/airflow/example_dags/example_dag_decorator.py took 0.206 seconds
[2026-05-03T00:36:32.134+0000] {processor.py:161} INFO - Started process (PID=3999) to work on /home/airflow/.local/lib/python3.8/site-packages/airflow/example_dags/example_dag_decorator.py
[2026-05-03T00:36:32.136+0000] {processor.py:830} INFO - Processing file /home/airflow/.local/lib/python3.8/site-packages/airflow/example_dags/example_dag_decorator.py for tasks to queue
[2026-05-03T00:36:32.138+0000] {logging_mixin.py:188} INFO - [2026-05-03T00:36:32.138+0000] {dagbag.py:540} INFO - Filling up the DagBag from /home/airflow/.local/lib/python3.8/site-packages/airflow/example_dags/example_dag_decorator.py
[2026-05-03T00:36:32.207+0000] {processor.py:840} INFO - DAG(s) 'example_dag_decorator' retrieved from /home/airflow/.local/lib/python3.8/site-packages/airflow/example_dags/example_dag_decorator.py
[2026-05-03T00:36:32.287+0000] {logging_mixin.py:188} INFO - [2026-05-03T00:36:32.287+0000] {dag.py:3047} INFO - Sync 1 DAGs
[2026-05-03T00:36:32.295+0000] {logging_mixin.py:188} INFO - [2026-05-03T00:36:32.295+0000] {dag.py:3834} INFO - Setting next_dagrun for example_dag_decorator to None, run_after=None
[2026-05-03T00:36:32.317+0000] {processor.py:183} INFO - Processing /home/airflow/.local/lib/python3.8/site-packages/airflow/example_dags/example_dag_decorator.py took 0.188 seconds
[2026-05-03T00:37:02.553+0000] {processor.py:161} INFO - Started process (PID=4055) to work on /home/airflow/.local/lib/python3.8/site-packages/airflow/example_dags/example_dag_decorator.py
[2026-05-03T00:37:02.554+0000] {processor.py:830} INFO - Processing file /home/airflow/.local/lib/python3.8/site-packages/airflow/example_dags/example_dag_decorator.py for tasks to queue
[2026-05-03T00:37:02.556+0000] {logging_mixin.py:188} INFO - [2026-05-03T00:37:02.556+0000] {dagbag.py:540} INFO - Filling up the DagBag from /home/airflow/.local/lib/python3.8/site-packages/airflow/example_dags/example_dag_decorator.py
[2026-05-03T00:37:02.631+0000] {processor.py:840} INFO - DAG(s) 'example_dag_decorator' retrieved from /home/airflow/.local/lib/python3.8/site-packages/airflow/example_dags/example_dag_decorator.py
[2026-05-03T00:37:02.740+0000] {logging_mixin.py:188} INFO - [2026-05-03T00:37:02.740+0000] {dag.py:3047} INFO - Sync 1 DAGs
[2026-05-03T00:37:02.752+0000] {logging_mixin.py:188} INFO - [2026-05-03T00:37:02.752+0000] {dag.py:3834} INFO - Setting next_dagrun for example_dag_decorator to None, run_after=None
[2026-05-03T00:37:02.769+0000] {processor.py:183} INFO - Processing /home/airflow/.local/lib/python3.8/site-packages/airflow/example_dags/example_dag_decorator.py took 0.219 seconds
[2026-05-03T00:37:33.141+0000] {processor.py:161} INFO - Started process (PID=4111) to work on /home/airflow/.local/lib/python3.8/site-packages/airflow/example_dags/example_dag_decorator.py
[2026-05-03T00:37:33.143+0000] {processor.py:830} INFO - Processing file /home/airflow/.local/lib/python3.8/site-packages/airflow/example_dags/example_dag_decorator.py for tasks to queue
[2026-05-03T00:37:33.145+0000] {logging_mixin.py:188} INFO - [2026-05-03T00:37:33.144+0000] {dagbag.py:540} INFO - Filling up the DagBag from /home/airflow/.local/lib/python3.8/site-packages/airflow/example_dags/example_dag_decorator.py
[2026-05-03T00:37:33.219+0000] {processor.py:840} INFO - DAG(s) 'example_dag_decorator' retrieved from /home/airflow/.local/lib/python3.8/site-packages/airflow/example_dags/example_dag_decorator.py
[2026-05-03T00:37:33.317+0000] {logging_mixin.py:188} INFO - [2026-05-03T00:37:33.317+0000] {dag.py:3047} INFO - Sync 1 DAGs
[2026-05-03T00:37:33.325+0000] {logging_mixin.py:188} INFO - [2026-05-03T00:37:33.325+0000] {dag.py:3834} INFO - Setting next_dagrun for example_dag_decorator to None, run_after=None
[2026-05-03T00:37:33.337+0000] {processor.py:183} INFO - Processing /home/airflow/.local/lib/python3.8/site-packages/airflow/example_dags/example_dag_decorator.py took 0.201 seconds
[2026-05-03T00:38:03.455+0000] {processor.py:161} INFO - Started process (PID=4167) to work on /home/airflow/.local/lib/python3.8/site-packages/airflow/example_dags/example_dag_decorator.py
[2026-05-03T00:38:03.456+0000] {processor.py:830} INFO - Processing file /home/airflow/.local/lib/python3.8/site-packages/airflow/example_dags/example_dag_decorator.py for tasks to queue
[2026-05-03T00:38:03.458+0000] {logging_mixin.py:188} INFO - [2026-05-03T00:38:03.457+0000] {dagbag.py:540} INFO - Filling up the DagBag from /home/airflow/.local/lib/python3.8/site-packages/airflow/example_dags/example_dag_decorator.py
[2026-05-03T00:38:03.535+0000] {processor.py:840} INFO - DAG(s) 'example_dag_decorator' retrieved from /home/airflow/.local/lib/python3.8/site-packages/airflow/example_dags/example_dag_decorator.py
[2026-05-03T00:38:03.632+0000] {logging_mixin.py:188} INFO - [2026-05-03T00:38:03.631+0000] {dag.py:3047} INFO - Sync 1 DAGs
[2026-05-03T00:38:03.639+0000] {logging_mixin.py:188} INFO - [2026-05-03T00:38:03.639+0000] {dag.py:3834} INFO - Setting next_dagrun for example_dag_decorator to None, run_after=None
[2026-05-03T00:38:03.656+0000] {processor.py:183} INFO - Processing /home/airflow/.local/lib/python3.8/site-packages/airflow/example_dags/example_dag_decorator.py took 0.205 seconds
[2026-05-03T00:38:34.069+0000] {processor.py:161} INFO - Started process (PID=4223) to work on /home/airflow/.local/lib/python3.8/site-packages/airflow/example_dags/example_dag_decorator.py
[2026-05-03T00:38:34.070+0000] {processor.py:830} INFO - Processing file /home/airflow/.local/lib/python3.8/site-packages/airflow/example_dags/example_dag_decorator.py for tasks to queue
[2026-05-03T00:38:34.074+0000] {logging_mixin.py:188} INFO - [2026-05-03T00:38:34.074+0000] {dagbag.py:540} INFO - Filling up the DagBag from /home/airflow/.local/lib/python3.8/site-packages/airflow/example_dags/example_dag_decorator.py
[2026-05-03T00:38:34.151+0000] {processor.py:840} INFO - DAG(s) 'example_dag_decorator' retrieved from /home/airflow/.local/lib/python3.8/site-packages/airflow/example_dags/example_dag_decorator.py
[2026-05-03T00:38:34.237+0000] {logging_mixin.py:188} INFO - [2026-05-03T00:38:34.237+0000] {dag.py:3047} INFO - Sync 1 DAGs
[2026-05-03T00:38:34.246+0000] {logging_mixin.py:188} INFO - [2026-05-03T00:38:34.246+0000] {dag.py:3834} INFO - Setting next_dagrun for example_dag_decorator to None, run_after=None
[2026-05-03T00:38:34.267+0000] {processor.py:183} INFO - Processing /home/airflow/.local/lib/python3.8/site-packages/airflow/example_dags/example_dag_decorator.py took 0.202 seconds
[2026-05-03T00:39:04.361+0000] {processor.py:161} INFO - Started process (PID=4279) to work on /home/airflow/.local/lib/python3.8/site-packages/airflow/example_dags/example_dag_decorator.py
[2026-05-03T00:39:04.363+0000] {processor.py:830} INFO - Processing file /home/airflow/.local/lib/python3.8/site-packages/airflow/example_dags/example_dag_decorator.py for tasks to queue
[2026-05-03T00:39:04.365+0000] {logging_mixin.py:188} INFO - [2026-05-03T00:39:04.365+0000] {dagbag.py:540} INFO - Filling up the DagBag from /home/airflow/.local/lib/python3.8/site-packages/airflow/example_dags/example_dag_decorator.py
[2026-05-03T00:39:04.445+0000] {processor.py:840} INFO - DAG(s) 'example_dag_decorator' retrieved from /home/airflow/.local/lib/python3.8/site-packages/airflow/example_dags/example_dag_decorator.py
[2026-05-03T00:39:04.523+0000] {logging_mixin.py:188} INFO - [2026-05-03T00:39:04.522+0000] {dag.py:3047} INFO - Sync 1 DAGs
[2026-05-03T00:39:04.529+0000] {logging_mixin.py:188} INFO - [2026-05-03T00:39:04.529+0000] {dag.py:3834} INFO - Setting next_dagrun for example_dag_decorator to None, run_after=None
[2026-05-03T00:39:04.546+0000] {processor.py:183} INFO - Processing /home/airflow/.local/lib/python3.8/site-packages/airflow/example_dags/example_dag_decorator.py took 0.189 seconds
[2026-05-03T00:39:34.846+0000] {processor.py:161} INFO - Started process (PID=4335) to work on /home/airflow/.local/lib/python3.8/site-packages/airflow/example_dags/example_dag_decorator.py
[2026-05-03T00:39:34.848+0000] {processor.py:830} INFO - Processing file /home/airflow/.local/lib/python3.8/site-packages/airflow/example_dags/example_dag_decorator.py for tasks to queue
[2026-05-03T00:39:34.850+0000] {logging_mixin.py:188} INFO - [2026-05-03T00:39:34.850+0000] {dagbag.py:540} INFO - Filling up the DagBag from /home/airflow/.local/lib/python3.8/site-packages/airflow/example_dags/example_dag_decorator.py
[2026-05-03T00:39:34.924+0000] {processor.py:840} INFO - DAG(s) 'example_dag_decorator' retrieved from /home/airflow/.local/lib/python3.8/site-packages/airflow/example_dags/example_dag_decorator.py
[2026-05-03T00:39:35.015+0000] {logging_mixin.py:188} INFO - [2026-05-03T00:39:35.014+0000] {dag.py:3047} INFO - Sync 1 DAGs
[2026-05-03T00:39:35.023+0000] {logging_mixin.py:188} INFO - [2026-05-03T00:39:35.023+0000] {dag.py:3834} INFO - Setting next_dagrun for example_dag_decorator to None, run_after=None
[2026-05-03T00:39:35.043+0000] {processor.py:183} INFO - Processing /home/airflow/.local/lib/python3.8/site-packages/airflow/example_dags/example_dag_decorator.py took 0.200 seconds
