[2026-05-03T00:01:59.937+0000] {processor.py:161} INFO - Started process (PID=2759) to work on /home/airflow/.local/lib/python3.8/site-packages/airflow/example_dags/example_setup_teardown_taskflow.py
[2026-05-03T00:01:59.939+0000] {processor.py:830} INFO - Processing file /home/airflow/.local/lib/python3.8/site-packages/airflow/example_dags/example_setup_teardown_taskflow.py for tasks to queue
[2026-05-03T00:01:59.942+0000] {logging_mixin.py:188} INFO - [2026-05-03T00:01:59.942+0000] {dagbag.py:540} INFO - Filling up the DagBag from /home/airflow/.local/lib/python3.8/site-packages/airflow/example_dags/example_setup_teardown_taskflow.py
[2026-05-03T00:01:59.950+0000] {processor.py:840} INFO - DAG(s) 'example_setup_teardown_taskflow' retrieved from /home/airflow/.local/lib/python3.8/site-packages/airflow/example_dags/example_setup_teardown_taskflow.py
[2026-05-03T00:02:00.021+0000] {logging_mixin.py:188} INFO - [2026-05-03T00:02:00.020+0000] {dag.py:3047} INFO - Sync 1 DAGs
[2026-05-03T00:02:00.066+0000] {logging_mixin.py:188} INFO - [2026-05-03T00:02:00.066+0000] {dag.py:3834} INFO - Setting next_dagrun for example_setup_teardown_taskflow to 2026-05-02 00:00:00+00:00, run_after=2026-05-03 00:00:00+00:00
[2026-05-03T00:02:00.101+0000] {processor.py:183} INFO - Processing /home/airflow/.local/lib/python3.8/site-packages/airflow/example_dags/example_setup_teardown_taskflow.py took 0.169 seconds
[2026-05-03T00:11:41.438+0000] {processor.py:161} INFO - Started process (PID=2815) to work on /home/airflow/.local/lib/python3.8/site-packages/airflow/example_dags/example_setup_teardown_taskflow.py
[2026-05-03T00:11:41.438+0000] {processor.py:830} INFO - Processing file /home/airflow/.local/lib/python3.8/site-packages/airflow/example_dags/example_setup_teardown_taskflow.py for tasks to queue
[2026-05-03T00:11:41.440+0000] {logging_mixin.py:188} INFO - [2026-05-03T00:11:41.440+0000] {dagbag.py:540} INFO - Filling up the DagBag from /home/airflow/.local/lib/python3.8/site-packages/airflow/example_dags/example_setup_teardown_taskflow.py
[2026-05-03T00:11:41.448+0000] {processor.py:840} INFO - DAG(s) 'example_setup_teardown_taskflow' retrieved from /home/airflow/.local/lib/python3.8/site-packages/airflow/example_dags/example_setup_teardown_taskflow.py
[2026-05-03T00:11:41.465+0000] {logging_mixin.py:188} INFO - [2026-05-03T00:11:41.464+0000] {dag.py:3047} INFO - Sync 1 DAGs
[2026-05-03T00:11:41.480+0000] {logging_mixin.py:188} INFO - [2026-05-03T00:11:41.480+0000] {dag.py:3834} INFO - Setting next_dagrun for example_setup_teardown_taskflow to 2026-05-02 00:00:00+00:00, run_after=2026-05-03 00:00:00+00:00
[2026-05-03T00:11:41.491+0000] {processor.py:183} INFO - Processing /home/airflow/.local/lib/python3.8/site-packages/airflow/example_dags/example_setup_teardown_taskflow.py took 0.057 seconds
[2026-05-03T00:20:52.515+0000] {processor.py:161} INFO - Started process (PID=2871) to work on /home/airflow/.local/lib/python3.8/site-packages/airflow/example_dags/example_setup_teardown_taskflow.py
[2026-05-03T00:20:52.516+0000] {processor.py:830} INFO - Processing file /home/airflow/.local/lib/python3.8/site-packages/airflow/example_dags/example_setup_teardown_taskflow.py for tasks to queue
[2026-05-03T00:20:52.518+0000] {logging_mixin.py:188} INFO - [2026-05-03T00:20:52.518+0000] {dagbag.py:540} INFO - Filling up the DagBag from /home/airflow/.local/lib/python3.8/site-packages/airflow/example_dags/example_setup_teardown_taskflow.py
[2026-05-03T00:20:52.526+0000] {processor.py:840} INFO - DAG(s) 'example_setup_teardown_taskflow' retrieved from /home/airflow/.local/lib/python3.8/site-packages/airflow/example_dags/example_setup_teardown_taskflow.py
[2026-05-03T00:20:52.563+0000] {logging_mixin.py:188} INFO - [2026-05-03T00:20:52.563+0000] {dag.py:3047} INFO - Sync 1 DAGs
[2026-05-03T00:20:52.594+0000] {logging_mixin.py:188} INFO - [2026-05-03T00:20:52.593+0000] {dag.py:3834} INFO - Setting next_dagrun for example_setup_teardown_taskflow to 2026-05-02 00:00:00+00:00, run_after=2026-05-03 00:00:00+00:00
[2026-05-03T00:20:52.625+0000] {processor.py:183} INFO - Processing /home/airflow/.local/lib/python3.8/site-packages/airflow/example_dags/example_setup_teardown_taskflow.py took 0.112 seconds
[2026-05-03T00:26:52.560+0000] {processor.py:161} INFO - Started process (PID=2927) to work on /home/airflow/.local/lib/python3.8/site-packages/airflow/example_dags/example_setup_teardown_taskflow.py
[2026-05-03T00:26:52.561+0000] {processor.py:830} INFO - Processing file /home/airflow/.local/lib/python3.8/site-packages/airflow/example_dags/example_setup_teardown_taskflow.py for tasks to queue
[2026-05-03T00:26:52.563+0000] {logging_mixin.py:188} INFO - [2026-05-03T00:26:52.562+0000] {dagbag.py:540} INFO - Filling up the DagBag from /home/airflow/.local/lib/python3.8/site-packages/airflow/example_dags/example_setup_teardown_taskflow.py
[2026-05-03T00:26:52.573+0000] {processor.py:840} INFO - DAG(s) 'example_setup_teardown_taskflow' retrieved from /home/airflow/.local/lib/python3.8/site-packages/airflow/example_dags/example_setup_teardown_taskflow.py
[2026-05-03T00:26:52.595+0000] {logging_mixin.py:188} INFO - [2026-05-03T00:26:52.595+0000] {dag.py:3047} INFO - Sync 1 DAGs
[2026-05-03T00:26:52.623+0000] {logging_mixin.py:188} INFO - [2026-05-03T00:26:52.623+0000] {dag.py:3834} INFO - Setting next_dagrun for example_setup_teardown_taskflow to 2026-05-02 00:00:00+00:00, run_after=2026-05-03 00:00:00+00:00
[2026-05-03T00:26:52.641+0000] {processor.py:183} INFO - Processing /home/airflow/.local/lib/python3.8/site-packages/airflow/example_dags/example_setup_teardown_taskflow.py took 0.084 seconds
[2026-05-03T00:27:22.753+0000] {processor.py:161} INFO - Started process (PID=2983) to work on /home/airflow/.local/lib/python3.8/site-packages/airflow/example_dags/example_setup_teardown_taskflow.py
[2026-05-03T00:27:22.754+0000] {processor.py:830} INFO - Processing file /home/airflow/.local/lib/python3.8/site-packages/airflow/example_dags/example_setup_teardown_taskflow.py for tasks to queue
[2026-05-03T00:27:22.755+0000] {logging_mixin.py:188} INFO - [2026-05-03T00:27:22.755+0000] {dagbag.py:540} INFO - Filling up the DagBag from /home/airflow/.local/lib/python3.8/site-packages/airflow/example_dags/example_setup_teardown_taskflow.py
[2026-05-03T00:27:22.763+0000] {processor.py:840} INFO - DAG(s) 'example_setup_teardown_taskflow' retrieved from /home/airflow/.local/lib/python3.8/site-packages/airflow/example_dags/example_setup_teardown_taskflow.py
[2026-05-03T00:27:22.778+0000] {logging_mixin.py:188} INFO - [2026-05-03T00:27:22.778+0000] {dag.py:3047} INFO - Sync 1 DAGs
[2026-05-03T00:27:22.792+0000] {logging_mixin.py:188} INFO - [2026-05-03T00:27:22.792+0000] {dag.py:3834} INFO - Setting next_dagrun for example_setup_teardown_taskflow to 2026-05-02 00:00:00+00:00, run_after=2026-05-03 00:00:00+00:00
[2026-05-03T00:27:22.802+0000] {processor.py:183} INFO - Processing /home/airflow/.local/lib/python3.8/site-packages/airflow/example_dags/example_setup_teardown_taskflow.py took 0.051 seconds
[2026-05-03T00:27:53.714+0000] {processor.py:161} INFO - Started process (PID=3039) to work on /home/airflow/.local/lib/python3.8/site-packages/airflow/example_dags/example_setup_teardown_taskflow.py
[2026-05-03T00:27:53.715+0000] {processor.py:830} INFO - Processing file /home/airflow/.local/lib/python3.8/site-packages/airflow/example_dags/example_setup_teardown_taskflow.py for tasks to queue
[2026-05-03T00:27:53.716+0000] {logging_mixin.py:188} INFO - [2026-05-03T00:27:53.716+0000] {dagbag.py:540} INFO - Filling up the DagBag from /home/airflow/.local/lib/python3.8/site-packages/airflow/example_dags/example_setup_teardown_taskflow.py
[2026-05-03T00:27:53.724+0000] {processor.py:840} INFO - DAG(s) 'example_setup_teardown_taskflow' retrieved from /home/airflow/.local/lib/python3.8/site-packages/airflow/example_dags/example_setup_teardown_taskflow.py
[2026-05-03T00:27:53.749+0000] {logging_mixin.py:188} INFO - [2026-05-03T00:27:53.749+0000] {dag.py:3047} INFO - Sync 1 DAGs
[2026-05-03T00:27:53.765+0000] {logging_mixin.py:188} INFO - [2026-05-03T00:27:53.765+0000] {dag.py:3834} INFO - Setting next_dagrun for example_setup_teardown_taskflow to 2026-05-02 00:00:00+00:00, run_after=2026-05-03 00:00:00+00:00
[2026-05-03T00:27:53.784+0000] {processor.py:183} INFO - Processing /home/airflow/.local/lib/python3.8/site-packages/airflow/example_dags/example_setup_teardown_taskflow.py took 0.074 seconds
[2026-05-03T00:28:24.098+0000] {processor.py:161} INFO - Started process (PID=3095) to work on /home/airflow/.local/lib/python3.8/site-packages/airflow/example_dags/example_setup_teardown_taskflow.py
[2026-05-03T00:28:24.099+0000] {processor.py:830} INFO - Processing file /home/airflow/.local/lib/python3.8/site-packages/airflow/example_dags/example_setup_teardown_taskflow.py for tasks to queue
[2026-05-03T00:28:24.101+0000] {logging_mixin.py:188} INFO - [2026-05-03T00:28:24.100+0000] {dagbag.py:540} INFO - Filling up the DagBag from /home/airflow/.local/lib/python3.8/site-packages/airflow/example_dags/example_setup_teardown_taskflow.py
[2026-05-03T00:28:24.107+0000] {processor.py:840} INFO - DAG(s) 'example_setup_teardown_taskflow' retrieved from /home/airflow/.local/lib/python3.8/site-packages/airflow/example_dags/example_setup_teardown_taskflow.py
[2026-05-03T00:28:24.126+0000] {logging_mixin.py:188} INFO - [2026-05-03T00:28:24.126+0000] {dag.py:3047} INFO - Sync 1 DAGs
[2026-05-03T00:28:24.144+0000] {logging_mixin.py:188} INFO - [2026-05-03T00:28:24.144+0000] {dag.py:3834} INFO - Setting next_dagrun for example_setup_teardown_taskflow to 2026-05-02 00:00:00+00:00, run_after=2026-05-03 00:00:00+00:00
[2026-05-03T00:28:24.159+0000] {processor.py:183} INFO - Processing /home/airflow/.local/lib/python3.8/site-packages/airflow/example_dags/example_setup_teardown_taskflow.py took 0.064 seconds
[2026-05-03T00:28:54.373+0000] {processor.py:161} INFO - Started process (PID=3151) to work on /home/airflow/.local/lib/python3.8/site-packages/airflow/example_dags/example_setup_teardown_taskflow.py
[2026-05-03T00:28:54.374+0000] {processor.py:830} INFO - Processing file /home/airflow/.local/lib/python3.8/site-packages/airflow/example_dags/example_setup_teardown_taskflow.py for tasks to queue
[2026-05-03T00:28:54.376+0000] {logging_mixin.py:188} INFO - [2026-05-03T00:28:54.375+0000] {dagbag.py:540} INFO - Filling up the DagBag from /home/airflow/.local/lib/python3.8/site-packages/airflow/example_dags/example_setup_teardown_taskflow.py
[2026-05-03T00:28:54.383+0000] {processor.py:840} INFO - DAG(s) 'example_setup_teardown_taskflow' retrieved from /home/airflow/.local/lib/python3.8/site-packages/airflow/example_dags/example_setup_teardown_taskflow.py
[2026-05-03T00:28:54.402+0000] {logging_mixin.py:188} INFO - [2026-05-03T00:28:54.402+0000] {dag.py:3047} INFO - Sync 1 DAGs
[2026-05-03T00:28:54.416+0000] {logging_mixin.py:188} INFO - [2026-05-03T00:28:54.415+0000] {dag.py:3834} INFO - Setting next_dagrun for example_setup_teardown_taskflow to 2026-05-02 00:00:00+00:00, run_after=2026-05-03 00:00:00+00:00
[2026-05-03T00:28:54.435+0000] {processor.py:183} INFO - Processing /home/airflow/.local/lib/python3.8/site-packages/airflow/example_dags/example_setup_teardown_taskflow.py took 0.065 seconds
[2026-05-03T00:29:24.680+0000] {processor.py:161} INFO - Started process (PID=3208) to work on /home/airflow/.local/lib/python3.8/site-packages/airflow/example_dags/example_setup_teardown_taskflow.py
[2026-05-03T00:29:24.681+0000] {processor.py:830} INFO - Processing file /home/airflow/.local/lib/python3.8/site-packages/airflow/example_dags/example_setup_teardown_taskflow.py for tasks to queue
[2026-05-03T00:29:24.682+0000] {logging_mixin.py:188} INFO - [2026-05-03T00:29:24.682+0000] {dagbag.py:540} INFO - Filling up the DagBag from /home/airflow/.local/lib/python3.8/site-packages/airflow/example_dags/example_setup_teardown_taskflow.py
[2026-05-03T00:29:24.688+0000] {processor.py:840} INFO - DAG(s) 'example_setup_teardown_taskflow' retrieved from /home/airflow/.local/lib/python3.8/site-packages/airflow/example_dags/example_setup_teardown_taskflow.py
[2026-05-03T00:29:24.702+0000] {logging_mixin.py:188} INFO - [2026-05-03T00:29:24.702+0000] {dag.py:3047} INFO - Sync 1 DAGs
[2026-05-03T00:29:24.715+0000] {logging_mixin.py:188} INFO - [2026-05-03T00:29:24.714+0000] {dag.py:3834} INFO - Setting next_dagrun for example_setup_teardown_taskflow to 2026-05-02 00:00:00+00:00, run_after=2026-05-03 00:00:00+00:00
[2026-05-03T00:29:24.724+0000] {processor.py:183} INFO - Processing /home/airflow/.local/lib/python3.8/site-packages/airflow/example_dags/example_setup_teardown_taskflow.py took 0.047 seconds
[2026-05-03T00:29:54.969+0000] {processor.py:161} INFO - Started process (PID=3263) to work on /home/airflow/.local/lib/python3.8/site-packages/airflow/example_dags/example_setup_teardown_taskflow.py
[2026-05-03T00:29:54.970+0000] {processor.py:830} INFO - Processing file /home/airflow/.local/lib/python3.8/site-packages/airflow/example_dags/example_setup_teardown_taskflow.py for tasks to queue
[2026-05-03T00:29:54.971+0000] {logging_mixin.py:188} INFO - [2026-05-03T00:29:54.971+0000] {dagbag.py:540} INFO - Filling up the DagBag from /home/airflow/.local/lib/python3.8/site-packages/airflow/example_dags/example_setup_teardown_taskflow.py
[2026-05-03T00:29:54.978+0000] {processor.py:840} INFO - DAG(s) 'example_setup_teardown_taskflow' retrieved from /home/airflow/.local/lib/python3.8/site-packages/airflow/example_dags/example_setup_teardown_taskflow.py
[2026-05-03T00:29:54.992+0000] {logging_mixin.py:188} INFO - [2026-05-03T00:29:54.992+0000] {dag.py:3047} INFO - Sync 1 DAGs
[2026-05-03T00:29:55.008+0000] {logging_mixin.py:188} INFO - [2026-05-03T00:29:55.007+0000] {dag.py:3834} INFO - Setting next_dagrun for example_setup_teardown_taskflow to 2026-05-02 00:00:00+00:00, run_after=2026-05-03 00:00:00+00:00
[2026-05-03T00:29:55.021+0000] {processor.py:183} INFO - Processing /home/airflow/.local/lib/python3.8/site-packages/airflow/example_dags/example_setup_teardown_taskflow.py took 0.055 seconds
[2026-05-03T00:30:25.344+0000] {processor.py:161} INFO - Started process (PID=3319) to work on /home/airflow/.local/lib/python3.8/site-packages/airflow/example_dags/example_setup_teardown_taskflow.py
[2026-05-03T00:30:25.345+0000] {processor.py:830} INFO - Processing file /home/airflow/.local/lib/python3.8/site-packages/airflow/example_dags/example_setup_teardown_taskflow.py for tasks to queue
[2026-05-03T00:30:25.346+0000] {logging_mixin.py:188} INFO - [2026-05-03T00:30:25.346+0000] {dagbag.py:540} INFO - Filling up the DagBag from /home/airflow/.local/lib/python3.8/site-packages/airflow/example_dags/example_setup_teardown_taskflow.py
[2026-05-03T00:30:25.354+0000] {processor.py:840} INFO - DAG(s) 'example_setup_teardown_taskflow' retrieved from /home/airflow/.local/lib/python3.8/site-packages/airflow/example_dags/example_setup_teardown_taskflow.py
[2026-05-03T00:30:25.379+0000] {logging_mixin.py:188} INFO - [2026-05-03T00:30:25.379+0000] {dag.py:3047} INFO - Sync 1 DAGs
[2026-05-03T00:30:25.399+0000] {logging_mixin.py:188} INFO - [2026-05-03T00:30:25.399+0000] {dag.py:3834} INFO - Setting next_dagrun for example_setup_teardown_taskflow to 2026-05-02 00:00:00+00:00, run_after=2026-05-03 00:00:00+00:00
[2026-05-03T00:30:25.418+0000] {processor.py:183} INFO - Processing /home/airflow/.local/lib/python3.8/site-packages/airflow/example_dags/example_setup_teardown_taskflow.py took 0.077 seconds
[2026-05-03T00:30:55.521+0000] {processor.py:161} INFO - Started process (PID=3375) to work on /home/airflow/.local/lib/python3.8/site-packages/airflow/example_dags/example_setup_teardown_taskflow.py
[2026-05-03T00:30:55.522+0000] {processor.py:830} INFO - Processing file /home/airflow/.local/lib/python3.8/site-packages/airflow/example_dags/example_setup_teardown_taskflow.py for tasks to queue
[2026-05-03T00:30:55.523+0000] {logging_mixin.py:188} INFO - [2026-05-03T00:30:55.523+0000] {dagbag.py:540} INFO - Filling up the DagBag from /home/airflow/.local/lib/python3.8/site-packages/airflow/example_dags/example_setup_teardown_taskflow.py
[2026-05-03T00:30:55.530+0000] {processor.py:840} INFO - DAG(s) 'example_setup_teardown_taskflow' retrieved from /home/airflow/.local/lib/python3.8/site-packages/airflow/example_dags/example_setup_teardown_taskflow.py
[2026-05-03T00:30:55.551+0000] {logging_mixin.py:188} INFO - [2026-05-03T00:30:55.550+0000] {dag.py:3047} INFO - Sync 1 DAGs
[2026-05-03T00:30:55.566+0000] {logging_mixin.py:188} INFO - [2026-05-03T00:30:55.565+0000] {dag.py:3834} INFO - Setting next_dagrun for example_setup_teardown_taskflow to 2026-05-02 00:00:00+00:00, run_after=2026-05-03 00:00:00+00:00
[2026-05-03T00:30:55.581+0000] {processor.py:183} INFO - Processing /home/airflow/.local/lib/python3.8/site-packages/airflow/example_dags/example_setup_teardown_taskflow.py took 0.062 seconds
[2026-05-03T00:31:26.173+0000] {processor.py:161} INFO - Started process (PID=3431) to work on /home/airflow/.local/lib/python3.8/site-packages/airflow/example_dags/example_setup_teardown_taskflow.py
[2026-05-03T00:31:26.174+0000] {processor.py:830} INFO - Processing file /home/airflow/.local/lib/python3.8/site-packages/airflow/example_dags/example_setup_teardown_taskflow.py for tasks to queue
[2026-05-03T00:31:26.176+0000] {logging_mixin.py:188} INFO - [2026-05-03T00:31:26.176+0000] {dagbag.py:540} INFO - Filling up the DagBag from /home/airflow/.local/lib/python3.8/site-packages/airflow/example_dags/example_setup_teardown_taskflow.py
[2026-05-03T00:31:26.183+0000] {processor.py:840} INFO - DAG(s) 'example_setup_teardown_taskflow' retrieved from /home/airflow/.local/lib/python3.8/site-packages/airflow/example_dags/example_setup_teardown_taskflow.py
[2026-05-03T00:31:26.201+0000] {logging_mixin.py:188} INFO - [2026-05-03T00:31:26.201+0000] {dag.py:3047} INFO - Sync 1 DAGs
[2026-05-03T00:31:26.216+0000] {logging_mixin.py:188} INFO - [2026-05-03T00:31:26.216+0000] {dag.py:3834} INFO - Setting next_dagrun for example_setup_teardown_taskflow to 2026-05-02 00:00:00+00:00, run_after=2026-05-03 00:00:00+00:00
[2026-05-03T00:31:26.233+0000] {processor.py:183} INFO - Processing /home/airflow/.local/lib/python3.8/site-packages/airflow/example_dags/example_setup_teardown_taskflow.py took 0.063 seconds
[2026-05-03T00:31:56.423+0000] {processor.py:161} INFO - Started process (PID=3487) to work on /home/airflow/.local/lib/python3.8/site-packages/airflow/example_dags/example_setup_teardown_taskflow.py
[2026-05-03T00:31:56.427+0000] {processor.py:830} INFO - Processing file /home/airflow/.local/lib/python3.8/site-packages/airflow/example_dags/example_setup_teardown_taskflow.py for tasks to queue
[2026-05-03T00:31:56.429+0000] {logging_mixin.py:188} INFO - [2026-05-03T00:31:56.429+0000] {dagbag.py:540} INFO - Filling up the DagBag from /home/airflow/.local/lib/python3.8/site-packages/airflow/example_dags/example_setup_teardown_taskflow.py
[2026-05-03T00:31:56.438+0000] {processor.py:840} INFO - DAG(s) 'example_setup_teardown_taskflow' retrieved from /home/airflow/.local/lib/python3.8/site-packages/airflow/example_dags/example_setup_teardown_taskflow.py
[2026-05-03T00:31:56.454+0000] {logging_mixin.py:188} INFO - [2026-05-03T00:31:56.454+0000] {dag.py:3047} INFO - Sync 1 DAGs
[2026-05-03T00:31:56.468+0000] {logging_mixin.py:188} INFO - [2026-05-03T00:31:56.468+0000] {dag.py:3834} INFO - Setting next_dagrun for example_setup_teardown_taskflow to 2026-05-02 00:00:00+00:00, run_after=2026-05-03 00:00:00+00:00
[2026-05-03T00:31:56.485+0000] {processor.py:183} INFO - Processing /home/airflow/.local/lib/python3.8/site-packages/airflow/example_dags/example_setup_teardown_taskflow.py took 0.066 seconds
[2026-05-03T00:32:26.778+0000] {processor.py:161} INFO - Started process (PID=3543) to work on /home/airflow/.local/lib/python3.8/site-packages/airflow/example_dags/example_setup_teardown_taskflow.py
[2026-05-03T00:32:26.779+0000] {processor.py:830} INFO - Processing file /home/airflow/.local/lib/python3.8/site-packages/airflow/example_dags/example_setup_teardown_taskflow.py for tasks to queue
[2026-05-03T00:32:26.780+0000] {logging_mixin.py:188} INFO - [2026-05-03T00:32:26.780+0000] {dagbag.py:540} INFO - Filling up the DagBag from /home/airflow/.local/lib/python3.8/site-packages/airflow/example_dags/example_setup_teardown_taskflow.py
[2026-05-03T00:32:26.787+0000] {processor.py:840} INFO - DAG(s) 'example_setup_teardown_taskflow' retrieved from /home/airflow/.local/lib/python3.8/site-packages/airflow/example_dags/example_setup_teardown_taskflow.py
[2026-05-03T00:32:26.813+0000] {logging_mixin.py:188} INFO - [2026-05-03T00:32:26.813+0000] {dag.py:3047} INFO - Sync 1 DAGs
[2026-05-03T00:32:26.831+0000] {logging_mixin.py:188} INFO - [2026-05-03T00:32:26.831+0000] {dag.py:3834} INFO - Setting next_dagrun for example_setup_teardown_taskflow to 2026-05-02 00:00:00+00:00, run_after=2026-05-03 00:00:00+00:00
[2026-05-03T00:32:26.844+0000] {processor.py:183} INFO - Processing /home/airflow/.local/lib/python3.8/site-packages/airflow/example_dags/example_setup_teardown_taskflow.py took 0.068 seconds
[2026-05-03T00:32:56.907+0000] {processor.py:161} INFO - Started process (PID=3599) to work on /home/airflow/.local/lib/python3.8/site-packages/airflow/example_dags/example_setup_teardown_taskflow.py
[2026-05-03T00:32:56.908+0000] {processor.py:830} INFO - Processing file /home/airflow/.local/lib/python3.8/site-packages/airflow/example_dags/example_setup_teardown_taskflow.py for tasks to queue
[2026-05-03T00:32:56.909+0000] {logging_mixin.py:188} INFO - [2026-05-03T00:32:56.909+0000] {dagbag.py:540} INFO - Filling up the DagBag from /home/airflow/.local/lib/python3.8/site-packages/airflow/example_dags/example_setup_teardown_taskflow.py
[2026-05-03T00:32:56.916+0000] {processor.py:840} INFO - DAG(s) 'example_setup_teardown_taskflow' retrieved from /home/airflow/.local/lib/python3.8/site-packages/airflow/example_dags/example_setup_teardown_taskflow.py
[2026-05-03T00:32:56.930+0000] {logging_mixin.py:188} INFO - [2026-05-03T00:32:56.930+0000] {dag.py:3047} INFO - Sync 1 DAGs
[2026-05-03T00:32:56.945+0000] {logging_mixin.py:188} INFO - [2026-05-03T00:32:56.945+0000] {dag.py:3834} INFO - Setting next_dagrun for example_setup_teardown_taskflow to 2026-05-02 00:00:00+00:00, run_after=2026-05-03 00:00:00+00:00
[2026-05-03T00:32:56.963+0000] {processor.py:183} INFO - Processing /home/airflow/.local/lib/python3.8/site-packages/airflow/example_dags/example_setup_teardown_taskflow.py took 0.059 seconds
[2026-05-03T00:33:27.424+0000] {processor.py:161} INFO - Started process (PID=3655) to work on /home/airflow/.local/lib/python3.8/site-packages/airflow/example_dags/example_setup_teardown_taskflow.py
[2026-05-03T00:33:27.425+0000] {processor.py:830} INFO - Processing file /home/airflow/.local/lib/python3.8/site-packages/airflow/example_dags/example_setup_teardown_taskflow.py for tasks to queue
[2026-05-03T00:33:27.426+0000] {logging_mixin.py:188} INFO - [2026-05-03T00:33:27.426+0000] {dagbag.py:540} INFO - Filling up the DagBag from /home/airflow/.local/lib/python3.8/site-packages/airflow/example_dags/example_setup_teardown_taskflow.py
[2026-05-03T00:33:27.433+0000] {processor.py:840} INFO - DAG(s) 'example_setup_teardown_taskflow' retrieved from /home/airflow/.local/lib/python3.8/site-packages/airflow/example_dags/example_setup_teardown_taskflow.py
[2026-05-03T00:33:27.448+0000] {logging_mixin.py:188} INFO - [2026-05-03T00:33:27.448+0000] {dag.py:3047} INFO - Sync 1 DAGs
[2026-05-03T00:33:27.461+0000] {logging_mixin.py:188} INFO - [2026-05-03T00:33:27.461+0000] {dag.py:3834} INFO - Setting next_dagrun for example_setup_teardown_taskflow to 2026-05-02 00:00:00+00:00, run_after=2026-05-03 00:00:00+00:00
[2026-05-03T00:33:27.471+0000] {processor.py:183} INFO - Processing /home/airflow/.local/lib/python3.8/site-packages/airflow/example_dags/example_setup_teardown_taskflow.py took 0.053 seconds
[2026-05-03T00:33:58.025+0000] {processor.py:161} INFO - Started process (PID=3711) to work on /home/airflow/.local/lib/python3.8/site-packages/airflow/example_dags/example_setup_teardown_taskflow.py
[2026-05-03T00:33:58.026+0000] {processor.py:830} INFO - Processing file /home/airflow/.local/lib/python3.8/site-packages/airflow/example_dags/example_setup_teardown_taskflow.py for tasks to queue
[2026-05-03T00:33:58.027+0000] {logging_mixin.py:188} INFO - [2026-05-03T00:33:58.027+0000] {dagbag.py:540} INFO - Filling up the DagBag from /home/airflow/.local/lib/python3.8/site-packages/airflow/example_dags/example_setup_teardown_taskflow.py
[2026-05-03T00:33:58.035+0000] {processor.py:840} INFO - DAG(s) 'example_setup_teardown_taskflow' retrieved from /home/airflow/.local/lib/python3.8/site-packages/airflow/example_dags/example_setup_teardown_taskflow.py
[2026-05-03T00:33:58.054+0000] {logging_mixin.py:188} INFO - [2026-05-03T00:33:58.054+0000] {dag.py:3047} INFO - Sync 1 DAGs
[2026-05-03T00:33:58.069+0000] {logging_mixin.py:188} INFO - [2026-05-03T00:33:58.069+0000] {dag.py:3834} INFO - Setting next_dagrun for example_setup_teardown_taskflow to 2026-05-02 00:00:00+00:00, run_after=2026-05-03 00:00:00+00:00
[2026-05-03T00:33:58.084+0000] {processor.py:183} INFO - Processing /home/airflow/.local/lib/python3.8/site-packages/airflow/example_dags/example_setup_teardown_taskflow.py took 0.064 seconds
[2026-05-03T00:34:28.321+0000] {processor.py:161} INFO - Started process (PID=3767) to work on /home/airflow/.local/lib/python3.8/site-packages/airflow/example_dags/example_setup_teardown_taskflow.py
[2026-05-03T00:34:28.322+0000] {processor.py:830} INFO - Processing file /home/airflow/.local/lib/python3.8/site-packages/airflow/example_dags/example_setup_teardown_taskflow.py for tasks to queue
[2026-05-03T00:34:28.323+0000] {logging_mixin.py:188} INFO - [2026-05-03T00:34:28.323+0000] {dagbag.py:540} INFO - Filling up the DagBag from /home/airflow/.local/lib/python3.8/site-packages/airflow/example_dags/example_setup_teardown_taskflow.py
[2026-05-03T00:34:28.330+0000] {processor.py:840} INFO - DAG(s) 'example_setup_teardown_taskflow' retrieved from /home/airflow/.local/lib/python3.8/site-packages/airflow/example_dags/example_setup_teardown_taskflow.py
[2026-05-03T00:34:28.344+0000] {logging_mixin.py:188} INFO - [2026-05-03T00:34:28.344+0000] {dag.py:3047} INFO - Sync 1 DAGs
[2026-05-03T00:34:28.359+0000] {logging_mixin.py:188} INFO - [2026-05-03T00:34:28.358+0000] {dag.py:3834} INFO - Setting next_dagrun for example_setup_teardown_taskflow to 2026-05-02 00:00:00+00:00, run_after=2026-05-03 00:00:00+00:00
[2026-05-03T00:34:28.368+0000] {processor.py:183} INFO - Processing /home/airflow/.local/lib/python3.8/site-packages/airflow/example_dags/example_setup_teardown_taskflow.py took 0.050 seconds
[2026-05-03T00:34:58.590+0000] {processor.py:161} INFO - Started process (PID=3823) to work on /home/airflow/.local/lib/python3.8/site-packages/airflow/example_dags/example_setup_teardown_taskflow.py
[2026-05-03T00:34:58.592+0000] {processor.py:830} INFO - Processing file /home/airflow/.local/lib/python3.8/site-packages/airflow/example_dags/example_setup_teardown_taskflow.py for tasks to queue
[2026-05-03T00:34:58.593+0000] {logging_mixin.py:188} INFO - [2026-05-03T00:34:58.593+0000] {dagbag.py:540} INFO - Filling up the DagBag from /home/airflow/.local/lib/python3.8/site-packages/airflow/example_dags/example_setup_teardown_taskflow.py
[2026-05-03T00:34:58.600+0000] {processor.py:840} INFO - DAG(s) 'example_setup_teardown_taskflow' retrieved from /home/airflow/.local/lib/python3.8/site-packages/airflow/example_dags/example_setup_teardown_taskflow.py
[2026-05-03T00:34:58.615+0000] {logging_mixin.py:188} INFO - [2026-05-03T00:34:58.614+0000] {dag.py:3047} INFO - Sync 1 DAGs
[2026-05-03T00:34:58.629+0000] {logging_mixin.py:188} INFO - [2026-05-03T00:34:58.629+0000] {dag.py:3834} INFO - Setting next_dagrun for example_setup_teardown_taskflow to 2026-05-02 00:00:00+00:00, run_after=2026-05-03 00:00:00+00:00
[2026-05-03T00:34:58.642+0000] {processor.py:183} INFO - Processing /home/airflow/.local/lib/python3.8/site-packages/airflow/example_dags/example_setup_teardown_taskflow.py took 0.055 seconds
[2026-05-03T00:35:28.817+0000] {processor.py:161} INFO - Started process (PID=3879) to work on /home/airflow/.local/lib/python3.8/site-packages/airflow/example_dags/example_setup_teardown_taskflow.py
[2026-05-03T00:35:28.819+0000] {processor.py:830} INFO - Processing file /home/airflow/.local/lib/python3.8/site-packages/airflow/example_dags/example_setup_teardown_taskflow.py for tasks to queue
[2026-05-03T00:35:28.821+0000] {logging_mixin.py:188} INFO - [2026-05-03T00:35:28.821+0000] {dagbag.py:540} INFO - Filling up the DagBag from /home/airflow/.local/lib/python3.8/site-packages/airflow/example_dags/example_setup_teardown_taskflow.py
[2026-05-03T00:35:28.828+0000] {processor.py:840} INFO - DAG(s) 'example_setup_teardown_taskflow' retrieved from /home/airflow/.local/lib/python3.8/site-packages/airflow/example_dags/example_setup_teardown_taskflow.py
[2026-05-03T00:35:28.847+0000] {logging_mixin.py:188} INFO - [2026-05-03T00:35:28.847+0000] {dag.py:3047} INFO - Sync 1 DAGs
[2026-05-03T00:35:28.863+0000] {logging_mixin.py:188} INFO - [2026-05-03T00:35:28.863+0000] {dag.py:3834} INFO - Setting next_dagrun for example_setup_teardown_taskflow to 2026-05-02 00:00:00+00:00, run_after=2026-05-03 00:00:00+00:00
[2026-05-03T00:35:28.880+0000] {processor.py:183} INFO - Processing /home/airflow/.local/lib/python3.8/site-packages/airflow/example_dags/example_setup_teardown_taskflow.py took 0.066 seconds
[2026-05-03T00:35:59.298+0000] {processor.py:161} INFO - Started process (PID=3935) to work on /home/airflow/.local/lib/python3.8/site-packages/airflow/example_dags/example_setup_teardown_taskflow.py
[2026-05-03T00:35:59.299+0000] {processor.py:830} INFO - Processing file /home/airflow/.local/lib/python3.8/site-packages/airflow/example_dags/example_setup_teardown_taskflow.py for tasks to queue
[2026-05-03T00:35:59.300+0000] {logging_mixin.py:188} INFO - [2026-05-03T00:35:59.300+0000] {dagbag.py:540} INFO - Filling up the DagBag from /home/airflow/.local/lib/python3.8/site-packages/airflow/example_dags/example_setup_teardown_taskflow.py
[2026-05-03T00:35:59.306+0000] {processor.py:840} INFO - DAG(s) 'example_setup_teardown_taskflow' retrieved from /home/airflow/.local/lib/python3.8/site-packages/airflow/example_dags/example_setup_teardown_taskflow.py
[2026-05-03T00:35:59.320+0000] {logging_mixin.py:188} INFO - [2026-05-03T00:35:59.320+0000] {dag.py:3047} INFO - Sync 1 DAGs
[2026-05-03T00:35:59.333+0000] {logging_mixin.py:188} INFO - [2026-05-03T00:35:59.333+0000] {dag.py:3834} INFO - Setting next_dagrun for example_setup_teardown_taskflow to 2026-05-02 00:00:00+00:00, run_after=2026-05-03 00:00:00+00:00
[2026-05-03T00:35:59.343+0000] {processor.py:183} INFO - Processing /home/airflow/.local/lib/python3.8/site-packages/airflow/example_dags/example_setup_teardown_taskflow.py took 0.048 seconds
[2026-05-03T00:36:29.770+0000] {processor.py:161} INFO - Started process (PID=3991) to work on /home/airflow/.local/lib/python3.8/site-packages/airflow/example_dags/example_setup_teardown_taskflow.py
[2026-05-03T00:36:29.772+0000] {processor.py:830} INFO - Processing file /home/airflow/.local/lib/python3.8/site-packages/airflow/example_dags/example_setup_teardown_taskflow.py for tasks to queue
[2026-05-03T00:36:29.773+0000] {logging_mixin.py:188} INFO - [2026-05-03T00:36:29.773+0000] {dagbag.py:540} INFO - Filling up the DagBag from /home/airflow/.local/lib/python3.8/site-packages/airflow/example_dags/example_setup_teardown_taskflow.py
[2026-05-03T00:36:29.780+0000] {processor.py:840} INFO - DAG(s) 'example_setup_teardown_taskflow' retrieved from /home/airflow/.local/lib/python3.8/site-packages/airflow/example_dags/example_setup_teardown_taskflow.py
[2026-05-03T00:36:29.800+0000] {logging_mixin.py:188} INFO - [2026-05-03T00:36:29.800+0000] {dag.py:3047} INFO - Sync 1 DAGs
[2026-05-03T00:36:29.816+0000] {logging_mixin.py:188} INFO - [2026-05-03T00:36:29.816+0000] {dag.py:3834} INFO - Setting next_dagrun for example_setup_teardown_taskflow to 2026-05-02 00:00:00+00:00, run_after=2026-05-03 00:00:00+00:00
[2026-05-03T00:36:29.831+0000] {processor.py:183} INFO - Processing /home/airflow/.local/lib/python3.8/site-packages/airflow/example_dags/example_setup_teardown_taskflow.py took 0.064 seconds
[2026-05-03T00:37:00.180+0000] {processor.py:161} INFO - Started process (PID=4047) to work on /home/airflow/.local/lib/python3.8/site-packages/airflow/example_dags/example_setup_teardown_taskflow.py
[2026-05-03T00:37:00.182+0000] {processor.py:830} INFO - Processing file /home/airflow/.local/lib/python3.8/site-packages/airflow/example_dags/example_setup_teardown_taskflow.py for tasks to queue
[2026-05-03T00:37:00.183+0000] {logging_mixin.py:188} INFO - [2026-05-03T00:37:00.183+0000] {dagbag.py:540} INFO - Filling up the DagBag from /home/airflow/.local/lib/python3.8/site-packages/airflow/example_dags/example_setup_teardown_taskflow.py
[2026-05-03T00:37:00.192+0000] {processor.py:840} INFO - DAG(s) 'example_setup_teardown_taskflow' retrieved from /home/airflow/.local/lib/python3.8/site-packages/airflow/example_dags/example_setup_teardown_taskflow.py
[2026-05-03T00:37:00.213+0000] {logging_mixin.py:188} INFO - [2026-05-03T00:37:00.213+0000] {dag.py:3047} INFO - Sync 1 DAGs
[2026-05-03T00:37:00.230+0000] {logging_mixin.py:188} INFO - [2026-05-03T00:37:00.230+0000] {dag.py:3834} INFO - Setting next_dagrun for example_setup_teardown_taskflow to 2026-05-02 00:00:00+00:00, run_after=2026-05-03 00:00:00+00:00
[2026-05-03T00:37:00.240+0000] {processor.py:183} INFO - Processing /home/airflow/.local/lib/python3.8/site-packages/airflow/example_dags/example_setup_teardown_taskflow.py took 0.063 seconds
[2026-05-03T00:37:30.741+0000] {processor.py:161} INFO - Started process (PID=4103) to work on /home/airflow/.local/lib/python3.8/site-packages/airflow/example_dags/example_setup_teardown_taskflow.py
[2026-05-03T00:37:30.742+0000] {processor.py:830} INFO - Processing file /home/airflow/.local/lib/python3.8/site-packages/airflow/example_dags/example_setup_teardown_taskflow.py for tasks to queue
[2026-05-03T00:37:30.743+0000] {logging_mixin.py:188} INFO - [2026-05-03T00:37:30.743+0000] {dagbag.py:540} INFO - Filling up the DagBag from /home/airflow/.local/lib/python3.8/site-packages/airflow/example_dags/example_setup_teardown_taskflow.py
[2026-05-03T00:37:30.750+0000] {processor.py:840} INFO - DAG(s) 'example_setup_teardown_taskflow' retrieved from /home/airflow/.local/lib/python3.8/site-packages/airflow/example_dags/example_setup_teardown_taskflow.py
[2026-05-03T00:37:30.768+0000] {logging_mixin.py:188} INFO - [2026-05-03T00:37:30.768+0000] {dag.py:3047} INFO - Sync 1 DAGs
[2026-05-03T00:37:30.786+0000] {logging_mixin.py:188} INFO - [2026-05-03T00:37:30.785+0000] {dag.py:3834} INFO - Setting next_dagrun for example_setup_teardown_taskflow to 2026-05-02 00:00:00+00:00, run_after=2026-05-03 00:00:00+00:00
[2026-05-03T00:37:30.805+0000] {processor.py:183} INFO - Processing /home/airflow/.local/lib/python3.8/site-packages/airflow/example_dags/example_setup_teardown_taskflow.py took 0.067 seconds
[2026-05-03T00:38:01.142+0000] {processor.py:161} INFO - Started process (PID=4159) to work on /home/airflow/.local/lib/python3.8/site-packages/airflow/example_dags/example_setup_teardown_taskflow.py
[2026-05-03T00:38:01.143+0000] {processor.py:830} INFO - Processing file /home/airflow/.local/lib/python3.8/site-packages/airflow/example_dags/example_setup_teardown_taskflow.py for tasks to queue
[2026-05-03T00:38:01.146+0000] {logging_mixin.py:188} INFO - [2026-05-03T00:38:01.146+0000] {dagbag.py:540} INFO - Filling up the DagBag from /home/airflow/.local/lib/python3.8/site-packages/airflow/example_dags/example_setup_teardown_taskflow.py
[2026-05-03T00:38:01.154+0000] {processor.py:840} INFO - DAG(s) 'example_setup_teardown_taskflow' retrieved from /home/airflow/.local/lib/python3.8/site-packages/airflow/example_dags/example_setup_teardown_taskflow.py
[2026-05-03T00:38:01.172+0000] {logging_mixin.py:188} INFO - [2026-05-03T00:38:01.172+0000] {dag.py:3047} INFO - Sync 1 DAGs
[2026-05-03T00:38:01.192+0000] {logging_mixin.py:188} INFO - [2026-05-03T00:38:01.192+0000] {dag.py:3834} INFO - Setting next_dagrun for example_setup_teardown_taskflow to 2026-05-02 00:00:00+00:00, run_after=2026-05-03 00:00:00+00:00
[2026-05-03T00:38:01.205+0000] {processor.py:183} INFO - Processing /home/airflow/.local/lib/python3.8/site-packages/airflow/example_dags/example_setup_teardown_taskflow.py took 0.066 seconds
[2026-05-03T00:38:31.695+0000] {processor.py:161} INFO - Started process (PID=4215) to work on /home/airflow/.local/lib/python3.8/site-packages/airflow/example_dags/example_setup_teardown_taskflow.py
[2026-05-03T00:38:31.696+0000] {processor.py:830} INFO - Processing file /home/airflow/.local/lib/python3.8/site-packages/airflow/example_dags/example_setup_teardown_taskflow.py for tasks to queue
[2026-05-03T00:38:31.697+0000] {logging_mixin.py:188} INFO - [2026-05-03T00:38:31.697+0000] {dagbag.py:540} INFO - Filling up the DagBag from /home/airflow/.local/lib/python3.8/site-packages/airflow/example_dags/example_setup_teardown_taskflow.py
[2026-05-03T00:38:31.704+0000] {processor.py:840} INFO - DAG(s) 'example_setup_teardown_taskflow' retrieved from /home/airflow/.local/lib/python3.8/site-packages/airflow/example_dags/example_setup_teardown_taskflow.py
[2026-05-03T00:38:31.724+0000] {logging_mixin.py:188} INFO - [2026-05-03T00:38:31.724+0000] {dag.py:3047} INFO - Sync 1 DAGs
[2026-05-03T00:38:31.740+0000] {logging_mixin.py:188} INFO - [2026-05-03T00:38:31.740+0000] {dag.py:3834} INFO - Setting next_dagrun for example_setup_teardown_taskflow to 2026-05-02 00:00:00+00:00, run_after=2026-05-03 00:00:00+00:00
[2026-05-03T00:38:31.754+0000] {processor.py:183} INFO - Processing /home/airflow/.local/lib/python3.8/site-packages/airflow/example_dags/example_setup_teardown_taskflow.py took 0.062 seconds
[2026-05-03T00:39:01.912+0000] {processor.py:161} INFO - Started process (PID=4271) to work on /home/airflow/.local/lib/python3.8/site-packages/airflow/example_dags/example_setup_teardown_taskflow.py
[2026-05-03T00:39:01.915+0000] {processor.py:830} INFO - Processing file /home/airflow/.local/lib/python3.8/site-packages/airflow/example_dags/example_setup_teardown_taskflow.py for tasks to queue
[2026-05-03T00:39:01.917+0000] {logging_mixin.py:188} INFO - [2026-05-03T00:39:01.916+0000] {dagbag.py:540} INFO - Filling up the DagBag from /home/airflow/.local/lib/python3.8/site-packages/airflow/example_dags/example_setup_teardown_taskflow.py
[2026-05-03T00:39:01.923+0000] {processor.py:840} INFO - DAG(s) 'example_setup_teardown_taskflow' retrieved from /home/airflow/.local/lib/python3.8/site-packages/airflow/example_dags/example_setup_teardown_taskflow.py
[2026-05-03T00:39:01.944+0000] {logging_mixin.py:188} INFO - [2026-05-03T00:39:01.944+0000] {dag.py:3047} INFO - Sync 1 DAGs
[2026-05-03T00:39:01.958+0000] {logging_mixin.py:188} INFO - [2026-05-03T00:39:01.958+0000] {dag.py:3834} INFO - Setting next_dagrun for example_setup_teardown_taskflow to 2026-05-02 00:00:00+00:00, run_after=2026-05-03 00:00:00+00:00
[2026-05-03T00:39:01.973+0000] {processor.py:183} INFO - Processing /home/airflow/.local/lib/python3.8/site-packages/airflow/example_dags/example_setup_teardown_taskflow.py took 0.064 seconds
[2026-05-03T00:39:32.424+0000] {processor.py:161} INFO - Started process (PID=4327) to work on /home/airflow/.local/lib/python3.8/site-packages/airflow/example_dags/example_setup_teardown_taskflow.py
[2026-05-03T00:39:32.427+0000] {processor.py:830} INFO - Processing file /home/airflow/.local/lib/python3.8/site-packages/airflow/example_dags/example_setup_teardown_taskflow.py for tasks to queue
[2026-05-03T00:39:32.430+0000] {logging_mixin.py:188} INFO - [2026-05-03T00:39:32.429+0000] {dagbag.py:540} INFO - Filling up the DagBag from /home/airflow/.local/lib/python3.8/site-packages/airflow/example_dags/example_setup_teardown_taskflow.py
[2026-05-03T00:39:32.438+0000] {processor.py:840} INFO - DAG(s) 'example_setup_teardown_taskflow' retrieved from /home/airflow/.local/lib/python3.8/site-packages/airflow/example_dags/example_setup_teardown_taskflow.py
[2026-05-03T00:39:32.455+0000] {logging_mixin.py:188} INFO - [2026-05-03T00:39:32.455+0000] {dag.py:3047} INFO - Sync 1 DAGs
[2026-05-03T00:39:32.472+0000] {logging_mixin.py:188} INFO - [2026-05-03T00:39:32.472+0000] {dag.py:3834} INFO - Setting next_dagrun for example_setup_teardown_taskflow to 2026-05-02 00:00:00+00:00, run_after=2026-05-03 00:00:00+00:00
[2026-05-03T00:39:32.486+0000] {processor.py:183} INFO - Processing /home/airflow/.local/lib/python3.8/site-packages/airflow/example_dags/example_setup_teardown_taskflow.py took 0.065 seconds
