[2026-05-03T00:02:01.706+0000] {processor.py:161} INFO - Started process (PID=2780) to work on /home/airflow/.local/lib/python3.8/site-packages/airflow/example_dags/example_task_group.py
[2026-05-03T00:02:01.707+0000] {processor.py:830} INFO - Processing file /home/airflow/.local/lib/python3.8/site-packages/airflow/example_dags/example_task_group.py for tasks to queue
[2026-05-03T00:02:01.709+0000] {logging_mixin.py:188} INFO - [2026-05-03T00:02:01.709+0000] {dagbag.py:540} INFO - Filling up the DagBag from /home/airflow/.local/lib/python3.8/site-packages/airflow/example_dags/example_task_group.py
[2026-05-03T00:02:01.716+0000] {processor.py:840} INFO - DAG(s) 'example_task_group' retrieved from /home/airflow/.local/lib/python3.8/site-packages/airflow/example_dags/example_task_group.py
[2026-05-03T00:02:01.738+0000] {logging_mixin.py:188} INFO - [2026-05-03T00:02:01.738+0000] {dag.py:3047} INFO - Sync 1 DAGs
[2026-05-03T00:02:01.759+0000] {logging_mixin.py:188} INFO - [2026-05-03T00:02:01.759+0000] {dag.py:3834} INFO - Setting next_dagrun for example_task_group to 2026-05-02 00:00:00+00:00, run_after=2026-05-03 00:00:00+00:00
[2026-05-03T00:02:01.776+0000] {processor.py:183} INFO - Processing /home/airflow/.local/lib/python3.8/site-packages/airflow/example_dags/example_task_group.py took 0.074 seconds
[2026-05-03T00:11:42.268+0000] {processor.py:161} INFO - Started process (PID=2836) to work on /home/airflow/.local/lib/python3.8/site-packages/airflow/example_dags/example_task_group.py
[2026-05-03T00:11:42.271+0000] {processor.py:830} INFO - Processing file /home/airflow/.local/lib/python3.8/site-packages/airflow/example_dags/example_task_group.py for tasks to queue
[2026-05-03T00:11:42.272+0000] {logging_mixin.py:188} INFO - [2026-05-03T00:11:42.272+0000] {dagbag.py:540} INFO - Filling up the DagBag from /home/airflow/.local/lib/python3.8/site-packages/airflow/example_dags/example_task_group.py
[2026-05-03T00:11:42.278+0000] {processor.py:840} INFO - DAG(s) 'example_task_group' retrieved from /home/airflow/.local/lib/python3.8/site-packages/airflow/example_dags/example_task_group.py
[2026-05-03T00:11:42.295+0000] {logging_mixin.py:188} INFO - [2026-05-03T00:11:42.295+0000] {dag.py:3047} INFO - Sync 1 DAGs
[2026-05-03T00:11:42.313+0000] {logging_mixin.py:188} INFO - [2026-05-03T00:11:42.313+0000] {dag.py:3834} INFO - Setting next_dagrun for example_task_group to 2026-05-02 00:00:00+00:00, run_after=2026-05-03 00:00:00+00:00
[2026-05-03T00:11:42.325+0000] {processor.py:183} INFO - Processing /home/airflow/.local/lib/python3.8/site-packages/airflow/example_dags/example_task_group.py took 0.061 seconds
[2026-05-03T00:20:53.994+0000] {processor.py:161} INFO - Started process (PID=2892) to work on /home/airflow/.local/lib/python3.8/site-packages/airflow/example_dags/example_task_group.py
[2026-05-03T00:20:53.994+0000] {processor.py:830} INFO - Processing file /home/airflow/.local/lib/python3.8/site-packages/airflow/example_dags/example_task_group.py for tasks to queue
[2026-05-03T00:20:53.995+0000] {logging_mixin.py:188} INFO - [2026-05-03T00:20:53.995+0000] {dagbag.py:540} INFO - Filling up the DagBag from /home/airflow/.local/lib/python3.8/site-packages/airflow/example_dags/example_task_group.py
[2026-05-03T00:20:54.003+0000] {processor.py:840} INFO - DAG(s) 'example_task_group' retrieved from /home/airflow/.local/lib/python3.8/site-packages/airflow/example_dags/example_task_group.py
[2026-05-03T00:20:54.018+0000] {logging_mixin.py:188} INFO - [2026-05-03T00:20:54.018+0000] {dag.py:3047} INFO - Sync 1 DAGs
[2026-05-03T00:20:54.032+0000] {logging_mixin.py:188} INFO - [2026-05-03T00:20:54.031+0000] {dag.py:3834} INFO - Setting next_dagrun for example_task_group to 2026-05-02 00:00:00+00:00, run_after=2026-05-03 00:00:00+00:00
[2026-05-03T00:20:54.041+0000] {processor.py:183} INFO - Processing /home/airflow/.local/lib/python3.8/site-packages/airflow/example_dags/example_task_group.py took 0.050 seconds
[2026-05-03T00:26:54.275+0000] {processor.py:161} INFO - Started process (PID=2948) to work on /home/airflow/.local/lib/python3.8/site-packages/airflow/example_dags/example_task_group.py
[2026-05-03T00:26:54.276+0000] {processor.py:830} INFO - Processing file /home/airflow/.local/lib/python3.8/site-packages/airflow/example_dags/example_task_group.py for tasks to queue
[2026-05-03T00:26:54.278+0000] {logging_mixin.py:188} INFO - [2026-05-03T00:26:54.278+0000] {dagbag.py:540} INFO - Filling up the DagBag from /home/airflow/.local/lib/python3.8/site-packages/airflow/example_dags/example_task_group.py
[2026-05-03T00:26:54.284+0000] {processor.py:840} INFO - DAG(s) 'example_task_group' retrieved from /home/airflow/.local/lib/python3.8/site-packages/airflow/example_dags/example_task_group.py
[2026-05-03T00:26:54.304+0000] {logging_mixin.py:188} INFO - [2026-05-03T00:26:54.304+0000] {dag.py:3047} INFO - Sync 1 DAGs
[2026-05-03T00:26:54.319+0000] {logging_mixin.py:188} INFO - [2026-05-03T00:26:54.319+0000] {dag.py:3834} INFO - Setting next_dagrun for example_task_group to 2026-05-02 00:00:00+00:00, run_after=2026-05-03 00:00:00+00:00
[2026-05-03T00:26:54.330+0000] {processor.py:183} INFO - Processing /home/airflow/.local/lib/python3.8/site-packages/airflow/example_dags/example_task_group.py took 0.059 seconds
[2026-05-03T00:27:24.497+0000] {processor.py:161} INFO - Started process (PID=3004) to work on /home/airflow/.local/lib/python3.8/site-packages/airflow/example_dags/example_task_group.py
[2026-05-03T00:27:24.499+0000] {processor.py:830} INFO - Processing file /home/airflow/.local/lib/python3.8/site-packages/airflow/example_dags/example_task_group.py for tasks to queue
[2026-05-03T00:27:24.501+0000] {logging_mixin.py:188} INFO - [2026-05-03T00:27:24.501+0000] {dagbag.py:540} INFO - Filling up the DagBag from /home/airflow/.local/lib/python3.8/site-packages/airflow/example_dags/example_task_group.py
[2026-05-03T00:27:24.506+0000] {processor.py:840} INFO - DAG(s) 'example_task_group' retrieved from /home/airflow/.local/lib/python3.8/site-packages/airflow/example_dags/example_task_group.py
[2026-05-03T00:27:24.522+0000] {logging_mixin.py:188} INFO - [2026-05-03T00:27:24.522+0000] {dag.py:3047} INFO - Sync 1 DAGs
[2026-05-03T00:27:24.538+0000] {logging_mixin.py:188} INFO - [2026-05-03T00:27:24.538+0000] {dag.py:3834} INFO - Setting next_dagrun for example_task_group to 2026-05-02 00:00:00+00:00, run_after=2026-05-03 00:00:00+00:00
[2026-05-03T00:27:24.549+0000] {processor.py:183} INFO - Processing /home/airflow/.local/lib/python3.8/site-packages/airflow/example_dags/example_task_group.py took 0.055 seconds
[2026-05-03T00:27:55.620+0000] {processor.py:161} INFO - Started process (PID=3060) to work on /home/airflow/.local/lib/python3.8/site-packages/airflow/example_dags/example_task_group.py
[2026-05-03T00:27:55.620+0000] {processor.py:830} INFO - Processing file /home/airflow/.local/lib/python3.8/site-packages/airflow/example_dags/example_task_group.py for tasks to queue
[2026-05-03T00:27:55.622+0000] {logging_mixin.py:188} INFO - [2026-05-03T00:27:55.622+0000] {dagbag.py:540} INFO - Filling up the DagBag from /home/airflow/.local/lib/python3.8/site-packages/airflow/example_dags/example_task_group.py
[2026-05-03T00:27:55.627+0000] {processor.py:840} INFO - DAG(s) 'example_task_group' retrieved from /home/airflow/.local/lib/python3.8/site-packages/airflow/example_dags/example_task_group.py
[2026-05-03T00:27:55.642+0000] {logging_mixin.py:188} INFO - [2026-05-03T00:27:55.642+0000] {dag.py:3047} INFO - Sync 1 DAGs
[2026-05-03T00:27:55.655+0000] {logging_mixin.py:188} INFO - [2026-05-03T00:27:55.655+0000] {dag.py:3834} INFO - Setting next_dagrun for example_task_group to 2026-05-02 00:00:00+00:00, run_after=2026-05-03 00:00:00+00:00
[2026-05-03T00:27:55.666+0000] {processor.py:183} INFO - Processing /home/airflow/.local/lib/python3.8/site-packages/airflow/example_dags/example_task_group.py took 0.049 seconds
[2026-05-03T00:28:25.981+0000] {processor.py:161} INFO - Started process (PID=3116) to work on /home/airflow/.local/lib/python3.8/site-packages/airflow/example_dags/example_task_group.py
[2026-05-03T00:28:25.982+0000] {processor.py:830} INFO - Processing file /home/airflow/.local/lib/python3.8/site-packages/airflow/example_dags/example_task_group.py for tasks to queue
[2026-05-03T00:28:25.983+0000] {logging_mixin.py:188} INFO - [2026-05-03T00:28:25.983+0000] {dagbag.py:540} INFO - Filling up the DagBag from /home/airflow/.local/lib/python3.8/site-packages/airflow/example_dags/example_task_group.py
[2026-05-03T00:28:25.988+0000] {processor.py:840} INFO - DAG(s) 'example_task_group' retrieved from /home/airflow/.local/lib/python3.8/site-packages/airflow/example_dags/example_task_group.py
[2026-05-03T00:28:26.002+0000] {logging_mixin.py:188} INFO - [2026-05-03T00:28:26.002+0000] {dag.py:3047} INFO - Sync 1 DAGs
[2026-05-03T00:28:26.015+0000] {logging_mixin.py:188} INFO - [2026-05-03T00:28:26.015+0000] {dag.py:3834} INFO - Setting next_dagrun for example_task_group to 2026-05-02 00:00:00+00:00, run_after=2026-05-03 00:00:00+00:00
[2026-05-03T00:28:26.024+0000] {processor.py:183} INFO - Processing /home/airflow/.local/lib/python3.8/site-packages/airflow/example_dags/example_task_group.py took 0.045 seconds
[2026-05-03T00:28:56.319+0000] {processor.py:161} INFO - Started process (PID=3172) to work on /home/airflow/.local/lib/python3.8/site-packages/airflow/example_dags/example_task_group.py
[2026-05-03T00:28:56.320+0000] {processor.py:830} INFO - Processing file /home/airflow/.local/lib/python3.8/site-packages/airflow/example_dags/example_task_group.py for tasks to queue
[2026-05-03T00:28:56.324+0000] {logging_mixin.py:188} INFO - [2026-05-03T00:28:56.324+0000] {dagbag.py:540} INFO - Filling up the DagBag from /home/airflow/.local/lib/python3.8/site-packages/airflow/example_dags/example_task_group.py
[2026-05-03T00:28:56.329+0000] {processor.py:840} INFO - DAG(s) 'example_task_group' retrieved from /home/airflow/.local/lib/python3.8/site-packages/airflow/example_dags/example_task_group.py
[2026-05-03T00:28:56.361+0000] {logging_mixin.py:188} INFO - [2026-05-03T00:28:56.361+0000] {dag.py:3047} INFO - Sync 1 DAGs
[2026-05-03T00:28:56.380+0000] {logging_mixin.py:188} INFO - [2026-05-03T00:28:56.380+0000] {dag.py:3834} INFO - Setting next_dagrun for example_task_group to 2026-05-02 00:00:00+00:00, run_after=2026-05-03 00:00:00+00:00
[2026-05-03T00:28:56.397+0000] {processor.py:183} INFO - Processing /home/airflow/.local/lib/python3.8/site-packages/airflow/example_dags/example_task_group.py took 0.081 seconds
[2026-05-03T00:29:26.580+0000] {processor.py:161} INFO - Started process (PID=3228) to work on /home/airflow/.local/lib/python3.8/site-packages/airflow/example_dags/example_task_group.py
[2026-05-03T00:29:26.581+0000] {processor.py:830} INFO - Processing file /home/airflow/.local/lib/python3.8/site-packages/airflow/example_dags/example_task_group.py for tasks to queue
[2026-05-03T00:29:26.583+0000] {logging_mixin.py:188} INFO - [2026-05-03T00:29:26.583+0000] {dagbag.py:540} INFO - Filling up the DagBag from /home/airflow/.local/lib/python3.8/site-packages/airflow/example_dags/example_task_group.py
[2026-05-03T00:29:26.589+0000] {processor.py:840} INFO - DAG(s) 'example_task_group' retrieved from /home/airflow/.local/lib/python3.8/site-packages/airflow/example_dags/example_task_group.py
[2026-05-03T00:29:26.607+0000] {logging_mixin.py:188} INFO - [2026-05-03T00:29:26.607+0000] {dag.py:3047} INFO - Sync 1 DAGs
[2026-05-03T00:29:26.622+0000] {logging_mixin.py:188} INFO - [2026-05-03T00:29:26.622+0000] {dag.py:3834} INFO - Setting next_dagrun for example_task_group to 2026-05-02 00:00:00+00:00, run_after=2026-05-03 00:00:00+00:00
[2026-05-03T00:29:26.637+0000] {processor.py:183} INFO - Processing /home/airflow/.local/lib/python3.8/site-packages/airflow/example_dags/example_task_group.py took 0.059 seconds
[2026-05-03T00:29:57.004+0000] {processor.py:161} INFO - Started process (PID=3284) to work on /home/airflow/.local/lib/python3.8/site-packages/airflow/example_dags/example_task_group.py
[2026-05-03T00:29:57.005+0000] {processor.py:830} INFO - Processing file /home/airflow/.local/lib/python3.8/site-packages/airflow/example_dags/example_task_group.py for tasks to queue
[2026-05-03T00:29:57.007+0000] {logging_mixin.py:188} INFO - [2026-05-03T00:29:57.006+0000] {dagbag.py:540} INFO - Filling up the DagBag from /home/airflow/.local/lib/python3.8/site-packages/airflow/example_dags/example_task_group.py
[2026-05-03T00:29:57.012+0000] {processor.py:840} INFO - DAG(s) 'example_task_group' retrieved from /home/airflow/.local/lib/python3.8/site-packages/airflow/example_dags/example_task_group.py
[2026-05-03T00:29:57.034+0000] {logging_mixin.py:188} INFO - [2026-05-03T00:29:57.034+0000] {dag.py:3047} INFO - Sync 1 DAGs
[2026-05-03T00:29:57.048+0000] {logging_mixin.py:188} INFO - [2026-05-03T00:29:57.048+0000] {dag.py:3834} INFO - Setting next_dagrun for example_task_group to 2026-05-02 00:00:00+00:00, run_after=2026-05-03 00:00:00+00:00
[2026-05-03T00:29:57.062+0000] {processor.py:183} INFO - Processing /home/airflow/.local/lib/python3.8/site-packages/airflow/example_dags/example_task_group.py took 0.061 seconds
[2026-05-03T00:30:27.273+0000] {processor.py:161} INFO - Started process (PID=3340) to work on /home/airflow/.local/lib/python3.8/site-packages/airflow/example_dags/example_task_group.py
[2026-05-03T00:30:27.275+0000] {processor.py:830} INFO - Processing file /home/airflow/.local/lib/python3.8/site-packages/airflow/example_dags/example_task_group.py for tasks to queue
[2026-05-03T00:30:27.278+0000] {logging_mixin.py:188} INFO - [2026-05-03T00:30:27.277+0000] {dagbag.py:540} INFO - Filling up the DagBag from /home/airflow/.local/lib/python3.8/site-packages/airflow/example_dags/example_task_group.py
[2026-05-03T00:30:27.283+0000] {processor.py:840} INFO - DAG(s) 'example_task_group' retrieved from /home/airflow/.local/lib/python3.8/site-packages/airflow/example_dags/example_task_group.py
[2026-05-03T00:30:27.305+0000] {logging_mixin.py:188} INFO - [2026-05-03T00:30:27.304+0000] {dag.py:3047} INFO - Sync 1 DAGs
[2026-05-03T00:30:27.319+0000] {logging_mixin.py:188} INFO - [2026-05-03T00:30:27.319+0000] {dag.py:3834} INFO - Setting next_dagrun for example_task_group to 2026-05-02 00:00:00+00:00, run_after=2026-05-03 00:00:00+00:00
[2026-05-03T00:30:27.334+0000] {processor.py:183} INFO - Processing /home/airflow/.local/lib/python3.8/site-packages/airflow/example_dags/example_task_group.py took 0.063 seconds
[2026-05-03T00:30:57.458+0000] {processor.py:161} INFO - Started process (PID=3396) to work on /home/airflow/.local/lib/python3.8/site-packages/airflow/example_dags/example_task_group.py
[2026-05-03T00:30:57.461+0000] {processor.py:830} INFO - Processing file /home/airflow/.local/lib/python3.8/site-packages/airflow/example_dags/example_task_group.py for tasks to queue
[2026-05-03T00:30:57.462+0000] {logging_mixin.py:188} INFO - [2026-05-03T00:30:57.462+0000] {dagbag.py:540} INFO - Filling up the DagBag from /home/airflow/.local/lib/python3.8/site-packages/airflow/example_dags/example_task_group.py
[2026-05-03T00:30:57.467+0000] {processor.py:840} INFO - DAG(s) 'example_task_group' retrieved from /home/airflow/.local/lib/python3.8/site-packages/airflow/example_dags/example_task_group.py
[2026-05-03T00:30:57.484+0000] {logging_mixin.py:188} INFO - [2026-05-03T00:30:57.484+0000] {dag.py:3047} INFO - Sync 1 DAGs
[2026-05-03T00:30:57.499+0000] {logging_mixin.py:188} INFO - [2026-05-03T00:30:57.498+0000] {dag.py:3834} INFO - Setting next_dagrun for example_task_group to 2026-05-02 00:00:00+00:00, run_after=2026-05-03 00:00:00+00:00
[2026-05-03T00:30:57.510+0000] {processor.py:183} INFO - Processing /home/airflow/.local/lib/python3.8/site-packages/airflow/example_dags/example_task_group.py took 0.054 seconds
[2026-05-03T00:31:28.516+0000] {processor.py:161} INFO - Started process (PID=3452) to work on /home/airflow/.local/lib/python3.8/site-packages/airflow/example_dags/example_task_group.py
[2026-05-03T00:31:28.518+0000] {processor.py:830} INFO - Processing file /home/airflow/.local/lib/python3.8/site-packages/airflow/example_dags/example_task_group.py for tasks to queue
[2026-05-03T00:31:28.520+0000] {logging_mixin.py:188} INFO - [2026-05-03T00:31:28.520+0000] {dagbag.py:540} INFO - Filling up the DagBag from /home/airflow/.local/lib/python3.8/site-packages/airflow/example_dags/example_task_group.py
[2026-05-03T00:31:28.530+0000] {processor.py:840} INFO - DAG(s) 'example_task_group' retrieved from /home/airflow/.local/lib/python3.8/site-packages/airflow/example_dags/example_task_group.py
[2026-05-03T00:31:28.564+0000] {logging_mixin.py:188} INFO - [2026-05-03T00:31:28.563+0000] {dag.py:3047} INFO - Sync 1 DAGs
[2026-05-03T00:31:28.592+0000] {logging_mixin.py:188} INFO - [2026-05-03T00:31:28.592+0000] {dag.py:3834} INFO - Setting next_dagrun for example_task_group to 2026-05-02 00:00:00+00:00, run_after=2026-05-03 00:00:00+00:00
[2026-05-03T00:31:28.618+0000] {processor.py:183} INFO - Processing /home/airflow/.local/lib/python3.8/site-packages/airflow/example_dags/example_task_group.py took 0.107 seconds
[2026-05-03T00:31:59.361+0000] {processor.py:161} INFO - Started process (PID=3508) to work on /home/airflow/.local/lib/python3.8/site-packages/airflow/example_dags/example_task_group.py
[2026-05-03T00:31:59.362+0000] {processor.py:830} INFO - Processing file /home/airflow/.local/lib/python3.8/site-packages/airflow/example_dags/example_task_group.py for tasks to queue
[2026-05-03T00:31:59.364+0000] {logging_mixin.py:188} INFO - [2026-05-03T00:31:59.364+0000] {dagbag.py:540} INFO - Filling up the DagBag from /home/airflow/.local/lib/python3.8/site-packages/airflow/example_dags/example_task_group.py
[2026-05-03T00:31:59.369+0000] {processor.py:840} INFO - DAG(s) 'example_task_group' retrieved from /home/airflow/.local/lib/python3.8/site-packages/airflow/example_dags/example_task_group.py
[2026-05-03T00:31:59.383+0000] {logging_mixin.py:188} INFO - [2026-05-03T00:31:59.383+0000] {dag.py:3047} INFO - Sync 1 DAGs
[2026-05-03T00:31:59.397+0000] {logging_mixin.py:188} INFO - [2026-05-03T00:31:59.397+0000] {dag.py:3834} INFO - Setting next_dagrun for example_task_group to 2026-05-02 00:00:00+00:00, run_after=2026-05-03 00:00:00+00:00
[2026-05-03T00:31:59.408+0000] {processor.py:183} INFO - Processing /home/airflow/.local/lib/python3.8/site-packages/airflow/example_dags/example_task_group.py took 0.050 seconds
[2026-05-03T00:32:29.692+0000] {processor.py:161} INFO - Started process (PID=3564) to work on /home/airflow/.local/lib/python3.8/site-packages/airflow/example_dags/example_task_group.py
[2026-05-03T00:32:29.693+0000] {processor.py:830} INFO - Processing file /home/airflow/.local/lib/python3.8/site-packages/airflow/example_dags/example_task_group.py for tasks to queue
[2026-05-03T00:32:29.695+0000] {logging_mixin.py:188} INFO - [2026-05-03T00:32:29.694+0000] {dagbag.py:540} INFO - Filling up the DagBag from /home/airflow/.local/lib/python3.8/site-packages/airflow/example_dags/example_task_group.py
[2026-05-03T00:32:29.700+0000] {processor.py:840} INFO - DAG(s) 'example_task_group' retrieved from /home/airflow/.local/lib/python3.8/site-packages/airflow/example_dags/example_task_group.py
[2026-05-03T00:32:29.715+0000] {logging_mixin.py:188} INFO - [2026-05-03T00:32:29.715+0000] {dag.py:3047} INFO - Sync 1 DAGs
[2026-05-03T00:32:29.729+0000] {logging_mixin.py:188} INFO - [2026-05-03T00:32:29.729+0000] {dag.py:3834} INFO - Setting next_dagrun for example_task_group to 2026-05-02 00:00:00+00:00, run_after=2026-05-03 00:00:00+00:00
[2026-05-03T00:32:29.739+0000] {processor.py:183} INFO - Processing /home/airflow/.local/lib/python3.8/site-packages/airflow/example_dags/example_task_group.py took 0.050 seconds
[2026-05-03T00:32:59.854+0000] {processor.py:161} INFO - Started process (PID=3620) to work on /home/airflow/.local/lib/python3.8/site-packages/airflow/example_dags/example_task_group.py
[2026-05-03T00:32:59.855+0000] {processor.py:830} INFO - Processing file /home/airflow/.local/lib/python3.8/site-packages/airflow/example_dags/example_task_group.py for tasks to queue
[2026-05-03T00:32:59.856+0000] {logging_mixin.py:188} INFO - [2026-05-03T00:32:59.856+0000] {dagbag.py:540} INFO - Filling up the DagBag from /home/airflow/.local/lib/python3.8/site-packages/airflow/example_dags/example_task_group.py
[2026-05-03T00:32:59.861+0000] {processor.py:840} INFO - DAG(s) 'example_task_group' retrieved from /home/airflow/.local/lib/python3.8/site-packages/airflow/example_dags/example_task_group.py
[2026-05-03T00:32:59.874+0000] {logging_mixin.py:188} INFO - [2026-05-03T00:32:59.874+0000] {dag.py:3047} INFO - Sync 1 DAGs
[2026-05-03T00:32:59.888+0000] {logging_mixin.py:188} INFO - [2026-05-03T00:32:59.888+0000] {dag.py:3834} INFO - Setting next_dagrun for example_task_group to 2026-05-02 00:00:00+00:00, run_after=2026-05-03 00:00:00+00:00
[2026-05-03T00:32:59.897+0000] {processor.py:183} INFO - Processing /home/airflow/.local/lib/python3.8/site-packages/airflow/example_dags/example_task_group.py took 0.045 seconds
[2026-05-03T00:33:30.444+0000] {processor.py:161} INFO - Started process (PID=3676) to work on /home/airflow/.local/lib/python3.8/site-packages/airflow/example_dags/example_task_group.py
[2026-05-03T00:33:30.445+0000] {processor.py:830} INFO - Processing file /home/airflow/.local/lib/python3.8/site-packages/airflow/example_dags/example_task_group.py for tasks to queue
[2026-05-03T00:33:30.446+0000] {logging_mixin.py:188} INFO - [2026-05-03T00:33:30.446+0000] {dagbag.py:540} INFO - Filling up the DagBag from /home/airflow/.local/lib/python3.8/site-packages/airflow/example_dags/example_task_group.py
[2026-05-03T00:33:30.451+0000] {processor.py:840} INFO - DAG(s) 'example_task_group' retrieved from /home/airflow/.local/lib/python3.8/site-packages/airflow/example_dags/example_task_group.py
[2026-05-03T00:33:30.469+0000] {logging_mixin.py:188} INFO - [2026-05-03T00:33:30.469+0000] {dag.py:3047} INFO - Sync 1 DAGs
[2026-05-03T00:33:30.484+0000] {logging_mixin.py:188} INFO - [2026-05-03T00:33:30.484+0000] {dag.py:3834} INFO - Setting next_dagrun for example_task_group to 2026-05-02 00:00:00+00:00, run_after=2026-05-03 00:00:00+00:00
[2026-05-03T00:33:30.502+0000] {processor.py:183} INFO - Processing /home/airflow/.local/lib/python3.8/site-packages/airflow/example_dags/example_task_group.py took 0.061 seconds
[2026-05-03T00:34:01.052+0000] {processor.py:161} INFO - Started process (PID=3732) to work on /home/airflow/.local/lib/python3.8/site-packages/airflow/example_dags/example_task_group.py
[2026-05-03T00:34:01.053+0000] {processor.py:830} INFO - Processing file /home/airflow/.local/lib/python3.8/site-packages/airflow/example_dags/example_task_group.py for tasks to queue
[2026-05-03T00:34:01.054+0000] {logging_mixin.py:188} INFO - [2026-05-03T00:34:01.054+0000] {dagbag.py:540} INFO - Filling up the DagBag from /home/airflow/.local/lib/python3.8/site-packages/airflow/example_dags/example_task_group.py
[2026-05-03T00:34:01.059+0000] {processor.py:840} INFO - DAG(s) 'example_task_group' retrieved from /home/airflow/.local/lib/python3.8/site-packages/airflow/example_dags/example_task_group.py
[2026-05-03T00:34:01.074+0000] {logging_mixin.py:188} INFO - [2026-05-03T00:34:01.073+0000] {dag.py:3047} INFO - Sync 1 DAGs
[2026-05-03T00:34:01.087+0000] {logging_mixin.py:188} INFO - [2026-05-03T00:34:01.087+0000] {dag.py:3834} INFO - Setting next_dagrun for example_task_group to 2026-05-02 00:00:00+00:00, run_after=2026-05-03 00:00:00+00:00
[2026-05-03T00:34:01.098+0000] {processor.py:183} INFO - Processing /home/airflow/.local/lib/python3.8/site-packages/airflow/example_dags/example_task_group.py took 0.049 seconds
[2026-05-03T00:34:31.247+0000] {processor.py:161} INFO - Started process (PID=3788) to work on /home/airflow/.local/lib/python3.8/site-packages/airflow/example_dags/example_task_group.py
[2026-05-03T00:34:31.248+0000] {processor.py:830} INFO - Processing file /home/airflow/.local/lib/python3.8/site-packages/airflow/example_dags/example_task_group.py for tasks to queue
[2026-05-03T00:34:31.250+0000] {logging_mixin.py:188} INFO - [2026-05-03T00:34:31.249+0000] {dagbag.py:540} INFO - Filling up the DagBag from /home/airflow/.local/lib/python3.8/site-packages/airflow/example_dags/example_task_group.py
[2026-05-03T00:34:31.255+0000] {processor.py:840} INFO - DAG(s) 'example_task_group' retrieved from /home/airflow/.local/lib/python3.8/site-packages/airflow/example_dags/example_task_group.py
[2026-05-03T00:34:31.270+0000] {logging_mixin.py:188} INFO - [2026-05-03T00:34:31.269+0000] {dag.py:3047} INFO - Sync 1 DAGs
[2026-05-03T00:34:31.283+0000] {logging_mixin.py:188} INFO - [2026-05-03T00:34:31.283+0000] {dag.py:3834} INFO - Setting next_dagrun for example_task_group to 2026-05-02 00:00:00+00:00, run_after=2026-05-03 00:00:00+00:00
[2026-05-03T00:34:31.292+0000] {processor.py:183} INFO - Processing /home/airflow/.local/lib/python3.8/site-packages/airflow/example_dags/example_task_group.py took 0.047 seconds
[2026-05-03T00:35:01.413+0000] {processor.py:161} INFO - Started process (PID=3844) to work on /home/airflow/.local/lib/python3.8/site-packages/airflow/example_dags/example_task_group.py
[2026-05-03T00:35:01.415+0000] {processor.py:830} INFO - Processing file /home/airflow/.local/lib/python3.8/site-packages/airflow/example_dags/example_task_group.py for tasks to queue
[2026-05-03T00:35:01.416+0000] {logging_mixin.py:188} INFO - [2026-05-03T00:35:01.416+0000] {dagbag.py:540} INFO - Filling up the DagBag from /home/airflow/.local/lib/python3.8/site-packages/airflow/example_dags/example_task_group.py
[2026-05-03T00:35:01.421+0000] {processor.py:840} INFO - DAG(s) 'example_task_group' retrieved from /home/airflow/.local/lib/python3.8/site-packages/airflow/example_dags/example_task_group.py
[2026-05-03T00:35:01.438+0000] {logging_mixin.py:188} INFO - [2026-05-03T00:35:01.437+0000] {dag.py:3047} INFO - Sync 1 DAGs
[2026-05-03T00:35:01.451+0000] {logging_mixin.py:188} INFO - [2026-05-03T00:35:01.450+0000] {dag.py:3834} INFO - Setting next_dagrun for example_task_group to 2026-05-02 00:00:00+00:00, run_after=2026-05-03 00:00:00+00:00
[2026-05-03T00:35:01.464+0000] {processor.py:183} INFO - Processing /home/airflow/.local/lib/python3.8/site-packages/airflow/example_dags/example_task_group.py took 0.054 seconds
[2026-05-03T00:35:31.800+0000] {processor.py:161} INFO - Started process (PID=3900) to work on /home/airflow/.local/lib/python3.8/site-packages/airflow/example_dags/example_task_group.py
[2026-05-03T00:35:31.802+0000] {processor.py:830} INFO - Processing file /home/airflow/.local/lib/python3.8/site-packages/airflow/example_dags/example_task_group.py for tasks to queue
[2026-05-03T00:35:31.805+0000] {logging_mixin.py:188} INFO - [2026-05-03T00:35:31.805+0000] {dagbag.py:540} INFO - Filling up the DagBag from /home/airflow/.local/lib/python3.8/site-packages/airflow/example_dags/example_task_group.py
[2026-05-03T00:35:31.810+0000] {processor.py:840} INFO - DAG(s) 'example_task_group' retrieved from /home/airflow/.local/lib/python3.8/site-packages/airflow/example_dags/example_task_group.py
[2026-05-03T00:35:31.834+0000] {logging_mixin.py:188} INFO - [2026-05-03T00:35:31.834+0000] {dag.py:3047} INFO - Sync 1 DAGs
[2026-05-03T00:35:31.847+0000] {logging_mixin.py:188} INFO - [2026-05-03T00:35:31.847+0000] {dag.py:3834} INFO - Setting next_dagrun for example_task_group to 2026-05-02 00:00:00+00:00, run_after=2026-05-03 00:00:00+00:00
[2026-05-03T00:35:31.858+0000] {processor.py:183} INFO - Processing /home/airflow/.local/lib/python3.8/site-packages/airflow/example_dags/example_task_group.py took 0.061 seconds
[2026-05-03T00:36:02.296+0000] {processor.py:161} INFO - Started process (PID=3956) to work on /home/airflow/.local/lib/python3.8/site-packages/airflow/example_dags/example_task_group.py
[2026-05-03T00:36:02.297+0000] {processor.py:830} INFO - Processing file /home/airflow/.local/lib/python3.8/site-packages/airflow/example_dags/example_task_group.py for tasks to queue
[2026-05-03T00:36:02.299+0000] {logging_mixin.py:188} INFO - [2026-05-03T00:36:02.299+0000] {dagbag.py:540} INFO - Filling up the DagBag from /home/airflow/.local/lib/python3.8/site-packages/airflow/example_dags/example_task_group.py
[2026-05-03T00:36:02.308+0000] {processor.py:840} INFO - DAG(s) 'example_task_group' retrieved from /home/airflow/.local/lib/python3.8/site-packages/airflow/example_dags/example_task_group.py
[2026-05-03T00:36:02.330+0000] {logging_mixin.py:188} INFO - [2026-05-03T00:36:02.329+0000] {dag.py:3047} INFO - Sync 1 DAGs
[2026-05-03T00:36:02.349+0000] {logging_mixin.py:188} INFO - [2026-05-03T00:36:02.349+0000] {dag.py:3834} INFO - Setting next_dagrun for example_task_group to 2026-05-02 00:00:00+00:00, run_after=2026-05-03 00:00:00+00:00
[2026-05-03T00:36:02.367+0000] {processor.py:183} INFO - Processing /home/airflow/.local/lib/python3.8/site-packages/airflow/example_dags/example_task_group.py took 0.074 seconds
[2026-05-03T00:36:32.716+0000] {processor.py:161} INFO - Started process (PID=4012) to work on /home/airflow/.local/lib/python3.8/site-packages/airflow/example_dags/example_task_group.py
[2026-05-03T00:36:32.717+0000] {processor.py:830} INFO - Processing file /home/airflow/.local/lib/python3.8/site-packages/airflow/example_dags/example_task_group.py for tasks to queue
[2026-05-03T00:36:32.719+0000] {logging_mixin.py:188} INFO - [2026-05-03T00:36:32.718+0000] {dagbag.py:540} INFO - Filling up the DagBag from /home/airflow/.local/lib/python3.8/site-packages/airflow/example_dags/example_task_group.py
[2026-05-03T00:36:32.724+0000] {processor.py:840} INFO - DAG(s) 'example_task_group' retrieved from /home/airflow/.local/lib/python3.8/site-packages/airflow/example_dags/example_task_group.py
[2026-05-03T00:36:32.741+0000] {logging_mixin.py:188} INFO - [2026-05-03T00:36:32.740+0000] {dag.py:3047} INFO - Sync 1 DAGs
[2026-05-03T00:36:32.754+0000] {logging_mixin.py:188} INFO - [2026-05-03T00:36:32.754+0000] {dag.py:3834} INFO - Setting next_dagrun for example_task_group to 2026-05-02 00:00:00+00:00, run_after=2026-05-03 00:00:00+00:00
[2026-05-03T00:36:32.770+0000] {processor.py:183} INFO - Processing /home/airflow/.local/lib/python3.8/site-packages/airflow/example_dags/example_task_group.py took 0.057 seconds
[2026-05-03T00:37:03.175+0000] {processor.py:161} INFO - Started process (PID=4068) to work on /home/airflow/.local/lib/python3.8/site-packages/airflow/example_dags/example_task_group.py
[2026-05-03T00:37:03.176+0000] {processor.py:830} INFO - Processing file /home/airflow/.local/lib/python3.8/site-packages/airflow/example_dags/example_task_group.py for tasks to queue
[2026-05-03T00:37:03.177+0000] {logging_mixin.py:188} INFO - [2026-05-03T00:37:03.177+0000] {dagbag.py:540} INFO - Filling up the DagBag from /home/airflow/.local/lib/python3.8/site-packages/airflow/example_dags/example_task_group.py
[2026-05-03T00:37:03.182+0000] {processor.py:840} INFO - DAG(s) 'example_task_group' retrieved from /home/airflow/.local/lib/python3.8/site-packages/airflow/example_dags/example_task_group.py
[2026-05-03T00:37:03.195+0000] {logging_mixin.py:188} INFO - [2026-05-03T00:37:03.195+0000] {dag.py:3047} INFO - Sync 1 DAGs
[2026-05-03T00:37:03.208+0000] {logging_mixin.py:188} INFO - [2026-05-03T00:37:03.208+0000] {dag.py:3834} INFO - Setting next_dagrun for example_task_group to 2026-05-02 00:00:00+00:00, run_after=2026-05-03 00:00:00+00:00
[2026-05-03T00:37:03.218+0000] {processor.py:183} INFO - Processing /home/airflow/.local/lib/python3.8/site-packages/airflow/example_dags/example_task_group.py took 0.046 seconds
[2026-05-03T00:37:33.756+0000] {processor.py:161} INFO - Started process (PID=4124) to work on /home/airflow/.local/lib/python3.8/site-packages/airflow/example_dags/example_task_group.py
[2026-05-03T00:37:33.758+0000] {processor.py:830} INFO - Processing file /home/airflow/.local/lib/python3.8/site-packages/airflow/example_dags/example_task_group.py for tasks to queue
[2026-05-03T00:37:33.760+0000] {logging_mixin.py:188} INFO - [2026-05-03T00:37:33.760+0000] {dagbag.py:540} INFO - Filling up the DagBag from /home/airflow/.local/lib/python3.8/site-packages/airflow/example_dags/example_task_group.py
[2026-05-03T00:37:33.765+0000] {processor.py:840} INFO - DAG(s) 'example_task_group' retrieved from /home/airflow/.local/lib/python3.8/site-packages/airflow/example_dags/example_task_group.py
[2026-05-03T00:37:33.779+0000] {logging_mixin.py:188} INFO - [2026-05-03T00:37:33.779+0000] {dag.py:3047} INFO - Sync 1 DAGs
[2026-05-03T00:37:33.794+0000] {logging_mixin.py:188} INFO - [2026-05-03T00:37:33.794+0000] {dag.py:3834} INFO - Setting next_dagrun for example_task_group to 2026-05-02 00:00:00+00:00, run_after=2026-05-03 00:00:00+00:00
[2026-05-03T00:37:33.808+0000] {processor.py:183} INFO - Processing /home/airflow/.local/lib/python3.8/site-packages/airflow/example_dags/example_task_group.py took 0.055 seconds
[2026-05-03T00:38:04.143+0000] {processor.py:161} INFO - Started process (PID=4180) to work on /home/airflow/.local/lib/python3.8/site-packages/airflow/example_dags/example_task_group.py
[2026-05-03T00:38:04.144+0000] {processor.py:830} INFO - Processing file /home/airflow/.local/lib/python3.8/site-packages/airflow/example_dags/example_task_group.py for tasks to queue
[2026-05-03T00:38:04.146+0000] {logging_mixin.py:188} INFO - [2026-05-03T00:38:04.146+0000] {dagbag.py:540} INFO - Filling up the DagBag from /home/airflow/.local/lib/python3.8/site-packages/airflow/example_dags/example_task_group.py
[2026-05-03T00:38:04.154+0000] {processor.py:840} INFO - DAG(s) 'example_task_group' retrieved from /home/airflow/.local/lib/python3.8/site-packages/airflow/example_dags/example_task_group.py
[2026-05-03T00:38:04.174+0000] {logging_mixin.py:188} INFO - [2026-05-03T00:38:04.174+0000] {dag.py:3047} INFO - Sync 1 DAGs
[2026-05-03T00:38:04.192+0000] {logging_mixin.py:188} INFO - [2026-05-03T00:38:04.192+0000] {dag.py:3834} INFO - Setting next_dagrun for example_task_group to 2026-05-02 00:00:00+00:00, run_after=2026-05-03 00:00:00+00:00
[2026-05-03T00:38:04.215+0000] {processor.py:183} INFO - Processing /home/airflow/.local/lib/python3.8/site-packages/airflow/example_dags/example_task_group.py took 0.075 seconds
[2026-05-03T00:38:34.669+0000] {processor.py:161} INFO - Started process (PID=4236) to work on /home/airflow/.local/lib/python3.8/site-packages/airflow/example_dags/example_task_group.py
[2026-05-03T00:38:34.670+0000] {processor.py:830} INFO - Processing file /home/airflow/.local/lib/python3.8/site-packages/airflow/example_dags/example_task_group.py for tasks to queue
[2026-05-03T00:38:34.671+0000] {logging_mixin.py:188} INFO - [2026-05-03T00:38:34.671+0000] {dagbag.py:540} INFO - Filling up the DagBag from /home/airflow/.local/lib/python3.8/site-packages/airflow/example_dags/example_task_group.py
[2026-05-03T00:38:34.676+0000] {processor.py:840} INFO - DAG(s) 'example_task_group' retrieved from /home/airflow/.local/lib/python3.8/site-packages/airflow/example_dags/example_task_group.py
[2026-05-03T00:38:34.691+0000] {logging_mixin.py:188} INFO - [2026-05-03T00:38:34.691+0000] {dag.py:3047} INFO - Sync 1 DAGs
[2026-05-03T00:38:34.706+0000] {logging_mixin.py:188} INFO - [2026-05-03T00:38:34.706+0000] {dag.py:3834} INFO - Setting next_dagrun for example_task_group to 2026-05-02 00:00:00+00:00, run_after=2026-05-03 00:00:00+00:00
[2026-05-03T00:38:34.727+0000] {processor.py:183} INFO - Processing /home/airflow/.local/lib/python3.8/site-packages/airflow/example_dags/example_task_group.py took 0.061 seconds
[2026-05-03T00:39:04.943+0000] {processor.py:161} INFO - Started process (PID=4292) to work on /home/airflow/.local/lib/python3.8/site-packages/airflow/example_dags/example_task_group.py
[2026-05-03T00:39:04.944+0000] {processor.py:830} INFO - Processing file /home/airflow/.local/lib/python3.8/site-packages/airflow/example_dags/example_task_group.py for tasks to queue
[2026-05-03T00:39:04.948+0000] {logging_mixin.py:188} INFO - [2026-05-03T00:39:04.948+0000] {dagbag.py:540} INFO - Filling up the DagBag from /home/airflow/.local/lib/python3.8/site-packages/airflow/example_dags/example_task_group.py
[2026-05-03T00:39:04.954+0000] {processor.py:840} INFO - DAG(s) 'example_task_group' retrieved from /home/airflow/.local/lib/python3.8/site-packages/airflow/example_dags/example_task_group.py
[2026-05-03T00:39:04.968+0000] {logging_mixin.py:188} INFO - [2026-05-03T00:39:04.968+0000] {dag.py:3047} INFO - Sync 1 DAGs
[2026-05-03T00:39:04.982+0000] {logging_mixin.py:188} INFO - [2026-05-03T00:39:04.982+0000] {dag.py:3834} INFO - Setting next_dagrun for example_task_group to 2026-05-02 00:00:00+00:00, run_after=2026-05-03 00:00:00+00:00
[2026-05-03T00:39:04.999+0000] {processor.py:183} INFO - Processing /home/airflow/.local/lib/python3.8/site-packages/airflow/example_dags/example_task_group.py took 0.059 seconds
[2026-05-03T00:39:35.478+0000] {processor.py:161} INFO - Started process (PID=4348) to work on /home/airflow/.local/lib/python3.8/site-packages/airflow/example_dags/example_task_group.py
[2026-05-03T00:39:35.479+0000] {processor.py:830} INFO - Processing file /home/airflow/.local/lib/python3.8/site-packages/airflow/example_dags/example_task_group.py for tasks to queue
[2026-05-03T00:39:35.480+0000] {logging_mixin.py:188} INFO - [2026-05-03T00:39:35.480+0000] {dagbag.py:540} INFO - Filling up the DagBag from /home/airflow/.local/lib/python3.8/site-packages/airflow/example_dags/example_task_group.py
[2026-05-03T00:39:35.485+0000] {processor.py:840} INFO - DAG(s) 'example_task_group' retrieved from /home/airflow/.local/lib/python3.8/site-packages/airflow/example_dags/example_task_group.py
[2026-05-03T00:39:35.501+0000] {logging_mixin.py:188} INFO - [2026-05-03T00:39:35.501+0000] {dag.py:3047} INFO - Sync 1 DAGs
[2026-05-03T00:39:35.516+0000] {logging_mixin.py:188} INFO - [2026-05-03T00:39:35.516+0000] {dag.py:3834} INFO - Setting next_dagrun for example_task_group to 2026-05-02 00:00:00+00:00, run_after=2026-05-03 00:00:00+00:00
[2026-05-03T00:39:35.529+0000] {processor.py:183} INFO - Processing /home/airflow/.local/lib/python3.8/site-packages/airflow/example_dags/example_task_group.py took 0.053 seconds
