[2026-05-03T00:02:01.529+0000] {processor.py:161} INFO - Started process (PID=2778) to work on /home/airflow/.local/lib/python3.8/site-packages/airflow/example_dags/example_branch_datetime_operator.py
[2026-05-03T00:02:01.530+0000] {processor.py:830} INFO - Processing file /home/airflow/.local/lib/python3.8/site-packages/airflow/example_dags/example_branch_datetime_operator.py for tasks to queue
[2026-05-03T00:02:01.531+0000] {logging_mixin.py:188} INFO - [2026-05-03T00:02:01.531+0000] {dagbag.py:540} INFO - Filling up the DagBag from /home/airflow/.local/lib/python3.8/site-packages/airflow/example_dags/example_branch_datetime_operator.py
[2026-05-03T00:02:01.539+0000] {processor.py:840} INFO - DAG(s) 'example_branch_datetime_operator', 'example_branch_datetime_operator_2', 'example_branch_datetime_operator_3' retrieved from /home/airflow/.local/lib/python3.8/site-packages/airflow/example_dags/example_branch_datetime_operator.py
[2026-05-03T00:02:01.560+0000] {logging_mixin.py:188} INFO - [2026-05-03T00:02:01.560+0000] {dag.py:3047} INFO - Sync 3 DAGs
[2026-05-03T00:02:01.577+0000] {logging_mixin.py:188} INFO - [2026-05-03T00:02:01.577+0000] {dag.py:3834} INFO - Setting next_dagrun for example_branch_datetime_operator to 2026-05-02 00:00:00+00:00, run_after=2026-05-03 00:00:00+00:00
[2026-05-03T00:02:01.584+0000] {logging_mixin.py:188} INFO - [2026-05-03T00:02:01.584+0000] {dag.py:3834} INFO - Setting next_dagrun for example_branch_datetime_operator_2 to 2026-05-02 00:00:00+00:00, run_after=2026-05-03 00:00:00+00:00
[2026-05-03T00:02:01.585+0000] {logging_mixin.py:188} INFO - [2026-05-03T00:02:01.585+0000] {dag.py:3834} INFO - Setting next_dagrun for example_branch_datetime_operator_3 to 2026-05-02 00:00:00+00:00, run_after=2026-05-03 00:00:00+00:00
[2026-05-03T00:02:01.603+0000] {processor.py:183} INFO - Processing /home/airflow/.local/lib/python3.8/site-packages/airflow/example_dags/example_branch_datetime_operator.py took 0.077 seconds
[2026-05-03T00:11:42.183+0000] {processor.py:161} INFO - Started process (PID=2834) to work on /home/airflow/.local/lib/python3.8/site-packages/airflow/example_dags/example_branch_datetime_operator.py
[2026-05-03T00:11:42.184+0000] {processor.py:830} INFO - Processing file /home/airflow/.local/lib/python3.8/site-packages/airflow/example_dags/example_branch_datetime_operator.py for tasks to queue
[2026-05-03T00:11:42.185+0000] {logging_mixin.py:188} INFO - [2026-05-03T00:11:42.185+0000] {dagbag.py:540} INFO - Filling up the DagBag from /home/airflow/.local/lib/python3.8/site-packages/airflow/example_dags/example_branch_datetime_operator.py
[2026-05-03T00:11:42.193+0000] {processor.py:840} INFO - DAG(s) 'example_branch_datetime_operator_3', 'example_branch_datetime_operator_2', 'example_branch_datetime_operator' retrieved from /home/airflow/.local/lib/python3.8/site-packages/airflow/example_dags/example_branch_datetime_operator.py
[2026-05-03T00:11:42.214+0000] {logging_mixin.py:188} INFO - [2026-05-03T00:11:42.214+0000] {dag.py:3047} INFO - Sync 3 DAGs
[2026-05-03T00:11:42.232+0000] {logging_mixin.py:188} INFO - [2026-05-03T00:11:42.232+0000] {dag.py:3834} INFO - Setting next_dagrun for example_branch_datetime_operator to 2026-05-02 00:00:00+00:00, run_after=2026-05-03 00:00:00+00:00
[2026-05-03T00:11:42.236+0000] {logging_mixin.py:188} INFO - [2026-05-03T00:11:42.236+0000] {dag.py:3834} INFO - Setting next_dagrun for example_branch_datetime_operator_2 to 2026-05-02 00:00:00+00:00, run_after=2026-05-03 00:00:00+00:00
[2026-05-03T00:11:42.239+0000] {logging_mixin.py:188} INFO - [2026-05-03T00:11:42.238+0000] {dag.py:3834} INFO - Setting next_dagrun for example_branch_datetime_operator_3 to 2026-05-02 00:00:00+00:00, run_after=2026-05-03 00:00:00+00:00
[2026-05-03T00:11:42.249+0000] {processor.py:183} INFO - Processing /home/airflow/.local/lib/python3.8/site-packages/airflow/example_dags/example_branch_datetime_operator.py took 0.069 seconds
[2026-05-03T00:20:53.922+0000] {processor.py:161} INFO - Started process (PID=2890) to work on /home/airflow/.local/lib/python3.8/site-packages/airflow/example_dags/example_branch_datetime_operator.py
[2026-05-03T00:20:53.925+0000] {processor.py:830} INFO - Processing file /home/airflow/.local/lib/python3.8/site-packages/airflow/example_dags/example_branch_datetime_operator.py for tasks to queue
[2026-05-03T00:20:53.926+0000] {logging_mixin.py:188} INFO - [2026-05-03T00:20:53.926+0000] {dagbag.py:540} INFO - Filling up the DagBag from /home/airflow/.local/lib/python3.8/site-packages/airflow/example_dags/example_branch_datetime_operator.py
[2026-05-03T00:20:53.933+0000] {processor.py:840} INFO - DAG(s) 'example_branch_datetime_operator_3', 'example_branch_datetime_operator_2', 'example_branch_datetime_operator' retrieved from /home/airflow/.local/lib/python3.8/site-packages/airflow/example_dags/example_branch_datetime_operator.py
[2026-05-03T00:20:53.951+0000] {logging_mixin.py:188} INFO - [2026-05-03T00:20:53.951+0000] {dag.py:3047} INFO - Sync 3 DAGs
[2026-05-03T00:20:53.966+0000] {logging_mixin.py:188} INFO - [2026-05-03T00:20:53.966+0000] {dag.py:3834} INFO - Setting next_dagrun for example_branch_datetime_operator to 2026-05-02 00:00:00+00:00, run_after=2026-05-03 00:00:00+00:00
[2026-05-03T00:20:53.969+0000] {logging_mixin.py:188} INFO - [2026-05-03T00:20:53.969+0000] {dag.py:3834} INFO - Setting next_dagrun for example_branch_datetime_operator_2 to 2026-05-02 00:00:00+00:00, run_after=2026-05-03 00:00:00+00:00
[2026-05-03T00:20:53.970+0000] {logging_mixin.py:188} INFO - [2026-05-03T00:20:53.970+0000] {dag.py:3834} INFO - Setting next_dagrun for example_branch_datetime_operator_3 to 2026-05-02 00:00:00+00:00, run_after=2026-05-03 00:00:00+00:00
[2026-05-03T00:20:53.979+0000] {processor.py:183} INFO - Processing /home/airflow/.local/lib/python3.8/site-packages/airflow/example_dags/example_branch_datetime_operator.py took 0.060 seconds
[2026-05-03T00:26:54.188+0000] {processor.py:161} INFO - Started process (PID=2946) to work on /home/airflow/.local/lib/python3.8/site-packages/airflow/example_dags/example_branch_datetime_operator.py
[2026-05-03T00:26:54.193+0000] {processor.py:830} INFO - Processing file /home/airflow/.local/lib/python3.8/site-packages/airflow/example_dags/example_branch_datetime_operator.py for tasks to queue
[2026-05-03T00:26:54.194+0000] {logging_mixin.py:188} INFO - [2026-05-03T00:26:54.194+0000] {dagbag.py:540} INFO - Filling up the DagBag from /home/airflow/.local/lib/python3.8/site-packages/airflow/example_dags/example_branch_datetime_operator.py
[2026-05-03T00:26:54.202+0000] {processor.py:840} INFO - DAG(s) 'example_branch_datetime_operator_2', 'example_branch_datetime_operator_3', 'example_branch_datetime_operator' retrieved from /home/airflow/.local/lib/python3.8/site-packages/airflow/example_dags/example_branch_datetime_operator.py
[2026-05-03T00:26:54.219+0000] {logging_mixin.py:188} INFO - [2026-05-03T00:26:54.219+0000] {dag.py:3047} INFO - Sync 3 DAGs
[2026-05-03T00:26:54.234+0000] {logging_mixin.py:188} INFO - [2026-05-03T00:26:54.234+0000] {dag.py:3834} INFO - Setting next_dagrun for example_branch_datetime_operator to 2026-05-02 00:00:00+00:00, run_after=2026-05-03 00:00:00+00:00
[2026-05-03T00:26:54.238+0000] {logging_mixin.py:188} INFO - [2026-05-03T00:26:54.237+0000] {dag.py:3834} INFO - Setting next_dagrun for example_branch_datetime_operator_2 to 2026-05-02 00:00:00+00:00, run_after=2026-05-03 00:00:00+00:00
[2026-05-03T00:26:54.241+0000] {logging_mixin.py:188} INFO - [2026-05-03T00:26:54.241+0000] {dag.py:3834} INFO - Setting next_dagrun for example_branch_datetime_operator_3 to 2026-05-02 00:00:00+00:00, run_after=2026-05-03 00:00:00+00:00
[2026-05-03T00:26:54.255+0000] {processor.py:183} INFO - Processing /home/airflow/.local/lib/python3.8/site-packages/airflow/example_dags/example_branch_datetime_operator.py took 0.070 seconds
[2026-05-03T00:27:24.420+0000] {processor.py:161} INFO - Started process (PID=3002) to work on /home/airflow/.local/lib/python3.8/site-packages/airflow/example_dags/example_branch_datetime_operator.py
[2026-05-03T00:27:24.422+0000] {processor.py:830} INFO - Processing file /home/airflow/.local/lib/python3.8/site-packages/airflow/example_dags/example_branch_datetime_operator.py for tasks to queue
[2026-05-03T00:27:24.424+0000] {logging_mixin.py:188} INFO - [2026-05-03T00:27:24.424+0000] {dagbag.py:540} INFO - Filling up the DagBag from /home/airflow/.local/lib/python3.8/site-packages/airflow/example_dags/example_branch_datetime_operator.py
[2026-05-03T00:27:24.432+0000] {processor.py:840} INFO - DAG(s) 'example_branch_datetime_operator_3', 'example_branch_datetime_operator', 'example_branch_datetime_operator_2' retrieved from /home/airflow/.local/lib/python3.8/site-packages/airflow/example_dags/example_branch_datetime_operator.py
[2026-05-03T00:27:24.451+0000] {logging_mixin.py:188} INFO - [2026-05-03T00:27:24.451+0000] {dag.py:3047} INFO - Sync 3 DAGs
[2026-05-03T00:27:24.468+0000] {logging_mixin.py:188} INFO - [2026-05-03T00:27:24.468+0000] {dag.py:3834} INFO - Setting next_dagrun for example_branch_datetime_operator to 2026-05-02 00:00:00+00:00, run_after=2026-05-03 00:00:00+00:00
[2026-05-03T00:27:24.471+0000] {logging_mixin.py:188} INFO - [2026-05-03T00:27:24.471+0000] {dag.py:3834} INFO - Setting next_dagrun for example_branch_datetime_operator_2 to 2026-05-02 00:00:00+00:00, run_after=2026-05-03 00:00:00+00:00
[2026-05-03T00:27:24.473+0000] {logging_mixin.py:188} INFO - [2026-05-03T00:27:24.473+0000] {dag.py:3834} INFO - Setting next_dagrun for example_branch_datetime_operator_3 to 2026-05-02 00:00:00+00:00, run_after=2026-05-03 00:00:00+00:00
[2026-05-03T00:27:24.483+0000] {processor.py:183} INFO - Processing /home/airflow/.local/lib/python3.8/site-packages/airflow/example_dags/example_branch_datetime_operator.py took 0.065 seconds
[2026-05-03T00:27:55.532+0000] {processor.py:161} INFO - Started process (PID=3058) to work on /home/airflow/.local/lib/python3.8/site-packages/airflow/example_dags/example_branch_datetime_operator.py
[2026-05-03T00:27:55.532+0000] {processor.py:830} INFO - Processing file /home/airflow/.local/lib/python3.8/site-packages/airflow/example_dags/example_branch_datetime_operator.py for tasks to queue
[2026-05-03T00:27:55.534+0000] {logging_mixin.py:188} INFO - [2026-05-03T00:27:55.534+0000] {dagbag.py:540} INFO - Filling up the DagBag from /home/airflow/.local/lib/python3.8/site-packages/airflow/example_dags/example_branch_datetime_operator.py
[2026-05-03T00:27:55.541+0000] {processor.py:840} INFO - DAG(s) 'example_branch_datetime_operator_2', 'example_branch_datetime_operator_3', 'example_branch_datetime_operator' retrieved from /home/airflow/.local/lib/python3.8/site-packages/airflow/example_dags/example_branch_datetime_operator.py
[2026-05-03T00:27:55.565+0000] {logging_mixin.py:188} INFO - [2026-05-03T00:27:55.564+0000] {dag.py:3047} INFO - Sync 3 DAGs
[2026-05-03T00:27:55.583+0000] {logging_mixin.py:188} INFO - [2026-05-03T00:27:55.582+0000] {dag.py:3834} INFO - Setting next_dagrun for example_branch_datetime_operator to 2026-05-02 00:00:00+00:00, run_after=2026-05-03 00:00:00+00:00
[2026-05-03T00:27:55.587+0000] {logging_mixin.py:188} INFO - [2026-05-03T00:27:55.587+0000] {dag.py:3834} INFO - Setting next_dagrun for example_branch_datetime_operator_2 to 2026-05-02 00:00:00+00:00, run_after=2026-05-03 00:00:00+00:00
[2026-05-03T00:27:55.589+0000] {logging_mixin.py:188} INFO - [2026-05-03T00:27:55.589+0000] {dag.py:3834} INFO - Setting next_dagrun for example_branch_datetime_operator_3 to 2026-05-02 00:00:00+00:00, run_after=2026-05-03 00:00:00+00:00
[2026-05-03T00:27:55.605+0000] {processor.py:183} INFO - Processing /home/airflow/.local/lib/python3.8/site-packages/airflow/example_dags/example_branch_datetime_operator.py took 0.076 seconds
[2026-05-03T00:28:25.901+0000] {processor.py:161} INFO - Started process (PID=3114) to work on /home/airflow/.local/lib/python3.8/site-packages/airflow/example_dags/example_branch_datetime_operator.py
[2026-05-03T00:28:25.903+0000] {processor.py:830} INFO - Processing file /home/airflow/.local/lib/python3.8/site-packages/airflow/example_dags/example_branch_datetime_operator.py for tasks to queue
[2026-05-03T00:28:25.906+0000] {logging_mixin.py:188} INFO - [2026-05-03T00:28:25.905+0000] {dagbag.py:540} INFO - Filling up the DagBag from /home/airflow/.local/lib/python3.8/site-packages/airflow/example_dags/example_branch_datetime_operator.py
[2026-05-03T00:28:25.913+0000] {processor.py:840} INFO - DAG(s) 'example_branch_datetime_operator_3', 'example_branch_datetime_operator_2', 'example_branch_datetime_operator' retrieved from /home/airflow/.local/lib/python3.8/site-packages/airflow/example_dags/example_branch_datetime_operator.py
[2026-05-03T00:28:25.931+0000] {logging_mixin.py:188} INFO - [2026-05-03T00:28:25.931+0000] {dag.py:3047} INFO - Sync 3 DAGs
[2026-05-03T00:28:25.946+0000] {logging_mixin.py:188} INFO - [2026-05-03T00:28:25.946+0000] {dag.py:3834} INFO - Setting next_dagrun for example_branch_datetime_operator to 2026-05-02 00:00:00+00:00, run_after=2026-05-03 00:00:00+00:00
[2026-05-03T00:28:25.950+0000] {logging_mixin.py:188} INFO - [2026-05-03T00:28:25.950+0000] {dag.py:3834} INFO - Setting next_dagrun for example_branch_datetime_operator_2 to 2026-05-02 00:00:00+00:00, run_after=2026-05-03 00:00:00+00:00
[2026-05-03T00:28:25.953+0000] {logging_mixin.py:188} INFO - [2026-05-03T00:28:25.953+0000] {dag.py:3834} INFO - Setting next_dagrun for example_branch_datetime_operator_3 to 2026-05-02 00:00:00+00:00, run_after=2026-05-03 00:00:00+00:00
[2026-05-03T00:28:25.967+0000] {processor.py:183} INFO - Processing /home/airflow/.local/lib/python3.8/site-packages/airflow/example_dags/example_branch_datetime_operator.py took 0.069 seconds
[2026-05-03T00:28:56.237+0000] {processor.py:161} INFO - Started process (PID=3170) to work on /home/airflow/.local/lib/python3.8/site-packages/airflow/example_dags/example_branch_datetime_operator.py
[2026-05-03T00:28:56.238+0000] {processor.py:830} INFO - Processing file /home/airflow/.local/lib/python3.8/site-packages/airflow/example_dags/example_branch_datetime_operator.py for tasks to queue
[2026-05-03T00:28:56.239+0000] {logging_mixin.py:188} INFO - [2026-05-03T00:28:56.239+0000] {dagbag.py:540} INFO - Filling up the DagBag from /home/airflow/.local/lib/python3.8/site-packages/airflow/example_dags/example_branch_datetime_operator.py
[2026-05-03T00:28:56.246+0000] {processor.py:840} INFO - DAG(s) 'example_branch_datetime_operator_2', 'example_branch_datetime_operator_3', 'example_branch_datetime_operator' retrieved from /home/airflow/.local/lib/python3.8/site-packages/airflow/example_dags/example_branch_datetime_operator.py
[2026-05-03T00:28:56.265+0000] {logging_mixin.py:188} INFO - [2026-05-03T00:28:56.264+0000] {dag.py:3047} INFO - Sync 3 DAGs
[2026-05-03T00:28:56.280+0000] {logging_mixin.py:188} INFO - [2026-05-03T00:28:56.280+0000] {dag.py:3834} INFO - Setting next_dagrun for example_branch_datetime_operator to 2026-05-02 00:00:00+00:00, run_after=2026-05-03 00:00:00+00:00
[2026-05-03T00:28:56.283+0000] {logging_mixin.py:188} INFO - [2026-05-03T00:28:56.283+0000] {dag.py:3834} INFO - Setting next_dagrun for example_branch_datetime_operator_2 to 2026-05-02 00:00:00+00:00, run_after=2026-05-03 00:00:00+00:00
[2026-05-03T00:28:56.285+0000] {logging_mixin.py:188} INFO - [2026-05-03T00:28:56.285+0000] {dag.py:3834} INFO - Setting next_dagrun for example_branch_datetime_operator_3 to 2026-05-02 00:00:00+00:00, run_after=2026-05-03 00:00:00+00:00
[2026-05-03T00:28:56.298+0000] {processor.py:183} INFO - Processing /home/airflow/.local/lib/python3.8/site-packages/airflow/example_dags/example_branch_datetime_operator.py took 0.063 seconds
[2026-05-03T00:29:26.499+0000] {processor.py:161} INFO - Started process (PID=3226) to work on /home/airflow/.local/lib/python3.8/site-packages/airflow/example_dags/example_branch_datetime_operator.py
[2026-05-03T00:29:26.500+0000] {processor.py:830} INFO - Processing file /home/airflow/.local/lib/python3.8/site-packages/airflow/example_dags/example_branch_datetime_operator.py for tasks to queue
[2026-05-03T00:29:26.501+0000] {logging_mixin.py:188} INFO - [2026-05-03T00:29:26.501+0000] {dagbag.py:540} INFO - Filling up the DagBag from /home/airflow/.local/lib/python3.8/site-packages/airflow/example_dags/example_branch_datetime_operator.py
[2026-05-03T00:29:26.510+0000] {processor.py:840} INFO - DAG(s) 'example_branch_datetime_operator', 'example_branch_datetime_operator_3', 'example_branch_datetime_operator_2' retrieved from /home/airflow/.local/lib/python3.8/site-packages/airflow/example_dags/example_branch_datetime_operator.py
[2026-05-03T00:29:26.532+0000] {logging_mixin.py:188} INFO - [2026-05-03T00:29:26.532+0000] {dag.py:3047} INFO - Sync 3 DAGs
[2026-05-03T00:29:26.549+0000] {logging_mixin.py:188} INFO - [2026-05-03T00:29:26.549+0000] {dag.py:3834} INFO - Setting next_dagrun for example_branch_datetime_operator to 2026-05-02 00:00:00+00:00, run_after=2026-05-03 00:00:00+00:00
[2026-05-03T00:29:26.552+0000] {logging_mixin.py:188} INFO - [2026-05-03T00:29:26.552+0000] {dag.py:3834} INFO - Setting next_dagrun for example_branch_datetime_operator_2 to 2026-05-02 00:00:00+00:00, run_after=2026-05-03 00:00:00+00:00
[2026-05-03T00:29:26.554+0000] {logging_mixin.py:188} INFO - [2026-05-03T00:29:26.553+0000] {dag.py:3834} INFO - Setting next_dagrun for example_branch_datetime_operator_3 to 2026-05-02 00:00:00+00:00, run_after=2026-05-03 00:00:00+00:00
[2026-05-03T00:29:26.562+0000] {processor.py:183} INFO - Processing /home/airflow/.local/lib/python3.8/site-packages/airflow/example_dags/example_branch_datetime_operator.py took 0.067 seconds
[2026-05-03T00:29:56.881+0000] {processor.py:161} INFO - Started process (PID=3282) to work on /home/airflow/.local/lib/python3.8/site-packages/airflow/example_dags/example_branch_datetime_operator.py
[2026-05-03T00:29:56.881+0000] {processor.py:830} INFO - Processing file /home/airflow/.local/lib/python3.8/site-packages/airflow/example_dags/example_branch_datetime_operator.py for tasks to queue
[2026-05-03T00:29:56.883+0000] {logging_mixin.py:188} INFO - [2026-05-03T00:29:56.882+0000] {dagbag.py:540} INFO - Filling up the DagBag from /home/airflow/.local/lib/python3.8/site-packages/airflow/example_dags/example_branch_datetime_operator.py
[2026-05-03T00:29:56.890+0000] {processor.py:840} INFO - DAG(s) 'example_branch_datetime_operator_2', 'example_branch_datetime_operator_3', 'example_branch_datetime_operator' retrieved from /home/airflow/.local/lib/python3.8/site-packages/airflow/example_dags/example_branch_datetime_operator.py
[2026-05-03T00:29:56.907+0000] {logging_mixin.py:188} INFO - [2026-05-03T00:29:56.907+0000] {dag.py:3047} INFO - Sync 3 DAGs
[2026-05-03T00:29:56.921+0000] {logging_mixin.py:188} INFO - [2026-05-03T00:29:56.921+0000] {dag.py:3834} INFO - Setting next_dagrun for example_branch_datetime_operator to 2026-05-02 00:00:00+00:00, run_after=2026-05-03 00:00:00+00:00
[2026-05-03T00:29:56.924+0000] {logging_mixin.py:188} INFO - [2026-05-03T00:29:56.924+0000] {dag.py:3834} INFO - Setting next_dagrun for example_branch_datetime_operator_2 to 2026-05-02 00:00:00+00:00, run_after=2026-05-03 00:00:00+00:00
[2026-05-03T00:29:56.925+0000] {logging_mixin.py:188} INFO - [2026-05-03T00:29:56.925+0000] {dag.py:3834} INFO - Setting next_dagrun for example_branch_datetime_operator_3 to 2026-05-02 00:00:00+00:00, run_after=2026-05-03 00:00:00+00:00
[2026-05-03T00:29:56.934+0000] {processor.py:183} INFO - Processing /home/airflow/.local/lib/python3.8/site-packages/airflow/example_dags/example_branch_datetime_operator.py took 0.056 seconds
[2026-05-03T00:30:27.199+0000] {processor.py:161} INFO - Started process (PID=3338) to work on /home/airflow/.local/lib/python3.8/site-packages/airflow/example_dags/example_branch_datetime_operator.py
[2026-05-03T00:30:27.199+0000] {processor.py:830} INFO - Processing file /home/airflow/.local/lib/python3.8/site-packages/airflow/example_dags/example_branch_datetime_operator.py for tasks to queue
[2026-05-03T00:30:27.201+0000] {logging_mixin.py:188} INFO - [2026-05-03T00:30:27.201+0000] {dagbag.py:540} INFO - Filling up the DagBag from /home/airflow/.local/lib/python3.8/site-packages/airflow/example_dags/example_branch_datetime_operator.py
[2026-05-03T00:30:27.208+0000] {processor.py:840} INFO - DAG(s) 'example_branch_datetime_operator_2', 'example_branch_datetime_operator_3', 'example_branch_datetime_operator' retrieved from /home/airflow/.local/lib/python3.8/site-packages/airflow/example_dags/example_branch_datetime_operator.py
[2026-05-03T00:30:27.225+0000] {logging_mixin.py:188} INFO - [2026-05-03T00:30:27.225+0000] {dag.py:3047} INFO - Sync 3 DAGs
[2026-05-03T00:30:27.240+0000] {logging_mixin.py:188} INFO - [2026-05-03T00:30:27.240+0000] {dag.py:3834} INFO - Setting next_dagrun for example_branch_datetime_operator to 2026-05-02 00:00:00+00:00, run_after=2026-05-03 00:00:00+00:00
[2026-05-03T00:30:27.243+0000] {logging_mixin.py:188} INFO - [2026-05-03T00:30:27.243+0000] {dag.py:3834} INFO - Setting next_dagrun for example_branch_datetime_operator_2 to 2026-05-02 00:00:00+00:00, run_after=2026-05-03 00:00:00+00:00
[2026-05-03T00:30:27.245+0000] {logging_mixin.py:188} INFO - [2026-05-03T00:30:27.245+0000] {dag.py:3834} INFO - Setting next_dagrun for example_branch_datetime_operator_3 to 2026-05-02 00:00:00+00:00, run_after=2026-05-03 00:00:00+00:00
[2026-05-03T00:30:27.256+0000] {processor.py:183} INFO - Processing /home/airflow/.local/lib/python3.8/site-packages/airflow/example_dags/example_branch_datetime_operator.py took 0.060 seconds
[2026-05-03T00:30:57.378+0000] {processor.py:161} INFO - Started process (PID=3394) to work on /home/airflow/.local/lib/python3.8/site-packages/airflow/example_dags/example_branch_datetime_operator.py
[2026-05-03T00:30:57.380+0000] {processor.py:830} INFO - Processing file /home/airflow/.local/lib/python3.8/site-packages/airflow/example_dags/example_branch_datetime_operator.py for tasks to queue
[2026-05-03T00:30:57.381+0000] {logging_mixin.py:188} INFO - [2026-05-03T00:30:57.381+0000] {dagbag.py:540} INFO - Filling up the DagBag from /home/airflow/.local/lib/python3.8/site-packages/airflow/example_dags/example_branch_datetime_operator.py
[2026-05-03T00:30:57.390+0000] {processor.py:840} INFO - DAG(s) 'example_branch_datetime_operator', 'example_branch_datetime_operator_2', 'example_branch_datetime_operator_3' retrieved from /home/airflow/.local/lib/python3.8/site-packages/airflow/example_dags/example_branch_datetime_operator.py
[2026-05-03T00:30:57.409+0000] {logging_mixin.py:188} INFO - [2026-05-03T00:30:57.409+0000] {dag.py:3047} INFO - Sync 3 DAGs
[2026-05-03T00:30:57.425+0000] {logging_mixin.py:188} INFO - [2026-05-03T00:30:57.425+0000] {dag.py:3834} INFO - Setting next_dagrun for example_branch_datetime_operator to 2026-05-02 00:00:00+00:00, run_after=2026-05-03 00:00:00+00:00
[2026-05-03T00:30:57.428+0000] {logging_mixin.py:188} INFO - [2026-05-03T00:30:57.428+0000] {dag.py:3834} INFO - Setting next_dagrun for example_branch_datetime_operator_2 to 2026-05-02 00:00:00+00:00, run_after=2026-05-03 00:00:00+00:00
[2026-05-03T00:30:57.429+0000] {logging_mixin.py:188} INFO - [2026-05-03T00:30:57.429+0000] {dag.py:3834} INFO - Setting next_dagrun for example_branch_datetime_operator_3 to 2026-05-02 00:00:00+00:00, run_after=2026-05-03 00:00:00+00:00
[2026-05-03T00:30:57.441+0000] {processor.py:183} INFO - Processing /home/airflow/.local/lib/python3.8/site-packages/airflow/example_dags/example_branch_datetime_operator.py took 0.066 seconds
[2026-05-03T00:31:28.377+0000] {processor.py:161} INFO - Started process (PID=3450) to work on /home/airflow/.local/lib/python3.8/site-packages/airflow/example_dags/example_branch_datetime_operator.py
[2026-05-03T00:31:28.379+0000] {processor.py:830} INFO - Processing file /home/airflow/.local/lib/python3.8/site-packages/airflow/example_dags/example_branch_datetime_operator.py for tasks to queue
[2026-05-03T00:31:28.381+0000] {logging_mixin.py:188} INFO - [2026-05-03T00:31:28.380+0000] {dagbag.py:540} INFO - Filling up the DagBag from /home/airflow/.local/lib/python3.8/site-packages/airflow/example_dags/example_branch_datetime_operator.py
[2026-05-03T00:31:28.392+0000] {processor.py:840} INFO - DAG(s) 'example_branch_datetime_operator_2', 'example_branch_datetime_operator_3', 'example_branch_datetime_operator' retrieved from /home/airflow/.local/lib/python3.8/site-packages/airflow/example_dags/example_branch_datetime_operator.py
[2026-05-03T00:31:28.419+0000] {logging_mixin.py:188} INFO - [2026-05-03T00:31:28.419+0000] {dag.py:3047} INFO - Sync 3 DAGs
[2026-05-03T00:31:28.448+0000] {logging_mixin.py:188} INFO - [2026-05-03T00:31:28.448+0000] {dag.py:3834} INFO - Setting next_dagrun for example_branch_datetime_operator to 2026-05-02 00:00:00+00:00, run_after=2026-05-03 00:00:00+00:00
[2026-05-03T00:31:28.454+0000] {logging_mixin.py:188} INFO - [2026-05-03T00:31:28.454+0000] {dag.py:3834} INFO - Setting next_dagrun for example_branch_datetime_operator_2 to 2026-05-02 00:00:00+00:00, run_after=2026-05-03 00:00:00+00:00
[2026-05-03T00:31:28.457+0000] {logging_mixin.py:188} INFO - [2026-05-03T00:31:28.457+0000] {dag.py:3834} INFO - Setting next_dagrun for example_branch_datetime_operator_3 to 2026-05-02 00:00:00+00:00, run_after=2026-05-03 00:00:00+00:00
[2026-05-03T00:31:28.476+0000] {processor.py:183} INFO - Processing /home/airflow/.local/lib/python3.8/site-packages/airflow/example_dags/example_branch_datetime_operator.py took 0.103 seconds
[2026-05-03T00:31:59.274+0000] {processor.py:161} INFO - Started process (PID=3506) to work on /home/airflow/.local/lib/python3.8/site-packages/airflow/example_dags/example_branch_datetime_operator.py
[2026-05-03T00:31:59.276+0000] {processor.py:830} INFO - Processing file /home/airflow/.local/lib/python3.8/site-packages/airflow/example_dags/example_branch_datetime_operator.py for tasks to queue
[2026-05-03T00:31:59.278+0000] {logging_mixin.py:188} INFO - [2026-05-03T00:31:59.278+0000] {dagbag.py:540} INFO - Filling up the DagBag from /home/airflow/.local/lib/python3.8/site-packages/airflow/example_dags/example_branch_datetime_operator.py
[2026-05-03T00:31:59.285+0000] {processor.py:840} INFO - DAG(s) 'example_branch_datetime_operator', 'example_branch_datetime_operator_3', 'example_branch_datetime_operator_2' retrieved from /home/airflow/.local/lib/python3.8/site-packages/airflow/example_dags/example_branch_datetime_operator.py
[2026-05-03T00:31:59.312+0000] {logging_mixin.py:188} INFO - [2026-05-03T00:31:59.312+0000] {dag.py:3047} INFO - Sync 3 DAGs
[2026-05-03T00:31:59.326+0000] {logging_mixin.py:188} INFO - [2026-05-03T00:31:59.326+0000] {dag.py:3834} INFO - Setting next_dagrun for example_branch_datetime_operator to 2026-05-02 00:00:00+00:00, run_after=2026-05-03 00:00:00+00:00
[2026-05-03T00:31:59.329+0000] {logging_mixin.py:188} INFO - [2026-05-03T00:31:59.329+0000] {dag.py:3834} INFO - Setting next_dagrun for example_branch_datetime_operator_2 to 2026-05-02 00:00:00+00:00, run_after=2026-05-03 00:00:00+00:00
[2026-05-03T00:31:59.330+0000] {logging_mixin.py:188} INFO - [2026-05-03T00:31:59.330+0000] {dag.py:3834} INFO - Setting next_dagrun for example_branch_datetime_operator_3 to 2026-05-02 00:00:00+00:00, run_after=2026-05-03 00:00:00+00:00
[2026-05-03T00:31:59.343+0000] {processor.py:183} INFO - Processing /home/airflow/.local/lib/python3.8/site-packages/airflow/example_dags/example_branch_datetime_operator.py took 0.071 seconds
[2026-05-03T00:32:29.605+0000] {processor.py:161} INFO - Started process (PID=3562) to work on /home/airflow/.local/lib/python3.8/site-packages/airflow/example_dags/example_branch_datetime_operator.py
[2026-05-03T00:32:29.606+0000] {processor.py:830} INFO - Processing file /home/airflow/.local/lib/python3.8/site-packages/airflow/example_dags/example_branch_datetime_operator.py for tasks to queue
[2026-05-03T00:32:29.607+0000] {logging_mixin.py:188} INFO - [2026-05-03T00:32:29.607+0000] {dagbag.py:540} INFO - Filling up the DagBag from /home/airflow/.local/lib/python3.8/site-packages/airflow/example_dags/example_branch_datetime_operator.py
[2026-05-03T00:32:29.616+0000] {processor.py:840} INFO - DAG(s) 'example_branch_datetime_operator_3', 'example_branch_datetime_operator_2', 'example_branch_datetime_operator' retrieved from /home/airflow/.local/lib/python3.8/site-packages/airflow/example_dags/example_branch_datetime_operator.py
[2026-05-03T00:32:29.636+0000] {logging_mixin.py:188} INFO - [2026-05-03T00:32:29.636+0000] {dag.py:3047} INFO - Sync 3 DAGs
[2026-05-03T00:32:29.653+0000] {logging_mixin.py:188} INFO - [2026-05-03T00:32:29.653+0000] {dag.py:3834} INFO - Setting next_dagrun for example_branch_datetime_operator to 2026-05-02 00:00:00+00:00, run_after=2026-05-03 00:00:00+00:00
[2026-05-03T00:32:29.656+0000] {logging_mixin.py:188} INFO - [2026-05-03T00:32:29.655+0000] {dag.py:3834} INFO - Setting next_dagrun for example_branch_datetime_operator_2 to 2026-05-02 00:00:00+00:00, run_after=2026-05-03 00:00:00+00:00
[2026-05-03T00:32:29.658+0000] {logging_mixin.py:188} INFO - [2026-05-03T00:32:29.658+0000] {dag.py:3834} INFO - Setting next_dagrun for example_branch_datetime_operator_3 to 2026-05-02 00:00:00+00:00, run_after=2026-05-03 00:00:00+00:00
[2026-05-03T00:32:29.669+0000] {processor.py:183} INFO - Processing /home/airflow/.local/lib/python3.8/site-packages/airflow/example_dags/example_branch_datetime_operator.py took 0.067 seconds
[2026-05-03T00:32:59.769+0000] {processor.py:161} INFO - Started process (PID=3618) to work on /home/airflow/.local/lib/python3.8/site-packages/airflow/example_dags/example_branch_datetime_operator.py
[2026-05-03T00:32:59.770+0000] {processor.py:830} INFO - Processing file /home/airflow/.local/lib/python3.8/site-packages/airflow/example_dags/example_branch_datetime_operator.py for tasks to queue
[2026-05-03T00:32:59.772+0000] {logging_mixin.py:188} INFO - [2026-05-03T00:32:59.772+0000] {dagbag.py:540} INFO - Filling up the DagBag from /home/airflow/.local/lib/python3.8/site-packages/airflow/example_dags/example_branch_datetime_operator.py
[2026-05-03T00:32:59.780+0000] {processor.py:840} INFO - DAG(s) 'example_branch_datetime_operator_2', 'example_branch_datetime_operator_3', 'example_branch_datetime_operator' retrieved from /home/airflow/.local/lib/python3.8/site-packages/airflow/example_dags/example_branch_datetime_operator.py
[2026-05-03T00:32:59.800+0000] {logging_mixin.py:188} INFO - [2026-05-03T00:32:59.800+0000] {dag.py:3047} INFO - Sync 3 DAGs
[2026-05-03T00:32:59.818+0000] {logging_mixin.py:188} INFO - [2026-05-03T00:32:59.818+0000] {dag.py:3834} INFO - Setting next_dagrun for example_branch_datetime_operator to 2026-05-02 00:00:00+00:00, run_after=2026-05-03 00:00:00+00:00
[2026-05-03T00:32:59.821+0000] {logging_mixin.py:188} INFO - [2026-05-03T00:32:59.821+0000] {dag.py:3834} INFO - Setting next_dagrun for example_branch_datetime_operator_2 to 2026-05-02 00:00:00+00:00, run_after=2026-05-03 00:00:00+00:00
[2026-05-03T00:32:59.825+0000] {logging_mixin.py:188} INFO - [2026-05-03T00:32:59.825+0000] {dag.py:3834} INFO - Setting next_dagrun for example_branch_datetime_operator_3 to 2026-05-02 00:00:00+00:00, run_after=2026-05-03 00:00:00+00:00
[2026-05-03T00:32:59.840+0000] {processor.py:183} INFO - Processing /home/airflow/.local/lib/python3.8/site-packages/airflow/example_dags/example_branch_datetime_operator.py took 0.074 seconds
[2026-05-03T00:33:30.355+0000] {processor.py:161} INFO - Started process (PID=3674) to work on /home/airflow/.local/lib/python3.8/site-packages/airflow/example_dags/example_branch_datetime_operator.py
[2026-05-03T00:33:30.356+0000] {processor.py:830} INFO - Processing file /home/airflow/.local/lib/python3.8/site-packages/airflow/example_dags/example_branch_datetime_operator.py for tasks to queue
[2026-05-03T00:33:30.358+0000] {logging_mixin.py:188} INFO - [2026-05-03T00:33:30.358+0000] {dagbag.py:540} INFO - Filling up the DagBag from /home/airflow/.local/lib/python3.8/site-packages/airflow/example_dags/example_branch_datetime_operator.py
[2026-05-03T00:33:30.365+0000] {processor.py:840} INFO - DAG(s) 'example_branch_datetime_operator_2', 'example_branch_datetime_operator_3', 'example_branch_datetime_operator' retrieved from /home/airflow/.local/lib/python3.8/site-packages/airflow/example_dags/example_branch_datetime_operator.py
[2026-05-03T00:33:30.384+0000] {logging_mixin.py:188} INFO - [2026-05-03T00:33:30.384+0000] {dag.py:3047} INFO - Sync 3 DAGs
[2026-05-03T00:33:30.401+0000] {logging_mixin.py:188} INFO - [2026-05-03T00:33:30.401+0000] {dag.py:3834} INFO - Setting next_dagrun for example_branch_datetime_operator to 2026-05-02 00:00:00+00:00, run_after=2026-05-03 00:00:00+00:00
[2026-05-03T00:33:30.409+0000] {logging_mixin.py:188} INFO - [2026-05-03T00:33:30.409+0000] {dag.py:3834} INFO - Setting next_dagrun for example_branch_datetime_operator_2 to 2026-05-02 00:00:00+00:00, run_after=2026-05-03 00:00:00+00:00
[2026-05-03T00:33:30.411+0000] {logging_mixin.py:188} INFO - [2026-05-03T00:33:30.411+0000] {dag.py:3834} INFO - Setting next_dagrun for example_branch_datetime_operator_3 to 2026-05-02 00:00:00+00:00, run_after=2026-05-03 00:00:00+00:00
[2026-05-03T00:33:30.425+0000] {processor.py:183} INFO - Processing /home/airflow/.local/lib/python3.8/site-packages/airflow/example_dags/example_branch_datetime_operator.py took 0.073 seconds
[2026-05-03T00:34:00.972+0000] {processor.py:161} INFO - Started process (PID=3730) to work on /home/airflow/.local/lib/python3.8/site-packages/airflow/example_dags/example_branch_datetime_operator.py
[2026-05-03T00:34:00.973+0000] {processor.py:830} INFO - Processing file /home/airflow/.local/lib/python3.8/site-packages/airflow/example_dags/example_branch_datetime_operator.py for tasks to queue
[2026-05-03T00:34:00.976+0000] {logging_mixin.py:188} INFO - [2026-05-03T00:34:00.975+0000] {dagbag.py:540} INFO - Filling up the DagBag from /home/airflow/.local/lib/python3.8/site-packages/airflow/example_dags/example_branch_datetime_operator.py
[2026-05-03T00:34:00.983+0000] {processor.py:840} INFO - DAG(s) 'example_branch_datetime_operator_2', 'example_branch_datetime_operator_3', 'example_branch_datetime_operator' retrieved from /home/airflow/.local/lib/python3.8/site-packages/airflow/example_dags/example_branch_datetime_operator.py
[2026-05-03T00:34:01.005+0000] {logging_mixin.py:188} INFO - [2026-05-03T00:34:01.005+0000] {dag.py:3047} INFO - Sync 3 DAGs
[2026-05-03T00:34:01.020+0000] {logging_mixin.py:188} INFO - [2026-05-03T00:34:01.019+0000] {dag.py:3834} INFO - Setting next_dagrun for example_branch_datetime_operator to 2026-05-02 00:00:00+00:00, run_after=2026-05-03 00:00:00+00:00
[2026-05-03T00:34:01.024+0000] {logging_mixin.py:188} INFO - [2026-05-03T00:34:01.024+0000] {dag.py:3834} INFO - Setting next_dagrun for example_branch_datetime_operator_2 to 2026-05-02 00:00:00+00:00, run_after=2026-05-03 00:00:00+00:00
[2026-05-03T00:34:01.026+0000] {logging_mixin.py:188} INFO - [2026-05-03T00:34:01.025+0000] {dag.py:3834} INFO - Setting next_dagrun for example_branch_datetime_operator_3 to 2026-05-02 00:00:00+00:00, run_after=2026-05-03 00:00:00+00:00
[2026-05-03T00:34:01.035+0000] {processor.py:183} INFO - Processing /home/airflow/.local/lib/python3.8/site-packages/airflow/example_dags/example_branch_datetime_operator.py took 0.065 seconds
[2026-05-03T00:34:31.160+0000] {processor.py:161} INFO - Started process (PID=3786) to work on /home/airflow/.local/lib/python3.8/site-packages/airflow/example_dags/example_branch_datetime_operator.py
[2026-05-03T00:34:31.161+0000] {processor.py:830} INFO - Processing file /home/airflow/.local/lib/python3.8/site-packages/airflow/example_dags/example_branch_datetime_operator.py for tasks to queue
[2026-05-03T00:34:31.162+0000] {logging_mixin.py:188} INFO - [2026-05-03T00:34:31.162+0000] {dagbag.py:540} INFO - Filling up the DagBag from /home/airflow/.local/lib/python3.8/site-packages/airflow/example_dags/example_branch_datetime_operator.py
[2026-05-03T00:34:31.169+0000] {processor.py:840} INFO - DAG(s) 'example_branch_datetime_operator_2', 'example_branch_datetime_operator_3', 'example_branch_datetime_operator' retrieved from /home/airflow/.local/lib/python3.8/site-packages/airflow/example_dags/example_branch_datetime_operator.py
[2026-05-03T00:34:31.190+0000] {logging_mixin.py:188} INFO - [2026-05-03T00:34:31.190+0000] {dag.py:3047} INFO - Sync 3 DAGs
[2026-05-03T00:34:31.207+0000] {logging_mixin.py:188} INFO - [2026-05-03T00:34:31.206+0000] {dag.py:3834} INFO - Setting next_dagrun for example_branch_datetime_operator to 2026-05-02 00:00:00+00:00, run_after=2026-05-03 00:00:00+00:00
[2026-05-03T00:34:31.214+0000] {logging_mixin.py:188} INFO - [2026-05-03T00:34:31.214+0000] {dag.py:3834} INFO - Setting next_dagrun for example_branch_datetime_operator_2 to 2026-05-02 00:00:00+00:00, run_after=2026-05-03 00:00:00+00:00
[2026-05-03T00:34:31.220+0000] {logging_mixin.py:188} INFO - [2026-05-03T00:34:31.219+0000] {dag.py:3834} INFO - Setting next_dagrun for example_branch_datetime_operator_3 to 2026-05-02 00:00:00+00:00, run_after=2026-05-03 00:00:00+00:00
[2026-05-03T00:34:31.232+0000] {processor.py:183} INFO - Processing /home/airflow/.local/lib/python3.8/site-packages/airflow/example_dags/example_branch_datetime_operator.py took 0.075 seconds
[2026-05-03T00:35:01.338+0000] {processor.py:161} INFO - Started process (PID=3842) to work on /home/airflow/.local/lib/python3.8/site-packages/airflow/example_dags/example_branch_datetime_operator.py
[2026-05-03T00:35:01.340+0000] {processor.py:830} INFO - Processing file /home/airflow/.local/lib/python3.8/site-packages/airflow/example_dags/example_branch_datetime_operator.py for tasks to queue
[2026-05-03T00:35:01.342+0000] {logging_mixin.py:188} INFO - [2026-05-03T00:35:01.341+0000] {dagbag.py:540} INFO - Filling up the DagBag from /home/airflow/.local/lib/python3.8/site-packages/airflow/example_dags/example_branch_datetime_operator.py
[2026-05-03T00:35:01.349+0000] {processor.py:840} INFO - DAG(s) 'example_branch_datetime_operator', 'example_branch_datetime_operator_3', 'example_branch_datetime_operator_2' retrieved from /home/airflow/.local/lib/python3.8/site-packages/airflow/example_dags/example_branch_datetime_operator.py
[2026-05-03T00:35:01.366+0000] {logging_mixin.py:188} INFO - [2026-05-03T00:35:01.366+0000] {dag.py:3047} INFO - Sync 3 DAGs
[2026-05-03T00:35:01.382+0000] {logging_mixin.py:188} INFO - [2026-05-03T00:35:01.382+0000] {dag.py:3834} INFO - Setting next_dagrun for example_branch_datetime_operator to 2026-05-02 00:00:00+00:00, run_after=2026-05-03 00:00:00+00:00
[2026-05-03T00:35:01.385+0000] {logging_mixin.py:188} INFO - [2026-05-03T00:35:01.385+0000] {dag.py:3834} INFO - Setting next_dagrun for example_branch_datetime_operator_2 to 2026-05-02 00:00:00+00:00, run_after=2026-05-03 00:00:00+00:00
[2026-05-03T00:35:01.386+0000] {logging_mixin.py:188} INFO - [2026-05-03T00:35:01.386+0000] {dag.py:3834} INFO - Setting next_dagrun for example_branch_datetime_operator_3 to 2026-05-02 00:00:00+00:00, run_after=2026-05-03 00:00:00+00:00
[2026-05-03T00:35:01.397+0000] {processor.py:183} INFO - Processing /home/airflow/.local/lib/python3.8/site-packages/airflow/example_dags/example_branch_datetime_operator.py took 0.061 seconds
[2026-05-03T00:35:31.718+0000] {processor.py:161} INFO - Started process (PID=3898) to work on /home/airflow/.local/lib/python3.8/site-packages/airflow/example_dags/example_branch_datetime_operator.py
[2026-05-03T00:35:31.719+0000] {processor.py:830} INFO - Processing file /home/airflow/.local/lib/python3.8/site-packages/airflow/example_dags/example_branch_datetime_operator.py for tasks to queue
[2026-05-03T00:35:31.721+0000] {logging_mixin.py:188} INFO - [2026-05-03T00:35:31.720+0000] {dagbag.py:540} INFO - Filling up the DagBag from /home/airflow/.local/lib/python3.8/site-packages/airflow/example_dags/example_branch_datetime_operator.py
[2026-05-03T00:35:31.728+0000] {processor.py:840} INFO - DAG(s) 'example_branch_datetime_operator_3', 'example_branch_datetime_operator_2', 'example_branch_datetime_operator' retrieved from /home/airflow/.local/lib/python3.8/site-packages/airflow/example_dags/example_branch_datetime_operator.py
[2026-05-03T00:35:31.751+0000] {logging_mixin.py:188} INFO - [2026-05-03T00:35:31.751+0000] {dag.py:3047} INFO - Sync 3 DAGs
[2026-05-03T00:35:31.766+0000] {logging_mixin.py:188} INFO - [2026-05-03T00:35:31.766+0000] {dag.py:3834} INFO - Setting next_dagrun for example_branch_datetime_operator to 2026-05-02 00:00:00+00:00, run_after=2026-05-03 00:00:00+00:00
[2026-05-03T00:35:31.769+0000] {logging_mixin.py:188} INFO - [2026-05-03T00:35:31.769+0000] {dag.py:3834} INFO - Setting next_dagrun for example_branch_datetime_operator_2 to 2026-05-02 00:00:00+00:00, run_after=2026-05-03 00:00:00+00:00
[2026-05-03T00:35:31.771+0000] {logging_mixin.py:188} INFO - [2026-05-03T00:35:31.771+0000] {dag.py:3834} INFO - Setting next_dagrun for example_branch_datetime_operator_3 to 2026-05-02 00:00:00+00:00, run_after=2026-05-03 00:00:00+00:00
[2026-05-03T00:35:31.780+0000] {processor.py:183} INFO - Processing /home/airflow/.local/lib/python3.8/site-packages/airflow/example_dags/example_branch_datetime_operator.py took 0.065 seconds
[2026-05-03T00:36:02.226+0000] {processor.py:161} INFO - Started process (PID=3954) to work on /home/airflow/.local/lib/python3.8/site-packages/airflow/example_dags/example_branch_datetime_operator.py
[2026-05-03T00:36:02.226+0000] {processor.py:830} INFO - Processing file /home/airflow/.local/lib/python3.8/site-packages/airflow/example_dags/example_branch_datetime_operator.py for tasks to queue
[2026-05-03T00:36:02.228+0000] {logging_mixin.py:188} INFO - [2026-05-03T00:36:02.228+0000] {dagbag.py:540} INFO - Filling up the DagBag from /home/airflow/.local/lib/python3.8/site-packages/airflow/example_dags/example_branch_datetime_operator.py
[2026-05-03T00:36:02.235+0000] {processor.py:840} INFO - DAG(s) 'example_branch_datetime_operator', 'example_branch_datetime_operator_2', 'example_branch_datetime_operator_3' retrieved from /home/airflow/.local/lib/python3.8/site-packages/airflow/example_dags/example_branch_datetime_operator.py
[2026-05-03T00:36:02.253+0000] {logging_mixin.py:188} INFO - [2026-05-03T00:36:02.253+0000] {dag.py:3047} INFO - Sync 3 DAGs
[2026-05-03T00:36:02.267+0000] {logging_mixin.py:188} INFO - [2026-05-03T00:36:02.266+0000] {dag.py:3834} INFO - Setting next_dagrun for example_branch_datetime_operator to 2026-05-02 00:00:00+00:00, run_after=2026-05-03 00:00:00+00:00
[2026-05-03T00:36:02.269+0000] {logging_mixin.py:188} INFO - [2026-05-03T00:36:02.269+0000] {dag.py:3834} INFO - Setting next_dagrun for example_branch_datetime_operator_2 to 2026-05-02 00:00:00+00:00, run_after=2026-05-03 00:00:00+00:00
[2026-05-03T00:36:02.271+0000] {logging_mixin.py:188} INFO - [2026-05-03T00:36:02.271+0000] {dag.py:3834} INFO - Setting next_dagrun for example_branch_datetime_operator_3 to 2026-05-02 00:00:00+00:00, run_after=2026-05-03 00:00:00+00:00
[2026-05-03T00:36:02.279+0000] {processor.py:183} INFO - Processing /home/airflow/.local/lib/python3.8/site-packages/airflow/example_dags/example_branch_datetime_operator.py took 0.056 seconds
[2026-05-03T00:36:32.646+0000] {processor.py:161} INFO - Started process (PID=4010) to work on /home/airflow/.local/lib/python3.8/site-packages/airflow/example_dags/example_branch_datetime_operator.py
[2026-05-03T00:36:32.647+0000] {processor.py:830} INFO - Processing file /home/airflow/.local/lib/python3.8/site-packages/airflow/example_dags/example_branch_datetime_operator.py for tasks to queue
[2026-05-03T00:36:32.648+0000] {logging_mixin.py:188} INFO - [2026-05-03T00:36:32.648+0000] {dagbag.py:540} INFO - Filling up the DagBag from /home/airflow/.local/lib/python3.8/site-packages/airflow/example_dags/example_branch_datetime_operator.py
[2026-05-03T00:36:32.656+0000] {processor.py:840} INFO - DAG(s) 'example_branch_datetime_operator_2', 'example_branch_datetime_operator_3', 'example_branch_datetime_operator' retrieved from /home/airflow/.local/lib/python3.8/site-packages/airflow/example_dags/example_branch_datetime_operator.py
[2026-05-03T00:36:32.672+0000] {logging_mixin.py:188} INFO - [2026-05-03T00:36:32.672+0000] {dag.py:3047} INFO - Sync 3 DAGs
[2026-05-03T00:36:32.687+0000] {logging_mixin.py:188} INFO - [2026-05-03T00:36:32.687+0000] {dag.py:3834} INFO - Setting next_dagrun for example_branch_datetime_operator to 2026-05-02 00:00:00+00:00, run_after=2026-05-03 00:00:00+00:00
[2026-05-03T00:36:32.689+0000] {logging_mixin.py:188} INFO - [2026-05-03T00:36:32.689+0000] {dag.py:3834} INFO - Setting next_dagrun for example_branch_datetime_operator_2 to 2026-05-02 00:00:00+00:00, run_after=2026-05-03 00:00:00+00:00
[2026-05-03T00:36:32.691+0000] {logging_mixin.py:188} INFO - [2026-05-03T00:36:32.691+0000] {dag.py:3834} INFO - Setting next_dagrun for example_branch_datetime_operator_3 to 2026-05-02 00:00:00+00:00, run_after=2026-05-03 00:00:00+00:00
[2026-05-03T00:36:32.700+0000] {processor.py:183} INFO - Processing /home/airflow/.local/lib/python3.8/site-packages/airflow/example_dags/example_branch_datetime_operator.py took 0.056 seconds
[2026-05-03T00:37:03.098+0000] {processor.py:161} INFO - Started process (PID=4066) to work on /home/airflow/.local/lib/python3.8/site-packages/airflow/example_dags/example_branch_datetime_operator.py
[2026-05-03T00:37:03.099+0000] {processor.py:830} INFO - Processing file /home/airflow/.local/lib/python3.8/site-packages/airflow/example_dags/example_branch_datetime_operator.py for tasks to queue
[2026-05-03T00:37:03.100+0000] {logging_mixin.py:188} INFO - [2026-05-03T00:37:03.100+0000] {dagbag.py:540} INFO - Filling up the DagBag from /home/airflow/.local/lib/python3.8/site-packages/airflow/example_dags/example_branch_datetime_operator.py
[2026-05-03T00:37:03.107+0000] {processor.py:840} INFO - DAG(s) 'example_branch_datetime_operator_2', 'example_branch_datetime_operator', 'example_branch_datetime_operator_3' retrieved from /home/airflow/.local/lib/python3.8/site-packages/airflow/example_dags/example_branch_datetime_operator.py
[2026-05-03T00:37:03.125+0000] {logging_mixin.py:188} INFO - [2026-05-03T00:37:03.125+0000] {dag.py:3047} INFO - Sync 3 DAGs
[2026-05-03T00:37:03.141+0000] {logging_mixin.py:188} INFO - [2026-05-03T00:37:03.140+0000] {dag.py:3834} INFO - Setting next_dagrun for example_branch_datetime_operator to 2026-05-02 00:00:00+00:00, run_after=2026-05-03 00:00:00+00:00
[2026-05-03T00:37:03.144+0000] {logging_mixin.py:188} INFO - [2026-05-03T00:37:03.144+0000] {dag.py:3834} INFO - Setting next_dagrun for example_branch_datetime_operator_2 to 2026-05-02 00:00:00+00:00, run_after=2026-05-03 00:00:00+00:00
[2026-05-03T00:37:03.147+0000] {logging_mixin.py:188} INFO - [2026-05-03T00:37:03.147+0000] {dag.py:3834} INFO - Setting next_dagrun for example_branch_datetime_operator_3 to 2026-05-02 00:00:00+00:00, run_after=2026-05-03 00:00:00+00:00
[2026-05-03T00:37:03.161+0000] {processor.py:183} INFO - Processing /home/airflow/.local/lib/python3.8/site-packages/airflow/example_dags/example_branch_datetime_operator.py took 0.066 seconds
[2026-05-03T00:37:33.663+0000] {processor.py:161} INFO - Started process (PID=4122) to work on /home/airflow/.local/lib/python3.8/site-packages/airflow/example_dags/example_branch_datetime_operator.py
[2026-05-03T00:37:33.664+0000] {processor.py:830} INFO - Processing file /home/airflow/.local/lib/python3.8/site-packages/airflow/example_dags/example_branch_datetime_operator.py for tasks to queue
[2026-05-03T00:37:33.665+0000] {logging_mixin.py:188} INFO - [2026-05-03T00:37:33.665+0000] {dagbag.py:540} INFO - Filling up the DagBag from /home/airflow/.local/lib/python3.8/site-packages/airflow/example_dags/example_branch_datetime_operator.py
[2026-05-03T00:37:33.673+0000] {processor.py:840} INFO - DAG(s) 'example_branch_datetime_operator_3', 'example_branch_datetime_operator', 'example_branch_datetime_operator_2' retrieved from /home/airflow/.local/lib/python3.8/site-packages/airflow/example_dags/example_branch_datetime_operator.py
[2026-05-03T00:37:33.698+0000] {logging_mixin.py:188} INFO - [2026-05-03T00:37:33.697+0000] {dag.py:3047} INFO - Sync 3 DAGs
[2026-05-03T00:37:33.714+0000] {logging_mixin.py:188} INFO - [2026-05-03T00:37:33.714+0000] {dag.py:3834} INFO - Setting next_dagrun for example_branch_datetime_operator to 2026-05-02 00:00:00+00:00, run_after=2026-05-03 00:00:00+00:00
[2026-05-03T00:37:33.717+0000] {logging_mixin.py:188} INFO - [2026-05-03T00:37:33.717+0000] {dag.py:3834} INFO - Setting next_dagrun for example_branch_datetime_operator_2 to 2026-05-02 00:00:00+00:00, run_after=2026-05-03 00:00:00+00:00
[2026-05-03T00:37:33.721+0000] {logging_mixin.py:188} INFO - [2026-05-03T00:37:33.721+0000] {dag.py:3834} INFO - Setting next_dagrun for example_branch_datetime_operator_3 to 2026-05-02 00:00:00+00:00, run_after=2026-05-03 00:00:00+00:00
[2026-05-03T00:37:33.739+0000] {processor.py:183} INFO - Processing /home/airflow/.local/lib/python3.8/site-packages/airflow/example_dags/example_branch_datetime_operator.py took 0.079 seconds
[2026-05-03T00:38:04.048+0000] {processor.py:161} INFO - Started process (PID=4178) to work on /home/airflow/.local/lib/python3.8/site-packages/airflow/example_dags/example_branch_datetime_operator.py
[2026-05-03T00:38:04.051+0000] {processor.py:830} INFO - Processing file /home/airflow/.local/lib/python3.8/site-packages/airflow/example_dags/example_branch_datetime_operator.py for tasks to queue
[2026-05-03T00:38:04.052+0000] {logging_mixin.py:188} INFO - [2026-05-03T00:38:04.052+0000] {dagbag.py:540} INFO - Filling up the DagBag from /home/airflow/.local/lib/python3.8/site-packages/airflow/example_dags/example_branch_datetime_operator.py
[2026-05-03T00:38:04.060+0000] {processor.py:840} INFO - DAG(s) 'example_branch_datetime_operator_2', 'example_branch_datetime_operator', 'example_branch_datetime_operator_3' retrieved from /home/airflow/.local/lib/python3.8/site-packages/airflow/example_dags/example_branch_datetime_operator.py
[2026-05-03T00:38:04.084+0000] {logging_mixin.py:188} INFO - [2026-05-03T00:38:04.084+0000] {dag.py:3047} INFO - Sync 3 DAGs
[2026-05-03T00:38:04.105+0000] {logging_mixin.py:188} INFO - [2026-05-03T00:38:04.105+0000] {dag.py:3834} INFO - Setting next_dagrun for example_branch_datetime_operator to 2026-05-02 00:00:00+00:00, run_after=2026-05-03 00:00:00+00:00
[2026-05-03T00:38:04.108+0000] {logging_mixin.py:188} INFO - [2026-05-03T00:38:04.108+0000] {dag.py:3834} INFO - Setting next_dagrun for example_branch_datetime_operator_2 to 2026-05-02 00:00:00+00:00, run_after=2026-05-03 00:00:00+00:00
[2026-05-03T00:38:04.109+0000] {logging_mixin.py:188} INFO - [2026-05-03T00:38:04.109+0000] {dag.py:3834} INFO - Setting next_dagrun for example_branch_datetime_operator_3 to 2026-05-02 00:00:00+00:00, run_after=2026-05-03 00:00:00+00:00
[2026-05-03T00:38:04.120+0000] {processor.py:183} INFO - Processing /home/airflow/.local/lib/python3.8/site-packages/airflow/example_dags/example_branch_datetime_operator.py took 0.075 seconds
[2026-05-03T00:38:34.580+0000] {processor.py:161} INFO - Started process (PID=4234) to work on /home/airflow/.local/lib/python3.8/site-packages/airflow/example_dags/example_branch_datetime_operator.py
[2026-05-03T00:38:34.581+0000] {processor.py:830} INFO - Processing file /home/airflow/.local/lib/python3.8/site-packages/airflow/example_dags/example_branch_datetime_operator.py for tasks to queue
[2026-05-03T00:38:34.582+0000] {logging_mixin.py:188} INFO - [2026-05-03T00:38:34.582+0000] {dagbag.py:540} INFO - Filling up the DagBag from /home/airflow/.local/lib/python3.8/site-packages/airflow/example_dags/example_branch_datetime_operator.py
[2026-05-03T00:38:34.590+0000] {processor.py:840} INFO - DAG(s) 'example_branch_datetime_operator', 'example_branch_datetime_operator_2', 'example_branch_datetime_operator_3' retrieved from /home/airflow/.local/lib/python3.8/site-packages/airflow/example_dags/example_branch_datetime_operator.py
[2026-05-03T00:38:34.610+0000] {logging_mixin.py:188} INFO - [2026-05-03T00:38:34.610+0000] {dag.py:3047} INFO - Sync 3 DAGs
[2026-05-03T00:38:34.627+0000] {logging_mixin.py:188} INFO - [2026-05-03T00:38:34.627+0000] {dag.py:3834} INFO - Setting next_dagrun for example_branch_datetime_operator to 2026-05-02 00:00:00+00:00, run_after=2026-05-03 00:00:00+00:00
[2026-05-03T00:38:34.631+0000] {logging_mixin.py:188} INFO - [2026-05-03T00:38:34.631+0000] {dag.py:3834} INFO - Setting next_dagrun for example_branch_datetime_operator_2 to 2026-05-02 00:00:00+00:00, run_after=2026-05-03 00:00:00+00:00
[2026-05-03T00:38:34.634+0000] {logging_mixin.py:188} INFO - [2026-05-03T00:38:34.634+0000] {dag.py:3834} INFO - Setting next_dagrun for example_branch_datetime_operator_3 to 2026-05-02 00:00:00+00:00, run_after=2026-05-03 00:00:00+00:00
[2026-05-03T00:38:34.647+0000] {processor.py:183} INFO - Processing /home/airflow/.local/lib/python3.8/site-packages/airflow/example_dags/example_branch_datetime_operator.py took 0.070 seconds
[2026-05-03T00:39:04.854+0000] {processor.py:161} INFO - Started process (PID=4290) to work on /home/airflow/.local/lib/python3.8/site-packages/airflow/example_dags/example_branch_datetime_operator.py
[2026-05-03T00:39:04.855+0000] {processor.py:830} INFO - Processing file /home/airflow/.local/lib/python3.8/site-packages/airflow/example_dags/example_branch_datetime_operator.py for tasks to queue
[2026-05-03T00:39:04.858+0000] {logging_mixin.py:188} INFO - [2026-05-03T00:39:04.858+0000] {dagbag.py:540} INFO - Filling up the DagBag from /home/airflow/.local/lib/python3.8/site-packages/airflow/example_dags/example_branch_datetime_operator.py
[2026-05-03T00:39:04.865+0000] {processor.py:840} INFO - DAG(s) 'example_branch_datetime_operator', 'example_branch_datetime_operator_3', 'example_branch_datetime_operator_2' retrieved from /home/airflow/.local/lib/python3.8/site-packages/airflow/example_dags/example_branch_datetime_operator.py
[2026-05-03T00:39:04.885+0000] {logging_mixin.py:188} INFO - [2026-05-03T00:39:04.885+0000] {dag.py:3047} INFO - Sync 3 DAGs
[2026-05-03T00:39:04.900+0000] {logging_mixin.py:188} INFO - [2026-05-03T00:39:04.900+0000] {dag.py:3834} INFO - Setting next_dagrun for example_branch_datetime_operator to 2026-05-02 00:00:00+00:00, run_after=2026-05-03 00:00:00+00:00
[2026-05-03T00:39:04.907+0000] {logging_mixin.py:188} INFO - [2026-05-03T00:39:04.907+0000] {dag.py:3834} INFO - Setting next_dagrun for example_branch_datetime_operator_2 to 2026-05-02 00:00:00+00:00, run_after=2026-05-03 00:00:00+00:00
[2026-05-03T00:39:04.908+0000] {logging_mixin.py:188} INFO - [2026-05-03T00:39:04.908+0000] {dag.py:3834} INFO - Setting next_dagrun for example_branch_datetime_operator_3 to 2026-05-02 00:00:00+00:00, run_after=2026-05-03 00:00:00+00:00
[2026-05-03T00:39:04.923+0000] {processor.py:183} INFO - Processing /home/airflow/.local/lib/python3.8/site-packages/airflow/example_dags/example_branch_datetime_operator.py took 0.071 seconds
[2026-05-03T00:39:35.408+0000] {processor.py:161} INFO - Started process (PID=4346) to work on /home/airflow/.local/lib/python3.8/site-packages/airflow/example_dags/example_branch_datetime_operator.py
[2026-05-03T00:39:35.409+0000] {processor.py:830} INFO - Processing file /home/airflow/.local/lib/python3.8/site-packages/airflow/example_dags/example_branch_datetime_operator.py for tasks to queue
[2026-05-03T00:39:35.411+0000] {logging_mixin.py:188} INFO - [2026-05-03T00:39:35.410+0000] {dagbag.py:540} INFO - Filling up the DagBag from /home/airflow/.local/lib/python3.8/site-packages/airflow/example_dags/example_branch_datetime_operator.py
[2026-05-03T00:39:35.417+0000] {processor.py:840} INFO - DAG(s) 'example_branch_datetime_operator', 'example_branch_datetime_operator_3', 'example_branch_datetime_operator_2' retrieved from /home/airflow/.local/lib/python3.8/site-packages/airflow/example_dags/example_branch_datetime_operator.py
[2026-05-03T00:39:35.434+0000] {logging_mixin.py:188} INFO - [2026-05-03T00:39:35.434+0000] {dag.py:3047} INFO - Sync 3 DAGs
[2026-05-03T00:39:35.449+0000] {logging_mixin.py:188} INFO - [2026-05-03T00:39:35.449+0000] {dag.py:3834} INFO - Setting next_dagrun for example_branch_datetime_operator to 2026-05-02 00:00:00+00:00, run_after=2026-05-03 00:00:00+00:00
[2026-05-03T00:39:35.451+0000] {logging_mixin.py:188} INFO - [2026-05-03T00:39:35.451+0000] {dag.py:3834} INFO - Setting next_dagrun for example_branch_datetime_operator_2 to 2026-05-02 00:00:00+00:00, run_after=2026-05-03 00:00:00+00:00
[2026-05-03T00:39:35.453+0000] {logging_mixin.py:188} INFO - [2026-05-03T00:39:35.453+0000] {dag.py:3834} INFO - Setting next_dagrun for example_branch_datetime_operator_3 to 2026-05-02 00:00:00+00:00, run_after=2026-05-03 00:00:00+00:00
[2026-05-03T00:39:35.461+0000] {processor.py:183} INFO - Processing /home/airflow/.local/lib/python3.8/site-packages/airflow/example_dags/example_branch_datetime_operator.py took 0.056 seconds
