[2026-05-03T00:02:02.031+0000] {processor.py:161} INFO - Started process (PID=2787) to work on /home/airflow/.local/lib/python3.8/site-packages/airflow/example_dags/example_skip_dag.py
[2026-05-03T00:02:02.032+0000] {processor.py:830} INFO - Processing file /home/airflow/.local/lib/python3.8/site-packages/airflow/example_dags/example_skip_dag.py for tasks to queue
[2026-05-03T00:02:02.034+0000] {logging_mixin.py:188} INFO - [2026-05-03T00:02:02.034+0000] {dagbag.py:540} INFO - Filling up the DagBag from /home/airflow/.local/lib/python3.8/site-packages/airflow/example_dags/example_skip_dag.py
[2026-05-03T00:02:02.040+0000] {processor.py:840} INFO - DAG(s) 'example_skip_dag' retrieved from /home/airflow/.local/lib/python3.8/site-packages/airflow/example_dags/example_skip_dag.py
[2026-05-03T00:02:02.061+0000] {logging_mixin.py:188} INFO - [2026-05-03T00:02:02.061+0000] {dag.py:3047} INFO - Sync 1 DAGs
[2026-05-03T00:02:02.081+0000] {logging_mixin.py:188} INFO - [2026-05-03T00:02:02.080+0000] {dag.py:3834} INFO - Setting next_dagrun for example_skip_dag to 2026-05-02 00:00:00+00:00, run_after=2026-05-03 00:00:00+00:00
[2026-05-03T00:02:02.097+0000] {processor.py:183} INFO - Processing /home/airflow/.local/lib/python3.8/site-packages/airflow/example_dags/example_skip_dag.py took 0.069 seconds
[2026-05-03T00:11:42.489+0000] {processor.py:161} INFO - Started process (PID=2843) to work on /home/airflow/.local/lib/python3.8/site-packages/airflow/example_dags/example_skip_dag.py
[2026-05-03T00:11:42.490+0000] {processor.py:830} INFO - Processing file /home/airflow/.local/lib/python3.8/site-packages/airflow/example_dags/example_skip_dag.py for tasks to queue
[2026-05-03T00:11:42.495+0000] {logging_mixin.py:188} INFO - [2026-05-03T00:11:42.495+0000] {dagbag.py:540} INFO - Filling up the DagBag from /home/airflow/.local/lib/python3.8/site-packages/airflow/example_dags/example_skip_dag.py
[2026-05-03T00:11:42.500+0000] {processor.py:840} INFO - DAG(s) 'example_skip_dag' retrieved from /home/airflow/.local/lib/python3.8/site-packages/airflow/example_dags/example_skip_dag.py
[2026-05-03T00:11:42.515+0000] {logging_mixin.py:188} INFO - [2026-05-03T00:11:42.515+0000] {dag.py:3047} INFO - Sync 1 DAGs
[2026-05-03T00:11:42.530+0000] {logging_mixin.py:188} INFO - [2026-05-03T00:11:42.529+0000] {dag.py:3834} INFO - Setting next_dagrun for example_skip_dag to 2026-05-02 00:00:00+00:00, run_after=2026-05-03 00:00:00+00:00
[2026-05-03T00:11:42.541+0000] {processor.py:183} INFO - Processing /home/airflow/.local/lib/python3.8/site-packages/airflow/example_dags/example_skip_dag.py took 0.054 seconds
[2026-05-03T00:20:54.263+0000] {processor.py:161} INFO - Started process (PID=2899) to work on /home/airflow/.local/lib/python3.8/site-packages/airflow/example_dags/example_skip_dag.py
[2026-05-03T00:20:54.264+0000] {processor.py:830} INFO - Processing file /home/airflow/.local/lib/python3.8/site-packages/airflow/example_dags/example_skip_dag.py for tasks to queue
[2026-05-03T00:20:54.266+0000] {logging_mixin.py:188} INFO - [2026-05-03T00:20:54.266+0000] {dagbag.py:540} INFO - Filling up the DagBag from /home/airflow/.local/lib/python3.8/site-packages/airflow/example_dags/example_skip_dag.py
[2026-05-03T00:20:54.272+0000] {processor.py:840} INFO - DAG(s) 'example_skip_dag' retrieved from /home/airflow/.local/lib/python3.8/site-packages/airflow/example_dags/example_skip_dag.py
[2026-05-03T00:20:54.300+0000] {logging_mixin.py:188} INFO - [2026-05-03T00:20:54.300+0000] {dag.py:3047} INFO - Sync 1 DAGs
[2026-05-03T00:20:54.343+0000] {logging_mixin.py:188} INFO - [2026-05-03T00:20:54.342+0000] {dag.py:3834} INFO - Setting next_dagrun for example_skip_dag to 2026-05-02 00:00:00+00:00, run_after=2026-05-03 00:00:00+00:00
[2026-05-03T00:20:54.364+0000] {processor.py:183} INFO - Processing /home/airflow/.local/lib/python3.8/site-packages/airflow/example_dags/example_skip_dag.py took 0.104 seconds
[2026-05-03T00:26:54.518+0000] {processor.py:161} INFO - Started process (PID=2955) to work on /home/airflow/.local/lib/python3.8/site-packages/airflow/example_dags/example_skip_dag.py
[2026-05-03T00:26:54.520+0000] {processor.py:830} INFO - Processing file /home/airflow/.local/lib/python3.8/site-packages/airflow/example_dags/example_skip_dag.py for tasks to queue
[2026-05-03T00:26:54.524+0000] {logging_mixin.py:188} INFO - [2026-05-03T00:26:54.524+0000] {dagbag.py:540} INFO - Filling up the DagBag from /home/airflow/.local/lib/python3.8/site-packages/airflow/example_dags/example_skip_dag.py
[2026-05-03T00:26:54.531+0000] {processor.py:840} INFO - DAG(s) 'example_skip_dag' retrieved from /home/airflow/.local/lib/python3.8/site-packages/airflow/example_dags/example_skip_dag.py
[2026-05-03T00:26:54.552+0000] {logging_mixin.py:188} INFO - [2026-05-03T00:26:54.551+0000] {dag.py:3047} INFO - Sync 1 DAGs
[2026-05-03T00:26:54.594+0000] {logging_mixin.py:188} INFO - [2026-05-03T00:26:54.594+0000] {dag.py:3834} INFO - Setting next_dagrun for example_skip_dag to 2026-05-02 00:00:00+00:00, run_after=2026-05-03 00:00:00+00:00
[2026-05-03T00:26:54.615+0000] {processor.py:183} INFO - Processing /home/airflow/.local/lib/python3.8/site-packages/airflow/example_dags/example_skip_dag.py took 0.100 seconds
[2026-05-03T00:27:24.717+0000] {processor.py:161} INFO - Started process (PID=3011) to work on /home/airflow/.local/lib/python3.8/site-packages/airflow/example_dags/example_skip_dag.py
[2026-05-03T00:27:24.718+0000] {processor.py:830} INFO - Processing file /home/airflow/.local/lib/python3.8/site-packages/airflow/example_dags/example_skip_dag.py for tasks to queue
[2026-05-03T00:27:24.719+0000] {logging_mixin.py:188} INFO - [2026-05-03T00:27:24.719+0000] {dagbag.py:540} INFO - Filling up the DagBag from /home/airflow/.local/lib/python3.8/site-packages/airflow/example_dags/example_skip_dag.py
[2026-05-03T00:27:24.724+0000] {processor.py:840} INFO - DAG(s) 'example_skip_dag' retrieved from /home/airflow/.local/lib/python3.8/site-packages/airflow/example_dags/example_skip_dag.py
[2026-05-03T00:27:24.738+0000] {logging_mixin.py:188} INFO - [2026-05-03T00:27:24.738+0000] {dag.py:3047} INFO - Sync 1 DAGs
[2026-05-03T00:27:24.751+0000] {logging_mixin.py:188} INFO - [2026-05-03T00:27:24.751+0000] {dag.py:3834} INFO - Setting next_dagrun for example_skip_dag to 2026-05-02 00:00:00+00:00, run_after=2026-05-03 00:00:00+00:00
[2026-05-03T00:27:24.762+0000] {processor.py:183} INFO - Processing /home/airflow/.local/lib/python3.8/site-packages/airflow/example_dags/example_skip_dag.py took 0.048 seconds
[2026-05-03T00:27:55.967+0000] {processor.py:161} INFO - Started process (PID=3067) to work on /home/airflow/.local/lib/python3.8/site-packages/airflow/example_dags/example_skip_dag.py
[2026-05-03T00:27:55.967+0000] {processor.py:830} INFO - Processing file /home/airflow/.local/lib/python3.8/site-packages/airflow/example_dags/example_skip_dag.py for tasks to queue
[2026-05-03T00:27:55.969+0000] {logging_mixin.py:188} INFO - [2026-05-03T00:27:55.969+0000] {dagbag.py:540} INFO - Filling up the DagBag from /home/airflow/.local/lib/python3.8/site-packages/airflow/example_dags/example_skip_dag.py
[2026-05-03T00:27:55.974+0000] {processor.py:840} INFO - DAG(s) 'example_skip_dag' retrieved from /home/airflow/.local/lib/python3.8/site-packages/airflow/example_dags/example_skip_dag.py
[2026-05-03T00:27:55.999+0000] {logging_mixin.py:188} INFO - [2026-05-03T00:27:55.999+0000] {dag.py:3047} INFO - Sync 1 DAGs
[2026-05-03T00:27:56.017+0000] {logging_mixin.py:188} INFO - [2026-05-03T00:27:56.017+0000] {dag.py:3834} INFO - Setting next_dagrun for example_skip_dag to 2026-05-02 00:00:00+00:00, run_after=2026-05-03 00:00:00+00:00
[2026-05-03T00:27:56.034+0000] {processor.py:183} INFO - Processing /home/airflow/.local/lib/python3.8/site-packages/airflow/example_dags/example_skip_dag.py took 0.070 seconds
[2026-05-03T00:28:26.333+0000] {processor.py:161} INFO - Started process (PID=3123) to work on /home/airflow/.local/lib/python3.8/site-packages/airflow/example_dags/example_skip_dag.py
[2026-05-03T00:28:26.334+0000] {processor.py:830} INFO - Processing file /home/airflow/.local/lib/python3.8/site-packages/airflow/example_dags/example_skip_dag.py for tasks to queue
[2026-05-03T00:28:26.336+0000] {logging_mixin.py:188} INFO - [2026-05-03T00:28:26.336+0000] {dagbag.py:540} INFO - Filling up the DagBag from /home/airflow/.local/lib/python3.8/site-packages/airflow/example_dags/example_skip_dag.py
[2026-05-03T00:28:26.342+0000] {processor.py:840} INFO - DAG(s) 'example_skip_dag' retrieved from /home/airflow/.local/lib/python3.8/site-packages/airflow/example_dags/example_skip_dag.py
[2026-05-03T00:28:26.364+0000] {logging_mixin.py:188} INFO - [2026-05-03T00:28:26.364+0000] {dag.py:3047} INFO - Sync 1 DAGs
[2026-05-03T00:28:26.379+0000] {logging_mixin.py:188} INFO - [2026-05-03T00:28:26.379+0000] {dag.py:3834} INFO - Setting next_dagrun for example_skip_dag to 2026-05-02 00:00:00+00:00, run_after=2026-05-03 00:00:00+00:00
[2026-05-03T00:28:26.399+0000] {processor.py:183} INFO - Processing /home/airflow/.local/lib/python3.8/site-packages/airflow/example_dags/example_skip_dag.py took 0.068 seconds
[2026-05-03T00:28:56.640+0000] {processor.py:161} INFO - Started process (PID=3179) to work on /home/airflow/.local/lib/python3.8/site-packages/airflow/example_dags/example_skip_dag.py
[2026-05-03T00:28:56.641+0000] {processor.py:830} INFO - Processing file /home/airflow/.local/lib/python3.8/site-packages/airflow/example_dags/example_skip_dag.py for tasks to queue
[2026-05-03T00:28:56.643+0000] {logging_mixin.py:188} INFO - [2026-05-03T00:28:56.643+0000] {dagbag.py:540} INFO - Filling up the DagBag from /home/airflow/.local/lib/python3.8/site-packages/airflow/example_dags/example_skip_dag.py
[2026-05-03T00:28:56.652+0000] {processor.py:840} INFO - DAG(s) 'example_skip_dag' retrieved from /home/airflow/.local/lib/python3.8/site-packages/airflow/example_dags/example_skip_dag.py
[2026-05-03T00:28:56.673+0000] {logging_mixin.py:188} INFO - [2026-05-03T00:28:56.673+0000] {dag.py:3047} INFO - Sync 1 DAGs
[2026-05-03T00:28:56.688+0000] {logging_mixin.py:188} INFO - [2026-05-03T00:28:56.688+0000] {dag.py:3834} INFO - Setting next_dagrun for example_skip_dag to 2026-05-02 00:00:00+00:00, run_after=2026-05-03 00:00:00+00:00
[2026-05-03T00:28:56.705+0000] {processor.py:183} INFO - Processing /home/airflow/.local/lib/python3.8/site-packages/airflow/example_dags/example_skip_dag.py took 0.068 seconds
[2026-05-03T00:29:26.911+0000] {processor.py:161} INFO - Started process (PID=3235) to work on /home/airflow/.local/lib/python3.8/site-packages/airflow/example_dags/example_skip_dag.py
[2026-05-03T00:29:26.911+0000] {processor.py:830} INFO - Processing file /home/airflow/.local/lib/python3.8/site-packages/airflow/example_dags/example_skip_dag.py for tasks to queue
[2026-05-03T00:29:26.913+0000] {logging_mixin.py:188} INFO - [2026-05-03T00:29:26.912+0000] {dagbag.py:540} INFO - Filling up the DagBag from /home/airflow/.local/lib/python3.8/site-packages/airflow/example_dags/example_skip_dag.py
[2026-05-03T00:29:26.917+0000] {processor.py:840} INFO - DAG(s) 'example_skip_dag' retrieved from /home/airflow/.local/lib/python3.8/site-packages/airflow/example_dags/example_skip_dag.py
[2026-05-03T00:29:26.931+0000] {logging_mixin.py:188} INFO - [2026-05-03T00:29:26.931+0000] {dag.py:3047} INFO - Sync 1 DAGs
[2026-05-03T00:29:26.945+0000] {logging_mixin.py:188} INFO - [2026-05-03T00:29:26.945+0000] {dag.py:3834} INFO - Setting next_dagrun for example_skip_dag to 2026-05-02 00:00:00+00:00, run_after=2026-05-03 00:00:00+00:00
[2026-05-03T00:29:26.955+0000] {processor.py:183} INFO - Processing /home/airflow/.local/lib/python3.8/site-packages/airflow/example_dags/example_skip_dag.py took 0.046 seconds
[2026-05-03T00:29:57.286+0000] {processor.py:161} INFO - Started process (PID=3291) to work on /home/airflow/.local/lib/python3.8/site-packages/airflow/example_dags/example_skip_dag.py
[2026-05-03T00:29:57.286+0000] {processor.py:830} INFO - Processing file /home/airflow/.local/lib/python3.8/site-packages/airflow/example_dags/example_skip_dag.py for tasks to queue
[2026-05-03T00:29:57.288+0000] {logging_mixin.py:188} INFO - [2026-05-03T00:29:57.288+0000] {dagbag.py:540} INFO - Filling up the DagBag from /home/airflow/.local/lib/python3.8/site-packages/airflow/example_dags/example_skip_dag.py
[2026-05-03T00:29:57.293+0000] {processor.py:840} INFO - DAG(s) 'example_skip_dag' retrieved from /home/airflow/.local/lib/python3.8/site-packages/airflow/example_dags/example_skip_dag.py
[2026-05-03T00:29:57.315+0000] {logging_mixin.py:188} INFO - [2026-05-03T00:29:57.314+0000] {dag.py:3047} INFO - Sync 1 DAGs
[2026-05-03T00:29:57.332+0000] {logging_mixin.py:188} INFO - [2026-05-03T00:29:57.332+0000] {dag.py:3834} INFO - Setting next_dagrun for example_skip_dag to 2026-05-02 00:00:00+00:00, run_after=2026-05-03 00:00:00+00:00
[2026-05-03T00:29:57.346+0000] {processor.py:183} INFO - Processing /home/airflow/.local/lib/python3.8/site-packages/airflow/example_dags/example_skip_dag.py took 0.063 seconds
[2026-05-03T00:30:27.529+0000] {processor.py:161} INFO - Started process (PID=3347) to work on /home/airflow/.local/lib/python3.8/site-packages/airflow/example_dags/example_skip_dag.py
[2026-05-03T00:30:27.532+0000] {processor.py:830} INFO - Processing file /home/airflow/.local/lib/python3.8/site-packages/airflow/example_dags/example_skip_dag.py for tasks to queue
[2026-05-03T00:30:27.533+0000] {logging_mixin.py:188} INFO - [2026-05-03T00:30:27.533+0000] {dagbag.py:540} INFO - Filling up the DagBag from /home/airflow/.local/lib/python3.8/site-packages/airflow/example_dags/example_skip_dag.py
[2026-05-03T00:30:27.538+0000] {processor.py:840} INFO - DAG(s) 'example_skip_dag' retrieved from /home/airflow/.local/lib/python3.8/site-packages/airflow/example_dags/example_skip_dag.py
[2026-05-03T00:30:27.555+0000] {logging_mixin.py:188} INFO - [2026-05-03T00:30:27.555+0000] {dag.py:3047} INFO - Sync 1 DAGs
[2026-05-03T00:30:27.570+0000] {logging_mixin.py:188} INFO - [2026-05-03T00:30:27.569+0000] {dag.py:3834} INFO - Setting next_dagrun for example_skip_dag to 2026-05-02 00:00:00+00:00, run_after=2026-05-03 00:00:00+00:00
[2026-05-03T00:30:27.583+0000] {processor.py:183} INFO - Processing /home/airflow/.local/lib/python3.8/site-packages/airflow/example_dags/example_skip_dag.py took 0.057 seconds
[2026-05-03T00:30:57.707+0000] {processor.py:161} INFO - Started process (PID=3403) to work on /home/airflow/.local/lib/python3.8/site-packages/airflow/example_dags/example_skip_dag.py
[2026-05-03T00:30:57.708+0000] {processor.py:830} INFO - Processing file /home/airflow/.local/lib/python3.8/site-packages/airflow/example_dags/example_skip_dag.py for tasks to queue
[2026-05-03T00:30:57.709+0000] {logging_mixin.py:188} INFO - [2026-05-03T00:30:57.709+0000] {dagbag.py:540} INFO - Filling up the DagBag from /home/airflow/.local/lib/python3.8/site-packages/airflow/example_dags/example_skip_dag.py
[2026-05-03T00:30:57.714+0000] {processor.py:840} INFO - DAG(s) 'example_skip_dag' retrieved from /home/airflow/.local/lib/python3.8/site-packages/airflow/example_dags/example_skip_dag.py
[2026-05-03T00:30:57.731+0000] {logging_mixin.py:188} INFO - [2026-05-03T00:30:57.731+0000] {dag.py:3047} INFO - Sync 1 DAGs
[2026-05-03T00:30:57.745+0000] {logging_mixin.py:188} INFO - [2026-05-03T00:30:57.745+0000] {dag.py:3834} INFO - Setting next_dagrun for example_skip_dag to 2026-05-02 00:00:00+00:00, run_after=2026-05-03 00:00:00+00:00
[2026-05-03T00:30:57.756+0000] {processor.py:183} INFO - Processing /home/airflow/.local/lib/python3.8/site-packages/airflow/example_dags/example_skip_dag.py took 0.052 seconds
[2026-05-03T00:31:28.949+0000] {processor.py:161} INFO - Started process (PID=3459) to work on /home/airflow/.local/lib/python3.8/site-packages/airflow/example_dags/example_skip_dag.py
[2026-05-03T00:31:28.953+0000] {processor.py:830} INFO - Processing file /home/airflow/.local/lib/python3.8/site-packages/airflow/example_dags/example_skip_dag.py for tasks to queue
[2026-05-03T00:31:28.955+0000] {logging_mixin.py:188} INFO - [2026-05-03T00:31:28.955+0000] {dagbag.py:540} INFO - Filling up the DagBag from /home/airflow/.local/lib/python3.8/site-packages/airflow/example_dags/example_skip_dag.py
[2026-05-03T00:31:28.962+0000] {processor.py:840} INFO - DAG(s) 'example_skip_dag' retrieved from /home/airflow/.local/lib/python3.8/site-packages/airflow/example_dags/example_skip_dag.py
[2026-05-03T00:31:28.986+0000] {logging_mixin.py:188} INFO - [2026-05-03T00:31:28.986+0000] {dag.py:3047} INFO - Sync 1 DAGs
[2026-05-03T00:31:29.012+0000] {logging_mixin.py:188} INFO - [2026-05-03T00:31:29.011+0000] {dag.py:3834} INFO - Setting next_dagrun for example_skip_dag to 2026-05-02 00:00:00+00:00, run_after=2026-05-03 00:00:00+00:00
[2026-05-03T00:31:29.040+0000] {processor.py:183} INFO - Processing /home/airflow/.local/lib/python3.8/site-packages/airflow/example_dags/example_skip_dag.py took 0.095 seconds
[2026-05-03T00:31:59.625+0000] {processor.py:161} INFO - Started process (PID=3515) to work on /home/airflow/.local/lib/python3.8/site-packages/airflow/example_dags/example_skip_dag.py
[2026-05-03T00:31:59.625+0000] {processor.py:830} INFO - Processing file /home/airflow/.local/lib/python3.8/site-packages/airflow/example_dags/example_skip_dag.py for tasks to queue
[2026-05-03T00:31:59.627+0000] {logging_mixin.py:188} INFO - [2026-05-03T00:31:59.627+0000] {dagbag.py:540} INFO - Filling up the DagBag from /home/airflow/.local/lib/python3.8/site-packages/airflow/example_dags/example_skip_dag.py
[2026-05-03T00:31:59.632+0000] {processor.py:840} INFO - DAG(s) 'example_skip_dag' retrieved from /home/airflow/.local/lib/python3.8/site-packages/airflow/example_dags/example_skip_dag.py
[2026-05-03T00:31:59.655+0000] {logging_mixin.py:188} INFO - [2026-05-03T00:31:59.655+0000] {dag.py:3047} INFO - Sync 1 DAGs
[2026-05-03T00:31:59.670+0000] {logging_mixin.py:188} INFO - [2026-05-03T00:31:59.669+0000] {dag.py:3834} INFO - Setting next_dagrun for example_skip_dag to 2026-05-02 00:00:00+00:00, run_after=2026-05-03 00:00:00+00:00
[2026-05-03T00:31:59.682+0000] {processor.py:183} INFO - Processing /home/airflow/.local/lib/python3.8/site-packages/airflow/example_dags/example_skip_dag.py took 0.060 seconds
[2026-05-03T00:32:29.918+0000] {processor.py:161} INFO - Started process (PID=3571) to work on /home/airflow/.local/lib/python3.8/site-packages/airflow/example_dags/example_skip_dag.py
[2026-05-03T00:32:29.918+0000] {processor.py:830} INFO - Processing file /home/airflow/.local/lib/python3.8/site-packages/airflow/example_dags/example_skip_dag.py for tasks to queue
[2026-05-03T00:32:29.920+0000] {logging_mixin.py:188} INFO - [2026-05-03T00:32:29.919+0000] {dagbag.py:540} INFO - Filling up the DagBag from /home/airflow/.local/lib/python3.8/site-packages/airflow/example_dags/example_skip_dag.py
[2026-05-03T00:32:29.925+0000] {processor.py:840} INFO - DAG(s) 'example_skip_dag' retrieved from /home/airflow/.local/lib/python3.8/site-packages/airflow/example_dags/example_skip_dag.py
[2026-05-03T00:32:29.939+0000] {logging_mixin.py:188} INFO - [2026-05-03T00:32:29.939+0000] {dag.py:3047} INFO - Sync 1 DAGs
[2026-05-03T00:32:29.954+0000] {logging_mixin.py:188} INFO - [2026-05-03T00:32:29.954+0000] {dag.py:3834} INFO - Setting next_dagrun for example_skip_dag to 2026-05-02 00:00:00+00:00, run_after=2026-05-03 00:00:00+00:00
[2026-05-03T00:32:29.970+0000] {processor.py:183} INFO - Processing /home/airflow/.local/lib/python3.8/site-packages/airflow/example_dags/example_skip_dag.py took 0.056 seconds
[2026-05-03T00:33:00.126+0000] {processor.py:161} INFO - Started process (PID=3627) to work on /home/airflow/.local/lib/python3.8/site-packages/airflow/example_dags/example_skip_dag.py
[2026-05-03T00:33:00.128+0000] {processor.py:830} INFO - Processing file /home/airflow/.local/lib/python3.8/site-packages/airflow/example_dags/example_skip_dag.py for tasks to queue
[2026-05-03T00:33:00.130+0000] {logging_mixin.py:188} INFO - [2026-05-03T00:33:00.130+0000] {dagbag.py:540} INFO - Filling up the DagBag from /home/airflow/.local/lib/python3.8/site-packages/airflow/example_dags/example_skip_dag.py
[2026-05-03T00:33:00.135+0000] {processor.py:840} INFO - DAG(s) 'example_skip_dag' retrieved from /home/airflow/.local/lib/python3.8/site-packages/airflow/example_dags/example_skip_dag.py
[2026-05-03T00:33:00.150+0000] {logging_mixin.py:188} INFO - [2026-05-03T00:33:00.150+0000] {dag.py:3047} INFO - Sync 1 DAGs
[2026-05-03T00:33:00.174+0000] {logging_mixin.py:188} INFO - [2026-05-03T00:33:00.174+0000] {dag.py:3834} INFO - Setting next_dagrun for example_skip_dag to 2026-05-02 00:00:00+00:00, run_after=2026-05-03 00:00:00+00:00
[2026-05-03T00:33:00.190+0000] {processor.py:183} INFO - Processing /home/airflow/.local/lib/python3.8/site-packages/airflow/example_dags/example_skip_dag.py took 0.066 seconds
[2026-05-03T00:33:30.752+0000] {processor.py:161} INFO - Started process (PID=3683) to work on /home/airflow/.local/lib/python3.8/site-packages/airflow/example_dags/example_skip_dag.py
[2026-05-03T00:33:30.753+0000] {processor.py:830} INFO - Processing file /home/airflow/.local/lib/python3.8/site-packages/airflow/example_dags/example_skip_dag.py for tasks to queue
[2026-05-03T00:33:30.755+0000] {logging_mixin.py:188} INFO - [2026-05-03T00:33:30.755+0000] {dagbag.py:540} INFO - Filling up the DagBag from /home/airflow/.local/lib/python3.8/site-packages/airflow/example_dags/example_skip_dag.py
[2026-05-03T00:33:30.761+0000] {processor.py:840} INFO - DAG(s) 'example_skip_dag' retrieved from /home/airflow/.local/lib/python3.8/site-packages/airflow/example_dags/example_skip_dag.py
[2026-05-03T00:33:30.776+0000] {logging_mixin.py:188} INFO - [2026-05-03T00:33:30.776+0000] {dag.py:3047} INFO - Sync 1 DAGs
[2026-05-03T00:33:30.794+0000] {logging_mixin.py:188} INFO - [2026-05-03T00:33:30.794+0000] {dag.py:3834} INFO - Setting next_dagrun for example_skip_dag to 2026-05-02 00:00:00+00:00, run_after=2026-05-03 00:00:00+00:00
[2026-05-03T00:33:30.815+0000] {processor.py:183} INFO - Processing /home/airflow/.local/lib/python3.8/site-packages/airflow/example_dags/example_skip_dag.py took 0.065 seconds
[2026-05-03T00:34:01.274+0000] {processor.py:161} INFO - Started process (PID=3739) to work on /home/airflow/.local/lib/python3.8/site-packages/airflow/example_dags/example_skip_dag.py
[2026-05-03T00:34:01.277+0000] {processor.py:830} INFO - Processing file /home/airflow/.local/lib/python3.8/site-packages/airflow/example_dags/example_skip_dag.py for tasks to queue
[2026-05-03T00:34:01.279+0000] {logging_mixin.py:188} INFO - [2026-05-03T00:34:01.279+0000] {dagbag.py:540} INFO - Filling up the DagBag from /home/airflow/.local/lib/python3.8/site-packages/airflow/example_dags/example_skip_dag.py
[2026-05-03T00:34:01.284+0000] {processor.py:840} INFO - DAG(s) 'example_skip_dag' retrieved from /home/airflow/.local/lib/python3.8/site-packages/airflow/example_dags/example_skip_dag.py
[2026-05-03T00:34:01.298+0000] {logging_mixin.py:188} INFO - [2026-05-03T00:34:01.298+0000] {dag.py:3047} INFO - Sync 1 DAGs
[2026-05-03T00:34:01.312+0000] {logging_mixin.py:188} INFO - [2026-05-03T00:34:01.312+0000] {dag.py:3834} INFO - Setting next_dagrun for example_skip_dag to 2026-05-02 00:00:00+00:00, run_after=2026-05-03 00:00:00+00:00
[2026-05-03T00:34:01.323+0000] {processor.py:183} INFO - Processing /home/airflow/.local/lib/python3.8/site-packages/airflow/example_dags/example_skip_dag.py took 0.052 seconds
[2026-05-03T00:34:31.547+0000] {processor.py:161} INFO - Started process (PID=3795) to work on /home/airflow/.local/lib/python3.8/site-packages/airflow/example_dags/example_skip_dag.py
[2026-05-03T00:34:31.548+0000] {processor.py:830} INFO - Processing file /home/airflow/.local/lib/python3.8/site-packages/airflow/example_dags/example_skip_dag.py for tasks to queue
[2026-05-03T00:34:31.549+0000] {logging_mixin.py:188} INFO - [2026-05-03T00:34:31.549+0000] {dagbag.py:540} INFO - Filling up the DagBag from /home/airflow/.local/lib/python3.8/site-packages/airflow/example_dags/example_skip_dag.py
[2026-05-03T00:34:31.554+0000] {processor.py:840} INFO - DAG(s) 'example_skip_dag' retrieved from /home/airflow/.local/lib/python3.8/site-packages/airflow/example_dags/example_skip_dag.py
[2026-05-03T00:34:31.575+0000] {logging_mixin.py:188} INFO - [2026-05-03T00:34:31.575+0000] {dag.py:3047} INFO - Sync 1 DAGs
[2026-05-03T00:34:31.593+0000] {logging_mixin.py:188} INFO - [2026-05-03T00:34:31.593+0000] {dag.py:3834} INFO - Setting next_dagrun for example_skip_dag to 2026-05-02 00:00:00+00:00, run_after=2026-05-03 00:00:00+00:00
[2026-05-03T00:34:31.608+0000] {processor.py:183} INFO - Processing /home/airflow/.local/lib/python3.8/site-packages/airflow/example_dags/example_skip_dag.py took 0.064 seconds
[2026-05-03T00:35:01.679+0000] {processor.py:161} INFO - Started process (PID=3851) to work on /home/airflow/.local/lib/python3.8/site-packages/airflow/example_dags/example_skip_dag.py
[2026-05-03T00:35:01.680+0000] {processor.py:830} INFO - Processing file /home/airflow/.local/lib/python3.8/site-packages/airflow/example_dags/example_skip_dag.py for tasks to queue
[2026-05-03T00:35:01.681+0000] {logging_mixin.py:188} INFO - [2026-05-03T00:35:01.681+0000] {dagbag.py:540} INFO - Filling up the DagBag from /home/airflow/.local/lib/python3.8/site-packages/airflow/example_dags/example_skip_dag.py
[2026-05-03T00:35:01.686+0000] {processor.py:840} INFO - DAG(s) 'example_skip_dag' retrieved from /home/airflow/.local/lib/python3.8/site-packages/airflow/example_dags/example_skip_dag.py
[2026-05-03T00:35:01.699+0000] {logging_mixin.py:188} INFO - [2026-05-03T00:35:01.699+0000] {dag.py:3047} INFO - Sync 1 DAGs
[2026-05-03T00:35:01.712+0000] {logging_mixin.py:188} INFO - [2026-05-03T00:35:01.712+0000] {dag.py:3834} INFO - Setting next_dagrun for example_skip_dag to 2026-05-02 00:00:00+00:00, run_after=2026-05-03 00:00:00+00:00
[2026-05-03T00:35:01.722+0000] {processor.py:183} INFO - Processing /home/airflow/.local/lib/python3.8/site-packages/airflow/example_dags/example_skip_dag.py took 0.045 seconds
[2026-05-03T00:35:32.099+0000] {processor.py:161} INFO - Started process (PID=3907) to work on /home/airflow/.local/lib/python3.8/site-packages/airflow/example_dags/example_skip_dag.py
[2026-05-03T00:35:32.100+0000] {processor.py:830} INFO - Processing file /home/airflow/.local/lib/python3.8/site-packages/airflow/example_dags/example_skip_dag.py for tasks to queue
[2026-05-03T00:35:32.101+0000] {logging_mixin.py:188} INFO - [2026-05-03T00:35:32.101+0000] {dagbag.py:540} INFO - Filling up the DagBag from /home/airflow/.local/lib/python3.8/site-packages/airflow/example_dags/example_skip_dag.py
[2026-05-03T00:35:32.106+0000] {processor.py:840} INFO - DAG(s) 'example_skip_dag' retrieved from /home/airflow/.local/lib/python3.8/site-packages/airflow/example_dags/example_skip_dag.py
[2026-05-03T00:35:32.126+0000] {logging_mixin.py:188} INFO - [2026-05-03T00:35:32.125+0000] {dag.py:3047} INFO - Sync 1 DAGs
[2026-05-03T00:35:32.140+0000] {logging_mixin.py:188} INFO - [2026-05-03T00:35:32.140+0000] {dag.py:3834} INFO - Setting next_dagrun for example_skip_dag to 2026-05-02 00:00:00+00:00, run_after=2026-05-03 00:00:00+00:00
[2026-05-03T00:35:32.158+0000] {processor.py:183} INFO - Processing /home/airflow/.local/lib/python3.8/site-packages/airflow/example_dags/example_skip_dag.py took 0.062 seconds
[2026-05-03T00:36:02.651+0000] {processor.py:161} INFO - Started process (PID=3963) to work on /home/airflow/.local/lib/python3.8/site-packages/airflow/example_dags/example_skip_dag.py
[2026-05-03T00:36:02.677+0000] {processor.py:830} INFO - Processing file /home/airflow/.local/lib/python3.8/site-packages/airflow/example_dags/example_skip_dag.py for tasks to queue
[2026-05-03T00:36:02.740+0000] {logging_mixin.py:188} INFO - [2026-05-03T00:36:02.740+0000] {dagbag.py:540} INFO - Filling up the DagBag from /home/airflow/.local/lib/python3.8/site-packages/airflow/example_dags/example_skip_dag.py
[2026-05-03T00:36:02.751+0000] {processor.py:840} INFO - DAG(s) 'example_skip_dag' retrieved from /home/airflow/.local/lib/python3.8/site-packages/airflow/example_dags/example_skip_dag.py
[2026-05-03T00:36:02.813+0000] {logging_mixin.py:188} INFO - [2026-05-03T00:36:02.812+0000] {dag.py:3047} INFO - Sync 1 DAGs
[2026-05-03T00:36:02.828+0000] {logging_mixin.py:188} INFO - [2026-05-03T00:36:02.828+0000] {dag.py:3834} INFO - Setting next_dagrun for example_skip_dag to 2026-05-02 00:00:00+00:00, run_after=2026-05-03 00:00:00+00:00
[2026-05-03T00:36:02.846+0000] {processor.py:183} INFO - Processing /home/airflow/.local/lib/python3.8/site-packages/airflow/example_dags/example_skip_dag.py took 0.198 seconds
[2026-05-03T00:36:33.015+0000] {processor.py:161} INFO - Started process (PID=4019) to work on /home/airflow/.local/lib/python3.8/site-packages/airflow/example_dags/example_skip_dag.py
[2026-05-03T00:36:33.016+0000] {processor.py:830} INFO - Processing file /home/airflow/.local/lib/python3.8/site-packages/airflow/example_dags/example_skip_dag.py for tasks to queue
[2026-05-03T00:36:33.017+0000] {logging_mixin.py:188} INFO - [2026-05-03T00:36:33.017+0000] {dagbag.py:540} INFO - Filling up the DagBag from /home/airflow/.local/lib/python3.8/site-packages/airflow/example_dags/example_skip_dag.py
[2026-05-03T00:36:33.022+0000] {processor.py:840} INFO - DAG(s) 'example_skip_dag' retrieved from /home/airflow/.local/lib/python3.8/site-packages/airflow/example_dags/example_skip_dag.py
[2026-05-03T00:36:33.045+0000] {logging_mixin.py:188} INFO - [2026-05-03T00:36:33.045+0000] {dag.py:3047} INFO - Sync 1 DAGs
[2026-05-03T00:36:33.066+0000] {logging_mixin.py:188} INFO - [2026-05-03T00:36:33.066+0000] {dag.py:3834} INFO - Setting next_dagrun for example_skip_dag to 2026-05-02 00:00:00+00:00, run_after=2026-05-03 00:00:00+00:00
[2026-05-03T00:36:33.081+0000] {processor.py:183} INFO - Processing /home/airflow/.local/lib/python3.8/site-packages/airflow/example_dags/example_skip_dag.py took 0.068 seconds
[2026-05-03T00:37:03.468+0000] {processor.py:161} INFO - Started process (PID=4075) to work on /home/airflow/.local/lib/python3.8/site-packages/airflow/example_dags/example_skip_dag.py
[2026-05-03T00:37:03.470+0000] {processor.py:830} INFO - Processing file /home/airflow/.local/lib/python3.8/site-packages/airflow/example_dags/example_skip_dag.py for tasks to queue
[2026-05-03T00:37:03.471+0000] {logging_mixin.py:188} INFO - [2026-05-03T00:37:03.471+0000] {dagbag.py:540} INFO - Filling up the DagBag from /home/airflow/.local/lib/python3.8/site-packages/airflow/example_dags/example_skip_dag.py
[2026-05-03T00:37:03.476+0000] {processor.py:840} INFO - DAG(s) 'example_skip_dag' retrieved from /home/airflow/.local/lib/python3.8/site-packages/airflow/example_dags/example_skip_dag.py
[2026-05-03T00:37:03.495+0000] {logging_mixin.py:188} INFO - [2026-05-03T00:37:03.495+0000] {dag.py:3047} INFO - Sync 1 DAGs
[2026-05-03T00:37:03.511+0000] {logging_mixin.py:188} INFO - [2026-05-03T00:37:03.511+0000] {dag.py:3834} INFO - Setting next_dagrun for example_skip_dag to 2026-05-02 00:00:00+00:00, run_after=2026-05-03 00:00:00+00:00
[2026-05-03T00:37:03.526+0000] {processor.py:183} INFO - Processing /home/airflow/.local/lib/python3.8/site-packages/airflow/example_dags/example_skip_dag.py took 0.061 seconds
[2026-05-03T00:37:34.056+0000] {processor.py:161} INFO - Started process (PID=4131) to work on /home/airflow/.local/lib/python3.8/site-packages/airflow/example_dags/example_skip_dag.py
[2026-05-03T00:37:34.057+0000] {processor.py:830} INFO - Processing file /home/airflow/.local/lib/python3.8/site-packages/airflow/example_dags/example_skip_dag.py for tasks to queue
[2026-05-03T00:37:34.058+0000] {logging_mixin.py:188} INFO - [2026-05-03T00:37:34.058+0000] {dagbag.py:540} INFO - Filling up the DagBag from /home/airflow/.local/lib/python3.8/site-packages/airflow/example_dags/example_skip_dag.py
[2026-05-03T00:37:34.063+0000] {processor.py:840} INFO - DAG(s) 'example_skip_dag' retrieved from /home/airflow/.local/lib/python3.8/site-packages/airflow/example_dags/example_skip_dag.py
[2026-05-03T00:37:34.077+0000] {logging_mixin.py:188} INFO - [2026-05-03T00:37:34.077+0000] {dag.py:3047} INFO - Sync 1 DAGs
[2026-05-03T00:37:34.091+0000] {logging_mixin.py:188} INFO - [2026-05-03T00:37:34.091+0000] {dag.py:3834} INFO - Setting next_dagrun for example_skip_dag to 2026-05-02 00:00:00+00:00, run_after=2026-05-03 00:00:00+00:00
[2026-05-03T00:37:34.100+0000] {processor.py:183} INFO - Processing /home/airflow/.local/lib/python3.8/site-packages/airflow/example_dags/example_skip_dag.py took 0.046 seconds
[2026-05-03T00:38:04.441+0000] {processor.py:161} INFO - Started process (PID=4187) to work on /home/airflow/.local/lib/python3.8/site-packages/airflow/example_dags/example_skip_dag.py
[2026-05-03T00:38:04.447+0000] {processor.py:830} INFO - Processing file /home/airflow/.local/lib/python3.8/site-packages/airflow/example_dags/example_skip_dag.py for tasks to queue
[2026-05-03T00:38:04.448+0000] {logging_mixin.py:188} INFO - [2026-05-03T00:38:04.448+0000] {dagbag.py:540} INFO - Filling up the DagBag from /home/airflow/.local/lib/python3.8/site-packages/airflow/example_dags/example_skip_dag.py
[2026-05-03T00:38:04.453+0000] {processor.py:840} INFO - DAG(s) 'example_skip_dag' retrieved from /home/airflow/.local/lib/python3.8/site-packages/airflow/example_dags/example_skip_dag.py
[2026-05-03T00:38:04.473+0000] {logging_mixin.py:188} INFO - [2026-05-03T00:38:04.472+0000] {dag.py:3047} INFO - Sync 1 DAGs
[2026-05-03T00:38:04.489+0000] {logging_mixin.py:188} INFO - [2026-05-03T00:38:04.489+0000] {dag.py:3834} INFO - Setting next_dagrun for example_skip_dag to 2026-05-02 00:00:00+00:00, run_after=2026-05-03 00:00:00+00:00
[2026-05-03T00:38:04.509+0000] {processor.py:183} INFO - Processing /home/airflow/.local/lib/python3.8/site-packages/airflow/example_dags/example_skip_dag.py took 0.071 seconds
[2026-05-03T00:38:34.929+0000] {processor.py:161} INFO - Started process (PID=4243) to work on /home/airflow/.local/lib/python3.8/site-packages/airflow/example_dags/example_skip_dag.py
[2026-05-03T00:38:34.929+0000] {processor.py:830} INFO - Processing file /home/airflow/.local/lib/python3.8/site-packages/airflow/example_dags/example_skip_dag.py for tasks to queue
[2026-05-03T00:38:34.931+0000] {logging_mixin.py:188} INFO - [2026-05-03T00:38:34.931+0000] {dagbag.py:540} INFO - Filling up the DagBag from /home/airflow/.local/lib/python3.8/site-packages/airflow/example_dags/example_skip_dag.py
[2026-05-03T00:38:34.937+0000] {processor.py:840} INFO - DAG(s) 'example_skip_dag' retrieved from /home/airflow/.local/lib/python3.8/site-packages/airflow/example_dags/example_skip_dag.py
[2026-05-03T00:38:34.950+0000] {logging_mixin.py:188} INFO - [2026-05-03T00:38:34.950+0000] {dag.py:3047} INFO - Sync 1 DAGs
[2026-05-03T00:38:34.965+0000] {logging_mixin.py:188} INFO - [2026-05-03T00:38:34.965+0000] {dag.py:3834} INFO - Setting next_dagrun for example_skip_dag to 2026-05-02 00:00:00+00:00, run_after=2026-05-03 00:00:00+00:00
[2026-05-03T00:38:34.979+0000] {processor.py:183} INFO - Processing /home/airflow/.local/lib/python3.8/site-packages/airflow/example_dags/example_skip_dag.py took 0.053 seconds
[2026-05-03T00:39:05.236+0000] {processor.py:161} INFO - Started process (PID=4299) to work on /home/airflow/.local/lib/python3.8/site-packages/airflow/example_dags/example_skip_dag.py
[2026-05-03T00:39:05.240+0000] {processor.py:830} INFO - Processing file /home/airflow/.local/lib/python3.8/site-packages/airflow/example_dags/example_skip_dag.py for tasks to queue
[2026-05-03T00:39:05.241+0000] {logging_mixin.py:188} INFO - [2026-05-03T00:39:05.241+0000] {dagbag.py:540} INFO - Filling up the DagBag from /home/airflow/.local/lib/python3.8/site-packages/airflow/example_dags/example_skip_dag.py
[2026-05-03T00:39:05.247+0000] {processor.py:840} INFO - DAG(s) 'example_skip_dag' retrieved from /home/airflow/.local/lib/python3.8/site-packages/airflow/example_dags/example_skip_dag.py
[2026-05-03T00:39:05.264+0000] {logging_mixin.py:188} INFO - [2026-05-03T00:39:05.264+0000] {dag.py:3047} INFO - Sync 1 DAGs
[2026-05-03T00:39:05.283+0000] {logging_mixin.py:188} INFO - [2026-05-03T00:39:05.283+0000] {dag.py:3834} INFO - Setting next_dagrun for example_skip_dag to 2026-05-02 00:00:00+00:00, run_after=2026-05-03 00:00:00+00:00
[2026-05-03T00:39:05.305+0000] {processor.py:183} INFO - Processing /home/airflow/.local/lib/python3.8/site-packages/airflow/example_dags/example_skip_dag.py took 0.072 seconds
[2026-05-03T00:39:35.839+0000] {processor.py:161} INFO - Started process (PID=4355) to work on /home/airflow/.local/lib/python3.8/site-packages/airflow/example_dags/example_skip_dag.py
[2026-05-03T00:39:35.840+0000] {processor.py:830} INFO - Processing file /home/airflow/.local/lib/python3.8/site-packages/airflow/example_dags/example_skip_dag.py for tasks to queue
[2026-05-03T00:39:35.842+0000] {logging_mixin.py:188} INFO - [2026-05-03T00:39:35.841+0000] {dagbag.py:540} INFO - Filling up the DagBag from /home/airflow/.local/lib/python3.8/site-packages/airflow/example_dags/example_skip_dag.py
[2026-05-03T00:39:35.846+0000] {processor.py:840} INFO - DAG(s) 'example_skip_dag' retrieved from /home/airflow/.local/lib/python3.8/site-packages/airflow/example_dags/example_skip_dag.py
[2026-05-03T00:39:35.862+0000] {logging_mixin.py:188} INFO - [2026-05-03T00:39:35.861+0000] {dag.py:3047} INFO - Sync 1 DAGs
[2026-05-03T00:39:35.875+0000] {logging_mixin.py:188} INFO - [2026-05-03T00:39:35.875+0000] {dag.py:3834} INFO - Setting next_dagrun for example_skip_dag to 2026-05-02 00:00:00+00:00, run_after=2026-05-03 00:00:00+00:00
[2026-05-03T00:39:35.886+0000] {processor.py:183} INFO - Processing /home/airflow/.local/lib/python3.8/site-packages/airflow/example_dags/example_skip_dag.py took 0.049 seconds
