[2026-05-03T00:02:00.388+0000] {processor.py:161} INFO - Started process (PID=2763) to work on /home/airflow/.local/lib/python3.8/site-packages/airflow/example_dags/example_params_trigger_ui.py
[2026-05-03T00:02:00.393+0000] {processor.py:830} INFO - Processing file /home/airflow/.local/lib/python3.8/site-packages/airflow/example_dags/example_params_trigger_ui.py for tasks to queue
[2026-05-03T00:02:00.395+0000] {logging_mixin.py:188} INFO - [2026-05-03T00:02:00.395+0000] {dagbag.py:540} INFO - Filling up the DagBag from /home/airflow/.local/lib/python3.8/site-packages/airflow/example_dags/example_params_trigger_ui.py
[2026-05-03T00:02:00.427+0000] {processor.py:840} INFO - DAG(s) 'example_params_trigger_ui' retrieved from /home/airflow/.local/lib/python3.8/site-packages/airflow/example_dags/example_params_trigger_ui.py
[2026-05-03T00:02:00.515+0000] {logging_mixin.py:188} INFO - [2026-05-03T00:02:00.514+0000] {dag.py:3047} INFO - Sync 1 DAGs
[2026-05-03T00:02:00.534+0000] {logging_mixin.py:188} INFO - [2026-05-03T00:02:00.534+0000] {dag.py:3834} INFO - Setting next_dagrun for example_params_trigger_ui to None, run_after=None
[2026-05-03T00:02:00.578+0000] {processor.py:183} INFO - Processing /home/airflow/.local/lib/python3.8/site-packages/airflow/example_dags/example_params_trigger_ui.py took 0.197 seconds
[2026-05-03T00:11:41.592+0000] {processor.py:161} INFO - Started process (PID=2819) to work on /home/airflow/.local/lib/python3.8/site-packages/airflow/example_dags/example_params_trigger_ui.py
[2026-05-03T00:11:41.593+0000] {processor.py:830} INFO - Processing file /home/airflow/.local/lib/python3.8/site-packages/airflow/example_dags/example_params_trigger_ui.py for tasks to queue
[2026-05-03T00:11:41.595+0000] {logging_mixin.py:188} INFO - [2026-05-03T00:11:41.595+0000] {dagbag.py:540} INFO - Filling up the DagBag from /home/airflow/.local/lib/python3.8/site-packages/airflow/example_dags/example_params_trigger_ui.py
[2026-05-03T00:11:41.607+0000] {processor.py:840} INFO - DAG(s) 'example_params_trigger_ui' retrieved from /home/airflow/.local/lib/python3.8/site-packages/airflow/example_dags/example_params_trigger_ui.py
[2026-05-03T00:11:41.643+0000] {logging_mixin.py:188} INFO - [2026-05-03T00:11:41.643+0000] {dag.py:3047} INFO - Sync 1 DAGs
[2026-05-03T00:11:41.651+0000] {logging_mixin.py:188} INFO - [2026-05-03T00:11:41.651+0000] {dag.py:3834} INFO - Setting next_dagrun for example_params_trigger_ui to None, run_after=None
[2026-05-03T00:11:41.661+0000] {processor.py:183} INFO - Processing /home/airflow/.local/lib/python3.8/site-packages/airflow/example_dags/example_params_trigger_ui.py took 0.071 seconds
[2026-05-03T00:20:52.879+0000] {processor.py:161} INFO - Started process (PID=2875) to work on /home/airflow/.local/lib/python3.8/site-packages/airflow/example_dags/example_params_trigger_ui.py
[2026-05-03T00:20:52.881+0000] {processor.py:830} INFO - Processing file /home/airflow/.local/lib/python3.8/site-packages/airflow/example_dags/example_params_trigger_ui.py for tasks to queue
[2026-05-03T00:20:52.883+0000] {logging_mixin.py:188} INFO - [2026-05-03T00:20:52.883+0000] {dagbag.py:540} INFO - Filling up the DagBag from /home/airflow/.local/lib/python3.8/site-packages/airflow/example_dags/example_params_trigger_ui.py
[2026-05-03T00:20:52.922+0000] {processor.py:840} INFO - DAG(s) 'example_params_trigger_ui' retrieved from /home/airflow/.local/lib/python3.8/site-packages/airflow/example_dags/example_params_trigger_ui.py
[2026-05-03T00:20:53.006+0000] {logging_mixin.py:188} INFO - [2026-05-03T00:20:53.005+0000] {dag.py:3047} INFO - Sync 1 DAGs
[2026-05-03T00:20:53.026+0000] {logging_mixin.py:188} INFO - [2026-05-03T00:20:53.025+0000] {dag.py:3834} INFO - Setting next_dagrun for example_params_trigger_ui to None, run_after=None
[2026-05-03T00:20:53.060+0000] {processor.py:183} INFO - Processing /home/airflow/.local/lib/python3.8/site-packages/airflow/example_dags/example_params_trigger_ui.py took 0.191 seconds
[2026-05-03T00:26:52.997+0000] {processor.py:161} INFO - Started process (PID=2931) to work on /home/airflow/.local/lib/python3.8/site-packages/airflow/example_dags/example_params_trigger_ui.py
[2026-05-03T00:26:53.004+0000] {processor.py:830} INFO - Processing file /home/airflow/.local/lib/python3.8/site-packages/airflow/example_dags/example_params_trigger_ui.py for tasks to queue
[2026-05-03T00:26:53.013+0000] {logging_mixin.py:188} INFO - [2026-05-03T00:26:53.012+0000] {dagbag.py:540} INFO - Filling up the DagBag from /home/airflow/.local/lib/python3.8/site-packages/airflow/example_dags/example_params_trigger_ui.py
[2026-05-03T00:26:53.056+0000] {processor.py:840} INFO - DAG(s) 'example_params_trigger_ui' retrieved from /home/airflow/.local/lib/python3.8/site-packages/airflow/example_dags/example_params_trigger_ui.py
[2026-05-03T00:26:53.180+0000] {logging_mixin.py:188} INFO - [2026-05-03T00:26:53.179+0000] {dag.py:3047} INFO - Sync 1 DAGs
[2026-05-03T00:26:53.207+0000] {logging_mixin.py:188} INFO - [2026-05-03T00:26:53.206+0000] {dag.py:3834} INFO - Setting next_dagrun for example_params_trigger_ui to None, run_after=None
[2026-05-03T00:26:53.248+0000] {processor.py:183} INFO - Processing /home/airflow/.local/lib/python3.8/site-packages/airflow/example_dags/example_params_trigger_ui.py took 0.267 seconds
[2026-05-03T00:27:23.895+0000] {processor.py:161} INFO - Started process (PID=2987) to work on /home/airflow/.local/lib/python3.8/site-packages/airflow/example_dags/example_params_trigger_ui.py
[2026-05-03T00:27:23.897+0000] {processor.py:830} INFO - Processing file /home/airflow/.local/lib/python3.8/site-packages/airflow/example_dags/example_params_trigger_ui.py for tasks to queue
[2026-05-03T00:27:23.898+0000] {logging_mixin.py:188} INFO - [2026-05-03T00:27:23.898+0000] {dagbag.py:540} INFO - Filling up the DagBag from /home/airflow/.local/lib/python3.8/site-packages/airflow/example_dags/example_params_trigger_ui.py
[2026-05-03T00:27:23.912+0000] {processor.py:840} INFO - DAG(s) 'example_params_trigger_ui' retrieved from /home/airflow/.local/lib/python3.8/site-packages/airflow/example_dags/example_params_trigger_ui.py
[2026-05-03T00:27:23.943+0000] {logging_mixin.py:188} INFO - [2026-05-03T00:27:23.943+0000] {dag.py:3047} INFO - Sync 1 DAGs
[2026-05-03T00:27:23.951+0000] {logging_mixin.py:188} INFO - [2026-05-03T00:27:23.951+0000] {dag.py:3834} INFO - Setting next_dagrun for example_params_trigger_ui to None, run_after=None
[2026-05-03T00:27:23.961+0000] {processor.py:183} INFO - Processing /home/airflow/.local/lib/python3.8/site-packages/airflow/example_dags/example_params_trigger_ui.py took 0.068 seconds
[2026-05-03T00:27:54.831+0000] {processor.py:161} INFO - Started process (PID=3043) to work on /home/airflow/.local/lib/python3.8/site-packages/airflow/example_dags/example_params_trigger_ui.py
[2026-05-03T00:27:54.832+0000] {processor.py:830} INFO - Processing file /home/airflow/.local/lib/python3.8/site-packages/airflow/example_dags/example_params_trigger_ui.py for tasks to queue
[2026-05-03T00:27:54.833+0000] {logging_mixin.py:188} INFO - [2026-05-03T00:27:54.833+0000] {dagbag.py:540} INFO - Filling up the DagBag from /home/airflow/.local/lib/python3.8/site-packages/airflow/example_dags/example_params_trigger_ui.py
[2026-05-03T00:27:54.843+0000] {processor.py:840} INFO - DAG(s) 'example_params_trigger_ui' retrieved from /home/airflow/.local/lib/python3.8/site-packages/airflow/example_dags/example_params_trigger_ui.py
[2026-05-03T00:27:54.874+0000] {logging_mixin.py:188} INFO - [2026-05-03T00:27:54.873+0000] {dag.py:3047} INFO - Sync 1 DAGs
[2026-05-03T00:27:54.881+0000] {logging_mixin.py:188} INFO - [2026-05-03T00:27:54.881+0000] {dag.py:3834} INFO - Setting next_dagrun for example_params_trigger_ui to None, run_after=None
[2026-05-03T00:27:54.891+0000] {processor.py:183} INFO - Processing /home/airflow/.local/lib/python3.8/site-packages/airflow/example_dags/example_params_trigger_ui.py took 0.063 seconds
[2026-05-03T00:28:25.218+0000] {processor.py:161} INFO - Started process (PID=3099) to work on /home/airflow/.local/lib/python3.8/site-packages/airflow/example_dags/example_params_trigger_ui.py
[2026-05-03T00:28:25.219+0000] {processor.py:830} INFO - Processing file /home/airflow/.local/lib/python3.8/site-packages/airflow/example_dags/example_params_trigger_ui.py for tasks to queue
[2026-05-03T00:28:25.221+0000] {logging_mixin.py:188} INFO - [2026-05-03T00:28:25.220+0000] {dagbag.py:540} INFO - Filling up the DagBag from /home/airflow/.local/lib/python3.8/site-packages/airflow/example_dags/example_params_trigger_ui.py
[2026-05-03T00:28:25.236+0000] {processor.py:840} INFO - DAG(s) 'example_params_trigger_ui' retrieved from /home/airflow/.local/lib/python3.8/site-packages/airflow/example_dags/example_params_trigger_ui.py
[2026-05-03T00:28:25.281+0000] {logging_mixin.py:188} INFO - [2026-05-03T00:28:25.281+0000] {dag.py:3047} INFO - Sync 1 DAGs
[2026-05-03T00:28:25.290+0000] {logging_mixin.py:188} INFO - [2026-05-03T00:28:25.290+0000] {dag.py:3834} INFO - Setting next_dagrun for example_params_trigger_ui to None, run_after=None
[2026-05-03T00:28:25.306+0000] {processor.py:183} INFO - Processing /home/airflow/.local/lib/python3.8/site-packages/airflow/example_dags/example_params_trigger_ui.py took 0.091 seconds
[2026-05-03T00:28:55.498+0000] {processor.py:161} INFO - Started process (PID=3155) to work on /home/airflow/.local/lib/python3.8/site-packages/airflow/example_dags/example_params_trigger_ui.py
[2026-05-03T00:28:55.499+0000] {processor.py:830} INFO - Processing file /home/airflow/.local/lib/python3.8/site-packages/airflow/example_dags/example_params_trigger_ui.py for tasks to queue
[2026-05-03T00:28:55.500+0000] {logging_mixin.py:188} INFO - [2026-05-03T00:28:55.500+0000] {dagbag.py:540} INFO - Filling up the DagBag from /home/airflow/.local/lib/python3.8/site-packages/airflow/example_dags/example_params_trigger_ui.py
[2026-05-03T00:28:55.511+0000] {processor.py:840} INFO - DAG(s) 'example_params_trigger_ui' retrieved from /home/airflow/.local/lib/python3.8/site-packages/airflow/example_dags/example_params_trigger_ui.py
[2026-05-03T00:28:55.548+0000] {logging_mixin.py:188} INFO - [2026-05-03T00:28:55.548+0000] {dag.py:3047} INFO - Sync 1 DAGs
[2026-05-03T00:28:55.560+0000] {logging_mixin.py:188} INFO - [2026-05-03T00:28:55.560+0000] {dag.py:3834} INFO - Setting next_dagrun for example_params_trigger_ui to None, run_after=None
[2026-05-03T00:28:55.575+0000] {processor.py:183} INFO - Processing /home/airflow/.local/lib/python3.8/site-packages/airflow/example_dags/example_params_trigger_ui.py took 0.080 seconds
[2026-05-03T00:29:25.787+0000] {processor.py:161} INFO - Started process (PID=3211) to work on /home/airflow/.local/lib/python3.8/site-packages/airflow/example_dags/example_params_trigger_ui.py
[2026-05-03T00:29:25.788+0000] {processor.py:830} INFO - Processing file /home/airflow/.local/lib/python3.8/site-packages/airflow/example_dags/example_params_trigger_ui.py for tasks to queue
[2026-05-03T00:29:25.789+0000] {logging_mixin.py:188} INFO - [2026-05-03T00:29:25.789+0000] {dagbag.py:540} INFO - Filling up the DagBag from /home/airflow/.local/lib/python3.8/site-packages/airflow/example_dags/example_params_trigger_ui.py
[2026-05-03T00:29:25.803+0000] {processor.py:840} INFO - DAG(s) 'example_params_trigger_ui' retrieved from /home/airflow/.local/lib/python3.8/site-packages/airflow/example_dags/example_params_trigger_ui.py
[2026-05-03T00:29:25.839+0000] {logging_mixin.py:188} INFO - [2026-05-03T00:29:25.839+0000] {dag.py:3047} INFO - Sync 1 DAGs
[2026-05-03T00:29:25.849+0000] {logging_mixin.py:188} INFO - [2026-05-03T00:29:25.849+0000] {dag.py:3834} INFO - Setting next_dagrun for example_params_trigger_ui to None, run_after=None
[2026-05-03T00:29:25.861+0000] {processor.py:183} INFO - Processing /home/airflow/.local/lib/python3.8/site-packages/airflow/example_dags/example_params_trigger_ui.py took 0.077 seconds
[2026-05-03T00:29:56.139+0000] {processor.py:161} INFO - Started process (PID=3267) to work on /home/airflow/.local/lib/python3.8/site-packages/airflow/example_dags/example_params_trigger_ui.py
[2026-05-03T00:29:56.139+0000] {processor.py:830} INFO - Processing file /home/airflow/.local/lib/python3.8/site-packages/airflow/example_dags/example_params_trigger_ui.py for tasks to queue
[2026-05-03T00:29:56.141+0000] {logging_mixin.py:188} INFO - [2026-05-03T00:29:56.141+0000] {dagbag.py:540} INFO - Filling up the DagBag from /home/airflow/.local/lib/python3.8/site-packages/airflow/example_dags/example_params_trigger_ui.py
[2026-05-03T00:29:56.151+0000] {processor.py:840} INFO - DAG(s) 'example_params_trigger_ui' retrieved from /home/airflow/.local/lib/python3.8/site-packages/airflow/example_dags/example_params_trigger_ui.py
[2026-05-03T00:29:56.188+0000] {logging_mixin.py:188} INFO - [2026-05-03T00:29:56.188+0000] {dag.py:3047} INFO - Sync 1 DAGs
[2026-05-03T00:29:56.199+0000] {logging_mixin.py:188} INFO - [2026-05-03T00:29:56.199+0000] {dag.py:3834} INFO - Setting next_dagrun for example_params_trigger_ui to None, run_after=None
[2026-05-03T00:29:56.214+0000] {processor.py:183} INFO - Processing /home/airflow/.local/lib/python3.8/site-packages/airflow/example_dags/example_params_trigger_ui.py took 0.077 seconds
[2026-05-03T00:30:26.463+0000] {processor.py:161} INFO - Started process (PID=3323) to work on /home/airflow/.local/lib/python3.8/site-packages/airflow/example_dags/example_params_trigger_ui.py
[2026-05-03T00:30:26.464+0000] {processor.py:830} INFO - Processing file /home/airflow/.local/lib/python3.8/site-packages/airflow/example_dags/example_params_trigger_ui.py for tasks to queue
[2026-05-03T00:30:26.465+0000] {logging_mixin.py:188} INFO - [2026-05-03T00:30:26.465+0000] {dagbag.py:540} INFO - Filling up the DagBag from /home/airflow/.local/lib/python3.8/site-packages/airflow/example_dags/example_params_trigger_ui.py
[2026-05-03T00:30:26.475+0000] {processor.py:840} INFO - DAG(s) 'example_params_trigger_ui' retrieved from /home/airflow/.local/lib/python3.8/site-packages/airflow/example_dags/example_params_trigger_ui.py
[2026-05-03T00:30:26.512+0000] {logging_mixin.py:188} INFO - [2026-05-03T00:30:26.512+0000] {dag.py:3047} INFO - Sync 1 DAGs
[2026-05-03T00:30:26.521+0000] {logging_mixin.py:188} INFO - [2026-05-03T00:30:26.521+0000] {dag.py:3834} INFO - Setting next_dagrun for example_params_trigger_ui to None, run_after=None
[2026-05-03T00:30:26.532+0000] {processor.py:183} INFO - Processing /home/airflow/.local/lib/python3.8/site-packages/airflow/example_dags/example_params_trigger_ui.py took 0.072 seconds
[2026-05-03T00:30:56.699+0000] {processor.py:161} INFO - Started process (PID=3379) to work on /home/airflow/.local/lib/python3.8/site-packages/airflow/example_dags/example_params_trigger_ui.py
[2026-05-03T00:30:56.700+0000] {processor.py:830} INFO - Processing file /home/airflow/.local/lib/python3.8/site-packages/airflow/example_dags/example_params_trigger_ui.py for tasks to queue
[2026-05-03T00:30:56.702+0000] {logging_mixin.py:188} INFO - [2026-05-03T00:30:56.701+0000] {dagbag.py:540} INFO - Filling up the DagBag from /home/airflow/.local/lib/python3.8/site-packages/airflow/example_dags/example_params_trigger_ui.py
[2026-05-03T00:30:56.713+0000] {processor.py:840} INFO - DAG(s) 'example_params_trigger_ui' retrieved from /home/airflow/.local/lib/python3.8/site-packages/airflow/example_dags/example_params_trigger_ui.py
[2026-05-03T00:30:56.749+0000] {logging_mixin.py:188} INFO - [2026-05-03T00:30:56.749+0000] {dag.py:3047} INFO - Sync 1 DAGs
[2026-05-03T00:30:56.758+0000] {logging_mixin.py:188} INFO - [2026-05-03T00:30:56.758+0000] {dag.py:3834} INFO - Setting next_dagrun for example_params_trigger_ui to None, run_after=None
[2026-05-03T00:30:56.776+0000] {processor.py:183} INFO - Processing /home/airflow/.local/lib/python3.8/site-packages/airflow/example_dags/example_params_trigger_ui.py took 0.079 seconds
[2026-05-03T00:31:27.276+0000] {processor.py:161} INFO - Started process (PID=3435) to work on /home/airflow/.local/lib/python3.8/site-packages/airflow/example_dags/example_params_trigger_ui.py
[2026-05-03T00:31:27.277+0000] {processor.py:830} INFO - Processing file /home/airflow/.local/lib/python3.8/site-packages/airflow/example_dags/example_params_trigger_ui.py for tasks to queue
[2026-05-03T00:31:27.279+0000] {logging_mixin.py:188} INFO - [2026-05-03T00:31:27.278+0000] {dagbag.py:540} INFO - Filling up the DagBag from /home/airflow/.local/lib/python3.8/site-packages/airflow/example_dags/example_params_trigger_ui.py
[2026-05-03T00:31:27.309+0000] {processor.py:840} INFO - DAG(s) 'example_params_trigger_ui' retrieved from /home/airflow/.local/lib/python3.8/site-packages/airflow/example_dags/example_params_trigger_ui.py
[2026-05-03T00:31:27.346+0000] {logging_mixin.py:188} INFO - [2026-05-03T00:31:27.346+0000] {dag.py:3047} INFO - Sync 1 DAGs
[2026-05-03T00:31:27.414+0000] {logging_mixin.py:188} INFO - [2026-05-03T00:31:27.403+0000] {dag.py:3834} INFO - Setting next_dagrun for example_params_trigger_ui to None, run_after=None
[2026-05-03T00:31:27.479+0000] {processor.py:183} INFO - Processing /home/airflow/.local/lib/python3.8/site-packages/airflow/example_dags/example_params_trigger_ui.py took 0.205 seconds
[2026-05-03T00:31:57.590+0000] {processor.py:161} INFO - Started process (PID=3491) to work on /home/airflow/.local/lib/python3.8/site-packages/airflow/example_dags/example_params_trigger_ui.py
[2026-05-03T00:31:57.591+0000] {processor.py:830} INFO - Processing file /home/airflow/.local/lib/python3.8/site-packages/airflow/example_dags/example_params_trigger_ui.py for tasks to queue
[2026-05-03T00:31:57.593+0000] {logging_mixin.py:188} INFO - [2026-05-03T00:31:57.592+0000] {dagbag.py:540} INFO - Filling up the DagBag from /home/airflow/.local/lib/python3.8/site-packages/airflow/example_dags/example_params_trigger_ui.py
[2026-05-03T00:31:57.608+0000] {processor.py:840} INFO - DAG(s) 'example_params_trigger_ui' retrieved from /home/airflow/.local/lib/python3.8/site-packages/airflow/example_dags/example_params_trigger_ui.py
[2026-05-03T00:31:57.643+0000] {logging_mixin.py:188} INFO - [2026-05-03T00:31:57.643+0000] {dag.py:3047} INFO - Sync 1 DAGs
[2026-05-03T00:31:57.651+0000] {logging_mixin.py:188} INFO - [2026-05-03T00:31:57.651+0000] {dag.py:3834} INFO - Setting next_dagrun for example_params_trigger_ui to None, run_after=None
[2026-05-03T00:31:57.661+0000] {processor.py:183} INFO - Processing /home/airflow/.local/lib/python3.8/site-packages/airflow/example_dags/example_params_trigger_ui.py took 0.074 seconds
[2026-05-03T00:32:27.953+0000] {processor.py:161} INFO - Started process (PID=3547) to work on /home/airflow/.local/lib/python3.8/site-packages/airflow/example_dags/example_params_trigger_ui.py
[2026-05-03T00:32:27.954+0000] {processor.py:830} INFO - Processing file /home/airflow/.local/lib/python3.8/site-packages/airflow/example_dags/example_params_trigger_ui.py for tasks to queue
[2026-05-03T00:32:27.956+0000] {logging_mixin.py:188} INFO - [2026-05-03T00:32:27.956+0000] {dagbag.py:540} INFO - Filling up the DagBag from /home/airflow/.local/lib/python3.8/site-packages/airflow/example_dags/example_params_trigger_ui.py
[2026-05-03T00:32:27.970+0000] {processor.py:840} INFO - DAG(s) 'example_params_trigger_ui' retrieved from /home/airflow/.local/lib/python3.8/site-packages/airflow/example_dags/example_params_trigger_ui.py
[2026-05-03T00:32:28.008+0000] {logging_mixin.py:188} INFO - [2026-05-03T00:32:28.008+0000] {dag.py:3047} INFO - Sync 1 DAGs
[2026-05-03T00:32:28.018+0000] {logging_mixin.py:188} INFO - [2026-05-03T00:32:28.018+0000] {dag.py:3834} INFO - Setting next_dagrun for example_params_trigger_ui to None, run_after=None
[2026-05-03T00:32:28.037+0000] {processor.py:183} INFO - Processing /home/airflow/.local/lib/python3.8/site-packages/airflow/example_dags/example_params_trigger_ui.py took 0.087 seconds
[2026-05-03T00:32:58.086+0000] {processor.py:161} INFO - Started process (PID=3603) to work on /home/airflow/.local/lib/python3.8/site-packages/airflow/example_dags/example_params_trigger_ui.py
[2026-05-03T00:32:58.087+0000] {processor.py:830} INFO - Processing file /home/airflow/.local/lib/python3.8/site-packages/airflow/example_dags/example_params_trigger_ui.py for tasks to queue
[2026-05-03T00:32:58.088+0000] {logging_mixin.py:188} INFO - [2026-05-03T00:32:58.088+0000] {dagbag.py:540} INFO - Filling up the DagBag from /home/airflow/.local/lib/python3.8/site-packages/airflow/example_dags/example_params_trigger_ui.py
[2026-05-03T00:32:58.100+0000] {processor.py:840} INFO - DAG(s) 'example_params_trigger_ui' retrieved from /home/airflow/.local/lib/python3.8/site-packages/airflow/example_dags/example_params_trigger_ui.py
[2026-05-03T00:32:58.133+0000] {logging_mixin.py:188} INFO - [2026-05-03T00:32:58.133+0000] {dag.py:3047} INFO - Sync 1 DAGs
[2026-05-03T00:32:58.143+0000] {logging_mixin.py:188} INFO - [2026-05-03T00:32:58.143+0000] {dag.py:3834} INFO - Setting next_dagrun for example_params_trigger_ui to None, run_after=None
[2026-05-03T00:32:58.155+0000] {processor.py:183} INFO - Processing /home/airflow/.local/lib/python3.8/site-packages/airflow/example_dags/example_params_trigger_ui.py took 0.072 seconds
[2026-05-03T00:33:28.602+0000] {processor.py:161} INFO - Started process (PID=3659) to work on /home/airflow/.local/lib/python3.8/site-packages/airflow/example_dags/example_params_trigger_ui.py
[2026-05-03T00:33:28.602+0000] {processor.py:830} INFO - Processing file /home/airflow/.local/lib/python3.8/site-packages/airflow/example_dags/example_params_trigger_ui.py for tasks to queue
[2026-05-03T00:33:28.604+0000] {logging_mixin.py:188} INFO - [2026-05-03T00:33:28.603+0000] {dagbag.py:540} INFO - Filling up the DagBag from /home/airflow/.local/lib/python3.8/site-packages/airflow/example_dags/example_params_trigger_ui.py
[2026-05-03T00:33:28.617+0000] {processor.py:840} INFO - DAG(s) 'example_params_trigger_ui' retrieved from /home/airflow/.local/lib/python3.8/site-packages/airflow/example_dags/example_params_trigger_ui.py
[2026-05-03T00:33:28.651+0000] {logging_mixin.py:188} INFO - [2026-05-03T00:33:28.651+0000] {dag.py:3047} INFO - Sync 1 DAGs
[2026-05-03T00:33:28.667+0000] {logging_mixin.py:188} INFO - [2026-05-03T00:33:28.667+0000] {dag.py:3834} INFO - Setting next_dagrun for example_params_trigger_ui to None, run_after=None
[2026-05-03T00:33:28.678+0000] {processor.py:183} INFO - Processing /home/airflow/.local/lib/python3.8/site-packages/airflow/example_dags/example_params_trigger_ui.py took 0.080 seconds
[2026-05-03T00:33:59.205+0000] {processor.py:161} INFO - Started process (PID=3715) to work on /home/airflow/.local/lib/python3.8/site-packages/airflow/example_dags/example_params_trigger_ui.py
[2026-05-03T00:33:59.206+0000] {processor.py:830} INFO - Processing file /home/airflow/.local/lib/python3.8/site-packages/airflow/example_dags/example_params_trigger_ui.py for tasks to queue
[2026-05-03T00:33:59.208+0000] {logging_mixin.py:188} INFO - [2026-05-03T00:33:59.208+0000] {dagbag.py:540} INFO - Filling up the DagBag from /home/airflow/.local/lib/python3.8/site-packages/airflow/example_dags/example_params_trigger_ui.py
[2026-05-03T00:33:59.220+0000] {processor.py:840} INFO - DAG(s) 'example_params_trigger_ui' retrieved from /home/airflow/.local/lib/python3.8/site-packages/airflow/example_dags/example_params_trigger_ui.py
[2026-05-03T00:33:59.251+0000] {logging_mixin.py:188} INFO - [2026-05-03T00:33:59.251+0000] {dag.py:3047} INFO - Sync 1 DAGs
[2026-05-03T00:33:59.260+0000] {logging_mixin.py:188} INFO - [2026-05-03T00:33:59.260+0000] {dag.py:3834} INFO - Setting next_dagrun for example_params_trigger_ui to None, run_after=None
[2026-05-03T00:33:59.325+0000] {processor.py:183} INFO - Processing /home/airflow/.local/lib/python3.8/site-packages/airflow/example_dags/example_params_trigger_ui.py took 0.122 seconds
[2026-05-03T00:34:29.495+0000] {processor.py:161} INFO - Started process (PID=3771) to work on /home/airflow/.local/lib/python3.8/site-packages/airflow/example_dags/example_params_trigger_ui.py
[2026-05-03T00:34:29.496+0000] {processor.py:830} INFO - Processing file /home/airflow/.local/lib/python3.8/site-packages/airflow/example_dags/example_params_trigger_ui.py for tasks to queue
[2026-05-03T00:34:29.497+0000] {logging_mixin.py:188} INFO - [2026-05-03T00:34:29.497+0000] {dagbag.py:540} INFO - Filling up the DagBag from /home/airflow/.local/lib/python3.8/site-packages/airflow/example_dags/example_params_trigger_ui.py
[2026-05-03T00:34:29.510+0000] {processor.py:840} INFO - DAG(s) 'example_params_trigger_ui' retrieved from /home/airflow/.local/lib/python3.8/site-packages/airflow/example_dags/example_params_trigger_ui.py
[2026-05-03T00:34:29.545+0000] {logging_mixin.py:188} INFO - [2026-05-03T00:34:29.544+0000] {dag.py:3047} INFO - Sync 1 DAGs
[2026-05-03T00:34:29.552+0000] {logging_mixin.py:188} INFO - [2026-05-03T00:34:29.552+0000] {dag.py:3834} INFO - Setting next_dagrun for example_params_trigger_ui to None, run_after=None
[2026-05-03T00:34:29.563+0000] {processor.py:183} INFO - Processing /home/airflow/.local/lib/python3.8/site-packages/airflow/example_dags/example_params_trigger_ui.py took 0.070 seconds
[2026-05-03T00:34:59.697+0000] {processor.py:161} INFO - Started process (PID=3827) to work on /home/airflow/.local/lib/python3.8/site-packages/airflow/example_dags/example_params_trigger_ui.py
[2026-05-03T00:34:59.698+0000] {processor.py:830} INFO - Processing file /home/airflow/.local/lib/python3.8/site-packages/airflow/example_dags/example_params_trigger_ui.py for tasks to queue
[2026-05-03T00:34:59.699+0000] {logging_mixin.py:188} INFO - [2026-05-03T00:34:59.699+0000] {dagbag.py:540} INFO - Filling up the DagBag from /home/airflow/.local/lib/python3.8/site-packages/airflow/example_dags/example_params_trigger_ui.py
[2026-05-03T00:34:59.711+0000] {processor.py:840} INFO - DAG(s) 'example_params_trigger_ui' retrieved from /home/airflow/.local/lib/python3.8/site-packages/airflow/example_dags/example_params_trigger_ui.py
[2026-05-03T00:34:59.743+0000] {logging_mixin.py:188} INFO - [2026-05-03T00:34:59.743+0000] {dag.py:3047} INFO - Sync 1 DAGs
[2026-05-03T00:34:59.751+0000] {logging_mixin.py:188} INFO - [2026-05-03T00:34:59.750+0000] {dag.py:3834} INFO - Setting next_dagrun for example_params_trigger_ui to None, run_after=None
[2026-05-03T00:34:59.761+0000] {processor.py:183} INFO - Processing /home/airflow/.local/lib/python3.8/site-packages/airflow/example_dags/example_params_trigger_ui.py took 0.066 seconds
[2026-05-03T00:35:30.025+0000] {processor.py:161} INFO - Started process (PID=3883) to work on /home/airflow/.local/lib/python3.8/site-packages/airflow/example_dags/example_params_trigger_ui.py
[2026-05-03T00:35:30.028+0000] {processor.py:830} INFO - Processing file /home/airflow/.local/lib/python3.8/site-packages/airflow/example_dags/example_params_trigger_ui.py for tasks to queue
[2026-05-03T00:35:30.030+0000] {logging_mixin.py:188} INFO - [2026-05-03T00:35:30.030+0000] {dagbag.py:540} INFO - Filling up the DagBag from /home/airflow/.local/lib/python3.8/site-packages/airflow/example_dags/example_params_trigger_ui.py
[2026-05-03T00:35:30.050+0000] {processor.py:840} INFO - DAG(s) 'example_params_trigger_ui' retrieved from /home/airflow/.local/lib/python3.8/site-packages/airflow/example_dags/example_params_trigger_ui.py
[2026-05-03T00:35:30.090+0000] {logging_mixin.py:188} INFO - [2026-05-03T00:35:30.090+0000] {dag.py:3047} INFO - Sync 1 DAGs
[2026-05-03T00:35:30.103+0000] {logging_mixin.py:188} INFO - [2026-05-03T00:35:30.103+0000] {dag.py:3834} INFO - Setting next_dagrun for example_params_trigger_ui to None, run_after=None
[2026-05-03T00:35:30.123+0000] {processor.py:183} INFO - Processing /home/airflow/.local/lib/python3.8/site-packages/airflow/example_dags/example_params_trigger_ui.py took 0.101 seconds
[2026-05-03T00:36:00.465+0000] {processor.py:161} INFO - Started process (PID=3939) to work on /home/airflow/.local/lib/python3.8/site-packages/airflow/example_dags/example_params_trigger_ui.py
[2026-05-03T00:36:00.466+0000] {processor.py:830} INFO - Processing file /home/airflow/.local/lib/python3.8/site-packages/airflow/example_dags/example_params_trigger_ui.py for tasks to queue
[2026-05-03T00:36:00.468+0000] {logging_mixin.py:188} INFO - [2026-05-03T00:36:00.467+0000] {dagbag.py:540} INFO - Filling up the DagBag from /home/airflow/.local/lib/python3.8/site-packages/airflow/example_dags/example_params_trigger_ui.py
[2026-05-03T00:36:00.482+0000] {processor.py:840} INFO - DAG(s) 'example_params_trigger_ui' retrieved from /home/airflow/.local/lib/python3.8/site-packages/airflow/example_dags/example_params_trigger_ui.py
[2026-05-03T00:36:00.530+0000] {logging_mixin.py:188} INFO - [2026-05-03T00:36:00.530+0000] {dag.py:3047} INFO - Sync 1 DAGs
[2026-05-03T00:36:00.541+0000] {logging_mixin.py:188} INFO - [2026-05-03T00:36:00.541+0000] {dag.py:3834} INFO - Setting next_dagrun for example_params_trigger_ui to None, run_after=None
[2026-05-03T00:36:00.556+0000] {processor.py:183} INFO - Processing /home/airflow/.local/lib/python3.8/site-packages/airflow/example_dags/example_params_trigger_ui.py took 0.094 seconds
[2026-05-03T00:36:30.948+0000] {processor.py:161} INFO - Started process (PID=3995) to work on /home/airflow/.local/lib/python3.8/site-packages/airflow/example_dags/example_params_trigger_ui.py
[2026-05-03T00:36:30.949+0000] {processor.py:830} INFO - Processing file /home/airflow/.local/lib/python3.8/site-packages/airflow/example_dags/example_params_trigger_ui.py for tasks to queue
[2026-05-03T00:36:30.951+0000] {logging_mixin.py:188} INFO - [2026-05-03T00:36:30.951+0000] {dagbag.py:540} INFO - Filling up the DagBag from /home/airflow/.local/lib/python3.8/site-packages/airflow/example_dags/example_params_trigger_ui.py
[2026-05-03T00:36:30.966+0000] {processor.py:840} INFO - DAG(s) 'example_params_trigger_ui' retrieved from /home/airflow/.local/lib/python3.8/site-packages/airflow/example_dags/example_params_trigger_ui.py
[2026-05-03T00:36:31.006+0000] {logging_mixin.py:188} INFO - [2026-05-03T00:36:31.006+0000] {dag.py:3047} INFO - Sync 1 DAGs
[2026-05-03T00:36:31.017+0000] {logging_mixin.py:188} INFO - [2026-05-03T00:36:31.016+0000] {dag.py:3834} INFO - Setting next_dagrun for example_params_trigger_ui to None, run_after=None
[2026-05-03T00:36:31.031+0000] {processor.py:183} INFO - Processing /home/airflow/.local/lib/python3.8/site-packages/airflow/example_dags/example_params_trigger_ui.py took 0.085 seconds
[2026-05-03T00:37:01.359+0000] {processor.py:161} INFO - Started process (PID=4051) to work on /home/airflow/.local/lib/python3.8/site-packages/airflow/example_dags/example_params_trigger_ui.py
[2026-05-03T00:37:01.360+0000] {processor.py:830} INFO - Processing file /home/airflow/.local/lib/python3.8/site-packages/airflow/example_dags/example_params_trigger_ui.py for tasks to queue
[2026-05-03T00:37:01.361+0000] {logging_mixin.py:188} INFO - [2026-05-03T00:37:01.361+0000] {dagbag.py:540} INFO - Filling up the DagBag from /home/airflow/.local/lib/python3.8/site-packages/airflow/example_dags/example_params_trigger_ui.py
[2026-05-03T00:37:01.374+0000] {processor.py:840} INFO - DAG(s) 'example_params_trigger_ui' retrieved from /home/airflow/.local/lib/python3.8/site-packages/airflow/example_dags/example_params_trigger_ui.py
[2026-05-03T00:37:01.406+0000] {logging_mixin.py:188} INFO - [2026-05-03T00:37:01.406+0000] {dag.py:3047} INFO - Sync 1 DAGs
[2026-05-03T00:37:01.413+0000] {logging_mixin.py:188} INFO - [2026-05-03T00:37:01.413+0000] {dag.py:3834} INFO - Setting next_dagrun for example_params_trigger_ui to None, run_after=None
[2026-05-03T00:37:01.423+0000] {processor.py:183} INFO - Processing /home/airflow/.local/lib/python3.8/site-packages/airflow/example_dags/example_params_trigger_ui.py took 0.068 seconds
[2026-05-03T00:37:31.941+0000] {processor.py:161} INFO - Started process (PID=4107) to work on /home/airflow/.local/lib/python3.8/site-packages/airflow/example_dags/example_params_trigger_ui.py
[2026-05-03T00:37:31.942+0000] {processor.py:830} INFO - Processing file /home/airflow/.local/lib/python3.8/site-packages/airflow/example_dags/example_params_trigger_ui.py for tasks to queue
[2026-05-03T00:37:31.944+0000] {logging_mixin.py:188} INFO - [2026-05-03T00:37:31.943+0000] {dagbag.py:540} INFO - Filling up the DagBag from /home/airflow/.local/lib/python3.8/site-packages/airflow/example_dags/example_params_trigger_ui.py
[2026-05-03T00:37:31.958+0000] {processor.py:840} INFO - DAG(s) 'example_params_trigger_ui' retrieved from /home/airflow/.local/lib/python3.8/site-packages/airflow/example_dags/example_params_trigger_ui.py
[2026-05-03T00:37:32.002+0000] {logging_mixin.py:188} INFO - [2026-05-03T00:37:32.002+0000] {dag.py:3047} INFO - Sync 1 DAGs
[2026-05-03T00:37:32.011+0000] {logging_mixin.py:188} INFO - [2026-05-03T00:37:32.011+0000] {dag.py:3834} INFO - Setting next_dagrun for example_params_trigger_ui to None, run_after=None
[2026-05-03T00:37:32.024+0000] {processor.py:183} INFO - Processing /home/airflow/.local/lib/python3.8/site-packages/airflow/example_dags/example_params_trigger_ui.py took 0.086 seconds
[2026-05-03T00:38:02.327+0000] {processor.py:161} INFO - Started process (PID=4163) to work on /home/airflow/.local/lib/python3.8/site-packages/airflow/example_dags/example_params_trigger_ui.py
[2026-05-03T00:38:02.328+0000] {processor.py:830} INFO - Processing file /home/airflow/.local/lib/python3.8/site-packages/airflow/example_dags/example_params_trigger_ui.py for tasks to queue
[2026-05-03T00:38:02.329+0000] {logging_mixin.py:188} INFO - [2026-05-03T00:38:02.329+0000] {dagbag.py:540} INFO - Filling up the DagBag from /home/airflow/.local/lib/python3.8/site-packages/airflow/example_dags/example_params_trigger_ui.py
[2026-05-03T00:38:02.343+0000] {processor.py:840} INFO - DAG(s) 'example_params_trigger_ui' retrieved from /home/airflow/.local/lib/python3.8/site-packages/airflow/example_dags/example_params_trigger_ui.py
[2026-05-03T00:38:02.387+0000] {logging_mixin.py:188} INFO - [2026-05-03T00:38:02.387+0000] {dag.py:3047} INFO - Sync 1 DAGs
[2026-05-03T00:38:02.398+0000] {logging_mixin.py:188} INFO - [2026-05-03T00:38:02.398+0000] {dag.py:3834} INFO - Setting next_dagrun for example_params_trigger_ui to None, run_after=None
[2026-05-03T00:38:02.414+0000] {processor.py:183} INFO - Processing /home/airflow/.local/lib/python3.8/site-packages/airflow/example_dags/example_params_trigger_ui.py took 0.091 seconds
[2026-05-03T00:38:32.881+0000] {processor.py:161} INFO - Started process (PID=4219) to work on /home/airflow/.local/lib/python3.8/site-packages/airflow/example_dags/example_params_trigger_ui.py
[2026-05-03T00:38:32.882+0000] {processor.py:830} INFO - Processing file /home/airflow/.local/lib/python3.8/site-packages/airflow/example_dags/example_params_trigger_ui.py for tasks to queue
[2026-05-03T00:38:32.883+0000] {logging_mixin.py:188} INFO - [2026-05-03T00:38:32.883+0000] {dagbag.py:540} INFO - Filling up the DagBag from /home/airflow/.local/lib/python3.8/site-packages/airflow/example_dags/example_params_trigger_ui.py
[2026-05-03T00:38:32.897+0000] {processor.py:840} INFO - DAG(s) 'example_params_trigger_ui' retrieved from /home/airflow/.local/lib/python3.8/site-packages/airflow/example_dags/example_params_trigger_ui.py
[2026-05-03T00:38:32.937+0000] {logging_mixin.py:188} INFO - [2026-05-03T00:38:32.937+0000] {dag.py:3047} INFO - Sync 1 DAGs
[2026-05-03T00:38:32.946+0000] {logging_mixin.py:188} INFO - [2026-05-03T00:38:32.945+0000] {dag.py:3834} INFO - Setting next_dagrun for example_params_trigger_ui to None, run_after=None
[2026-05-03T00:38:32.964+0000] {processor.py:183} INFO - Processing /home/airflow/.local/lib/python3.8/site-packages/airflow/example_dags/example_params_trigger_ui.py took 0.086 seconds
[2026-05-03T00:39:03.098+0000] {processor.py:161} INFO - Started process (PID=4275) to work on /home/airflow/.local/lib/python3.8/site-packages/airflow/example_dags/example_params_trigger_ui.py
[2026-05-03T00:39:03.099+0000] {processor.py:830} INFO - Processing file /home/airflow/.local/lib/python3.8/site-packages/airflow/example_dags/example_params_trigger_ui.py for tasks to queue
[2026-05-03T00:39:03.100+0000] {logging_mixin.py:188} INFO - [2026-05-03T00:39:03.100+0000] {dagbag.py:540} INFO - Filling up the DagBag from /home/airflow/.local/lib/python3.8/site-packages/airflow/example_dags/example_params_trigger_ui.py
[2026-05-03T00:39:03.115+0000] {processor.py:840} INFO - DAG(s) 'example_params_trigger_ui' retrieved from /home/airflow/.local/lib/python3.8/site-packages/airflow/example_dags/example_params_trigger_ui.py
[2026-05-03T00:39:03.151+0000] {logging_mixin.py:188} INFO - [2026-05-03T00:39:03.151+0000] {dag.py:3047} INFO - Sync 1 DAGs
[2026-05-03T00:39:03.159+0000] {logging_mixin.py:188} INFO - [2026-05-03T00:39:03.158+0000] {dag.py:3834} INFO - Setting next_dagrun for example_params_trigger_ui to None, run_after=None
[2026-05-03T00:39:03.169+0000] {processor.py:183} INFO - Processing /home/airflow/.local/lib/python3.8/site-packages/airflow/example_dags/example_params_trigger_ui.py took 0.075 seconds
[2026-05-03T00:39:33.625+0000] {processor.py:161} INFO - Started process (PID=4331) to work on /home/airflow/.local/lib/python3.8/site-packages/airflow/example_dags/example_params_trigger_ui.py
[2026-05-03T00:39:33.626+0000] {processor.py:830} INFO - Processing file /home/airflow/.local/lib/python3.8/site-packages/airflow/example_dags/example_params_trigger_ui.py for tasks to queue
[2026-05-03T00:39:33.629+0000] {logging_mixin.py:188} INFO - [2026-05-03T00:39:33.628+0000] {dagbag.py:540} INFO - Filling up the DagBag from /home/airflow/.local/lib/python3.8/site-packages/airflow/example_dags/example_params_trigger_ui.py
[2026-05-03T00:39:33.655+0000] {processor.py:840} INFO - DAG(s) 'example_params_trigger_ui' retrieved from /home/airflow/.local/lib/python3.8/site-packages/airflow/example_dags/example_params_trigger_ui.py
[2026-05-03T00:39:33.701+0000] {logging_mixin.py:188} INFO - [2026-05-03T00:39:33.700+0000] {dag.py:3047} INFO - Sync 1 DAGs
[2026-05-03T00:39:33.710+0000] {logging_mixin.py:188} INFO - [2026-05-03T00:39:33.710+0000] {dag.py:3834} INFO - Setting next_dagrun for example_params_trigger_ui to None, run_after=None
[2026-05-03T00:39:33.734+0000] {processor.py:183} INFO - Processing /home/airflow/.local/lib/python3.8/site-packages/airflow/example_dags/example_params_trigger_ui.py took 0.111 seconds
