[2026-05-03T00:02:02.435+0000] {processor.py:161} INFO - Started process (PID=2796) to work on /home/airflow/.local/lib/python3.8/site-packages/airflow/example_dags/tutorial_objectstorage.py
[2026-05-03T00:02:02.436+0000] {processor.py:830} INFO - Processing file /home/airflow/.local/lib/python3.8/site-packages/airflow/example_dags/tutorial_objectstorage.py for tasks to queue
[2026-05-03T00:02:02.438+0000] {logging_mixin.py:188} INFO - [2026-05-03T00:02:02.437+0000] {dagbag.py:540} INFO - Filling up the DagBag from /home/airflow/.local/lib/python3.8/site-packages/airflow/example_dags/tutorial_objectstorage.py
[2026-05-03T00:02:02.443+0000] {processor.py:840} INFO - DAG(s) 'tutorial_objectstorage' retrieved from /home/airflow/.local/lib/python3.8/site-packages/airflow/example_dags/tutorial_objectstorage.py
[2026-05-03T00:02:02.456+0000] {logging_mixin.py:188} INFO - [2026-05-03T00:02:02.456+0000] {dag.py:3047} INFO - Sync 1 DAGs
[2026-05-03T00:02:02.465+0000] {logging_mixin.py:188} INFO - [2026-05-03T00:02:02.464+0000] {dag.py:3834} INFO - Setting next_dagrun for tutorial_objectstorage to None, run_after=None
[2026-05-03T00:02:02.483+0000] {processor.py:183} INFO - Processing /home/airflow/.local/lib/python3.8/site-packages/airflow/example_dags/tutorial_objectstorage.py took 0.051 seconds
[2026-05-03T00:11:42.835+0000] {processor.py:161} INFO - Started process (PID=2852) to work on /home/airflow/.local/lib/python3.8/site-packages/airflow/example_dags/tutorial_objectstorage.py
[2026-05-03T00:11:42.835+0000] {processor.py:830} INFO - Processing file /home/airflow/.local/lib/python3.8/site-packages/airflow/example_dags/tutorial_objectstorage.py for tasks to queue
[2026-05-03T00:11:42.837+0000] {logging_mixin.py:188} INFO - [2026-05-03T00:11:42.836+0000] {dagbag.py:540} INFO - Filling up the DagBag from /home/airflow/.local/lib/python3.8/site-packages/airflow/example_dags/tutorial_objectstorage.py
[2026-05-03T00:11:42.843+0000] {processor.py:840} INFO - DAG(s) 'tutorial_objectstorage' retrieved from /home/airflow/.local/lib/python3.8/site-packages/airflow/example_dags/tutorial_objectstorage.py
[2026-05-03T00:11:42.858+0000] {logging_mixin.py:188} INFO - [2026-05-03T00:11:42.858+0000] {dag.py:3047} INFO - Sync 1 DAGs
[2026-05-03T00:11:42.865+0000] {logging_mixin.py:188} INFO - [2026-05-03T00:11:42.865+0000] {dag.py:3834} INFO - Setting next_dagrun for tutorial_objectstorage to None, run_after=None
[2026-05-03T00:11:42.875+0000] {processor.py:183} INFO - Processing /home/airflow/.local/lib/python3.8/site-packages/airflow/example_dags/tutorial_objectstorage.py took 0.043 seconds
[2026-05-03T00:20:54.611+0000] {processor.py:161} INFO - Started process (PID=2908) to work on /home/airflow/.local/lib/python3.8/site-packages/airflow/example_dags/tutorial_objectstorage.py
[2026-05-03T00:20:54.615+0000] {processor.py:830} INFO - Processing file /home/airflow/.local/lib/python3.8/site-packages/airflow/example_dags/tutorial_objectstorage.py for tasks to queue
[2026-05-03T00:20:54.616+0000] {logging_mixin.py:188} INFO - [2026-05-03T00:20:54.616+0000] {dagbag.py:540} INFO - Filling up the DagBag from /home/airflow/.local/lib/python3.8/site-packages/airflow/example_dags/tutorial_objectstorage.py
[2026-05-03T00:20:54.622+0000] {processor.py:840} INFO - DAG(s) 'tutorial_objectstorage' retrieved from /home/airflow/.local/lib/python3.8/site-packages/airflow/example_dags/tutorial_objectstorage.py
[2026-05-03T00:20:54.635+0000] {logging_mixin.py:188} INFO - [2026-05-03T00:20:54.635+0000] {dag.py:3047} INFO - Sync 1 DAGs
[2026-05-03T00:20:54.643+0000] {logging_mixin.py:188} INFO - [2026-05-03T00:20:54.642+0000] {dag.py:3834} INFO - Setting next_dagrun for tutorial_objectstorage to None, run_after=None
[2026-05-03T00:20:54.653+0000] {processor.py:183} INFO - Processing /home/airflow/.local/lib/python3.8/site-packages/airflow/example_dags/tutorial_objectstorage.py took 0.044 seconds
[2026-05-03T00:26:55.666+0000] {processor.py:161} INFO - Started process (PID=2964) to work on /home/airflow/.local/lib/python3.8/site-packages/airflow/example_dags/tutorial_objectstorage.py
[2026-05-03T00:26:55.668+0000] {processor.py:830} INFO - Processing file /home/airflow/.local/lib/python3.8/site-packages/airflow/example_dags/tutorial_objectstorage.py for tasks to queue
[2026-05-03T00:26:55.673+0000] {logging_mixin.py:188} INFO - [2026-05-03T00:26:55.673+0000] {dagbag.py:540} INFO - Filling up the DagBag from /home/airflow/.local/lib/python3.8/site-packages/airflow/example_dags/tutorial_objectstorage.py
[2026-05-03T00:26:55.686+0000] {processor.py:840} INFO - DAG(s) 'tutorial_objectstorage' retrieved from /home/airflow/.local/lib/python3.8/site-packages/airflow/example_dags/tutorial_objectstorage.py
[2026-05-03T00:26:55.721+0000] {logging_mixin.py:188} INFO - [2026-05-03T00:26:55.721+0000] {dag.py:3047} INFO - Sync 1 DAGs
[2026-05-03T00:26:55.754+0000] {logging_mixin.py:188} INFO - [2026-05-03T00:26:55.753+0000] {dag.py:3834} INFO - Setting next_dagrun for tutorial_objectstorage to None, run_after=None
[2026-05-03T00:26:55.777+0000] {processor.py:183} INFO - Processing /home/airflow/.local/lib/python3.8/site-packages/airflow/example_dags/tutorial_objectstorage.py took 0.117 seconds
[2026-05-03T00:27:26.016+0000] {processor.py:161} INFO - Started process (PID=3020) to work on /home/airflow/.local/lib/python3.8/site-packages/airflow/example_dags/tutorial_objectstorage.py
[2026-05-03T00:27:26.017+0000] {processor.py:830} INFO - Processing file /home/airflow/.local/lib/python3.8/site-packages/airflow/example_dags/tutorial_objectstorage.py for tasks to queue
[2026-05-03T00:27:26.019+0000] {logging_mixin.py:188} INFO - [2026-05-03T00:27:26.018+0000] {dagbag.py:540} INFO - Filling up the DagBag from /home/airflow/.local/lib/python3.8/site-packages/airflow/example_dags/tutorial_objectstorage.py
[2026-05-03T00:27:26.023+0000] {processor.py:840} INFO - DAG(s) 'tutorial_objectstorage' retrieved from /home/airflow/.local/lib/python3.8/site-packages/airflow/example_dags/tutorial_objectstorage.py
[2026-05-03T00:27:26.036+0000] {logging_mixin.py:188} INFO - [2026-05-03T00:27:26.036+0000] {dag.py:3047} INFO - Sync 1 DAGs
[2026-05-03T00:27:26.044+0000] {logging_mixin.py:188} INFO - [2026-05-03T00:27:26.043+0000] {dag.py:3834} INFO - Setting next_dagrun for tutorial_objectstorage to None, run_after=None
[2026-05-03T00:27:26.054+0000] {processor.py:183} INFO - Processing /home/airflow/.local/lib/python3.8/site-packages/airflow/example_dags/tutorial_objectstorage.py took 0.040 seconds
[2026-05-03T00:27:56.404+0000] {processor.py:161} INFO - Started process (PID=3076) to work on /home/airflow/.local/lib/python3.8/site-packages/airflow/example_dags/tutorial_objectstorage.py
[2026-05-03T00:27:56.407+0000] {processor.py:830} INFO - Processing file /home/airflow/.local/lib/python3.8/site-packages/airflow/example_dags/tutorial_objectstorage.py for tasks to queue
[2026-05-03T00:27:56.410+0000] {logging_mixin.py:188} INFO - [2026-05-03T00:27:56.410+0000] {dagbag.py:540} INFO - Filling up the DagBag from /home/airflow/.local/lib/python3.8/site-packages/airflow/example_dags/tutorial_objectstorage.py
[2026-05-03T00:27:56.415+0000] {processor.py:840} INFO - DAG(s) 'tutorial_objectstorage' retrieved from /home/airflow/.local/lib/python3.8/site-packages/airflow/example_dags/tutorial_objectstorage.py
[2026-05-03T00:27:56.433+0000] {logging_mixin.py:188} INFO - [2026-05-03T00:27:56.433+0000] {dag.py:3047} INFO - Sync 1 DAGs
[2026-05-03T00:27:56.443+0000] {logging_mixin.py:188} INFO - [2026-05-03T00:27:56.443+0000] {dag.py:3834} INFO - Setting next_dagrun for tutorial_objectstorage to None, run_after=None
[2026-05-03T00:27:56.455+0000] {processor.py:183} INFO - Processing /home/airflow/.local/lib/python3.8/site-packages/airflow/example_dags/tutorial_objectstorage.py took 0.054 seconds
[2026-05-03T00:28:26.702+0000] {processor.py:161} INFO - Started process (PID=3132) to work on /home/airflow/.local/lib/python3.8/site-packages/airflow/example_dags/tutorial_objectstorage.py
[2026-05-03T00:28:26.703+0000] {processor.py:830} INFO - Processing file /home/airflow/.local/lib/python3.8/site-packages/airflow/example_dags/tutorial_objectstorage.py for tasks to queue
[2026-05-03T00:28:26.705+0000] {logging_mixin.py:188} INFO - [2026-05-03T00:28:26.705+0000] {dagbag.py:540} INFO - Filling up the DagBag from /home/airflow/.local/lib/python3.8/site-packages/airflow/example_dags/tutorial_objectstorage.py
[2026-05-03T00:28:26.710+0000] {processor.py:840} INFO - DAG(s) 'tutorial_objectstorage' retrieved from /home/airflow/.local/lib/python3.8/site-packages/airflow/example_dags/tutorial_objectstorage.py
[2026-05-03T00:28:26.723+0000] {logging_mixin.py:188} INFO - [2026-05-03T00:28:26.723+0000] {dag.py:3047} INFO - Sync 1 DAGs
[2026-05-03T00:28:26.733+0000] {logging_mixin.py:188} INFO - [2026-05-03T00:28:26.733+0000] {dag.py:3834} INFO - Setting next_dagrun for tutorial_objectstorage to None, run_after=None
[2026-05-03T00:28:26.754+0000] {processor.py:183} INFO - Processing /home/airflow/.local/lib/python3.8/site-packages/airflow/example_dags/tutorial_objectstorage.py took 0.055 seconds
[2026-05-03T00:28:57.008+0000] {processor.py:161} INFO - Started process (PID=3188) to work on /home/airflow/.local/lib/python3.8/site-packages/airflow/example_dags/tutorial_objectstorage.py
[2026-05-03T00:28:57.012+0000] {processor.py:830} INFO - Processing file /home/airflow/.local/lib/python3.8/site-packages/airflow/example_dags/tutorial_objectstorage.py for tasks to queue
[2026-05-03T00:28:57.014+0000] {logging_mixin.py:188} INFO - [2026-05-03T00:28:57.013+0000] {dagbag.py:540} INFO - Filling up the DagBag from /home/airflow/.local/lib/python3.8/site-packages/airflow/example_dags/tutorial_objectstorage.py
[2026-05-03T00:28:57.019+0000] {processor.py:840} INFO - DAG(s) 'tutorial_objectstorage' retrieved from /home/airflow/.local/lib/python3.8/site-packages/airflow/example_dags/tutorial_objectstorage.py
[2026-05-03T00:28:57.041+0000] {logging_mixin.py:188} INFO - [2026-05-03T00:28:57.041+0000] {dag.py:3047} INFO - Sync 1 DAGs
[2026-05-03T00:28:57.050+0000] {logging_mixin.py:188} INFO - [2026-05-03T00:28:57.050+0000] {dag.py:3834} INFO - Setting next_dagrun for tutorial_objectstorage to None, run_after=None
[2026-05-03T00:28:57.065+0000] {processor.py:183} INFO - Processing /home/airflow/.local/lib/python3.8/site-packages/airflow/example_dags/tutorial_objectstorage.py took 0.060 seconds
[2026-05-03T00:29:27.327+0000] {processor.py:161} INFO - Started process (PID=3244) to work on /home/airflow/.local/lib/python3.8/site-packages/airflow/example_dags/tutorial_objectstorage.py
[2026-05-03T00:29:27.331+0000] {processor.py:830} INFO - Processing file /home/airflow/.local/lib/python3.8/site-packages/airflow/example_dags/tutorial_objectstorage.py for tasks to queue
[2026-05-03T00:29:27.332+0000] {logging_mixin.py:188} INFO - [2026-05-03T00:29:27.332+0000] {dagbag.py:540} INFO - Filling up the DagBag from /home/airflow/.local/lib/python3.8/site-packages/airflow/example_dags/tutorial_objectstorage.py
[2026-05-03T00:29:27.337+0000] {processor.py:840} INFO - DAG(s) 'tutorial_objectstorage' retrieved from /home/airflow/.local/lib/python3.8/site-packages/airflow/example_dags/tutorial_objectstorage.py
[2026-05-03T00:29:27.357+0000] {logging_mixin.py:188} INFO - [2026-05-03T00:29:27.356+0000] {dag.py:3047} INFO - Sync 1 DAGs
[2026-05-03T00:29:27.364+0000] {logging_mixin.py:188} INFO - [2026-05-03T00:29:27.364+0000] {dag.py:3834} INFO - Setting next_dagrun for tutorial_objectstorage to None, run_after=None
[2026-05-03T00:29:27.379+0000] {processor.py:183} INFO - Processing /home/airflow/.local/lib/python3.8/site-packages/airflow/example_dags/tutorial_objectstorage.py took 0.055 seconds
[2026-05-03T00:29:57.622+0000] {processor.py:161} INFO - Started process (PID=3300) to work on /home/airflow/.local/lib/python3.8/site-packages/airflow/example_dags/tutorial_objectstorage.py
[2026-05-03T00:29:57.626+0000] {processor.py:830} INFO - Processing file /home/airflow/.local/lib/python3.8/site-packages/airflow/example_dags/tutorial_objectstorage.py for tasks to queue
[2026-05-03T00:29:57.627+0000] {logging_mixin.py:188} INFO - [2026-05-03T00:29:57.627+0000] {dagbag.py:540} INFO - Filling up the DagBag from /home/airflow/.local/lib/python3.8/site-packages/airflow/example_dags/tutorial_objectstorage.py
[2026-05-03T00:29:57.632+0000] {processor.py:840} INFO - DAG(s) 'tutorial_objectstorage' retrieved from /home/airflow/.local/lib/python3.8/site-packages/airflow/example_dags/tutorial_objectstorage.py
[2026-05-03T00:29:57.649+0000] {logging_mixin.py:188} INFO - [2026-05-03T00:29:57.649+0000] {dag.py:3047} INFO - Sync 1 DAGs
[2026-05-03T00:29:57.657+0000] {logging_mixin.py:188} INFO - [2026-05-03T00:29:57.657+0000] {dag.py:3834} INFO - Setting next_dagrun for tutorial_objectstorage to None, run_after=None
[2026-05-03T00:29:57.669+0000] {processor.py:183} INFO - Processing /home/airflow/.local/lib/python3.8/site-packages/airflow/example_dags/tutorial_objectstorage.py took 0.050 seconds
[2026-05-03T00:30:27.863+0000] {processor.py:161} INFO - Started process (PID=3356) to work on /home/airflow/.local/lib/python3.8/site-packages/airflow/example_dags/tutorial_objectstorage.py
[2026-05-03T00:30:27.864+0000] {processor.py:830} INFO - Processing file /home/airflow/.local/lib/python3.8/site-packages/airflow/example_dags/tutorial_objectstorage.py for tasks to queue
[2026-05-03T00:30:27.865+0000] {logging_mixin.py:188} INFO - [2026-05-03T00:30:27.865+0000] {dagbag.py:540} INFO - Filling up the DagBag from /home/airflow/.local/lib/python3.8/site-packages/airflow/example_dags/tutorial_objectstorage.py
[2026-05-03T00:30:27.870+0000] {processor.py:840} INFO - DAG(s) 'tutorial_objectstorage' retrieved from /home/airflow/.local/lib/python3.8/site-packages/airflow/example_dags/tutorial_objectstorage.py
[2026-05-03T00:30:27.888+0000] {logging_mixin.py:188} INFO - [2026-05-03T00:30:27.888+0000] {dag.py:3047} INFO - Sync 1 DAGs
[2026-05-03T00:30:27.896+0000] {logging_mixin.py:188} INFO - [2026-05-03T00:30:27.896+0000] {dag.py:3834} INFO - Setting next_dagrun for tutorial_objectstorage to None, run_after=None
[2026-05-03T00:30:27.907+0000] {processor.py:183} INFO - Processing /home/airflow/.local/lib/python3.8/site-packages/airflow/example_dags/tutorial_objectstorage.py took 0.047 seconds
[2026-05-03T00:30:58.079+0000] {processor.py:161} INFO - Started process (PID=3412) to work on /home/airflow/.local/lib/python3.8/site-packages/airflow/example_dags/tutorial_objectstorage.py
[2026-05-03T00:30:58.080+0000] {processor.py:830} INFO - Processing file /home/airflow/.local/lib/python3.8/site-packages/airflow/example_dags/tutorial_objectstorage.py for tasks to queue
[2026-05-03T00:30:58.081+0000] {logging_mixin.py:188} INFO - [2026-05-03T00:30:58.081+0000] {dagbag.py:540} INFO - Filling up the DagBag from /home/airflow/.local/lib/python3.8/site-packages/airflow/example_dags/tutorial_objectstorage.py
[2026-05-03T00:30:58.087+0000] {processor.py:840} INFO - DAG(s) 'tutorial_objectstorage' retrieved from /home/airflow/.local/lib/python3.8/site-packages/airflow/example_dags/tutorial_objectstorage.py
[2026-05-03T00:30:58.103+0000] {logging_mixin.py:188} INFO - [2026-05-03T00:30:58.103+0000] {dag.py:3047} INFO - Sync 1 DAGs
[2026-05-03T00:30:58.112+0000] {logging_mixin.py:188} INFO - [2026-05-03T00:30:58.112+0000] {dag.py:3834} INFO - Setting next_dagrun for tutorial_objectstorage to None, run_after=None
[2026-05-03T00:30:58.130+0000] {processor.py:183} INFO - Processing /home/airflow/.local/lib/python3.8/site-packages/airflow/example_dags/tutorial_objectstorage.py took 0.054 seconds
[2026-05-03T00:31:29.481+0000] {processor.py:161} INFO - Started process (PID=3468) to work on /home/airflow/.local/lib/python3.8/site-packages/airflow/example_dags/tutorial_objectstorage.py
[2026-05-03T00:31:29.482+0000] {processor.py:830} INFO - Processing file /home/airflow/.local/lib/python3.8/site-packages/airflow/example_dags/tutorial_objectstorage.py for tasks to queue
[2026-05-03T00:31:29.488+0000] {logging_mixin.py:188} INFO - [2026-05-03T00:31:29.488+0000] {dagbag.py:540} INFO - Filling up the DagBag from /home/airflow/.local/lib/python3.8/site-packages/airflow/example_dags/tutorial_objectstorage.py
[2026-05-03T00:31:29.495+0000] {processor.py:840} INFO - DAG(s) 'tutorial_objectstorage' retrieved from /home/airflow/.local/lib/python3.8/site-packages/airflow/example_dags/tutorial_objectstorage.py
[2026-05-03T00:31:29.514+0000] {logging_mixin.py:188} INFO - [2026-05-03T00:31:29.514+0000] {dag.py:3047} INFO - Sync 1 DAGs
[2026-05-03T00:31:29.524+0000] {logging_mixin.py:188} INFO - [2026-05-03T00:31:29.524+0000] {dag.py:3834} INFO - Setting next_dagrun for tutorial_objectstorage to None, run_after=None
[2026-05-03T00:31:29.538+0000] {processor.py:183} INFO - Processing /home/airflow/.local/lib/python3.8/site-packages/airflow/example_dags/tutorial_objectstorage.py took 0.061 seconds
[2026-05-03T00:31:59.973+0000] {processor.py:161} INFO - Started process (PID=3524) to work on /home/airflow/.local/lib/python3.8/site-packages/airflow/example_dags/tutorial_objectstorage.py
[2026-05-03T00:31:59.975+0000] {processor.py:830} INFO - Processing file /home/airflow/.local/lib/python3.8/site-packages/airflow/example_dags/tutorial_objectstorage.py for tasks to queue
[2026-05-03T00:31:59.978+0000] {logging_mixin.py:188} INFO - [2026-05-03T00:31:59.977+0000] {dagbag.py:540} INFO - Filling up the DagBag from /home/airflow/.local/lib/python3.8/site-packages/airflow/example_dags/tutorial_objectstorage.py
[2026-05-03T00:31:59.985+0000] {processor.py:840} INFO - DAG(s) 'tutorial_objectstorage' retrieved from /home/airflow/.local/lib/python3.8/site-packages/airflow/example_dags/tutorial_objectstorage.py
[2026-05-03T00:32:00.002+0000] {logging_mixin.py:188} INFO - [2026-05-03T00:32:00.001+0000] {dag.py:3047} INFO - Sync 1 DAGs
[2026-05-03T00:32:00.011+0000] {logging_mixin.py:188} INFO - [2026-05-03T00:32:00.011+0000] {dag.py:3834} INFO - Setting next_dagrun for tutorial_objectstorage to None, run_after=None
[2026-05-03T00:32:00.027+0000] {processor.py:183} INFO - Processing /home/airflow/.local/lib/python3.8/site-packages/airflow/example_dags/tutorial_objectstorage.py took 0.056 seconds
[2026-05-03T00:32:30.257+0000] {processor.py:161} INFO - Started process (PID=3580) to work on /home/airflow/.local/lib/python3.8/site-packages/airflow/example_dags/tutorial_objectstorage.py
[2026-05-03T00:32:30.257+0000] {processor.py:830} INFO - Processing file /home/airflow/.local/lib/python3.8/site-packages/airflow/example_dags/tutorial_objectstorage.py for tasks to queue
[2026-05-03T00:32:30.259+0000] {logging_mixin.py:188} INFO - [2026-05-03T00:32:30.259+0000] {dagbag.py:540} INFO - Filling up the DagBag from /home/airflow/.local/lib/python3.8/site-packages/airflow/example_dags/tutorial_objectstorage.py
[2026-05-03T00:32:30.265+0000] {processor.py:840} INFO - DAG(s) 'tutorial_objectstorage' retrieved from /home/airflow/.local/lib/python3.8/site-packages/airflow/example_dags/tutorial_objectstorage.py
[2026-05-03T00:32:30.278+0000] {logging_mixin.py:188} INFO - [2026-05-03T00:32:30.278+0000] {dag.py:3047} INFO - Sync 1 DAGs
[2026-05-03T00:32:30.286+0000] {logging_mixin.py:188} INFO - [2026-05-03T00:32:30.286+0000] {dag.py:3834} INFO - Setting next_dagrun for tutorial_objectstorage to None, run_after=None
[2026-05-03T00:32:30.300+0000] {processor.py:183} INFO - Processing /home/airflow/.local/lib/python3.8/site-packages/airflow/example_dags/tutorial_objectstorage.py took 0.046 seconds
[2026-05-03T00:33:00.488+0000] {processor.py:161} INFO - Started process (PID=3636) to work on /home/airflow/.local/lib/python3.8/site-packages/airflow/example_dags/tutorial_objectstorage.py
[2026-05-03T00:33:00.489+0000] {processor.py:830} INFO - Processing file /home/airflow/.local/lib/python3.8/site-packages/airflow/example_dags/tutorial_objectstorage.py for tasks to queue
[2026-05-03T00:33:00.491+0000] {logging_mixin.py:188} INFO - [2026-05-03T00:33:00.490+0000] {dagbag.py:540} INFO - Filling up the DagBag from /home/airflow/.local/lib/python3.8/site-packages/airflow/example_dags/tutorial_objectstorage.py
[2026-05-03T00:33:00.496+0000] {processor.py:840} INFO - DAG(s) 'tutorial_objectstorage' retrieved from /home/airflow/.local/lib/python3.8/site-packages/airflow/example_dags/tutorial_objectstorage.py
[2026-05-03T00:33:00.509+0000] {logging_mixin.py:188} INFO - [2026-05-03T00:33:00.509+0000] {dag.py:3047} INFO - Sync 1 DAGs
[2026-05-03T00:33:00.516+0000] {logging_mixin.py:188} INFO - [2026-05-03T00:33:00.516+0000] {dag.py:3834} INFO - Setting next_dagrun for tutorial_objectstorage to None, run_after=None
[2026-05-03T00:33:00.527+0000] {processor.py:183} INFO - Processing /home/airflow/.local/lib/python3.8/site-packages/airflow/example_dags/tutorial_objectstorage.py took 0.041 seconds
[2026-05-03T00:33:31.093+0000] {processor.py:161} INFO - Started process (PID=3692) to work on /home/airflow/.local/lib/python3.8/site-packages/airflow/example_dags/tutorial_objectstorage.py
[2026-05-03T00:33:31.094+0000] {processor.py:830} INFO - Processing file /home/airflow/.local/lib/python3.8/site-packages/airflow/example_dags/tutorial_objectstorage.py for tasks to queue
[2026-05-03T00:33:31.095+0000] {logging_mixin.py:188} INFO - [2026-05-03T00:33:31.095+0000] {dagbag.py:540} INFO - Filling up the DagBag from /home/airflow/.local/lib/python3.8/site-packages/airflow/example_dags/tutorial_objectstorage.py
[2026-05-03T00:33:31.104+0000] {processor.py:840} INFO - DAG(s) 'tutorial_objectstorage' retrieved from /home/airflow/.local/lib/python3.8/site-packages/airflow/example_dags/tutorial_objectstorage.py
[2026-05-03T00:33:31.119+0000] {logging_mixin.py:188} INFO - [2026-05-03T00:33:31.119+0000] {dag.py:3047} INFO - Sync 1 DAGs
[2026-05-03T00:33:31.128+0000] {logging_mixin.py:188} INFO - [2026-05-03T00:33:31.128+0000] {dag.py:3834} INFO - Setting next_dagrun for tutorial_objectstorage to None, run_after=None
[2026-05-03T00:33:31.139+0000] {processor.py:183} INFO - Processing /home/airflow/.local/lib/python3.8/site-packages/airflow/example_dags/tutorial_objectstorage.py took 0.049 seconds
[2026-05-03T00:34:01.662+0000] {processor.py:161} INFO - Started process (PID=3748) to work on /home/airflow/.local/lib/python3.8/site-packages/airflow/example_dags/tutorial_objectstorage.py
[2026-05-03T00:34:01.663+0000] {processor.py:830} INFO - Processing file /home/airflow/.local/lib/python3.8/site-packages/airflow/example_dags/tutorial_objectstorage.py for tasks to queue
[2026-05-03T00:34:01.664+0000] {logging_mixin.py:188} INFO - [2026-05-03T00:34:01.664+0000] {dagbag.py:540} INFO - Filling up the DagBag from /home/airflow/.local/lib/python3.8/site-packages/airflow/example_dags/tutorial_objectstorage.py
[2026-05-03T00:34:01.669+0000] {processor.py:840} INFO - DAG(s) 'tutorial_objectstorage' retrieved from /home/airflow/.local/lib/python3.8/site-packages/airflow/example_dags/tutorial_objectstorage.py
[2026-05-03T00:34:01.682+0000] {logging_mixin.py:188} INFO - [2026-05-03T00:34:01.682+0000] {dag.py:3047} INFO - Sync 1 DAGs
[2026-05-03T00:34:01.690+0000] {logging_mixin.py:188} INFO - [2026-05-03T00:34:01.690+0000] {dag.py:3834} INFO - Setting next_dagrun for tutorial_objectstorage to None, run_after=None
[2026-05-03T00:34:01.700+0000] {processor.py:183} INFO - Processing /home/airflow/.local/lib/python3.8/site-packages/airflow/example_dags/tutorial_objectstorage.py took 0.040 seconds
[2026-05-03T00:34:31.907+0000] {processor.py:161} INFO - Started process (PID=3804) to work on /home/airflow/.local/lib/python3.8/site-packages/airflow/example_dags/tutorial_objectstorage.py
[2026-05-03T00:34:31.908+0000] {processor.py:830} INFO - Processing file /home/airflow/.local/lib/python3.8/site-packages/airflow/example_dags/tutorial_objectstorage.py for tasks to queue
[2026-05-03T00:34:31.910+0000] {logging_mixin.py:188} INFO - [2026-05-03T00:34:31.910+0000] {dagbag.py:540} INFO - Filling up the DagBag from /home/airflow/.local/lib/python3.8/site-packages/airflow/example_dags/tutorial_objectstorage.py
[2026-05-03T00:34:31.915+0000] {processor.py:840} INFO - DAG(s) 'tutorial_objectstorage' retrieved from /home/airflow/.local/lib/python3.8/site-packages/airflow/example_dags/tutorial_objectstorage.py
[2026-05-03T00:34:31.929+0000] {logging_mixin.py:188} INFO - [2026-05-03T00:34:31.928+0000] {dag.py:3047} INFO - Sync 1 DAGs
[2026-05-03T00:34:31.938+0000] {logging_mixin.py:188} INFO - [2026-05-03T00:34:31.937+0000] {dag.py:3834} INFO - Setting next_dagrun for tutorial_objectstorage to None, run_after=None
[2026-05-03T00:34:31.954+0000] {processor.py:183} INFO - Processing /home/airflow/.local/lib/python3.8/site-packages/airflow/example_dags/tutorial_objectstorage.py took 0.050 seconds
[2026-05-03T00:35:02.120+0000] {processor.py:161} INFO - Started process (PID=3860) to work on /home/airflow/.local/lib/python3.8/site-packages/airflow/example_dags/tutorial_objectstorage.py
[2026-05-03T00:35:02.124+0000] {processor.py:830} INFO - Processing file /home/airflow/.local/lib/python3.8/site-packages/airflow/example_dags/tutorial_objectstorage.py for tasks to queue
[2026-05-03T00:35:02.125+0000] {logging_mixin.py:188} INFO - [2026-05-03T00:35:02.125+0000] {dagbag.py:540} INFO - Filling up the DagBag from /home/airflow/.local/lib/python3.8/site-packages/airflow/example_dags/tutorial_objectstorage.py
[2026-05-03T00:35:02.130+0000] {processor.py:840} INFO - DAG(s) 'tutorial_objectstorage' retrieved from /home/airflow/.local/lib/python3.8/site-packages/airflow/example_dags/tutorial_objectstorage.py
[2026-05-03T00:35:02.145+0000] {logging_mixin.py:188} INFO - [2026-05-03T00:35:02.145+0000] {dag.py:3047} INFO - Sync 1 DAGs
[2026-05-03T00:35:02.158+0000] {logging_mixin.py:188} INFO - [2026-05-03T00:35:02.158+0000] {dag.py:3834} INFO - Setting next_dagrun for tutorial_objectstorage to None, run_after=None
[2026-05-03T00:35:02.172+0000] {processor.py:183} INFO - Processing /home/airflow/.local/lib/python3.8/site-packages/airflow/example_dags/tutorial_objectstorage.py took 0.054 seconds
[2026-05-03T00:35:32.425+0000] {processor.py:161} INFO - Started process (PID=3916) to work on /home/airflow/.local/lib/python3.8/site-packages/airflow/example_dags/tutorial_objectstorage.py
[2026-05-03T00:35:32.426+0000] {processor.py:830} INFO - Processing file /home/airflow/.local/lib/python3.8/site-packages/airflow/example_dags/tutorial_objectstorage.py for tasks to queue
[2026-05-03T00:35:32.428+0000] {logging_mixin.py:188} INFO - [2026-05-03T00:35:32.427+0000] {dagbag.py:540} INFO - Filling up the DagBag from /home/airflow/.local/lib/python3.8/site-packages/airflow/example_dags/tutorial_objectstorage.py
[2026-05-03T00:35:32.434+0000] {processor.py:840} INFO - DAG(s) 'tutorial_objectstorage' retrieved from /home/airflow/.local/lib/python3.8/site-packages/airflow/example_dags/tutorial_objectstorage.py
[2026-05-03T00:35:32.452+0000] {logging_mixin.py:188} INFO - [2026-05-03T00:35:32.452+0000] {dag.py:3047} INFO - Sync 1 DAGs
[2026-05-03T00:35:32.459+0000] {logging_mixin.py:188} INFO - [2026-05-03T00:35:32.459+0000] {dag.py:3834} INFO - Setting next_dagrun for tutorial_objectstorage to None, run_after=None
[2026-05-03T00:35:32.474+0000] {processor.py:183} INFO - Processing /home/airflow/.local/lib/python3.8/site-packages/airflow/example_dags/tutorial_objectstorage.py took 0.051 seconds
[2026-05-03T00:36:03.132+0000] {processor.py:161} INFO - Started process (PID=3972) to work on /home/airflow/.local/lib/python3.8/site-packages/airflow/example_dags/tutorial_objectstorage.py
[2026-05-03T00:36:03.135+0000] {processor.py:830} INFO - Processing file /home/airflow/.local/lib/python3.8/site-packages/airflow/example_dags/tutorial_objectstorage.py for tasks to queue
[2026-05-03T00:36:03.137+0000] {logging_mixin.py:188} INFO - [2026-05-03T00:36:03.137+0000] {dagbag.py:540} INFO - Filling up the DagBag from /home/airflow/.local/lib/python3.8/site-packages/airflow/example_dags/tutorial_objectstorage.py
[2026-05-03T00:36:03.142+0000] {processor.py:840} INFO - DAG(s) 'tutorial_objectstorage' retrieved from /home/airflow/.local/lib/python3.8/site-packages/airflow/example_dags/tutorial_objectstorage.py
[2026-05-03T00:36:03.160+0000] {logging_mixin.py:188} INFO - [2026-05-03T00:36:03.160+0000] {dag.py:3047} INFO - Sync 1 DAGs
[2026-05-03T00:36:03.172+0000] {logging_mixin.py:188} INFO - [2026-05-03T00:36:03.172+0000] {dag.py:3834} INFO - Setting next_dagrun for tutorial_objectstorage to None, run_after=None
[2026-05-03T00:36:03.184+0000] {processor.py:183} INFO - Processing /home/airflow/.local/lib/python3.8/site-packages/airflow/example_dags/tutorial_objectstorage.py took 0.055 seconds
[2026-05-03T00:36:33.419+0000] {processor.py:161} INFO - Started process (PID=4028) to work on /home/airflow/.local/lib/python3.8/site-packages/airflow/example_dags/tutorial_objectstorage.py
[2026-05-03T00:36:33.420+0000] {processor.py:830} INFO - Processing file /home/airflow/.local/lib/python3.8/site-packages/airflow/example_dags/tutorial_objectstorage.py for tasks to queue
[2026-05-03T00:36:33.421+0000] {logging_mixin.py:188} INFO - [2026-05-03T00:36:33.421+0000] {dagbag.py:540} INFO - Filling up the DagBag from /home/airflow/.local/lib/python3.8/site-packages/airflow/example_dags/tutorial_objectstorage.py
[2026-05-03T00:36:33.426+0000] {processor.py:840} INFO - DAG(s) 'tutorial_objectstorage' retrieved from /home/airflow/.local/lib/python3.8/site-packages/airflow/example_dags/tutorial_objectstorage.py
[2026-05-03T00:36:33.444+0000] {logging_mixin.py:188} INFO - [2026-05-03T00:36:33.444+0000] {dag.py:3047} INFO - Sync 1 DAGs
[2026-05-03T00:36:33.456+0000] {logging_mixin.py:188} INFO - [2026-05-03T00:36:33.456+0000] {dag.py:3834} INFO - Setting next_dagrun for tutorial_objectstorage to None, run_after=None
[2026-05-03T00:36:33.474+0000] {processor.py:183} INFO - Processing /home/airflow/.local/lib/python3.8/site-packages/airflow/example_dags/tutorial_objectstorage.py took 0.057 seconds
[2026-05-03T00:37:03.819+0000] {processor.py:161} INFO - Started process (PID=4084) to work on /home/airflow/.local/lib/python3.8/site-packages/airflow/example_dags/tutorial_objectstorage.py
[2026-05-03T00:37:03.821+0000] {processor.py:830} INFO - Processing file /home/airflow/.local/lib/python3.8/site-packages/airflow/example_dags/tutorial_objectstorage.py for tasks to queue
[2026-05-03T00:37:03.824+0000] {logging_mixin.py:188} INFO - [2026-05-03T00:37:03.823+0000] {dagbag.py:540} INFO - Filling up the DagBag from /home/airflow/.local/lib/python3.8/site-packages/airflow/example_dags/tutorial_objectstorage.py
[2026-05-03T00:37:03.832+0000] {processor.py:840} INFO - DAG(s) 'tutorial_objectstorage' retrieved from /home/airflow/.local/lib/python3.8/site-packages/airflow/example_dags/tutorial_objectstorage.py
[2026-05-03T00:37:03.847+0000] {logging_mixin.py:188} INFO - [2026-05-03T00:37:03.847+0000] {dag.py:3047} INFO - Sync 1 DAGs
[2026-05-03T00:37:03.856+0000] {logging_mixin.py:188} INFO - [2026-05-03T00:37:03.855+0000] {dag.py:3834} INFO - Setting next_dagrun for tutorial_objectstorage to None, run_after=None
[2026-05-03T00:37:03.866+0000] {processor.py:183} INFO - Processing /home/airflow/.local/lib/python3.8/site-packages/airflow/example_dags/tutorial_objectstorage.py took 0.050 seconds
[2026-05-03T00:37:34.433+0000] {processor.py:161} INFO - Started process (PID=4140) to work on /home/airflow/.local/lib/python3.8/site-packages/airflow/example_dags/tutorial_objectstorage.py
[2026-05-03T00:37:34.434+0000] {processor.py:830} INFO - Processing file /home/airflow/.local/lib/python3.8/site-packages/airflow/example_dags/tutorial_objectstorage.py for tasks to queue
[2026-05-03T00:37:34.435+0000] {logging_mixin.py:188} INFO - [2026-05-03T00:37:34.435+0000] {dagbag.py:540} INFO - Filling up the DagBag from /home/airflow/.local/lib/python3.8/site-packages/airflow/example_dags/tutorial_objectstorage.py
[2026-05-03T00:37:34.440+0000] {processor.py:840} INFO - DAG(s) 'tutorial_objectstorage' retrieved from /home/airflow/.local/lib/python3.8/site-packages/airflow/example_dags/tutorial_objectstorage.py
[2026-05-03T00:37:34.454+0000] {logging_mixin.py:188} INFO - [2026-05-03T00:37:34.453+0000] {dag.py:3047} INFO - Sync 1 DAGs
[2026-05-03T00:37:34.461+0000] {logging_mixin.py:188} INFO - [2026-05-03T00:37:34.461+0000] {dag.py:3834} INFO - Setting next_dagrun for tutorial_objectstorage to None, run_after=None
[2026-05-03T00:37:34.471+0000] {processor.py:183} INFO - Processing /home/airflow/.local/lib/python3.8/site-packages/airflow/example_dags/tutorial_objectstorage.py took 0.040 seconds
[2026-05-03T00:38:04.854+0000] {processor.py:161} INFO - Started process (PID=4196) to work on /home/airflow/.local/lib/python3.8/site-packages/airflow/example_dags/tutorial_objectstorage.py
[2026-05-03T00:38:04.855+0000] {processor.py:830} INFO - Processing file /home/airflow/.local/lib/python3.8/site-packages/airflow/example_dags/tutorial_objectstorage.py for tasks to queue
[2026-05-03T00:38:04.856+0000] {logging_mixin.py:188} INFO - [2026-05-03T00:38:04.856+0000] {dagbag.py:540} INFO - Filling up the DagBag from /home/airflow/.local/lib/python3.8/site-packages/airflow/example_dags/tutorial_objectstorage.py
[2026-05-03T00:38:04.862+0000] {processor.py:840} INFO - DAG(s) 'tutorial_objectstorage' retrieved from /home/airflow/.local/lib/python3.8/site-packages/airflow/example_dags/tutorial_objectstorage.py
[2026-05-03T00:38:04.876+0000] {logging_mixin.py:188} INFO - [2026-05-03T00:38:04.875+0000] {dag.py:3047} INFO - Sync 1 DAGs
[2026-05-03T00:38:04.883+0000] {logging_mixin.py:188} INFO - [2026-05-03T00:38:04.883+0000] {dag.py:3834} INFO - Setting next_dagrun for tutorial_objectstorage to None, run_after=None
[2026-05-03T00:38:04.894+0000] {processor.py:183} INFO - Processing /home/airflow/.local/lib/python3.8/site-packages/airflow/example_dags/tutorial_objectstorage.py took 0.043 seconds
[2026-05-03T00:38:35.313+0000] {processor.py:161} INFO - Started process (PID=4252) to work on /home/airflow/.local/lib/python3.8/site-packages/airflow/example_dags/tutorial_objectstorage.py
[2026-05-03T00:38:35.314+0000] {processor.py:830} INFO - Processing file /home/airflow/.local/lib/python3.8/site-packages/airflow/example_dags/tutorial_objectstorage.py for tasks to queue
[2026-05-03T00:38:35.315+0000] {logging_mixin.py:188} INFO - [2026-05-03T00:38:35.315+0000] {dagbag.py:540} INFO - Filling up the DagBag from /home/airflow/.local/lib/python3.8/site-packages/airflow/example_dags/tutorial_objectstorage.py
[2026-05-03T00:38:35.320+0000] {processor.py:840} INFO - DAG(s) 'tutorial_objectstorage' retrieved from /home/airflow/.local/lib/python3.8/site-packages/airflow/example_dags/tutorial_objectstorage.py
[2026-05-03T00:38:35.334+0000] {logging_mixin.py:188} INFO - [2026-05-03T00:38:35.334+0000] {dag.py:3047} INFO - Sync 1 DAGs
[2026-05-03T00:38:35.343+0000] {logging_mixin.py:188} INFO - [2026-05-03T00:38:35.343+0000] {dag.py:3834} INFO - Setting next_dagrun for tutorial_objectstorage to None, run_after=None
[2026-05-03T00:38:35.357+0000] {processor.py:183} INFO - Processing /home/airflow/.local/lib/python3.8/site-packages/airflow/example_dags/tutorial_objectstorage.py took 0.048 seconds
[2026-05-03T00:39:05.604+0000] {processor.py:161} INFO - Started process (PID=4308) to work on /home/airflow/.local/lib/python3.8/site-packages/airflow/example_dags/tutorial_objectstorage.py
[2026-05-03T00:39:05.605+0000] {processor.py:830} INFO - Processing file /home/airflow/.local/lib/python3.8/site-packages/airflow/example_dags/tutorial_objectstorage.py for tasks to queue
[2026-05-03T00:39:05.607+0000] {logging_mixin.py:188} INFO - [2026-05-03T00:39:05.607+0000] {dagbag.py:540} INFO - Filling up the DagBag from /home/airflow/.local/lib/python3.8/site-packages/airflow/example_dags/tutorial_objectstorage.py
[2026-05-03T00:39:05.613+0000] {processor.py:840} INFO - DAG(s) 'tutorial_objectstorage' retrieved from /home/airflow/.local/lib/python3.8/site-packages/airflow/example_dags/tutorial_objectstorage.py
[2026-05-03T00:39:05.632+0000] {logging_mixin.py:188} INFO - [2026-05-03T00:39:05.632+0000] {dag.py:3047} INFO - Sync 1 DAGs
[2026-05-03T00:39:05.648+0000] {logging_mixin.py:188} INFO - [2026-05-03T00:39:05.647+0000] {dag.py:3834} INFO - Setting next_dagrun for tutorial_objectstorage to None, run_after=None
[2026-05-03T00:39:05.667+0000] {processor.py:183} INFO - Processing /home/airflow/.local/lib/python3.8/site-packages/airflow/example_dags/tutorial_objectstorage.py took 0.066 seconds
[2026-05-03T00:39:36.287+0000] {processor.py:161} INFO - Started process (PID=4364) to work on /home/airflow/.local/lib/python3.8/site-packages/airflow/example_dags/tutorial_objectstorage.py
[2026-05-03T00:39:36.288+0000] {processor.py:830} INFO - Processing file /home/airflow/.local/lib/python3.8/site-packages/airflow/example_dags/tutorial_objectstorage.py for tasks to queue
[2026-05-03T00:39:36.291+0000] {logging_mixin.py:188} INFO - [2026-05-03T00:39:36.291+0000] {dagbag.py:540} INFO - Filling up the DagBag from /home/airflow/.local/lib/python3.8/site-packages/airflow/example_dags/tutorial_objectstorage.py
[2026-05-03T00:39:36.298+0000] {processor.py:840} INFO - DAG(s) 'tutorial_objectstorage' retrieved from /home/airflow/.local/lib/python3.8/site-packages/airflow/example_dags/tutorial_objectstorage.py
[2026-05-03T00:39:36.314+0000] {logging_mixin.py:188} INFO - [2026-05-03T00:39:36.314+0000] {dag.py:3047} INFO - Sync 1 DAGs
[2026-05-03T00:39:36.325+0000] {logging_mixin.py:188} INFO - [2026-05-03T00:39:36.325+0000] {dag.py:3834} INFO - Setting next_dagrun for tutorial_objectstorage to None, run_after=None
[2026-05-03T00:39:36.348+0000] {processor.py:183} INFO - Processing /home/airflow/.local/lib/python3.8/site-packages/airflow/example_dags/tutorial_objectstorage.py took 0.065 seconds
