[2026-05-03T00:02:00.744+0000] {processor.py:161} INFO - Started process (PID=2766) to work on /home/airflow/.local/lib/python3.8/site-packages/airflow/example_dags/tutorial_dag.py
[2026-05-03T00:02:00.749+0000] {processor.py:830} INFO - Processing file /home/airflow/.local/lib/python3.8/site-packages/airflow/example_dags/tutorial_dag.py for tasks to queue
[2026-05-03T00:02:00.752+0000] {logging_mixin.py:188} INFO - [2026-05-03T00:02:00.752+0000] {dagbag.py:540} INFO - Filling up the DagBag from /home/airflow/.local/lib/python3.8/site-packages/airflow/example_dags/tutorial_dag.py
[2026-05-03T00:02:00.759+0000] {processor.py:840} INFO - DAG(s) 'tutorial_dag' retrieved from /home/airflow/.local/lib/python3.8/site-packages/airflow/example_dags/tutorial_dag.py
[2026-05-03T00:02:00.783+0000] {logging_mixin.py:188} INFO - [2026-05-03T00:02:00.783+0000] {dag.py:3047} INFO - Sync 1 DAGs
[2026-05-03T00:02:00.797+0000] {logging_mixin.py:188} INFO - [2026-05-03T00:02:00.796+0000] {dag.py:3834} INFO - Setting next_dagrun for tutorial_dag to None, run_after=None
[2026-05-03T00:02:00.820+0000] {processor.py:183} INFO - Processing /home/airflow/.local/lib/python3.8/site-packages/airflow/example_dags/tutorial_dag.py took 0.081 seconds
[2026-05-03T00:11:41.703+0000] {processor.py:161} INFO - Started process (PID=2822) to work on /home/airflow/.local/lib/python3.8/site-packages/airflow/example_dags/tutorial_dag.py
[2026-05-03T00:11:41.703+0000] {processor.py:830} INFO - Processing file /home/airflow/.local/lib/python3.8/site-packages/airflow/example_dags/tutorial_dag.py for tasks to queue
[2026-05-03T00:11:41.705+0000] {logging_mixin.py:188} INFO - [2026-05-03T00:11:41.705+0000] {dagbag.py:540} INFO - Filling up the DagBag from /home/airflow/.local/lib/python3.8/site-packages/airflow/example_dags/tutorial_dag.py
[2026-05-03T00:11:41.709+0000] {processor.py:840} INFO - DAG(s) 'tutorial_dag' retrieved from /home/airflow/.local/lib/python3.8/site-packages/airflow/example_dags/tutorial_dag.py
[2026-05-03T00:11:41.723+0000] {logging_mixin.py:188} INFO - [2026-05-03T00:11:41.723+0000] {dag.py:3047} INFO - Sync 1 DAGs
[2026-05-03T00:11:41.731+0000] {logging_mixin.py:188} INFO - [2026-05-03T00:11:41.731+0000] {dag.py:3834} INFO - Setting next_dagrun for tutorial_dag to None, run_after=None
[2026-05-03T00:11:41.741+0000] {processor.py:183} INFO - Processing /home/airflow/.local/lib/python3.8/site-packages/airflow/example_dags/tutorial_dag.py took 0.041 seconds
[2026-05-03T00:20:53.255+0000] {processor.py:161} INFO - Started process (PID=2878) to work on /home/airflow/.local/lib/python3.8/site-packages/airflow/example_dags/tutorial_dag.py
[2026-05-03T00:20:53.257+0000] {processor.py:830} INFO - Processing file /home/airflow/.local/lib/python3.8/site-packages/airflow/example_dags/tutorial_dag.py for tasks to queue
[2026-05-03T00:20:53.260+0000] {logging_mixin.py:188} INFO - [2026-05-03T00:20:53.259+0000] {dagbag.py:540} INFO - Filling up the DagBag from /home/airflow/.local/lib/python3.8/site-packages/airflow/example_dags/tutorial_dag.py
[2026-05-03T00:20:53.268+0000] {processor.py:840} INFO - DAG(s) 'tutorial_dag' retrieved from /home/airflow/.local/lib/python3.8/site-packages/airflow/example_dags/tutorial_dag.py
[2026-05-03T00:20:53.296+0000] {logging_mixin.py:188} INFO - [2026-05-03T00:20:53.296+0000] {dag.py:3047} INFO - Sync 1 DAGs
[2026-05-03T00:20:53.312+0000] {logging_mixin.py:188} INFO - [2026-05-03T00:20:53.312+0000] {dag.py:3834} INFO - Setting next_dagrun for tutorial_dag to None, run_after=None
[2026-05-03T00:20:53.337+0000] {processor.py:183} INFO - Processing /home/airflow/.local/lib/python3.8/site-packages/airflow/example_dags/tutorial_dag.py took 0.092 seconds
[2026-05-03T00:26:53.405+0000] {processor.py:161} INFO - Started process (PID=2934) to work on /home/airflow/.local/lib/python3.8/site-packages/airflow/example_dags/tutorial_dag.py
[2026-05-03T00:26:53.411+0000] {processor.py:830} INFO - Processing file /home/airflow/.local/lib/python3.8/site-packages/airflow/example_dags/tutorial_dag.py for tasks to queue
[2026-05-03T00:26:53.413+0000] {logging_mixin.py:188} INFO - [2026-05-03T00:26:53.413+0000] {dagbag.py:540} INFO - Filling up the DagBag from /home/airflow/.local/lib/python3.8/site-packages/airflow/example_dags/tutorial_dag.py
[2026-05-03T00:26:53.421+0000] {processor.py:840} INFO - DAG(s) 'tutorial_dag' retrieved from /home/airflow/.local/lib/python3.8/site-packages/airflow/example_dags/tutorial_dag.py
[2026-05-03T00:26:53.451+0000] {logging_mixin.py:188} INFO - [2026-05-03T00:26:53.450+0000] {dag.py:3047} INFO - Sync 1 DAGs
[2026-05-03T00:26:53.470+0000] {logging_mixin.py:188} INFO - [2026-05-03T00:26:53.470+0000] {dag.py:3834} INFO - Setting next_dagrun for tutorial_dag to None, run_after=None
[2026-05-03T00:26:53.520+0000] {processor.py:183} INFO - Processing /home/airflow/.local/lib/python3.8/site-packages/airflow/example_dags/tutorial_dag.py took 0.120 seconds
[2026-05-03T00:27:23.996+0000] {processor.py:161} INFO - Started process (PID=2990) to work on /home/airflow/.local/lib/python3.8/site-packages/airflow/example_dags/tutorial_dag.py
[2026-05-03T00:27:23.997+0000] {processor.py:830} INFO - Processing file /home/airflow/.local/lib/python3.8/site-packages/airflow/example_dags/tutorial_dag.py for tasks to queue
[2026-05-03T00:27:23.998+0000] {logging_mixin.py:188} INFO - [2026-05-03T00:27:23.998+0000] {dagbag.py:540} INFO - Filling up the DagBag from /home/airflow/.local/lib/python3.8/site-packages/airflow/example_dags/tutorial_dag.py
[2026-05-03T00:27:24.002+0000] {processor.py:840} INFO - DAG(s) 'tutorial_dag' retrieved from /home/airflow/.local/lib/python3.8/site-packages/airflow/example_dags/tutorial_dag.py
[2026-05-03T00:27:24.015+0000] {logging_mixin.py:188} INFO - [2026-05-03T00:27:24.014+0000] {dag.py:3047} INFO - Sync 1 DAGs
[2026-05-03T00:27:24.022+0000] {logging_mixin.py:188} INFO - [2026-05-03T00:27:24.022+0000] {dag.py:3834} INFO - Setting next_dagrun for tutorial_dag to None, run_after=None
[2026-05-03T00:27:24.032+0000] {processor.py:183} INFO - Processing /home/airflow/.local/lib/python3.8/site-packages/airflow/example_dags/tutorial_dag.py took 0.039 seconds
[2026-05-03T00:27:54.984+0000] {processor.py:161} INFO - Started process (PID=3046) to work on /home/airflow/.local/lib/python3.8/site-packages/airflow/example_dags/tutorial_dag.py
[2026-05-03T00:27:54.986+0000] {processor.py:830} INFO - Processing file /home/airflow/.local/lib/python3.8/site-packages/airflow/example_dags/tutorial_dag.py for tasks to queue
[2026-05-03T00:27:54.987+0000] {logging_mixin.py:188} INFO - [2026-05-03T00:27:54.987+0000] {dagbag.py:540} INFO - Filling up the DagBag from /home/airflow/.local/lib/python3.8/site-packages/airflow/example_dags/tutorial_dag.py
[2026-05-03T00:27:54.992+0000] {processor.py:840} INFO - DAG(s) 'tutorial_dag' retrieved from /home/airflow/.local/lib/python3.8/site-packages/airflow/example_dags/tutorial_dag.py
[2026-05-03T00:27:55.010+0000] {logging_mixin.py:188} INFO - [2026-05-03T00:27:55.010+0000] {dag.py:3047} INFO - Sync 1 DAGs
[2026-05-03T00:27:55.019+0000] {logging_mixin.py:188} INFO - [2026-05-03T00:27:55.019+0000] {dag.py:3834} INFO - Setting next_dagrun for tutorial_dag to None, run_after=None
[2026-05-03T00:27:55.036+0000] {processor.py:183} INFO - Processing /home/airflow/.local/lib/python3.8/site-packages/airflow/example_dags/tutorial_dag.py took 0.055 seconds
[2026-05-03T00:28:25.336+0000] {processor.py:161} INFO - Started process (PID=3102) to work on /home/airflow/.local/lib/python3.8/site-packages/airflow/example_dags/tutorial_dag.py
[2026-05-03T00:28:25.338+0000] {processor.py:830} INFO - Processing file /home/airflow/.local/lib/python3.8/site-packages/airflow/example_dags/tutorial_dag.py for tasks to queue
[2026-05-03T00:28:25.339+0000] {logging_mixin.py:188} INFO - [2026-05-03T00:28:25.339+0000] {dagbag.py:540} INFO - Filling up the DagBag from /home/airflow/.local/lib/python3.8/site-packages/airflow/example_dags/tutorial_dag.py
[2026-05-03T00:28:25.348+0000] {processor.py:840} INFO - DAG(s) 'tutorial_dag' retrieved from /home/airflow/.local/lib/python3.8/site-packages/airflow/example_dags/tutorial_dag.py
[2026-05-03T00:28:25.366+0000] {logging_mixin.py:188} INFO - [2026-05-03T00:28:25.366+0000] {dag.py:3047} INFO - Sync 1 DAGs
[2026-05-03T00:28:25.376+0000] {logging_mixin.py:188} INFO - [2026-05-03T00:28:25.375+0000] {dag.py:3834} INFO - Setting next_dagrun for tutorial_dag to None, run_after=None
[2026-05-03T00:28:25.388+0000] {processor.py:183} INFO - Processing /home/airflow/.local/lib/python3.8/site-packages/airflow/example_dags/tutorial_dag.py took 0.055 seconds
[2026-05-03T00:28:55.609+0000] {processor.py:161} INFO - Started process (PID=3158) to work on /home/airflow/.local/lib/python3.8/site-packages/airflow/example_dags/tutorial_dag.py
[2026-05-03T00:28:55.610+0000] {processor.py:830} INFO - Processing file /home/airflow/.local/lib/python3.8/site-packages/airflow/example_dags/tutorial_dag.py for tasks to queue
[2026-05-03T00:28:55.613+0000] {logging_mixin.py:188} INFO - [2026-05-03T00:28:55.613+0000] {dagbag.py:540} INFO - Filling up the DagBag from /home/airflow/.local/lib/python3.8/site-packages/airflow/example_dags/tutorial_dag.py
[2026-05-03T00:28:55.619+0000] {processor.py:840} INFO - DAG(s) 'tutorial_dag' retrieved from /home/airflow/.local/lib/python3.8/site-packages/airflow/example_dags/tutorial_dag.py
[2026-05-03T00:28:55.642+0000] {logging_mixin.py:188} INFO - [2026-05-03T00:28:55.642+0000] {dag.py:3047} INFO - Sync 1 DAGs
[2026-05-03T00:28:55.650+0000] {logging_mixin.py:188} INFO - [2026-05-03T00:28:55.650+0000] {dag.py:3834} INFO - Setting next_dagrun for tutorial_dag to None, run_after=None
[2026-05-03T00:28:55.666+0000] {processor.py:183} INFO - Processing /home/airflow/.local/lib/python3.8/site-packages/airflow/example_dags/tutorial_dag.py took 0.060 seconds
[2026-05-03T00:29:25.899+0000] {processor.py:161} INFO - Started process (PID=3214) to work on /home/airflow/.local/lib/python3.8/site-packages/airflow/example_dags/tutorial_dag.py
[2026-05-03T00:29:25.903+0000] {processor.py:830} INFO - Processing file /home/airflow/.local/lib/python3.8/site-packages/airflow/example_dags/tutorial_dag.py for tasks to queue
[2026-05-03T00:29:25.905+0000] {logging_mixin.py:188} INFO - [2026-05-03T00:29:25.904+0000] {dagbag.py:540} INFO - Filling up the DagBag from /home/airflow/.local/lib/python3.8/site-packages/airflow/example_dags/tutorial_dag.py
[2026-05-03T00:29:25.909+0000] {processor.py:840} INFO - DAG(s) 'tutorial_dag' retrieved from /home/airflow/.local/lib/python3.8/site-packages/airflow/example_dags/tutorial_dag.py
[2026-05-03T00:29:25.923+0000] {logging_mixin.py:188} INFO - [2026-05-03T00:29:25.922+0000] {dag.py:3047} INFO - Sync 1 DAGs
[2026-05-03T00:29:25.930+0000] {logging_mixin.py:188} INFO - [2026-05-03T00:29:25.930+0000] {dag.py:3834} INFO - Setting next_dagrun for tutorial_dag to None, run_after=None
[2026-05-03T00:29:25.941+0000] {processor.py:183} INFO - Processing /home/airflow/.local/lib/python3.8/site-packages/airflow/example_dags/tutorial_dag.py took 0.045 seconds
[2026-05-03T00:29:56.241+0000] {processor.py:161} INFO - Started process (PID=3270) to work on /home/airflow/.local/lib/python3.8/site-packages/airflow/example_dags/tutorial_dag.py
[2026-05-03T00:29:56.241+0000] {processor.py:830} INFO - Processing file /home/airflow/.local/lib/python3.8/site-packages/airflow/example_dags/tutorial_dag.py for tasks to queue
[2026-05-03T00:29:56.243+0000] {logging_mixin.py:188} INFO - [2026-05-03T00:29:56.242+0000] {dagbag.py:540} INFO - Filling up the DagBag from /home/airflow/.local/lib/python3.8/site-packages/airflow/example_dags/tutorial_dag.py
[2026-05-03T00:29:56.247+0000] {processor.py:840} INFO - DAG(s) 'tutorial_dag' retrieved from /home/airflow/.local/lib/python3.8/site-packages/airflow/example_dags/tutorial_dag.py
[2026-05-03T00:29:56.265+0000] {logging_mixin.py:188} INFO - [2026-05-03T00:29:56.264+0000] {dag.py:3047} INFO - Sync 1 DAGs
[2026-05-03T00:29:56.272+0000] {logging_mixin.py:188} INFO - [2026-05-03T00:29:56.272+0000] {dag.py:3834} INFO - Setting next_dagrun for tutorial_dag to None, run_after=None
[2026-05-03T00:29:56.288+0000] {processor.py:183} INFO - Processing /home/airflow/.local/lib/python3.8/site-packages/airflow/example_dags/tutorial_dag.py took 0.050 seconds
[2026-05-03T00:30:26.577+0000] {processor.py:161} INFO - Started process (PID=3326) to work on /home/airflow/.local/lib/python3.8/site-packages/airflow/example_dags/tutorial_dag.py
[2026-05-03T00:30:26.578+0000] {processor.py:830} INFO - Processing file /home/airflow/.local/lib/python3.8/site-packages/airflow/example_dags/tutorial_dag.py for tasks to queue
[2026-05-03T00:30:26.580+0000] {logging_mixin.py:188} INFO - [2026-05-03T00:30:26.580+0000] {dagbag.py:540} INFO - Filling up the DagBag from /home/airflow/.local/lib/python3.8/site-packages/airflow/example_dags/tutorial_dag.py
[2026-05-03T00:30:26.584+0000] {processor.py:840} INFO - DAG(s) 'tutorial_dag' retrieved from /home/airflow/.local/lib/python3.8/site-packages/airflow/example_dags/tutorial_dag.py
[2026-05-03T00:30:26.603+0000] {logging_mixin.py:188} INFO - [2026-05-03T00:30:26.602+0000] {dag.py:3047} INFO - Sync 1 DAGs
[2026-05-03T00:30:26.614+0000] {logging_mixin.py:188} INFO - [2026-05-03T00:30:26.614+0000] {dag.py:3834} INFO - Setting next_dagrun for tutorial_dag to None, run_after=None
[2026-05-03T00:30:26.628+0000] {processor.py:183} INFO - Processing /home/airflow/.local/lib/python3.8/site-packages/airflow/example_dags/tutorial_dag.py took 0.054 seconds
[2026-05-03T00:30:56.810+0000] {processor.py:161} INFO - Started process (PID=3382) to work on /home/airflow/.local/lib/python3.8/site-packages/airflow/example_dags/tutorial_dag.py
[2026-05-03T00:30:56.811+0000] {processor.py:830} INFO - Processing file /home/airflow/.local/lib/python3.8/site-packages/airflow/example_dags/tutorial_dag.py for tasks to queue
[2026-05-03T00:30:56.812+0000] {logging_mixin.py:188} INFO - [2026-05-03T00:30:56.812+0000] {dagbag.py:540} INFO - Filling up the DagBag from /home/airflow/.local/lib/python3.8/site-packages/airflow/example_dags/tutorial_dag.py
[2026-05-03T00:30:56.819+0000] {processor.py:840} INFO - DAG(s) 'tutorial_dag' retrieved from /home/airflow/.local/lib/python3.8/site-packages/airflow/example_dags/tutorial_dag.py
[2026-05-03T00:30:56.835+0000] {logging_mixin.py:188} INFO - [2026-05-03T00:30:56.834+0000] {dag.py:3047} INFO - Sync 1 DAGs
[2026-05-03T00:30:56.843+0000] {logging_mixin.py:188} INFO - [2026-05-03T00:30:56.843+0000] {dag.py:3834} INFO - Setting next_dagrun for tutorial_dag to None, run_after=None
[2026-05-03T00:30:56.865+0000] {processor.py:183} INFO - Processing /home/airflow/.local/lib/python3.8/site-packages/airflow/example_dags/tutorial_dag.py took 0.058 seconds
[2026-05-03T00:31:27.591+0000] {processor.py:161} INFO - Started process (PID=3438) to work on /home/airflow/.local/lib/python3.8/site-packages/airflow/example_dags/tutorial_dag.py
[2026-05-03T00:31:27.592+0000] {processor.py:830} INFO - Processing file /home/airflow/.local/lib/python3.8/site-packages/airflow/example_dags/tutorial_dag.py for tasks to queue
[2026-05-03T00:31:27.594+0000] {logging_mixin.py:188} INFO - [2026-05-03T00:31:27.594+0000] {dagbag.py:540} INFO - Filling up the DagBag from /home/airflow/.local/lib/python3.8/site-packages/airflow/example_dags/tutorial_dag.py
[2026-05-03T00:31:27.599+0000] {processor.py:840} INFO - DAG(s) 'tutorial_dag' retrieved from /home/airflow/.local/lib/python3.8/site-packages/airflow/example_dags/tutorial_dag.py
[2026-05-03T00:31:27.626+0000] {logging_mixin.py:188} INFO - [2026-05-03T00:31:27.626+0000] {dag.py:3047} INFO - Sync 1 DAGs
[2026-05-03T00:31:27.636+0000] {logging_mixin.py:188} INFO - [2026-05-03T00:31:27.636+0000] {dag.py:3834} INFO - Setting next_dagrun for tutorial_dag to None, run_after=None
[2026-05-03T00:31:27.648+0000] {processor.py:183} INFO - Processing /home/airflow/.local/lib/python3.8/site-packages/airflow/example_dags/tutorial_dag.py took 0.061 seconds
[2026-05-03T00:31:57.710+0000] {processor.py:161} INFO - Started process (PID=3494) to work on /home/airflow/.local/lib/python3.8/site-packages/airflow/example_dags/tutorial_dag.py
[2026-05-03T00:31:57.711+0000] {processor.py:830} INFO - Processing file /home/airflow/.local/lib/python3.8/site-packages/airflow/example_dags/tutorial_dag.py for tasks to queue
[2026-05-03T00:31:57.712+0000] {logging_mixin.py:188} INFO - [2026-05-03T00:31:57.712+0000] {dagbag.py:540} INFO - Filling up the DagBag from /home/airflow/.local/lib/python3.8/site-packages/airflow/example_dags/tutorial_dag.py
[2026-05-03T00:31:57.716+0000] {processor.py:840} INFO - DAG(s) 'tutorial_dag' retrieved from /home/airflow/.local/lib/python3.8/site-packages/airflow/example_dags/tutorial_dag.py
[2026-05-03T00:31:57.732+0000] {logging_mixin.py:188} INFO - [2026-05-03T00:31:57.732+0000] {dag.py:3047} INFO - Sync 1 DAGs
[2026-05-03T00:31:57.743+0000] {logging_mixin.py:188} INFO - [2026-05-03T00:31:57.743+0000] {dag.py:3834} INFO - Setting next_dagrun for tutorial_dag to None, run_after=None
[2026-05-03T00:31:57.754+0000] {processor.py:183} INFO - Processing /home/airflow/.local/lib/python3.8/site-packages/airflow/example_dags/tutorial_dag.py took 0.047 seconds
[2026-05-03T00:32:28.073+0000] {processor.py:161} INFO - Started process (PID=3550) to work on /home/airflow/.local/lib/python3.8/site-packages/airflow/example_dags/tutorial_dag.py
[2026-05-03T00:32:28.075+0000] {processor.py:830} INFO - Processing file /home/airflow/.local/lib/python3.8/site-packages/airflow/example_dags/tutorial_dag.py for tasks to queue
[2026-05-03T00:32:28.077+0000] {logging_mixin.py:188} INFO - [2026-05-03T00:32:28.076+0000] {dagbag.py:540} INFO - Filling up the DagBag from /home/airflow/.local/lib/python3.8/site-packages/airflow/example_dags/tutorial_dag.py
[2026-05-03T00:32:28.082+0000] {processor.py:840} INFO - DAG(s) 'tutorial_dag' retrieved from /home/airflow/.local/lib/python3.8/site-packages/airflow/example_dags/tutorial_dag.py
[2026-05-03T00:32:28.094+0000] {logging_mixin.py:188} INFO - [2026-05-03T00:32:28.094+0000] {dag.py:3047} INFO - Sync 1 DAGs
[2026-05-03T00:32:28.102+0000] {logging_mixin.py:188} INFO - [2026-05-03T00:32:28.101+0000] {dag.py:3834} INFO - Setting next_dagrun for tutorial_dag to None, run_after=None
[2026-05-03T00:32:28.117+0000] {processor.py:183} INFO - Processing /home/airflow/.local/lib/python3.8/site-packages/airflow/example_dags/tutorial_dag.py took 0.048 seconds
[2026-05-03T00:32:58.189+0000] {processor.py:161} INFO - Started process (PID=3606) to work on /home/airflow/.local/lib/python3.8/site-packages/airflow/example_dags/tutorial_dag.py
[2026-05-03T00:32:58.193+0000] {processor.py:830} INFO - Processing file /home/airflow/.local/lib/python3.8/site-packages/airflow/example_dags/tutorial_dag.py for tasks to queue
[2026-05-03T00:32:58.196+0000] {logging_mixin.py:188} INFO - [2026-05-03T00:32:58.195+0000] {dagbag.py:540} INFO - Filling up the DagBag from /home/airflow/.local/lib/python3.8/site-packages/airflow/example_dags/tutorial_dag.py
[2026-05-03T00:32:58.200+0000] {processor.py:840} INFO - DAG(s) 'tutorial_dag' retrieved from /home/airflow/.local/lib/python3.8/site-packages/airflow/example_dags/tutorial_dag.py
[2026-05-03T00:32:58.220+0000] {logging_mixin.py:188} INFO - [2026-05-03T00:32:58.219+0000] {dag.py:3047} INFO - Sync 1 DAGs
[2026-05-03T00:32:58.228+0000] {logging_mixin.py:188} INFO - [2026-05-03T00:32:58.228+0000] {dag.py:3834} INFO - Setting next_dagrun for tutorial_dag to None, run_after=None
[2026-05-03T00:32:58.240+0000] {processor.py:183} INFO - Processing /home/airflow/.local/lib/python3.8/site-packages/airflow/example_dags/tutorial_dag.py took 0.054 seconds
[2026-05-03T00:33:28.723+0000] {processor.py:161} INFO - Started process (PID=3662) to work on /home/airflow/.local/lib/python3.8/site-packages/airflow/example_dags/tutorial_dag.py
[2026-05-03T00:33:28.724+0000] {processor.py:830} INFO - Processing file /home/airflow/.local/lib/python3.8/site-packages/airflow/example_dags/tutorial_dag.py for tasks to queue
[2026-05-03T00:33:28.726+0000] {logging_mixin.py:188} INFO - [2026-05-03T00:33:28.726+0000] {dagbag.py:540} INFO - Filling up the DagBag from /home/airflow/.local/lib/python3.8/site-packages/airflow/example_dags/tutorial_dag.py
[2026-05-03T00:33:28.730+0000] {processor.py:840} INFO - DAG(s) 'tutorial_dag' retrieved from /home/airflow/.local/lib/python3.8/site-packages/airflow/example_dags/tutorial_dag.py
[2026-05-03T00:33:28.746+0000] {logging_mixin.py:188} INFO - [2026-05-03T00:33:28.746+0000] {dag.py:3047} INFO - Sync 1 DAGs
[2026-05-03T00:33:28.754+0000] {logging_mixin.py:188} INFO - [2026-05-03T00:33:28.754+0000] {dag.py:3834} INFO - Setting next_dagrun for tutorial_dag to None, run_after=None
[2026-05-03T00:33:28.765+0000] {processor.py:183} INFO - Processing /home/airflow/.local/lib/python3.8/site-packages/airflow/example_dags/tutorial_dag.py took 0.045 seconds
[2026-05-03T00:33:59.450+0000] {processor.py:161} INFO - Started process (PID=3718) to work on /home/airflow/.local/lib/python3.8/site-packages/airflow/example_dags/tutorial_dag.py
[2026-05-03T00:33:59.452+0000] {processor.py:830} INFO - Processing file /home/airflow/.local/lib/python3.8/site-packages/airflow/example_dags/tutorial_dag.py for tasks to queue
[2026-05-03T00:33:59.454+0000] {logging_mixin.py:188} INFO - [2026-05-03T00:33:59.454+0000] {dagbag.py:540} INFO - Filling up the DagBag from /home/airflow/.local/lib/python3.8/site-packages/airflow/example_dags/tutorial_dag.py
[2026-05-03T00:33:59.458+0000] {processor.py:840} INFO - DAG(s) 'tutorial_dag' retrieved from /home/airflow/.local/lib/python3.8/site-packages/airflow/example_dags/tutorial_dag.py
[2026-05-03T00:33:59.471+0000] {logging_mixin.py:188} INFO - [2026-05-03T00:33:59.471+0000] {dag.py:3047} INFO - Sync 1 DAGs
[2026-05-03T00:33:59.479+0000] {logging_mixin.py:188} INFO - [2026-05-03T00:33:59.479+0000] {dag.py:3834} INFO - Setting next_dagrun for tutorial_dag to None, run_after=None
[2026-05-03T00:33:59.490+0000] {processor.py:183} INFO - Processing /home/airflow/.local/lib/python3.8/site-packages/airflow/example_dags/tutorial_dag.py took 0.043 seconds
[2026-05-03T00:34:29.657+0000] {processor.py:161} INFO - Started process (PID=3774) to work on /home/airflow/.local/lib/python3.8/site-packages/airflow/example_dags/tutorial_dag.py
[2026-05-03T00:34:29.658+0000] {processor.py:830} INFO - Processing file /home/airflow/.local/lib/python3.8/site-packages/airflow/example_dags/tutorial_dag.py for tasks to queue
[2026-05-03T00:34:29.660+0000] {logging_mixin.py:188} INFO - [2026-05-03T00:34:29.659+0000] {dagbag.py:540} INFO - Filling up the DagBag from /home/airflow/.local/lib/python3.8/site-packages/airflow/example_dags/tutorial_dag.py
[2026-05-03T00:34:29.664+0000] {processor.py:840} INFO - DAG(s) 'tutorial_dag' retrieved from /home/airflow/.local/lib/python3.8/site-packages/airflow/example_dags/tutorial_dag.py
[2026-05-03T00:34:29.677+0000] {logging_mixin.py:188} INFO - [2026-05-03T00:34:29.677+0000] {dag.py:3047} INFO - Sync 1 DAGs
[2026-05-03T00:34:29.685+0000] {logging_mixin.py:188} INFO - [2026-05-03T00:34:29.685+0000] {dag.py:3834} INFO - Setting next_dagrun for tutorial_dag to None, run_after=None
[2026-05-03T00:34:29.694+0000] {processor.py:183} INFO - Processing /home/airflow/.local/lib/python3.8/site-packages/airflow/example_dags/tutorial_dag.py took 0.041 seconds
[2026-05-03T00:34:59.842+0000] {processor.py:161} INFO - Started process (PID=3830) to work on /home/airflow/.local/lib/python3.8/site-packages/airflow/example_dags/tutorial_dag.py
[2026-05-03T00:34:59.844+0000] {processor.py:830} INFO - Processing file /home/airflow/.local/lib/python3.8/site-packages/airflow/example_dags/tutorial_dag.py for tasks to queue
[2026-05-03T00:34:59.845+0000] {logging_mixin.py:188} INFO - [2026-05-03T00:34:59.845+0000] {dagbag.py:540} INFO - Filling up the DagBag from /home/airflow/.local/lib/python3.8/site-packages/airflow/example_dags/tutorial_dag.py
[2026-05-03T00:34:59.849+0000] {processor.py:840} INFO - DAG(s) 'tutorial_dag' retrieved from /home/airflow/.local/lib/python3.8/site-packages/airflow/example_dags/tutorial_dag.py
[2026-05-03T00:34:59.863+0000] {logging_mixin.py:188} INFO - [2026-05-03T00:34:59.862+0000] {dag.py:3047} INFO - Sync 1 DAGs
[2026-05-03T00:34:59.870+0000] {logging_mixin.py:188} INFO - [2026-05-03T00:34:59.870+0000] {dag.py:3834} INFO - Setting next_dagrun for tutorial_dag to None, run_after=None
[2026-05-03T00:34:59.880+0000] {processor.py:183} INFO - Processing /home/airflow/.local/lib/python3.8/site-packages/airflow/example_dags/tutorial_dag.py took 0.041 seconds
[2026-05-03T00:35:30.199+0000] {processor.py:161} INFO - Started process (PID=3886) to work on /home/airflow/.local/lib/python3.8/site-packages/airflow/example_dags/tutorial_dag.py
[2026-05-03T00:35:30.199+0000] {processor.py:830} INFO - Processing file /home/airflow/.local/lib/python3.8/site-packages/airflow/example_dags/tutorial_dag.py for tasks to queue
[2026-05-03T00:35:30.201+0000] {logging_mixin.py:188} INFO - [2026-05-03T00:35:30.201+0000] {dagbag.py:540} INFO - Filling up the DagBag from /home/airflow/.local/lib/python3.8/site-packages/airflow/example_dags/tutorial_dag.py
[2026-05-03T00:35:30.205+0000] {processor.py:840} INFO - DAG(s) 'tutorial_dag' retrieved from /home/airflow/.local/lib/python3.8/site-packages/airflow/example_dags/tutorial_dag.py
[2026-05-03T00:35:30.218+0000] {logging_mixin.py:188} INFO - [2026-05-03T00:35:30.218+0000] {dag.py:3047} INFO - Sync 1 DAGs
[2026-05-03T00:35:30.225+0000] {logging_mixin.py:188} INFO - [2026-05-03T00:35:30.225+0000] {dag.py:3834} INFO - Setting next_dagrun for tutorial_dag to None, run_after=None
[2026-05-03T00:35:30.235+0000] {processor.py:183} INFO - Processing /home/airflow/.local/lib/python3.8/site-packages/airflow/example_dags/tutorial_dag.py took 0.039 seconds
[2026-05-03T00:36:00.586+0000] {processor.py:161} INFO - Started process (PID=3942) to work on /home/airflow/.local/lib/python3.8/site-packages/airflow/example_dags/tutorial_dag.py
[2026-05-03T00:36:00.587+0000] {processor.py:830} INFO - Processing file /home/airflow/.local/lib/python3.8/site-packages/airflow/example_dags/tutorial_dag.py for tasks to queue
[2026-05-03T00:36:00.589+0000] {logging_mixin.py:188} INFO - [2026-05-03T00:36:00.589+0000] {dagbag.py:540} INFO - Filling up the DagBag from /home/airflow/.local/lib/python3.8/site-packages/airflow/example_dags/tutorial_dag.py
[2026-05-03T00:36:00.596+0000] {processor.py:840} INFO - DAG(s) 'tutorial_dag' retrieved from /home/airflow/.local/lib/python3.8/site-packages/airflow/example_dags/tutorial_dag.py
[2026-05-03T00:36:00.617+0000] {logging_mixin.py:188} INFO - [2026-05-03T00:36:00.616+0000] {dag.py:3047} INFO - Sync 1 DAGs
[2026-05-03T00:36:00.626+0000] {logging_mixin.py:188} INFO - [2026-05-03T00:36:00.625+0000] {dag.py:3834} INFO - Setting next_dagrun for tutorial_dag to None, run_after=None
[2026-05-03T00:36:00.645+0000] {processor.py:183} INFO - Processing /home/airflow/.local/lib/python3.8/site-packages/airflow/example_dags/tutorial_dag.py took 0.061 seconds
[2026-05-03T00:36:31.112+0000] {processor.py:161} INFO - Started process (PID=3998) to work on /home/airflow/.local/lib/python3.8/site-packages/airflow/example_dags/tutorial_dag.py
[2026-05-03T00:36:31.113+0000] {processor.py:830} INFO - Processing file /home/airflow/.local/lib/python3.8/site-packages/airflow/example_dags/tutorial_dag.py for tasks to queue
[2026-05-03T00:36:31.114+0000] {logging_mixin.py:188} INFO - [2026-05-03T00:36:31.114+0000] {dagbag.py:540} INFO - Filling up the DagBag from /home/airflow/.local/lib/python3.8/site-packages/airflow/example_dags/tutorial_dag.py
[2026-05-03T00:36:31.118+0000] {processor.py:840} INFO - DAG(s) 'tutorial_dag' retrieved from /home/airflow/.local/lib/python3.8/site-packages/airflow/example_dags/tutorial_dag.py
[2026-05-03T00:36:31.132+0000] {logging_mixin.py:188} INFO - [2026-05-03T00:36:31.131+0000] {dag.py:3047} INFO - Sync 1 DAGs
[2026-05-03T00:36:31.139+0000] {logging_mixin.py:188} INFO - [2026-05-03T00:36:31.139+0000] {dag.py:3834} INFO - Setting next_dagrun for tutorial_dag to None, run_after=None
[2026-05-03T00:36:31.149+0000] {processor.py:183} INFO - Processing /home/airflow/.local/lib/python3.8/site-packages/airflow/example_dags/tutorial_dag.py took 0.041 seconds
[2026-05-03T00:37:01.513+0000] {processor.py:161} INFO - Started process (PID=4054) to work on /home/airflow/.local/lib/python3.8/site-packages/airflow/example_dags/tutorial_dag.py
[2026-05-03T00:37:01.514+0000] {processor.py:830} INFO - Processing file /home/airflow/.local/lib/python3.8/site-packages/airflow/example_dags/tutorial_dag.py for tasks to queue
[2026-05-03T00:37:01.516+0000] {logging_mixin.py:188} INFO - [2026-05-03T00:37:01.516+0000] {dagbag.py:540} INFO - Filling up the DagBag from /home/airflow/.local/lib/python3.8/site-packages/airflow/example_dags/tutorial_dag.py
[2026-05-03T00:37:01.524+0000] {processor.py:840} INFO - DAG(s) 'tutorial_dag' retrieved from /home/airflow/.local/lib/python3.8/site-packages/airflow/example_dags/tutorial_dag.py
[2026-05-03T00:37:01.539+0000] {logging_mixin.py:188} INFO - [2026-05-03T00:37:01.539+0000] {dag.py:3047} INFO - Sync 1 DAGs
[2026-05-03T00:37:01.548+0000] {logging_mixin.py:188} INFO - [2026-05-03T00:37:01.548+0000] {dag.py:3834} INFO - Setting next_dagrun for tutorial_dag to None, run_after=None
[2026-05-03T00:37:01.559+0000] {processor.py:183} INFO - Processing /home/airflow/.local/lib/python3.8/site-packages/airflow/example_dags/tutorial_dag.py took 0.049 seconds
[2026-05-03T00:37:32.059+0000] {processor.py:161} INFO - Started process (PID=4110) to work on /home/airflow/.local/lib/python3.8/site-packages/airflow/example_dags/tutorial_dag.py
[2026-05-03T00:37:32.063+0000] {processor.py:830} INFO - Processing file /home/airflow/.local/lib/python3.8/site-packages/airflow/example_dags/tutorial_dag.py for tasks to queue
[2026-05-03T00:37:32.065+0000] {logging_mixin.py:188} INFO - [2026-05-03T00:37:32.065+0000] {dagbag.py:540} INFO - Filling up the DagBag from /home/airflow/.local/lib/python3.8/site-packages/airflow/example_dags/tutorial_dag.py
[2026-05-03T00:37:32.070+0000] {processor.py:840} INFO - DAG(s) 'tutorial_dag' retrieved from /home/airflow/.local/lib/python3.8/site-packages/airflow/example_dags/tutorial_dag.py
[2026-05-03T00:37:32.085+0000] {logging_mixin.py:188} INFO - [2026-05-03T00:37:32.085+0000] {dag.py:3047} INFO - Sync 1 DAGs
[2026-05-03T00:37:32.096+0000] {logging_mixin.py:188} INFO - [2026-05-03T00:37:32.095+0000] {dag.py:3834} INFO - Setting next_dagrun for tutorial_dag to None, run_after=None
[2026-05-03T00:37:32.111+0000] {processor.py:183} INFO - Processing /home/airflow/.local/lib/python3.8/site-packages/airflow/example_dags/tutorial_dag.py took 0.055 seconds
[2026-05-03T00:38:02.443+0000] {processor.py:161} INFO - Started process (PID=4166) to work on /home/airflow/.local/lib/python3.8/site-packages/airflow/example_dags/tutorial_dag.py
[2026-05-03T00:38:02.444+0000] {processor.py:830} INFO - Processing file /home/airflow/.local/lib/python3.8/site-packages/airflow/example_dags/tutorial_dag.py for tasks to queue
[2026-05-03T00:38:02.445+0000] {logging_mixin.py:188} INFO - [2026-05-03T00:38:02.445+0000] {dagbag.py:540} INFO - Filling up the DagBag from /home/airflow/.local/lib/python3.8/site-packages/airflow/example_dags/tutorial_dag.py
[2026-05-03T00:38:02.450+0000] {processor.py:840} INFO - DAG(s) 'tutorial_dag' retrieved from /home/airflow/.local/lib/python3.8/site-packages/airflow/example_dags/tutorial_dag.py
[2026-05-03T00:38:02.467+0000] {logging_mixin.py:188} INFO - [2026-05-03T00:38:02.467+0000] {dag.py:3047} INFO - Sync 1 DAGs
[2026-05-03T00:38:02.475+0000] {logging_mixin.py:188} INFO - [2026-05-03T00:38:02.475+0000] {dag.py:3834} INFO - Setting next_dagrun for tutorial_dag to None, run_after=None
[2026-05-03T00:38:02.491+0000] {processor.py:183} INFO - Processing /home/airflow/.local/lib/python3.8/site-packages/airflow/example_dags/tutorial_dag.py took 0.050 seconds
[2026-05-03T00:38:32.997+0000] {processor.py:161} INFO - Started process (PID=4222) to work on /home/airflow/.local/lib/python3.8/site-packages/airflow/example_dags/tutorial_dag.py
[2026-05-03T00:38:33.002+0000] {processor.py:830} INFO - Processing file /home/airflow/.local/lib/python3.8/site-packages/airflow/example_dags/tutorial_dag.py for tasks to queue
[2026-05-03T00:38:33.004+0000] {logging_mixin.py:188} INFO - [2026-05-03T00:38:33.004+0000] {dagbag.py:540} INFO - Filling up the DagBag from /home/airflow/.local/lib/python3.8/site-packages/airflow/example_dags/tutorial_dag.py
[2026-05-03T00:38:33.009+0000] {processor.py:840} INFO - DAG(s) 'tutorial_dag' retrieved from /home/airflow/.local/lib/python3.8/site-packages/airflow/example_dags/tutorial_dag.py
[2026-05-03T00:38:33.027+0000] {logging_mixin.py:188} INFO - [2026-05-03T00:38:33.027+0000] {dag.py:3047} INFO - Sync 1 DAGs
[2026-05-03T00:38:33.036+0000] {logging_mixin.py:188} INFO - [2026-05-03T00:38:33.036+0000] {dag.py:3834} INFO - Setting next_dagrun for tutorial_dag to None, run_after=None
[2026-05-03T00:38:33.048+0000] {processor.py:183} INFO - Processing /home/airflow/.local/lib/python3.8/site-packages/airflow/example_dags/tutorial_dag.py took 0.054 seconds
[2026-05-03T00:39:03.269+0000] {processor.py:161} INFO - Started process (PID=4278) to work on /home/airflow/.local/lib/python3.8/site-packages/airflow/example_dags/tutorial_dag.py
[2026-05-03T00:39:03.271+0000] {processor.py:830} INFO - Processing file /home/airflow/.local/lib/python3.8/site-packages/airflow/example_dags/tutorial_dag.py for tasks to queue
[2026-05-03T00:39:03.274+0000] {logging_mixin.py:188} INFO - [2026-05-03T00:39:03.274+0000] {dagbag.py:540} INFO - Filling up the DagBag from /home/airflow/.local/lib/python3.8/site-packages/airflow/example_dags/tutorial_dag.py
[2026-05-03T00:39:03.278+0000] {processor.py:840} INFO - DAG(s) 'tutorial_dag' retrieved from /home/airflow/.local/lib/python3.8/site-packages/airflow/example_dags/tutorial_dag.py
[2026-05-03T00:39:03.294+0000] {logging_mixin.py:188} INFO - [2026-05-03T00:39:03.294+0000] {dag.py:3047} INFO - Sync 1 DAGs
[2026-05-03T00:39:03.301+0000] {logging_mixin.py:188} INFO - [2026-05-03T00:39:03.301+0000] {dag.py:3834} INFO - Setting next_dagrun for tutorial_dag to None, run_after=None
[2026-05-03T00:39:03.316+0000] {processor.py:183} INFO - Processing /home/airflow/.local/lib/python3.8/site-packages/airflow/example_dags/tutorial_dag.py took 0.050 seconds
[2026-05-03T00:39:33.824+0000] {processor.py:161} INFO - Started process (PID=4334) to work on /home/airflow/.local/lib/python3.8/site-packages/airflow/example_dags/tutorial_dag.py
[2026-05-03T00:39:33.825+0000] {processor.py:830} INFO - Processing file /home/airflow/.local/lib/python3.8/site-packages/airflow/example_dags/tutorial_dag.py for tasks to queue
[2026-05-03T00:39:33.826+0000] {logging_mixin.py:188} INFO - [2026-05-03T00:39:33.826+0000] {dagbag.py:540} INFO - Filling up the DagBag from /home/airflow/.local/lib/python3.8/site-packages/airflow/example_dags/tutorial_dag.py
[2026-05-03T00:39:33.832+0000] {processor.py:840} INFO - DAG(s) 'tutorial_dag' retrieved from /home/airflow/.local/lib/python3.8/site-packages/airflow/example_dags/tutorial_dag.py
[2026-05-03T00:39:33.847+0000] {logging_mixin.py:188} INFO - [2026-05-03T00:39:33.847+0000] {dag.py:3047} INFO - Sync 1 DAGs
[2026-05-03T00:39:33.855+0000] {logging_mixin.py:188} INFO - [2026-05-03T00:39:33.855+0000] {dag.py:3834} INFO - Setting next_dagrun for tutorial_dag to None, run_after=None
[2026-05-03T00:39:33.867+0000] {processor.py:183} INFO - Processing /home/airflow/.local/lib/python3.8/site-packages/airflow/example_dags/tutorial_dag.py took 0.045 seconds
