[2026-05-03T00:02:01.717+0000] {processor.py:161} INFO - Started process (PID=2781) to work on /home/airflow/.local/lib/python3.8/site-packages/airflow/example_dags/tutorial.py
[2026-05-03T00:02:01.719+0000] {processor.py:830} INFO - Processing file /home/airflow/.local/lib/python3.8/site-packages/airflow/example_dags/tutorial.py for tasks to queue
[2026-05-03T00:02:01.720+0000] {logging_mixin.py:188} INFO - [2026-05-03T00:02:01.720+0000] {dagbag.py:540} INFO - Filling up the DagBag from /home/airflow/.local/lib/python3.8/site-packages/airflow/example_dags/tutorial.py
[2026-05-03T00:02:01.728+0000] {processor.py:840} INFO - DAG(s) 'tutorial' retrieved from /home/airflow/.local/lib/python3.8/site-packages/airflow/example_dags/tutorial.py
[2026-05-03T00:02:01.745+0000] {logging_mixin.py:188} INFO - [2026-05-03T00:02:01.745+0000] {dag.py:3047} INFO - Sync 1 DAGs
[2026-05-03T00:02:01.760+0000] {logging_mixin.py:188} INFO - [2026-05-03T00:02:01.760+0000] {dag.py:3834} INFO - Setting next_dagrun for tutorial to 2026-05-02 00:00:00+00:00, run_after=2026-05-03 00:00:00+00:00
[2026-05-03T00:02:01.780+0000] {processor.py:183} INFO - Processing /home/airflow/.local/lib/python3.8/site-packages/airflow/example_dags/tutorial.py took 0.066 seconds
[2026-05-03T00:11:42.292+0000] {processor.py:161} INFO - Started process (PID=2837) to work on /home/airflow/.local/lib/python3.8/site-packages/airflow/example_dags/tutorial.py
[2026-05-03T00:11:42.293+0000] {processor.py:830} INFO - Processing file /home/airflow/.local/lib/python3.8/site-packages/airflow/example_dags/tutorial.py for tasks to queue
[2026-05-03T00:11:42.295+0000] {logging_mixin.py:188} INFO - [2026-05-03T00:11:42.294+0000] {dagbag.py:540} INFO - Filling up the DagBag from /home/airflow/.local/lib/python3.8/site-packages/airflow/example_dags/tutorial.py
[2026-05-03T00:11:42.299+0000] {processor.py:840} INFO - DAG(s) 'tutorial' retrieved from /home/airflow/.local/lib/python3.8/site-packages/airflow/example_dags/tutorial.py
[2026-05-03T00:11:42.312+0000] {logging_mixin.py:188} INFO - [2026-05-03T00:11:42.312+0000] {dag.py:3047} INFO - Sync 1 DAGs
[2026-05-03T00:11:42.325+0000] {logging_mixin.py:188} INFO - [2026-05-03T00:11:42.325+0000] {dag.py:3834} INFO - Setting next_dagrun for tutorial to 2026-05-02 00:00:00+00:00, run_after=2026-05-03 00:00:00+00:00
[2026-05-03T00:11:42.335+0000] {processor.py:183} INFO - Processing /home/airflow/.local/lib/python3.8/site-packages/airflow/example_dags/tutorial.py took 0.045 seconds
[2026-05-03T00:20:54.055+0000] {processor.py:161} INFO - Started process (PID=2893) to work on /home/airflow/.local/lib/python3.8/site-packages/airflow/example_dags/tutorial.py
[2026-05-03T00:20:54.058+0000] {processor.py:830} INFO - Processing file /home/airflow/.local/lib/python3.8/site-packages/airflow/example_dags/tutorial.py for tasks to queue
[2026-05-03T00:20:54.060+0000] {logging_mixin.py:188} INFO - [2026-05-03T00:20:54.059+0000] {dagbag.py:540} INFO - Filling up the DagBag from /home/airflow/.local/lib/python3.8/site-packages/airflow/example_dags/tutorial.py
[2026-05-03T00:20:54.064+0000] {processor.py:840} INFO - DAG(s) 'tutorial' retrieved from /home/airflow/.local/lib/python3.8/site-packages/airflow/example_dags/tutorial.py
[2026-05-03T00:20:54.077+0000] {logging_mixin.py:188} INFO - [2026-05-03T00:20:54.076+0000] {dag.py:3047} INFO - Sync 1 DAGs
[2026-05-03T00:20:54.090+0000] {logging_mixin.py:188} INFO - [2026-05-03T00:20:54.090+0000] {dag.py:3834} INFO - Setting next_dagrun for tutorial to 2026-05-02 00:00:00+00:00, run_after=2026-05-03 00:00:00+00:00
[2026-05-03T00:20:54.100+0000] {processor.py:183} INFO - Processing /home/airflow/.local/lib/python3.8/site-packages/airflow/example_dags/tutorial.py took 0.047 seconds
[2026-05-03T00:26:54.288+0000] {processor.py:161} INFO - Started process (PID=2949) to work on /home/airflow/.local/lib/python3.8/site-packages/airflow/example_dags/tutorial.py
[2026-05-03T00:26:54.290+0000] {processor.py:830} INFO - Processing file /home/airflow/.local/lib/python3.8/site-packages/airflow/example_dags/tutorial.py for tasks to queue
[2026-05-03T00:26:54.292+0000] {logging_mixin.py:188} INFO - [2026-05-03T00:26:54.291+0000] {dagbag.py:540} INFO - Filling up the DagBag from /home/airflow/.local/lib/python3.8/site-packages/airflow/example_dags/tutorial.py
[2026-05-03T00:26:54.298+0000] {processor.py:840} INFO - DAG(s) 'tutorial' retrieved from /home/airflow/.local/lib/python3.8/site-packages/airflow/example_dags/tutorial.py
[2026-05-03T00:26:54.314+0000] {logging_mixin.py:188} INFO - [2026-05-03T00:26:54.314+0000] {dag.py:3047} INFO - Sync 1 DAGs
[2026-05-03T00:26:54.330+0000] {logging_mixin.py:188} INFO - [2026-05-03T00:26:54.330+0000] {dag.py:3834} INFO - Setting next_dagrun for tutorial to 2026-05-02 00:00:00+00:00, run_after=2026-05-03 00:00:00+00:00
[2026-05-03T00:26:54.342+0000] {processor.py:183} INFO - Processing /home/airflow/.local/lib/python3.8/site-packages/airflow/example_dags/tutorial.py took 0.058 seconds
[2026-05-03T00:27:24.521+0000] {processor.py:161} INFO - Started process (PID=3005) to work on /home/airflow/.local/lib/python3.8/site-packages/airflow/example_dags/tutorial.py
[2026-05-03T00:27:24.522+0000] {processor.py:830} INFO - Processing file /home/airflow/.local/lib/python3.8/site-packages/airflow/example_dags/tutorial.py for tasks to queue
[2026-05-03T00:27:24.524+0000] {logging_mixin.py:188} INFO - [2026-05-03T00:27:24.524+0000] {dagbag.py:540} INFO - Filling up the DagBag from /home/airflow/.local/lib/python3.8/site-packages/airflow/example_dags/tutorial.py
[2026-05-03T00:27:24.528+0000] {processor.py:840} INFO - DAG(s) 'tutorial' retrieved from /home/airflow/.local/lib/python3.8/site-packages/airflow/example_dags/tutorial.py
[2026-05-03T00:27:24.544+0000] {logging_mixin.py:188} INFO - [2026-05-03T00:27:24.544+0000] {dag.py:3047} INFO - Sync 1 DAGs
[2026-05-03T00:27:24.557+0000] {logging_mixin.py:188} INFO - [2026-05-03T00:27:24.557+0000] {dag.py:3834} INFO - Setting next_dagrun for tutorial to 2026-05-02 00:00:00+00:00, run_after=2026-05-03 00:00:00+00:00
[2026-05-03T00:27:24.570+0000] {processor.py:183} INFO - Processing /home/airflow/.local/lib/python3.8/site-packages/airflow/example_dags/tutorial.py took 0.051 seconds
[2026-05-03T00:27:55.681+0000] {processor.py:161} INFO - Started process (PID=3061) to work on /home/airflow/.local/lib/python3.8/site-packages/airflow/example_dags/tutorial.py
[2026-05-03T00:27:55.684+0000] {processor.py:830} INFO - Processing file /home/airflow/.local/lib/python3.8/site-packages/airflow/example_dags/tutorial.py for tasks to queue
[2026-05-03T00:27:55.687+0000] {logging_mixin.py:188} INFO - [2026-05-03T00:27:55.687+0000] {dagbag.py:540} INFO - Filling up the DagBag from /home/airflow/.local/lib/python3.8/site-packages/airflow/example_dags/tutorial.py
[2026-05-03T00:27:55.694+0000] {processor.py:840} INFO - DAG(s) 'tutorial' retrieved from /home/airflow/.local/lib/python3.8/site-packages/airflow/example_dags/tutorial.py
[2026-05-03T00:27:55.716+0000] {logging_mixin.py:188} INFO - [2026-05-03T00:27:55.716+0000] {dag.py:3047} INFO - Sync 1 DAGs
[2026-05-03T00:27:55.740+0000] {logging_mixin.py:188} INFO - [2026-05-03T00:27:55.740+0000] {dag.py:3834} INFO - Setting next_dagrun for tutorial to 2026-05-02 00:00:00+00:00, run_after=2026-05-03 00:00:00+00:00
[2026-05-03T00:27:55.759+0000] {processor.py:183} INFO - Processing /home/airflow/.local/lib/python3.8/site-packages/airflow/example_dags/tutorial.py took 0.081 seconds
[2026-05-03T00:28:26.037+0000] {processor.py:161} INFO - Started process (PID=3117) to work on /home/airflow/.local/lib/python3.8/site-packages/airflow/example_dags/tutorial.py
[2026-05-03T00:28:26.040+0000] {processor.py:830} INFO - Processing file /home/airflow/.local/lib/python3.8/site-packages/airflow/example_dags/tutorial.py for tasks to queue
[2026-05-03T00:28:26.044+0000] {logging_mixin.py:188} INFO - [2026-05-03T00:28:26.044+0000] {dagbag.py:540} INFO - Filling up the DagBag from /home/airflow/.local/lib/python3.8/site-packages/airflow/example_dags/tutorial.py
[2026-05-03T00:28:26.048+0000] {processor.py:840} INFO - DAG(s) 'tutorial' retrieved from /home/airflow/.local/lib/python3.8/site-packages/airflow/example_dags/tutorial.py
[2026-05-03T00:28:26.073+0000] {logging_mixin.py:188} INFO - [2026-05-03T00:28:26.073+0000] {dag.py:3047} INFO - Sync 1 DAGs
[2026-05-03T00:28:26.090+0000] {logging_mixin.py:188} INFO - [2026-05-03T00:28:26.090+0000] {dag.py:3834} INFO - Setting next_dagrun for tutorial to 2026-05-02 00:00:00+00:00, run_after=2026-05-03 00:00:00+00:00
[2026-05-03T00:28:26.109+0000] {processor.py:183} INFO - Processing /home/airflow/.local/lib/python3.8/site-packages/airflow/example_dags/tutorial.py took 0.074 seconds
[2026-05-03T00:28:56.408+0000] {processor.py:161} INFO - Started process (PID=3173) to work on /home/airflow/.local/lib/python3.8/site-packages/airflow/example_dags/tutorial.py
[2026-05-03T00:28:56.409+0000] {processor.py:830} INFO - Processing file /home/airflow/.local/lib/python3.8/site-packages/airflow/example_dags/tutorial.py for tasks to queue
[2026-05-03T00:28:56.411+0000] {logging_mixin.py:188} INFO - [2026-05-03T00:28:56.410+0000] {dagbag.py:540} INFO - Filling up the DagBag from /home/airflow/.local/lib/python3.8/site-packages/airflow/example_dags/tutorial.py
[2026-05-03T00:28:56.415+0000] {processor.py:840} INFO - DAG(s) 'tutorial' retrieved from /home/airflow/.local/lib/python3.8/site-packages/airflow/example_dags/tutorial.py
[2026-05-03T00:28:56.428+0000] {logging_mixin.py:188} INFO - [2026-05-03T00:28:56.428+0000] {dag.py:3047} INFO - Sync 1 DAGs
[2026-05-03T00:28:56.442+0000] {logging_mixin.py:188} INFO - [2026-05-03T00:28:56.441+0000] {dag.py:3834} INFO - Setting next_dagrun for tutorial to 2026-05-02 00:00:00+00:00, run_after=2026-05-03 00:00:00+00:00
[2026-05-03T00:28:56.455+0000] {processor.py:183} INFO - Processing /home/airflow/.local/lib/python3.8/site-packages/airflow/example_dags/tutorial.py took 0.049 seconds
[2026-05-03T00:29:26.646+0000] {processor.py:161} INFO - Started process (PID=3229) to work on /home/airflow/.local/lib/python3.8/site-packages/airflow/example_dags/tutorial.py
[2026-05-03T00:29:26.647+0000] {processor.py:830} INFO - Processing file /home/airflow/.local/lib/python3.8/site-packages/airflow/example_dags/tutorial.py for tasks to queue
[2026-05-03T00:29:26.648+0000] {logging_mixin.py:188} INFO - [2026-05-03T00:29:26.648+0000] {dagbag.py:540} INFO - Filling up the DagBag from /home/airflow/.local/lib/python3.8/site-packages/airflow/example_dags/tutorial.py
[2026-05-03T00:29:26.652+0000] {processor.py:840} INFO - DAG(s) 'tutorial' retrieved from /home/airflow/.local/lib/python3.8/site-packages/airflow/example_dags/tutorial.py
[2026-05-03T00:29:26.666+0000] {logging_mixin.py:188} INFO - [2026-05-03T00:29:26.665+0000] {dag.py:3047} INFO - Sync 1 DAGs
[2026-05-03T00:29:26.678+0000] {logging_mixin.py:188} INFO - [2026-05-03T00:29:26.678+0000] {dag.py:3834} INFO - Setting next_dagrun for tutorial to 2026-05-02 00:00:00+00:00, run_after=2026-05-03 00:00:00+00:00
[2026-05-03T00:29:26.688+0000] {processor.py:183} INFO - Processing /home/airflow/.local/lib/python3.8/site-packages/airflow/example_dags/tutorial.py took 0.044 seconds
[2026-05-03T00:29:57.008+0000] {processor.py:161} INFO - Started process (PID=3285) to work on /home/airflow/.local/lib/python3.8/site-packages/airflow/example_dags/tutorial.py
[2026-05-03T00:29:57.012+0000] {processor.py:830} INFO - Processing file /home/airflow/.local/lib/python3.8/site-packages/airflow/example_dags/tutorial.py for tasks to queue
[2026-05-03T00:29:57.013+0000] {logging_mixin.py:188} INFO - [2026-05-03T00:29:57.013+0000] {dagbag.py:540} INFO - Filling up the DagBag from /home/airflow/.local/lib/python3.8/site-packages/airflow/example_dags/tutorial.py
[2026-05-03T00:29:57.016+0000] {processor.py:840} INFO - DAG(s) 'tutorial' retrieved from /home/airflow/.local/lib/python3.8/site-packages/airflow/example_dags/tutorial.py
[2026-05-03T00:29:57.031+0000] {logging_mixin.py:188} INFO - [2026-05-03T00:29:57.031+0000] {dag.py:3047} INFO - Sync 1 DAGs
[2026-05-03T00:29:57.047+0000] {logging_mixin.py:188} INFO - [2026-05-03T00:29:57.047+0000] {dag.py:3834} INFO - Setting next_dagrun for tutorial to 2026-05-02 00:00:00+00:00, run_after=2026-05-03 00:00:00+00:00
[2026-05-03T00:29:57.063+0000] {processor.py:183} INFO - Processing /home/airflow/.local/lib/python3.8/site-packages/airflow/example_dags/tutorial.py took 0.057 seconds
[2026-05-03T00:30:27.316+0000] {processor.py:161} INFO - Started process (PID=3341) to work on /home/airflow/.local/lib/python3.8/site-packages/airflow/example_dags/tutorial.py
[2026-05-03T00:30:27.317+0000] {processor.py:830} INFO - Processing file /home/airflow/.local/lib/python3.8/site-packages/airflow/example_dags/tutorial.py for tasks to queue
[2026-05-03T00:30:27.320+0000] {logging_mixin.py:188} INFO - [2026-05-03T00:30:27.319+0000] {dagbag.py:540} INFO - Filling up the DagBag from /home/airflow/.local/lib/python3.8/site-packages/airflow/example_dags/tutorial.py
[2026-05-03T00:30:27.324+0000] {processor.py:840} INFO - DAG(s) 'tutorial' retrieved from /home/airflow/.local/lib/python3.8/site-packages/airflow/example_dags/tutorial.py
[2026-05-03T00:30:27.342+0000] {logging_mixin.py:188} INFO - [2026-05-03T00:30:27.341+0000] {dag.py:3047} INFO - Sync 1 DAGs
[2026-05-03T00:30:27.355+0000] {logging_mixin.py:188} INFO - [2026-05-03T00:30:27.355+0000] {dag.py:3834} INFO - Setting next_dagrun for tutorial to 2026-05-02 00:00:00+00:00, run_after=2026-05-03 00:00:00+00:00
[2026-05-03T00:30:27.371+0000] {processor.py:183} INFO - Processing /home/airflow/.local/lib/python3.8/site-packages/airflow/example_dags/tutorial.py took 0.058 seconds
[2026-05-03T00:30:57.488+0000] {processor.py:161} INFO - Started process (PID=3397) to work on /home/airflow/.local/lib/python3.8/site-packages/airflow/example_dags/tutorial.py
[2026-05-03T00:30:57.489+0000] {processor.py:830} INFO - Processing file /home/airflow/.local/lib/python3.8/site-packages/airflow/example_dags/tutorial.py for tasks to queue
[2026-05-03T00:30:57.491+0000] {logging_mixin.py:188} INFO - [2026-05-03T00:30:57.490+0000] {dagbag.py:540} INFO - Filling up the DagBag from /home/airflow/.local/lib/python3.8/site-packages/airflow/example_dags/tutorial.py
[2026-05-03T00:30:57.495+0000] {processor.py:840} INFO - DAG(s) 'tutorial' retrieved from /home/airflow/.local/lib/python3.8/site-packages/airflow/example_dags/tutorial.py
[2026-05-03T00:30:57.509+0000] {logging_mixin.py:188} INFO - [2026-05-03T00:30:57.509+0000] {dag.py:3047} INFO - Sync 1 DAGs
[2026-05-03T00:30:57.524+0000] {logging_mixin.py:188} INFO - [2026-05-03T00:30:57.524+0000] {dag.py:3834} INFO - Setting next_dagrun for tutorial to 2026-05-02 00:00:00+00:00, run_after=2026-05-03 00:00:00+00:00
[2026-05-03T00:30:57.535+0000] {processor.py:183} INFO - Processing /home/airflow/.local/lib/python3.8/site-packages/airflow/example_dags/tutorial.py took 0.051 seconds
[2026-05-03T00:31:28.560+0000] {processor.py:161} INFO - Started process (PID=3453) to work on /home/airflow/.local/lib/python3.8/site-packages/airflow/example_dags/tutorial.py
[2026-05-03T00:31:28.562+0000] {processor.py:830} INFO - Processing file /home/airflow/.local/lib/python3.8/site-packages/airflow/example_dags/tutorial.py for tasks to queue
[2026-05-03T00:31:28.565+0000] {logging_mixin.py:188} INFO - [2026-05-03T00:31:28.564+0000] {dagbag.py:540} INFO - Filling up the DagBag from /home/airflow/.local/lib/python3.8/site-packages/airflow/example_dags/tutorial.py
[2026-05-03T00:31:28.577+0000] {processor.py:840} INFO - DAG(s) 'tutorial' retrieved from /home/airflow/.local/lib/python3.8/site-packages/airflow/example_dags/tutorial.py
[2026-05-03T00:31:28.602+0000] {logging_mixin.py:188} INFO - [2026-05-03T00:31:28.602+0000] {dag.py:3047} INFO - Sync 1 DAGs
[2026-05-03T00:31:28.635+0000] {logging_mixin.py:188} INFO - [2026-05-03T00:31:28.635+0000] {dag.py:3834} INFO - Setting next_dagrun for tutorial to 2026-05-02 00:00:00+00:00, run_after=2026-05-03 00:00:00+00:00
[2026-05-03T00:31:28.663+0000] {processor.py:183} INFO - Processing /home/airflow/.local/lib/python3.8/site-packages/airflow/example_dags/tutorial.py took 0.108 seconds
[2026-05-03T00:31:59.416+0000] {processor.py:161} INFO - Started process (PID=3509) to work on /home/airflow/.local/lib/python3.8/site-packages/airflow/example_dags/tutorial.py
[2026-05-03T00:31:59.417+0000] {processor.py:830} INFO - Processing file /home/airflow/.local/lib/python3.8/site-packages/airflow/example_dags/tutorial.py for tasks to queue
[2026-05-03T00:31:59.419+0000] {logging_mixin.py:188} INFO - [2026-05-03T00:31:59.418+0000] {dagbag.py:540} INFO - Filling up the DagBag from /home/airflow/.local/lib/python3.8/site-packages/airflow/example_dags/tutorial.py
[2026-05-03T00:31:59.423+0000] {processor.py:840} INFO - DAG(s) 'tutorial' retrieved from /home/airflow/.local/lib/python3.8/site-packages/airflow/example_dags/tutorial.py
[2026-05-03T00:31:59.443+0000] {logging_mixin.py:188} INFO - [2026-05-03T00:31:59.442+0000] {dag.py:3047} INFO - Sync 1 DAGs
[2026-05-03T00:31:59.456+0000] {logging_mixin.py:188} INFO - [2026-05-03T00:31:59.456+0000] {dag.py:3834} INFO - Setting next_dagrun for tutorial to 2026-05-02 00:00:00+00:00, run_after=2026-05-03 00:00:00+00:00
[2026-05-03T00:31:59.466+0000] {processor.py:183} INFO - Processing /home/airflow/.local/lib/python3.8/site-packages/airflow/example_dags/tutorial.py took 0.053 seconds
[2026-05-03T00:32:29.715+0000] {processor.py:161} INFO - Started process (PID=3565) to work on /home/airflow/.local/lib/python3.8/site-packages/airflow/example_dags/tutorial.py
[2026-05-03T00:32:29.720+0000] {processor.py:830} INFO - Processing file /home/airflow/.local/lib/python3.8/site-packages/airflow/example_dags/tutorial.py for tasks to queue
[2026-05-03T00:32:29.721+0000] {logging_mixin.py:188} INFO - [2026-05-03T00:32:29.721+0000] {dagbag.py:540} INFO - Filling up the DagBag from /home/airflow/.local/lib/python3.8/site-packages/airflow/example_dags/tutorial.py
[2026-05-03T00:32:29.725+0000] {processor.py:840} INFO - DAG(s) 'tutorial' retrieved from /home/airflow/.local/lib/python3.8/site-packages/airflow/example_dags/tutorial.py
[2026-05-03T00:32:29.739+0000] {logging_mixin.py:188} INFO - [2026-05-03T00:32:29.739+0000] {dag.py:3047} INFO - Sync 1 DAGs
[2026-05-03T00:32:29.754+0000] {logging_mixin.py:188} INFO - [2026-05-03T00:32:29.753+0000] {dag.py:3834} INFO - Setting next_dagrun for tutorial to 2026-05-02 00:00:00+00:00, run_after=2026-05-03 00:00:00+00:00
[2026-05-03T00:32:29.764+0000] {processor.py:183} INFO - Processing /home/airflow/.local/lib/python3.8/site-packages/airflow/example_dags/tutorial.py took 0.052 seconds
[2026-05-03T00:32:59.911+0000] {processor.py:161} INFO - Started process (PID=3621) to work on /home/airflow/.local/lib/python3.8/site-packages/airflow/example_dags/tutorial.py
[2026-05-03T00:32:59.912+0000] {processor.py:830} INFO - Processing file /home/airflow/.local/lib/python3.8/site-packages/airflow/example_dags/tutorial.py for tasks to queue
[2026-05-03T00:32:59.914+0000] {logging_mixin.py:188} INFO - [2026-05-03T00:32:59.914+0000] {dagbag.py:540} INFO - Filling up the DagBag from /home/airflow/.local/lib/python3.8/site-packages/airflow/example_dags/tutorial.py
[2026-05-03T00:32:59.920+0000] {processor.py:840} INFO - DAG(s) 'tutorial' retrieved from /home/airflow/.local/lib/python3.8/site-packages/airflow/example_dags/tutorial.py
[2026-05-03T00:32:59.938+0000] {logging_mixin.py:188} INFO - [2026-05-03T00:32:59.938+0000] {dag.py:3047} INFO - Sync 1 DAGs
[2026-05-03T00:32:59.951+0000] {logging_mixin.py:188} INFO - [2026-05-03T00:32:59.951+0000] {dag.py:3834} INFO - Setting next_dagrun for tutorial to 2026-05-02 00:00:00+00:00, run_after=2026-05-03 00:00:00+00:00
[2026-05-03T00:32:59.964+0000] {processor.py:183} INFO - Processing /home/airflow/.local/lib/python3.8/site-packages/airflow/example_dags/tutorial.py took 0.055 seconds
[2026-05-03T00:33:30.455+0000] {processor.py:161} INFO - Started process (PID=3677) to work on /home/airflow/.local/lib/python3.8/site-packages/airflow/example_dags/tutorial.py
[2026-05-03T00:33:30.456+0000] {processor.py:830} INFO - Processing file /home/airflow/.local/lib/python3.8/site-packages/airflow/example_dags/tutorial.py for tasks to queue
[2026-05-03T00:33:30.457+0000] {logging_mixin.py:188} INFO - [2026-05-03T00:33:30.457+0000] {dagbag.py:540} INFO - Filling up the DagBag from /home/airflow/.local/lib/python3.8/site-packages/airflow/example_dags/tutorial.py
[2026-05-03T00:33:30.463+0000] {processor.py:840} INFO - DAG(s) 'tutorial' retrieved from /home/airflow/.local/lib/python3.8/site-packages/airflow/example_dags/tutorial.py
[2026-05-03T00:33:30.483+0000] {logging_mixin.py:188} INFO - [2026-05-03T00:33:30.483+0000] {dag.py:3047} INFO - Sync 1 DAGs
[2026-05-03T00:33:30.497+0000] {logging_mixin.py:188} INFO - [2026-05-03T00:33:30.497+0000] {dag.py:3834} INFO - Setting next_dagrun for tutorial to 2026-05-02 00:00:00+00:00, run_after=2026-05-03 00:00:00+00:00
[2026-05-03T00:33:30.512+0000] {processor.py:183} INFO - Processing /home/airflow/.local/lib/python3.8/site-packages/airflow/example_dags/tutorial.py took 0.059 seconds
[2026-05-03T00:34:01.074+0000] {processor.py:161} INFO - Started process (PID=3733) to work on /home/airflow/.local/lib/python3.8/site-packages/airflow/example_dags/tutorial.py
[2026-05-03T00:34:01.077+0000] {processor.py:830} INFO - Processing file /home/airflow/.local/lib/python3.8/site-packages/airflow/example_dags/tutorial.py for tasks to queue
[2026-05-03T00:34:01.079+0000] {logging_mixin.py:188} INFO - [2026-05-03T00:34:01.079+0000] {dagbag.py:540} INFO - Filling up the DagBag from /home/airflow/.local/lib/python3.8/site-packages/airflow/example_dags/tutorial.py
[2026-05-03T00:34:01.083+0000] {processor.py:840} INFO - DAG(s) 'tutorial' retrieved from /home/airflow/.local/lib/python3.8/site-packages/airflow/example_dags/tutorial.py
[2026-05-03T00:34:01.097+0000] {logging_mixin.py:188} INFO - [2026-05-03T00:34:01.097+0000] {dag.py:3047} INFO - Sync 1 DAGs
[2026-05-03T00:34:01.111+0000] {logging_mixin.py:188} INFO - [2026-05-03T00:34:01.111+0000] {dag.py:3834} INFO - Setting next_dagrun for tutorial to 2026-05-02 00:00:00+00:00, run_after=2026-05-03 00:00:00+00:00
[2026-05-03T00:34:01.121+0000] {processor.py:183} INFO - Processing /home/airflow/.local/lib/python3.8/site-packages/airflow/example_dags/tutorial.py took 0.050 seconds
[2026-05-03T00:34:31.306+0000] {processor.py:161} INFO - Started process (PID=3789) to work on /home/airflow/.local/lib/python3.8/site-packages/airflow/example_dags/tutorial.py
[2026-05-03T00:34:31.307+0000] {processor.py:830} INFO - Processing file /home/airflow/.local/lib/python3.8/site-packages/airflow/example_dags/tutorial.py for tasks to queue
[2026-05-03T00:34:31.309+0000] {logging_mixin.py:188} INFO - [2026-05-03T00:34:31.308+0000] {dagbag.py:540} INFO - Filling up the DagBag from /home/airflow/.local/lib/python3.8/site-packages/airflow/example_dags/tutorial.py
[2026-05-03T00:34:31.315+0000] {processor.py:840} INFO - DAG(s) 'tutorial' retrieved from /home/airflow/.local/lib/python3.8/site-packages/airflow/example_dags/tutorial.py
[2026-05-03T00:34:31.333+0000] {logging_mixin.py:188} INFO - [2026-05-03T00:34:31.333+0000] {dag.py:3047} INFO - Sync 1 DAGs
[2026-05-03T00:34:31.348+0000] {logging_mixin.py:188} INFO - [2026-05-03T00:34:31.348+0000] {dag.py:3834} INFO - Setting next_dagrun for tutorial to 2026-05-02 00:00:00+00:00, run_after=2026-05-03 00:00:00+00:00
[2026-05-03T00:34:31.362+0000] {processor.py:183} INFO - Processing /home/airflow/.local/lib/python3.8/site-packages/airflow/example_dags/tutorial.py took 0.058 seconds
[2026-05-03T00:35:01.427+0000] {processor.py:161} INFO - Started process (PID=3845) to work on /home/airflow/.local/lib/python3.8/site-packages/airflow/example_dags/tutorial.py
[2026-05-03T00:35:01.428+0000] {processor.py:830} INFO - Processing file /home/airflow/.local/lib/python3.8/site-packages/airflow/example_dags/tutorial.py for tasks to queue
[2026-05-03T00:35:01.430+0000] {logging_mixin.py:188} INFO - [2026-05-03T00:35:01.430+0000] {dagbag.py:540} INFO - Filling up the DagBag from /home/airflow/.local/lib/python3.8/site-packages/airflow/example_dags/tutorial.py
[2026-05-03T00:35:01.434+0000] {processor.py:840} INFO - DAG(s) 'tutorial' retrieved from /home/airflow/.local/lib/python3.8/site-packages/airflow/example_dags/tutorial.py
[2026-05-03T00:35:01.448+0000] {logging_mixin.py:188} INFO - [2026-05-03T00:35:01.448+0000] {dag.py:3047} INFO - Sync 1 DAGs
[2026-05-03T00:35:01.461+0000] {logging_mixin.py:188} INFO - [2026-05-03T00:35:01.461+0000] {dag.py:3834} INFO - Setting next_dagrun for tutorial to 2026-05-02 00:00:00+00:00, run_after=2026-05-03 00:00:00+00:00
[2026-05-03T00:35:01.473+0000] {processor.py:183} INFO - Processing /home/airflow/.local/lib/python3.8/site-packages/airflow/example_dags/tutorial.py took 0.049 seconds
[2026-05-03T00:35:31.816+0000] {processor.py:161} INFO - Started process (PID=3901) to work on /home/airflow/.local/lib/python3.8/site-packages/airflow/example_dags/tutorial.py
[2026-05-03T00:35:31.817+0000] {processor.py:830} INFO - Processing file /home/airflow/.local/lib/python3.8/site-packages/airflow/example_dags/tutorial.py for tasks to queue
[2026-05-03T00:35:31.819+0000] {logging_mixin.py:188} INFO - [2026-05-03T00:35:31.818+0000] {dagbag.py:540} INFO - Filling up the DagBag from /home/airflow/.local/lib/python3.8/site-packages/airflow/example_dags/tutorial.py
[2026-05-03T00:35:31.823+0000] {processor.py:840} INFO - DAG(s) 'tutorial' retrieved from /home/airflow/.local/lib/python3.8/site-packages/airflow/example_dags/tutorial.py
[2026-05-03T00:35:31.843+0000] {logging_mixin.py:188} INFO - [2026-05-03T00:35:31.843+0000] {dag.py:3047} INFO - Sync 1 DAGs
[2026-05-03T00:35:31.859+0000] {logging_mixin.py:188} INFO - [2026-05-03T00:35:31.858+0000] {dag.py:3834} INFO - Setting next_dagrun for tutorial to 2026-05-02 00:00:00+00:00, run_after=2026-05-03 00:00:00+00:00
[2026-05-03T00:35:31.871+0000] {processor.py:183} INFO - Processing /home/airflow/.local/lib/python3.8/site-packages/airflow/example_dags/tutorial.py took 0.058 seconds
[2026-05-03T00:36:02.376+0000] {processor.py:161} INFO - Started process (PID=3957) to work on /home/airflow/.local/lib/python3.8/site-packages/airflow/example_dags/tutorial.py
[2026-05-03T00:36:02.377+0000] {processor.py:830} INFO - Processing file /home/airflow/.local/lib/python3.8/site-packages/airflow/example_dags/tutorial.py for tasks to queue
[2026-05-03T00:36:02.379+0000] {logging_mixin.py:188} INFO - [2026-05-03T00:36:02.378+0000] {dagbag.py:540} INFO - Filling up the DagBag from /home/airflow/.local/lib/python3.8/site-packages/airflow/example_dags/tutorial.py
[2026-05-03T00:36:02.383+0000] {processor.py:840} INFO - DAG(s) 'tutorial' retrieved from /home/airflow/.local/lib/python3.8/site-packages/airflow/example_dags/tutorial.py
[2026-05-03T00:36:02.397+0000] {logging_mixin.py:188} INFO - [2026-05-03T00:36:02.397+0000] {dag.py:3047} INFO - Sync 1 DAGs
[2026-05-03T00:36:02.410+0000] {logging_mixin.py:188} INFO - [2026-05-03T00:36:02.410+0000] {dag.py:3834} INFO - Setting next_dagrun for tutorial to 2026-05-02 00:00:00+00:00, run_after=2026-05-03 00:00:00+00:00
[2026-05-03T00:36:02.420+0000] {processor.py:183} INFO - Processing /home/airflow/.local/lib/python3.8/site-packages/airflow/example_dags/tutorial.py took 0.046 seconds
[2026-05-03T00:36:32.786+0000] {processor.py:161} INFO - Started process (PID=4013) to work on /home/airflow/.local/lib/python3.8/site-packages/airflow/example_dags/tutorial.py
[2026-05-03T00:36:32.786+0000] {processor.py:830} INFO - Processing file /home/airflow/.local/lib/python3.8/site-packages/airflow/example_dags/tutorial.py for tasks to queue
[2026-05-03T00:36:32.788+0000] {logging_mixin.py:188} INFO - [2026-05-03T00:36:32.787+0000] {dagbag.py:540} INFO - Filling up the DagBag from /home/airflow/.local/lib/python3.8/site-packages/airflow/example_dags/tutorial.py
[2026-05-03T00:36:32.792+0000] {processor.py:840} INFO - DAG(s) 'tutorial' retrieved from /home/airflow/.local/lib/python3.8/site-packages/airflow/example_dags/tutorial.py
[2026-05-03T00:36:32.805+0000] {logging_mixin.py:188} INFO - [2026-05-03T00:36:32.805+0000] {dag.py:3047} INFO - Sync 1 DAGs
[2026-05-03T00:36:32.821+0000] {logging_mixin.py:188} INFO - [2026-05-03T00:36:32.821+0000] {dag.py:3834} INFO - Setting next_dagrun for tutorial to 2026-05-02 00:00:00+00:00, run_after=2026-05-03 00:00:00+00:00
[2026-05-03T00:36:32.841+0000] {processor.py:183} INFO - Processing /home/airflow/.local/lib/python3.8/site-packages/airflow/example_dags/tutorial.py took 0.058 seconds
[2026-05-03T00:37:03.233+0000] {processor.py:161} INFO - Started process (PID=4069) to work on /home/airflow/.local/lib/python3.8/site-packages/airflow/example_dags/tutorial.py
[2026-05-03T00:37:03.234+0000] {processor.py:830} INFO - Processing file /home/airflow/.local/lib/python3.8/site-packages/airflow/example_dags/tutorial.py for tasks to queue
[2026-05-03T00:37:03.235+0000] {logging_mixin.py:188} INFO - [2026-05-03T00:37:03.235+0000] {dagbag.py:540} INFO - Filling up the DagBag from /home/airflow/.local/lib/python3.8/site-packages/airflow/example_dags/tutorial.py
[2026-05-03T00:37:03.240+0000] {processor.py:840} INFO - DAG(s) 'tutorial' retrieved from /home/airflow/.local/lib/python3.8/site-packages/airflow/example_dags/tutorial.py
[2026-05-03T00:37:03.260+0000] {logging_mixin.py:188} INFO - [2026-05-03T00:37:03.260+0000] {dag.py:3047} INFO - Sync 1 DAGs
[2026-05-03T00:37:03.274+0000] {logging_mixin.py:188} INFO - [2026-05-03T00:37:03.274+0000] {dag.py:3834} INFO - Setting next_dagrun for tutorial to 2026-05-02 00:00:00+00:00, run_after=2026-05-03 00:00:00+00:00
[2026-05-03T00:37:03.289+0000] {processor.py:183} INFO - Processing /home/airflow/.local/lib/python3.8/site-packages/airflow/example_dags/tutorial.py took 0.059 seconds
[2026-05-03T00:37:33.771+0000] {processor.py:161} INFO - Started process (PID=4125) to work on /home/airflow/.local/lib/python3.8/site-packages/airflow/example_dags/tutorial.py
[2026-05-03T00:37:33.772+0000] {processor.py:830} INFO - Processing file /home/airflow/.local/lib/python3.8/site-packages/airflow/example_dags/tutorial.py for tasks to queue
[2026-05-03T00:37:33.774+0000] {logging_mixin.py:188} INFO - [2026-05-03T00:37:33.774+0000] {dagbag.py:540} INFO - Filling up the DagBag from /home/airflow/.local/lib/python3.8/site-packages/airflow/example_dags/tutorial.py
[2026-05-03T00:37:33.778+0000] {processor.py:840} INFO - DAG(s) 'tutorial' retrieved from /home/airflow/.local/lib/python3.8/site-packages/airflow/example_dags/tutorial.py
[2026-05-03T00:37:33.791+0000] {logging_mixin.py:188} INFO - [2026-05-03T00:37:33.791+0000] {dag.py:3047} INFO - Sync 1 DAGs
[2026-05-03T00:37:33.805+0000] {logging_mixin.py:188} INFO - [2026-05-03T00:37:33.805+0000] {dag.py:3834} INFO - Setting next_dagrun for tutorial to 2026-05-02 00:00:00+00:00, run_after=2026-05-03 00:00:00+00:00
[2026-05-03T00:37:33.817+0000] {processor.py:183} INFO - Processing /home/airflow/.local/lib/python3.8/site-packages/airflow/example_dags/tutorial.py took 0.049 seconds
[2026-05-03T00:38:04.188+0000] {processor.py:161} INFO - Started process (PID=4181) to work on /home/airflow/.local/lib/python3.8/site-packages/airflow/example_dags/tutorial.py
[2026-05-03T00:38:04.189+0000] {processor.py:830} INFO - Processing file /home/airflow/.local/lib/python3.8/site-packages/airflow/example_dags/tutorial.py for tasks to queue
[2026-05-03T00:38:04.190+0000] {logging_mixin.py:188} INFO - [2026-05-03T00:38:04.190+0000] {dagbag.py:540} INFO - Filling up the DagBag from /home/airflow/.local/lib/python3.8/site-packages/airflow/example_dags/tutorial.py
[2026-05-03T00:38:04.195+0000] {processor.py:840} INFO - DAG(s) 'tutorial' retrieved from /home/airflow/.local/lib/python3.8/site-packages/airflow/example_dags/tutorial.py
[2026-05-03T00:38:04.212+0000] {logging_mixin.py:188} INFO - [2026-05-03T00:38:04.212+0000] {dag.py:3047} INFO - Sync 1 DAGs
[2026-05-03T00:38:04.227+0000] {logging_mixin.py:188} INFO - [2026-05-03T00:38:04.227+0000] {dag.py:3834} INFO - Setting next_dagrun for tutorial to 2026-05-02 00:00:00+00:00, run_after=2026-05-03 00:00:00+00:00
[2026-05-03T00:38:04.245+0000] {processor.py:183} INFO - Processing /home/airflow/.local/lib/python3.8/site-packages/airflow/example_dags/tutorial.py took 0.060 seconds
[2026-05-03T00:38:34.692+0000] {processor.py:161} INFO - Started process (PID=4237) to work on /home/airflow/.local/lib/python3.8/site-packages/airflow/example_dags/tutorial.py
[2026-05-03T00:38:34.695+0000] {processor.py:830} INFO - Processing file /home/airflow/.local/lib/python3.8/site-packages/airflow/example_dags/tutorial.py for tasks to queue
[2026-05-03T00:38:34.697+0000] {logging_mixin.py:188} INFO - [2026-05-03T00:38:34.696+0000] {dagbag.py:540} INFO - Filling up the DagBag from /home/airflow/.local/lib/python3.8/site-packages/airflow/example_dags/tutorial.py
[2026-05-03T00:38:34.702+0000] {processor.py:840} INFO - DAG(s) 'tutorial' retrieved from /home/airflow/.local/lib/python3.8/site-packages/airflow/example_dags/tutorial.py
[2026-05-03T00:38:34.719+0000] {logging_mixin.py:188} INFO - [2026-05-03T00:38:34.719+0000] {dag.py:3047} INFO - Sync 1 DAGs
[2026-05-03T00:38:34.736+0000] {logging_mixin.py:188} INFO - [2026-05-03T00:38:34.736+0000] {dag.py:3834} INFO - Setting next_dagrun for tutorial to 2026-05-02 00:00:00+00:00, run_after=2026-05-03 00:00:00+00:00
[2026-05-03T00:38:34.748+0000] {processor.py:183} INFO - Processing /home/airflow/.local/lib/python3.8/site-packages/airflow/example_dags/tutorial.py took 0.059 seconds
[2026-05-03T00:39:04.960+0000] {processor.py:161} INFO - Started process (PID=4293) to work on /home/airflow/.local/lib/python3.8/site-packages/airflow/example_dags/tutorial.py
[2026-05-03T00:39:04.961+0000] {processor.py:830} INFO - Processing file /home/airflow/.local/lib/python3.8/site-packages/airflow/example_dags/tutorial.py for tasks to queue
[2026-05-03T00:39:04.962+0000] {logging_mixin.py:188} INFO - [2026-05-03T00:39:04.962+0000] {dagbag.py:540} INFO - Filling up the DagBag from /home/airflow/.local/lib/python3.8/site-packages/airflow/example_dags/tutorial.py
[2026-05-03T00:39:04.966+0000] {processor.py:840} INFO - DAG(s) 'tutorial' retrieved from /home/airflow/.local/lib/python3.8/site-packages/airflow/example_dags/tutorial.py
[2026-05-03T00:39:04.980+0000] {logging_mixin.py:188} INFO - [2026-05-03T00:39:04.980+0000] {dag.py:3047} INFO - Sync 1 DAGs
[2026-05-03T00:39:04.995+0000] {logging_mixin.py:188} INFO - [2026-05-03T00:39:04.994+0000] {dag.py:3834} INFO - Setting next_dagrun for tutorial to 2026-05-02 00:00:00+00:00, run_after=2026-05-03 00:00:00+00:00
[2026-05-03T00:39:05.007+0000] {processor.py:183} INFO - Processing /home/airflow/.local/lib/python3.8/site-packages/airflow/example_dags/tutorial.py took 0.050 seconds
[2026-05-03T00:39:35.543+0000] {processor.py:161} INFO - Started process (PID=4349) to work on /home/airflow/.local/lib/python3.8/site-packages/airflow/example_dags/tutorial.py
[2026-05-03T00:39:35.544+0000] {processor.py:830} INFO - Processing file /home/airflow/.local/lib/python3.8/site-packages/airflow/example_dags/tutorial.py for tasks to queue
[2026-05-03T00:39:35.545+0000] {logging_mixin.py:188} INFO - [2026-05-03T00:39:35.545+0000] {dagbag.py:540} INFO - Filling up the DagBag from /home/airflow/.local/lib/python3.8/site-packages/airflow/example_dags/tutorial.py
[2026-05-03T00:39:35.550+0000] {processor.py:840} INFO - DAG(s) 'tutorial' retrieved from /home/airflow/.local/lib/python3.8/site-packages/airflow/example_dags/tutorial.py
[2026-05-03T00:39:35.563+0000] {logging_mixin.py:188} INFO - [2026-05-03T00:39:35.563+0000] {dag.py:3047} INFO - Sync 1 DAGs
[2026-05-03T00:39:35.576+0000] {logging_mixin.py:188} INFO - [2026-05-03T00:39:35.576+0000] {dag.py:3834} INFO - Setting next_dagrun for tutorial to 2026-05-02 00:00:00+00:00, run_after=2026-05-03 00:00:00+00:00
[2026-05-03T00:39:35.586+0000] {processor.py:183} INFO - Processing /home/airflow/.local/lib/python3.8/site-packages/airflow/example_dags/tutorial.py took 0.045 seconds
