[2026-05-03T00:02:02.458+0000] {processor.py:161} INFO - Started process (PID=2797) to work on /home/airflow/.local/lib/python3.8/site-packages/airflow/example_dags/tutorial_taskflow_api.py
[2026-05-03T00:02:02.461+0000] {processor.py:830} INFO - Processing file /home/airflow/.local/lib/python3.8/site-packages/airflow/example_dags/tutorial_taskflow_api.py for tasks to queue
[2026-05-03T00:02:02.463+0000] {logging_mixin.py:188} INFO - [2026-05-03T00:02:02.463+0000] {dagbag.py:540} INFO - Filling up the DagBag from /home/airflow/.local/lib/python3.8/site-packages/airflow/example_dags/tutorial_taskflow_api.py
[2026-05-03T00:02:02.468+0000] {processor.py:840} INFO - DAG(s) 'tutorial_taskflow_api' retrieved from /home/airflow/.local/lib/python3.8/site-packages/airflow/example_dags/tutorial_taskflow_api.py
[2026-05-03T00:02:02.487+0000] {logging_mixin.py:188} INFO - [2026-05-03T00:02:02.487+0000] {dag.py:3047} INFO - Sync 1 DAGs
[2026-05-03T00:02:02.497+0000] {logging_mixin.py:188} INFO - [2026-05-03T00:02:02.497+0000] {dag.py:3834} INFO - Setting next_dagrun for tutorial_taskflow_api to None, run_after=None
[2026-05-03T00:02:02.516+0000] {processor.py:183} INFO - Processing /home/airflow/.local/lib/python3.8/site-packages/airflow/example_dags/tutorial_taskflow_api.py took 0.061 seconds
[2026-05-03T00:11:42.889+0000] {processor.py:161} INFO - Started process (PID=2853) to work on /home/airflow/.local/lib/python3.8/site-packages/airflow/example_dags/tutorial_taskflow_api.py
[2026-05-03T00:11:42.889+0000] {processor.py:830} INFO - Processing file /home/airflow/.local/lib/python3.8/site-packages/airflow/example_dags/tutorial_taskflow_api.py for tasks to queue
[2026-05-03T00:11:42.891+0000] {logging_mixin.py:188} INFO - [2026-05-03T00:11:42.890+0000] {dagbag.py:540} INFO - Filling up the DagBag from /home/airflow/.local/lib/python3.8/site-packages/airflow/example_dags/tutorial_taskflow_api.py
[2026-05-03T00:11:42.896+0000] {processor.py:840} INFO - DAG(s) 'tutorial_taskflow_api' retrieved from /home/airflow/.local/lib/python3.8/site-packages/airflow/example_dags/tutorial_taskflow_api.py
[2026-05-03T00:11:42.909+0000] {logging_mixin.py:188} INFO - [2026-05-03T00:11:42.909+0000] {dag.py:3047} INFO - Sync 1 DAGs
[2026-05-03T00:11:42.917+0000] {logging_mixin.py:188} INFO - [2026-05-03T00:11:42.917+0000] {dag.py:3834} INFO - Setting next_dagrun for tutorial_taskflow_api to None, run_after=None
[2026-05-03T00:11:42.927+0000] {processor.py:183} INFO - Processing /home/airflow/.local/lib/python3.8/site-packages/airflow/example_dags/tutorial_taskflow_api.py took 0.041 seconds
[2026-05-03T00:20:54.652+0000] {processor.py:161} INFO - Started process (PID=2909) to work on /home/airflow/.local/lib/python3.8/site-packages/airflow/example_dags/tutorial_taskflow_api.py
[2026-05-03T00:20:54.653+0000] {processor.py:830} INFO - Processing file /home/airflow/.local/lib/python3.8/site-packages/airflow/example_dags/tutorial_taskflow_api.py for tasks to queue
[2026-05-03T00:20:54.654+0000] {logging_mixin.py:188} INFO - [2026-05-03T00:20:54.654+0000] {dagbag.py:540} INFO - Filling up the DagBag from /home/airflow/.local/lib/python3.8/site-packages/airflow/example_dags/tutorial_taskflow_api.py
[2026-05-03T00:20:54.659+0000] {processor.py:840} INFO - DAG(s) 'tutorial_taskflow_api' retrieved from /home/airflow/.local/lib/python3.8/site-packages/airflow/example_dags/tutorial_taskflow_api.py
[2026-05-03T00:20:54.673+0000] {logging_mixin.py:188} INFO - [2026-05-03T00:20:54.673+0000] {dag.py:3047} INFO - Sync 1 DAGs
[2026-05-03T00:20:54.685+0000] {logging_mixin.py:188} INFO - [2026-05-03T00:20:54.684+0000] {dag.py:3834} INFO - Setting next_dagrun for tutorial_taskflow_api to None, run_after=None
[2026-05-03T00:20:54.698+0000] {processor.py:183} INFO - Processing /home/airflow/.local/lib/python3.8/site-packages/airflow/example_dags/tutorial_taskflow_api.py took 0.049 seconds
[2026-05-03T00:26:55.803+0000] {processor.py:161} INFO - Started process (PID=2965) to work on /home/airflow/.local/lib/python3.8/site-packages/airflow/example_dags/tutorial_taskflow_api.py
[2026-05-03T00:26:55.805+0000] {processor.py:830} INFO - Processing file /home/airflow/.local/lib/python3.8/site-packages/airflow/example_dags/tutorial_taskflow_api.py for tasks to queue
[2026-05-03T00:26:55.807+0000] {logging_mixin.py:188} INFO - [2026-05-03T00:26:55.807+0000] {dagbag.py:540} INFO - Filling up the DagBag from /home/airflow/.local/lib/python3.8/site-packages/airflow/example_dags/tutorial_taskflow_api.py
[2026-05-03T00:26:55.814+0000] {processor.py:840} INFO - DAG(s) 'tutorial_taskflow_api' retrieved from /home/airflow/.local/lib/python3.8/site-packages/airflow/example_dags/tutorial_taskflow_api.py
[2026-05-03T00:26:55.835+0000] {logging_mixin.py:188} INFO - [2026-05-03T00:26:55.835+0000] {dag.py:3047} INFO - Sync 1 DAGs
[2026-05-03T00:26:55.848+0000] {logging_mixin.py:188} INFO - [2026-05-03T00:26:55.847+0000] {dag.py:3834} INFO - Setting next_dagrun for tutorial_taskflow_api to None, run_after=None
[2026-05-03T00:26:55.877+0000] {processor.py:183} INFO - Processing /home/airflow/.local/lib/python3.8/site-packages/airflow/example_dags/tutorial_taskflow_api.py took 0.079 seconds
[2026-05-03T00:27:26.045+0000] {processor.py:161} INFO - Started process (PID=3021) to work on /home/airflow/.local/lib/python3.8/site-packages/airflow/example_dags/tutorial_taskflow_api.py
[2026-05-03T00:27:26.046+0000] {processor.py:830} INFO - Processing file /home/airflow/.local/lib/python3.8/site-packages/airflow/example_dags/tutorial_taskflow_api.py for tasks to queue
[2026-05-03T00:27:26.047+0000] {logging_mixin.py:188} INFO - [2026-05-03T00:27:26.047+0000] {dagbag.py:540} INFO - Filling up the DagBag from /home/airflow/.local/lib/python3.8/site-packages/airflow/example_dags/tutorial_taskflow_api.py
[2026-05-03T00:27:26.052+0000] {processor.py:840} INFO - DAG(s) 'tutorial_taskflow_api' retrieved from /home/airflow/.local/lib/python3.8/site-packages/airflow/example_dags/tutorial_taskflow_api.py
[2026-05-03T00:27:26.066+0000] {logging_mixin.py:188} INFO - [2026-05-03T00:27:26.066+0000] {dag.py:3047} INFO - Sync 1 DAGs
[2026-05-03T00:27:26.074+0000] {logging_mixin.py:188} INFO - [2026-05-03T00:27:26.073+0000] {dag.py:3834} INFO - Setting next_dagrun for tutorial_taskflow_api to None, run_after=None
[2026-05-03T00:27:26.085+0000] {processor.py:183} INFO - Processing /home/airflow/.local/lib/python3.8/site-packages/airflow/example_dags/tutorial_taskflow_api.py took 0.042 seconds
[2026-05-03T00:27:56.453+0000] {processor.py:161} INFO - Started process (PID=3077) to work on /home/airflow/.local/lib/python3.8/site-packages/airflow/example_dags/tutorial_taskflow_api.py
[2026-05-03T00:27:56.454+0000] {processor.py:830} INFO - Processing file /home/airflow/.local/lib/python3.8/site-packages/airflow/example_dags/tutorial_taskflow_api.py for tasks to queue
[2026-05-03T00:27:56.457+0000] {logging_mixin.py:188} INFO - [2026-05-03T00:27:56.457+0000] {dagbag.py:540} INFO - Filling up the DagBag from /home/airflow/.local/lib/python3.8/site-packages/airflow/example_dags/tutorial_taskflow_api.py
[2026-05-03T00:27:56.462+0000] {processor.py:840} INFO - DAG(s) 'tutorial_taskflow_api' retrieved from /home/airflow/.local/lib/python3.8/site-packages/airflow/example_dags/tutorial_taskflow_api.py
[2026-05-03T00:27:56.476+0000] {logging_mixin.py:188} INFO - [2026-05-03T00:27:56.476+0000] {dag.py:3047} INFO - Sync 1 DAGs
[2026-05-03T00:27:56.484+0000] {logging_mixin.py:188} INFO - [2026-05-03T00:27:56.484+0000] {dag.py:3834} INFO - Setting next_dagrun for tutorial_taskflow_api to None, run_after=None
[2026-05-03T00:27:56.503+0000] {processor.py:183} INFO - Processing /home/airflow/.local/lib/python3.8/site-packages/airflow/example_dags/tutorial_taskflow_api.py took 0.053 seconds
[2026-05-03T00:28:26.717+0000] {processor.py:161} INFO - Started process (PID=3133) to work on /home/airflow/.local/lib/python3.8/site-packages/airflow/example_dags/tutorial_taskflow_api.py
[2026-05-03T00:28:26.722+0000] {processor.py:830} INFO - Processing file /home/airflow/.local/lib/python3.8/site-packages/airflow/example_dags/tutorial_taskflow_api.py for tasks to queue
[2026-05-03T00:28:26.724+0000] {logging_mixin.py:188} INFO - [2026-05-03T00:28:26.724+0000] {dagbag.py:540} INFO - Filling up the DagBag from /home/airflow/.local/lib/python3.8/site-packages/airflow/example_dags/tutorial_taskflow_api.py
[2026-05-03T00:28:26.732+0000] {processor.py:840} INFO - DAG(s) 'tutorial_taskflow_api' retrieved from /home/airflow/.local/lib/python3.8/site-packages/airflow/example_dags/tutorial_taskflow_api.py
[2026-05-03T00:28:26.749+0000] {logging_mixin.py:188} INFO - [2026-05-03T00:28:26.749+0000] {dag.py:3047} INFO - Sync 1 DAGs
[2026-05-03T00:28:26.757+0000] {logging_mixin.py:188} INFO - [2026-05-03T00:28:26.756+0000] {dag.py:3834} INFO - Setting next_dagrun for tutorial_taskflow_api to None, run_after=None
[2026-05-03T00:28:26.768+0000] {processor.py:183} INFO - Processing /home/airflow/.local/lib/python3.8/site-packages/airflow/example_dags/tutorial_taskflow_api.py took 0.053 seconds
[2026-05-03T00:28:57.058+0000] {processor.py:161} INFO - Started process (PID=3189) to work on /home/airflow/.local/lib/python3.8/site-packages/airflow/example_dags/tutorial_taskflow_api.py
[2026-05-03T00:28:57.058+0000] {processor.py:830} INFO - Processing file /home/airflow/.local/lib/python3.8/site-packages/airflow/example_dags/tutorial_taskflow_api.py for tasks to queue
[2026-05-03T00:28:57.060+0000] {logging_mixin.py:188} INFO - [2026-05-03T00:28:57.060+0000] {dagbag.py:540} INFO - Filling up the DagBag from /home/airflow/.local/lib/python3.8/site-packages/airflow/example_dags/tutorial_taskflow_api.py
[2026-05-03T00:28:57.068+0000] {processor.py:840} INFO - DAG(s) 'tutorial_taskflow_api' retrieved from /home/airflow/.local/lib/python3.8/site-packages/airflow/example_dags/tutorial_taskflow_api.py
[2026-05-03T00:28:57.082+0000] {logging_mixin.py:188} INFO - [2026-05-03T00:28:57.082+0000] {dag.py:3047} INFO - Sync 1 DAGs
[2026-05-03T00:28:57.090+0000] {logging_mixin.py:188} INFO - [2026-05-03T00:28:57.090+0000] {dag.py:3834} INFO - Setting next_dagrun for tutorial_taskflow_api to None, run_after=None
[2026-05-03T00:28:57.109+0000] {processor.py:183} INFO - Processing /home/airflow/.local/lib/python3.8/site-packages/airflow/example_dags/tutorial_taskflow_api.py took 0.054 seconds
[2026-05-03T00:29:27.390+0000] {processor.py:161} INFO - Started process (PID=3245) to work on /home/airflow/.local/lib/python3.8/site-packages/airflow/example_dags/tutorial_taskflow_api.py
[2026-05-03T00:29:27.391+0000] {processor.py:830} INFO - Processing file /home/airflow/.local/lib/python3.8/site-packages/airflow/example_dags/tutorial_taskflow_api.py for tasks to queue
[2026-05-03T00:29:27.392+0000] {logging_mixin.py:188} INFO - [2026-05-03T00:29:27.392+0000] {dagbag.py:540} INFO - Filling up the DagBag from /home/airflow/.local/lib/python3.8/site-packages/airflow/example_dags/tutorial_taskflow_api.py
[2026-05-03T00:29:27.397+0000] {processor.py:840} INFO - DAG(s) 'tutorial_taskflow_api' retrieved from /home/airflow/.local/lib/python3.8/site-packages/airflow/example_dags/tutorial_taskflow_api.py
[2026-05-03T00:29:27.410+0000] {logging_mixin.py:188} INFO - [2026-05-03T00:29:27.410+0000] {dag.py:3047} INFO - Sync 1 DAGs
[2026-05-03T00:29:27.418+0000] {logging_mixin.py:188} INFO - [2026-05-03T00:29:27.418+0000] {dag.py:3834} INFO - Setting next_dagrun for tutorial_taskflow_api to None, run_after=None
[2026-05-03T00:29:27.428+0000] {processor.py:183} INFO - Processing /home/airflow/.local/lib/python3.8/site-packages/airflow/example_dags/tutorial_taskflow_api.py took 0.040 seconds
[2026-05-03T00:29:57.667+0000] {processor.py:161} INFO - Started process (PID=3301) to work on /home/airflow/.local/lib/python3.8/site-packages/airflow/example_dags/tutorial_taskflow_api.py
[2026-05-03T00:29:57.668+0000] {processor.py:830} INFO - Processing file /home/airflow/.local/lib/python3.8/site-packages/airflow/example_dags/tutorial_taskflow_api.py for tasks to queue
[2026-05-03T00:29:57.670+0000] {logging_mixin.py:188} INFO - [2026-05-03T00:29:57.670+0000] {dagbag.py:540} INFO - Filling up the DagBag from /home/airflow/.local/lib/python3.8/site-packages/airflow/example_dags/tutorial_taskflow_api.py
[2026-05-03T00:29:57.678+0000] {processor.py:840} INFO - DAG(s) 'tutorial_taskflow_api' retrieved from /home/airflow/.local/lib/python3.8/site-packages/airflow/example_dags/tutorial_taskflow_api.py
[2026-05-03T00:29:57.693+0000] {logging_mixin.py:188} INFO - [2026-05-03T00:29:57.693+0000] {dag.py:3047} INFO - Sync 1 DAGs
[2026-05-03T00:29:57.701+0000] {logging_mixin.py:188} INFO - [2026-05-03T00:29:57.701+0000] {dag.py:3834} INFO - Setting next_dagrun for tutorial_taskflow_api to None, run_after=None
[2026-05-03T00:29:57.720+0000] {processor.py:183} INFO - Processing /home/airflow/.local/lib/python3.8/site-packages/airflow/example_dags/tutorial_taskflow_api.py took 0.055 seconds
[2026-05-03T00:30:27.911+0000] {processor.py:161} INFO - Started process (PID=3357) to work on /home/airflow/.local/lib/python3.8/site-packages/airflow/example_dags/tutorial_taskflow_api.py
[2026-05-03T00:30:27.912+0000] {processor.py:830} INFO - Processing file /home/airflow/.local/lib/python3.8/site-packages/airflow/example_dags/tutorial_taskflow_api.py for tasks to queue
[2026-05-03T00:30:27.913+0000] {logging_mixin.py:188} INFO - [2026-05-03T00:30:27.913+0000] {dagbag.py:540} INFO - Filling up the DagBag from /home/airflow/.local/lib/python3.8/site-packages/airflow/example_dags/tutorial_taskflow_api.py
[2026-05-03T00:30:27.917+0000] {processor.py:840} INFO - DAG(s) 'tutorial_taskflow_api' retrieved from /home/airflow/.local/lib/python3.8/site-packages/airflow/example_dags/tutorial_taskflow_api.py
[2026-05-03T00:30:27.931+0000] {logging_mixin.py:188} INFO - [2026-05-03T00:30:27.930+0000] {dag.py:3047} INFO - Sync 1 DAGs
[2026-05-03T00:30:27.939+0000] {logging_mixin.py:188} INFO - [2026-05-03T00:30:27.939+0000] {dag.py:3834} INFO - Setting next_dagrun for tutorial_taskflow_api to None, run_after=None
[2026-05-03T00:30:27.954+0000] {processor.py:183} INFO - Processing /home/airflow/.local/lib/python3.8/site-packages/airflow/example_dags/tutorial_taskflow_api.py took 0.046 seconds
[2026-05-03T00:30:58.104+0000] {processor.py:161} INFO - Started process (PID=3413) to work on /home/airflow/.local/lib/python3.8/site-packages/airflow/example_dags/tutorial_taskflow_api.py
[2026-05-03T00:30:58.107+0000] {processor.py:830} INFO - Processing file /home/airflow/.local/lib/python3.8/site-packages/airflow/example_dags/tutorial_taskflow_api.py for tasks to queue
[2026-05-03T00:30:58.109+0000] {logging_mixin.py:188} INFO - [2026-05-03T00:30:58.109+0000] {dagbag.py:540} INFO - Filling up the DagBag from /home/airflow/.local/lib/python3.8/site-packages/airflow/example_dags/tutorial_taskflow_api.py
[2026-05-03T00:30:58.114+0000] {processor.py:840} INFO - DAG(s) 'tutorial_taskflow_api' retrieved from /home/airflow/.local/lib/python3.8/site-packages/airflow/example_dags/tutorial_taskflow_api.py
[2026-05-03T00:30:58.132+0000] {logging_mixin.py:188} INFO - [2026-05-03T00:30:58.132+0000] {dag.py:3047} INFO - Sync 1 DAGs
[2026-05-03T00:30:58.141+0000] {logging_mixin.py:188} INFO - [2026-05-03T00:30:58.141+0000] {dag.py:3834} INFO - Setting next_dagrun for tutorial_taskflow_api to None, run_after=None
[2026-05-03T00:30:58.154+0000] {processor.py:183} INFO - Processing /home/airflow/.local/lib/python3.8/site-packages/airflow/example_dags/tutorial_taskflow_api.py took 0.052 seconds
[2026-05-03T00:31:29.558+0000] {processor.py:161} INFO - Started process (PID=3469) to work on /home/airflow/.local/lib/python3.8/site-packages/airflow/example_dags/tutorial_taskflow_api.py
[2026-05-03T00:31:29.562+0000] {processor.py:830} INFO - Processing file /home/airflow/.local/lib/python3.8/site-packages/airflow/example_dags/tutorial_taskflow_api.py for tasks to queue
[2026-05-03T00:31:29.565+0000] {logging_mixin.py:188} INFO - [2026-05-03T00:31:29.565+0000] {dagbag.py:540} INFO - Filling up the DagBag from /home/airflow/.local/lib/python3.8/site-packages/airflow/example_dags/tutorial_taskflow_api.py
[2026-05-03T00:31:29.575+0000] {processor.py:840} INFO - DAG(s) 'tutorial_taskflow_api' retrieved from /home/airflow/.local/lib/python3.8/site-packages/airflow/example_dags/tutorial_taskflow_api.py
[2026-05-03T00:31:29.603+0000] {logging_mixin.py:188} INFO - [2026-05-03T00:31:29.602+0000] {dag.py:3047} INFO - Sync 1 DAGs
[2026-05-03T00:31:29.618+0000] {logging_mixin.py:188} INFO - [2026-05-03T00:31:29.618+0000] {dag.py:3834} INFO - Setting next_dagrun for tutorial_taskflow_api to None, run_after=None
[2026-05-03T00:31:29.645+0000] {processor.py:183} INFO - Processing /home/airflow/.local/lib/python3.8/site-packages/airflow/example_dags/tutorial_taskflow_api.py took 0.091 seconds
[2026-05-03T00:32:00.010+0000] {processor.py:161} INFO - Started process (PID=3525) to work on /home/airflow/.local/lib/python3.8/site-packages/airflow/example_dags/tutorial_taskflow_api.py
[2026-05-03T00:32:00.012+0000] {processor.py:830} INFO - Processing file /home/airflow/.local/lib/python3.8/site-packages/airflow/example_dags/tutorial_taskflow_api.py for tasks to queue
[2026-05-03T00:32:00.014+0000] {logging_mixin.py:188} INFO - [2026-05-03T00:32:00.014+0000] {dagbag.py:540} INFO - Filling up the DagBag from /home/airflow/.local/lib/python3.8/site-packages/airflow/example_dags/tutorial_taskflow_api.py
[2026-05-03T00:32:00.020+0000] {processor.py:840} INFO - DAG(s) 'tutorial_taskflow_api' retrieved from /home/airflow/.local/lib/python3.8/site-packages/airflow/example_dags/tutorial_taskflow_api.py
[2026-05-03T00:32:00.041+0000] {logging_mixin.py:188} INFO - [2026-05-03T00:32:00.041+0000] {dag.py:3047} INFO - Sync 1 DAGs
[2026-05-03T00:32:00.051+0000] {logging_mixin.py:188} INFO - [2026-05-03T00:32:00.051+0000] {dag.py:3834} INFO - Setting next_dagrun for tutorial_taskflow_api to None, run_after=None
[2026-05-03T00:32:00.065+0000] {processor.py:183} INFO - Processing /home/airflow/.local/lib/python3.8/site-packages/airflow/example_dags/tutorial_taskflow_api.py took 0.058 seconds
[2026-05-03T00:32:30.279+0000] {processor.py:161} INFO - Started process (PID=3581) to work on /home/airflow/.local/lib/python3.8/site-packages/airflow/example_dags/tutorial_taskflow_api.py
[2026-05-03T00:32:30.282+0000] {processor.py:830} INFO - Processing file /home/airflow/.local/lib/python3.8/site-packages/airflow/example_dags/tutorial_taskflow_api.py for tasks to queue
[2026-05-03T00:32:30.283+0000] {logging_mixin.py:188} INFO - [2026-05-03T00:32:30.283+0000] {dagbag.py:540} INFO - Filling up the DagBag from /home/airflow/.local/lib/python3.8/site-packages/airflow/example_dags/tutorial_taskflow_api.py
[2026-05-03T00:32:30.288+0000] {processor.py:840} INFO - DAG(s) 'tutorial_taskflow_api' retrieved from /home/airflow/.local/lib/python3.8/site-packages/airflow/example_dags/tutorial_taskflow_api.py
[2026-05-03T00:32:30.303+0000] {logging_mixin.py:188} INFO - [2026-05-03T00:32:30.302+0000] {dag.py:3047} INFO - Sync 1 DAGs
[2026-05-03T00:32:30.310+0000] {logging_mixin.py:188} INFO - [2026-05-03T00:32:30.310+0000] {dag.py:3834} INFO - Setting next_dagrun for tutorial_taskflow_api to None, run_after=None
[2026-05-03T00:32:30.322+0000] {processor.py:183} INFO - Processing /home/airflow/.local/lib/python3.8/site-packages/airflow/example_dags/tutorial_taskflow_api.py took 0.046 seconds
[2026-05-03T00:33:00.543+0000] {processor.py:161} INFO - Started process (PID=3637) to work on /home/airflow/.local/lib/python3.8/site-packages/airflow/example_dags/tutorial_taskflow_api.py
[2026-05-03T00:33:00.544+0000] {processor.py:830} INFO - Processing file /home/airflow/.local/lib/python3.8/site-packages/airflow/example_dags/tutorial_taskflow_api.py for tasks to queue
[2026-05-03T00:33:00.546+0000] {logging_mixin.py:188} INFO - [2026-05-03T00:33:00.545+0000] {dagbag.py:540} INFO - Filling up the DagBag from /home/airflow/.local/lib/python3.8/site-packages/airflow/example_dags/tutorial_taskflow_api.py
[2026-05-03T00:33:00.551+0000] {processor.py:840} INFO - DAG(s) 'tutorial_taskflow_api' retrieved from /home/airflow/.local/lib/python3.8/site-packages/airflow/example_dags/tutorial_taskflow_api.py
[2026-05-03T00:33:00.567+0000] {logging_mixin.py:188} INFO - [2026-05-03T00:33:00.567+0000] {dag.py:3047} INFO - Sync 1 DAGs
[2026-05-03T00:33:00.575+0000] {logging_mixin.py:188} INFO - [2026-05-03T00:33:00.575+0000] {dag.py:3834} INFO - Setting next_dagrun for tutorial_taskflow_api to None, run_after=None
[2026-05-03T00:33:00.588+0000] {processor.py:183} INFO - Processing /home/airflow/.local/lib/python3.8/site-packages/airflow/example_dags/tutorial_taskflow_api.py took 0.048 seconds
[2026-05-03T00:33:31.143+0000] {processor.py:161} INFO - Started process (PID=3693) to work on /home/airflow/.local/lib/python3.8/site-packages/airflow/example_dags/tutorial_taskflow_api.py
[2026-05-03T00:33:31.144+0000] {processor.py:830} INFO - Processing file /home/airflow/.local/lib/python3.8/site-packages/airflow/example_dags/tutorial_taskflow_api.py for tasks to queue
[2026-05-03T00:33:31.146+0000] {logging_mixin.py:188} INFO - [2026-05-03T00:33:31.145+0000] {dagbag.py:540} INFO - Filling up the DagBag from /home/airflow/.local/lib/python3.8/site-packages/airflow/example_dags/tutorial_taskflow_api.py
[2026-05-03T00:33:31.152+0000] {processor.py:840} INFO - DAG(s) 'tutorial_taskflow_api' retrieved from /home/airflow/.local/lib/python3.8/site-packages/airflow/example_dags/tutorial_taskflow_api.py
[2026-05-03T00:33:31.169+0000] {logging_mixin.py:188} INFO - [2026-05-03T00:33:31.169+0000] {dag.py:3047} INFO - Sync 1 DAGs
[2026-05-03T00:33:31.177+0000] {logging_mixin.py:188} INFO - [2026-05-03T00:33:31.177+0000] {dag.py:3834} INFO - Setting next_dagrun for tutorial_taskflow_api to None, run_after=None
[2026-05-03T00:33:31.188+0000] {processor.py:183} INFO - Processing /home/airflow/.local/lib/python3.8/site-packages/airflow/example_dags/tutorial_taskflow_api.py took 0.047 seconds
[2026-05-03T00:34:01.713+0000] {processor.py:161} INFO - Started process (PID=3749) to work on /home/airflow/.local/lib/python3.8/site-packages/airflow/example_dags/tutorial_taskflow_api.py
[2026-05-03T00:34:01.714+0000] {processor.py:830} INFO - Processing file /home/airflow/.local/lib/python3.8/site-packages/airflow/example_dags/tutorial_taskflow_api.py for tasks to queue
[2026-05-03T00:34:01.716+0000] {logging_mixin.py:188} INFO - [2026-05-03T00:34:01.715+0000] {dagbag.py:540} INFO - Filling up the DagBag from /home/airflow/.local/lib/python3.8/site-packages/airflow/example_dags/tutorial_taskflow_api.py
[2026-05-03T00:34:01.720+0000] {processor.py:840} INFO - DAG(s) 'tutorial_taskflow_api' retrieved from /home/airflow/.local/lib/python3.8/site-packages/airflow/example_dags/tutorial_taskflow_api.py
[2026-05-03T00:34:01.736+0000] {logging_mixin.py:188} INFO - [2026-05-03T00:34:01.736+0000] {dag.py:3047} INFO - Sync 1 DAGs
[2026-05-03T00:34:01.744+0000] {logging_mixin.py:188} INFO - [2026-05-03T00:34:01.744+0000] {dag.py:3834} INFO - Setting next_dagrun for tutorial_taskflow_api to None, run_after=None
[2026-05-03T00:34:01.759+0000] {processor.py:183} INFO - Processing /home/airflow/.local/lib/python3.8/site-packages/airflow/example_dags/tutorial_taskflow_api.py took 0.048 seconds
[2026-05-03T00:34:31.922+0000] {processor.py:161} INFO - Started process (PID=3805) to work on /home/airflow/.local/lib/python3.8/site-packages/airflow/example_dags/tutorial_taskflow_api.py
[2026-05-03T00:34:31.923+0000] {processor.py:830} INFO - Processing file /home/airflow/.local/lib/python3.8/site-packages/airflow/example_dags/tutorial_taskflow_api.py for tasks to queue
[2026-05-03T00:34:31.924+0000] {logging_mixin.py:188} INFO - [2026-05-03T00:34:31.924+0000] {dagbag.py:540} INFO - Filling up the DagBag from /home/airflow/.local/lib/python3.8/site-packages/airflow/example_dags/tutorial_taskflow_api.py
[2026-05-03T00:34:31.929+0000] {processor.py:840} INFO - DAG(s) 'tutorial_taskflow_api' retrieved from /home/airflow/.local/lib/python3.8/site-packages/airflow/example_dags/tutorial_taskflow_api.py
[2026-05-03T00:34:31.951+0000] {logging_mixin.py:188} INFO - [2026-05-03T00:34:31.951+0000] {dag.py:3047} INFO - Sync 1 DAGs
[2026-05-03T00:34:31.960+0000] {logging_mixin.py:188} INFO - [2026-05-03T00:34:31.960+0000] {dag.py:3834} INFO - Setting next_dagrun for tutorial_taskflow_api to None, run_after=None
[2026-05-03T00:34:31.971+0000] {processor.py:183} INFO - Processing /home/airflow/.local/lib/python3.8/site-packages/airflow/example_dags/tutorial_taskflow_api.py took 0.053 seconds
[2026-05-03T00:35:02.122+0000] {processor.py:161} INFO - Started process (PID=3861) to work on /home/airflow/.local/lib/python3.8/site-packages/airflow/example_dags/tutorial_taskflow_api.py
[2026-05-03T00:35:02.123+0000] {processor.py:830} INFO - Processing file /home/airflow/.local/lib/python3.8/site-packages/airflow/example_dags/tutorial_taskflow_api.py for tasks to queue
[2026-05-03T00:35:02.125+0000] {logging_mixin.py:188} INFO - [2026-05-03T00:35:02.125+0000] {dagbag.py:540} INFO - Filling up the DagBag from /home/airflow/.local/lib/python3.8/site-packages/airflow/example_dags/tutorial_taskflow_api.py
[2026-05-03T00:35:02.131+0000] {processor.py:840} INFO - DAG(s) 'tutorial_taskflow_api' retrieved from /home/airflow/.local/lib/python3.8/site-packages/airflow/example_dags/tutorial_taskflow_api.py
[2026-05-03T00:35:02.145+0000] {logging_mixin.py:188} INFO - [2026-05-03T00:35:02.145+0000] {dag.py:3047} INFO - Sync 1 DAGs
[2026-05-03T00:35:02.153+0000] {logging_mixin.py:188} INFO - [2026-05-03T00:35:02.153+0000] {dag.py:3834} INFO - Setting next_dagrun for tutorial_taskflow_api to None, run_after=None
[2026-05-03T00:35:02.166+0000] {processor.py:183} INFO - Processing /home/airflow/.local/lib/python3.8/site-packages/airflow/example_dags/tutorial_taskflow_api.py took 0.046 seconds
[2026-05-03T00:35:32.481+0000] {processor.py:161} INFO - Started process (PID=3917) to work on /home/airflow/.local/lib/python3.8/site-packages/airflow/example_dags/tutorial_taskflow_api.py
[2026-05-03T00:35:32.482+0000] {processor.py:830} INFO - Processing file /home/airflow/.local/lib/python3.8/site-packages/airflow/example_dags/tutorial_taskflow_api.py for tasks to queue
[2026-05-03T00:35:32.483+0000] {logging_mixin.py:188} INFO - [2026-05-03T00:35:32.483+0000] {dagbag.py:540} INFO - Filling up the DagBag from /home/airflow/.local/lib/python3.8/site-packages/airflow/example_dags/tutorial_taskflow_api.py
[2026-05-03T00:35:32.488+0000] {processor.py:840} INFO - DAG(s) 'tutorial_taskflow_api' retrieved from /home/airflow/.local/lib/python3.8/site-packages/airflow/example_dags/tutorial_taskflow_api.py
[2026-05-03T00:35:32.505+0000] {logging_mixin.py:188} INFO - [2026-05-03T00:35:32.505+0000] {dag.py:3047} INFO - Sync 1 DAGs
[2026-05-03T00:35:32.515+0000] {logging_mixin.py:188} INFO - [2026-05-03T00:35:32.515+0000] {dag.py:3834} INFO - Setting next_dagrun for tutorial_taskflow_api to None, run_after=None
[2026-05-03T00:35:32.532+0000] {processor.py:183} INFO - Processing /home/airflow/.local/lib/python3.8/site-packages/airflow/example_dags/tutorial_taskflow_api.py took 0.054 seconds
[2026-05-03T00:36:03.182+0000] {processor.py:161} INFO - Started process (PID=3973) to work on /home/airflow/.local/lib/python3.8/site-packages/airflow/example_dags/tutorial_taskflow_api.py
[2026-05-03T00:36:03.183+0000] {processor.py:830} INFO - Processing file /home/airflow/.local/lib/python3.8/site-packages/airflow/example_dags/tutorial_taskflow_api.py for tasks to queue
[2026-05-03T00:36:03.185+0000] {logging_mixin.py:188} INFO - [2026-05-03T00:36:03.184+0000] {dagbag.py:540} INFO - Filling up the DagBag from /home/airflow/.local/lib/python3.8/site-packages/airflow/example_dags/tutorial_taskflow_api.py
[2026-05-03T00:36:03.190+0000] {processor.py:840} INFO - DAG(s) 'tutorial_taskflow_api' retrieved from /home/airflow/.local/lib/python3.8/site-packages/airflow/example_dags/tutorial_taskflow_api.py
[2026-05-03T00:36:03.204+0000] {logging_mixin.py:188} INFO - [2026-05-03T00:36:03.204+0000] {dag.py:3047} INFO - Sync 1 DAGs
[2026-05-03T00:36:03.215+0000] {logging_mixin.py:188} INFO - [2026-05-03T00:36:03.215+0000] {dag.py:3834} INFO - Setting next_dagrun for tutorial_taskflow_api to None, run_after=None
[2026-05-03T00:36:03.228+0000] {processor.py:183} INFO - Processing /home/airflow/.local/lib/python3.8/site-packages/airflow/example_dags/tutorial_taskflow_api.py took 0.049 seconds
[2026-05-03T00:36:33.430+0000] {processor.py:161} INFO - Started process (PID=4029) to work on /home/airflow/.local/lib/python3.8/site-packages/airflow/example_dags/tutorial_taskflow_api.py
[2026-05-03T00:36:33.431+0000] {processor.py:830} INFO - Processing file /home/airflow/.local/lib/python3.8/site-packages/airflow/example_dags/tutorial_taskflow_api.py for tasks to queue
[2026-05-03T00:36:33.432+0000] {logging_mixin.py:188} INFO - [2026-05-03T00:36:33.432+0000] {dagbag.py:540} INFO - Filling up the DagBag from /home/airflow/.local/lib/python3.8/site-packages/airflow/example_dags/tutorial_taskflow_api.py
[2026-05-03T00:36:33.439+0000] {processor.py:840} INFO - DAG(s) 'tutorial_taskflow_api' retrieved from /home/airflow/.local/lib/python3.8/site-packages/airflow/example_dags/tutorial_taskflow_api.py
[2026-05-03T00:36:33.456+0000] {logging_mixin.py:188} INFO - [2026-05-03T00:36:33.456+0000] {dag.py:3047} INFO - Sync 1 DAGs
[2026-05-03T00:36:33.463+0000] {logging_mixin.py:188} INFO - [2026-05-03T00:36:33.463+0000] {dag.py:3834} INFO - Setting next_dagrun for tutorial_taskflow_api to None, run_after=None
[2026-05-03T00:36:33.479+0000] {processor.py:183} INFO - Processing /home/airflow/.local/lib/python3.8/site-packages/airflow/example_dags/tutorial_taskflow_api.py took 0.052 seconds
[2026-05-03T00:37:03.857+0000] {processor.py:161} INFO - Started process (PID=4085) to work on /home/airflow/.local/lib/python3.8/site-packages/airflow/example_dags/tutorial_taskflow_api.py
[2026-05-03T00:37:03.859+0000] {processor.py:830} INFO - Processing file /home/airflow/.local/lib/python3.8/site-packages/airflow/example_dags/tutorial_taskflow_api.py for tasks to queue
[2026-05-03T00:37:03.860+0000] {logging_mixin.py:188} INFO - [2026-05-03T00:37:03.860+0000] {dagbag.py:540} INFO - Filling up the DagBag from /home/airflow/.local/lib/python3.8/site-packages/airflow/example_dags/tutorial_taskflow_api.py
[2026-05-03T00:37:03.865+0000] {processor.py:840} INFO - DAG(s) 'tutorial_taskflow_api' retrieved from /home/airflow/.local/lib/python3.8/site-packages/airflow/example_dags/tutorial_taskflow_api.py
[2026-05-03T00:37:03.881+0000] {logging_mixin.py:188} INFO - [2026-05-03T00:37:03.881+0000] {dag.py:3047} INFO - Sync 1 DAGs
[2026-05-03T00:37:03.896+0000] {logging_mixin.py:188} INFO - [2026-05-03T00:37:03.895+0000] {dag.py:3834} INFO - Setting next_dagrun for tutorial_taskflow_api to None, run_after=None
[2026-05-03T00:37:03.923+0000] {processor.py:183} INFO - Processing /home/airflow/.local/lib/python3.8/site-packages/airflow/example_dags/tutorial_taskflow_api.py took 0.068 seconds
[2026-05-03T00:37:34.485+0000] {processor.py:161} INFO - Started process (PID=4141) to work on /home/airflow/.local/lib/python3.8/site-packages/airflow/example_dags/tutorial_taskflow_api.py
[2026-05-03T00:37:34.485+0000] {processor.py:830} INFO - Processing file /home/airflow/.local/lib/python3.8/site-packages/airflow/example_dags/tutorial_taskflow_api.py for tasks to queue
[2026-05-03T00:37:34.487+0000] {logging_mixin.py:188} INFO - [2026-05-03T00:37:34.487+0000] {dagbag.py:540} INFO - Filling up the DagBag from /home/airflow/.local/lib/python3.8/site-packages/airflow/example_dags/tutorial_taskflow_api.py
[2026-05-03T00:37:34.492+0000] {processor.py:840} INFO - DAG(s) 'tutorial_taskflow_api' retrieved from /home/airflow/.local/lib/python3.8/site-packages/airflow/example_dags/tutorial_taskflow_api.py
[2026-05-03T00:37:34.511+0000] {logging_mixin.py:188} INFO - [2026-05-03T00:37:34.511+0000] {dag.py:3047} INFO - Sync 1 DAGs
[2026-05-03T00:37:34.519+0000] {logging_mixin.py:188} INFO - [2026-05-03T00:37:34.519+0000] {dag.py:3834} INFO - Setting next_dagrun for tutorial_taskflow_api to None, run_after=None
[2026-05-03T00:37:34.537+0000] {processor.py:183} INFO - Processing /home/airflow/.local/lib/python3.8/site-packages/airflow/example_dags/tutorial_taskflow_api.py took 0.055 seconds
[2026-05-03T00:38:04.909+0000] {processor.py:161} INFO - Started process (PID=4197) to work on /home/airflow/.local/lib/python3.8/site-packages/airflow/example_dags/tutorial_taskflow_api.py
[2026-05-03T00:38:04.912+0000] {processor.py:830} INFO - Processing file /home/airflow/.local/lib/python3.8/site-packages/airflow/example_dags/tutorial_taskflow_api.py for tasks to queue
[2026-05-03T00:38:04.914+0000] {logging_mixin.py:188} INFO - [2026-05-03T00:38:04.914+0000] {dagbag.py:540} INFO - Filling up the DagBag from /home/airflow/.local/lib/python3.8/site-packages/airflow/example_dags/tutorial_taskflow_api.py
[2026-05-03T00:38:04.920+0000] {processor.py:840} INFO - DAG(s) 'tutorial_taskflow_api' retrieved from /home/airflow/.local/lib/python3.8/site-packages/airflow/example_dags/tutorial_taskflow_api.py
[2026-05-03T00:38:04.935+0000] {logging_mixin.py:188} INFO - [2026-05-03T00:38:04.935+0000] {dag.py:3047} INFO - Sync 1 DAGs
[2026-05-03T00:38:04.944+0000] {logging_mixin.py:188} INFO - [2026-05-03T00:38:04.944+0000] {dag.py:3834} INFO - Setting next_dagrun for tutorial_taskflow_api to None, run_after=None
[2026-05-03T00:38:04.959+0000] {processor.py:183} INFO - Processing /home/airflow/.local/lib/python3.8/site-packages/airflow/example_dags/tutorial_taskflow_api.py took 0.054 seconds
[2026-05-03T00:38:35.327+0000] {processor.py:161} INFO - Started process (PID=4253) to work on /home/airflow/.local/lib/python3.8/site-packages/airflow/example_dags/tutorial_taskflow_api.py
[2026-05-03T00:38:35.328+0000] {processor.py:830} INFO - Processing file /home/airflow/.local/lib/python3.8/site-packages/airflow/example_dags/tutorial_taskflow_api.py for tasks to queue
[2026-05-03T00:38:35.330+0000] {logging_mixin.py:188} INFO - [2026-05-03T00:38:35.330+0000] {dagbag.py:540} INFO - Filling up the DagBag from /home/airflow/.local/lib/python3.8/site-packages/airflow/example_dags/tutorial_taskflow_api.py
[2026-05-03T00:38:35.335+0000] {processor.py:840} INFO - DAG(s) 'tutorial_taskflow_api' retrieved from /home/airflow/.local/lib/python3.8/site-packages/airflow/example_dags/tutorial_taskflow_api.py
[2026-05-03T00:38:35.352+0000] {logging_mixin.py:188} INFO - [2026-05-03T00:38:35.352+0000] {dag.py:3047} INFO - Sync 1 DAGs
[2026-05-03T00:38:35.361+0000] {logging_mixin.py:188} INFO - [2026-05-03T00:38:35.361+0000] {dag.py:3834} INFO - Setting next_dagrun for tutorial_taskflow_api to None, run_after=None
[2026-05-03T00:38:35.373+0000] {processor.py:183} INFO - Processing /home/airflow/.local/lib/python3.8/site-packages/airflow/example_dags/tutorial_taskflow_api.py took 0.048 seconds
[2026-05-03T00:39:05.648+0000] {processor.py:161} INFO - Started process (PID=4309) to work on /home/airflow/.local/lib/python3.8/site-packages/airflow/example_dags/tutorial_taskflow_api.py
[2026-05-03T00:39:05.651+0000] {processor.py:830} INFO - Processing file /home/airflow/.local/lib/python3.8/site-packages/airflow/example_dags/tutorial_taskflow_api.py for tasks to queue
[2026-05-03T00:39:05.653+0000] {logging_mixin.py:188} INFO - [2026-05-03T00:39:05.653+0000] {dagbag.py:540} INFO - Filling up the DagBag from /home/airflow/.local/lib/python3.8/site-packages/airflow/example_dags/tutorial_taskflow_api.py
[2026-05-03T00:39:05.662+0000] {processor.py:840} INFO - DAG(s) 'tutorial_taskflow_api' retrieved from /home/airflow/.local/lib/python3.8/site-packages/airflow/example_dags/tutorial_taskflow_api.py
[2026-05-03T00:39:05.681+0000] {logging_mixin.py:188} INFO - [2026-05-03T00:39:05.681+0000] {dag.py:3047} INFO - Sync 1 DAGs
[2026-05-03T00:39:05.693+0000] {logging_mixin.py:188} INFO - [2026-05-03T00:39:05.693+0000] {dag.py:3834} INFO - Setting next_dagrun for tutorial_taskflow_api to None, run_after=None
[2026-05-03T00:39:05.710+0000] {processor.py:183} INFO - Processing /home/airflow/.local/lib/python3.8/site-packages/airflow/example_dags/tutorial_taskflow_api.py took 0.067 seconds
[2026-05-03T00:39:36.315+0000] {processor.py:161} INFO - Started process (PID=4365) to work on /home/airflow/.local/lib/python3.8/site-packages/airflow/example_dags/tutorial_taskflow_api.py
[2026-05-03T00:39:36.318+0000] {processor.py:830} INFO - Processing file /home/airflow/.local/lib/python3.8/site-packages/airflow/example_dags/tutorial_taskflow_api.py for tasks to queue
[2026-05-03T00:39:36.321+0000] {logging_mixin.py:188} INFO - [2026-05-03T00:39:36.320+0000] {dagbag.py:540} INFO - Filling up the DagBag from /home/airflow/.local/lib/python3.8/site-packages/airflow/example_dags/tutorial_taskflow_api.py
[2026-05-03T00:39:36.328+0000] {processor.py:840} INFO - DAG(s) 'tutorial_taskflow_api' retrieved from /home/airflow/.local/lib/python3.8/site-packages/airflow/example_dags/tutorial_taskflow_api.py
[2026-05-03T00:39:36.350+0000] {logging_mixin.py:188} INFO - [2026-05-03T00:39:36.350+0000] {dag.py:3047} INFO - Sync 1 DAGs
[2026-05-03T00:39:36.364+0000] {logging_mixin.py:188} INFO - [2026-05-03T00:39:36.364+0000] {dag.py:3834} INFO - Setting next_dagrun for tutorial_taskflow_api to None, run_after=None
[2026-05-03T00:39:36.383+0000] {processor.py:183} INFO - Processing /home/airflow/.local/lib/python3.8/site-packages/airflow/example_dags/tutorial_taskflow_api.py took 0.072 seconds
